<testsuites tests="611" failures="48" disabled="45" time="10855.699937">


    (?i)integration


    <testsuite tests="18" time="36.873161" errors="17" failures="0" skipped="0" timestamp="2017-12-05 13:04:46Z"
               name="Join.Form.Customer.Selenium.dll.Join.Form.Customer.Selenium.Features._01_IntroductionPageFeature.">
        <testcase name="INTRO_09_VerifyIntroductionPageForCleverKash" assertions="23" time="36.377318" status="Passed"
                  classname="Join.Form.Customer.Selenium.Features._01_IntroductionPageFeature">

            <system-out>Given I start my Streamline application
                Navigating to URL: https://webappisamdev.asbbank.co.nz/public/join/asb/?grcDisabled=true
                -&gt; done: CommonSteps.GivenIStartMyStreamlineApplication() (0.7s)
                Given I am in the Clever Kash Introduction page
                Navigating to URL: https://webappisamdev.asbbank.co.nz/public/join/cleverkash/?grcDisabled=true
                -&gt; done: CommonSteps.GivenIAmInTheCleverKashIntroductionPage() (0.4s)
                And I am in the Introduction page
                12/6/2017 2:04:50 AMWaitForFeaturesPageLoad: Executing WaitForFrameAndSwitch
                12/6/2017 2:04:51 AMWaitForFeaturesPageLoad: Done executing WaitForFrameAndSwitch
                -&gt; done: IntroductionPageSteps.GivenIAmInTheIntroductionPage() (20.2s)
                Then the header image is displayed
                -&gt; done: IntroductionPageSteps.ThenTheHeaderImageIsDisplayed() (0.1s)
                And the Introduction heading and info text is displayed
                -&gt; done: IntroductionPageSteps.ThenTheIntroductionHeadingAndInfoTextIsDisplayed() (0.1s)
                And the It's easy to join section for Clever Kash is not displayed
                -&gt; done: IntroductionPageSteps.ThenTheItSEasyToJoinSectionForCleverKashIsNotDisplayed() (10.2s)
                And the Before you start section is displayed
                -&gt; done: IntroductionPageSteps.ThenTheBeforeYouStartSectionIsDisplayed() (0.2s)
                And the 'Over 18' tri-state controls has no default selection
                -&gt; done: IntroductionPageSteps.ThenTheTriStateControlsHasNoDefaultSelection("Over 18") (0.1s)
                And the 'NZ Resident' tri-state controls has no default selection
                -&gt; done: IntroductionPageSteps.ThenTheTriStateControlsHasNoDefaultSelection("NZ Resident") (0.1s)
                And the footer elements are displayed
                -&gt; done: IntroductionPageSteps.ThenTheFooterElementsAreDisplayed() (0.3s)
            </system-out>
        </testcase>
    </testsuite>
    <testsuite tests="8" time="21.298182" errors="7" failures="0" skipped="0" timestamp="2017-12-05 13:05:23Z"
               name="Join.Form.Customer.Selenium.dll.Join.Form.Customer.Selenium.Features._02_ProductsPageFeature.">
        <testcase name="PRODUCTS_01_VerifyUI_SelectProductsPage" assertions="18" time="21.294836" status="Passed"
                  classname="Join.Form.Customer.Selenium.Features._02_ProductsPageFeature">

            <system-out>Given I start my Streamline application
                Navigating to URL: https://webappisamdev.asbbank.co.nz/public/join/asb/?grcDisabled=true
                -&gt; done: CommonSteps.GivenIStartMyStreamlineApplication() (0.5s)
                Given I am in the Select Products page
                12/6/2017 2:05:35 AMWaitForFeaturesPageLoad: Executing WaitForFrameAndSwitch
                12/6/2017 2:05:35 AMWaitForFeaturesPageLoad: Done executing WaitForFrameAndSwitch
                -&gt; done: ProductsPageSteps.GivenIAmInTheSelectProductsPage() (14.7s)
                Then the Streamline transaction account details are displayed
                -&gt; done: ProductsPageSteps.ThenTheStreamlineTransactionAccountDetailsAreDisplayed() (0.2s)
                And the 'ASB Visa Debit Streamline Intro' details are displayed with preselected checkbox
                -&gt; done: ProductsPageSteps.ThenTheIsPreselected("ASB Visa Debit St...") (0.2s)
                And the 'FastSaver' account details are displayed with an unselected checkbox
                Unable to find product 'FastSaver' in page or product 'FastSaver' is not selected
                -&gt; done: ProductsPageSteps.ThenTheAccountDetailsAreDisplayedWithAnUnselectedCheckbox("FastSaver")
                (1.2s)
                And the 'Savings On Call' account details are displayed with an unselected checkbox
                Unable to find product 'Savings On Call' in page or product 'Savings On Call' is not selected
                -&gt; done: ProductsPageSteps.ThenTheAccountDetailsAreDisplayedWithAnUnselectedCheckbox("Savings On
                Call") (1.2s)
                And the products disclaimer is displayed
                -&gt; done: ProductsPageSteps.ThenTheProductsDisclaimerIsDisplayed() (0.1s)
            </system-out>
        </testcase>
    </testsuite>
    <testsuite tests="35" time="65.181189" errors="33" failures="0" skipped="0" timestamp="2017-12-05 13:05:44Z"
               name="Join.Form.Customer.Selenium.dll.Join.Form.Customer.Selenium.Features._03_PersonalDetailsFeature.">
        <testcase name="PDETAILS_14_SearchAndSelectStandardAddress" assertions="2" time="36.098346" status="Passed"
                  classname="Join.Form.Customer.Selenium.Features._03_PersonalDetailsFeature">

            <system-out>Given I start my Streamline application
                Navigating to URL: https://webappisamdev.asbbank.co.nz/public/join/asb/?grcDisabled=true
                -&gt; done: CommonSteps.GivenIStartMyStreamlineApplication() (0.8s)
                Given I am in the Personal Details page
                12/6/2017 2:05:56 AMWaitForFeaturesPageLoad: Executing WaitForFrameAndSwitch
                12/6/2017 2:05:56 AMWaitForFeaturesPageLoad: Done executing WaitForFrameAndSwitch
                Unable to find product 'Savings On Call' in page or product 'Savings On Call' is not selected
                Unable to find product 'FastSaver' in page or product 'FastSaver' is not selected
                -&gt; done: PersonalDetailsSteps.GivenIAmInThePersonalDetailsPage() (13.1s)
                When I search and select '12 Lake Road, Kaitaia' as 'Standard' address
                -&gt; done: PersonalDetailsSteps.WhenISearchAndSelectAsAddress("12 Lake Road, Kai...", "Standard")
                (18.4s)
                Then my 'Standard' address is displayed
                -&gt; done: PersonalDetailsSteps.ThenMyAddressIsDisplayed("Standard") (0.3s)
            </system-out>
        </testcase>
        <testcase name="PDETAILS_15_SearchAndSelectRuralDeliveryAddress" assertions="2" time="29.043784" status="Passed"
                  classname="Join.Form.Customer.Selenium.Features._03_PersonalDetailsFeature">

            <system-out>Given I start my Streamline application
                Navigating to URL: https://webappisamdev.asbbank.co.nz/public/join/asb/?grcDisabled=true
                -&gt; done: CommonSteps.GivenIStartMyStreamlineApplication() (0.5s)
                Given I am in the Personal Details page
                12/6/2017 2:06:32 AMWaitForFeaturesPageLoad: Executing WaitForFrameAndSwitch
                12/6/2017 2:06:32 AMWaitForFeaturesPageLoad: Done executing WaitForFrameAndSwitch
                Unable to find product 'Savings On Call' in page or product 'Savings On Call' is not selected
                Unable to find product 'FastSaver' in page or product 'FastSaver' is not selected
                -&gt; done: PersonalDetailsSteps.GivenIAmInThePersonalDetailsPage() (13.2s)
                When I search and select '21 Greens Road, RD 1, Kaiapoi' as 'Rural Delivery' address
                -&gt; done: PersonalDetailsSteps.WhenISearchAndSelectAsAddress("21 Greens Road, R...", "Rural Delivery")
                (14.0s)
                Then my 'Rural Delivery' address is displayed
                -&gt; done: PersonalDetailsSteps.ThenMyAddressIsDisplayed("Rural Delivery") (0.2s)
            </system-out>
        </testcase>
    </testsuite>
    <testsuite tests="95" time="43.767088" errors="94" failures="0" skipped="0" timestamp="2017-12-05 13:06:50Z"
               name="Join.Form.Customer.Selenium.dll.Join.Form.Customer.Selenium.Features._04_TaxDetailsFeature.">
        <testcase name="TAXINFO_27_TINNumberAddCoTR" assertions="30" time="43.756889" status="Passed"
                  classname="Join.Form.Customer.Selenium.Features._04_TaxDetailsFeature">

            <system-out>Given I start my Streamline application
                Navigating to URL: https://webappisamdev.asbbank.co.nz/public/join/asb/?grcDisabled=true
                -&gt; done: CommonSteps.GivenIStartMyStreamlineApplication() (0.7s)
                And I am in the Personal Details page
                12/6/2017 2:07:01 AMWaitForFeaturesPageLoad: Executing WaitForFrameAndSwitch
                12/6/2017 2:07:02 AMWaitForFeaturesPageLoad: Done executing WaitForFrameAndSwitch
                Unable to find product 'Savings On Call' in page or product 'Savings On Call' is not selected
                Unable to find product 'FastSaver' in page or product 'FastSaver' is not selected
                -&gt; done: PersonalDetailsSteps.GivenIAmInThePersonalDetailsPage() (13.3s)
                Given I enter all required details in the Personal details page and clicks on Next button:
                --- table step argument ---
                | Title | FirstName | MiddleName | LastName | DateOfBirth | Email | MobileNumber | CountriesCitizenship
                | PreferredIdType |
                | Miss | Automation | | FYICOB | 16 March 1978 | cob2016@asb.co.nz | 021-1234567890 | New Zealand |
                Other |
                -&gt; done: PersonalDetailsSteps.WhenIEnterAllRequiredDetailsForPersonalDetailsPage(&lt;table&gt;)
                (17.8s)
                Then the Tax Details page is displayed
                -&gt; done: AdditionalPersonalDetailsSteps.GivenIAmInTheTaxInformationPage() (0.0s)
                When I select 'Yes' in the Are you currently a New Zealand tax resident question
                -&gt; done: AdditionalPersonalDetailsSteps.WhenISelectInTheAreYouANewZealandTaxResidentQuestion("Yes")
                (0.2s)
                And I select 'Yes' in the Foreign tax resident question
                -&gt; done: AdditionalPersonalDetailsSteps.WhenISelectInTheForeignTaxResidentQuestion("Yes") (0.2s)
                And I click Add a country button
                -&gt; done: AdditionalPersonalDetailsSteps.WhenIClickAddACountryButton() (0.2s)
                Then the add CoTR takeover 'is' displayed
                -&gt; done: AdditionalPersonalDetailsSteps.ThenTheAddCoTRTakeoverDisplayed("is") (0.2s)
                When I select the country 'Australia' in the Countries where you have Foreign Tax Residence dropdown
                -&gt; done:
                AdditionalPersonalDetailsSteps.WhenISelectTheCountryInTheCountriesWhereYouHaveForeignTaxResidenceDropdown("Australia")
                (0.3s)
                Then the Foreign Tax Number field 'is' displayed
                -&gt; done: AdditionalPersonalDetailsSteps.ThenTheForeignTaxNumberFieldDisplayed("is") (0.1s)
                And the Where can I find this number? link opens in a new window
                -&gt; done: AdditionalPersonalDetailsSteps.ThenTheWhereCanIFindThisNumberLinkOpensInANewWindow() (1.6s)
                And the following blacklisted TINs are not accepted in Foreign Tax Number field
                --- table step argument ---
                | tin |
                | n/a |
                | na |
                | n.a |
                | n.a. |
                | n a |
                | tbd |
                | t.b.d |
                | t.b.d. |
                | t b d |
                | tbc |
                | t.b.c |
                | t.b.c. |
                | t b c |
                | unknown |
                | - |
                | -- |
                | --- |
                | ---- |
                | ----- |
                | none |
                | non |
                | don't know |
                | do not know |
                | &lt;&gt; |
                -&gt; done:
                AdditionalPersonalDetailsSteps.ThenTheFollowingBlacklistedTINsAreNotAcceptedInForeignTaxNumberField(&lt;table&gt;)
                (5.9s)
            </system-out>
        </testcase>
    </testsuite>


    <testsuite tests="4" time="125.639586" errors="0" failures="0" skipped="0" timestamp="2017-12-05 13:07:33Z"
               name="Join.Form.Customer.Selenium.dll.Join.Form.Customer.Selenium.Features._05_ASBLoginPageFeature.LOGIN_02_VerifyUsernameGeneration.">
        <testcase
                name="LOGIN_02_VerifyUsernameGeneration(&quot;Update all&quot;,&quot;new First&quot;,&quot;new Last&quot;,&quot;true&quot;,null)"
                assertions="7" time="33.797700" status="Passed"
                classname="Join.Form.Customer.Selenium.Features._05_ASBLoginPageFeature">

            <system-out>Given I start my Streamline application
                Navigating to URL: https://webappisamdev.asbbank.co.nz/public/join/asb/?grcDisabled=true
                -&gt; done: CommonSteps.GivenIStartMyStreamlineApplication() (0.9s)
                And I am in the Personal Details page
                12/6/2017 2:07:45 AMWaitForFeaturesPageLoad: Executing WaitForFrameAndSwitch
                12/6/2017 2:07:45 AMWaitForFeaturesPageLoad: Done executing WaitForFrameAndSwitch
                Unable to find product 'Savings On Call' in page or product 'Savings On Call' is not selected
                Unable to find product 'FastSaver' in page or product 'FastSaver' is not selected
                -&gt; done: PersonalDetailsSteps.GivenIAmInThePersonalDetailsPage() (13.1s)
                And I enter all required details in the Personal details page and clicks on Next button:
                --- table step argument ---
                | Title | FirstName | MiddleName | LastName | DateOfBirth | Email | MobileNumber | CountriesCitizenship
                | PreferredIdType |
                | Miss | Mary | Middle | Thomas | 16 March 1978 | cob2016@asb.co.nz | 021-1234567890 | New Zealand |
                Other |
                -&gt; done: PersonalDetailsSteps.WhenIEnterAllRequiredDetailsForPersonalDetailsPage(&lt;table&gt;)
                (12.4s)
                And I enter mandatory Tax Information for NZ citizen and clicks on Next button
                -&gt; done: AdditionalPersonalDetailsSteps.GivenIEnterMandatoryTaxInformationForNZCitizen() (0.6s)
                Given I am in the ASB Login page
                -&gt; done: ASBLoginPageSteps.GivenIAmInTheASBLoginPage() (0.8s)
                And the generated username is displayed
                -&gt; done: ASBLoginPageSteps.GivenTheGeneratedUsernameIsDisplayed() (0.5s)
                When I click on 'Previous' button
                -&gt; done: CommonSteps.WhenIClickOnButton("Previous") (0.1s)
                And I click on 'Previous' button
                -&gt; done: CommonSteps.WhenIClickOnButton("Previous") (0.2s)
                And the 'Personal Details' screen of Join ASB page is displayed
                -&gt; done: CommonSteps.ThenTheScreenOfJoinASBPageIsDisplayed("Personal Details") (0.1s)
                And I enter my Firstname as 'new First' and Lastname as 'new Last'
                -&gt; done: PersonalDetailsSteps.WhenIEnterMyFirstnameAsAndLastnameAs("new First", "new Last") (1.6s)
                And I click on 'Next' button
                -&gt; done: CommonSteps.WhenIClickOnButton("Next") (0.1s)
                And I click on 'Next' button
                -&gt; done: CommonSteps.WhenIClickOnButton("Next") (0.1s)
                And the 'ASB Login' screen of Join ASB page is displayed
                -&gt; done: CommonSteps.ThenTheScreenOfJoinASBPageIsDisplayed("ASB Login") (0.1s)
                Then I expect my username to be 'true'
                -&gt; done: ASBLoginPageSteps.ThenIExpectMyUsernameToBe(True) (0.3s)
            </system-out>
        </testcase>
        <testcase
                name="LOGIN_02_VerifyUsernameGeneration(&quot;No change&quot;,&quot;same&quot;,&quot;same&quot;,&quot;false&quot;,null)"
                assertions="5" time="28.387725" status="Passed"
                classname="Join.Form.Customer.Selenium.Features._05_ASBLoginPageFeature">

            <system-out>Given I start my Streamline application
                Navigating to URL: https://webappisamdev.asbbank.co.nz/public/join/asb/?grcDisabled=true
                -&gt; done: CommonSteps.GivenIStartMyStreamlineApplication() (0.5s)
                And I am in the Personal Details page
                12/6/2017 2:08:19 AMWaitForFeaturesPageLoad: Executing WaitForFrameAndSwitch
                12/6/2017 2:08:19 AMWaitForFeaturesPageLoad: Done executing WaitForFrameAndSwitch
                Unable to find product 'Savings On Call' in page or product 'Savings On Call' is not selected
                Unable to find product 'FastSaver' in page or product 'FastSaver' is not selected
                -&gt; done: PersonalDetailsSteps.GivenIAmInThePersonalDetailsPage() (13.1s)
                And I enter all required details in the Personal details page and clicks on Next button:
                --- table step argument ---
                | Title | FirstName | MiddleName | LastName | DateOfBirth | Email | MobileNumber | CountriesCitizenship
                | PreferredIdType |
                | Miss | Mary | Middle | Thomas | 16 March 1978 | cob2016@asb.co.nz | 021-1234567890 | New Zealand |
                Other |
                -&gt; done: PersonalDetailsSteps.WhenIEnterAllRequiredDetailsForPersonalDetailsPage(&lt;table&gt;)
                (11.9s)
                And I enter mandatory Tax Information for NZ citizen and clicks on Next button
                -&gt; done: AdditionalPersonalDetailsSteps.GivenIEnterMandatoryTaxInformationForNZCitizen() (0.5s)
                Given I am in the ASB Login page
                -&gt; done: ASBLoginPageSteps.GivenIAmInTheASBLoginPage() (0.3s)
                And the generated username is displayed
                -&gt; done: ASBLoginPageSteps.GivenTheGeneratedUsernameIsDisplayed() (0.3s)
                When I click on 'Previous' button
                -&gt; done: CommonSteps.WhenIClickOnButton("Previous") (0.1s)
                And I click on 'Previous' button
                -&gt; done: CommonSteps.WhenIClickOnButton("Previous") (0.2s)
                And the 'Personal Details' screen of Join ASB page is displayed
                -&gt; done: CommonSteps.ThenTheScreenOfJoinASBPageIsDisplayed("Personal Details") (0.0s)
                And I enter my Firstname as 'same' and Lastname as 'same'
                -&gt; done: PersonalDetailsSteps.WhenIEnterMyFirstnameAsAndLastnameAs("same", "same") (0.0s)
                And I click on 'Next' button
                -&gt; done: CommonSteps.WhenIClickOnButton("Next") (0.1s)
                And I click on 'Next' button
                -&gt; done: CommonSteps.WhenIClickOnButton("Next") (0.1s)
                And the 'ASB Login' screen of Join ASB page is displayed
                -&gt; done: CommonSteps.ThenTheScreenOfJoinASBPageIsDisplayed("ASB Login") (0.0s)
                Then I expect my username to be 'false'
                -&gt; done: ASBLoginPageSteps.ThenIExpectMyUsernameToBe(False) (0.1s)
            </system-out>
        </testcase>
        <testcase
                name="LOGIN_02_VerifyUsernameGeneration(&quot;Update Firstname&quot;,&quot;new First&quot;,&quot;same&quot;,&quot;true&quot;,null)"
                assertions="7" time="31.917775" status="Passed"
                classname="Join.Form.Customer.Selenium.Features._05_ASBLoginPageFeature">

            <system-out>Given I start my Streamline application
                Navigating to URL: https://webappisamdev.asbbank.co.nz/public/join/asb/?grcDisabled=true
                -&gt; done: CommonSteps.GivenIStartMyStreamlineApplication() (0.7s)
                And I am in the Personal Details page
                12/6/2017 2:08:47 AMWaitForFeaturesPageLoad: Executing WaitForFrameAndSwitch
                12/6/2017 2:08:47 AMWaitForFeaturesPageLoad: Done executing WaitForFrameAndSwitch
                Unable to find product 'Savings On Call' in page or product 'Savings On Call' is not selected
                Unable to find product 'FastSaver' in page or product 'FastSaver' is not selected
                -&gt; done: PersonalDetailsSteps.GivenIAmInThePersonalDetailsPage() (13.1s)
                And I enter all required details in the Personal details page and clicks on Next button:
                --- table step argument ---
                | Title | FirstName | MiddleName | LastName | DateOfBirth | Email | MobileNumber | CountriesCitizenship
                | PreferredIdType |
                | Miss | Mary | Middle | Thomas | 16 March 1978 | cob2016@asb.co.nz | 021-1234567890 | New Zealand |
                Other |
                -&gt; done: PersonalDetailsSteps.WhenIEnterAllRequiredDetailsForPersonalDetailsPage(&lt;table&gt;)
                (12.0s)
                And I enter mandatory Tax Information for NZ citizen and clicks on Next button
                -&gt; done: AdditionalPersonalDetailsSteps.GivenIEnterMandatoryTaxInformationForNZCitizen() (0.6s)
                Given I am in the ASB Login page
                -&gt; done: ASBLoginPageSteps.GivenIAmInTheASBLoginPage() (0.2s)
                And the generated username is displayed
                -&gt; done: ASBLoginPageSteps.GivenTheGeneratedUsernameIsDisplayed() (0.2s)
                When I click on 'Previous' button
                -&gt; done: CommonSteps.WhenIClickOnButton("Previous") (0.1s)
                And I click on 'Previous' button
                -&gt; done: CommonSteps.WhenIClickOnButton("Previous") (0.2s)
                And the 'Personal Details' screen of Join ASB page is displayed
                -&gt; done: CommonSteps.ThenTheScreenOfJoinASBPageIsDisplayed("Personal Details") (0.1s)
                And I enter my Firstname as 'new First' and Lastname as 'same'
                -&gt; done: PersonalDetailsSteps.WhenIEnterMyFirstnameAsAndLastnameAs("new First", "same") (0.9s)
                And I click on 'Next' button
                -&gt; done: CommonSteps.WhenIClickOnButton("Next") (0.1s)
                And I click on 'Next' button
                -&gt; done: CommonSteps.WhenIClickOnButton("Next") (0.1s)
                And the 'ASB Login' screen of Join ASB page is displayed
                -&gt; done: CommonSteps.ThenTheScreenOfJoinASBPageIsDisplayed("ASB Login") (0.1s)
                Then I expect my username to be 'true'
                -&gt; done: ASBLoginPageSteps.ThenIExpectMyUsernameToBe(True) (0.2s)
            </system-out>
        </testcase>
        <testcase
                name="LOGIN_02_VerifyUsernameGeneration(&quot;Update Lastname&quot;,&quot;same&quot;,&quot;new Last&quot;,&quot;true&quot;,null)"
                assertions="7" time="31.492808" status="Passed"
                classname="Join.Form.Customer.Selenium.Features._05_ASBLoginPageFeature">

            <system-out>Given I start my Streamline application
                Navigating to URL: https://webappisamdev.asbbank.co.nz/public/join/asb/?grcDisabled=true
                -&gt; done: CommonSteps.GivenIStartMyStreamlineApplication() (0.6s)
                And I am in the Personal Details page
                12/6/2017 2:09:19 AMWaitForFeaturesPageLoad: Executing WaitForFrameAndSwitch
                12/6/2017 2:09:19 AMWaitForFeaturesPageLoad: Done executing WaitForFrameAndSwitch
                Unable to find product 'Savings On Call' in page or product 'Savings On Call' is not selected
                Unable to find product 'FastSaver' in page or product 'FastSaver' is not selected
                -&gt; done: PersonalDetailsSteps.GivenIAmInThePersonalDetailsPage() (13.0s)
                And I enter all required details in the Personal details page and clicks on Next button:
                --- table step argument ---
                | Title | FirstName | MiddleName | LastName | DateOfBirth | Email | MobileNumber | CountriesCitizenship
                | PreferredIdType |
                | Miss | Mary | Middle | Thomas | 16 March 1978 | cob2016@asb.co.nz | 021-1234567890 | New Zealand |
                Other |
                -&gt; done: PersonalDetailsSteps.WhenIEnterAllRequiredDetailsForPersonalDetailsPage(&lt;table&gt;)
                (11.8s)
                And I enter mandatory Tax Information for NZ citizen and clicks on Next button
                -&gt; done: AdditionalPersonalDetailsSteps.GivenIEnterMandatoryTaxInformationForNZCitizen() (0.6s)
                Given I am in the ASB Login page
                -&gt; done: ASBLoginPageSteps.GivenIAmInTheASBLoginPage() (0.2s)
                And the generated username is displayed
                -&gt; done: ASBLoginPageSteps.GivenTheGeneratedUsernameIsDisplayed() (0.2s)
                When I click on 'Previous' button
                -&gt; done: CommonSteps.WhenIClickOnButton("Previous") (0.1s)
                And I click on 'Previous' button
                -&gt; done: CommonSteps.WhenIClickOnButton("Previous") (0.2s)
                And the 'Personal Details' screen of Join ASB page is displayed
                -&gt; done: CommonSteps.ThenTheScreenOfJoinASBPageIsDisplayed("Personal Details") (0.1s)
                And I enter my Firstname as 'same' and Lastname as 'new Last'
                -&gt; done: PersonalDetailsSteps.WhenIEnterMyFirstnameAsAndLastnameAs("same", "new Last") (1.1s)
                And I click on 'Next' button
                -&gt; done: CommonSteps.WhenIClickOnButton("Next") (0.1s)
                And I click on 'Next' button
                -&gt; done: CommonSteps.WhenIClickOnButton("Next") (0.1s)
                And the 'ASB Login' screen of Join ASB page is displayed
                -&gt; done: CommonSteps.ThenTheScreenOfJoinASBPageIsDisplayed("ASB Login") (0.2s)
                Then I expect my username to be 'true'
                -&gt; done: ASBLoginPageSteps.ThenIExpectMyUsernameToBe(True) (0.3s)
            </system-out>
        </testcase>
    </testsuite>

    <testsuite tests="42" time="368.912917" errors="41" failures="1" skipped="0" timestamp="2017-12-05 13:09:39Z"
               name="Join.Form.Customer.Selenium.dll.Join.Form.Customer.Selenium.Features._06_SummaryPageFeature.">
        <testcase name="SUMMARY_09_VerifyThePageBehaviourWhenTheUserClicksOnConfirmButton" assertions="2"
                  time="368.893912" status="Failed"
                  classname="Join.Form.Customer.Selenium.Features._06_SummaryPageFeature">

            <failure
                    message="System.Exception : no such element: Unable to locate element: {&quot;method&quot;:&quot;css selector&quot;,&quot;selector&quot;:&quot;#loggingYouIn&quot;}&#10;  (Session info: chrome=60.0.3112.78)&#10;  (Driver info: chromedriver=2.29.461591 (62ebf098771772160f391d75e589dc567915b233),platform=Windows NT 6.3.9600 x86_64)&#10;  ----&gt; OpenQA.Selenium.NoSuchElementException : no such element: Unable to locate element: {&quot;method&quot;:&quot;css selector&quot;,&quot;selector&quot;:&quot;#loggingYouIn&quot;}&#10;  (Session info: chrome=60.0.3112.78)&#10;  (Driver info: chromedriver=2.29.461591 (62ebf098771772160f391d75e589dc567915b233),platform=Windows NT 6.3.9600 x86_64)">
                at ASB.Test.Automation.Utils.Retry.Retry.Execute(Func`1 function, Int32 retryInterval, Int32 retryCount,
                String exceptionMessage)
                at
                Join.Form.Customer.Selenium.StepDefinitions.ConfirmationPageSteps.ThenTheLoggingYouInProgressPageIsDisplayed()
                at TechTalk.SpecFlow.Bindings.BindingInvoker.InvokeBinding(IBinding binding, IContextManager
                contextManager, Object[] arguments, ITestTracer testTracer, TimeSpan&amp; duration)
                at TechTalk.SpecFlow.Infrastructure.TestExecutionEngine.ExecuteStepMatch(BindingMatch match, Object[]
                arguments)
                at TechTalk.SpecFlow.Infrastructure.TestExecutionEngine.ExecuteStep(StepInstance stepInstance)
                at TechTalk.SpecFlow.Infrastructure.TestExecutionEngine.OnAfterLastStep()
                at Join.Form.Customer.Selenium.Features._06_SummaryPageFeature.ScenarioCleanup()
                at
                Join.Form.Customer.Selenium.Features._06_SummaryPageFeature.SUMMARY_09_VerifyThePageBehaviourWhenTheUserClicksOnConfirmButton()
                --NoSuchElementException
                at OpenQA.Selenium.Remote.RemoteWebDriver.UnpackAndThrowOnError(Response errorResponse)
                at OpenQA.Selenium.Remote.RemoteWebDriver.Execute(String driverCommandToExecute, Dictionary`2
                parameters)
                at OpenQA.Selenium.Remote.RemoteWebDriver.FindElement(String mechanism, String value)
                at Join.Form.Customer.Selenium.Pages.FeaturesPage.IsPageActive(String pageName, IWebDriver driver)
                at Join.Form.Customer.Selenium.StepDefinitions.ConfirmationPageSteps.&lt;ThenTheLoggingYouInProgressPageIsDisplayed&gt;b__9_0()
                at ASB.Test.Automation.Utils.Retry.Retry.Execute(Func`1 function, Int32 retryInterval, Int32 retryCount,
                String exceptionMessage)
            </failure>
            <system-out>Given I start my Streamline application
                Navigating to URL: https://webappisamdev.asbbank.co.nz/public/join/asb/?grcDisabled=true
                -&gt; done: CommonSteps.GivenIStartMyStreamlineApplication() (0.6s)
                And I am in the Personal Details page
                12/6/2017 2:09:51 AMWaitForFeaturesPageLoad: Executing WaitForFrameAndSwitch
                12/6/2017 2:09:51 AMWaitForFeaturesPageLoad: Done executing WaitForFrameAndSwitch
                Unable to find product 'Savings On Call' in page or product 'Savings On Call' is not selected
                Unable to find product 'FastSaver' in page or product 'FastSaver' is not selected
                -&gt; done: PersonalDetailsSteps.GivenIAmInThePersonalDetailsPage() (13.1s)
                And I enter all required details in the Personal details page and clicks on Next button:
                --- table step argument ---
                | Title | FirstName | MiddleName | LastName | DateOfBirth | Email | MobileNumber | CountriesCitizenship
                | PreferredIdType |
                | Miss | Automation | Middle | RANDOM | 16 March 1978 | cob2016@asb.co.nz | 021-1234567890 | New Zealand
                | Other |
                -&gt; done: PersonalDetailsSteps.WhenIEnterAllRequiredDetailsForPersonalDetailsPage(&lt;table&gt;)
                (12.8s)
                And I enter mandatory Tax Information for NZ citizen and clicks on Next button
                -&gt; done: AdditionalPersonalDetailsSteps.GivenIEnterMandatoryTaxInformationForNZCitizen() (0.5s)
                And I enter 'Kiwi77nz' password and 'MyCode01' verbal password in the ASB Login page and clicks on Next
                button
                -&gt; done:
                ASBLoginPageSteps.WhenIEnterPasswordAndVerbalPasswordInTheASBLoginPageAndClicksOnNextButton("Kiwi77nz",
                "MyCode01") (1.2s)
                Given I am in the Summary page
                -&gt; done: SummaryPageSteps.GivenIAmInTheSummaryPage() (0.1s)
                When I 'mark' the I agree to the Terms and Conditions checkbox
                -&gt; done: SummaryPageSteps.WhenITheIAgreeCheckbox("mark") (1.1s)
                And I 'mark' the I agree to the Background Address verification checkbox
                -&gt; done: SummaryPageSteps.WhenITheIAgreeToTheBackgroundAddressVerificationCheckbox("mark") (1.1s)
                And I click on 'Confirm' button
                -&gt; done: CommonSteps.WhenIClickOnButton("Confirm") (0.1s)
                Then the 'Processing' screen of Join ASB page is displayed
                -&gt; done: CommonSteps.ThenTheScreenOfJoinASBPageIsDisplayed("Processing") (0.0s)
                And the Logging you in progress page is displayed
                -&gt; error: no such element: Unable to locate element: {"method":"css
                selector","selector":"#loggingYouIn"}
                (Session info: chrome=60.0.3112.78)
                (Driver info: chromedriver=2.29.461591 (62ebf098771772160f391d75e589dc567915b233),platform=Windows NT
                6.3.9600 x86_64)
                And the Activation page is displayed
                -&gt; skipped because of previous errors
            </system-out>
        </testcase>
    </testsuite>
    <testsuite tests="12" time="295.639593" errors="6" failures="1" skipped="0" timestamp="2017-12-05 13:15:48Z"
               name="Join.Form.Customer.Selenium.dll.Join.Form.Customer.Selenium.Features._07_ConfirmationFeature.">
        <testcase name="CNFM_01_VerifyConfirmationScreen_BadCustomerCheckBlock" assertions="19" time="44.275422"
                  status="Passed" classname="Join.Form.Customer.Selenium.Features._07_ConfirmationFeature">

            <system-out>Given I start my Streamline application
                Navigating to URL: https://webappisamdev.asbbank.co.nz/public/join/asb/?grcDisabled=true
                -&gt; done: CommonSteps.GivenIStartMyStreamlineApplication() (0.6s)
                Given I select the following products: 'Streamline intro, ASB Visa Debit Streamline Intro'
                12/6/2017 2:16:00 AMWaitForFeaturesPageLoad: Executing WaitForFrameAndSwitch
                12/6/2017 2:16:00 AMWaitForFeaturesPageLoad: Done executing WaitForFrameAndSwitch
                Unable to find product 'FastSaver' in page or product 'FastSaver' is not selected
                Unable to find product 'Savings On Call' in page or product 'Savings On Call' is not selected
                Unable to find product 'Savings On Call' in page or product 'Savings On Call' is not selected
                Unable to find product 'FastSaver' in page or product 'FastSaver' is not selected
                -&gt; done: ProductsPageSteps.WhenIChangeMySelectedProductsTo("Streamline intro,...") (15.1s)
                And I enter all required details and navigate to Summary page
                --- table step argument ---
                | Title | FirstName | MiddleName | LastName | DateOfBirth | Email | MobileNumber | CountriesCitizenship
                | PreferredIdType | Password | VerbalPassword |
                | Mr | Michael | Sam | Wayne | 1 June 1983 | cob2016@asb.co.nz | 021-RANDOM | New Zealand | Other |
                Kiwi77nz | MyCode01 |
                Given I enter mandatory Tax Information for NZ citizen and clicks on Next button
                -&gt; done: AdditionalPersonalDetailsSteps.GivenIEnterMandatoryTaxInformationForNZCitizen() (0.6s)
                -&gt; done: PersonalDetailsSteps.GivenIEnterAllRequiredDetailsAndNavigateToSummaryPage(&lt;table&gt;)
                (15.7s)
                When I confirm details on the Summary page
                UniqueId:
                Title: Mr
                FirstName: Michael
                MiddleName: Sam
                LastName: Wayne
                Email: cob2016@asb.co.nz
                Gender:
                DateOfBirth: 6/1/1983 12:00:00 AM
                DateCreated:
                LastReviewDate:
                Cals:
                IsIndividual:
                NzCitizen:
                NzResidence:
                HighValueCustomer:
                StaffMember:
                AmlVerified:
                VipCustomer:
                Addresses: System.Collections.Generic.List`1[ASB.Selenium.DataModel.Customer.Address]
                AddressInformation: ASB.Selenium.DataModel.Customer.AddressInformation
                CompanyName:
                CompanyType:
                CompanySubType:
                CustomerTypeCode:
                IrdNumber:
                TaxClass:
                TaxClassDate:
                IsNzTaxResident: True
                NonResidentCountryCode:
                IsForeignTaxResident: False
                ForeignTaxResidencyStatus:
                IsProfileEnhanced:
                Phones: System.Collections.Generic.List`1[ASB.Selenium.DataModel.Customer.Phone]
                NextOfKin:
                EmploymentDetails:
                LinkedCustomers:
                AccountRelationships:
                IdType:
                Fatca: ASB.Selenium.DataModel.Customer.Fatca
                CitizenshipCountryCodes:
                CitizenshipCountryNames: System.Collections.Generic.List`1[System.String]
                ForeignTaxResidenceTypes:
                System.Collections.Generic.List`1[ASB.Selenium.DataModel.Customer.ForeignTaxResidenceTypes]
                OnboardingDetail: ASB.Selenium.DataModel.Customer.OnboardingDetail
                AddressVerificationStatus:
                IdVerificationStatus:
                PreferredIdType: Other
                IsProfileComplete: True
                DaysRemaining: 0
                OnboardingStatus:
                NewAccounts: System.Collections.Generic.List`1[ASB.Selenium.DataModel.Customer.Accounts]
                FailedAccounts: System.Collections.Generic.List`1[ASB.Selenium.DataModel.Customer.Accounts]
                OnboardingSource: JoinASB
                CustomerCreated:
                LoginCreated:
                RegisteredForNetcode:
                AccountsCreated:
                CustomerAccessToken:
                VerificationPassword: MyCode01
                LoginDetail: ASB.Selenium.DataModel.Customer.Login
                CustomerType:
                Cif:
                Username: mway04899
                UsernameApi:
                Password: Kiwi77nz&#57348;
                PublicKey:
                AcceptedTermsAndConditions:
                BackgroundCheckConsent:
                PreferredIdType:
                -&gt; done: SummaryPageSteps.WhenIConfirmDetailsOnTheSummaryPage() (2.9s)
                Then System Unavailable screen is displayed
                -&gt; done: ConfirmationPageSteps.ThenSystemUnavailableScreenIsDisplayed("is") (1.6s)
                And a message advising me of difficulties signing me up online and to contact ASB is displayed
                -&gt; done:
                ConfirmationPageSteps.ThenAMessageAdvisingMeOfDifficultiesSigningMeUpOnlineAndToContactASBIsDisplayed("is")
                (0.0s)
                And the Confirmation page for duplicate 'bad' customer with open products is displayed
                Unable to find FNC Login section!
                -&gt; done: ConfirmationPageSteps.ThenTheConfirmationPageForCustomerIsDisplayed("bad") (2.2s)
                And the 'Find a branch' button opens in a new window
                -&gt; done: CommonSteps.ThenTheButtonOpensInANewWindow("Find a branch") (2.6s)
            </system-out>
        </testcase>
        <testcase name="CNFM_04_ExistingCustomerCheck_FNCOpenApplyRedirect" assertions="28" time="79.765700"
                  status="Failed" classname="Join.Form.Customer.Selenium.Features._07_ConfirmationFeature">

            <failure
                    message="System.Exception : no such element: Unable to locate element: {&quot;method&quot;:&quot;xpath&quot;,&quot;selector&quot;:&quot;//div[@class='noOutline' and contains(text(),'Open an Account')]&quot;}&#10;  (Session info: chrome=60.0.3112.78)&#10;  (Driver info: chromedriver=2.29.461591 (62ebf098771772160f391d75e589dc567915b233),platform=Windows NT 6.3.9600 x86_64)&#10;  ----&gt; OpenQA.Selenium.NoSuchElementException : no such element: Unable to locate element: {&quot;method&quot;:&quot;xpath&quot;,&quot;selector&quot;:&quot;//div[@class='noOutline' and contains(text(),'Open an Account')]&quot;}&#10;  (Session info: chrome=60.0.3112.78)&#10;  (Driver info: chromedriver=2.29.461591 (62ebf098771772160f391d75e589dc567915b233),platform=Windows NT 6.3.9600 x86_64)">
                at ASB.Test.Automation.Utils.Retry.Retry.Execute(Func`1 function, Int32 retryInterval, Int32 retryCount,
                String exceptionMessage)
                at
                Join.Form.Customer.Selenium.StepDefinitions.ConfirmationPageSteps.ThenFNCOpenApplyPageIsDisplayedOnClickOfLoginButton()
                at TechTalk.SpecFlow.Bindings.BindingInvoker.InvokeBinding(IBinding binding, IContextManager
                contextManager, Object[] arguments, ITestTracer testTracer, TimeSpan&amp; duration)
                at TechTalk.SpecFlow.Infrastructure.TestExecutionEngine.ExecuteStepMatch(BindingMatch match, Object[]
                arguments)
                at TechTalk.SpecFlow.Infrastructure.TestExecutionEngine.ExecuteStep(StepInstance stepInstance)
                at TechTalk.SpecFlow.Infrastructure.TestExecutionEngine.OnAfterLastStep()
                at Join.Form.Customer.Selenium.Features._07_ConfirmationFeature.ScenarioCleanup()
                at
                Join.Form.Customer.Selenium.Features._07_ConfirmationFeature.CNFM_04_ExistingCustomerCheck_FNCOpenApplyRedirect()
                --NoSuchElementException
                at OpenQA.Selenium.Remote.RemoteWebDriver.UnpackAndThrowOnError(Response errorResponse)
                at OpenQA.Selenium.Remote.RemoteWebDriver.Execute(String driverCommandToExecute, Dictionary`2
                parameters)
                at OpenQA.Selenium.Remote.RemoteWebDriver.FindElement(String mechanism, String value)
                at Join.Form.Customer.Selenium.StepDefinitions.ConfirmationPageSteps.&lt;ThenFNCOpenApplyPageIsDisplayedOnClickOfLoginButton&gt;b__14_0()
                at ASB.Test.Automation.Utils.Retry.Retry.Execute(Func`1 function, Int32 retryInterval, Int32 retryCount,
                String exceptionMessage)
            </failure>
            <system-out>Given I start my Streamline application
                Navigating to URL: https://webappisamdev.asbbank.co.nz/public/join/asb/?grcDisabled=true
                -&gt; done: CommonSteps.GivenIStartMyStreamlineApplication() (0.7s)
                Given I am an existing ASB customer
                Navigating to URL: https://webappisamdev.asbbank.co.nz/public/join/asb/?grcDisabled=true&amp;fncJunctionNumber=104
                -&gt; done: CommonSteps.GivenIAmAnExistingASBCustomer() (0.4s)
                And I select the following products: 'Streamline intro,ASB Visa Debit Streamline Intro,Savings On
                Call,FastSaver'
                12/6/2017 2:19:36 AMWaitForFeaturesPageLoad: Executing WaitForFrameAndSwitch
                12/6/2017 2:19:36 AMWaitForFeaturesPageLoad: Done executing WaitForFrameAndSwitch
                Unable to find product 'Savings On Call' in page or product 'Savings On Call' is not selected
                Unable to find product 'FastSaver' in page or product 'FastSaver' is not selected
                -&gt; done: ProductsPageSteps.WhenIChangeMySelectedProductsTo("Streamline intro,...") (19.2s)
                And I enter all required details and navigate to Summary page
                --- table step argument ---
                | Title | FirstName | MiddleName | LastName | DateOfBirth | Email | MobileNumber | CountriesCitizenship
                | PreferredIdType | Password | VerbalPassword |
                | Miss | Butcher | Close | Wolf | 1 January 1980 | cob2016@asb.co.nz | 021-RANDOM | New Zealand | Other
                | Kiwi77nz | MyCode01 |
                Given I enter mandatory Tax Information for NZ citizen and clicks on Next button
                -&gt; done: AdditionalPersonalDetailsSteps.GivenIEnterMandatoryTaxInformationForNZCitizen() (0.5s)
                -&gt; done: PersonalDetailsSteps.GivenIEnterAllRequiredDetailsAndNavigateToSummaryPage(&lt;table&gt;)
                (15.2s)
                When I confirm details on the Summary page
                UniqueId:
                Title: Miss
                FirstName: Butcher
                MiddleName: Close
                LastName: Wolf
                Email: cob2016@asb.co.nz
                Gender:
                DateOfBirth: 1/1/1980 12:00:00 AM
                DateCreated:
                LastReviewDate:
                Cals:
                IsIndividual:
                NzCitizen:
                NzResidence:
                HighValueCustomer:
                StaffMember:
                AmlVerified:
                VipCustomer:
                Addresses: System.Collections.Generic.List`1[ASB.Selenium.DataModel.Customer.Address]
                AddressInformation: ASB.Selenium.DataModel.Customer.AddressInformation
                CompanyName:
                CompanyType:
                CompanySubType:
                CustomerTypeCode:
                IrdNumber:
                TaxClass:
                TaxClassDate:
                IsNzTaxResident: True
                NonResidentCountryCode:
                IsForeignTaxResident: False
                ForeignTaxResidencyStatus:
                IsProfileEnhanced:
                Phones: System.Collections.Generic.List`1[ASB.Selenium.DataModel.Customer.Phone]
                NextOfKin:
                EmploymentDetails:
                LinkedCustomers:
                AccountRelationships:
                IdType:
                Fatca: ASB.Selenium.DataModel.Customer.Fatca
                CitizenshipCountryCodes:
                CitizenshipCountryNames: System.Collections.Generic.List`1[System.String]
                ForeignTaxResidenceTypes:
                System.Collections.Generic.List`1[ASB.Selenium.DataModel.Customer.ForeignTaxResidenceTypes]
                OnboardingDetail: ASB.Selenium.DataModel.Customer.OnboardingDetail
                AddressVerificationStatus:
                IdVerificationStatus:
                PreferredIdType: Other
                IsProfileComplete: True
                DaysRemaining: 0
                OnboardingStatus:
                NewAccounts: System.Collections.Generic.List`1[ASB.Selenium.DataModel.Customer.Accounts]
                FailedAccounts: System.Collections.Generic.List`1[ASB.Selenium.DataModel.Customer.Accounts]
                OnboardingSource: JoinASB
                CustomerCreated:
                LoginCreated:
                RegisteredForNetcode:
                AccountsCreated:
                CustomerAccessToken:
                VerificationPassword: MyCode01
                LoginDetail: ASB.Selenium.DataModel.Customer.Login
                CustomerType:
                Cif:
                Username: bwol86927
                UsernameApi:
                Password: Kiwi77nz&#57348;
                PublicKey:
                AcceptedTermsAndConditions:
                BackgroundCheckConsent:
                PreferredIdType:
                -&gt; done: SummaryPageSteps.WhenIConfirmDetailsOnTheSummaryPage() (2.9s)
                Then the Confirmation page for duplicate 'good' customer with open products is displayed
                -&gt; done: ConfirmationPageSteps.ThenTheConfirmationPageForCustomerIsDisplayed("good") (1.0s)
                And the FNC Login section is displayed
                -&gt; done: ConfirmationPageSteps.ThenTheFNCLoginSectionIsDisplayed() (0.3s)
                And the 'Having trouble logging in?' button opens in a new window
                -&gt; done: CommonSteps.ThenTheButtonOpensInANewWindow("Having trouble lo...") (2.7s)
                And the 'register for internet banking' link opens in a new window
                -&gt; done: CommonSteps.ThenTheLinkOpensInANewWindow("register for inte...") (3.7s)
                And the 'Find a branch' button opens in a new window
                -&gt; done: CommonSteps.ThenTheButtonOpensInANewWindow("Find a branch") (3.0s)
                And FNC Open &amp; Apply page is displayed after login
                -&gt; error: no such element: Unable to locate element:
                {"method":"xpath","selector":"//div[@class='noOutline' and contains(text(),'Open an Account')]"}
                (Session info: chrome=60.0.3112.78)
                (Driver info: chromedriver=2.29.461591 (62ebf098771772160f391d75e589dc567915b233),platform=Windows NT
                6.3.9600 x86_64)
            </system-out>
        </testcase>
    </testsuite>
    <testsuite tests="4" time="171.524849" errors="0" failures="0" skipped="0" timestamp="2017-12-05 13:16:32Z"
               name="Join.Form.Customer.Selenium.dll.Join.Form.Customer.Selenium.Features._07_ConfirmationFeature.CNFM_02_ExistingCustomerCheck_DifferentOpenProducts.">
        <testcase
                name="CNFM_02_ExistingCustomerCheck_DifferentOpenProducts(&quot;Open Good&quot;,&quot;Mr&quot;,&quot;Good&quot;,&quot;Sam&quot;,&quot;Man&quot;,&quot;1 January 1980&quot;,System.String[])"
                assertions="15" time="39.893371" status="Passed"
                classname="Join.Form.Customer.Selenium.Features._07_ConfirmationFeature">

            <system-out>Given I start my Streamline application
                Navigating to URL: https://webappisamdev.asbbank.co.nz/public/join/asb/?grcDisabled=true
                -&gt; done: CommonSteps.GivenIStartMyStreamlineApplication() (1.1s)
                Given I select the following products: 'Streamline intro,ASB Visa Debit Streamline Intro'
                12/6/2017 2:16:45 AMWaitForFeaturesPageLoad: Executing WaitForFrameAndSwitch
                12/6/2017 2:16:45 AMWaitForFeaturesPageLoad: Done executing WaitForFrameAndSwitch
                Unable to find product 'FastSaver' in page or product 'FastSaver' is not selected
                Unable to find product 'Savings On Call' in page or product 'Savings On Call' is not selected
                Unable to find product 'Savings On Call' in page or product 'Savings On Call' is not selected
                Unable to find product 'FastSaver' in page or product 'FastSaver' is not selected
                -&gt; done: ProductsPageSteps.WhenIChangeMySelectedProductsTo("Streamline intro,...") (15.1s)
                And I enter personal and login details Mr,Good,Sam,Man,1 January 1980,cob2016@asb.co.nz,021-RANDOM,New
                Zealand,Other,Kiwi77nz,verbal123,false
                Given I enter mandatory Tax Information for NZ citizen and clicks on Next button
                -&gt; done: AdditionalPersonalDetailsSteps.GivenIEnterMandatoryTaxInformationForNZCitizen() (0.6s)
                -&gt; done: PersonalDetailsSteps.GivenIEnterPersonalAndLoginDetails("Mr", "Good", "Sam", "Man", "1
                January 1980", "cob2016@asb.co.nz", "021-RANDOM", "New Zealand", "Other", "Kiwi77nz", "verbal123",
                "false") (16.1s)
                When I confirm details on the Summary page
                UniqueId:
                Title: Mr
                FirstName: Good
                MiddleName: Sam
                LastName: Man
                Email: cob2016@asb.co.nz
                Gender:
                DateOfBirth: 1/1/1980 12:00:00 AM
                DateCreated:
                LastReviewDate:
                Cals:
                IsIndividual:
                NzCitizen:
                NzResidence:
                HighValueCustomer:
                StaffMember:
                AmlVerified:
                VipCustomer:
                Addresses: System.Collections.Generic.List`1[ASB.Selenium.DataModel.Customer.Address]
                AddressInformation: ASB.Selenium.DataModel.Customer.AddressInformation
                CompanyName:
                CompanyType:
                CompanySubType:
                CustomerTypeCode:
                IrdNumber:
                TaxClass:
                TaxClassDate:
                IsNzTaxResident: True
                NonResidentCountryCode:
                IsForeignTaxResident: False
                ForeignTaxResidencyStatus:
                IsProfileEnhanced:
                Phones: System.Collections.Generic.List`1[ASB.Selenium.DataModel.Customer.Phone]
                NextOfKin:
                EmploymentDetails:
                LinkedCustomers:
                AccountRelationships:
                IdType:
                Fatca: ASB.Selenium.DataModel.Customer.Fatca
                CitizenshipCountryCodes:
                CitizenshipCountryNames: System.Collections.Generic.List`1[System.String]
                ForeignTaxResidenceTypes:
                System.Collections.Generic.List`1[ASB.Selenium.DataModel.Customer.ForeignTaxResidenceTypes]
                OnboardingDetail: ASB.Selenium.DataModel.Customer.OnboardingDetail
                AddressVerificationStatus:
                IdVerificationStatus:
                PreferredIdType: Other
                IsProfileComplete: True
                DaysRemaining: 0
                OnboardingStatus:
                NewAccounts: System.Collections.Generic.List`1[ASB.Selenium.DataModel.Customer.Accounts]
                FailedAccounts: System.Collections.Generic.List`1[ASB.Selenium.DataModel.Customer.Accounts]
                OnboardingSource: JoinASB
                CustomerCreated:
                LoginCreated:
                RegisteredForNetcode:
                AccountsCreated:
                CustomerAccessToken:
                VerificationPassword: verbal123
                LoginDetail: ASB.Selenium.DataModel.Customer.Login
                CustomerType:
                Cif:
                Username: gman59781
                UsernameApi:
                Password: Kiwi77nz&#57348;
                PublicKey:
                AcceptedTermsAndConditions:
                BackgroundCheckConsent:
                PreferredIdType:
                -&gt; done: SummaryPageSteps.WhenIConfirmDetailsOnTheSummaryPage() (2.9s)
                Then the Confirmation page for duplicate 'good' customer with open products is displayed
                -&gt; done: ConfirmationPageSteps.ThenTheConfirmationPageForCustomerIsDisplayed("good") (1.5s)
            </system-out>
        </testcase>
        <testcase
                name="CNFM_02_ExistingCustomerCheck_DifferentOpenProducts(&quot;Closed Bad&quot;,&quot;Mrs&quot;,&quot;Butcher&quot;,&quot;Close&quot;,&quot;Wolf&quot;,&quot;1 January 1980&quot;,System.String[])"
                assertions="15" time="46.352003" status="Passed"
                classname="Join.Form.Customer.Selenium.Features._07_ConfirmationFeature">

            <system-out>Given I start my Streamline application
                Navigating to URL: https://webappisamdev.asbbank.co.nz/public/join/asb/?grcDisabled=true
                -&gt; done: CommonSteps.GivenIStartMyStreamlineApplication() (1.0s)
                Given I select the following products: 'Streamline intro,ASB Visa Debit Streamline Intro'
                12/6/2017 2:17:24 AMWaitForFeaturesPageLoad: Executing WaitForFrameAndSwitch
                12/6/2017 2:17:24 AMWaitForFeaturesPageLoad: Done executing WaitForFrameAndSwitch
                Unable to find product 'FastSaver' in page or product 'FastSaver' is not selected
                Unable to find product 'Savings On Call' in page or product 'Savings On Call' is not selected
                Unable to find product 'Savings On Call' in page or product 'Savings On Call' is not selected
                Unable to find product 'FastSaver' in page or product 'FastSaver' is not selected
                -&gt; done: ProductsPageSteps.WhenIChangeMySelectedProductsTo("Streamline intro,...") (15.1s)
                And I enter personal and login details Mrs,Butcher,Close,Wolf,1 January
                1980,cob2016@asb.co.nz,021-RANDOM,New Zealand,Other,Kiwi77nz,verbal123,false
                Given I enter mandatory Tax Information for NZ citizen and clicks on Next button
                -&gt; done: AdditionalPersonalDetailsSteps.GivenIEnterMandatoryTaxInformationForNZCitizen() (0.6s)
                -&gt; done: PersonalDetailsSteps.GivenIEnterPersonalAndLoginDetails("Mrs", "Butcher", "Close", "Wolf",
                "1 January 1980", "cob2016@asb.co.nz", "021-RANDOM", "New Zealand", "Other", "Kiwi77nz", "verbal123",
                "false") (21.6s)
                When I confirm details on the Summary page
                UniqueId:
                Title: Mrs
                FirstName: Butcher
                MiddleName: Close
                LastName: Wolf
                Email: cob2016@asb.co.nz
                Gender:
                DateOfBirth: 1/1/1980 12:00:00 AM
                DateCreated:
                LastReviewDate:
                Cals:
                IsIndividual:
                NzCitizen:
                NzResidence:
                HighValueCustomer:
                StaffMember:
                AmlVerified:
                VipCustomer:
                Addresses: System.Collections.Generic.List`1[ASB.Selenium.DataModel.Customer.Address]
                AddressInformation: ASB.Selenium.DataModel.Customer.AddressInformation
                CompanyName:
                CompanyType:
                CompanySubType:
                CustomerTypeCode:
                IrdNumber:
                TaxClass:
                TaxClassDate:
                IsNzTaxResident: True
                NonResidentCountryCode:
                IsForeignTaxResident: False
                ForeignTaxResidencyStatus:
                IsProfileEnhanced:
                Phones: System.Collections.Generic.List`1[ASB.Selenium.DataModel.Customer.Phone]
                NextOfKin:
                EmploymentDetails:
                LinkedCustomers:
                AccountRelationships:
                IdType:
                Fatca: ASB.Selenium.DataModel.Customer.Fatca
                CitizenshipCountryCodes:
                CitizenshipCountryNames: System.Collections.Generic.List`1[System.String]
                ForeignTaxResidenceTypes:
                System.Collections.Generic.List`1[ASB.Selenium.DataModel.Customer.ForeignTaxResidenceTypes]
                OnboardingDetail: ASB.Selenium.DataModel.Customer.OnboardingDetail
                AddressVerificationStatus:
                IdVerificationStatus:
                PreferredIdType: Other
                IsProfileComplete: True
                DaysRemaining: 0
                OnboardingStatus:
                NewAccounts: System.Collections.Generic.List`1[ASB.Selenium.DataModel.Customer.Accounts]
                FailedAccounts: System.Collections.Generic.List`1[ASB.Selenium.DataModel.Customer.Accounts]
                OnboardingSource: JoinASB
                CustomerCreated:
                LoginCreated:
                RegisteredForNetcode:
                AccountsCreated:
                CustomerAccessToken:
                VerificationPassword: verbal123
                LoginDetail: ASB.Selenium.DataModel.Customer.Login
                CustomerType:
                Cif:
                Username: bwol42678
                UsernameApi:
                Password: Kiwi77nz&#57348;
                PublicKey:
                AcceptedTermsAndConditions:
                BackgroundCheckConsent:
                PreferredIdType:
                -&gt; done: SummaryPageSteps.WhenIConfirmDetailsOnTheSummaryPage() (2.8s)
                Then the Confirmation page for duplicate 'good' customer with open products is displayed
                -&gt; done: ConfirmationPageSteps.ThenTheConfirmationPageForCustomerIsDisplayed("good") (2.3s)
            </system-out>
        </testcase>
        <testcase
                name="CNFM_02_ExistingCustomerCheck_DifferentOpenProducts(&quot;Transactional Only&quot;,&quot;Ms&quot;,&quot;Hamel&quot;,&quot;Ineunt&quot;,&quot;GIPSYWEED&quot;,&quot;29 October 1958&quot;,System.String[])"
                assertions="15" time="46.985783" status="Passed"
                classname="Join.Form.Customer.Selenium.Features._07_ConfirmationFeature">

            <system-out>Given I start my Streamline application
                Navigating to URL: https://webappisamdev.asbbank.co.nz/public/join/asb/?grcDisabled=true
                -&gt; done: CommonSteps.GivenIStartMyStreamlineApplication() (0.8s)
                Given I select the following products: 'Streamline intro,ASB Visa Debit Streamline Intro'
                12/6/2017 2:18:10 AMWaitForFeaturesPageLoad: Executing WaitForFrameAndSwitch
                12/6/2017 2:18:10 AMWaitForFeaturesPageLoad: Done executing WaitForFrameAndSwitch
                Unable to find product 'FastSaver' in page or product 'FastSaver' is not selected
                Unable to find product 'Savings On Call' in page or product 'Savings On Call' is not selected
                Unable to find product 'Savings On Call' in page or product 'Savings On Call' is not selected
                Unable to find product 'FastSaver' in page or product 'FastSaver' is not selected
                -&gt; done: ProductsPageSteps.WhenIChangeMySelectedProductsTo("Streamline intro,...") (15.1s)
                And I enter personal and login details Ms,Hamel,Ineunt,GIPSYWEED,29 October
                1958,cob2016@asb.co.nz,021-RANDOM,New Zealand,Other,Kiwi77nz,verbal123,false
                Given I enter mandatory Tax Information for NZ citizen and clicks on Next button
                -&gt; done: AdditionalPersonalDetailsSteps.GivenIEnterMandatoryTaxInformationForNZCitizen() (0.7s)
                -&gt; done: PersonalDetailsSteps.GivenIEnterPersonalAndLoginDetails("Ms", "Hamel", "Ineunt",
                "GIPSYWEED", "29 October 1958", "cob2016@asb.co.nz", "021-RANDOM", "New Zealand", "Other", "Kiwi77nz",
                "verbal123", "false") (23.8s)
                When I confirm details on the Summary page
                UniqueId:
                Title: Ms
                FirstName: Hamel
                MiddleName: Ineunt
                LastName: GIPSYWEED
                Email: cob2016@asb.co.nz
                Gender:
                DateOfBirth: 10/29/1958 12:00:00 AM
                DateCreated:
                LastReviewDate:
                Cals:
                IsIndividual:
                NzCitizen:
                NzResidence:
                HighValueCustomer:
                StaffMember:
                AmlVerified:
                VipCustomer:
                Addresses: System.Collections.Generic.List`1[ASB.Selenium.DataModel.Customer.Address]
                AddressInformation: ASB.Selenium.DataModel.Customer.AddressInformation
                CompanyName:
                CompanyType:
                CompanySubType:
                CustomerTypeCode:
                IrdNumber:
                TaxClass:
                TaxClassDate:
                IsNzTaxResident: True
                NonResidentCountryCode:
                IsForeignTaxResident: False
                ForeignTaxResidencyStatus:
                IsProfileEnhanced:
                Phones: System.Collections.Generic.List`1[ASB.Selenium.DataModel.Customer.Phone]
                NextOfKin:
                EmploymentDetails:
                LinkedCustomers:
                AccountRelationships:
                IdType:
                Fatca: ASB.Selenium.DataModel.Customer.Fatca
                CitizenshipCountryCodes:
                CitizenshipCountryNames: System.Collections.Generic.List`1[System.String]
                ForeignTaxResidenceTypes:
                System.Collections.Generic.List`1[ASB.Selenium.DataModel.Customer.ForeignTaxResidenceTypes]
                OnboardingDetail: ASB.Selenium.DataModel.Customer.OnboardingDetail
                AddressVerificationStatus:
                IdVerificationStatus:
                PreferredIdType: Other
                IsProfileComplete: True
                DaysRemaining: 0
                OnboardingStatus:
                NewAccounts: System.Collections.Generic.List`1[ASB.Selenium.DataModel.Customer.Accounts]
                FailedAccounts: System.Collections.Generic.List`1[ASB.Selenium.DataModel.Customer.Accounts]
                OnboardingSource: JoinASB
                CustomerCreated:
                LoginCreated:
                RegisteredForNetcode:
                AccountsCreated:
                CustomerAccessToken:
                VerificationPassword: verbal123
                LoginDetail: ASB.Selenium.DataModel.Customer.Login
                CustomerType:
                Cif:
                Username: hgip78046
                UsernameApi:
                Password: Kiwi77nz&#57348;
                PublicKey:
                AcceptedTermsAndConditions:
                BackgroundCheckConsent:
                PreferredIdType:
                -&gt; done: SummaryPageSteps.WhenIConfirmDetailsOnTheSummaryPage() (2.8s)
                Then the Confirmation page for duplicate 'good' customer with open products is displayed
                -&gt; done: ConfirmationPageSteps.ThenTheConfirmationPageForCustomerIsDisplayed("good") (1.3s)
            </system-out>
        </testcase>
        <testcase
                name="CNFM_02_ExistingCustomerCheck_DifferentOpenProducts(&quot;KiwiSaver Only&quot;,&quot;Miss&quot;,&quot;RANDOM&quot;,&quot;&quot;,&quot;Kiwisaver&quot;,&quot;4 July 1985&quot;,System.String[])"
                assertions="15" time="38.232799" status="Passed"
                classname="Join.Form.Customer.Selenium.Features._07_ConfirmationFeature">

            <system-out>Given I start my Streamline application
                Navigating to URL: https://webappisamdev.asbbank.co.nz/public/join/asb/?grcDisabled=true
                -&gt; done: CommonSteps.GivenIStartMyStreamlineApplication() (0.6s)
                Given I select the following products: 'Streamline intro,ASB Visa Debit Streamline Intro'
                12/6/2017 2:18:58 AMWaitForFeaturesPageLoad: Executing WaitForFrameAndSwitch
                12/6/2017 2:18:58 AMWaitForFeaturesPageLoad: Done executing WaitForFrameAndSwitch
                Unable to find product 'FastSaver' in page or product 'FastSaver' is not selected
                Unable to find product 'Savings On Call' in page or product 'Savings On Call' is not selected
                Unable to find product 'Savings On Call' in page or product 'Savings On Call' is not selected
                Unable to find product 'FastSaver' in page or product 'FastSaver' is not selected
                -&gt; done: ProductsPageSteps.WhenIChangeMySelectedProductsTo("Streamline intro,...") (15.2s)
                And I enter personal and login details Miss,RANDOM,,Kiwisaver,4 July
                1985,cob2016@asb.co.nz,021-RANDOM,New Zealand,Other,Kiwi77nz,verbal123,false
                Given I enter mandatory Tax Information for NZ citizen and clicks on Next button
                -&gt; done: AdditionalPersonalDetailsSteps.GivenIEnterMandatoryTaxInformationForNZCitizen() (0.5s)
                -&gt; done: PersonalDetailsSteps.GivenIEnterPersonalAndLoginDetails("Miss", "RANDOM", "", "Kiwisaver",
                "4 July 1985", "cob2016@asb.co.nz", "021-RANDOM", "New Zealand", "Other", "Kiwi77nz", "verbal123",
                "false") (15.1s)
                When I confirm details on the Summary page
                UniqueId:
                Title: Miss
                FirstName: RANDOM
                MiddleName:
                LastName: Kiwisaver
                Email: cob2016@asb.co.nz
                Gender:
                DateOfBirth: 7/4/1985 12:00:00 AM
                DateCreated:
                LastReviewDate:
                Cals:
                IsIndividual:
                NzCitizen:
                NzResidence:
                HighValueCustomer:
                StaffMember:
                AmlVerified:
                VipCustomer:
                Addresses: System.Collections.Generic.List`1[ASB.Selenium.DataModel.Customer.Address]
                AddressInformation: ASB.Selenium.DataModel.Customer.AddressInformation
                CompanyName:
                CompanyType:
                CompanySubType:
                CustomerTypeCode:
                IrdNumber:
                TaxClass:
                TaxClassDate:
                IsNzTaxResident: True
                NonResidentCountryCode:
                IsForeignTaxResident: False
                ForeignTaxResidencyStatus:
                IsProfileEnhanced:
                Phones: System.Collections.Generic.List`1[ASB.Selenium.DataModel.Customer.Phone]
                NextOfKin:
                EmploymentDetails:
                LinkedCustomers:
                AccountRelationships:
                IdType:
                Fatca: ASB.Selenium.DataModel.Customer.Fatca
                CitizenshipCountryCodes:
                CitizenshipCountryNames: System.Collections.Generic.List`1[System.String]
                ForeignTaxResidenceTypes:
                System.Collections.Generic.List`1[ASB.Selenium.DataModel.Customer.ForeignTaxResidenceTypes]
                OnboardingDetail: ASB.Selenium.DataModel.Customer.OnboardingDetail
                AddressVerificationStatus:
                IdVerificationStatus:
                PreferredIdType: Other
                IsProfileComplete: True
                DaysRemaining: 0
                OnboardingStatus:
                NewAccounts: System.Collections.Generic.List`1[ASB.Selenium.DataModel.Customer.Accounts]
                FailedAccounts: System.Collections.Generic.List`1[ASB.Selenium.DataModel.Customer.Accounts]
                OnboardingSource: JoinASB
                CustomerCreated:
                LoginCreated:
                RegisteredForNetcode:
                AccountsCreated:
                CustomerAccessToken:
                VerificationPassword: verbal123
                LoginDetail: ASB.Selenium.DataModel.Customer.Login
                CustomerType:
                Cif:
                Username: mkiw25093
                UsernameApi:
                Password: Kiwi77nz&#57348;
                PublicKey:
                AcceptedTermsAndConditions:
                BackgroundCheckConsent:
                PreferredIdType:
                -&gt; done: SummaryPageSteps.WhenIConfirmDetailsOnTheSummaryPage() (2.9s)
                Then the Confirmation page for duplicate 'good' customer with open products is displayed
                -&gt; done: ConfirmationPageSteps.ThenTheConfirmationPageForCustomerIsDisplayed("good") (0.9s)
            </system-out>
        </testcase>
    </testsuite>
    <testsuite tests="51" time="5990.129365" errors="3" failures="22" skipped="0" timestamp="2017-12-05 13:20:44Z"
               name="Join.Form.Customer.Selenium.dll.Join.Form.Customer.Selenium.Features._08_ActivateSummaryFeature.">
        <testcase name="ACTSUM_01_VerifyThatCustomerSetupSubmissionIsSuccessful_WelcomeMessage" assertions="16"
                  time="109.474667" status="Passed"
                  classname="Join.Form.Customer.Selenium.Features._08_ActivateSummaryFeature">

            <system-out>Given I start my Streamline application
                Navigating to URL: https://webappisamdev.asbbank.co.nz/public/join/asb/?grcDisabled=true
                -&gt; done: CommonSteps.GivenIStartMyStreamlineApplication() (0.7s)
                Given I select the following products: 'Streamline intro'
                12/6/2017 2:20:55 AMWaitForFeaturesPageLoad: Executing WaitForFrameAndSwitch
                12/6/2017 2:20:55 AMWaitForFeaturesPageLoad: Done executing WaitForFrameAndSwitch
                Unable to find product 'FastSaver' in page or product 'FastSaver' is not selected
                Unable to find product 'Savings On Call' in page or product 'Savings On Call' is not selected
                Unable to find product 'ASB Visa Debit Streamline Intro' in page or product 'ASB Visa Debit Streamline
                Intro' is not selected
                Unable to find product 'Savings On Call' in page or product 'Savings On Call' is not selected
                Unable to find product 'FastSaver' in page or product 'FastSaver' is not selected
                -&gt; done: ProductsPageSteps.WhenIChangeMySelectedProductsTo("Streamline intro") (17.2s)
                And I enter all required details and navigate to Summary page
                --- table step argument ---
                | Title | FirstName | MiddleName | LastName | DateOfBirth | Email | MobileNumber | CountriesCitizenship
                | PreferredIdType | Password | VerbalPassword |
                | Miss | Automation | RANDOM | FYICOB | RANDOM | cob2016@asb.co.nz | 021-RANDOM | New Zealand | Other |
                Kiwi77nz | MyCode01 |
                Given I enter mandatory Tax Information for NZ citizen and clicks on Next button
                -&gt; done: AdditionalPersonalDetailsSteps.GivenIEnterMandatoryTaxInformationForNZCitizen() (0.5s)
                -&gt; done: PersonalDetailsSteps.GivenIEnterAllRequiredDetailsAndNavigateToSummaryPage(&lt;table&gt;)
                (18.9s)
                When I confirm details on the Summary page
                UniqueId:
                Title: Miss
                FirstName: Automation
                MiddleName: COB-fwaol
                LastName: FYICOB
                Email: cob2016@asb.co.nz
                Gender:
                DateOfBirth: 10/7/1976 12:00:00 AM
                DateCreated:
                LastReviewDate:
                Cals:
                IsIndividual:
                NzCitizen:
                NzResidence:
                HighValueCustomer:
                StaffMember:
                AmlVerified:
                VipCustomer:
                Addresses: System.Collections.Generic.List`1[ASB.Selenium.DataModel.Customer.Address]
                AddressInformation: ASB.Selenium.DataModel.Customer.AddressInformation
                CompanyName:
                CompanyType:
                CompanySubType:
                CustomerTypeCode:
                IrdNumber:
                TaxClass:
                TaxClassDate:
                IsNzTaxResident: True
                NonResidentCountryCode:
                IsForeignTaxResident: False
                ForeignTaxResidencyStatus:
                IsProfileEnhanced:
                Phones: System.Collections.Generic.List`1[ASB.Selenium.DataModel.Customer.Phone]
                NextOfKin:
                EmploymentDetails:
                LinkedCustomers:
                AccountRelationships:
                IdType:
                Fatca: ASB.Selenium.DataModel.Customer.Fatca
                CitizenshipCountryCodes:
                CitizenshipCountryNames: System.Collections.Generic.List`1[System.String]
                ForeignTaxResidenceTypes:
                System.Collections.Generic.List`1[ASB.Selenium.DataModel.Customer.ForeignTaxResidenceTypes]
                OnboardingDetail: ASB.Selenium.DataModel.Customer.OnboardingDetail
                AddressVerificationStatus:
                IdVerificationStatus:
                PreferredIdType: Other
                IsProfileComplete: True
                DaysRemaining: 0
                OnboardingStatus:
                NewAccounts: System.Collections.Generic.List`1[ASB.Selenium.DataModel.Customer.Accounts]
                FailedAccounts: System.Collections.Generic.List`1[ASB.Selenium.DataModel.Customer.Accounts]
                OnboardingSource: JoinASB
                CustomerCreated:
                LoginCreated:
                RegisteredForNetcode:
                AccountsCreated:
                CustomerAccessToken:
                VerificationPassword: MyCode01
                LoginDetail: ASB.Selenium.DataModel.Customer.Login
                CustomerType:
                Cif:
                Username: afyi04221
                UsernameApi:
                Password: Kiwi77nz&#57348;
                PublicKey:
                AcceptedTermsAndConditions:
                BackgroundCheckConsent:
                PreferredIdType:
                -&gt; done: SummaryPageSteps.WhenIConfirmDetailsOnTheSummaryPage() (2.8s)
                Then the Logging you in progress page is displayed
                -&gt; done: ConfirmationPageSteps.ThenTheLoggingYouInProgressPageIsDisplayed() (19.0s)
                And the Activation page is displayed
                12/6/2017 2:21:52 AMThenTheActivationPageIsDisplayed: IsActivationPageDisplayed STARTED
                12/6/2017 2:21:52 AMThenTheActivationPageIsDisplayed: IsActivationPageDisplayed DONE
                12/6/2017 2:21:52 AMThenTheActivationPageIsDisplayed: IsSectionDisplayed STARTED
                12/6/2017 2:22:01 AMThenTheActivationPageIsDisplayed: IsSectionDisplayed DONE
                -&gt; done: ActivationSummarySteps.ThenTheActivationPageIsDisplayed() (20.6s)
                And the welcome message is displayed
                -&gt; done: ActivationSummarySteps.ThenWelcomeMessageIsDisplayed() (0.1s)
                And the activation text is displayed
                -&gt; done: ActivationSummarySteps.ThenTheActivationTextIsDisplayed() (0.1s)
                And the activation information text is displayed
                -&gt; done: ActivationSummarySteps.ThenTheActivationInformationTextIsDisplayed() (0.1s)
                And the account number and product name is displayed for the selected products
                ==&gt; Successfully created: Streamline transaction account:
                12-3629-0385327-00
                -&gt; done: ActivationSummarySteps.ThenTheAccountNumberAndProductNameIsDisplayedForTheSelectedProducts()
                (26.8s)
            </system-out>
        </testcase>
        <testcase name="ACTSUM_02_VerifyActivateSummaryPageAccountSetupSection" assertions="16" time="100.080054"
                  status="Passed" classname="Join.Form.Customer.Selenium.Features._08_ActivateSummaryFeature">

            <system-out>Given I start my Streamline application
                Navigating to URL: https://webappisamdev.asbbank.co.nz/public/join/asb/?grcDisabled=true
                -&gt; done: CommonSteps.GivenIStartMyStreamlineApplication() (0.7s)
                Given I select the following products: 'Streamline intro,ASB Visa Debit Streamline Intro,Savings On
                Call,FastSaver'
                12/6/2017 2:22:45 AMWaitForFeaturesPageLoad: Executing WaitForFrameAndSwitch
                12/6/2017 2:22:45 AMWaitForFeaturesPageLoad: Done executing WaitForFrameAndSwitch
                Unable to find product 'Savings On Call' in page or product 'Savings On Call' is not selected
                Unable to find product 'FastSaver' in page or product 'FastSaver' is not selected
                -&gt; done: ProductsPageSteps.WhenIChangeMySelectedProductsTo("Streamline intro,...") (19.1s)
                And I enter all required details and navigate to Summary page
                --- table step argument ---
                | Title | FirstName | MiddleName | LastName | DateOfBirth | Email | MobileNumber | CountriesCitizenship
                | PreferredIdType | Password | VerbalPassword |
                | Miss | Automation | RANDOM | FYICOB | RANDOM | cob2016@asb.co.nz | 021-RANDOM | New Zealand | Other |
                Kiwi77nz | MyCode01 |
                Given I enter mandatory Tax Information for NZ citizen and clicks on Next button
                -&gt; done: AdditionalPersonalDetailsSteps.GivenIEnterMandatoryTaxInformationForNZCitizen() (0.5s)
                -&gt; done: PersonalDetailsSteps.GivenIEnterAllRequiredDetailsAndNavigateToSummaryPage(&lt;table&gt;)
                (19.3s)
                When I confirm details on the Summary page
                UniqueId:
                Title: Miss
                FirstName: Automation
                MiddleName: COB-RLHsR
                LastName: FYICOB
                Email: cob2016@asb.co.nz
                Gender:
                DateOfBirth: 10/16/1967 12:00:00 AM
                DateCreated:
                LastReviewDate:
                Cals:
                IsIndividual:
                NzCitizen:
                NzResidence:
                HighValueCustomer:
                StaffMember:
                AmlVerified:
                VipCustomer:
                Addresses: System.Collections.Generic.List`1[ASB.Selenium.DataModel.Customer.Address]
                AddressInformation: ASB.Selenium.DataModel.Customer.AddressInformation
                CompanyName:
                CompanyType:
                CompanySubType:
                CustomerTypeCode:
                IrdNumber:
                TaxClass:
                TaxClassDate:
                IsNzTaxResident: True
                NonResidentCountryCode:
                IsForeignTaxResident: False
                ForeignTaxResidencyStatus:
                IsProfileEnhanced:
                Phones: System.Collections.Generic.List`1[ASB.Selenium.DataModel.Customer.Phone]
                NextOfKin:
                EmploymentDetails:
                LinkedCustomers:
                AccountRelationships:
                IdType:
                Fatca: ASB.Selenium.DataModel.Customer.Fatca
                CitizenshipCountryCodes:
                CitizenshipCountryNames: System.Collections.Generic.List`1[System.String]
                ForeignTaxResidenceTypes:
                System.Collections.Generic.List`1[ASB.Selenium.DataModel.Customer.ForeignTaxResidenceTypes]
                OnboardingDetail: ASB.Selenium.DataModel.Customer.OnboardingDetail
                AddressVerificationStatus:
                IdVerificationStatus:
                PreferredIdType: Other
                IsProfileComplete: True
                DaysRemaining: 0
                OnboardingStatus:
                NewAccounts: System.Collections.Generic.List`1[ASB.Selenium.DataModel.Customer.Accounts]
                FailedAccounts: System.Collections.Generic.List`1[ASB.Selenium.DataModel.Customer.Accounts]
                OnboardingSource: JoinASB
                CustomerCreated:
                LoginCreated:
                RegisteredForNetcode:
                AccountsCreated:
                CustomerAccessToken:
                VerificationPassword: MyCode01
                LoginDetail: ASB.Selenium.DataModel.Customer.Login
                CustomerType:
                Cif:
                Username: afyi42476
                UsernameApi:
                Password: Kiwi77nz&#57348;
                PublicKey:
                AcceptedTermsAndConditions:
                BackgroundCheckConsent:
                PreferredIdType:
                -&gt; done: SummaryPageSteps.WhenIConfirmDetailsOnTheSummaryPage() (2.8s)
                Then the Logging you in progress page is displayed
                -&gt; done: ConfirmationPageSteps.ThenTheLoggingYouInProgressPageIsDisplayed() (18.9s)
                And the Activation page is displayed
                12/6/2017 2:23:36 AMThenTheActivationPageIsDisplayed: IsActivationPageDisplayed STARTED
                12/6/2017 2:23:37 AMThenTheActivationPageIsDisplayed: IsActivationPageDisplayed DONE
                12/6/2017 2:23:37 AMThenTheActivationPageIsDisplayed: IsSectionDisplayed STARTED
                12/6/2017 2:23:41 AMThenTheActivationPageIsDisplayed: IsSectionDisplayed DONE
                -&gt; done: ActivationSummarySteps.ThenTheActivationPageIsDisplayed() (8.9s)
                And the account number and product name is displayed for the selected products
                ==&gt; Successfully created: Streamline transaction account:
                12-3629-0385335-00
                ==&gt; Successfully created: ASB Visa Debit card:
                Issued for delivery within a week
                ==&gt; Successfully created: Savings On Call:
                12-3629-0385335-50
                ==&gt; Successfully created: FastSaver:
                12-3629-0385335-51
                -&gt; done: ActivationSummarySteps.ThenTheAccountNumberAndProductNameIsDisplayedForTheSelectedProducts()
                (27.1s)
            </system-out>
        </testcase>
        <testcase name="ACTSUM_03_VerifyActivateSummaryPageActivateYourAccountSection" assertions="13" time="63.568869"
                  status="Passed" classname="Join.Form.Customer.Selenium.Features._08_ActivateSummaryFeature">

            <system-out>Given I start my Streamline application
                Navigating to URL: https://webappisamdev.asbbank.co.nz/public/join/asb/?grcDisabled=true
                -&gt; done: CommonSteps.GivenIStartMyStreamlineApplication() (0.6s)
                Given I select the following products: 'Streamline intro'
                12/6/2017 2:24:25 AMWaitForFeaturesPageLoad: Executing WaitForFrameAndSwitch
                12/6/2017 2:24:25 AMWaitForFeaturesPageLoad: Done executing WaitForFrameAndSwitch
                Unable to find product 'FastSaver' in page or product 'FastSaver' is not selected
                Unable to find product 'Savings On Call' in page or product 'Savings On Call' is not selected
                Unable to find product 'ASB Visa Debit Streamline Intro' in page or product 'ASB Visa Debit Streamline
                Intro' is not selected
                Unable to find product 'Savings On Call' in page or product 'Savings On Call' is not selected
                Unable to find product 'FastSaver' in page or product 'FastSaver' is not selected
                -&gt; done: ProductsPageSteps.WhenIChangeMySelectedProductsTo("Streamline intro") (16.0s)
                And I enter all required details and navigate to Summary page
                --- table step argument ---
                | Title | FirstName | MiddleName | LastName | DateOfBirth | Email | MobileNumber | CountriesCitizenship
                | PreferredIdType | Password | VerbalPassword |
                | Miss | Automation | RANDOM | FYICOB | RANDOM | cob2016@asb.co.nz | 021-RANDOM | New Zealand | Other |
                Kiwi77nz | MyCode01 |
                Given I enter mandatory Tax Information for NZ citizen and clicks on Next button
                -&gt; done: AdditionalPersonalDetailsSteps.GivenIEnterMandatoryTaxInformationForNZCitizen() (0.5s)
                -&gt; done: PersonalDetailsSteps.GivenIEnterAllRequiredDetailsAndNavigateToSummaryPage(&lt;table&gt;)
                (19.1s)
                When I confirm details on the Summary page
                UniqueId:
                Title: Miss
                FirstName: Automation
                MiddleName: COB-RXFWx
                LastName: FYICOB
                Email: cob2016@asb.co.nz
                Gender:
                DateOfBirth: 3/14/1973 12:00:00 AM
                DateCreated:
                LastReviewDate:
                Cals:
                IsIndividual:
                NzCitizen:
                NzResidence:
                HighValueCustomer:
                StaffMember:
                AmlVerified:
                VipCustomer:
                Addresses: System.Collections.Generic.List`1[ASB.Selenium.DataModel.Customer.Address]
                AddressInformation: ASB.Selenium.DataModel.Customer.AddressInformation
                CompanyName:
                CompanyType:
                CompanySubType:
                CustomerTypeCode:
                IrdNumber:
                TaxClass:
                TaxClassDate:
                IsNzTaxResident: True
                NonResidentCountryCode:
                IsForeignTaxResident: False
                ForeignTaxResidencyStatus:
                IsProfileEnhanced:
                Phones: System.Collections.Generic.List`1[ASB.Selenium.DataModel.Customer.Phone]
                NextOfKin:
                EmploymentDetails:
                LinkedCustomers:
                AccountRelationships:
                IdType:
                Fatca: ASB.Selenium.DataModel.Customer.Fatca
                CitizenshipCountryCodes:
                CitizenshipCountryNames: System.Collections.Generic.List`1[System.String]
                ForeignTaxResidenceTypes:
                System.Collections.Generic.List`1[ASB.Selenium.DataModel.Customer.ForeignTaxResidenceTypes]
                OnboardingDetail: ASB.Selenium.DataModel.Customer.OnboardingDetail
                AddressVerificationStatus:
                IdVerificationStatus:
                PreferredIdType: Other
                IsProfileComplete: True
                DaysRemaining: 0
                OnboardingStatus:
                NewAccounts: System.Collections.Generic.List`1[ASB.Selenium.DataModel.Customer.Accounts]
                FailedAccounts: System.Collections.Generic.List`1[ASB.Selenium.DataModel.Customer.Accounts]
                OnboardingSource: JoinASB
                CustomerCreated:
                LoginCreated:
                RegisteredForNetcode:
                AccountsCreated:
                CustomerAccessToken:
                VerificationPassword: MyCode01
                LoginDetail: ASB.Selenium.DataModel.Customer.Login
                CustomerType:
                Cif:
                Username: afyi45096
                UsernameApi:
                Password: Kiwi77nz&#57348;
                PublicKey:
                AcceptedTermsAndConditions:
                BackgroundCheckConsent:
                PreferredIdType:
                -&gt; done: SummaryPageSteps.WhenIConfirmDetailsOnTheSummaryPage() (2.8s)
                Then the Logging you in progress page is displayed
                -&gt; done: ConfirmationPageSteps.ThenTheLoggingYouInProgressPageIsDisplayed() (14.7s)
                And the Activation page is displayed
                12/6/2017 2:25:09 AMThenTheActivationPageIsDisplayed: IsActivationPageDisplayed STARTED
                12/6/2017 2:25:09 AMThenTheActivationPageIsDisplayed: IsActivationPageDisplayed DONE
                12/6/2017 2:25:09 AMThenTheActivationPageIsDisplayed: IsSectionDisplayed STARTED
                12/6/2017 2:25:11 AMThenTheActivationPageIsDisplayed: IsSectionDisplayed DONE
                -&gt; done: ActivationSummarySteps.ThenTheActivationPageIsDisplayed() (7.0s)
                And the 'Activate your account' section is displayed
                -&gt; done: ActivationSummarySteps.ThenTheSectionIsDisplayed("Activate your acc...") (0.0s)
                And the Activate your account header is displayed
                -&gt; done: ActivationSummarySteps.ThenTheActivateYourAccountHeaderIsDisplayed() (0.0s)
            </system-out>
        </testcase>
        <testcase name="ACTSUM_04_VerifyActivateSummaryPageProfileDetailsSection" assertions="17" time="94.046736"
                  status="Passed" classname="Join.Form.Customer.Selenium.Features._08_ActivateSummaryFeature">

            <system-out>Given I start my Streamline application
                Navigating to URL: https://webappisamdev.asbbank.co.nz/public/join/asb/?grcDisabled=true
                -&gt; done: CommonSteps.GivenIStartMyStreamlineApplication() (0.7s)
                Given I select the following products: 'Streamline intro,ASB Visa Debit Streamline Intro'
                12/6/2017 2:25:28 AMWaitForFeaturesPageLoad: Executing WaitForFrameAndSwitch
                12/6/2017 2:25:28 AMWaitForFeaturesPageLoad: Done executing WaitForFrameAndSwitch
                Unable to find product 'FastSaver' in page or product 'FastSaver' is not selected
                Unable to find product 'Savings On Call' in page or product 'Savings On Call' is not selected
                Unable to find product 'Savings On Call' in page or product 'Savings On Call' is not selected
                Unable to find product 'FastSaver' in page or product 'FastSaver' is not selected
                -&gt; done: ProductsPageSteps.WhenIChangeMySelectedProductsTo("Streamline intro,...") (15.0s)
                And I enter all required details and navigate to Summary page
                --- table step argument ---
                | Title | FirstName | MiddleName | LastName | DateOfBirth | Email | MobileNumber | CountriesCitizenship
                | PreferredIdType | Password | VerbalPassword |
                | Miss | Automation | RANDOM | FYICOB | RANDOM | cob2016@asb.co.nz | 021-RANDOM | New Zealand | Other |
                Kiwi77nz | MyCode01 |
                Given I enter mandatory Tax Information for NZ citizen and clicks on Next button
                -&gt; done: AdditionalPersonalDetailsSteps.GivenIEnterMandatoryTaxInformationForNZCitizen() (0.5s)
                -&gt; done: PersonalDetailsSteps.GivenIEnterAllRequiredDetailsAndNavigateToSummaryPage(&lt;table&gt;)
                (18.9s)
                When I confirm details on the Summary page
                UniqueId:
                Title: Miss
                FirstName: Automation
                MiddleName: COB-zvZPr
                LastName: FYICOB
                Email: cob2016@asb.co.nz
                Gender:
                DateOfBirth: 6/27/1979 12:00:00 AM
                DateCreated:
                LastReviewDate:
                Cals:
                IsIndividual:
                NzCitizen:
                NzResidence:
                HighValueCustomer:
                StaffMember:
                AmlVerified:
                VipCustomer:
                Addresses: System.Collections.Generic.List`1[ASB.Selenium.DataModel.Customer.Address]
                AddressInformation: ASB.Selenium.DataModel.Customer.AddressInformation
                CompanyName:
                CompanyType:
                CompanySubType:
                CustomerTypeCode:
                IrdNumber:
                TaxClass:
                TaxClassDate:
                IsNzTaxResident: True
                NonResidentCountryCode:
                IsForeignTaxResident: False
                ForeignTaxResidencyStatus:
                IsProfileEnhanced:
                Phones: System.Collections.Generic.List`1[ASB.Selenium.DataModel.Customer.Phone]
                NextOfKin:
                EmploymentDetails:
                LinkedCustomers:
                AccountRelationships:
                IdType:
                Fatca: ASB.Selenium.DataModel.Customer.Fatca
                CitizenshipCountryCodes:
                CitizenshipCountryNames: System.Collections.Generic.List`1[System.String]
                ForeignTaxResidenceTypes:
                System.Collections.Generic.List`1[ASB.Selenium.DataModel.Customer.ForeignTaxResidenceTypes]
                OnboardingDetail: ASB.Selenium.DataModel.Customer.OnboardingDetail
                AddressVerificationStatus:
                IdVerificationStatus:
                PreferredIdType: Other
                IsProfileComplete: True
                DaysRemaining: 0
                OnboardingStatus:
                NewAccounts: System.Collections.Generic.List`1[ASB.Selenium.DataModel.Customer.Accounts]
                FailedAccounts: System.Collections.Generic.List`1[ASB.Selenium.DataModel.Customer.Accounts]
                OnboardingSource: JoinASB
                CustomerCreated:
                LoginCreated:
                RegisteredForNetcode:
                AccountsCreated:
                CustomerAccessToken:
                VerificationPassword: MyCode01
                LoginDetail: ASB.Selenium.DataModel.Customer.Login
                CustomerType:
                Cif:
                Username: afyi86081
                UsernameApi:
                Password: Kiwi77nz&#57348;
                PublicKey:
                AcceptedTermsAndConditions:
                BackgroundCheckConsent:
                PreferredIdType:
                -&gt; done: SummaryPageSteps.WhenIConfirmDetailsOnTheSummaryPage() (2.8s)
                Then the Logging you in progress page is displayed
                -&gt; done: ConfirmationPageSteps.ThenTheLoggingYouInProgressPageIsDisplayed() (16.5s)
                And the Activation page is displayed
                12/6/2017 2:26:13 AMThenTheActivationPageIsDisplayed: IsActivationPageDisplayed STARTED
                12/6/2017 2:26:13 AMThenTheActivationPageIsDisplayed: IsActivationPageDisplayed DONE
                12/6/2017 2:26:13 AMThenTheActivationPageIsDisplayed: IsSectionDisplayed STARTED
                12/6/2017 2:26:17 AMThenTheActivationPageIsDisplayed: IsSectionDisplayed DONE
                -&gt; done: ActivationSummarySteps.ThenTheActivationPageIsDisplayed() (8.9s)
                And the account number and product name is displayed for the selected products
                ==&gt; Successfully created: Streamline transaction account:
                12-3629-0385351-00
                ==&gt; Successfully created: ASB Visa Debit card:
                Issued for delivery within a week
                -&gt; done: ActivationSummarySteps.ThenTheAccountNumberAndProductNameIsDisplayedForTheSelectedProducts()
                (26.9s)
                And the Profile Details section is displayed
                *** Verifying section for non-Profile Enhanced customer ***
                *** Verifying section for Profile Complete customer ***
                -&gt; done: ActivationSummarySteps.ThenTheProfileDetailsSectionIsDisplayed() (1.1s)
            </system-out>
        </testcase>
        <testcase name="ACTSUM_05_VerifyActivateSummaryPageProofOfAddressSection" assertions="22" time="99.177896"
                  status="Passed" classname="Join.Form.Customer.Selenium.Features._08_ActivateSummaryFeature">

            <system-out>Given I start my Streamline application
                Navigating to URL: https://webappisamdev.asbbank.co.nz/public/join/asb/?grcDisabled=true
                -&gt; done: CommonSteps.GivenIStartMyStreamlineApplication() (0.7s)
                Given I select the following products: 'Streamline intro,ASB Visa Debit Streamline Intro,Savings On
                Call'
                12/6/2017 2:27:02 AMWaitForFeaturesPageLoad: Executing WaitForFrameAndSwitch
                12/6/2017 2:27:03 AMWaitForFeaturesPageLoad: Done executing WaitForFrameAndSwitch
                Unable to find product 'Savings On Call' in page or product 'Savings On Call' is not selected
                Unable to find product 'FastSaver' in page or product 'FastSaver' is not selected
                Unable to find product 'FastSaver' in page or product 'FastSaver' is not selected
                -&gt; done: ProductsPageSteps.WhenIChangeMySelectedProductsTo("Streamline intro,...") (17.1s)
                And I enter all required details and navigate to Summary page
                --- table step argument ---
                | Title | FirstName | MiddleName | LastName | DateOfBirth | Email | MobileNumber | CountriesCitizenship
                | PreferredIdType | Password | VerbalPassword |
                | Miss | Automation | RANDOM | FYICOB | RANDOM | cob2016@asb.co.nz | 021-RANDOM | New Zealand | Other |
                Kiwi77nz | MyCode01 |
                Given I enter mandatory Tax Information for NZ citizen and clicks on Next button
                -&gt; done: AdditionalPersonalDetailsSteps.GivenIEnterMandatoryTaxInformationForNZCitizen() (0.5s)
                -&gt; done: PersonalDetailsSteps.GivenIEnterAllRequiredDetailsAndNavigateToSummaryPage(&lt;table&gt;)
                (21.0s)
                When I confirm details on the Summary page
                UniqueId:
                Title: Miss
                FirstName: Automation
                MiddleName: COB-YivnW
                LastName: FYICOB
                Email: cob2016@asb.co.nz
                Gender:
                DateOfBirth: 4/28/1925 12:00:00 AM
                DateCreated:
                LastReviewDate:
                Cals:
                IsIndividual:
                NzCitizen:
                NzResidence:
                HighValueCustomer:
                StaffMember:
                AmlVerified:
                VipCustomer:
                Addresses: System.Collections.Generic.List`1[ASB.Selenium.DataModel.Customer.Address]
                AddressInformation: ASB.Selenium.DataModel.Customer.AddressInformation
                CompanyName:
                CompanyType:
                CompanySubType:
                CustomerTypeCode:
                IrdNumber:
                TaxClass:
                TaxClassDate:
                IsNzTaxResident: True
                NonResidentCountryCode:
                IsForeignTaxResident: False
                ForeignTaxResidencyStatus:
                IsProfileEnhanced:
                Phones: System.Collections.Generic.List`1[ASB.Selenium.DataModel.Customer.Phone]
                NextOfKin:
                EmploymentDetails:
                LinkedCustomers:
                AccountRelationships:
                IdType:
                Fatca: ASB.Selenium.DataModel.Customer.Fatca
                CitizenshipCountryCodes:
                CitizenshipCountryNames: System.Collections.Generic.List`1[System.String]
                ForeignTaxResidenceTypes:
                System.Collections.Generic.List`1[ASB.Selenium.DataModel.Customer.ForeignTaxResidenceTypes]
                OnboardingDetail: ASB.Selenium.DataModel.Customer.OnboardingDetail
                AddressVerificationStatus:
                IdVerificationStatus:
                PreferredIdType: Other
                IsProfileComplete: True
                DaysRemaining: 0
                OnboardingStatus:
                NewAccounts: System.Collections.Generic.List`1[ASB.Selenium.DataModel.Customer.Accounts]
                FailedAccounts: System.Collections.Generic.List`1[ASB.Selenium.DataModel.Customer.Accounts]
                OnboardingSource: JoinASB
                CustomerCreated:
                LoginCreated:
                RegisteredForNetcode:
                AccountsCreated:
                CustomerAccessToken:
                VerificationPassword: MyCode01
                LoginDetail: ASB.Selenium.DataModel.Customer.Login
                CustomerType:
                Cif:
                Username: afyi11314
                UsernameApi:
                Password: Kiwi77nz&#57348;
                PublicKey:
                AcceptedTermsAndConditions:
                BackgroundCheckConsent:
                PreferredIdType:
                -&gt; done: SummaryPageSteps.WhenIConfirmDetailsOnTheSummaryPage() (2.8s)
                Then the 'Processing' screen of Join ASB page is displayed
                -&gt; done: CommonSteps.ThenTheScreenOfJoinASBPageIsDisplayed("Processing") (0.0s)
                And the Logging you in progress page is displayed
                -&gt; done: ConfirmationPageSteps.ThenTheLoggingYouInProgressPageIsDisplayed() (18.2s)
                And the Activation page is displayed
                12/6/2017 2:27:53 AMThenTheActivationPageIsDisplayed: IsActivationPageDisplayed STARTED
                12/6/2017 2:27:53 AMThenTheActivationPageIsDisplayed: IsActivationPageDisplayed DONE
                12/6/2017 2:27:53 AMThenTheActivationPageIsDisplayed: IsSectionDisplayed STARTED
                12/6/2017 2:27:57 AMThenTheActivationPageIsDisplayed: IsSectionDisplayed DONE
                -&gt; done: ActivationSummarySteps.ThenTheActivationPageIsDisplayed() (8.8s)
                And the account number and product name is displayed for the selected products
                ==&gt; Successfully created: Streamline transaction account:
                12-3629-0385378-00
                ==&gt; Successfully created: ASB Visa Debit card:
                Issued for delivery within a week
                ==&gt; Successfully created: Savings On Call:
                12-3629-0385378-50
                -&gt; done: ActivationSummarySteps.ThenTheAccountNumberAndProductNameIsDisplayedForTheSelectedProducts()
                (27.0s)
                And the Proof of Address section is displayed
                *** Verifying section for non-Address Verified customer ***
                *** Verifying section for non-Address Verified customer ***
                -&gt; done: ActivationSummarySteps.ThenTheProofOfAddressSectionIsDisplayed() (0.3s)
            </system-out>
        </testcase>
        <testcase name="ACTSUM_06_VerifyActivateSummaryPageConfirmIdentitySection" assertions="24" time="102.631028"
                  status="Passed" classname="Join.Form.Customer.Selenium.Features._08_ActivateSummaryFeature">

            <system-out>Given I start my Streamline application
                Navigating to URL: https://webappisamdev.asbbank.co.nz/public/join/asb/?grcDisabled=true
                -&gt; done: CommonSteps.GivenIStartMyStreamlineApplication() (0.6s)
                Given I select the following products: 'Streamline intro,Savings On Call,FastSaver'
                12/6/2017 2:28:42 AMWaitForFeaturesPageLoad: Executing WaitForFrameAndSwitch
                12/6/2017 2:28:42 AMWaitForFeaturesPageLoad: Done executing WaitForFrameAndSwitch
                Unable to find product 'Savings On Call' in page or product 'Savings On Call' is not selected
                Unable to find product 'FastSaver' in page or product 'FastSaver' is not selected
                Unable to find product 'ASB Visa Debit Streamline Intro' in page or product 'ASB Visa Debit Streamline
                Intro' is not selected
                -&gt; done: ProductsPageSteps.WhenIChangeMySelectedProductsTo("Streamline intro,...") (20.3s)
                And I enter all required details and navigate to Summary page
                --- table step argument ---
                | Title | FirstName | MiddleName | LastName | DateOfBirth | Email | MobileNumber | CountriesCitizenship
                | PreferredIdType | Password | VerbalPassword |
                | Miss | Automation | RANDOM | FYICOB | RANDOM | cob2016@asb.co.nz | 021-RANDOM | New Zealand | Other |
                Kiwi77nz | MyCode01 |
                Given I enter mandatory Tax Information for NZ citizen and clicks on Next button
                -&gt; done: AdditionalPersonalDetailsSteps.GivenIEnterMandatoryTaxInformationForNZCitizen() (0.5s)
                -&gt; done: PersonalDetailsSteps.GivenIEnterAllRequiredDetailsAndNavigateToSummaryPage(&lt;table&gt;)
                (25.9s)
                When I confirm details on the Summary page
                UniqueId:
                Title: Miss
                FirstName: Automation
                MiddleName: COB-OjmjW
                LastName: FYICOB
                Email: cob2016@asb.co.nz
                Gender:
                DateOfBirth: 11/5/1946 12:00:00 AM
                DateCreated:
                LastReviewDate:
                Cals:
                IsIndividual:
                NzCitizen:
                NzResidence:
                HighValueCustomer:
                StaffMember:
                AmlVerified:
                VipCustomer:
                Addresses: System.Collections.Generic.List`1[ASB.Selenium.DataModel.Customer.Address]
                AddressInformation: ASB.Selenium.DataModel.Customer.AddressInformation
                CompanyName:
                CompanyType:
                CompanySubType:
                CustomerTypeCode:
                IrdNumber:
                TaxClass:
                TaxClassDate:
                IsNzTaxResident: True
                NonResidentCountryCode:
                IsForeignTaxResident: False
                ForeignTaxResidencyStatus:
                IsProfileEnhanced:
                Phones: System.Collections.Generic.List`1[ASB.Selenium.DataModel.Customer.Phone]
                NextOfKin:
                EmploymentDetails:
                LinkedCustomers:
                AccountRelationships:
                IdType:
                Fatca: ASB.Selenium.DataModel.Customer.Fatca
                CitizenshipCountryCodes:
                CitizenshipCountryNames: System.Collections.Generic.List`1[System.String]
                ForeignTaxResidenceTypes:
                System.Collections.Generic.List`1[ASB.Selenium.DataModel.Customer.ForeignTaxResidenceTypes]
                OnboardingDetail: ASB.Selenium.DataModel.Customer.OnboardingDetail
                AddressVerificationStatus:
                IdVerificationStatus:
                PreferredIdType: Other
                IsProfileComplete: True
                DaysRemaining: 0
                OnboardingStatus:
                NewAccounts: System.Collections.Generic.List`1[ASB.Selenium.DataModel.Customer.Accounts]
                FailedAccounts: System.Collections.Generic.List`1[ASB.Selenium.DataModel.Customer.Accounts]
                OnboardingSource: JoinASB
                CustomerCreated:
                LoginCreated:
                RegisteredForNetcode:
                AccountsCreated:
                CustomerAccessToken:
                VerificationPassword: MyCode01
                LoginDetail: ASB.Selenium.DataModel.Customer.Login
                CustomerType:
                Cif:
                Username: afyi58408
                UsernameApi:
                Password: Kiwi77nz&#57348;
                PublicKey:
                AcceptedTermsAndConditions:
                BackgroundCheckConsent:
                PreferredIdType:
                -&gt; done: SummaryPageSteps.WhenIConfirmDetailsOnTheSummaryPage() (2.8s)
                Then the 'Processing' screen of Join ASB page is displayed
                -&gt; done: CommonSteps.ThenTheScreenOfJoinASBPageIsDisplayed("Processing") (0.0s)
                And the Logging you in progress page is displayed
                -&gt; done: ConfirmationPageSteps.ThenTheLoggingYouInProgressPageIsDisplayed() (15.4s)
                And the Activation page is displayed
                12/6/2017 2:29:38 AMThenTheActivationPageIsDisplayed: IsActivationPageDisplayed STARTED
                12/6/2017 2:29:38 AMThenTheActivationPageIsDisplayed: IsActivationPageDisplayed DONE
                12/6/2017 2:29:38 AMThenTheActivationPageIsDisplayed: IsSectionDisplayed STARTED
                12/6/2017 2:29:40 AMThenTheActivationPageIsDisplayed: IsSectionDisplayed DONE
                -&gt; done: ActivationSummarySteps.ThenTheActivationPageIsDisplayed() (6.7s)
                And the account number and product name is displayed for the selected products
                ==&gt; Successfully created: Streamline transaction account:
                12-3629-0385386-00
                ==&gt; Successfully created: Savings On Call:
                12-3629-0385386-50
                ==&gt; Successfully created: FastSaver:
                12-3629-0385386-51
                -&gt; done: ActivationSummarySteps.ThenTheAccountNumberAndProductNameIsDisplayedForTheSelectedProducts()
                (27.0s)
                And the Confirm Identity section is displayed
                *** Verifying section for non-ID Verified customer ***
                *** Verifying section for customer with Preferred ID = 'Other' ***
                *** Verifying EIDV-Switched OFF Confirm Identity section for customer with Preferred ID: Other
                -&gt; done: ActivationSummarySteps.ThenTheConfirmIdentitySectionIsDisplayed() (0.5s)
            </system-out>
        </testcase>
        <testcase name="ACTSUM_07_VerifyActivateSummaryPageAcceptableDocumentsAndFindABranchSection" assertions="18"
                  time="71.569058" status="Passed"
                  classname="Join.Form.Customer.Selenium.Features._08_ActivateSummaryFeature">

            <system-out>Given I start my Streamline application
                Navigating to URL: https://webappisamdev.asbbank.co.nz/public/join/asb/?grcDisabled=true
                -&gt; done: CommonSteps.GivenIStartMyStreamlineApplication() (0.8s)
                Given I select the following products: 'Streamline intro,ASB Visa Debit Streamline Intro'
                12/6/2017 2:30:24 AMWaitForFeaturesPageLoad: Executing WaitForFrameAndSwitch
                12/6/2017 2:30:25 AMWaitForFeaturesPageLoad: Done executing WaitForFrameAndSwitch
                Unable to find product 'FastSaver' in page or product 'FastSaver' is not selected
                Unable to find product 'Savings On Call' in page or product 'Savings On Call' is not selected
                Unable to find product 'Savings On Call' in page or product 'Savings On Call' is not selected
                Unable to find product 'FastSaver' in page or product 'FastSaver' is not selected
                -&gt; done: ProductsPageSteps.WhenIChangeMySelectedProductsTo("Streamline intro,...") (15.1s)
                And I enter all required details and navigate to Summary page
                --- table step argument ---
                | Title | FirstName | MiddleName | LastName | DateOfBirth | Email | MobileNumber | CountriesCitizenship
                | PreferredIdType | Password | VerbalPassword |
                | Miss | Automation | RANDOM | FYICOB | RANDOM | cob2016@asb.co.nz | 021-RANDOM | New Zealand | Other |
                Kiwi77nz | MyCode01 |
                Given I enter mandatory Tax Information for NZ citizen and clicks on Next button
                -&gt; done: AdditionalPersonalDetailsSteps.GivenIEnterMandatoryTaxInformationForNZCitizen() (0.5s)
                -&gt; done: PersonalDetailsSteps.GivenIEnterAllRequiredDetailsAndNavigateToSummaryPage(&lt;table&gt;)
                (20.2s)
                When I confirm details on the Summary page
                UniqueId:
                Title: Miss
                FirstName: Automation
                MiddleName: COB-wbLQF
                LastName: FYICOB
                Email: cob2016@asb.co.nz
                Gender:
                DateOfBirth: 4/17/1944 12:00:00 AM
                DateCreated:
                LastReviewDate:
                Cals:
                IsIndividual:
                NzCitizen:
                NzResidence:
                HighValueCustomer:
                StaffMember:
                AmlVerified:
                VipCustomer:
                Addresses: System.Collections.Generic.List`1[ASB.Selenium.DataModel.Customer.Address]
                AddressInformation: ASB.Selenium.DataModel.Customer.AddressInformation
                CompanyName:
                CompanyType:
                CompanySubType:
                CustomerTypeCode:
                IrdNumber:
                TaxClass:
                TaxClassDate:
                IsNzTaxResident: True
                NonResidentCountryCode:
                IsForeignTaxResident: False
                ForeignTaxResidencyStatus:
                IsProfileEnhanced:
                Phones: System.Collections.Generic.List`1[ASB.Selenium.DataModel.Customer.Phone]
                NextOfKin:
                EmploymentDetails:
                LinkedCustomers:
                AccountRelationships:
                IdType:
                Fatca: ASB.Selenium.DataModel.Customer.Fatca
                CitizenshipCountryCodes:
                CitizenshipCountryNames: System.Collections.Generic.List`1[System.String]
                ForeignTaxResidenceTypes:
                System.Collections.Generic.List`1[ASB.Selenium.DataModel.Customer.ForeignTaxResidenceTypes]
                OnboardingDetail: ASB.Selenium.DataModel.Customer.OnboardingDetail
                AddressVerificationStatus:
                IdVerificationStatus:
                PreferredIdType: Other
                IsProfileComplete: True
                DaysRemaining: 0
                OnboardingStatus:
                NewAccounts: System.Collections.Generic.List`1[ASB.Selenium.DataModel.Customer.Accounts]
                FailedAccounts: System.Collections.Generic.List`1[ASB.Selenium.DataModel.Customer.Accounts]
                OnboardingSource: JoinASB
                CustomerCreated:
                LoginCreated:
                RegisteredForNetcode:
                AccountsCreated:
                CustomerAccessToken:
                VerificationPassword: MyCode01
                LoginDetail: ASB.Selenium.DataModel.Customer.Login
                CustomerType:
                Cif:
                Username: afyi89109
                UsernameApi:
                Password: Kiwi77nz&#57348;
                PublicKey:
                AcceptedTermsAndConditions:
                BackgroundCheckConsent:
                PreferredIdType:
                -&gt; done: SummaryPageSteps.WhenIConfirmDetailsOnTheSummaryPage() (2.8s)
                Then the Logging you in progress page is displayed
                -&gt; done: ConfirmationPageSteps.ThenTheLoggingYouInProgressPageIsDisplayed() (17.5s)
                And the Activation page is displayed
                12/6/2017 2:31:11 AMThenTheActivationPageIsDisplayed: IsActivationPageDisplayed STARTED
                12/6/2017 2:31:12 AMThenTheActivationPageIsDisplayed: IsActivationPageDisplayed DONE
                12/6/2017 2:31:12 AMThenTheActivationPageIsDisplayed: IsSectionDisplayed STARTED
                12/6/2017 2:31:16 AMThenTheActivationPageIsDisplayed: IsSectionDisplayed DONE
                -&gt; done: ActivationSummarySteps.ThenTheActivationPageIsDisplayed() (9.0s)
                And the See a complete list of acceptable documents text is displayed conditionally
                Verifying acceptable documents link should be displayed
                Clicking on link: acceptable documents
                -&gt; done:
                ActivationSummarySteps.ThenTheSeeACompleteListOfAcceptableDocumentsTextIsDisplayedConditionally() (1.1s)
                And the Find a branch button is displayed conditionally
                Verifying Find a branch button should be displayed
                -&gt; done: ActivationSummarySteps.ThenTheFindABranchButtonOpensInANewWindow() (4.3s)
            </system-out>
        </testcase>
    </testsuite>
    <testsuite tests="24" time="2687.679323" errors="0" failures="5" skipped="0" timestamp="2017-12-05 13:31:24Z"
               name="Join.Form.Customer.Selenium.dll.Join.Form.Customer.Selenium.Features._08_ActivateSummaryFeature.ACTSUM_08_VerifyConfirmation_AdditionalDetails.">
        <testcase
                name="ACTSUM_08_VerifyConfirmation_AdditionalDetails(&quot;Yes-33%&quot;,&quot;Streamline intro&quot;,&quot;Yes&quot;,&quot;33%&quot;,&quot;111-111-111&quot;,&quot;New Zealand&quot;,&quot;Australia - X123GH78&quot;,&quot;true&quot;,System.String[])"
                assertions="41" time="92.600451" status="Passed"
                classname="Join.Form.Customer.Selenium.Features._08_ActivateSummaryFeature">

            <system-out>Given I start my Streamline application
                Navigating to URL: https://webappisamdev.asbbank.co.nz/public/join/asb/?grcDisabled=true
                -&gt; done: CommonSteps.GivenIStartMyStreamlineApplication() (0.6s)
                Given I select the following products: 'Streamline intro'
                12/6/2017 2:31:36 AMWaitForFeaturesPageLoad: Executing WaitForFrameAndSwitch
                12/6/2017 2:31:36 AMWaitForFeaturesPageLoad: Done executing WaitForFrameAndSwitch
                Unable to find product 'FastSaver' in page or product 'FastSaver' is not selected
                Unable to find product 'Savings On Call' in page or product 'Savings On Call' is not selected
                Unable to find product 'ASB Visa Debit Streamline Intro' in page or product 'ASB Visa Debit Streamline
                Intro' is not selected
                Unable to find product 'Savings On Call' in page or product 'Savings On Call' is not selected
                Unable to find product 'FastSaver' in page or product 'FastSaver' is not selected
                -&gt; done: ProductsPageSteps.WhenIChangeMySelectedProductsTo("Streamline intro") (16.1s)
                And I enter all required details in the Personal details page and clicks on Next button:
                --- table step argument ---
                | Title | FirstName | MiddleName | LastName | DateOfBirth | Email | MobileNumber | CountriesCitizenship
                | PreferredIdType |
                | Miss | Automation | RANDOM | FYICOB | RANDOM | cob2016@asb.co.nz | 021-RANDOM | New Zealand | Other |
                -&gt; done: PersonalDetailsSteps.WhenIEnterAllRequiredDetailsForPersonalDetailsPage(&lt;table&gt;)
                (14.4s)
                And I select 'Yes' in the Are you a New Zealand tax resident question
                -&gt; done: AdditionalPersonalDetailsSteps.WhenISelectInTheAreYouANewZealandTaxResidentQuestion("Yes")
                (0.1s)
                And I select '33%' in the Resident Withholding Tax Rate dropdown
                -&gt; done: AdditionalPersonalDetailsSteps.WhenISelectInTheResidentWithholdingTaxRateDropdown("33%")
                (0.1s)
                And I enter non resident country and date for a non NZ tax resident
                -&gt; done: AdditionalPersonalDetailsSteps.WhenIEnterNonResidentCountryAndDateForANonNZTaxResident()
                (0.0s)
                And I enter additional information with Profile Complete flag '111-111-111', 'New Zealand', 'Australia -
                X123GH78', 'true'
                -&gt; done:
                AdditionalPersonalDetailsSteps.GivenIEnterAdditionalInformationWithProfileCompleteFlag("111-111-111",
                "New Zealand", "Australia - X123GH78", "true") (2.3s)
                And I click on 'Next' button
                -&gt; done: CommonSteps.WhenIClickOnButton("Next") (0.1s)
                And I enter 'Kiwi77nz' password and 'MyCode01' verbal password in the ASB Login page and clicks on Next
                button
                -&gt; done:
                ASBLoginPageSteps.WhenIEnterPasswordAndVerbalPasswordInTheASBLoginPageAndClicksOnNextButton("Kiwi77nz",
                "MyCode01") (1.1s)
                When I confirm details on the Summary page
                UniqueId:
                Title: Miss
                FirstName: Automation
                MiddleName: COB-lIEul
                LastName: FYICOB
                Email: cob2016@asb.co.nz
                Gender:
                DateOfBirth: 5/9/1988 12:00:00 AM
                DateCreated:
                LastReviewDate:
                Cals:
                IsIndividual:
                NzCitizen:
                NzResidence:
                HighValueCustomer:
                StaffMember:
                AmlVerified:
                VipCustomer:
                Addresses: System.Collections.Generic.List`1[ASB.Selenium.DataModel.Customer.Address]
                AddressInformation: ASB.Selenium.DataModel.Customer.AddressInformation
                CompanyName:
                CompanyType:
                CompanySubType:
                CustomerTypeCode:
                IrdNumber: 111-111-111
                TaxClass: 33%
                TaxClassDate:
                IsNzTaxResident: True
                NonResidentCountryCode:
                IsForeignTaxResident: True
                ForeignTaxResidencyStatus:
                IsProfileEnhanced:
                Phones: System.Collections.Generic.List`1[ASB.Selenium.DataModel.Customer.Phone]
                NextOfKin:
                EmploymentDetails:
                LinkedCustomers:
                AccountRelationships:
                IdType:
                Fatca: ASB.Selenium.DataModel.Customer.Fatca
                CitizenshipCountryCodes:
                CitizenshipCountryNames: System.Collections.Generic.List`1[System.String]
                ForeignTaxResidenceTypes:
                System.Collections.Generic.List`1[ASB.Selenium.DataModel.Customer.ForeignTaxResidenceTypes]
                OnboardingDetail: ASB.Selenium.DataModel.Customer.OnboardingDetail
                AddressVerificationStatus:
                IdVerificationStatus:
                PreferredIdType: Other
                IsProfileComplete: True
                DaysRemaining: 0
                OnboardingStatus:
                NewAccounts: System.Collections.Generic.List`1[ASB.Selenium.DataModel.Customer.Accounts]
                FailedAccounts: System.Collections.Generic.List`1[ASB.Selenium.DataModel.Customer.Accounts]
                OnboardingSource: JoinASB
                CustomerCreated:
                LoginCreated:
                RegisteredForNetcode:
                AccountsCreated:
                CustomerAccessToken:
                VerificationPassword: MyCode01
                LoginDetail: ASB.Selenium.DataModel.Customer.Login
                CustomerType:
                Cif:
                Username: afyi73470
                UsernameApi:
                Password: Kiwi77nz
                PublicKey:
                AcceptedTermsAndConditions:
                BackgroundCheckConsent:
                PreferredIdType:
                -&gt; done: SummaryPageSteps.WhenIConfirmDetailsOnTheSummaryPage() (3.0s)
                Then the Logging you in progress page is displayed
                -&gt; done: ConfirmationPageSteps.ThenTheLoggingYouInProgressPageIsDisplayed() (15.6s)
                And the Activation page is displayed
                12/6/2017 2:32:20 AMThenTheActivationPageIsDisplayed: IsActivationPageDisplayed STARTED
                12/6/2017 2:32:20 AMThenTheActivationPageIsDisplayed: IsActivationPageDisplayed DONE
                12/6/2017 2:32:20 AMThenTheActivationPageIsDisplayed: IsSectionDisplayed STARTED
                12/6/2017 2:32:23 AMThenTheActivationPageIsDisplayed: IsSectionDisplayed DONE
                -&gt; done: ActivationSummarySteps.ThenTheActivationPageIsDisplayed() (6.9s)
                And the account number and product name is displayed for the selected products
                ==&gt; Successfully created: Streamline transaction account:
                12-3629-0385407-00
                -&gt; done: ActivationSummarySteps.ThenTheAccountNumberAndProductNameIsDisplayedForTheSelectedProducts()
                (26.8s)
                And the 'Activate your account' section is displayed
                -&gt; done: ActivationSummarySteps.ThenTheSectionIsDisplayed("Activate your acc...") (0.0s)
                And the Activate your account header is displayed
                -&gt; done: ActivationSummarySteps.ThenTheActivateYourAccountHeaderIsDisplayed() (0.0s)
                And the Profile Details section is displayed
                *** Verifying section for non-Profile Enhanced customer ***
                *** Verifying section for Profile Complete customer ***
                -&gt; done: ActivationSummarySteps.ThenTheProfileDetailsSectionIsDisplayed() (1.1s)
                And the Proof of Address section is displayed
                *** Verifying section for non-Address Verified customer ***
                *** Verifying section for non-Address Verified customer ***
                -&gt; done: ActivationSummarySteps.ThenTheProofOfAddressSectionIsDisplayed() (0.2s)
                And the Confirm Identity section is displayed
                *** Verifying section for non-ID Verified customer ***
                *** Verifying section for customer with Preferred ID = 'Other' ***
                *** Verifying EIDV-Switched OFF Confirm Identity section for customer with Preferred ID: Other
                -&gt; done: ActivationSummarySteps.ThenTheConfirmIdentitySectionIsDisplayed() (0.4s)
                And the See a complete list of acceptable documents text is displayed conditionally
                Verifying acceptable documents link should be displayed
                Clicking on link: acceptable documents
                -&gt; done:
                ActivationSummarySteps.ThenTheSeeACompleteListOfAcceptableDocumentsTextIsDisplayedConditionally() (1.1s)
                And the Find a branch button is displayed conditionally
                Verifying Find a branch button should be displayed
                -&gt; done: ActivationSummarySteps.ThenTheFindABranchButtonOpensInANewWindow() (1.7s)
            </system-out>
        </testcase>
        <testcase
                name="ACTSUM_08_VerifyConfirmation_AdditionalDetails(&quot;Yes-30% - COFTR in NRC, Optional TIN&quot;,&quot;Streamline intro,ASB Visa Debit Streamline Intro&quot;,&quot;Yes&quot;,&quot;30%&quot;,&quot;111-111-111&quot;,&quot;New Zealand&quot;,&quot;Taiwan - 12345ABC&quot;,&quot;true&quot;,System.String[])"
                assertions="42" time="95.059292" status="Passed"
                classname="Join.Form.Customer.Selenium.Features._08_ActivateSummaryFeature">

            <system-out>Given I start my Streamline application
                Navigating to URL: https://webappisamdev.asbbank.co.nz/public/join/asb/?grcDisabled=true
                -&gt; done: CommonSteps.GivenIStartMyStreamlineApplication() (0.6s)
                Given I select the following products: 'Streamline intro,ASB Visa Debit Streamline Intro'
                12/6/2017 2:33:09 AMWaitForFeaturesPageLoad: Executing WaitForFrameAndSwitch
                12/6/2017 2:33:09 AMWaitForFeaturesPageLoad: Done executing WaitForFrameAndSwitch
                Unable to find product 'FastSaver' in page or product 'FastSaver' is not selected
                Unable to find product 'Savings On Call' in page or product 'Savings On Call' is not selected
                Unable to find product 'Savings On Call' in page or product 'Savings On Call' is not selected
                Unable to find product 'FastSaver' in page or product 'FastSaver' is not selected
                -&gt; done: ProductsPageSteps.WhenIChangeMySelectedProductsTo("Streamline intro,...") (15.1s)
                And I enter all required details in the Personal details page and clicks on Next button:
                --- table step argument ---
                | Title | FirstName | MiddleName | LastName | DateOfBirth | Email | MobileNumber | CountriesCitizenship
                | PreferredIdType |
                | Miss | Automation | RANDOM | FYICOB | RANDOM | cob2016@asb.co.nz | 021-RANDOM | New Zealand | Other |
                -&gt; done: PersonalDetailsSteps.WhenIEnterAllRequiredDetailsForPersonalDetailsPage(&lt;table&gt;)
                (15.1s)
                And I select 'Yes' in the Are you a New Zealand tax resident question
                -&gt; done: AdditionalPersonalDetailsSteps.WhenISelectInTheAreYouANewZealandTaxResidentQuestion("Yes")
                (0.1s)
                And I select '30%' in the Resident Withholding Tax Rate dropdown
                -&gt; done: AdditionalPersonalDetailsSteps.WhenISelectInTheResidentWithholdingTaxRateDropdown("30%")
                (0.2s)
                And I enter non resident country and date for a non NZ tax resident
                -&gt; done: AdditionalPersonalDetailsSteps.WhenIEnterNonResidentCountryAndDateForANonNZTaxResident()
                (0.0s)
                And I enter additional information with Profile Complete flag '111-111-111', 'New Zealand', 'Taiwan -
                12345ABC', 'true'
                -&gt; done:
                AdditionalPersonalDetailsSteps.GivenIEnterAdditionalInformationWithProfileCompleteFlag("111-111-111",
                "New Zealand", "Taiwan - 12345ABC", "true") (2.3s)
                And I click on 'Next' button
                -&gt; done: CommonSteps.WhenIClickOnButton("Next") (0.1s)
                And I enter 'Kiwi77nz' password and 'MyCode01' verbal password in the ASB Login page and clicks on Next
                button
                -&gt; done:
                ASBLoginPageSteps.WhenIEnterPasswordAndVerbalPasswordInTheASBLoginPageAndClicksOnNextButton("Kiwi77nz",
                "MyCode01") (1.1s)
                When I confirm details on the Summary page
                UniqueId:
                Title: Miss
                FirstName: Automation
                MiddleName: COB-SjmeQ
                LastName: FYICOB
                Email: cob2016@asb.co.nz
                Gender:
                DateOfBirth: 2/21/1982 12:00:00 AM
                DateCreated:
                LastReviewDate:
                Cals:
                IsIndividual:
                NzCitizen:
                NzResidence:
                HighValueCustomer:
                StaffMember:
                AmlVerified:
                VipCustomer:
                Addresses: System.Collections.Generic.List`1[ASB.Selenium.DataModel.Customer.Address]
                AddressInformation: ASB.Selenium.DataModel.Customer.AddressInformation
                CompanyName:
                CompanyType:
                CompanySubType:
                CustomerTypeCode:
                IrdNumber: 111-111-111
                TaxClass: 30%
                TaxClassDate:
                IsNzTaxResident: True
                NonResidentCountryCode:
                IsForeignTaxResident: True
                ForeignTaxResidencyStatus:
                IsProfileEnhanced:
                Phones: System.Collections.Generic.List`1[ASB.Selenium.DataModel.Customer.Phone]
                NextOfKin:
                EmploymentDetails:
                LinkedCustomers:
                AccountRelationships:
                IdType:
                Fatca: ASB.Selenium.DataModel.Customer.Fatca
                CitizenshipCountryCodes:
                CitizenshipCountryNames: System.Collections.Generic.List`1[System.String]
                ForeignTaxResidenceTypes:
                System.Collections.Generic.List`1[ASB.Selenium.DataModel.Customer.ForeignTaxResidenceTypes]
                OnboardingDetail: ASB.Selenium.DataModel.Customer.OnboardingDetail
                AddressVerificationStatus:
                IdVerificationStatus:
                PreferredIdType: Other
                IsProfileComplete: True
                DaysRemaining: 0
                OnboardingStatus:
                NewAccounts: System.Collections.Generic.List`1[ASB.Selenium.DataModel.Customer.Accounts]
                FailedAccounts: System.Collections.Generic.List`1[ASB.Selenium.DataModel.Customer.Accounts]
                OnboardingSource: JoinASB
                CustomerCreated:
                LoginCreated:
                RegisteredForNetcode:
                AccountsCreated:
                CustomerAccessToken:
                VerificationPassword: MyCode01
                LoginDetail: ASB.Selenium.DataModel.Customer.Login
                CustomerType:
                Cif:
                Username: afyi09110
                UsernameApi:
                Password: Kiwi77nz
                PublicKey:
                AcceptedTermsAndConditions:
                BackgroundCheckConsent:
                PreferredIdType:
                -&gt; done: SummaryPageSteps.WhenIConfirmDetailsOnTheSummaryPage() (2.8s)
                Then the Logging you in progress page is displayed
                -&gt; done: ConfirmationPageSteps.ThenTheLoggingYouInProgressPageIsDisplayed() (18.4s)
                And the Activation page is displayed
                12/6/2017 2:33:55 AMThenTheActivationPageIsDisplayed: IsActivationPageDisplayed STARTED
                12/6/2017 2:33:55 AMThenTheActivationPageIsDisplayed: IsActivationPageDisplayed DONE
                12/6/2017 2:33:55 AMThenTheActivationPageIsDisplayed: IsSectionDisplayed STARTED
                12/6/2017 2:33:58 AMThenTheActivationPageIsDisplayed: IsSectionDisplayed DONE
                -&gt; done: ActivationSummarySteps.ThenTheActivationPageIsDisplayed() (6.9s)
                And the account number and product name is displayed for the selected products
                ==&gt; Successfully created: Streamline transaction account:
                12-3629-0385415-00
                ==&gt; Successfully created: ASB Visa Debit card:
                Issued for delivery within a week
                -&gt; done: ActivationSummarySteps.ThenTheAccountNumberAndProductNameIsDisplayedForTheSelectedProducts()
                (26.9s)
                And the 'Activate your account' section is displayed
                -&gt; done: ActivationSummarySteps.ThenTheSectionIsDisplayed("Activate your acc...") (0.0s)
                And the Activate your account header is displayed
                -&gt; done: ActivationSummarySteps.ThenTheActivateYourAccountHeaderIsDisplayed() (0.0s)
                And the Profile Details section is displayed
                *** Verifying section for non-Profile Enhanced customer ***
                *** Verifying section for Profile Complete customer ***
                -&gt; done: ActivationSummarySteps.ThenTheProfileDetailsSectionIsDisplayed() (1.1s)
                And the Proof of Address section is displayed
                *** Verifying section for non-Address Verified customer ***
                *** Verifying section for non-Address Verified customer ***
                -&gt; done: ActivationSummarySteps.ThenTheProofOfAddressSectionIsDisplayed() (0.2s)
                And the Confirm Identity section is displayed
                *** Verifying section for non-ID Verified customer ***
                *** Verifying section for customer with Preferred ID = 'Other' ***
                *** Verifying EIDV-Switched OFF Confirm Identity section for customer with Preferred ID: Other
                -&gt; done: ActivationSummarySteps.ThenTheConfirmIdentitySectionIsDisplayed() (0.5s)
                And the See a complete list of acceptable documents text is displayed conditionally
                Verifying acceptable documents link should be displayed
                Clicking on link: acceptable documents
                -&gt; done:
                ActivationSummarySteps.ThenTheSeeACompleteListOfAcceptableDocumentsTextIsDisplayedConditionally() (1.0s)
                And the Find a branch button is displayed conditionally
                Verifying Find a branch button should be displayed
                -&gt; done: ActivationSummarySteps.ThenTheFindABranchButtonOpensInANewWindow() (1.6s)
            </system-out>
        </testcase>
        <testcase
                name="ACTSUM_08_VerifyConfirmation_AdditionalDetails(&quot;Yes-17.5%&quot;,&quot;Streamline intro,ASB Visa Debit Streamline Intro,Savings On Call&quot;,&quot;Yes&quot;,&quot;17.5%&quot;,&quot;49-091-850&quot;,&quot;New Zealand&quot;,&quot;Skip&quot;,&quot;true&quot;,System.String[])"
                assertions="43" time="98.889304" status="Passed"
                classname="Join.Form.Customer.Selenium.Features._08_ActivateSummaryFeature">

            <system-out>Given I start my Streamline application
                Navigating to URL: https://webappisamdev.asbbank.co.nz/public/join/asb/?grcDisabled=true
                -&gt; done: CommonSteps.GivenIStartMyStreamlineApplication() (0.5s)
                Given I select the following products: 'Streamline intro,ASB Visa Debit Streamline Intro,Savings On
                Call'
                12/6/2017 2:34:44 AMWaitForFeaturesPageLoad: Executing WaitForFrameAndSwitch
                12/6/2017 2:34:44 AMWaitForFeaturesPageLoad: Done executing WaitForFrameAndSwitch
                Unable to find product 'Savings On Call' in page or product 'Savings On Call' is not selected
                Unable to find product 'FastSaver' in page or product 'FastSaver' is not selected
                Unable to find product 'FastSaver' in page or product 'FastSaver' is not selected
                -&gt; done: ProductsPageSteps.WhenIChangeMySelectedProductsTo("Streamline intro,...") (17.1s)
                And I enter all required details in the Personal details page and clicks on Next button:
                --- table step argument ---
                | Title | FirstName | MiddleName | LastName | DateOfBirth | Email | MobileNumber | CountriesCitizenship
                | PreferredIdType |
                | Miss | Automation | RANDOM | FYICOB | RANDOM | cob2016@asb.co.nz | 021-RANDOM | New Zealand | Other |
                -&gt; done: PersonalDetailsSteps.WhenIEnterAllRequiredDetailsForPersonalDetailsPage(&lt;table&gt;)
                (15.8s)
                And I select 'Yes' in the Are you a New Zealand tax resident question
                -&gt; done: AdditionalPersonalDetailsSteps.WhenISelectInTheAreYouANewZealandTaxResidentQuestion("Yes")
                (0.2s)
                And I select '17.5%' in the Resident Withholding Tax Rate dropdown
                -&gt; done: AdditionalPersonalDetailsSteps.WhenISelectInTheResidentWithholdingTaxRateDropdown("17.5%")
                (0.1s)
                And I enter non resident country and date for a non NZ tax resident
                -&gt; done: AdditionalPersonalDetailsSteps.WhenIEnterNonResidentCountryAndDateForANonNZTaxResident()
                (0.0s)
                And I enter additional information with Profile Complete flag '49-091-850', 'New Zealand', 'Skip',
                'true'
                -&gt; done:
                AdditionalPersonalDetailsSteps.GivenIEnterAdditionalInformationWithProfileCompleteFlag("49-091-850",
                "New Zealand", "Skip", "true") (0.4s)
                And I click on 'Next' button
                -&gt; done: CommonSteps.WhenIClickOnButton("Next") (0.1s)
                And I enter 'Kiwi77nz' password and 'MyCode01' verbal password in the ASB Login page and clicks on Next
                button
                -&gt; done:
                ASBLoginPageSteps.WhenIEnterPasswordAndVerbalPasswordInTheASBLoginPageAndClicksOnNextButton("Kiwi77nz",
                "MyCode01") (1.3s)
                When I confirm details on the Summary page
                UniqueId:
                Title: Miss
                FirstName: Automation
                MiddleName: COB-ZiMcZ
                LastName: FYICOB
                Email: cob2016@asb.co.nz
                Gender:
                DateOfBirth: 4/16/1962 12:00:00 AM
                DateCreated:
                LastReviewDate:
                Cals:
                IsIndividual:
                NzCitizen:
                NzResidence:
                HighValueCustomer:
                StaffMember:
                AmlVerified:
                VipCustomer:
                Addresses: System.Collections.Generic.List`1[ASB.Selenium.DataModel.Customer.Address]
                AddressInformation: ASB.Selenium.DataModel.Customer.AddressInformation
                CompanyName:
                CompanyType:
                CompanySubType:
                CustomerTypeCode:
                IrdNumber: 49-091-850
                TaxClass: 17.5%
                TaxClassDate:
                IsNzTaxResident: True
                NonResidentCountryCode:
                IsForeignTaxResident: False
                ForeignTaxResidencyStatus:
                IsProfileEnhanced:
                Phones: System.Collections.Generic.List`1[ASB.Selenium.DataModel.Customer.Phone]
                NextOfKin:
                EmploymentDetails:
                LinkedCustomers:
                AccountRelationships:
                IdType:
                Fatca: ASB.Selenium.DataModel.Customer.Fatca
                CitizenshipCountryCodes:
                CitizenshipCountryNames: System.Collections.Generic.List`1[System.String]
                ForeignTaxResidenceTypes:
                System.Collections.Generic.List`1[ASB.Selenium.DataModel.Customer.ForeignTaxResidenceTypes]
                OnboardingDetail: ASB.Selenium.DataModel.Customer.OnboardingDetail
                AddressVerificationStatus:
                IdVerificationStatus:
                PreferredIdType: Other
                IsProfileComplete: True
                DaysRemaining: 0
                OnboardingStatus:
                NewAccounts: System.Collections.Generic.List`1[ASB.Selenium.DataModel.Customer.Accounts]
                FailedAccounts: System.Collections.Generic.List`1[ASB.Selenium.DataModel.Customer.Accounts]
                OnboardingSource: JoinASB
                CustomerCreated:
                LoginCreated:
                RegisteredForNetcode:
                AccountsCreated:
                CustomerAccessToken:
                VerificationPassword: MyCode01
                LoginDetail: ASB.Selenium.DataModel.Customer.Login
                CustomerType:
                Cif:
                Username: afyi82947
                UsernameApi:
                Password: Kiwi77nz
                PublicKey:
                AcceptedTermsAndConditions:
                BackgroundCheckConsent:
                PreferredIdType:
                -&gt; done: SummaryPageSteps.WhenIConfirmDetailsOnTheSummaryPage() (2.8s)
                Then the Logging you in progress page is displayed
                -&gt; done: ConfirmationPageSteps.ThenTheLoggingYouInProgressPageIsDisplayed() (17.0s)
                And the Activation page is displayed
                12/6/2017 2:35:30 AMThenTheActivationPageIsDisplayed: IsActivationPageDisplayed STARTED
                12/6/2017 2:35:30 AMThenTheActivationPageIsDisplayed: IsActivationPageDisplayed DONE
                12/6/2017 2:35:30 AMThenTheActivationPageIsDisplayed: IsSectionDisplayed STARTED
                12/6/2017 2:35:35 AMThenTheActivationPageIsDisplayed: IsSectionDisplayed DONE
                -&gt; done: ActivationSummarySteps.ThenTheActivationPageIsDisplayed() (8.9s)
                And the account number and product name is displayed for the selected products
                ==&gt; Successfully created: Streamline transaction account:
                12-3629-0385423-00
                ==&gt; Successfully created: ASB Visa Debit card:
                Issued for delivery within a week
                ==&gt; Successfully created: Savings On Call:
                12-3629-0385423-50
                -&gt; done: ActivationSummarySteps.ThenTheAccountNumberAndProductNameIsDisplayedForTheSelectedProducts()
                (27.0s)
                And the 'Activate your account' section is displayed
                -&gt; done: ActivationSummarySteps.ThenTheSectionIsDisplayed("Activate your acc...") (0.0s)
                And the Activate your account header is displayed
                -&gt; done: ActivationSummarySteps.ThenTheActivateYourAccountHeaderIsDisplayed() (0.0s)
                And the Profile Details section is displayed
                *** Verifying section for non-Profile Enhanced customer ***
                *** Verifying section for Profile Complete customer ***
                -&gt; done: ActivationSummarySteps.ThenTheProfileDetailsSectionIsDisplayed() (1.1s)
                And the Proof of Address section is displayed
                *** Verifying section for non-Address Verified customer ***
                *** Verifying section for non-Address Verified customer ***
                -&gt; done: ActivationSummarySteps.ThenTheProofOfAddressSectionIsDisplayed() (0.2s)
                And the Confirm Identity section is displayed
                *** Verifying section for non-ID Verified customer ***
                *** Verifying section for customer with Preferred ID = 'Other' ***
                *** Verifying EIDV-Switched OFF Confirm Identity section for customer with Preferred ID: Other
                -&gt; done: ActivationSummarySteps.ThenTheConfirmIdentitySectionIsDisplayed() (0.5s)
                And the See a complete list of acceptable documents text is displayed conditionally
                Verifying acceptable documents link should be displayed
                Clicking on link: acceptable documents
                -&gt; done:
                ActivationSummarySteps.ThenTheSeeACompleteListOfAcceptableDocumentsTextIsDisplayedConditionally() (1.0s)
                And the Find a branch button is displayed conditionally
                Verifying Find a branch button should be displayed
                -&gt; done: ActivationSummarySteps.ThenTheFindABranchButtonOpensInANewWindow() (3.3s)
            </system-out>
        </testcase>
        <testcase
                name="ACTSUM_08_VerifyConfirmation_AdditionalDetails(&quot;Yes-10.5%&quot;,&quot;Streamline intro,Savings On Call,FastSaver&quot;,&quot;Yes&quot;,&quot;10.5%&quot;,&quot;35-901-981&quot;,&quot;Australia&quot;,&quot;Australia - X123GH78&quot;,&quot;true&quot;,System.String[])"
                assertions="43" time="107.081223" status="Passed"
                classname="Join.Form.Customer.Selenium.Features._08_ActivateSummaryFeature">

            <system-out>Given I start my Streamline application
                Navigating to URL: https://webappisamdev.asbbank.co.nz/public/join/asb/?grcDisabled=true
                -&gt; done: CommonSteps.GivenIStartMyStreamlineApplication() (0.6s)
                Given I select the following products: 'Streamline intro,Savings On Call,FastSaver'
                12/6/2017 2:36:23 AMWaitForFeaturesPageLoad: Executing WaitForFrameAndSwitch
                12/6/2017 2:36:23 AMWaitForFeaturesPageLoad: Done executing WaitForFrameAndSwitch
                Unable to find product 'Savings On Call' in page or product 'Savings On Call' is not selected
                Unable to find product 'FastSaver' in page or product 'FastSaver' is not selected
                Unable to find product 'ASB Visa Debit Streamline Intro' in page or product 'ASB Visa Debit Streamline
                Intro' is not selected
                -&gt; done: ProductsPageSteps.WhenIChangeMySelectedProductsTo("Streamline intro,...") (20.3s)
                And I enter all required details in the Personal details page and clicks on Next button:
                --- table step argument ---
                | Title | FirstName | MiddleName | LastName | DateOfBirth | Email | MobileNumber | CountriesCitizenship
                | PreferredIdType |
                | Miss | Automation | RANDOM | FYICOB | RANDOM | cob2016@asb.co.nz | 021-RANDOM | Australia | Other |
                -&gt; done: PersonalDetailsSteps.WhenIEnterAllRequiredDetailsForPersonalDetailsPage(&lt;table&gt;)
                (14.5s)
                And I select 'Yes' in the Are you a New Zealand tax resident question
                -&gt; done: AdditionalPersonalDetailsSteps.WhenISelectInTheAreYouANewZealandTaxResidentQuestion("Yes")
                (0.2s)
                And I select '10.5%' in the Resident Withholding Tax Rate dropdown
                -&gt; done: AdditionalPersonalDetailsSteps.WhenISelectInTheResidentWithholdingTaxRateDropdown("10.5%")
                (0.1s)
                And I enter non resident country and date for a non NZ tax resident
                -&gt; done: AdditionalPersonalDetailsSteps.WhenIEnterNonResidentCountryAndDateForANonNZTaxResident()
                (0.0s)
                And I enter additional information with Profile Complete flag '35-901-981', 'Australia', 'Australia -
                X123GH78', 'true'
                -&gt; done:
                AdditionalPersonalDetailsSteps.GivenIEnterAdditionalInformationWithProfileCompleteFlag("35-901-981",
                "Australia", "Australia - X123GH78", "true") (11.3s)
                And I click on 'Next' button
                -&gt; done: CommonSteps.WhenIClickOnButton("Next") (0.1s)
                And I enter 'Kiwi77nz' password and 'MyCode01' verbal password in the ASB Login page and clicks on Next
                button
                -&gt; done:
                ASBLoginPageSteps.WhenIEnterPasswordAndVerbalPasswordInTheASBLoginPageAndClicksOnNextButton("Kiwi77nz",
                "MyCode01") (1.2s)
                When I confirm details on the Summary page
                UniqueId:
                Title: Miss
                FirstName: Automation
                MiddleName: COB-jmLNV
                LastName: FYICOB
                Email: cob2016@asb.co.nz
                Gender:
                DateOfBirth: 9/4/1987 12:00:00 AM
                DateCreated:
                LastReviewDate:
                Cals:
                IsIndividual:
                NzCitizen:
                NzResidence:
                HighValueCustomer:
                StaffMember:
                AmlVerified:
                VipCustomer:
                Addresses: System.Collections.Generic.List`1[ASB.Selenium.DataModel.Customer.Address]
                AddressInformation: ASB.Selenium.DataModel.Customer.AddressInformation
                CompanyName:
                CompanyType:
                CompanySubType:
                CustomerTypeCode:
                IrdNumber: 35-901-981
                TaxClass: 10.5%
                TaxClassDate:
                IsNzTaxResident: True
                NonResidentCountryCode:
                IsForeignTaxResident: True
                ForeignTaxResidencyStatus:
                IsProfileEnhanced:
                Phones: System.Collections.Generic.List`1[ASB.Selenium.DataModel.Customer.Phone]
                NextOfKin:
                EmploymentDetails:
                LinkedCustomers:
                AccountRelationships:
                IdType:
                Fatca: ASB.Selenium.DataModel.Customer.Fatca
                CitizenshipCountryCodes:
                CitizenshipCountryNames: System.Collections.Generic.List`1[System.String]
                ForeignTaxResidenceTypes:
                System.Collections.Generic.List`1[ASB.Selenium.DataModel.Customer.ForeignTaxResidenceTypes]
                OnboardingDetail: ASB.Selenium.DataModel.Customer.OnboardingDetail
                AddressVerificationStatus:
                IdVerificationStatus:
                PreferredIdType: Other
                IsProfileComplete: True
                DaysRemaining: 0
                OnboardingStatus:
                NewAccounts: System.Collections.Generic.List`1[ASB.Selenium.DataModel.Customer.Accounts]
                FailedAccounts: System.Collections.Generic.List`1[ASB.Selenium.DataModel.Customer.Accounts]
                OnboardingSource: JoinASB
                CustomerCreated:
                LoginCreated:
                RegisteredForNetcode:
                AccountsCreated:
                CustomerAccessToken:
                VerificationPassword: MyCode01
                LoginDetail: ASB.Selenium.DataModel.Customer.Login
                CustomerType:
                Cif:
                Username: afyi55340
                UsernameApi:
                Password: Kiwi77nz
                PublicKey:
                AcceptedTermsAndConditions:
                BackgroundCheckConsent:
                PreferredIdType:
                -&gt; done: SummaryPageSteps.WhenIConfirmDetailsOnTheSummaryPage() (2.9s)
                Then the Logging you in progress page is displayed
                -&gt; done: ConfirmationPageSteps.ThenTheLoggingYouInProgressPageIsDisplayed() (14.6s)
                And the Activation page is displayed
                12/6/2017 2:37:19 AMThenTheActivationPageIsDisplayed: IsActivationPageDisplayed STARTED
                12/6/2017 2:37:19 AMThenTheActivationPageIsDisplayed: IsActivationPageDisplayed DONE
                12/6/2017 2:37:19 AMThenTheActivationPageIsDisplayed: IsSectionDisplayed STARTED
                12/6/2017 2:37:21 AMThenTheActivationPageIsDisplayed: IsSectionDisplayed DONE
                -&gt; done: ActivationSummarySteps.ThenTheActivationPageIsDisplayed() (6.8s)
                And the account number and product name is displayed for the selected products
                ==&gt; Successfully created: Streamline transaction account:
                12-3629-0385431-00
                ==&gt; Successfully created: Savings On Call:
                12-3629-0385431-50
                ==&gt; Successfully created: FastSaver:
                12-3629-0385431-51
                -&gt; done: ActivationSummarySteps.ThenTheAccountNumberAndProductNameIsDisplayedForTheSelectedProducts()
                (27.0s)
                And the 'Activate your account' section is displayed
                -&gt; done: ActivationSummarySteps.ThenTheSectionIsDisplayed("Activate your acc...") (0.0s)
                And the Activate your account header is displayed
                -&gt; done: ActivationSummarySteps.ThenTheActivateYourAccountHeaderIsDisplayed() (0.0s)
                And the Profile Details section is displayed
                *** Verifying section for non-Profile Enhanced customer ***
                *** Verifying section for Profile Complete customer ***
                -&gt; done: ActivationSummarySteps.ThenTheProfileDetailsSectionIsDisplayed() (1.1s)
                And the Proof of Address section is displayed
                *** Verifying section for non-Address Verified customer ***
                *** Verifying section for non-Address Verified customer ***
                -&gt; done: ActivationSummarySteps.ThenTheProofOfAddressSectionIsDisplayed() (0.2s)
                And the Confirm Identity section is displayed
                *** Verifying section for non-ID Verified customer ***
                *** Verifying section for customer with Preferred ID = 'Other' ***
                *** Verifying EIDV-Switched OFF Confirm Identity section for customer with Preferred ID: Other
                -&gt; done: ActivationSummarySteps.ThenTheConfirmIdentitySectionIsDisplayed() (0.5s)
                And the See a complete list of acceptable documents text is displayed conditionally
                Verifying acceptable documents link should be displayed
                Clicking on link: acceptable documents
                -&gt; done:
                ActivationSummarySteps.ThenTheSeeACompleteListOfAcceptableDocumentsTextIsDisplayedConditionally() (1.0s)
                And the Find a branch button is displayed conditionally
                Verifying Find a branch button should be displayed
                -&gt; done: ActivationSummarySteps.ThenTheFindABranchButtonOpensInANewWindow() (1.7s)
            </system-out>
        </testcase>
        <testcase
                name="ACTSUM_08_VerifyConfirmation_AdditionalDetails(&quot;Yes-Exempt from withholding tax&quot;,&quot;Streamline intro,ASB Visa Debit Streamline Intro,Savings On Call,FastSaver&quot;,&quot;Yes&quot;,&quot;Exempt from withholding tax&quot;,&quot;same&quot;,&quot;India&quot;,&quot;India - 12345ABC11&quot;,&quot;true&quot;,System.String[])"
                assertions="44" time="109.521362" status="Passed"
                classname="Join.Form.Customer.Selenium.Features._08_ActivateSummaryFeature">

            <system-out>Given I start my Streamline application
                Navigating to URL: https://webappisamdev.asbbank.co.nz/public/join/asb/?grcDisabled=true
                -&gt; done: CommonSteps.GivenIStartMyStreamlineApplication() (0.6s)
                Given I select the following products: 'Streamline intro,ASB Visa Debit Streamline Intro,Savings On
                Call,FastSaver'
                12/6/2017 2:38:10 AMWaitForFeaturesPageLoad: Executing WaitForFrameAndSwitch
                12/6/2017 2:38:10 AMWaitForFeaturesPageLoad: Done executing WaitForFrameAndSwitch
                Unable to find product 'Savings On Call' in page or product 'Savings On Call' is not selected
                Unable to find product 'FastSaver' in page or product 'FastSaver' is not selected
                -&gt; done: ProductsPageSteps.WhenIChangeMySelectedProductsTo("Streamline intro,...") (19.2s)
                And I enter all required details in the Personal details page and clicks on Next button:
                --- table step argument ---
                | Title | FirstName | MiddleName | LastName | DateOfBirth | Email | MobileNumber | CountriesCitizenship
                | PreferredIdType |
                | Miss | Automation | RANDOM | FYICOB | RANDOM | cob2016@asb.co.nz | 021-RANDOM | India | Other |
                -&gt; done: PersonalDetailsSteps.WhenIEnterAllRequiredDetailsForPersonalDetailsPage(&lt;table&gt;)
                (15.1s)
                And I select 'Yes' in the Are you a New Zealand tax resident question
                -&gt; done: AdditionalPersonalDetailsSteps.WhenISelectInTheAreYouANewZealandTaxResidentQuestion("Yes")
                (0.2s)
                And I select 'Exempt from withholding tax' in the Resident Withholding Tax Rate dropdown
                -&gt; done: AdditionalPersonalDetailsSteps.WhenISelectInTheResidentWithholdingTaxRateDropdown("Exempt
                from withh...") (0.1s)
                And I enter non resident country and date for a non NZ tax resident
                -&gt; done: AdditionalPersonalDetailsSteps.WhenIEnterNonResidentCountryAndDateForANonNZTaxResident()
                (0.0s)
                And I enter additional information with Profile Complete flag 'same', 'India', 'India - 12345ABC11',
                'true'
                -&gt; done:
                AdditionalPersonalDetailsSteps.GivenIEnterAdditionalInformationWithProfileCompleteFlag("same", "India",
                "India - 12345ABC11", "true") (11.1s)
                And I click on 'Next' button
                -&gt; done: CommonSteps.WhenIClickOnButton("Next") (0.1s)
                And I enter 'Kiwi77nz' password and 'MyCode01' verbal password in the ASB Login page and clicks on Next
                button
                -&gt; done:
                ASBLoginPageSteps.WhenIEnterPasswordAndVerbalPasswordInTheASBLoginPageAndClicksOnNextButton("Kiwi77nz",
                "MyCode01") (1.0s)
                When I confirm details on the Summary page
                UniqueId:
                Title: Miss
                FirstName: Automation
                MiddleName: COB-sPeRG
                LastName: FYICOB
                Email: cob2016@asb.co.nz
                Gender:
                DateOfBirth: 6/22/1980 12:00:00 AM
                DateCreated:
                LastReviewDate:
                Cals:
                IsIndividual:
                NzCitizen:
                NzResidence:
                HighValueCustomer:
                StaffMember:
                AmlVerified:
                VipCustomer:
                Addresses: System.Collections.Generic.List`1[ASB.Selenium.DataModel.Customer.Address]
                AddressInformation: ASB.Selenium.DataModel.Customer.AddressInformation
                CompanyName:
                CompanyType:
                CompanySubType:
                CustomerTypeCode:
                IrdNumber:
                TaxClass: 33%
                TaxClassDate:
                IsNzTaxResident: True
                NonResidentCountryCode:
                IsForeignTaxResident: True
                ForeignTaxResidencyStatus:
                IsProfileEnhanced:
                Phones: System.Collections.Generic.List`1[ASB.Selenium.DataModel.Customer.Phone]
                NextOfKin:
                EmploymentDetails:
                LinkedCustomers:
                AccountRelationships:
                IdType:
                Fatca: ASB.Selenium.DataModel.Customer.Fatca
                CitizenshipCountryCodes:
                CitizenshipCountryNames: System.Collections.Generic.List`1[System.String]
                ForeignTaxResidenceTypes:
                System.Collections.Generic.List`1[ASB.Selenium.DataModel.Customer.ForeignTaxResidenceTypes]
                OnboardingDetail: ASB.Selenium.DataModel.Customer.OnboardingDetail
                AddressVerificationStatus:
                IdVerificationStatus:
                PreferredIdType: Other
                IsProfileComplete: True
                DaysRemaining: 0
                OnboardingStatus:
                NewAccounts: System.Collections.Generic.List`1[ASB.Selenium.DataModel.Customer.Accounts]
                FailedAccounts: System.Collections.Generic.List`1[ASB.Selenium.DataModel.Customer.Accounts]
                OnboardingSource: JoinASB
                CustomerCreated:
                LoginCreated:
                RegisteredForNetcode:
                AccountsCreated:
                CustomerAccessToken:
                VerificationPassword: MyCode01
                LoginDetail: ASB.Selenium.DataModel.Customer.Login
                CustomerType:
                Cif:
                Username: afyi91568
                UsernameApi:
                Password: Kiwi77nz
                PublicKey:
                AcceptedTermsAndConditions:
                BackgroundCheckConsent:
                PreferredIdType:
                -&gt; done: SummaryPageSteps.WhenIConfirmDetailsOnTheSummaryPage() (2.8s)
                Then the Logging you in progress page is displayed
                -&gt; done: ConfirmationPageSteps.ThenTheLoggingYouInProgressPageIsDisplayed() (17.5s)
                And the Activation page is displayed
                12/6/2017 2:39:08 AMThenTheActivationPageIsDisplayed: IsActivationPageDisplayed STARTED
                12/6/2017 2:39:08 AMThenTheActivationPageIsDisplayed: IsActivationPageDisplayed DONE
                12/6/2017 2:39:08 AMThenTheActivationPageIsDisplayed: IsSectionDisplayed STARTED
                12/6/2017 2:39:12 AMThenTheActivationPageIsDisplayed: IsSectionDisplayed DONE
                -&gt; done: ActivationSummarySteps.ThenTheActivationPageIsDisplayed() (8.8s)
                And the account number and product name is displayed for the selected products
                ==&gt; Successfully created: Streamline transaction account:
                12-3629-0385458-00
                ==&gt; Successfully created: ASB Visa Debit card:
                Issued for delivery within a week
                ==&gt; Successfully created: Savings On Call:
                12-3629-0385458-50
                ==&gt; Successfully created: FastSaver:
                12-3629-0385458-51
                -&gt; done: ActivationSummarySteps.ThenTheAccountNumberAndProductNameIsDisplayedForTheSelectedProducts()
                (27.2s)
                And the 'Activate your account' section is displayed
                -&gt; done: ActivationSummarySteps.ThenTheSectionIsDisplayed("Activate your acc...") (0.0s)
                And the Activate your account header is displayed
                -&gt; done: ActivationSummarySteps.ThenTheActivateYourAccountHeaderIsDisplayed() (0.0s)
                And the Profile Details section is displayed
                *** Verifying section for non-Profile Enhanced customer ***
                *** Verifying section for Profile Complete customer ***
                -&gt; done: ActivationSummarySteps.ThenTheProfileDetailsSectionIsDisplayed() (1.1s)
                And the Proof of Address section is displayed
                *** Verifying section for non-Address Verified customer ***
                *** Verifying section for non-Address Verified customer ***
                -&gt; done: ActivationSummarySteps.ThenTheProofOfAddressSectionIsDisplayed() (0.2s)
                And the Confirm Identity section is displayed
                *** Verifying section for non-ID Verified customer ***
                *** Verifying section for customer with Preferred ID = 'Other' ***
                *** Verifying EIDV-Switched OFF Confirm Identity section for customer with Preferred ID: Other
                -&gt; done: ActivationSummarySteps.ThenTheConfirmIdentitySectionIsDisplayed() (0.5s)
                And the See a complete list of acceptable documents text is displayed conditionally
                Verifying acceptable documents link should be displayed
                Clicking on link: acceptable documents
                -&gt; done:
                ActivationSummarySteps.ThenTheSeeACompleteListOfAcceptableDocumentsTextIsDisplayedConditionally() (1.0s)
                And the Find a branch button is displayed conditionally
                Verifying Find a branch button should be displayed
                -&gt; done: ActivationSummarySteps.ThenTheFindABranchButtonOpensInANewWindow() (2.0s)
            </system-out>
        </testcase>
        <testcase
                name="ACTSUM_08_VerifyConfirmation_AdditionalDetails(&quot;No-Non-resident &#x2013; 2% Approved Issuer Levy - Other NRC, Optional TIN&quot;,&quot;Streamline intro&quot;,&quot;No&quot;,&quot;Non-resident &#x2013; 2% Approved Issuer Levy&quot;,&quot;same&quot;,&quot;United States&quot;,&quot;Yemen - 12345ABC&quot;,&quot;true&quot;,System.String[])"
                assertions="42" time="101.668736" status="Passed"
                classname="Join.Form.Customer.Selenium.Features._08_ActivateSummaryFeature">

            <system-out>Given I start my Streamline application
                Navigating to URL: https://webappisamdev.asbbank.co.nz/public/join/asb/?grcDisabled=true
                -&gt; done: CommonSteps.GivenIStartMyStreamlineApplication() (0.6s)
                Given I select the following products: 'Streamline intro'
                12/6/2017 2:40:00 AMWaitForFeaturesPageLoad: Executing WaitForFrameAndSwitch
                12/6/2017 2:40:00 AMWaitForFeaturesPageLoad: Done executing WaitForFrameAndSwitch
                Unable to find product 'FastSaver' in page or product 'FastSaver' is not selected
                Unable to find product 'Savings On Call' in page or product 'Savings On Call' is not selected
                Unable to find product 'ASB Visa Debit Streamline Intro' in page or product 'ASB Visa Debit Streamline
                Intro' is not selected
                Unable to find product 'Savings On Call' in page or product 'Savings On Call' is not selected
                Unable to find product 'FastSaver' in page or product 'FastSaver' is not selected
                -&gt; done: ProductsPageSteps.WhenIChangeMySelectedProductsTo("Streamline intro") (16.2s)
                And I enter all required details in the Personal details page and clicks on Next button:
                --- table step argument ---
                | Title | FirstName | MiddleName | LastName | DateOfBirth | Email | MobileNumber | CountriesCitizenship
                | PreferredIdType |
                | Miss | Automation | RANDOM | FYICOB | RANDOM | cob2016@asb.co.nz | 021-RANDOM | United States | Other
                |
                -&gt; done: PersonalDetailsSteps.WhenIEnterAllRequiredDetailsForPersonalDetailsPage(&lt;table&gt;)
                (21.6s)
                And I select 'No' in the Are you a New Zealand tax resident question
                -&gt; done: AdditionalPersonalDetailsSteps.WhenISelectInTheAreYouANewZealandTaxResidentQuestion("No")
                (0.2s)
                And I select 'Non-resident &#8211; 2% Approved Issuer Levy' in the Resident Withholding Tax Rate
                dropdown
                -&gt; done:
                AdditionalPersonalDetailsSteps.WhenISelectInTheResidentWithholdingTaxRateDropdown("Non-resident &#8211;
                2%...") (0.1s)
                And I enter non resident country and date for a non NZ tax resident
                -&gt; done: AdditionalPersonalDetailsSteps.WhenIEnterNonResidentCountryAndDateForANonNZTaxResident()
                (1.7s)
                And I enter additional information with Profile Complete flag 'same', 'United States', 'Yemen -
                12345ABC', 'true'
                -&gt; done:
                AdditionalPersonalDetailsSteps.GivenIEnterAdditionalInformationWithProfileCompleteFlag("same", "United
                States", "Yemen - 12345ABC", "true") (1.0s)
                And I click on 'Next' button
                -&gt; done: CommonSteps.WhenIClickOnButton("Next") (0.1s)
                And I enter 'Kiwi77nz' password and 'MyCode01' verbal password in the ASB Login page and clicks on Next
                button
                -&gt; done:
                ASBLoginPageSteps.WhenIEnterPasswordAndVerbalPasswordInTheASBLoginPageAndClicksOnNextButton("Kiwi77nz",
                "MyCode01") (1.0s)
                When I confirm details on the Summary page
                UniqueId:
                Title: Miss
                FirstName: Automation
                MiddleName: COB-qACsD
                LastName: FYICOB
                Email: cob2016@asb.co.nz
                Gender:
                DateOfBirth: 10/18/1960 12:00:00 AM
                DateCreated:
                LastReviewDate:
                Cals:
                IsIndividual:
                NzCitizen:
                NzResidence:
                HighValueCustomer:
                StaffMember:
                AmlVerified:
                VipCustomer:
                Addresses: System.Collections.Generic.List`1[ASB.Selenium.DataModel.Customer.Address]
                AddressInformation: ASB.Selenium.DataModel.Customer.AddressInformation
                CompanyName:
                CompanyType:
                CompanySubType:
                CustomerTypeCode:
                IrdNumber:
                TaxClass: Non-resident &#8211; 2% Approved Issuer Levy
                TaxClassDate: 10/18/1976 12:00:00 AM
                IsNzTaxResident: False
                NonResidentCountryCode:
                IsForeignTaxResident: True
                ForeignTaxResidencyStatus:
                IsProfileEnhanced: True
                Phones: System.Collections.Generic.List`1[ASB.Selenium.DataModel.Customer.Phone]
                NextOfKin:
                EmploymentDetails:
                LinkedCustomers:
                AccountRelationships:
                IdType:
                Fatca: ASB.Selenium.DataModel.Customer.Fatca
                CitizenshipCountryCodes:
                CitizenshipCountryNames: System.Collections.Generic.List`1[System.String]
                ForeignTaxResidenceTypes:
                System.Collections.Generic.List`1[ASB.Selenium.DataModel.Customer.ForeignTaxResidenceTypes]
                OnboardingDetail: ASB.Selenium.DataModel.Customer.OnboardingDetail
                AddressVerificationStatus:
                IdVerificationStatus:
                PreferredIdType: Other
                IsProfileComplete: True
                DaysRemaining: 0
                OnboardingStatus:
                NewAccounts: System.Collections.Generic.List`1[ASB.Selenium.DataModel.Customer.Accounts]
                FailedAccounts: System.Collections.Generic.List`1[ASB.Selenium.DataModel.Customer.Accounts]
                OnboardingSource: JoinASB
                CustomerCreated:
                LoginCreated:
                RegisteredForNetcode:
                AccountsCreated:
                CustomerAccessToken:
                VerificationPassword: MyCode01
                LoginDetail: ASB.Selenium.DataModel.Customer.Login
                CustomerType:
                Cif:
                Username: afyi24824
                UsernameApi:
                Password: Kiwi77nz
                PublicKey:
                AcceptedTermsAndConditions:
                BackgroundCheckConsent:
                PreferredIdType:
                -&gt; done: SummaryPageSteps.WhenIConfirmDetailsOnTheSummaryPage() (2.9s)
                Then the Logging you in progress page is displayed
                -&gt; done: ConfirmationPageSteps.ThenTheLoggingYouInProgressPageIsDisplayed() (14.2s)
                And the Activation page is displayed
                12/6/2017 2:40:50 AMThenTheActivationPageIsDisplayed: IsActivationPageDisplayed STARTED
                12/6/2017 2:40:50 AMThenTheActivationPageIsDisplayed: IsActivationPageDisplayed DONE
                12/6/2017 2:40:50 AMThenTheActivationPageIsDisplayed: IsSectionDisplayed STARTED
                12/6/2017 2:40:52 AMThenTheActivationPageIsDisplayed: IsSectionDisplayed DONE
                -&gt; done: ActivationSummarySteps.ThenTheActivationPageIsDisplayed() (6.8s)
                And the account number and product name is displayed for the selected products
                ==&gt; Successfully created: Streamline transaction account:
                12-3629-0385466-00
                -&gt; done: ActivationSummarySteps.ThenTheAccountNumberAndProductNameIsDisplayedForTheSelectedProducts()
                (26.8s)
                And the 'Activate your account' section is displayed
                -&gt; done: ActivationSummarySteps.ThenTheSectionIsDisplayed("Activate your acc...") (0.0s)
                And the Activate your account header is displayed
                -&gt; done: ActivationSummarySteps.ThenTheActivateYourAccountHeaderIsDisplayed() (0.0s)
                And the Profile Details section is displayed
                *** Verifying section for Profile Enhanced customer ***
                -&gt; done: ActivationSummarySteps.ThenTheProfileDetailsSectionIsDisplayed() (1.2s)
                And the Proof of Address section is displayed
                *** Verifying section for non-Address Verified customer ***
                *** Verifying section for non-Address Verified customer ***
                -&gt; done: ActivationSummarySteps.ThenTheProofOfAddressSectionIsDisplayed() (0.2s)
                And the Confirm Identity section is displayed
                *** Verifying section for non-ID Verified customer ***
                *** Verifying section for customer with Preferred ID = 'Other' ***
                *** Verifying EIDV-Switched OFF Confirm Identity section for customer with Preferred ID: Other
                -&gt; done: ActivationSummarySteps.ThenTheConfirmIdentitySectionIsDisplayed() (0.5s)
                And the See a complete list of acceptable documents text is displayed conditionally
                Verifying acceptable documents link should be displayed
                Clicking on link: acceptable documents
                -&gt; done:
                ActivationSummarySteps.ThenTheSeeACompleteListOfAcceptableDocumentsTextIsDisplayedConditionally() (1.1s)
                And the Find a branch button is displayed conditionally
                Verifying Find a branch button should be displayed
                -&gt; done: ActivationSummarySteps.ThenTheFindABranchButtonOpensInANewWindow() (1.6s)
            </system-out>
        </testcase>
        <testcase
                name="ACTSUM_08_VerifyConfirmation_AdditionalDetails(&quot;No-Non-resident &#x2013; country tax rate - Other NRC, Optional TIN&quot;,&quot;Streamline intro,ASB Visa Debit Streamline Intro,FastSaver&quot;,&quot;No&quot;,&quot;Non-resident &#x2013; country tax rate&quot;,&quot;same&quot;,&quot;New Zealand, Australia, India, Svalbard And Jan Mayen&quot;,&quot;Iceland - AB12345I&quot;,&quot;true&quot;,System.String[])"
                assertions="44" time="118.170071" status="Passed"
                classname="Join.Form.Customer.Selenium.Features._08_ActivateSummaryFeature">

            <system-out>Given I start my Streamline application
                Navigating to URL: https://webappisamdev.asbbank.co.nz/public/join/asb/?grcDisabled=true
                -&gt; done: CommonSteps.GivenIStartMyStreamlineApplication() (0.7s)
                Given I select the following products: 'Streamline intro,ASB Visa Debit Streamline Intro,FastSaver'
                12/6/2017 2:41:41 AMWaitForFeaturesPageLoad: Executing WaitForFrameAndSwitch
                12/6/2017 2:41:41 AMWaitForFeaturesPageLoad: Done executing WaitForFrameAndSwitch
                Unable to find product 'FastSaver' in page or product 'FastSaver' is not selected
                Unable to find product 'Savings On Call' in page or product 'Savings On Call' is not selected
                Unable to find product 'Savings On Call' in page or product 'Savings On Call' is not selected
                -&gt; done: ProductsPageSteps.WhenIChangeMySelectedProductsTo("Streamline intro,...") (17.0s)
                And I enter all required details in the Personal details page and clicks on Next button:
                --- table step argument ---
                | Title | FirstName | MiddleName | LastName | DateOfBirth | Email | MobileNumber | CountriesCitizenship
                | PreferredIdType |
                | Miss | Automation | RANDOM | FYICOB | RANDOM | cob2016@asb.co.nz | 021-RANDOM | New Zealand,
                Australia, India, Svalbard And Jan Mayen | Other |
                -&gt; done: PersonalDetailsSteps.WhenIEnterAllRequiredDetailsForPersonalDetailsPage(&lt;table&gt;)
                (20.5s)
                And I select 'No' in the Are you a New Zealand tax resident question
                -&gt; done: AdditionalPersonalDetailsSteps.WhenISelectInTheAreYouANewZealandTaxResidentQuestion("No")
                (0.2s)
                And I select 'Non-resident &#8211; country tax rate' in the Resident Withholding Tax Rate dropdown
                -&gt; done:
                AdditionalPersonalDetailsSteps.WhenISelectInTheResidentWithholdingTaxRateDropdown("Non-resident &#8211;
                co...") (0.2s)
                And I enter non resident country and date for a non NZ tax resident
                -&gt; done: AdditionalPersonalDetailsSteps.WhenIEnterNonResidentCountryAndDateForANonNZTaxResident()
                (10.6s)
                And I enter additional information with Profile Complete flag 'same', 'New Zealand, Australia, India,
                Svalbard And Jan Mayen', 'Iceland - AB12345I', 'true'
                -&gt; done:
                AdditionalPersonalDetailsSteps.GivenIEnterAdditionalInformationWithProfileCompleteFlag("same", "New
                Zealand, Aust...", "Iceland - AB12345I", "true") (1.0s)
                And I click on 'Next' button
                -&gt; done: CommonSteps.WhenIClickOnButton("Next") (0.1s)
                And I enter 'Kiwi77nz' password and 'MyCode01' verbal password in the ASB Login page and clicks on Next
                button
                -&gt; done:
                ASBLoginPageSteps.WhenIEnterPasswordAndVerbalPasswordInTheASBLoginPageAndClicksOnNextButton("Kiwi77nz",
                "MyCode01") (2.6s)
                When I confirm details on the Summary page
                UniqueId:
                Title: Miss
                FirstName: Automation
                MiddleName: COB-oWHBP
                LastName: FYICOB
                Email: cob2016@asb.co.nz
                Gender:
                DateOfBirth: 12/22/1958 12:00:00 AM
                DateCreated:
                LastReviewDate:
                Cals:
                IsIndividual:
                NzCitizen:
                NzResidence:
                HighValueCustomer:
                StaffMember:
                AmlVerified:
                VipCustomer:
                Addresses: System.Collections.Generic.List`1[ASB.Selenium.DataModel.Customer.Address]
                AddressInformation: ASB.Selenium.DataModel.Customer.AddressInformation
                CompanyName:
                CompanyType:
                CompanySubType:
                CustomerTypeCode:
                IrdNumber:
                TaxClass: Non-resident &#8211; country tax rate
                TaxClassDate: 12/22/1974 12:00:00 AM
                IsNzTaxResident: False
                NonResidentCountryCode:
                IsForeignTaxResident: True
                ForeignTaxResidencyStatus:
                IsProfileEnhanced: True
                Phones: System.Collections.Generic.List`1[ASB.Selenium.DataModel.Customer.Phone]
                NextOfKin:
                EmploymentDetails:
                LinkedCustomers:
                AccountRelationships:
                IdType:
                Fatca: ASB.Selenium.DataModel.Customer.Fatca
                CitizenshipCountryCodes:
                CitizenshipCountryNames: System.Collections.Generic.List`1[System.String]
                ForeignTaxResidenceTypes:
                System.Collections.Generic.List`1[ASB.Selenium.DataModel.Customer.ForeignTaxResidenceTypes]
                OnboardingDetail: ASB.Selenium.DataModel.Customer.OnboardingDetail
                AddressVerificationStatus:
                IdVerificationStatus:
                PreferredIdType: Other
                IsProfileComplete: True
                DaysRemaining: 0
                OnboardingStatus:
                NewAccounts: System.Collections.Generic.List`1[ASB.Selenium.DataModel.Customer.Accounts]
                FailedAccounts: System.Collections.Generic.List`1[ASB.Selenium.DataModel.Customer.Accounts]
                OnboardingSource: JoinASB
                CustomerCreated:
                LoginCreated:
                RegisteredForNetcode:
                AccountsCreated:
                CustomerAccessToken:
                VerificationPassword: MyCode01
                LoginDetail: ASB.Selenium.DataModel.Customer.Login
                CustomerType:
                Cif:
                Username: afyi26036
                UsernameApi:
                Password: Kiwi77nz
                PublicKey:
                AcceptedTermsAndConditions:
                BackgroundCheckConsent:
                PreferredIdType:
                -&gt; done: SummaryPageSteps.WhenIConfirmDetailsOnTheSummaryPage() (2.8s)
                Then the Logging you in progress page is displayed
                -&gt; done: ConfirmationPageSteps.ThenTheLoggingYouInProgressPageIsDisplayed() (21.1s)
                And the Activation page is displayed
                12/6/2017 2:42:49 AMThenTheActivationPageIsDisplayed: IsActivationPageDisplayed STARTED
                12/6/2017 2:42:49 AMThenTheActivationPageIsDisplayed: IsActivationPageDisplayed DONE
                12/6/2017 2:42:49 AMThenTheActivationPageIsDisplayed: IsSectionDisplayed STARTED
                12/6/2017 2:42:51 AMThenTheActivationPageIsDisplayed: IsSectionDisplayed DONE
                -&gt; done: ActivationSummarySteps.ThenTheActivationPageIsDisplayed() (6.8s)
                And the account number and product name is displayed for the selected products
                ==&gt; Successfully created: Streamline transaction account:
                12-3629-0385474-00
                ==&gt; Successfully created: ASB Visa Debit card:
                Issued for delivery within a week
                ==&gt; Successfully created: FastSaver:
                12-3629-0385474-50
                -&gt; done: ActivationSummarySteps.ThenTheAccountNumberAndProductNameIsDisplayedForTheSelectedProducts()
                (27.0s)
                And the 'Activate your account' section is displayed
                -&gt; done: ActivationSummarySteps.ThenTheSectionIsDisplayed("Activate your acc...") (0.0s)
                And the Activate your account header is displayed
                -&gt; done: ActivationSummarySteps.ThenTheActivateYourAccountHeaderIsDisplayed() (0.0s)
                And the Profile Details section is displayed
                *** Verifying section for Profile Enhanced customer ***
                -&gt; done: ActivationSummarySteps.ThenTheProfileDetailsSectionIsDisplayed() (1.2s)
                And the Proof of Address section is displayed
                *** Verifying section for non-Address Verified customer ***
                *** Verifying section for non-Address Verified customer ***
                -&gt; done: ActivationSummarySteps.ThenTheProofOfAddressSectionIsDisplayed() (0.2s)
                And the Confirm Identity section is displayed
                *** Verifying section for non-ID Verified customer ***
                *** Verifying section for customer with Preferred ID = 'Other' ***
                *** Verifying EIDV-Switched OFF Confirm Identity section for customer with Preferred ID: Other
                -&gt; done: ActivationSummarySteps.ThenTheConfirmIdentitySectionIsDisplayed() (0.5s)
                And the See a complete list of acceptable documents text is displayed conditionally
                Verifying acceptable documents link should be displayed
                Clicking on link: acceptable documents
                -&gt; done:
                ActivationSummarySteps.ThenTheSeeACompleteListOfAcceptableDocumentsTextIsDisplayedConditionally() (1.1s)
                And the Find a branch button is displayed conditionally
                Verifying Find a branch button should be displayed
                -&gt; done: ActivationSummarySteps.ThenTheFindABranchButtonOpensInANewWindow() (1.6s)
            </system-out>
        </testcase>
        <testcase
                name="ACTSUM_08_VerifyConfirmation_AdditionalDetails(&quot;No-Exempt from withholding tax&quot;,&quot;Streamline intro,ASB Visa Debit Streamline Intro,Savings On Call,FastSaver&quot;,&quot;No&quot;,&quot;Exempt from withholding tax&quot;,&quot;same&quot;,&quot;New Zealand, Australia, India, Svalbard And Jan Mayen&quot;,&quot;Australia - X123GH78, India - 9856GFT811, Argentina - X123GH78111, Svalbard And Jan Mayen - GT7646HG&quot;,&quot;true&quot;,System.String[])"
                assertions="44" time="122.015538" status="Passed"
                classname="Join.Form.Customer.Selenium.Features._08_ActivateSummaryFeature">

            <system-out>Given I start my Streamline application
                Navigating to URL: https://webappisamdev.asbbank.co.nz/public/join/asb/?grcDisabled=true
                -&gt; done: CommonSteps.GivenIStartMyStreamlineApplication() (0.7s)
                Given I select the following products: 'Streamline intro,ASB Visa Debit Streamline Intro,Savings On
                Call,FastSaver'
                12/6/2017 2:43:39 AMWaitForFeaturesPageLoad: Executing WaitForFrameAndSwitch
                12/6/2017 2:43:39 AMWaitForFeaturesPageLoad: Done executing WaitForFrameAndSwitch
                Unable to find product 'Savings On Call' in page or product 'Savings On Call' is not selected
                Unable to find product 'FastSaver' in page or product 'FastSaver' is not selected
                -&gt; done: ProductsPageSteps.WhenIChangeMySelectedProductsTo("Streamline intro,...") (19.2s)
                And I enter all required details in the Personal details page and clicks on Next button:
                --- table step argument ---
                | Title | FirstName | MiddleName | LastName | DateOfBirth | Email | MobileNumber | CountriesCitizenship
                | PreferredIdType |
                | Miss | Automation | RANDOM | FYICOB | RANDOM | cob2016@asb.co.nz | 021-RANDOM | New Zealand,
                Australia, India, Svalbard And Jan Mayen | Other |
                -&gt; done: PersonalDetailsSteps.WhenIEnterAllRequiredDetailsForPersonalDetailsPage(&lt;table&gt;)
                (21.0s)
                And I select 'No' in the Are you a New Zealand tax resident question
                -&gt; done: AdditionalPersonalDetailsSteps.WhenISelectInTheAreYouANewZealandTaxResidentQuestion("No")
                (0.2s)
                And I select 'Exempt from withholding tax' in the Resident Withholding Tax Rate dropdown
                -&gt; done: AdditionalPersonalDetailsSteps.WhenISelectInTheResidentWithholdingTaxRateDropdown("Exempt
                from withh...") (0.1s)
                And I enter non resident country and date for a non NZ tax resident
                -&gt; done: AdditionalPersonalDetailsSteps.WhenIEnterNonResidentCountryAndDateForANonNZTaxResident()
                (10.6s)
                And I enter additional information with Profile Complete flag 'same', 'New Zealand, Australia, India,
                Svalbard And Jan Mayen', 'Australia - X123GH78, India - 9856GFT811, Argentina - X123GH78111, Svalbard
                And Jan Mayen - GT7646HG', 'true'
                -&gt; done:
                AdditionalPersonalDetailsSteps.GivenIEnterAdditionalInformationWithProfileCompleteFlag("same", "New
                Zealand, Aust...", "Australia - X123G...", "true") (3.2s)
                And I click on 'Next' button
                -&gt; done: CommonSteps.WhenIClickOnButton("Next") (0.1s)
                And I enter 'Kiwi77nz' password and 'MyCode01' verbal password in the ASB Login page and clicks on Next
                button
                -&gt; done:
                ASBLoginPageSteps.WhenIEnterPasswordAndVerbalPasswordInTheASBLoginPageAndClicksOnNextButton("Kiwi77nz",
                "MyCode01") (1.1s)
                When I confirm details on the Summary page
                UniqueId:
                Title: Miss
                FirstName: Automation
                MiddleName: COB-xXnfN
                LastName: FYICOB
                Email: cob2016@asb.co.nz
                Gender:
                DateOfBirth: 9/5/1949 12:00:00 AM
                DateCreated:
                LastReviewDate:
                Cals:
                IsIndividual:
                NzCitizen:
                NzResidence:
                HighValueCustomer:
                StaffMember:
                AmlVerified:
                VipCustomer:
                Addresses: System.Collections.Generic.List`1[ASB.Selenium.DataModel.Customer.Address]
                AddressInformation: ASB.Selenium.DataModel.Customer.AddressInformation
                CompanyName:
                CompanyType:
                CompanySubType:
                CustomerTypeCode:
                IrdNumber:
                TaxClass: Non-resident &#8211; country tax rate
                TaxClassDate: 9/5/1965 12:00:00 AM
                IsNzTaxResident: False
                NonResidentCountryCode:
                IsForeignTaxResident: True
                ForeignTaxResidencyStatus:
                IsProfileEnhanced: False
                Phones: System.Collections.Generic.List`1[ASB.Selenium.DataModel.Customer.Phone]
                NextOfKin:
                EmploymentDetails:
                LinkedCustomers:
                AccountRelationships:
                IdType:
                Fatca: ASB.Selenium.DataModel.Customer.Fatca
                CitizenshipCountryCodes:
                CitizenshipCountryNames: System.Collections.Generic.List`1[System.String]
                ForeignTaxResidenceTypes:
                System.Collections.Generic.List`1[ASB.Selenium.DataModel.Customer.ForeignTaxResidenceTypes]
                OnboardingDetail: ASB.Selenium.DataModel.Customer.OnboardingDetail
                AddressVerificationStatus:
                IdVerificationStatus:
                PreferredIdType: Other
                IsProfileComplete: True
                DaysRemaining: 0
                OnboardingStatus:
                NewAccounts: System.Collections.Generic.List`1[ASB.Selenium.DataModel.Customer.Accounts]
                FailedAccounts: System.Collections.Generic.List`1[ASB.Selenium.DataModel.Customer.Accounts]
                OnboardingSource: JoinASB
                CustomerCreated:
                LoginCreated:
                RegisteredForNetcode:
                AccountsCreated:
                CustomerAccessToken:
                VerificationPassword: MyCode01
                LoginDetail: ASB.Selenium.DataModel.Customer.Login
                CustomerType:
                Cif:
                Username: afyi44002
                UsernameApi:
                Password: Kiwi77nz
                PublicKey:
                AcceptedTermsAndConditions:
                BackgroundCheckConsent:
                PreferredIdType:
                -&gt; done: SummaryPageSteps.WhenIConfirmDetailsOnTheSummaryPage() (2.9s)
                Then the Logging you in progress page is displayed
                -&gt; done: ConfirmationPageSteps.ThenTheLoggingYouInProgressPageIsDisplayed() (17.0s)
                And the Activation page is displayed
                12/6/2017 2:44:46 AMThenTheActivationPageIsDisplayed: IsActivationPageDisplayed STARTED
                12/6/2017 2:44:46 AMThenTheActivationPageIsDisplayed: IsActivationPageDisplayed DONE
                12/6/2017 2:44:46 AMThenTheActivationPageIsDisplayed: IsSectionDisplayed STARTED
                12/6/2017 2:44:50 AMThenTheActivationPageIsDisplayed: IsSectionDisplayed DONE
                -&gt; done: ActivationSummarySteps.ThenTheActivationPageIsDisplayed() (8.8s)
                And the account number and product name is displayed for the selected products
                ==&gt; Successfully created: Streamline transaction account:
                12-3629-0385482-00
                ==&gt; Successfully created: ASB Visa Debit card:
                Issued for delivery within a week
                ==&gt; Successfully created: Savings On Call:
                12-3629-0385482-50
                ==&gt; Successfully created: FastSaver:
                12-3629-0385482-51
                -&gt; done: ActivationSummarySteps.ThenTheAccountNumberAndProductNameIsDisplayedForTheSelectedProducts()
                (27.2s)
                And the 'Activate your account' section is displayed
                -&gt; done: ActivationSummarySteps.ThenTheSectionIsDisplayed("Activate your acc...") (0.0s)
                And the Activate your account header is displayed
                -&gt; done: ActivationSummarySteps.ThenTheActivateYourAccountHeaderIsDisplayed() (0.0s)
                And the Profile Details section is displayed
                *** Verifying section for non-Profile Enhanced customer ***
                *** Verifying section for Profile Complete customer ***
                -&gt; done: ActivationSummarySteps.ThenTheProfileDetailsSectionIsDisplayed() (1.1s)
                And the Proof of Address section is displayed
                *** Verifying section for non-Address Verified customer ***
                *** Verifying section for non-Address Verified customer ***
                -&gt; done: ActivationSummarySteps.ThenTheProofOfAddressSectionIsDisplayed() (0.3s)
                And the Confirm Identity section is displayed
                *** Verifying section for non-ID Verified customer ***
                *** Verifying section for customer with Preferred ID = 'Other' ***
                *** Verifying EIDV-Switched OFF Confirm Identity section for customer with Preferred ID: Other
                -&gt; done: ActivationSummarySteps.ThenTheConfirmIdentitySectionIsDisplayed() (0.4s)
                And the See a complete list of acceptable documents text is displayed conditionally
                Verifying acceptable documents link should be displayed
                Clicking on link: acceptable documents
                -&gt; done:
                ActivationSummarySteps.ThenTheSeeACompleteListOfAcceptableDocumentsTextIsDisplayedConditionally() (1.1s)
                And the Find a branch button is displayed conditionally
                Verifying Find a branch button should be displayed
                -&gt; done: ActivationSummarySteps.ThenTheFindABranchButtonOpensInANewWindow() (3.7s)
            </system-out>
        </testcase>
        <testcase
                name="ACTSUM_08_VerifyConfirmation_AdditionalDetails(&quot;NZTaxResident and NZ citizen and tax blank&quot;,&quot;Streamline intro&quot;,&quot;Yes&quot;,&quot;Skip&quot;,&quot;Skip&quot;,&quot;New Zealand&quot;,&quot;Skip&quot;,&quot;true&quot;,null)"
                assertions="41" time="92.349561" status="Passed"
                classname="Join.Form.Customer.Selenium.Features._08_ActivateSummaryFeature">

            <system-out>Given I start my Streamline application
                Navigating to URL: https://webappisamdev.asbbank.co.nz/public/join/asb/?grcDisabled=true
                -&gt; done: CommonSteps.GivenIStartMyStreamlineApplication() (0.6s)
                Given I select the following products: 'Streamline intro'
                12/6/2017 2:45:41 AMWaitForFeaturesPageLoad: Executing WaitForFrameAndSwitch
                12/6/2017 2:45:41 AMWaitForFeaturesPageLoad: Done executing WaitForFrameAndSwitch
                Unable to find product 'FastSaver' in page or product 'FastSaver' is not selected
                Unable to find product 'Savings On Call' in page or product 'Savings On Call' is not selected
                Unable to find product 'ASB Visa Debit Streamline Intro' in page or product 'ASB Visa Debit Streamline
                Intro' is not selected
                Unable to find product 'Savings On Call' in page or product 'Savings On Call' is not selected
                Unable to find product 'FastSaver' in page or product 'FastSaver' is not selected
                -&gt; done: ProductsPageSteps.WhenIChangeMySelectedProductsTo("Streamline intro") (16.1s)
                And I enter all required details in the Personal details page and clicks on Next button:
                --- table step argument ---
                | Title | FirstName | MiddleName | LastName | DateOfBirth | Email | MobileNumber | CountriesCitizenship
                | PreferredIdType |
                | Miss | Automation | RANDOM | FYICOB | RANDOM | cob2016@asb.co.nz | 021-RANDOM | New Zealand | Other |
                -&gt; done: PersonalDetailsSteps.WhenIEnterAllRequiredDetailsForPersonalDetailsPage(&lt;table&gt;)
                (16.0s)
                And I select 'Yes' in the Are you a New Zealand tax resident question
                -&gt; done: AdditionalPersonalDetailsSteps.WhenISelectInTheAreYouANewZealandTaxResidentQuestion("Yes")
                (0.2s)
                And I select 'Skip' in the Resident Withholding Tax Rate dropdown
                -&gt; done: AdditionalPersonalDetailsSteps.WhenISelectInTheResidentWithholdingTaxRateDropdown("Skip")
                (0.0s)
                And I enter non resident country and date for a non NZ tax resident
                -&gt; done: AdditionalPersonalDetailsSteps.WhenIEnterNonResidentCountryAndDateForANonNZTaxResident()
                (0.0s)
                And I enter additional information with Profile Complete flag 'Skip', 'New Zealand', 'Skip', 'true'
                -&gt; done:
                AdditionalPersonalDetailsSteps.GivenIEnterAdditionalInformationWithProfileCompleteFlag("Skip", "New
                Zealand", "Skip", "true") (0.2s)
                And I click on 'Next' button
                -&gt; done: CommonSteps.WhenIClickOnButton("Next") (0.1s)
                And I enter 'Kiwi77nz' password and 'MyCode01' verbal password in the ASB Login page and clicks on Next
                button
                -&gt; done:
                ASBLoginPageSteps.WhenIEnterPasswordAndVerbalPasswordInTheASBLoginPageAndClicksOnNextButton("Kiwi77nz",
                "MyCode01") (1.1s)
                When I confirm details on the Summary page
                UniqueId:
                Title: Miss
                FirstName: Automation
                MiddleName: COB-wfWWd
                LastName: FYICOB
                Email: cob2016@asb.co.nz
                Gender:
                DateOfBirth: 1/13/1957 12:00:00 AM
                DateCreated:
                LastReviewDate:
                Cals:
                IsIndividual:
                NzCitizen:
                NzResidence:
                HighValueCustomer:
                StaffMember:
                AmlVerified:
                VipCustomer:
                Addresses: System.Collections.Generic.List`1[ASB.Selenium.DataModel.Customer.Address]
                AddressInformation: ASB.Selenium.DataModel.Customer.AddressInformation
                CompanyName:
                CompanyType:
                CompanySubType:
                CustomerTypeCode:
                IrdNumber:
                TaxClass: 33%
                TaxClassDate:
                IsNzTaxResident: True
                NonResidentCountryCode:
                IsForeignTaxResident: False
                ForeignTaxResidencyStatus:
                IsProfileEnhanced:
                Phones: System.Collections.Generic.List`1[ASB.Selenium.DataModel.Customer.Phone]
                NextOfKin:
                EmploymentDetails:
                LinkedCustomers:
                AccountRelationships:
                IdType:
                Fatca: ASB.Selenium.DataModel.Customer.Fatca
                CitizenshipCountryCodes:
                CitizenshipCountryNames: System.Collections.Generic.List`1[System.String]
                ForeignTaxResidenceTypes:
                System.Collections.Generic.List`1[ASB.Selenium.DataModel.Customer.ForeignTaxResidenceTypes]
                OnboardingDetail: ASB.Selenium.DataModel.Customer.OnboardingDetail
                AddressVerificationStatus:
                IdVerificationStatus:
                PreferredIdType: Other
                IsProfileComplete: True
                DaysRemaining: 0
                OnboardingStatus:
                NewAccounts: System.Collections.Generic.List`1[ASB.Selenium.DataModel.Customer.Accounts]
                FailedAccounts: System.Collections.Generic.List`1[ASB.Selenium.DataModel.Customer.Accounts]
                OnboardingSource: JoinASB
                CustomerCreated:
                LoginCreated:
                RegisteredForNetcode:
                AccountsCreated:
                CustomerAccessToken:
                VerificationPassword: MyCode01
                LoginDetail: ASB.Selenium.DataModel.Customer.Login
                CustomerType:
                Cif:
                Username: afyi46784
                UsernameApi:
                Password: Kiwi77nz
                PublicKey:
                AcceptedTermsAndConditions:
                BackgroundCheckConsent:
                PreferredIdType:
                -&gt; done: SummaryPageSteps.WhenIConfirmDetailsOnTheSummaryPage() (2.9s)
                Then the Logging you in progress page is displayed
                -&gt; done: ConfirmationPageSteps.ThenTheLoggingYouInProgressPageIsDisplayed() (14.4s)
                And the Activation page is displayed
                12/6/2017 2:46:23 AMThenTheActivationPageIsDisplayed: IsActivationPageDisplayed STARTED
                12/6/2017 2:46:24 AMThenTheActivationPageIsDisplayed: IsActivationPageDisplayed DONE
                12/6/2017 2:46:24 AMThenTheActivationPageIsDisplayed: IsSectionDisplayed STARTED
                12/6/2017 2:46:26 AMThenTheActivationPageIsDisplayed: IsSectionDisplayed DONE
                -&gt; done: ActivationSummarySteps.ThenTheActivationPageIsDisplayed() (6.9s)
                And the account number and product name is displayed for the selected products
                ==&gt; Successfully created: Streamline transaction account:
                12-3629-0385490-00
                -&gt; done: ActivationSummarySteps.ThenTheAccountNumberAndProductNameIsDisplayedForTheSelectedProducts()
                (26.8s)
                And the 'Activate your account' section is displayed
                -&gt; done: ActivationSummarySteps.ThenTheSectionIsDisplayed("Activate your acc...") (0.0s)
                And the Activate your account header is displayed
                -&gt; done: ActivationSummarySteps.ThenTheActivateYourAccountHeaderIsDisplayed() (0.0s)
                And the Profile Details section is displayed
                *** Verifying section for non-Profile Enhanced customer ***
                *** Verifying section for Profile Complete customer ***
                -&gt; done: ActivationSummarySteps.ThenTheProfileDetailsSectionIsDisplayed() (1.1s)
                And the Proof of Address section is displayed
                *** Verifying section for non-Address Verified customer ***
                *** Verifying section for non-Address Verified customer ***
                -&gt; done: ActivationSummarySteps.ThenTheProofOfAddressSectionIsDisplayed() (0.2s)
                And the Confirm Identity section is displayed
                *** Verifying section for non-ID Verified customer ***
                *** Verifying section for customer with Preferred ID = 'Other' ***
                *** Verifying EIDV-Switched OFF Confirm Identity section for customer with Preferred ID: Other
                -&gt; done: ActivationSummarySteps.ThenTheConfirmIdentitySectionIsDisplayed() (0.5s)
                And the See a complete list of acceptable documents text is displayed conditionally
                Verifying acceptable documents link should be displayed
                Clicking on link: acceptable documents
                -&gt; done:
                ActivationSummarySteps.ThenTheSeeACompleteListOfAcceptableDocumentsTextIsDisplayedConditionally() (1.1s)
                And the Find a branch button is displayed conditionally
                Verifying Find a branch button should be displayed
                -&gt; done: ActivationSummarySteps.ThenTheFindABranchButtonOpensInANewWindow() (3.2s)
            </system-out>
        </testcase>
        <testcase
                name="ACTSUM_08_VerifyConfirmation_AdditionalDetails(&quot;NZTaxResident and US Citizen and 33%&quot;,&quot;Streamline intro&quot;,&quot;Yes&quot;,&quot;33%&quot;,&quot;Skip&quot;,&quot;Puerto Rico&quot;,&quot;United States - 12345ABC1&quot;,&quot;true&quot;,null)"
                assertions="41" time="90.206951" status="Passed"
                classname="Join.Form.Customer.Selenium.Features._08_ActivateSummaryFeature">

            <system-out>Given I start my Streamline application
                Navigating to URL: https://webappisamdev.asbbank.co.nz/public/join/asb/?grcDisabled=true
                -&gt; done: CommonSteps.GivenIStartMyStreamlineApplication() (0.7s)
                Given I select the following products: 'Streamline intro'
                12/6/2017 2:47:14 AMWaitForFeaturesPageLoad: Executing WaitForFrameAndSwitch
                12/6/2017 2:47:14 AMWaitForFeaturesPageLoad: Done executing WaitForFrameAndSwitch
                Unable to find product 'FastSaver' in page or product 'FastSaver' is not selected
                Unable to find product 'Savings On Call' in page or product 'Savings On Call' is not selected
                Unable to find product 'ASB Visa Debit Streamline Intro' in page or product 'ASB Visa Debit Streamline
                Intro' is not selected
                Unable to find product 'Savings On Call' in page or product 'Savings On Call' is not selected
                Unable to find product 'FastSaver' in page or product 'FastSaver' is not selected
                -&gt; done: ProductsPageSteps.WhenIChangeMySelectedProductsTo("Streamline intro") (16.1s)
                And I enter all required details in the Personal details page and clicks on Next button:
                --- table step argument ---
                | Title | FirstName | MiddleName | LastName | DateOfBirth | Email | MobileNumber | CountriesCitizenship
                | PreferredIdType |
                | Miss | Automation | RANDOM | FYICOB | RANDOM | cob2016@asb.co.nz | 021-RANDOM | Puerto Rico | Other |
                -&gt; done: PersonalDetailsSteps.WhenIEnterAllRequiredDetailsForPersonalDetailsPage(&lt;table&gt;)
                (16.3s)
                And I select 'Yes' in the Are you a New Zealand tax resident question
                -&gt; done: AdditionalPersonalDetailsSteps.WhenISelectInTheAreYouANewZealandTaxResidentQuestion("Yes")
                (0.2s)
                And I select '33%' in the Resident Withholding Tax Rate dropdown
                -&gt; done: AdditionalPersonalDetailsSteps.WhenISelectInTheResidentWithholdingTaxRateDropdown("33%")
                (0.1s)
                And I enter non resident country and date for a non NZ tax resident
                -&gt; done: AdditionalPersonalDetailsSteps.WhenIEnterNonResidentCountryAndDateForANonNZTaxResident()
                (0.0s)
                And I enter additional information with Profile Complete flag 'Skip', 'Puerto Rico', 'United States -
                12345ABC1', 'true'
                -&gt; done:
                AdditionalPersonalDetailsSteps.GivenIEnterAdditionalInformationWithProfileCompleteFlag("Skip", "Puerto
                Rico", "United States - 1...", "true") (0.9s)
                And I click on 'Next' button
                -&gt; done: CommonSteps.WhenIClickOnButton("Next") (0.1s)
                And I enter 'Kiwi77nz' password and 'MyCode01' verbal password in the ASB Login page and clicks on Next
                button
                -&gt; done:
                ASBLoginPageSteps.WhenIEnterPasswordAndVerbalPasswordInTheASBLoginPageAndClicksOnNextButton("Kiwi77nz",
                "MyCode01") (1.0s)
                When I confirm details on the Summary page
                UniqueId:
                Title: Miss
                FirstName: Automation
                MiddleName: COB-mUoiD
                LastName: FYICOB
                Email: cob2016@asb.co.nz
                Gender:
                DateOfBirth: 7/28/1946 12:00:00 AM
                DateCreated:
                LastReviewDate:
                Cals:
                IsIndividual:
                NzCitizen:
                NzResidence:
                HighValueCustomer:
                StaffMember:
                AmlVerified:
                VipCustomer:
                Addresses: System.Collections.Generic.List`1[ASB.Selenium.DataModel.Customer.Address]
                AddressInformation: ASB.Selenium.DataModel.Customer.AddressInformation
                CompanyName:
                CompanyType:
                CompanySubType:
                CustomerTypeCode:
                IrdNumber:
                TaxClass: 33%
                TaxClassDate:
                IsNzTaxResident: True
                NonResidentCountryCode:
                IsForeignTaxResident: True
                ForeignTaxResidencyStatus:
                IsProfileEnhanced:
                Phones: System.Collections.Generic.List`1[ASB.Selenium.DataModel.Customer.Phone]
                NextOfKin:
                EmploymentDetails:
                LinkedCustomers:
                AccountRelationships:
                IdType:
                Fatca: ASB.Selenium.DataModel.Customer.Fatca
                CitizenshipCountryCodes:
                CitizenshipCountryNames: System.Collections.Generic.List`1[System.String]
                ForeignTaxResidenceTypes:
                System.Collections.Generic.List`1[ASB.Selenium.DataModel.Customer.ForeignTaxResidenceTypes]
                OnboardingDetail: ASB.Selenium.DataModel.Customer.OnboardingDetail
                AddressVerificationStatus:
                IdVerificationStatus:
                PreferredIdType: Other
                IsProfileComplete: True
                DaysRemaining: 0
                OnboardingStatus:
                NewAccounts: System.Collections.Generic.List`1[ASB.Selenium.DataModel.Customer.Accounts]
                FailedAccounts: System.Collections.Generic.List`1[ASB.Selenium.DataModel.Customer.Accounts]
                OnboardingSource: JoinASB
                CustomerCreated:
                LoginCreated:
                RegisteredForNetcode:
                AccountsCreated:
                CustomerAccessToken:
                VerificationPassword: MyCode01
                LoginDetail: ASB.Selenium.DataModel.Customer.Login
                CustomerType:
                Cif:
                Username: afyi75153
                UsernameApi:
                Password: Kiwi77nz
                PublicKey:
                AcceptedTermsAndConditions:
                BackgroundCheckConsent:
                PreferredIdType:
                -&gt; done: SummaryPageSteps.WhenIConfirmDetailsOnTheSummaryPage() (2.8s)
                Then the Logging you in progress page is displayed
                -&gt; done: ConfirmationPageSteps.ThenTheLoggingYouInProgressPageIsDisplayed() (13.0s)
                And the Activation page is displayed
                12/6/2017 2:47:55 AMThenTheActivationPageIsDisplayed: IsActivationPageDisplayed STARTED
                12/6/2017 2:47:56 AMThenTheActivationPageIsDisplayed: IsActivationPageDisplayed DONE
                12/6/2017 2:47:56 AMThenTheActivationPageIsDisplayed: IsSectionDisplayed STARTED
                12/6/2017 2:47:58 AMThenTheActivationPageIsDisplayed: IsSectionDisplayed DONE
                -&gt; done: ActivationSummarySteps.ThenTheActivationPageIsDisplayed() (6.7s)
                And the account number and product name is displayed for the selected products
                ==&gt; Successfully created: Streamline transaction account:
                12-3629-0385503-00
                -&gt; done: ActivationSummarySteps.ThenTheAccountNumberAndProductNameIsDisplayedForTheSelectedProducts()
                (26.8s)
                And the 'Activate your account' section is displayed
                -&gt; done: ActivationSummarySteps.ThenTheSectionIsDisplayed("Activate your acc...") (0.0s)
                And the Activate your account header is displayed
                -&gt; done: ActivationSummarySteps.ThenTheActivateYourAccountHeaderIsDisplayed() (0.0s)
                And the Profile Details section is displayed
                *** Verifying section for non-Profile Enhanced customer ***
                *** Verifying section for Profile Complete customer ***
                -&gt; done: ActivationSummarySteps.ThenTheProfileDetailsSectionIsDisplayed() (1.1s)
                And the Proof of Address section is displayed
                *** Verifying section for non-Address Verified customer ***
                *** Verifying section for non-Address Verified customer ***
                -&gt; done: ActivationSummarySteps.ThenTheProofOfAddressSectionIsDisplayed() (0.2s)
                And the Confirm Identity section is displayed
                *** Verifying section for non-ID Verified customer ***
                *** Verifying section for customer with Preferred ID = 'Other' ***
                *** Verifying EIDV-Switched OFF Confirm Identity section for customer with Preferred ID: Other
                -&gt; done: ActivationSummarySteps.ThenTheConfirmIdentitySectionIsDisplayed() (0.5s)
                And the See a complete list of acceptable documents text is displayed conditionally
                Verifying acceptable documents link should be displayed
                Clicking on link: acceptable documents
                -&gt; done:
                ActivationSummarySteps.ThenTheSeeACompleteListOfAcceptableDocumentsTextIsDisplayedConditionally() (1.0s)
                And the Find a branch button is displayed conditionally
                Verifying Find a branch button should be displayed
                -&gt; done: ActivationSummarySteps.ThenTheFindABranchButtonOpensInANewWindow() (1.6s)
            </system-out>
        </testcase>
        <testcase
                name="ACTSUM_08_VerifyConfirmation_AdditionalDetails(&quot;NZTaxResident and non NZ non US and exempt&quot;,&quot;Streamline intro,ASB Visa Debit Streamline Intro&quot;,&quot;Yes&quot;,&quot;Exempt from withholding tax&quot;,&quot;Skip&quot;,&quot;Australia&quot;,&quot;Skip&quot;,&quot;true&quot;,null)"
                assertions="42" time="89.518929" status="Passed"
                classname="Join.Form.Customer.Selenium.Features._08_ActivateSummaryFeature">

            <system-out>Given I start my Streamline application
                Navigating to URL: https://webappisamdev.asbbank.co.nz/public/join/asb/?grcDisabled=true
                -&gt; done: CommonSteps.GivenIStartMyStreamlineApplication() (0.6s)
                Given I select the following products: 'Streamline intro,ASB Visa Debit Streamline Intro'
                12/6/2017 2:48:44 AMWaitForFeaturesPageLoad: Executing WaitForFrameAndSwitch
                12/6/2017 2:48:44 AMWaitForFeaturesPageLoad: Done executing WaitForFrameAndSwitch
                Unable to find product 'FastSaver' in page or product 'FastSaver' is not selected
                Unable to find product 'Savings On Call' in page or product 'Savings On Call' is not selected
                Unable to find product 'Savings On Call' in page or product 'Savings On Call' is not selected
                Unable to find product 'FastSaver' in page or product 'FastSaver' is not selected
                -&gt; done: ProductsPageSteps.WhenIChangeMySelectedProductsTo("Streamline intro,...") (15.0s)
                And I enter all required details in the Personal details page and clicks on Next button:
                --- table step argument ---
                | Title | FirstName | MiddleName | LastName | DateOfBirth | Email | MobileNumber | CountriesCitizenship
                | PreferredIdType |
                | Miss | Automation | RANDOM | FYICOB | RANDOM | cob2016@asb.co.nz | 021-RANDOM | Australia | Other |
                -&gt; done: PersonalDetailsSteps.WhenIEnterAllRequiredDetailsForPersonalDetailsPage(&lt;table&gt;)
                (14.7s)
                And I select 'Yes' in the Are you a New Zealand tax resident question
                -&gt; done: AdditionalPersonalDetailsSteps.WhenISelectInTheAreYouANewZealandTaxResidentQuestion("Yes")
                (0.1s)
                And I select 'Exempt from withholding tax' in the Resident Withholding Tax Rate dropdown
                -&gt; done: AdditionalPersonalDetailsSteps.WhenISelectInTheResidentWithholdingTaxRateDropdown("Exempt
                from withh...") (0.1s)
                And I enter non resident country and date for a non NZ tax resident
                -&gt; done: AdditionalPersonalDetailsSteps.WhenIEnterNonResidentCountryAndDateForANonNZTaxResident()
                (0.0s)
                And I enter additional information with Profile Complete flag 'Skip', 'Australia', 'Skip', 'true'
                -&gt; done:
                AdditionalPersonalDetailsSteps.GivenIEnterAdditionalInformationWithProfileCompleteFlag("Skip",
                "Australia", "Skip", "true") (0.2s)
                And I click on 'Next' button
                -&gt; done: CommonSteps.WhenIClickOnButton("Next") (0.1s)
                And I enter 'Kiwi77nz' password and 'MyCode01' verbal password in the ASB Login page and clicks on Next
                button
                -&gt; done:
                ASBLoginPageSteps.WhenIEnterPasswordAndVerbalPasswordInTheASBLoginPageAndClicksOnNextButton("Kiwi77nz",
                "MyCode01") (1.0s)
                When I confirm details on the Summary page
                UniqueId:
                Title: Miss
                FirstName: Automation
                MiddleName: COB-bjnNU
                LastName: FYICOB
                Email: cob2016@asb.co.nz
                Gender:
                DateOfBirth: 12/22/1977 12:00:00 AM
                DateCreated:
                LastReviewDate:
                Cals:
                IsIndividual:
                NzCitizen:
                NzResidence:
                HighValueCustomer:
                StaffMember:
                AmlVerified:
                VipCustomer:
                Addresses: System.Collections.Generic.List`1[ASB.Selenium.DataModel.Customer.Address]
                AddressInformation: ASB.Selenium.DataModel.Customer.AddressInformation
                CompanyName:
                CompanyType:
                CompanySubType:
                CustomerTypeCode:
                IrdNumber:
                TaxClass: 33%
                TaxClassDate:
                IsNzTaxResident: True
                NonResidentCountryCode:
                IsForeignTaxResident: False
                ForeignTaxResidencyStatus:
                IsProfileEnhanced:
                Phones: System.Collections.Generic.List`1[ASB.Selenium.DataModel.Customer.Phone]
                NextOfKin:
                EmploymentDetails:
                LinkedCustomers:
                AccountRelationships:
                IdType:
                Fatca: ASB.Selenium.DataModel.Customer.Fatca
                CitizenshipCountryCodes:
                CitizenshipCountryNames: System.Collections.Generic.List`1[System.String]
                ForeignTaxResidenceTypes:
                System.Collections.Generic.List`1[ASB.Selenium.DataModel.Customer.ForeignTaxResidenceTypes]
                OnboardingDetail: ASB.Selenium.DataModel.Customer.OnboardingDetail
                AddressVerificationStatus:
                IdVerificationStatus:
                PreferredIdType: Other
                IsProfileComplete: True
                DaysRemaining: 0
                OnboardingStatus:
                NewAccounts: System.Collections.Generic.List`1[ASB.Selenium.DataModel.Customer.Accounts]
                FailedAccounts: System.Collections.Generic.List`1[ASB.Selenium.DataModel.Customer.Accounts]
                OnboardingSource: JoinASB
                CustomerCreated:
                LoginCreated:
                RegisteredForNetcode:
                AccountsCreated:
                CustomerAccessToken:
                VerificationPassword: MyCode01
                LoginDetail: ASB.Selenium.DataModel.Customer.Login
                CustomerType:
                Cif:
                Username: afyi89883
                UsernameApi:
                Password: Kiwi77nz
                PublicKey:
                AcceptedTermsAndConditions:
                BackgroundCheckConsent:
                PreferredIdType:
                -&gt; done: SummaryPageSteps.WhenIConfirmDetailsOnTheSummaryPage() (2.8s)
                Then the Logging you in progress page is displayed
                -&gt; done: ConfirmationPageSteps.ThenTheLoggingYouInProgressPageIsDisplayed() (15.1s)
                And the Activation page is displayed
                12/6/2017 2:49:24 AMThenTheActivationPageIsDisplayed: IsActivationPageDisplayed STARTED
                12/6/2017 2:49:24 AMThenTheActivationPageIsDisplayed: IsActivationPageDisplayed DONE
                12/6/2017 2:49:24 AMThenTheActivationPageIsDisplayed: IsSectionDisplayed STARTED
                12/6/2017 2:49:27 AMThenTheActivationPageIsDisplayed: IsSectionDisplayed DONE
                -&gt; done: ActivationSummarySteps.ThenTheActivationPageIsDisplayed() (6.7s)
                And the account number and product name is displayed for the selected products
                ==&gt; Successfully created: Streamline transaction account:
                12-3629-0385511-00
                ==&gt; Successfully created: ASB Visa Debit card:
                Issued for delivery within a week
                -&gt; done: ActivationSummarySteps.ThenTheAccountNumberAndProductNameIsDisplayedForTheSelectedProducts()
                (26.9s)
                And the 'Activate your account' section is displayed
                -&gt; done: ActivationSummarySteps.ThenTheSectionIsDisplayed("Activate your acc...") (0.0s)
                And the Activate your account header is displayed
                -&gt; done: ActivationSummarySteps.ThenTheActivateYourAccountHeaderIsDisplayed() (0.0s)
                And the Profile Details section is displayed
                *** Verifying section for non-Profile Enhanced customer ***
                *** Verifying section for Profile Complete customer ***
                -&gt; done: ActivationSummarySteps.ThenTheProfileDetailsSectionIsDisplayed() (1.2s)
                And the Proof of Address section is displayed
                *** Verifying section for non-Address Verified customer ***
                *** Verifying section for non-Address Verified customer ***
                -&gt; done: ActivationSummarySteps.ThenTheProofOfAddressSectionIsDisplayed() (0.2s)
                And the Confirm Identity section is displayed
                *** Verifying section for non-ID Verified customer ***
                *** Verifying section for customer with Preferred ID = 'Other' ***
                *** Verifying EIDV-Switched OFF Confirm Identity section for customer with Preferred ID: Other
                -&gt; done: ActivationSummarySteps.ThenTheConfirmIdentitySectionIsDisplayed() (0.5s)
                And the See a complete list of acceptable documents text is displayed conditionally
                Verifying acceptable documents link should be displayed
                Clicking on link: acceptable documents
                -&gt; done:
                ActivationSummarySteps.ThenTheSeeACompleteListOfAcceptableDocumentsTextIsDisplayedConditionally() (1.4s)
                And the Find a branch button is displayed conditionally
                Verifying Find a branch button should be displayed
                -&gt; done: ActivationSummarySteps.ThenTheFindABranchButtonOpensInANewWindow() (1.8s)
            </system-out>
        </testcase>
        <testcase
                name="ACTSUM_08_VerifyConfirmation_AdditionalDetails(&quot;NZTaxResident and non NZ non US and 33% and CoFTR with Mandatory TIN&quot;,&quot;Streamline intro,ASB Visa Debit Streamline Intro&quot;,&quot;Yes&quot;,&quot;Skip&quot;,&quot;Skip&quot;,&quot;Australia&quot;,&quot;China - X123GH78X123GH7811&quot;,&quot;true&quot;,null)"
                assertions="42" time="98.374420" status="Passed"
                classname="Join.Form.Customer.Selenium.Features._08_ActivateSummaryFeature">

            <system-out>Given I start my Streamline application
                Navigating to URL: https://webappisamdev.asbbank.co.nz/public/join/asb/?grcDisabled=true
                -&gt; done: CommonSteps.GivenIStartMyStreamlineApplication() (0.6s)
                Given I select the following products: 'Streamline intro,ASB Visa Debit Streamline Intro'
                12/6/2017 2:50:13 AMWaitForFeaturesPageLoad: Executing WaitForFrameAndSwitch
                12/6/2017 2:50:13 AMWaitForFeaturesPageLoad: Done executing WaitForFrameAndSwitch
                Unable to find product 'FastSaver' in page or product 'FastSaver' is not selected
                Unable to find product 'Savings On Call' in page or product 'Savings On Call' is not selected
                Unable to find product 'Savings On Call' in page or product 'Savings On Call' is not selected
                Unable to find product 'FastSaver' in page or product 'FastSaver' is not selected
                -&gt; done: ProductsPageSteps.WhenIChangeMySelectedProductsTo("Streamline intro,...") (15.0s)
                And I enter all required details in the Personal details page and clicks on Next button:
                --- table step argument ---
                | Title | FirstName | MiddleName | LastName | DateOfBirth | Email | MobileNumber | CountriesCitizenship
                | PreferredIdType |
                | Miss | Automation | RANDOM | FYICOB | RANDOM | cob2016@asb.co.nz | 021-RANDOM | Australia | Other |
                -&gt; done: PersonalDetailsSteps.WhenIEnterAllRequiredDetailsForPersonalDetailsPage(&lt;table&gt;)
                (20.7s)
                And I select 'Yes' in the Are you a New Zealand tax resident question
                -&gt; done: AdditionalPersonalDetailsSteps.WhenISelectInTheAreYouANewZealandTaxResidentQuestion("Yes")
                (0.1s)
                And I select 'Skip' in the Resident Withholding Tax Rate dropdown
                -&gt; done: AdditionalPersonalDetailsSteps.WhenISelectInTheResidentWithholdingTaxRateDropdown("Skip")
                (0.0s)
                And I enter non resident country and date for a non NZ tax resident
                -&gt; done: AdditionalPersonalDetailsSteps.WhenIEnterNonResidentCountryAndDateForANonNZTaxResident()
                (0.0s)
                And I enter additional information with Profile Complete flag 'Skip', 'Australia', 'China -
                X123GH78X123GH7811', 'true'
                -&gt; done:
                AdditionalPersonalDetailsSteps.GivenIEnterAdditionalInformationWithProfileCompleteFlag("Skip",
                "Australia", "China - X123GH78X...", "true") (2.2s)
                And I click on 'Next' button
                -&gt; done: CommonSteps.WhenIClickOnButton("Next") (0.1s)
                And I enter 'Kiwi77nz' password and 'MyCode01' verbal password in the ASB Login page and clicks on Next
                button
                -&gt; done:
                ASBLoginPageSteps.WhenIEnterPasswordAndVerbalPasswordInTheASBLoginPageAndClicksOnNextButton("Kiwi77nz",
                "MyCode01") (1.0s)
                When I confirm details on the Summary page
                UniqueId:
                Title: Miss
                FirstName: Automation
                MiddleName: COB-jXemZ
                LastName: FYICOB
                Email: cob2016@asb.co.nz
                Gender:
                DateOfBirth: 4/17/1979 12:00:00 AM
                DateCreated:
                LastReviewDate:
                Cals:
                IsIndividual:
                NzCitizen:
                NzResidence:
                HighValueCustomer:
                StaffMember:
                AmlVerified:
                VipCustomer:
                Addresses: System.Collections.Generic.List`1[ASB.Selenium.DataModel.Customer.Address]
                AddressInformation: ASB.Selenium.DataModel.Customer.AddressInformation
                CompanyName:
                CompanyType:
                CompanySubType:
                CustomerTypeCode:
                IrdNumber:
                TaxClass: 33%
                TaxClassDate:
                IsNzTaxResident: True
                NonResidentCountryCode:
                IsForeignTaxResident: True
                ForeignTaxResidencyStatus:
                IsProfileEnhanced:
                Phones: System.Collections.Generic.List`1[ASB.Selenium.DataModel.Customer.Phone]
                NextOfKin:
                EmploymentDetails:
                LinkedCustomers:
                AccountRelationships:
                IdType:
                Fatca: ASB.Selenium.DataModel.Customer.Fatca
                CitizenshipCountryCodes:
                CitizenshipCountryNames: System.Collections.Generic.List`1[System.String]
                ForeignTaxResidenceTypes:
                System.Collections.Generic.List`1[ASB.Selenium.DataModel.Customer.ForeignTaxResidenceTypes]
                OnboardingDetail: ASB.Selenium.DataModel.Customer.OnboardingDetail
                AddressVerificationStatus:
                IdVerificationStatus:
                PreferredIdType: Other
                IsProfileComplete: True
                DaysRemaining: 0
                OnboardingStatus:
                NewAccounts: System.Collections.Generic.List`1[ASB.Selenium.DataModel.Customer.Accounts]
                FailedAccounts: System.Collections.Generic.List`1[ASB.Selenium.DataModel.Customer.Accounts]
                OnboardingSource: JoinASB
                CustomerCreated:
                LoginCreated:
                RegisteredForNetcode:
                AccountsCreated:
                CustomerAccessToken:
                VerificationPassword: MyCode01
                LoginDetail: ASB.Selenium.DataModel.Customer.Login
                CustomerType:
                Cif:
                Username: afyi85128
                UsernameApi:
                Password: Kiwi77nz
                PublicKey:
                AcceptedTermsAndConditions:
                BackgroundCheckConsent:
                PreferredIdType:
                -&gt; done: SummaryPageSteps.WhenIConfirmDetailsOnTheSummaryPage() (2.8s)
                Then the Logging you in progress page is displayed
                -&gt; done: ConfirmationPageSteps.ThenTheLoggingYouInProgressPageIsDisplayed() (14.6s)
                And the Activation page is displayed
                12/6/2017 2:51:01 AMThenTheActivationPageIsDisplayed: IsActivationPageDisplayed STARTED
                12/6/2017 2:51:02 AMThenTheActivationPageIsDisplayed: IsActivationPageDisplayed DONE
                12/6/2017 2:51:02 AMThenTheActivationPageIsDisplayed: IsSectionDisplayed STARTED
                12/6/2017 2:51:04 AMThenTheActivationPageIsDisplayed: IsSectionDisplayed DONE
                -&gt; done: ActivationSummarySteps.ThenTheActivationPageIsDisplayed() (6.8s)
                And the account number and product name is displayed for the selected products
                ==&gt; Successfully created: Streamline transaction account:
                12-3629-0385538-00
                ==&gt; Successfully created: ASB Visa Debit card:
                Issued for delivery within a week
                -&gt; done: ActivationSummarySteps.ThenTheAccountNumberAndProductNameIsDisplayedForTheSelectedProducts()
                (26.9s)
                And the 'Activate your account' section is displayed
                -&gt; done: ActivationSummarySteps.ThenTheSectionIsDisplayed("Activate your acc...") (0.0s)
                And the Activate your account header is displayed
                -&gt; done: ActivationSummarySteps.ThenTheActivateYourAccountHeaderIsDisplayed() (0.0s)
                And the Profile Details section is displayed
                *** Verifying section for non-Profile Enhanced customer ***
                *** Verifying section for Profile Complete customer ***
                -&gt; done: ActivationSummarySteps.ThenTheProfileDetailsSectionIsDisplayed() (1.1s)
                And the Proof of Address section is displayed
                *** Verifying section for non-Address Verified customer ***
                *** Verifying section for non-Address Verified customer ***
                -&gt; done: ActivationSummarySteps.ThenTheProofOfAddressSectionIsDisplayed() (0.2s)
                And the Confirm Identity section is displayed
                *** Verifying section for non-ID Verified customer ***
                *** Verifying section for customer with Preferred ID = 'Other' ***
                *** Verifying EIDV-Switched OFF Confirm Identity section for customer with Preferred ID: Other
                -&gt; done: ActivationSummarySteps.ThenTheConfirmIdentitySectionIsDisplayed() (0.5s)
                And the See a complete list of acceptable documents text is displayed conditionally
                Verifying acceptable documents link should be displayed
                Clicking on link: acceptable documents
                -&gt; done:
                ActivationSummarySteps.ThenTheSeeACompleteListOfAcceptableDocumentsTextIsDisplayedConditionally() (1.1s)
                And the Find a branch button is displayed conditionally
                Verifying Find a branch button should be displayed
                -&gt; done: ActivationSummarySteps.ThenTheFindABranchButtonOpensInANewWindow() (3.5s)
            </system-out>
        </testcase>
        <testcase
                name="ACTSUM_08_VerifyConfirmation_AdditionalDetails(&quot;NZTaxResident and non NZ non US and 33% and CoFTR with Optional TIN&quot;,&quot;Streamline intro,ASB Visa Debit Streamline Intro&quot;,&quot;Yes&quot;,&quot;33%&quot;,&quot;Skip&quot;,&quot;Australia&quot;,&quot;Afghanistan - X123GH78&quot;,&quot;true&quot;,null)"
                assertions="42" time="94.363670" status="Passed"
                classname="Join.Form.Customer.Selenium.Features._08_ActivateSummaryFeature">

            <system-out>Given I start my Streamline application
                Navigating to URL: https://webappisamdev.asbbank.co.nz/public/join/asb/?grcDisabled=true
                -&gt; done: CommonSteps.GivenIStartMyStreamlineApplication() (0.6s)
                Given I select the following products: 'Streamline intro,ASB Visa Debit Streamline Intro'
                12/6/2017 2:51:52 AMWaitForFeaturesPageLoad: Executing WaitForFrameAndSwitch
                12/6/2017 2:51:52 AMWaitForFeaturesPageLoad: Done executing WaitForFrameAndSwitch
                Unable to find product 'FastSaver' in page or product 'FastSaver' is not selected
                Unable to find product 'Savings On Call' in page or product 'Savings On Call' is not selected
                Unable to find product 'Savings On Call' in page or product 'Savings On Call' is not selected
                Unable to find product 'FastSaver' in page or product 'FastSaver' is not selected
                -&gt; done: ProductsPageSteps.WhenIChangeMySelectedProductsTo("Streamline intro,...") (15.1s)
                And I enter all required details in the Personal details page and clicks on Next button:
                --- table step argument ---
                | Title | FirstName | MiddleName | LastName | DateOfBirth | Email | MobileNumber | CountriesCitizenship
                | PreferredIdType |
                | Miss | Automation | RANDOM | FYICOB | RANDOM | cob2016@asb.co.nz | 021-RANDOM | Australia | Other |
                -&gt; done: PersonalDetailsSteps.WhenIEnterAllRequiredDetailsForPersonalDetailsPage(&lt;table&gt;)
                (17.6s)
                And I select 'Yes' in the Are you a New Zealand tax resident question
                -&gt; done: AdditionalPersonalDetailsSteps.WhenISelectInTheAreYouANewZealandTaxResidentQuestion("Yes")
                (0.2s)
                And I select '33%' in the Resident Withholding Tax Rate dropdown
                -&gt; done: AdditionalPersonalDetailsSteps.WhenISelectInTheResidentWithholdingTaxRateDropdown("33%")
                (0.1s)
                And I enter non resident country and date for a non NZ tax resident
                -&gt; done: AdditionalPersonalDetailsSteps.WhenIEnterNonResidentCountryAndDateForANonNZTaxResident()
                (0.0s)
                And I enter additional information with Profile Complete flag 'Skip', 'Australia', 'Afghanistan -
                X123GH78', 'true'
                -&gt; done:
                AdditionalPersonalDetailsSteps.GivenIEnterAdditionalInformationWithProfileCompleteFlag("Skip",
                "Australia", "Afghanistan - X12...", "true") (2.1s)
                And I click on 'Next' button
                -&gt; done: CommonSteps.WhenIClickOnButton("Next") (0.1s)
                And I enter 'Kiwi77nz' password and 'MyCode01' verbal password in the ASB Login page and clicks on Next
                button
                -&gt; done:
                ASBLoginPageSteps.WhenIEnterPasswordAndVerbalPasswordInTheASBLoginPageAndClicksOnNextButton("Kiwi77nz",
                "MyCode01") (1.0s)
                When I confirm details on the Summary page
                UniqueId:
                Title: Miss
                FirstName: Automation
                MiddleName: COB-STGRj
                LastName: FYICOB
                Email: cob2016@asb.co.nz
                Gender:
                DateOfBirth: 8/26/1921 12:00:00 AM
                DateCreated:
                LastReviewDate:
                Cals:
                IsIndividual:
                NzCitizen:
                NzResidence:
                HighValueCustomer:
                StaffMember:
                AmlVerified:
                VipCustomer:
                Addresses: System.Collections.Generic.List`1[ASB.Selenium.DataModel.Customer.Address]
                AddressInformation: ASB.Selenium.DataModel.Customer.AddressInformation
                CompanyName:
                CompanyType:
                CompanySubType:
                CustomerTypeCode:
                IrdNumber:
                TaxClass: 33%
                TaxClassDate:
                IsNzTaxResident: True
                NonResidentCountryCode:
                IsForeignTaxResident: True
                ForeignTaxResidencyStatus:
                IsProfileEnhanced:
                Phones: System.Collections.Generic.List`1[ASB.Selenium.DataModel.Customer.Phone]
                NextOfKin:
                EmploymentDetails:
                LinkedCustomers:
                AccountRelationships:
                IdType:
                Fatca: ASB.Selenium.DataModel.Customer.Fatca
                CitizenshipCountryCodes:
                CitizenshipCountryNames: System.Collections.Generic.List`1[System.String]
                ForeignTaxResidenceTypes:
                System.Collections.Generic.List`1[ASB.Selenium.DataModel.Customer.ForeignTaxResidenceTypes]
                OnboardingDetail: ASB.Selenium.DataModel.Customer.OnboardingDetail
                AddressVerificationStatus:
                IdVerificationStatus:
                PreferredIdType: Other
                IsProfileComplete: True
                DaysRemaining: 0
                OnboardingStatus:
                NewAccounts: System.Collections.Generic.List`1[ASB.Selenium.DataModel.Customer.Accounts]
                FailedAccounts: System.Collections.Generic.List`1[ASB.Selenium.DataModel.Customer.Accounts]
                OnboardingSource: JoinASB
                CustomerCreated:
                LoginCreated:
                RegisteredForNetcode:
                AccountsCreated:
                CustomerAccessToken:
                VerificationPassword: MyCode01
                LoginDetail: ASB.Selenium.DataModel.Customer.Login
                CustomerType:
                Cif:
                Username: afyi28088
                UsernameApi:
                Password: Kiwi77nz
                PublicKey:
                AcceptedTermsAndConditions:
                BackgroundCheckConsent:
                PreferredIdType:
                -&gt; done: SummaryPageSteps.WhenIConfirmDetailsOnTheSummaryPage() (2.8s)
                Then the Logging you in progress page is displayed
                -&gt; done: ConfirmationPageSteps.ThenTheLoggingYouInProgressPageIsDisplayed() (15.1s)
                And the Activation page is displayed
                12/6/2017 2:52:37 AMThenTheActivationPageIsDisplayed: IsActivationPageDisplayed STARTED
                12/6/2017 2:52:37 AMThenTheActivationPageIsDisplayed: IsActivationPageDisplayed DONE
                12/6/2017 2:52:37 AMThenTheActivationPageIsDisplayed: IsSectionDisplayed STARTED
                12/6/2017 2:52:39 AMThenTheActivationPageIsDisplayed: IsSectionDisplayed DONE
                -&gt; done: ActivationSummarySteps.ThenTheActivationPageIsDisplayed() (6.8s)
                And the account number and product name is displayed for the selected products
                ==&gt; Successfully created: Streamline transaction account:
                12-3629-0385546-00
                ==&gt; Successfully created: ASB Visa Debit card:
                Issued for delivery within a week
                -&gt; done: ActivationSummarySteps.ThenTheAccountNumberAndProductNameIsDisplayedForTheSelectedProducts()
                (26.9s)
                And the 'Activate your account' section is displayed
                -&gt; done: ActivationSummarySteps.ThenTheSectionIsDisplayed("Activate your acc...") (0.0s)
                And the Activate your account header is displayed
                -&gt; done: ActivationSummarySteps.ThenTheActivateYourAccountHeaderIsDisplayed() (0.0s)
                And the Profile Details section is displayed
                *** Verifying section for non-Profile Enhanced customer ***
                *** Verifying section for Profile Complete customer ***
                -&gt; done: ActivationSummarySteps.ThenTheProfileDetailsSectionIsDisplayed() (1.1s)
                And the Proof of Address section is displayed
                *** Verifying section for non-Address Verified customer ***
                *** Verifying section for non-Address Verified customer ***
                -&gt; done: ActivationSummarySteps.ThenTheProofOfAddressSectionIsDisplayed() (0.2s)
                And the Confirm Identity section is displayed
                *** Verifying section for non-ID Verified customer ***
                *** Verifying section for customer with Preferred ID = 'Other' ***
                *** Verifying EIDV-Switched OFF Confirm Identity section for customer with Preferred ID: Other
                -&gt; done: ActivationSummarySteps.ThenTheConfirmIdentitySectionIsDisplayed() (0.5s)
                And the See a complete list of acceptable documents text is displayed conditionally
                Verifying acceptable documents link should be displayed
                Clicking on link: acceptable documents
                -&gt; done:
                ActivationSummarySteps.ThenTheSeeACompleteListOfAcceptableDocumentsTextIsDisplayedConditionally() (1.1s)
                And the Find a branch button is displayed conditionally
                Verifying Find a branch button should be displayed
                -&gt; done: ActivationSummarySteps.ThenTheFindABranchButtonOpensInANewWindow() (2.1s)
            </system-out>
        </testcase>
        <testcase
                name="ACTSUM_08_VerifyConfirmation_AdditionalDetails(&quot;NZTaxResident and NZ Citizen and 30%&quot;,&quot;Streamline intro&quot;,&quot;Yes&quot;,&quot;30%&quot;,&quot;49-091-850&quot;,&quot;New Zealand&quot;,&quot;Skip&quot;,&quot;true&quot;,null)"
                assertions="41" time="94.131392" status="Passed"
                classname="Join.Form.Customer.Selenium.Features._08_ActivateSummaryFeature">

            <system-out>Given I start my Streamline application
                Navigating to URL: https://webappisamdev.asbbank.co.nz/public/join/asb/?grcDisabled=true
                -&gt; done: CommonSteps.GivenIStartMyStreamlineApplication() (0.6s)
                Given I select the following products: 'Streamline intro'
                12/6/2017 2:53:26 AMWaitForFeaturesPageLoad: Executing WaitForFrameAndSwitch
                12/6/2017 2:53:26 AMWaitForFeaturesPageLoad: Done executing WaitForFrameAndSwitch
                Unable to find product 'FastSaver' in page or product 'FastSaver' is not selected
                Unable to find product 'Savings On Call' in page or product 'Savings On Call' is not selected
                Unable to find product 'ASB Visa Debit Streamline Intro' in page or product 'ASB Visa Debit Streamline
                Intro' is not selected
                Unable to find product 'Savings On Call' in page or product 'Savings On Call' is not selected
                Unable to find product 'FastSaver' in page or product 'FastSaver' is not selected
                -&gt; done: ProductsPageSteps.WhenIChangeMySelectedProductsTo("Streamline intro") (16.1s)
                And I enter all required details in the Personal details page and clicks on Next button:
                --- table step argument ---
                | Title | FirstName | MiddleName | LastName | DateOfBirth | Email | MobileNumber | CountriesCitizenship
                | PreferredIdType |
                | Miss | Automation | RANDOM | FYICOB | RANDOM | cob2016@asb.co.nz | 021-RANDOM | New Zealand | Other |
                -&gt; done: PersonalDetailsSteps.WhenIEnterAllRequiredDetailsForPersonalDetailsPage(&lt;table&gt;)
                (15.3s)
                And I select 'Yes' in the Are you a New Zealand tax resident question
                -&gt; done: AdditionalPersonalDetailsSteps.WhenISelectInTheAreYouANewZealandTaxResidentQuestion("Yes")
                (0.1s)
                And I select '30%' in the Resident Withholding Tax Rate dropdown
                -&gt; done: AdditionalPersonalDetailsSteps.WhenISelectInTheResidentWithholdingTaxRateDropdown("30%")
                (0.1s)
                And I enter non resident country and date for a non NZ tax resident
                -&gt; done: AdditionalPersonalDetailsSteps.WhenIEnterNonResidentCountryAndDateForANonNZTaxResident()
                (0.0s)
                And I enter additional information with Profile Complete flag '49-091-850', 'New Zealand', 'Skip',
                'true'
                -&gt; done:
                AdditionalPersonalDetailsSteps.GivenIEnterAdditionalInformationWithProfileCompleteFlag("49-091-850",
                "New Zealand", "Skip", "true") (0.4s)
                And I click on 'Next' button
                -&gt; done: CommonSteps.WhenIClickOnButton("Next") (0.1s)
                And I enter 'Kiwi77nz' password and 'MyCode01' verbal password in the ASB Login page and clicks on Next
                button
                -&gt; done:
                ASBLoginPageSteps.WhenIEnterPasswordAndVerbalPasswordInTheASBLoginPageAndClicksOnNextButton("Kiwi77nz",
                "MyCode01") (1.1s)
                When I confirm details on the Summary page
                UniqueId:
                Title: Miss
                FirstName: Automation
                MiddleName: COB-wWVoW
                LastName: FYICOB
                Email: cob2016@asb.co.nz
                Gender:
                DateOfBirth: 5/1/1964 12:00:00 AM
                DateCreated:
                LastReviewDate:
                Cals:
                IsIndividual:
                NzCitizen:
                NzResidence:
                HighValueCustomer:
                StaffMember:
                AmlVerified:
                VipCustomer:
                Addresses: System.Collections.Generic.List`1[ASB.Selenium.DataModel.Customer.Address]
                AddressInformation: ASB.Selenium.DataModel.Customer.AddressInformation
                CompanyName:
                CompanyType:
                CompanySubType:
                CustomerTypeCode:
                IrdNumber: 49-091-850
                TaxClass: 30%
                TaxClassDate:
                IsNzTaxResident: True
                NonResidentCountryCode:
                IsForeignTaxResident: False
                ForeignTaxResidencyStatus:
                IsProfileEnhanced:
                Phones: System.Collections.Generic.List`1[ASB.Selenium.DataModel.Customer.Phone]
                NextOfKin:
                EmploymentDetails:
                LinkedCustomers:
                AccountRelationships:
                IdType:
                Fatca: ASB.Selenium.DataModel.Customer.Fatca
                CitizenshipCountryCodes:
                CitizenshipCountryNames: System.Collections.Generic.List`1[System.String]
                ForeignTaxResidenceTypes:
                System.Collections.Generic.List`1[ASB.Selenium.DataModel.Customer.ForeignTaxResidenceTypes]
                OnboardingDetail: ASB.Selenium.DataModel.Customer.OnboardingDetail
                AddressVerificationStatus:
                IdVerificationStatus:
                PreferredIdType: Other
                IsProfileComplete: True
                DaysRemaining: 0
                OnboardingStatus:
                NewAccounts: System.Collections.Generic.List`1[ASB.Selenium.DataModel.Customer.Accounts]
                FailedAccounts: System.Collections.Generic.List`1[ASB.Selenium.DataModel.Customer.Accounts]
                OnboardingSource: JoinASB
                CustomerCreated:
                LoginCreated:
                RegisteredForNetcode:
                AccountsCreated:
                CustomerAccessToken:
                VerificationPassword: MyCode01
                LoginDetail: ASB.Selenium.DataModel.Customer.Login
                CustomerType:
                Cif:
                Username: afyi22070
                UsernameApi:
                Password: Kiwi77nz
                PublicKey:
                AcceptedTermsAndConditions:
                BackgroundCheckConsent:
                PreferredIdType:
                -&gt; done: SummaryPageSteps.WhenIConfirmDetailsOnTheSummaryPage() (2.8s)
                Then the Logging you in progress page is displayed
                -&gt; done: ConfirmationPageSteps.ThenTheLoggingYouInProgressPageIsDisplayed() (14.6s)
                And the Activation page is displayed
                12/6/2017 2:54:08 AMThenTheActivationPageIsDisplayed: IsActivationPageDisplayed STARTED
                12/6/2017 2:54:08 AMThenTheActivationPageIsDisplayed: IsActivationPageDisplayed DONE
                12/6/2017 2:54:08 AMThenTheActivationPageIsDisplayed: IsSectionDisplayed STARTED
                12/6/2017 2:54:13 AMThenTheActivationPageIsDisplayed: IsSectionDisplayed DONE
                -&gt; done: ActivationSummarySteps.ThenTheActivationPageIsDisplayed() (8.8s)
                And the account number and product name is displayed for the selected products
                ==&gt; Successfully created: Streamline transaction account:
                12-3629-0385554-00
                -&gt; done: ActivationSummarySteps.ThenTheAccountNumberAndProductNameIsDisplayedForTheSelectedProducts()
                (26.8s)
                And the 'Activate your account' section is displayed
                -&gt; done: ActivationSummarySteps.ThenTheSectionIsDisplayed("Activate your acc...") (0.0s)
                And the Activate your account header is displayed
                -&gt; done: ActivationSummarySteps.ThenTheActivateYourAccountHeaderIsDisplayed() (0.0s)
                And the Profile Details section is displayed
                *** Verifying section for non-Profile Enhanced customer ***
                *** Verifying section for Profile Complete customer ***
                -&gt; done: ActivationSummarySteps.ThenTheProfileDetailsSectionIsDisplayed() (1.1s)
                And the Proof of Address section is displayed
                *** Verifying section for non-Address Verified customer ***
                *** Verifying section for non-Address Verified customer ***
                -&gt; done: ActivationSummarySteps.ThenTheProofOfAddressSectionIsDisplayed() (0.2s)
                And the Confirm Identity section is displayed
                *** Verifying section for non-ID Verified customer ***
                *** Verifying section for customer with Preferred ID = 'Other' ***
                *** Verifying EIDV-Switched OFF Confirm Identity section for customer with Preferred ID: Other
                -&gt; done: ActivationSummarySteps.ThenTheConfirmIdentitySectionIsDisplayed() (0.5s)
                And the See a complete list of acceptable documents text is displayed conditionally
                Verifying acceptable documents link should be displayed
                Clicking on link: acceptable documents
                -&gt; done:
                ActivationSummarySteps.ThenTheSeeACompleteListOfAcceptableDocumentsTextIsDisplayedConditionally() (1.0s)
                And the Find a branch button is displayed conditionally
                Verifying Find a branch button should be displayed
                -&gt; done: ActivationSummarySteps.ThenTheFindABranchButtonOpensInANewWindow() (3.4s)
            </system-out>
        </testcase>
        <testcase
                name="ACTSUM_08_VerifyConfirmation_AdditionalDetails(&quot;NZTaxResident and US Citizen and 17.5%&quot;,&quot;Streamline intro&quot;,&quot;Yes&quot;,&quot;17.5%&quot;,&quot;136410132&quot;,&quot;Guam&quot;,&quot;United States - 12345ABC1&quot;,&quot;true&quot;,null)"
                assertions="41" time="91.515889" status="Passed"
                classname="Join.Form.Customer.Selenium.Features._08_ActivateSummaryFeature">

            <system-out>Given I start my Streamline application
                Navigating to URL: https://webappisamdev.asbbank.co.nz/public/join/asb/?grcDisabled=true
                -&gt; done: CommonSteps.GivenIStartMyStreamlineApplication() (0.5s)
                Given I select the following products: 'Streamline intro'
                12/6/2017 2:55:01 AMWaitForFeaturesPageLoad: Executing WaitForFrameAndSwitch
                12/6/2017 2:55:01 AMWaitForFeaturesPageLoad: Done executing WaitForFrameAndSwitch
                Unable to find product 'FastSaver' in page or product 'FastSaver' is not selected
                Unable to find product 'Savings On Call' in page or product 'Savings On Call' is not selected
                Unable to find product 'ASB Visa Debit Streamline Intro' in page or product 'ASB Visa Debit Streamline
                Intro' is not selected
                Unable to find product 'Savings On Call' in page or product 'Savings On Call' is not selected
                Unable to find product 'FastSaver' in page or product 'FastSaver' is not selected
                -&gt; done: ProductsPageSteps.WhenIChangeMySelectedProductsTo("Streamline intro") (16.1s)
                And I enter all required details in the Personal details page and clicks on Next button:
                --- table step argument ---
                | Title | FirstName | MiddleName | LastName | DateOfBirth | Email | MobileNumber | CountriesCitizenship
                | PreferredIdType |
                | Miss | Automation | RANDOM | FYICOB | RANDOM | cob2016@asb.co.nz | 021-RANDOM | Guam | Other |
                -&gt; done: PersonalDetailsSteps.WhenIEnterAllRequiredDetailsForPersonalDetailsPage(&lt;table&gt;)
                (15.6s)
                And I select 'Yes' in the Are you a New Zealand tax resident question
                -&gt; done: AdditionalPersonalDetailsSteps.WhenISelectInTheAreYouANewZealandTaxResidentQuestion("Yes")
                (0.2s)
                And I select '17.5%' in the Resident Withholding Tax Rate dropdown
                -&gt; done: AdditionalPersonalDetailsSteps.WhenISelectInTheResidentWithholdingTaxRateDropdown("17.5%")
                (0.1s)
                And I enter non resident country and date for a non NZ tax resident
                -&gt; done: AdditionalPersonalDetailsSteps.WhenIEnterNonResidentCountryAndDateForANonNZTaxResident()
                (0.0s)
                And I enter additional information with Profile Complete flag '136410132', 'Guam', 'United States -
                12345ABC1', 'true'
                -&gt; done:
                AdditionalPersonalDetailsSteps.GivenIEnterAdditionalInformationWithProfileCompleteFlag("136410132",
                "Guam", "United States - 1...", "true") (1.1s)
                And I click on 'Next' button
                -&gt; done: CommonSteps.WhenIClickOnButton("Next") (0.1s)
                And I enter 'Kiwi77nz' password and 'MyCode01' verbal password in the ASB Login page and clicks on Next
                button
                -&gt; done:
                ASBLoginPageSteps.WhenIEnterPasswordAndVerbalPasswordInTheASBLoginPageAndClicksOnNextButton("Kiwi77nz",
                "MyCode01") (1.1s)
                When I confirm details on the Summary page
                UniqueId:
                Title: Miss
                FirstName: Automation
                MiddleName: COB-YYeIv
                LastName: FYICOB
                Email: cob2016@asb.co.nz
                Gender:
                DateOfBirth: 11/5/1960 12:00:00 AM
                DateCreated:
                LastReviewDate:
                Cals:
                IsIndividual:
                NzCitizen:
                NzResidence:
                HighValueCustomer:
                StaffMember:
                AmlVerified:
                VipCustomer:
                Addresses: System.Collections.Generic.List`1[ASB.Selenium.DataModel.Customer.Address]
                AddressInformation: ASB.Selenium.DataModel.Customer.AddressInformation
                CompanyName:
                CompanyType:
                CompanySubType:
                CustomerTypeCode:
                IrdNumber: 136410132
                TaxClass: 17.5%
                TaxClassDate:
                IsNzTaxResident: True
                NonResidentCountryCode:
                IsForeignTaxResident: True
                ForeignTaxResidencyStatus:
                IsProfileEnhanced:
                Phones: System.Collections.Generic.List`1[ASB.Selenium.DataModel.Customer.Phone]
                NextOfKin:
                EmploymentDetails:
                LinkedCustomers:
                AccountRelationships:
                IdType:
                Fatca: ASB.Selenium.DataModel.Customer.Fatca
                CitizenshipCountryCodes:
                CitizenshipCountryNames: System.Collections.Generic.List`1[System.String]
                ForeignTaxResidenceTypes:
                System.Collections.Generic.List`1[ASB.Selenium.DataModel.Customer.ForeignTaxResidenceTypes]
                OnboardingDetail: ASB.Selenium.DataModel.Customer.OnboardingDetail
                AddressVerificationStatus:
                IdVerificationStatus:
                PreferredIdType: Other
                IsProfileComplete: True
                DaysRemaining: 0
                OnboardingStatus:
                NewAccounts: System.Collections.Generic.List`1[ASB.Selenium.DataModel.Customer.Accounts]
                FailedAccounts: System.Collections.Generic.List`1[ASB.Selenium.DataModel.Customer.Accounts]
                OnboardingSource: JoinASB
                CustomerCreated:
                LoginCreated:
                RegisteredForNetcode:
                AccountsCreated:
                CustomerAccessToken:
                VerificationPassword: MyCode01
                LoginDetail: ASB.Selenium.DataModel.Customer.Login
                CustomerType:
                Cif:
                Username: afyi40338
                UsernameApi:
                Password: Kiwi77nz
                PublicKey:
                AcceptedTermsAndConditions:
                BackgroundCheckConsent:
                PreferredIdType:
                -&gt; done: SummaryPageSteps.WhenIConfirmDetailsOnTheSummaryPage() (2.8s)
                Then the Logging you in progress page is displayed
                -&gt; done: ConfirmationPageSteps.ThenTheLoggingYouInProgressPageIsDisplayed() (14.3s)
                And the Activation page is displayed
                12/6/2017 2:55:43 AMThenTheActivationPageIsDisplayed: IsActivationPageDisplayed STARTED
                12/6/2017 2:55:44 AMThenTheActivationPageIsDisplayed: IsActivationPageDisplayed DONE
                12/6/2017 2:55:44 AMThenTheActivationPageIsDisplayed: IsSectionDisplayed STARTED
                12/6/2017 2:55:46 AMThenTheActivationPageIsDisplayed: IsSectionDisplayed DONE
                -&gt; done: ActivationSummarySteps.ThenTheActivationPageIsDisplayed() (6.7s)
                And the account number and product name is displayed for the selected products
                ==&gt; Successfully created: Streamline transaction account:
                12-3629-0385562-00
                -&gt; done: ActivationSummarySteps.ThenTheAccountNumberAndProductNameIsDisplayedForTheSelectedProducts()
                (26.8s)
                And the 'Activate your account' section is displayed
                -&gt; done: ActivationSummarySteps.ThenTheSectionIsDisplayed("Activate your acc...") (0.0s)
                And the Activate your account header is displayed
                -&gt; done: ActivationSummarySteps.ThenTheActivateYourAccountHeaderIsDisplayed() (0.0s)
                And the Profile Details section is displayed
                *** Verifying section for non-Profile Enhanced customer ***
                *** Verifying section for Profile Complete customer ***
                -&gt; done: ActivationSummarySteps.ThenTheProfileDetailsSectionIsDisplayed() (1.1s)
                And the Proof of Address section is displayed
                *** Verifying section for non-Address Verified customer ***
                *** Verifying section for non-Address Verified customer ***
                -&gt; done: ActivationSummarySteps.ThenTheProofOfAddressSectionIsDisplayed() (0.2s)
                And the Confirm Identity section is displayed
                *** Verifying section for non-ID Verified customer ***
                *** Verifying section for customer with Preferred ID = 'Other' ***
                *** Verifying EIDV-Switched OFF Confirm Identity section for customer with Preferred ID: Other
                -&gt; done: ActivationSummarySteps.ThenTheConfirmIdentitySectionIsDisplayed() (0.4s)
                And the See a complete list of acceptable documents text is displayed conditionally
                Verifying acceptable documents link should be displayed
                Clicking on link: acceptable documents
                -&gt; done:
                ActivationSummarySteps.ThenTheSeeACompleteListOfAcceptableDocumentsTextIsDisplayedConditionally() (1.1s)
                And the Find a branch button is displayed conditionally
                Verifying Find a branch button should be displayed
                -&gt; done: ActivationSummarySteps.ThenTheFindABranchButtonOpensInANewWindow() (1.8s)
            </system-out>
        </testcase>
        <testcase
                name="ACTSUM_08_VerifyConfirmation_AdditionalDetails(&quot;NZTaxResident and non NZ and non US Citizen and 10.5%&quot;,&quot;Streamline intro&quot;,&quot;Yes&quot;,&quot;10.5%&quot;,&quot;049091850&quot;,&quot;Australia&quot;,&quot;Skip&quot;,&quot;true&quot;,null)"
                assertions="41" time="92.993332" status="Passed"
                classname="Join.Form.Customer.Selenium.Features._08_ActivateSummaryFeature">

            <system-out>Given I start my Streamline application
                Navigating to URL: https://webappisamdev.asbbank.co.nz/public/join/asb/?grcDisabled=true
                -&gt; done: CommonSteps.GivenIStartMyStreamlineApplication() (0.6s)
                Given I select the following products: 'Streamline intro'
                12/6/2017 2:56:32 AMWaitForFeaturesPageLoad: Executing WaitForFrameAndSwitch
                12/6/2017 2:56:32 AMWaitForFeaturesPageLoad: Done executing WaitForFrameAndSwitch
                Unable to find product 'FastSaver' in page or product 'FastSaver' is not selected
                Unable to find product 'Savings On Call' in page or product 'Savings On Call' is not selected
                Unable to find product 'ASB Visa Debit Streamline Intro' in page or product 'ASB Visa Debit Streamline
                Intro' is not selected
                Unable to find product 'Savings On Call' in page or product 'Savings On Call' is not selected
                Unable to find product 'FastSaver' in page or product 'FastSaver' is not selected
                -&gt; done: ProductsPageSteps.WhenIChangeMySelectedProductsTo("Streamline intro") (16.1s)
                And I enter all required details in the Personal details page and clicks on Next button:
                --- table step argument ---
                | Title | FirstName | MiddleName | LastName | DateOfBirth | Email | MobileNumber | CountriesCitizenship
                | PreferredIdType |
                | Miss | Automation | RANDOM | FYICOB | RANDOM | cob2016@asb.co.nz | 021-RANDOM | Australia | Other |
                -&gt; done: PersonalDetailsSteps.WhenIEnterAllRequiredDetailsForPersonalDetailsPage(&lt;table&gt;)
                (14.7s)
                And I select 'Yes' in the Are you a New Zealand tax resident question
                -&gt; done: AdditionalPersonalDetailsSteps.WhenISelectInTheAreYouANewZealandTaxResidentQuestion("Yes")
                (0.2s)
                And I select '10.5%' in the Resident Withholding Tax Rate dropdown
                -&gt; done: AdditionalPersonalDetailsSteps.WhenISelectInTheResidentWithholdingTaxRateDropdown("10.5%")
                (0.1s)
                And I enter non resident country and date for a non NZ tax resident
                -&gt; done: AdditionalPersonalDetailsSteps.WhenIEnterNonResidentCountryAndDateForANonNZTaxResident()
                (0.0s)
                And I enter additional information with Profile Complete flag '049091850', 'Australia', 'Skip', 'true'
                -&gt; done:
                AdditionalPersonalDetailsSteps.GivenIEnterAdditionalInformationWithProfileCompleteFlag("049091850",
                "Australia", "Skip", "true") (0.4s)
                And I click on 'Next' button
                -&gt; done: CommonSteps.WhenIClickOnButton("Next") (0.1s)
                And I enter 'Kiwi77nz' password and 'MyCode01' verbal password in the ASB Login page and clicks on Next
                button
                -&gt; done:
                ASBLoginPageSteps.WhenIEnterPasswordAndVerbalPasswordInTheASBLoginPageAndClicksOnNextButton("Kiwi77nz",
                "MyCode01") (1.0s)
                When I confirm details on the Summary page
                UniqueId:
                Title: Miss
                FirstName: Automation
                MiddleName: COB-vuFsS
                LastName: FYICOB
                Email: cob2016@asb.co.nz
                Gender:
                DateOfBirth: 11/6/1982 12:00:00 AM
                DateCreated:
                LastReviewDate:
                Cals:
                IsIndividual:
                NzCitizen:
                NzResidence:
                HighValueCustomer:
                StaffMember:
                AmlVerified:
                VipCustomer:
                Addresses: System.Collections.Generic.List`1[ASB.Selenium.DataModel.Customer.Address]
                AddressInformation: ASB.Selenium.DataModel.Customer.AddressInformation
                CompanyName:
                CompanyType:
                CompanySubType:
                CustomerTypeCode:
                IrdNumber: 049091850
                TaxClass: 10.5%
                TaxClassDate:
                IsNzTaxResident: True
                NonResidentCountryCode:
                IsForeignTaxResident: False
                ForeignTaxResidencyStatus:
                IsProfileEnhanced:
                Phones: System.Collections.Generic.List`1[ASB.Selenium.DataModel.Customer.Phone]
                NextOfKin:
                EmploymentDetails:
                LinkedCustomers:
                AccountRelationships:
                IdType:
                Fatca: ASB.Selenium.DataModel.Customer.Fatca
                CitizenshipCountryCodes:
                CitizenshipCountryNames: System.Collections.Generic.List`1[System.String]
                ForeignTaxResidenceTypes:
                System.Collections.Generic.List`1[ASB.Selenium.DataModel.Customer.ForeignTaxResidenceTypes]
                OnboardingDetail: ASB.Selenium.DataModel.Customer.OnboardingDetail
                AddressVerificationStatus:
                IdVerificationStatus:
                PreferredIdType: Other
                IsProfileComplete: True
                DaysRemaining: 0
                OnboardingStatus:
                NewAccounts: System.Collections.Generic.List`1[ASB.Selenium.DataModel.Customer.Accounts]
                FailedAccounts: System.Collections.Generic.List`1[ASB.Selenium.DataModel.Customer.Accounts]
                OnboardingSource: JoinASB
                CustomerCreated:
                LoginCreated:
                RegisteredForNetcode:
                AccountsCreated:
                CustomerAccessToken:
                VerificationPassword: MyCode01
                LoginDetail: ASB.Selenium.DataModel.Customer.Login
                CustomerType:
                Cif:
                Username: afyi75330
                UsernameApi:
                Password: Kiwi77nz
                PublicKey:
                AcceptedTermsAndConditions:
                BackgroundCheckConsent:
                PreferredIdType:
                -&gt; done: SummaryPageSteps.WhenIConfirmDetailsOnTheSummaryPage() (2.8s)
                Then the Logging you in progress page is displayed
                -&gt; done: ConfirmationPageSteps.ThenTheLoggingYouInProgressPageIsDisplayed() (14.2s)
                And the Activation page is displayed
                12/6/2017 2:57:13 AMThenTheActivationPageIsDisplayed: IsActivationPageDisplayed STARTED
                12/6/2017 2:57:13 AMThenTheActivationPageIsDisplayed: IsActivationPageDisplayed DONE
                12/6/2017 2:57:13 AMThenTheActivationPageIsDisplayed: IsSectionDisplayed STARTED
                12/6/2017 2:57:15 AMThenTheActivationPageIsDisplayed: IsSectionDisplayed DONE
                -&gt; done: ActivationSummarySteps.ThenTheActivationPageIsDisplayed() (6.7s)
                And the account number and product name is displayed for the selected products
                ==&gt; Successfully created: Streamline transaction account:
                12-3629-0385570-00
                -&gt; done: ActivationSummarySteps.ThenTheAccountNumberAndProductNameIsDisplayedForTheSelectedProducts()
                (26.8s)
                And the 'Activate your account' section is displayed
                -&gt; done: ActivationSummarySteps.ThenTheSectionIsDisplayed("Activate your acc...") (0.0s)
                And the Activate your account header is displayed
                -&gt; done: ActivationSummarySteps.ThenTheActivateYourAccountHeaderIsDisplayed() (0.0s)
                And the Profile Details section is displayed
                *** Verifying section for non-Profile Enhanced customer ***
                *** Verifying section for Profile Complete customer ***
                -&gt; done: ActivationSummarySteps.ThenTheProfileDetailsSectionIsDisplayed() (1.1s)
                And the Proof of Address section is displayed
                *** Verifying section for non-Address Verified customer ***
                *** Verifying section for non-Address Verified customer ***
                -&gt; done: ActivationSummarySteps.ThenTheProofOfAddressSectionIsDisplayed() (0.2s)
                And the Confirm Identity section is displayed
                *** Verifying section for non-ID Verified customer ***
                *** Verifying section for customer with Preferred ID = 'Other' ***
                *** Verifying EIDV-Switched OFF Confirm Identity section for customer with Preferred ID: Other
                -&gt; done: ActivationSummarySteps.ThenTheConfirmIdentitySectionIsDisplayed() (0.5s)
                And the See a complete list of acceptable documents text is displayed conditionally
                Verifying acceptable documents link should be displayed
                Clicking on link: acceptable documents
                -&gt; done:
                ActivationSummarySteps.ThenTheSeeACompleteListOfAcceptableDocumentsTextIsDisplayedConditionally() (1.0s)
                And the Find a branch button is displayed conditionally
                Verifying Find a branch button should be displayed
                -&gt; done: ActivationSummarySteps.ThenTheFindABranchButtonOpensInANewWindow() (3.2s)
            </system-out>
        </testcase>
        <testcase
                name="ACTSUM_08_VerifyConfirmation_AdditionalDetails(&quot;NZTaxResident and high risk country citizen and exempt&quot;,&quot;Streamline intro&quot;,&quot;Yes&quot;,&quot;Exempt from withholding tax&quot;,&quot;Skip&quot;,&quot;Viet Nam&quot;,&quot;Afghanistan - 12345ABC&quot;,&quot;true&quot;,null)"
                assertions="41" time="92.297546" status="Passed"
                classname="Join.Form.Customer.Selenium.Features._08_ActivateSummaryFeature">

            <system-out>Given I start my Streamline application
                Navigating to URL: https://webappisamdev.asbbank.co.nz/public/join/asb/?grcDisabled=true
                -&gt; done: CommonSteps.GivenIStartMyStreamlineApplication() (0.6s)
                Given I select the following products: 'Streamline intro'
                12/6/2017 2:58:05 AMWaitForFeaturesPageLoad: Executing WaitForFrameAndSwitch
                12/6/2017 2:58:05 AMWaitForFeaturesPageLoad: Done executing WaitForFrameAndSwitch
                Unable to find product 'FastSaver' in page or product 'FastSaver' is not selected
                Unable to find product 'Savings On Call' in page or product 'Savings On Call' is not selected
                Unable to find product 'ASB Visa Debit Streamline Intro' in page or product 'ASB Visa Debit Streamline
                Intro' is not selected
                Unable to find product 'Savings On Call' in page or product 'Savings On Call' is not selected
                Unable to find product 'FastSaver' in page or product 'FastSaver' is not selected
                -&gt; done: ProductsPageSteps.WhenIChangeMySelectedProductsTo("Streamline intro") (16.1s)
                And I enter all required details in the Personal details page and clicks on Next button:
                --- table step argument ---
                | Title | FirstName | MiddleName | LastName | DateOfBirth | Email | MobileNumber | CountriesCitizenship
                | PreferredIdType |
                | Miss | Automation | RANDOM | FYICOB | RANDOM | cob2016@asb.co.nz | 021-RANDOM | Viet Nam | Other |
                -&gt; done: PersonalDetailsSteps.WhenIEnterAllRequiredDetailsForPersonalDetailsPage(&lt;table&gt;)
                (14.9s)
                And I select 'Yes' in the Are you a New Zealand tax resident question
                -&gt; done: AdditionalPersonalDetailsSteps.WhenISelectInTheAreYouANewZealandTaxResidentQuestion("Yes")
                (0.1s)
                And I select 'Exempt from withholding tax' in the Resident Withholding Tax Rate dropdown
                -&gt; done: AdditionalPersonalDetailsSteps.WhenISelectInTheResidentWithholdingTaxRateDropdown("Exempt
                from withh...") (0.2s)
                And I enter non resident country and date for a non NZ tax resident
                -&gt; done: AdditionalPersonalDetailsSteps.WhenIEnterNonResidentCountryAndDateForANonNZTaxResident()
                (0.0s)
                And I enter additional information with Profile Complete flag 'Skip', 'Viet Nam', 'Afghanistan -
                12345ABC', 'true'
                -&gt; done:
                AdditionalPersonalDetailsSteps.GivenIEnterAdditionalInformationWithProfileCompleteFlag("Skip", "Viet
                Nam", "Afghanistan - 123...", "true") (2.1s)
                And I click on 'Next' button
                -&gt; done: CommonSteps.WhenIClickOnButton("Next") (0.1s)
                And I enter 'Kiwi77nz' password and 'MyCode01' verbal password in the ASB Login page and clicks on Next
                button
                -&gt; done:
                ASBLoginPageSteps.WhenIEnterPasswordAndVerbalPasswordInTheASBLoginPageAndClicksOnNextButton("Kiwi77nz",
                "MyCode01") (1.0s)
                When I confirm details on the Summary page
                UniqueId:
                Title: Miss
                FirstName: Automation
                MiddleName: COB-Krhfm
                LastName: FYICOB
                Email: cob2016@asb.co.nz
                Gender:
                DateOfBirth: 6/21/1975 12:00:00 AM
                DateCreated:
                LastReviewDate:
                Cals:
                IsIndividual:
                NzCitizen:
                NzResidence:
                HighValueCustomer:
                StaffMember:
                AmlVerified:
                VipCustomer:
                Addresses: System.Collections.Generic.List`1[ASB.Selenium.DataModel.Customer.Address]
                AddressInformation: ASB.Selenium.DataModel.Customer.AddressInformation
                CompanyName:
                CompanyType:
                CompanySubType:
                CustomerTypeCode:
                IrdNumber:
                TaxClass: 33%
                TaxClassDate:
                IsNzTaxResident: True
                NonResidentCountryCode:
                IsForeignTaxResident: True
                ForeignTaxResidencyStatus:
                IsProfileEnhanced:
                Phones: System.Collections.Generic.List`1[ASB.Selenium.DataModel.Customer.Phone]
                NextOfKin:
                EmploymentDetails:
                LinkedCustomers:
                AccountRelationships:
                IdType:
                Fatca: ASB.Selenium.DataModel.Customer.Fatca
                CitizenshipCountryCodes:
                CitizenshipCountryNames: System.Collections.Generic.List`1[System.String]
                ForeignTaxResidenceTypes:
                System.Collections.Generic.List`1[ASB.Selenium.DataModel.Customer.ForeignTaxResidenceTypes]
                OnboardingDetail: ASB.Selenium.DataModel.Customer.OnboardingDetail
                AddressVerificationStatus:
                IdVerificationStatus:
                PreferredIdType: Other
                IsProfileComplete: True
                DaysRemaining: 0
                OnboardingStatus:
                NewAccounts: System.Collections.Generic.List`1[ASB.Selenium.DataModel.Customer.Accounts]
                FailedAccounts: System.Collections.Generic.List`1[ASB.Selenium.DataModel.Customer.Accounts]
                OnboardingSource: JoinASB
                CustomerCreated:
                LoginCreated:
                RegisteredForNetcode:
                AccountsCreated:
                CustomerAccessToken:
                VerificationPassword: MyCode01
                LoginDetail: ASB.Selenium.DataModel.Customer.Login
                CustomerType:
                Cif:
                Username: afyi07437
                UsernameApi:
                Password: Kiwi77nz
                PublicKey:
                AcceptedTermsAndConditions:
                BackgroundCheckConsent:
                PreferredIdType:
                -&gt; done: SummaryPageSteps.WhenIConfirmDetailsOnTheSummaryPage() (2.8s)
                Then the Logging you in progress page is displayed
                -&gt; done: ConfirmationPageSteps.ThenTheLoggingYouInProgressPageIsDisplayed() (13.1s)
                And the Activation page is displayed
                12/6/2017 2:58:46 AMThenTheActivationPageIsDisplayed: IsActivationPageDisplayed STARTED
                12/6/2017 2:58:47 AMThenTheActivationPageIsDisplayed: IsActivationPageDisplayed DONE
                12/6/2017 2:58:47 AMThenTheActivationPageIsDisplayed: IsSectionDisplayed STARTED
                12/6/2017 2:58:49 AMThenTheActivationPageIsDisplayed: IsSectionDisplayed DONE
                -&gt; done: ActivationSummarySteps.ThenTheActivationPageIsDisplayed() (6.7s)
                And the account number and product name is displayed for the selected products
                ==&gt; Successfully created: Streamline transaction account:
                12-3629-0385589-00
                -&gt; done: ActivationSummarySteps.ThenTheAccountNumberAndProductNameIsDisplayedForTheSelectedProducts()
                (26.8s)
                And the 'Activate your account' section is displayed
                -&gt; done: ActivationSummarySteps.ThenTheSectionIsDisplayed("Activate your acc...") (0.0s)
                And the Activate your account header is displayed
                -&gt; done: ActivationSummarySteps.ThenTheActivateYourAccountHeaderIsDisplayed() (0.0s)
                And the Profile Details section is displayed
                *** Verifying section for non-Profile Enhanced customer ***
                *** Verifying section for Profile Complete customer ***
                -&gt; done: ActivationSummarySteps.ThenTheProfileDetailsSectionIsDisplayed() (1.1s)
                And the Proof of Address section is displayed
                *** Verifying section for non-Address Verified customer ***
                *** Verifying section for non-Address Verified customer ***
                -&gt; done: ActivationSummarySteps.ThenTheProofOfAddressSectionIsDisplayed() (0.2s)
                And the Confirm Identity section is displayed
                *** Verifying section for non-ID Verified customer ***
                *** Verifying section for customer with Preferred ID = 'Other' ***
                *** Verifying EIDV-Switched OFF Confirm Identity section for customer with Preferred ID: Other
                -&gt; done: ActivationSummarySteps.ThenTheConfirmIdentitySectionIsDisplayed() (0.4s)
                And the See a complete list of acceptable documents text is displayed conditionally
                Verifying acceptable documents link should be displayed
                Clicking on link: acceptable documents
                -&gt; done:
                ActivationSummarySteps.ThenTheSeeACompleteListOfAcceptableDocumentsTextIsDisplayedConditionally() (1.1s)
                And the Find a branch button is displayed conditionally
                Verifying Find a branch button should be displayed
                -&gt; done: ActivationSummarySteps.ThenTheFindABranchButtonOpensInANewWindow() (1.6s)
            </system-out>
        </testcase>
        <testcase
                name="ACTSUM_08_VerifyConfirmation_AdditionalDetails(&quot;NZTaxResident and high risk country CoFTR and tax 30%&quot;,&quot;Streamline intro,ASB Visa Debit Streamline Intro&quot;,&quot;Yes&quot;,&quot;30%&quot;,&quot;49-091-850&quot;,&quot;Viet Nam&quot;,&quot;Viet Nam  - 9856GFT8&quot;,&quot;true&quot;,null)"
                assertions="42" time="101.922167" status="Passed"
                classname="Join.Form.Customer.Selenium.Features._08_ActivateSummaryFeature">

            <system-out>Given I start my Streamline application
                Navigating to URL: https://webappisamdev.asbbank.co.nz/public/join/asb/?grcDisabled=true
                -&gt; done: CommonSteps.GivenIStartMyStreamlineApplication() (0.6s)
                Given I select the following products: 'Streamline intro,ASB Visa Debit Streamline Intro'
                12/6/2017 2:59:37 AMWaitForFeaturesPageLoad: Executing WaitForFrameAndSwitch
                12/6/2017 2:59:37 AMWaitForFeaturesPageLoad: Done executing WaitForFrameAndSwitch
                Unable to find product 'FastSaver' in page or product 'FastSaver' is not selected
                Unable to find product 'Savings On Call' in page or product 'Savings On Call' is not selected
                Unable to find product 'Savings On Call' in page or product 'Savings On Call' is not selected
                Unable to find product 'FastSaver' in page or product 'FastSaver' is not selected
                -&gt; done: ProductsPageSteps.WhenIChangeMySelectedProductsTo("Streamline intro,...") (15.0s)
                And I enter all required details in the Personal details page and clicks on Next button:
                --- table step argument ---
                | Title | FirstName | MiddleName | LastName | DateOfBirth | Email | MobileNumber | CountriesCitizenship
                | PreferredIdType |
                | Miss | Automation | RANDOM | FYICOB | RANDOM | cob2016@asb.co.nz | 021-RANDOM | Viet Nam | Other |
                -&gt; done: PersonalDetailsSteps.WhenIEnterAllRequiredDetailsForPersonalDetailsPage(&lt;table&gt;)
                (17.3s)
                And I select 'Yes' in the Are you a New Zealand tax resident question
                -&gt; done: AdditionalPersonalDetailsSteps.WhenISelectInTheAreYouANewZealandTaxResidentQuestion("Yes")
                (0.2s)
                And I select '30%' in the Resident Withholding Tax Rate dropdown
                -&gt; done: AdditionalPersonalDetailsSteps.WhenISelectInTheResidentWithholdingTaxRateDropdown("30%")
                (0.2s)
                And I enter non resident country and date for a non NZ tax resident
                -&gt; done: AdditionalPersonalDetailsSteps.WhenIEnterNonResidentCountryAndDateForANonNZTaxResident()
                (0.0s)
                And I enter additional information with Profile Complete flag '49-091-850', 'Viet Nam', 'Viet Nam -
                9856GFT8', 'true'
                -&gt; done:
                AdditionalPersonalDetailsSteps.GivenIEnterAdditionalInformationWithProfileCompleteFlag("49-091-850",
                "Viet Nam", "Viet Nam - 9856GFT8", "true") (2.4s)
                And I click on 'Next' button
                -&gt; done: CommonSteps.WhenIClickOnButton("Next") (0.1s)
                And I enter 'Kiwi77nz' password and 'MyCode01' verbal password in the ASB Login page and clicks on Next
                button
                -&gt; done:
                ASBLoginPageSteps.WhenIEnterPasswordAndVerbalPasswordInTheASBLoginPageAndClicksOnNextButton("Kiwi77nz",
                "MyCode01") (1.1s)
                When I confirm details on the Summary page
                UniqueId:
                Title: Miss
                FirstName: Automation
                MiddleName: COB-xdddJ
                LastName: FYICOB
                Email: cob2016@asb.co.nz
                Gender:
                DateOfBirth: 5/24/1922 12:00:00 AM
                DateCreated:
                LastReviewDate:
                Cals:
                IsIndividual:
                NzCitizen:
                NzResidence:
                HighValueCustomer:
                StaffMember:
                AmlVerified:
                VipCustomer:
                Addresses: System.Collections.Generic.List`1[ASB.Selenium.DataModel.Customer.Address]
                AddressInformation: ASB.Selenium.DataModel.Customer.AddressInformation
                CompanyName:
                CompanyType:
                CompanySubType:
                CustomerTypeCode:
                IrdNumber: 49-091-850
                TaxClass: 30%
                TaxClassDate:
                IsNzTaxResident: True
                NonResidentCountryCode:
                IsForeignTaxResident: True
                ForeignTaxResidencyStatus:
                IsProfileEnhanced:
                Phones: System.Collections.Generic.List`1[ASB.Selenium.DataModel.Customer.Phone]
                NextOfKin:
                EmploymentDetails:
                LinkedCustomers:
                AccountRelationships:
                IdType:
                Fatca: ASB.Selenium.DataModel.Customer.Fatca
                CitizenshipCountryCodes:
                CitizenshipCountryNames: System.Collections.Generic.List`1[System.String]
                ForeignTaxResidenceTypes:
                System.Collections.Generic.List`1[ASB.Selenium.DataModel.Customer.ForeignTaxResidenceTypes]
                OnboardingDetail: ASB.Selenium.DataModel.Customer.OnboardingDetail
                AddressVerificationStatus:
                IdVerificationStatus:
                PreferredIdType: Other
                IsProfileComplete: True
                DaysRemaining: 0
                OnboardingStatus:
                NewAccounts: System.Collections.Generic.List`1[ASB.Selenium.DataModel.Customer.Accounts]
                FailedAccounts: System.Collections.Generic.List`1[ASB.Selenium.DataModel.Customer.Accounts]
                OnboardingSource: JoinASB
                CustomerCreated:
                LoginCreated:
                RegisteredForNetcode:
                AccountsCreated:
                CustomerAccessToken:
                VerificationPassword: MyCode01
                LoginDetail: ASB.Selenium.DataModel.Customer.Login
                CustomerType:
                Cif:
                Username: afyi33624
                UsernameApi:
                Password: Kiwi77nz
                PublicKey:
                AcceptedTermsAndConditions:
                BackgroundCheckConsent:
                PreferredIdType:
                -&gt; done: SummaryPageSteps.WhenIConfirmDetailsOnTheSummaryPage() (2.8s)
                Then the Logging you in progress page is displayed
                -&gt; done: ConfirmationPageSteps.ThenTheLoggingYouInProgressPageIsDisplayed() (21.0s)
                And the Activation page is displayed
                12/6/2017 3:00:29 AMThenTheActivationPageIsDisplayed: IsActivationPageDisplayed STARTED
                12/6/2017 3:00:29 AMThenTheActivationPageIsDisplayed: IsActivationPageDisplayed DONE
                12/6/2017 3:00:29 AMThenTheActivationPageIsDisplayed: IsSectionDisplayed STARTED
                12/6/2017 3:00:33 AMThenTheActivationPageIsDisplayed: IsSectionDisplayed DONE
                -&gt; done: ActivationSummarySteps.ThenTheActivationPageIsDisplayed() (8.8s)
                And the account number and product name is displayed for the selected products
                ==&gt; Successfully created: Streamline transaction account:
                12-3629-0385597-00
                ==&gt; Successfully created: ASB Visa Debit card:
                Issued for delivery within a week
                -&gt; done: ActivationSummarySteps.ThenTheAccountNumberAndProductNameIsDisplayedForTheSelectedProducts()
                (26.9s)
                And the 'Activate your account' section is displayed
                -&gt; done: ActivationSummarySteps.ThenTheSectionIsDisplayed("Activate your acc...") (0.0s)
                And the Activate your account header is displayed
                -&gt; done: ActivationSummarySteps.ThenTheActivateYourAccountHeaderIsDisplayed() (0.0s)
                And the Profile Details section is displayed
                *** Verifying section for non-Profile Enhanced customer ***
                *** Verifying section for Profile Complete customer ***
                -&gt; done: ActivationSummarySteps.ThenTheProfileDetailsSectionIsDisplayed() (1.2s)
                And the Proof of Address section is displayed
                *** Verifying section for non-Address Verified customer ***
                *** Verifying section for non-Address Verified customer ***
                -&gt; done: ActivationSummarySteps.ThenTheProofOfAddressSectionIsDisplayed() (0.2s)
                And the Confirm Identity section is displayed
                *** Verifying section for non-ID Verified customer ***
                *** Verifying section for customer with Preferred ID = 'Other' ***
                *** Verifying EIDV-Switched OFF Confirm Identity section for customer with Preferred ID: Other
                -&gt; done: ActivationSummarySteps.ThenTheConfirmIdentitySectionIsDisplayed() (0.5s)
                And the See a complete list of acceptable documents text is displayed conditionally
                Verifying acceptable documents link should be displayed
                Clicking on link: acceptable documents
                -&gt; done:
                ActivationSummarySteps.ThenTheSeeACompleteListOfAcceptableDocumentsTextIsDisplayedConditionally() (1.1s)
                And the Find a branch button is displayed conditionally
                Verifying Find a branch button should be displayed
                -&gt; done: ActivationSummarySteps.ThenTheFindABranchButtonOpensInANewWindow() (1.6s)
            </system-out>
        </testcase>
        <testcase
                name="ACTSUM_08_VerifyConfirmation_AdditionalDetails(&quot;NZTaxResident and NZ Citizen and high risk COFTR and blank&quot;,&quot;Streamline intro,ASB Visa Debit Streamline Intro&quot;,&quot;Yes&quot;,&quot;Skip&quot;,&quot;Skip&quot;,&quot;New Zealand&quot;,&quot;Viet Nam  - 9856GFT8&quot;,&quot;true&quot;,null)"
                assertions="42" time="109.439197" status="Passed"
                classname="Join.Form.Customer.Selenium.Features._08_ActivateSummaryFeature">

            <system-out>Given I start my Streamline application
                Navigating to URL: https://webappisamdev.asbbank.co.nz/public/join/asb/?grcDisabled=true
                -&gt; done: CommonSteps.GivenIStartMyStreamlineApplication() (0.6s)
                Given I select the following products: 'Streamline intro,ASB Visa Debit Streamline Intro'
                12/6/2017 3:01:19 AMWaitForFeaturesPageLoad: Executing WaitForFrameAndSwitch
                12/6/2017 3:01:19 AMWaitForFeaturesPageLoad: Done executing WaitForFrameAndSwitch
                Unable to find product 'FastSaver' in page or product 'FastSaver' is not selected
                Unable to find product 'Savings On Call' in page or product 'Savings On Call' is not selected
                Unable to find product 'Savings On Call' in page or product 'Savings On Call' is not selected
                Unable to find product 'FastSaver' in page or product 'FastSaver' is not selected
                -&gt; done: ProductsPageSteps.WhenIChangeMySelectedProductsTo("Streamline intro,...") (15.0s)
                And I enter all required details in the Personal details page and clicks on Next button:
                --- table step argument ---
                | Title | FirstName | MiddleName | LastName | DateOfBirth | Email | MobileNumber | CountriesCitizenship
                | PreferredIdType |
                | Miss | Automation | RANDOM | FYICOB | RANDOM | cob2016@asb.co.nz | 021-RANDOM | New Zealand | Other |
                -&gt; done: PersonalDetailsSteps.WhenIEnterAllRequiredDetailsForPersonalDetailsPage(&lt;table&gt;)
                (22.7s)
                And I select 'Yes' in the Are you a New Zealand tax resident question
                -&gt; done: AdditionalPersonalDetailsSteps.WhenISelectInTheAreYouANewZealandTaxResidentQuestion("Yes")
                (0.2s)
                And I select 'Skip' in the Resident Withholding Tax Rate dropdown
                -&gt; done: AdditionalPersonalDetailsSteps.WhenISelectInTheResidentWithholdingTaxRateDropdown("Skip")
                (0.0s)
                And I enter non resident country and date for a non NZ tax resident
                -&gt; done: AdditionalPersonalDetailsSteps.WhenIEnterNonResidentCountryAndDateForANonNZTaxResident()
                (0.0s)
                And I enter additional information with Profile Complete flag 'Skip', 'New Zealand', 'Viet Nam -
                9856GFT8', 'true'
                -&gt; done:
                AdditionalPersonalDetailsSteps.GivenIEnterAdditionalInformationWithProfileCompleteFlag("Skip", "New
                Zealand", "Viet Nam - 9856GFT8", "true") (2.0s)
                And I click on 'Next' button
                -&gt; done: CommonSteps.WhenIClickOnButton("Next") (0.1s)
                And I enter 'Kiwi77nz' password and 'MyCode01' verbal password in the ASB Login page and clicks on Next
                button
                -&gt; done:
                ASBLoginPageSteps.WhenIEnterPasswordAndVerbalPasswordInTheASBLoginPageAndClicksOnNextButton("Kiwi77nz",
                "MyCode01") (1.1s)
                When I confirm details on the Summary page
                UniqueId:
                Title: Miss
                FirstName: Automation
                MiddleName: COB-bEiLn
                LastName: FYICOB
                Email: cob2016@asb.co.nz
                Gender:
                DateOfBirth: 3/15/1936 12:00:00 AM
                DateCreated:
                LastReviewDate:
                Cals:
                IsIndividual:
                NzCitizen:
                NzResidence:
                HighValueCustomer:
                StaffMember:
                AmlVerified:
                VipCustomer:
                Addresses: System.Collections.Generic.List`1[ASB.Selenium.DataModel.Customer.Address]
                AddressInformation: ASB.Selenium.DataModel.Customer.AddressInformation
                CompanyName:
                CompanyType:
                CompanySubType:
                CustomerTypeCode:
                IrdNumber:
                TaxClass: 33%
                TaxClassDate:
                IsNzTaxResident: True
                NonResidentCountryCode:
                IsForeignTaxResident: True
                ForeignTaxResidencyStatus:
                IsProfileEnhanced:
                Phones: System.Collections.Generic.List`1[ASB.Selenium.DataModel.Customer.Phone]
                NextOfKin:
                EmploymentDetails:
                LinkedCustomers:
                AccountRelationships:
                IdType:
                Fatca: ASB.Selenium.DataModel.Customer.Fatca
                CitizenshipCountryCodes:
                CitizenshipCountryNames: System.Collections.Generic.List`1[System.String]
                ForeignTaxResidenceTypes:
                System.Collections.Generic.List`1[ASB.Selenium.DataModel.Customer.ForeignTaxResidenceTypes]
                OnboardingDetail: ASB.Selenium.DataModel.Customer.OnboardingDetail
                AddressVerificationStatus:
                IdVerificationStatus:
                PreferredIdType: Other
                IsProfileComplete: True
                DaysRemaining: 0
                OnboardingStatus:
                NewAccounts: System.Collections.Generic.List`1[ASB.Selenium.DataModel.Customer.Accounts]
                FailedAccounts: System.Collections.Generic.List`1[ASB.Selenium.DataModel.Customer.Accounts]
                OnboardingSource: JoinASB
                CustomerCreated:
                LoginCreated:
                RegisteredForNetcode:
                AccountsCreated:
                CustomerAccessToken:
                VerificationPassword: MyCode01
                LoginDetail: ASB.Selenium.DataModel.Customer.Login
                CustomerType:
                Cif:
                Username: afyi64867
                UsernameApi:
                Password: Kiwi77nz
                PublicKey:
                AcceptedTermsAndConditions:
                BackgroundCheckConsent:
                PreferredIdType:
                -&gt; done: SummaryPageSteps.WhenIConfirmDetailsOnTheSummaryPage() (2.9s)
                Then the Logging you in progress page is displayed
                -&gt; done: ConfirmationPageSteps.ThenTheLoggingYouInProgressPageIsDisplayed() (19.2s)
                And the Activation page is displayed
                12/6/2017 3:02:14 AMThenTheActivationPageIsDisplayed: IsActivationPageDisplayed STARTED
                12/6/2017 3:02:14 AMThenTheActivationPageIsDisplayed: IsActivationPageDisplayed DONE
                12/6/2017 3:02:14 AMThenTheActivationPageIsDisplayed: IsSectionDisplayed STARTED
                12/6/2017 3:02:16 AMThenTheActivationPageIsDisplayed: IsSectionDisplayed DONE
                -&gt; done: ActivationSummarySteps.ThenTheActivationPageIsDisplayed() (6.8s)
                And the account number and product name is displayed for the selected products
                ==&gt; Successfully created: Streamline transaction account:
                12-3629-0385618-00
                ==&gt; Successfully created: ASB Visa Debit card:
                Issued for delivery within a week
                -&gt; done: ActivationSummarySteps.ThenTheAccountNumberAndProductNameIsDisplayedForTheSelectedProducts()
                (26.9s)
                And the 'Activate your account' section is displayed
                -&gt; done: ActivationSummarySteps.ThenTheSectionIsDisplayed("Activate your acc...") (0.0s)
                And the Activate your account header is displayed
                -&gt; done: ActivationSummarySteps.ThenTheActivateYourAccountHeaderIsDisplayed() (0.0s)
                And the Profile Details section is displayed
                *** Verifying section for non-Profile Enhanced customer ***
                *** Verifying section for Profile Complete customer ***
                -&gt; done: ActivationSummarySteps.ThenTheProfileDetailsSectionIsDisplayed() (1.1s)
                And the Proof of Address section is displayed
                *** Verifying section for non-Address Verified customer ***
                *** Verifying section for non-Address Verified customer ***
                -&gt; done: ActivationSummarySteps.ThenTheProofOfAddressSectionIsDisplayed() (0.2s)
                And the Confirm Identity section is displayed
                *** Verifying section for non-ID Verified customer ***
                *** Verifying section for customer with Preferred ID = 'Other' ***
                *** Verifying EIDV-Switched OFF Confirm Identity section for customer with Preferred ID: Other
                -&gt; done: ActivationSummarySteps.ThenTheConfirmIdentitySectionIsDisplayed() (0.5s)
                And the See a complete list of acceptable documents text is displayed conditionally
                Verifying acceptable documents link should be displayed
                Clicking on link: acceptable documents
                -&gt; done:
                ActivationSummarySteps.ThenTheSeeACompleteListOfAcceptableDocumentsTextIsDisplayedConditionally() (1.9s)
                And the Find a branch button is displayed conditionally
                Verifying Find a branch button should be displayed
                -&gt; done: ActivationSummarySteps.ThenTheFindABranchButtonOpensInANewWindow() (4.9s)
            </system-out>
        </testcase>
        <testcase
                name="ACTSUM_08_VerifyConfirmation_AdditionalDetails(&quot;Non NZTaxResident and AU Citizen tax blank and TIN CoFTR&quot;,&quot;Streamline intro,ASB Visa Debit Streamline Intro&quot;,&quot;No&quot;,&quot;Skip&quot;,&quot;Skip&quot;,&quot;Australia&quot;,&quot;Australia - 9856GFT8&quot;,&quot;true&quot;,null)"
                assertions="11" time="152.993486" status="Failed"
                classname="Join.Form.Customer.Selenium.Features._08_ActivateSummaryFeature">

            <failure message="System.Exception : Timeout error: Activation page is NOT displayed!">at
                ASB.Test.Automation.Utils.Retry.Retry.Execute(Func`1 function, Int32 retryInterval, Int32 retryCount,
                String exceptionMessage)
                at Selenium.Steps.COB.ActivationSummary.ActivationSummarySteps.ThenTheActivationPageIsDisplayed()
                at TechTalk.SpecFlow.Bindings.BindingInvoker.InvokeBinding(IBinding binding, IContextManager
                contextManager, Object[] arguments, ITestTracer testTracer, TimeSpan&amp; duration)
                at TechTalk.SpecFlow.Infrastructure.TestExecutionEngine.ExecuteStepMatch(BindingMatch match, Object[]
                arguments)
                at TechTalk.SpecFlow.Infrastructure.TestExecutionEngine.ExecuteStep(StepInstance stepInstance)
                at TechTalk.SpecFlow.Infrastructure.TestExecutionEngine.OnAfterLastStep()
                at Join.Form.Customer.Selenium.Features._08_ActivateSummaryFeature.ScenarioCleanup()
                at
                Join.Form.Customer.Selenium.Features._08_ActivateSummaryFeature.ACTSUM_08_VerifyConfirmation_AdditionalDetails(String
                scenarioName, String products, String nZTaxResident, String rWT, String irdnumber, String
                countriesCitizenship, String fTRDetails, String isProfileComplete, String[] exampleTags)
            </failure>
            <system-out>Given I start my Streamline application
                Navigating to URL: https://webappisamdev.asbbank.co.nz/public/join/asb/?grcDisabled=true
                -&gt; done: CommonSteps.GivenIStartMyStreamlineApplication() (0.9s)
                Given I select the following products: 'Streamline intro,ASB Visa Debit Streamline Intro'
                12/6/2017 3:03:09 AMWaitForFeaturesPageLoad: Executing WaitForFrameAndSwitch
                12/6/2017 3:03:09 AMWaitForFeaturesPageLoad: Done executing WaitForFrameAndSwitch
                Unable to find product 'FastSaver' in page or product 'FastSaver' is not selected
                Unable to find product 'Savings On Call' in page or product 'Savings On Call' is not selected
                Unable to find product 'Savings On Call' in page or product 'Savings On Call' is not selected
                Unable to find product 'FastSaver' in page or product 'FastSaver' is not selected
                -&gt; done: ProductsPageSteps.WhenIChangeMySelectedProductsTo("Streamline intro,...") (15.0s)
                And I enter all required details in the Personal details page and clicks on Next button:
                --- table step argument ---
                | Title | FirstName | MiddleName | LastName | DateOfBirth | Email | MobileNumber | CountriesCitizenship
                | PreferredIdType |
                | Miss | Automation | RANDOM | FYICOB | RANDOM | cob2016@asb.co.nz | 021-RANDOM | Australia | Other |
                -&gt; done: PersonalDetailsSteps.WhenIEnterAllRequiredDetailsForPersonalDetailsPage(&lt;table&gt;)
                (16.7s)
                And I select 'No' in the Are you a New Zealand tax resident question
                -&gt; done: AdditionalPersonalDetailsSteps.WhenISelectInTheAreYouANewZealandTaxResidentQuestion("No")
                (0.2s)
                And I select 'Skip' in the Resident Withholding Tax Rate dropdown
                -&gt; done: AdditionalPersonalDetailsSteps.WhenISelectInTheResidentWithholdingTaxRateDropdown("Skip")
                (0.0s)
                And I enter non resident country and date for a non NZ tax resident
                -&gt; done: AdditionalPersonalDetailsSteps.WhenIEnterNonResidentCountryAndDateForANonNZTaxResident()
                (1.8s)
                And I enter additional information with Profile Complete flag 'Skip', 'Australia', 'Australia -
                9856GFT8', 'true'
                -&gt; done:
                AdditionalPersonalDetailsSteps.GivenIEnterAdditionalInformationWithProfileCompleteFlag("Skip",
                "Australia", "Australia - 9856GFT8", "true") (1.3s)
                And I click on 'Next' button
                -&gt; done: CommonSteps.WhenIClickOnButton("Next") (0.1s)
                And I enter 'Kiwi77nz' password and 'MyCode01' verbal password in the ASB Login page and clicks on Next
                button
                -&gt; done:
                ASBLoginPageSteps.WhenIEnterPasswordAndVerbalPasswordInTheASBLoginPageAndClicksOnNextButton("Kiwi77nz",
                "MyCode01") (1.5s)
                When I confirm details on the Summary page
                UniqueId:
                Title: Miss
                FirstName: Automation
                MiddleName: COB-FmQIK
                LastName: FYICOB
                Email: cob2016@asb.co.nz
                Gender:
                DateOfBirth: 3/26/1976 12:00:00 AM
                DateCreated:
                LastReviewDate:
                Cals:
                IsIndividual:
                NzCitizen:
                NzResidence:
                HighValueCustomer:
                StaffMember:
                AmlVerified:
                VipCustomer:
                Addresses: System.Collections.Generic.List`1[ASB.Selenium.DataModel.Customer.Address]
                AddressInformation: ASB.Selenium.DataModel.Customer.AddressInformation
                CompanyName:
                CompanyType:
                CompanySubType:
                CustomerTypeCode:
                IrdNumber:
                TaxClass: 33%
                TaxClassDate: 3/26/1992 12:00:00 AM
                IsNzTaxResident: False
                NonResidentCountryCode:
                IsForeignTaxResident: True
                ForeignTaxResidencyStatus:
                IsProfileEnhanced: False
                Phones: System.Collections.Generic.List`1[ASB.Selenium.DataModel.Customer.Phone]
                NextOfKin:
                EmploymentDetails:
                LinkedCustomers:
                AccountRelationships:
                IdType:
                Fatca: ASB.Selenium.DataModel.Customer.Fatca
                CitizenshipCountryCodes:
                CitizenshipCountryNames: System.Collections.Generic.List`1[System.String]
                ForeignTaxResidenceTypes:
                System.Collections.Generic.List`1[ASB.Selenium.DataModel.Customer.ForeignTaxResidenceTypes]
                OnboardingDetail: ASB.Selenium.DataModel.Customer.OnboardingDetail
                AddressVerificationStatus:
                IdVerificationStatus:
                PreferredIdType: Other
                IsProfileComplete: True
                DaysRemaining: 0
                OnboardingStatus:
                NewAccounts: System.Collections.Generic.List`1[ASB.Selenium.DataModel.Customer.Accounts]
                FailedAccounts: System.Collections.Generic.List`1[ASB.Selenium.DataModel.Customer.Accounts]
                OnboardingSource: JoinASB
                CustomerCreated:
                LoginCreated:
                RegisteredForNetcode:
                AccountsCreated:
                CustomerAccessToken:
                VerificationPassword: MyCode01
                LoginDetail: ASB.Selenium.DataModel.Customer.Login
                CustomerType:
                Cif:
                Username: afyi07143
                UsernameApi:
                Password: Kiwi77nz
                PublicKey:
                AcceptedTermsAndConditions:
                BackgroundCheckConsent:
                PreferredIdType:
                -&gt; done: SummaryPageSteps.WhenIConfirmDetailsOnTheSummaryPage() (2.9s)
                Then the Logging you in progress page is displayed
                -&gt; done: ConfirmationPageSteps.ThenTheLoggingYouInProgressPageIsDisplayed() (16.3s)
                And the Activation page is displayed
                12/6/2017 3:03:56 AMThenTheActivationPageIsDisplayed: IsActivationPageDisplayed STARTED
                12/6/2017 3:04:27 AMThenTheActivationPageIsDisplayed: IsActivationPageDisplayed DONE
                12/6/2017 3:04:27 AMThenTheActivationPageIsDisplayed: IsSectionDisplayed STARTED
                12/6/2017 3:04:57 AMThenTheActivationPageIsDisplayed: IsSectionDisplayed DONE
                -&gt; error: Timeout error: Activation page is NOT displayed!
                And the account number and product name is displayed for the selected products
                -&gt; skipped because of previous errors
                And the 'Activate your account' section is displayed
                -&gt; skipped because of previous errors
                And the Activate your account header is displayed
                -&gt; skipped because of previous errors
                And the Profile Details section is displayed
                -&gt; skipped because of previous errors
                And the Proof of Address section is displayed
                -&gt; skipped because of previous errors
                And the Confirm Identity section is displayed
                -&gt; skipped because of previous errors
                And the See a complete list of acceptable documents text is displayed conditionally
                -&gt; skipped because of previous errors
                And the Find a branch button is displayed conditionally
                -&gt; skipped because of previous errors
            </system-out>
        </testcase>
        <testcase
                name="ACTSUM_08_VerifyConfirmation_AdditionalDetails(&quot;Non NZTaxResident and AU Citizen tax exempt and no COFTR TIN&quot;,&quot;Streamline intro&quot;,&quot;No&quot;,&quot;Exempt from withholding tax&quot;,&quot;Skip&quot;,&quot;Australia&quot;,&quot;Afghanistan - 12345ABC&quot;,&quot;true&quot;,null)"
                assertions="11" time="152.783147" status="Failed"
                classname="Join.Form.Customer.Selenium.Features._08_ActivateSummaryFeature">

            <failure message="System.Exception : Timeout error: Activation page is NOT displayed!">at
                ASB.Test.Automation.Utils.Retry.Retry.Execute(Func`1 function, Int32 retryInterval, Int32 retryCount,
                String exceptionMessage)
                at Selenium.Steps.COB.ActivationSummary.ActivationSummarySteps.ThenTheActivationPageIsDisplayed()
                at TechTalk.SpecFlow.Bindings.BindingInvoker.InvokeBinding(IBinding binding, IContextManager
                contextManager, Object[] arguments, ITestTracer testTracer, TimeSpan&amp; duration)
                at TechTalk.SpecFlow.Infrastructure.TestExecutionEngine.ExecuteStepMatch(BindingMatch match, Object[]
                arguments)
                at TechTalk.SpecFlow.Infrastructure.TestExecutionEngine.ExecuteStep(StepInstance stepInstance)
                at TechTalk.SpecFlow.Infrastructure.TestExecutionEngine.OnAfterLastStep()
                at Join.Form.Customer.Selenium.Features._08_ActivateSummaryFeature.ScenarioCleanup()
                at
                Join.Form.Customer.Selenium.Features._08_ActivateSummaryFeature.ACTSUM_08_VerifyConfirmation_AdditionalDetails(String
                scenarioName, String products, String nZTaxResident, String rWT, String irdnumber, String
                countriesCitizenship, String fTRDetails, String isProfileComplete, String[] exampleTags)
            </failure>
            <system-out>Given I start my Streamline application
                Navigating to URL: https://webappisamdev.asbbank.co.nz/public/join/asb/?grcDisabled=true
                -&gt; done: CommonSteps.GivenIStartMyStreamlineApplication() (0.7s)
                Given I select the following products: 'Streamline intro'
                12/6/2017 3:05:42 AMWaitForFeaturesPageLoad: Executing WaitForFrameAndSwitch
                12/6/2017 3:05:42 AMWaitForFeaturesPageLoad: Done executing WaitForFrameAndSwitch
                Unable to find product 'FastSaver' in page or product 'FastSaver' is not selected
                Unable to find product 'Savings On Call' in page or product 'Savings On Call' is not selected
                Unable to find product 'ASB Visa Debit Streamline Intro' in page or product 'ASB Visa Debit Streamline
                Intro' is not selected
                Unable to find product 'Savings On Call' in page or product 'Savings On Call' is not selected
                Unable to find product 'FastSaver' in page or product 'FastSaver' is not selected
                -&gt; done: ProductsPageSteps.WhenIChangeMySelectedProductsTo("Streamline intro") (16.7s)
                And I enter all required details in the Personal details page and clicks on Next button:
                --- table step argument ---
                | Title | FirstName | MiddleName | LastName | DateOfBirth | Email | MobileNumber | CountriesCitizenship
                | PreferredIdType |
                | Miss | Automation | RANDOM | FYICOB | RANDOM | cob2016@asb.co.nz | 021-RANDOM | Australia | Other |
                -&gt; done: PersonalDetailsSteps.WhenIEnterAllRequiredDetailsForPersonalDetailsPage(&lt;table&gt;)
                (16.0s)
                And I select 'No' in the Are you a New Zealand tax resident question
                -&gt; done: AdditionalPersonalDetailsSteps.WhenISelectInTheAreYouANewZealandTaxResidentQuestion("No")
                (0.2s)
                And I select 'Exempt from withholding tax' in the Resident Withholding Tax Rate dropdown
                -&gt; done: AdditionalPersonalDetailsSteps.WhenISelectInTheResidentWithholdingTaxRateDropdown("Exempt
                from withh...") (0.1s)
                And I enter non resident country and date for a non NZ tax resident
                -&gt; done: AdditionalPersonalDetailsSteps.WhenIEnterNonResidentCountryAndDateForANonNZTaxResident()
                (1.7s)
                And I enter additional information with Profile Complete flag 'Skip', 'Australia', 'Afghanistan -
                12345ABC', 'true'
                -&gt; done:
                AdditionalPersonalDetailsSteps.GivenIEnterAdditionalInformationWithProfileCompleteFlag("Skip",
                "Australia", "Afghanistan - 123...", "true") (1.0s)
                And I click on 'Next' button
                -&gt; done: CommonSteps.WhenIClickOnButton("Next") (0.1s)
                And I enter 'Kiwi77nz' password and 'MyCode01' verbal password in the ASB Login page and clicks on Next
                button
                -&gt; done:
                ASBLoginPageSteps.WhenIEnterPasswordAndVerbalPasswordInTheASBLoginPageAndClicksOnNextButton("Kiwi77nz",
                "MyCode01") (1.3s)
                When I confirm details on the Summary page
                UniqueId:
                Title: Miss
                FirstName: Automation
                MiddleName: COB-jeFYV
                LastName: FYICOB
                Email: cob2016@asb.co.nz
                Gender:
                DateOfBirth: 10/19/1967 12:00:00 AM
                DateCreated:
                LastReviewDate:
                Cals:
                IsIndividual:
                NzCitizen:
                NzResidence:
                HighValueCustomer:
                StaffMember:
                AmlVerified:
                VipCustomer:
                Addresses: System.Collections.Generic.List`1[ASB.Selenium.DataModel.Customer.Address]
                AddressInformation: ASB.Selenium.DataModel.Customer.AddressInformation
                CompanyName:
                CompanyType:
                CompanySubType:
                CustomerTypeCode:
                IrdNumber:
                TaxClass: Non-resident &#8211; country tax rate
                TaxClassDate: 10/19/1983 12:00:00 AM
                IsNzTaxResident: False
                NonResidentCountryCode:
                IsForeignTaxResident: True
                ForeignTaxResidencyStatus:
                IsProfileEnhanced: True
                Phones: System.Collections.Generic.List`1[ASB.Selenium.DataModel.Customer.Phone]
                NextOfKin:
                EmploymentDetails:
                LinkedCustomers:
                AccountRelationships:
                IdType:
                Fatca: ASB.Selenium.DataModel.Customer.Fatca
                CitizenshipCountryCodes:
                CitizenshipCountryNames: System.Collections.Generic.List`1[System.String]
                ForeignTaxResidenceTypes:
                System.Collections.Generic.List`1[ASB.Selenium.DataModel.Customer.ForeignTaxResidenceTypes]
                OnboardingDetail: ASB.Selenium.DataModel.Customer.OnboardingDetail
                AddressVerificationStatus:
                IdVerificationStatus:
                PreferredIdType: Other
                IsProfileComplete: True
                DaysRemaining: 0
                OnboardingStatus:
                NewAccounts: System.Collections.Generic.List`1[ASB.Selenium.DataModel.Customer.Accounts]
                FailedAccounts: System.Collections.Generic.List`1[ASB.Selenium.DataModel.Customer.Accounts]
                OnboardingSource: JoinASB
                CustomerCreated:
                LoginCreated:
                RegisteredForNetcode:
                AccountsCreated:
                CustomerAccessToken:
                VerificationPassword: MyCode01
                LoginDetail: ASB.Selenium.DataModel.Customer.Login
                CustomerType:
                Cif:
                Username: afyi82574
                UsernameApi:
                Password: Kiwi77nz
                PublicKey:
                AcceptedTermsAndConditions:
                BackgroundCheckConsent:
                PreferredIdType:
                -&gt; done: SummaryPageSteps.WhenIConfirmDetailsOnTheSummaryPage() (2.8s)
                Then the Logging you in progress page is displayed
                -&gt; done: ConfirmationPageSteps.ThenTheLoggingYouInProgressPageIsDisplayed() (15.8s)
                And the Activation page is displayed
                12/6/2017 3:06:29 AMThenTheActivationPageIsDisplayed: IsActivationPageDisplayed STARTED
                12/6/2017 3:06:59 AMThenTheActivationPageIsDisplayed: IsActivationPageDisplayed DONE
                12/6/2017 3:06:59 AMThenTheActivationPageIsDisplayed: IsSectionDisplayed STARTED
                12/6/2017 3:07:29 AMThenTheActivationPageIsDisplayed: IsSectionDisplayed DONE
                -&gt; error: Timeout error: Activation page is NOT displayed!
                And the account number and product name is displayed for the selected products
                -&gt; skipped because of previous errors
                And the 'Activate your account' section is displayed
                -&gt; skipped because of previous errors
                And the Activate your account header is displayed
                -&gt; skipped because of previous errors
                And the Profile Details section is displayed
                -&gt; skipped because of previous errors
                And the Proof of Address section is displayed
                -&gt; skipped because of previous errors
                And the Confirm Identity section is displayed
                -&gt; skipped because of previous errors
                And the See a complete list of acceptable documents text is displayed conditionally
                -&gt; skipped because of previous errors
                And the Find a branch button is displayed conditionally
                -&gt; skipped because of previous errors
            </system-out>
        </testcase>
        <testcase
                name="ACTSUM_08_VerifyConfirmation_AdditionalDetails(&quot;Non NZTaxResident and AU Citizen tax 2% and COFTR mandatory TIN&quot;,&quot;Streamline intro&quot;,&quot;No&quot;,&quot;Non-resident &#x2013; 2% Approved Issuer Levy&quot;,&quot;Skip&quot;,&quot;Australia&quot;,&quot;Japan - AB1234567890&quot;,&quot;true&quot;,null)"
                assertions="11" time="160.381664" status="Failed"
                classname="Join.Form.Customer.Selenium.Features._08_ActivateSummaryFeature">

            <failure message="System.Exception : Timeout error: Activation page is NOT displayed!">at
                ASB.Test.Automation.Utils.Retry.Retry.Execute(Func`1 function, Int32 retryInterval, Int32 retryCount,
                String exceptionMessage)
                at Selenium.Steps.COB.ActivationSummary.ActivationSummarySteps.ThenTheActivationPageIsDisplayed()
                at TechTalk.SpecFlow.Bindings.BindingInvoker.InvokeBinding(IBinding binding, IContextManager
                contextManager, Object[] arguments, ITestTracer testTracer, TimeSpan&amp; duration)
                at TechTalk.SpecFlow.Infrastructure.TestExecutionEngine.ExecuteStepMatch(BindingMatch match, Object[]
                arguments)
                at TechTalk.SpecFlow.Infrastructure.TestExecutionEngine.ExecuteStep(StepInstance stepInstance)
                at TechTalk.SpecFlow.Infrastructure.TestExecutionEngine.OnAfterLastStep()
                at Join.Form.Customer.Selenium.Features._08_ActivateSummaryFeature.ScenarioCleanup()
                at
                Join.Form.Customer.Selenium.Features._08_ActivateSummaryFeature.ACTSUM_08_VerifyConfirmation_AdditionalDetails(String
                scenarioName, String products, String nZTaxResident, String rWT, String irdnumber, String
                countriesCitizenship, String fTRDetails, String isProfileComplete, String[] exampleTags)
            </failure>
            <system-out>Given I start my Streamline application
                Navigating to URL: https://webappisamdev.asbbank.co.nz/public/join/asb/?grcDisabled=true
                -&gt; done: CommonSteps.GivenIStartMyStreamlineApplication() (0.8s)
                Given I select the following products: 'Streamline intro'
                12/6/2017 3:08:15 AMWaitForFeaturesPageLoad: Executing WaitForFrameAndSwitch
                12/6/2017 3:08:15 AMWaitForFeaturesPageLoad: Done executing WaitForFrameAndSwitch
                Unable to find product 'FastSaver' in page or product 'FastSaver' is not selected
                Unable to find product 'Savings On Call' in page or product 'Savings On Call' is not selected
                Unable to find product 'ASB Visa Debit Streamline Intro' in page or product 'ASB Visa Debit Streamline
                Intro' is not selected
                Unable to find product 'Savings On Call' in page or product 'Savings On Call' is not selected
                Unable to find product 'FastSaver' in page or product 'FastSaver' is not selected
                -&gt; done: ProductsPageSteps.WhenIChangeMySelectedProductsTo("Streamline intro") (16.3s)
                And I enter all required details in the Personal details page and clicks on Next button:
                --- table step argument ---
                | Title | FirstName | MiddleName | LastName | DateOfBirth | Email | MobileNumber | CountriesCitizenship
                | PreferredIdType |
                | Miss | Automation | RANDOM | FYICOB | RANDOM | cob2016@asb.co.nz | 021-RANDOM | Australia | Other |
                -&gt; done: PersonalDetailsSteps.WhenIEnterAllRequiredDetailsForPersonalDetailsPage(&lt;table&gt;)
                (20.2s)
                And I select 'No' in the Are you a New Zealand tax resident question
                -&gt; done: AdditionalPersonalDetailsSteps.WhenISelectInTheAreYouANewZealandTaxResidentQuestion("No")
                (0.3s)
                And I select 'Non-resident &#8211; 2% Approved Issuer Levy' in the Resident Withholding Tax Rate
                dropdown
                -&gt; done:
                AdditionalPersonalDetailsSteps.WhenISelectInTheResidentWithholdingTaxRateDropdown("Non-resident &#8211;
                2%...") (0.2s)
                And I enter non resident country and date for a non NZ tax resident
                -&gt; done: AdditionalPersonalDetailsSteps.WhenIEnterNonResidentCountryAndDateForANonNZTaxResident()
                (3.1s)
                And I enter additional information with Profile Complete flag 'Skip', 'Australia', 'Japan -
                AB1234567890', 'true'
                -&gt; done:
                AdditionalPersonalDetailsSteps.GivenIEnterAdditionalInformationWithProfileCompleteFlag("Skip",
                "Australia", "Japan - AB1234567890", "true") (1.5s)
                And I click on 'Next' button
                -&gt; done: CommonSteps.WhenIClickOnButton("Next") (0.1s)
                And I enter 'Kiwi77nz' password and 'MyCode01' verbal password in the ASB Login page and clicks on Next
                button
                -&gt; done:
                ASBLoginPageSteps.WhenIEnterPasswordAndVerbalPasswordInTheASBLoginPageAndClicksOnNextButton("Kiwi77nz",
                "MyCode01") (1.2s)
                When I confirm details on the Summary page
                UniqueId:
                Title: Miss
                FirstName: Automation
                MiddleName: COB-cjTzD
                LastName: FYICOB
                Email: cob2016@asb.co.nz
                Gender:
                DateOfBirth: 6/1/1965 12:00:00 AM
                DateCreated:
                LastReviewDate:
                Cals:
                IsIndividual:
                NzCitizen:
                NzResidence:
                HighValueCustomer:
                StaffMember:
                AmlVerified:
                VipCustomer:
                Addresses: System.Collections.Generic.List`1[ASB.Selenium.DataModel.Customer.Address]
                AddressInformation: ASB.Selenium.DataModel.Customer.AddressInformation
                CompanyName:
                CompanyType:
                CompanySubType:
                CustomerTypeCode:
                IrdNumber:
                TaxClass: Non-resident &#8211; 2% Approved Issuer Levy
                TaxClassDate: 6/1/1981 12:00:00 AM
                IsNzTaxResident: False
                NonResidentCountryCode:
                IsForeignTaxResident: True
                ForeignTaxResidencyStatus:
                IsProfileEnhanced: False
                Phones: System.Collections.Generic.List`1[ASB.Selenium.DataModel.Customer.Phone]
                NextOfKin:
                EmploymentDetails:
                LinkedCustomers:
                AccountRelationships:
                IdType:
                Fatca: ASB.Selenium.DataModel.Customer.Fatca
                CitizenshipCountryCodes:
                CitizenshipCountryNames: System.Collections.Generic.List`1[System.String]
                ForeignTaxResidenceTypes:
                System.Collections.Generic.List`1[ASB.Selenium.DataModel.Customer.ForeignTaxResidenceTypes]
                OnboardingDetail: ASB.Selenium.DataModel.Customer.OnboardingDetail
                AddressVerificationStatus:
                IdVerificationStatus:
                PreferredIdType: Other
                IsProfileComplete: True
                DaysRemaining: 0
                OnboardingStatus:
                NewAccounts: System.Collections.Generic.List`1[ASB.Selenium.DataModel.Customer.Accounts]
                FailedAccounts: System.Collections.Generic.List`1[ASB.Selenium.DataModel.Customer.Accounts]
                OnboardingSource: JoinASB
                CustomerCreated:
                LoginCreated:
                RegisteredForNetcode:
                AccountsCreated:
                CustomerAccessToken:
                VerificationPassword: MyCode01
                LoginDetail: ASB.Selenium.DataModel.Customer.Login
                CustomerType:
                Cif:
                Username: afyi79276
                UsernameApi:
                Password: Kiwi77nz
                PublicKey:
                AcceptedTermsAndConditions:
                BackgroundCheckConsent:
                PreferredIdType:
                -&gt; done: SummaryPageSteps.WhenIConfirmDetailsOnTheSummaryPage() (3.1s)
                Then the Logging you in progress page is displayed
                -&gt; done: ConfirmationPageSteps.ThenTheLoggingYouInProgressPageIsDisplayed() (15.9s)
                And the Activation page is displayed
                12/6/2017 3:09:08 AMThenTheActivationPageIsDisplayed: IsActivationPageDisplayed STARTED
                12/6/2017 3:09:39 AMThenTheActivationPageIsDisplayed: IsActivationPageDisplayed DONE
                12/6/2017 3:09:39 AMThenTheActivationPageIsDisplayed: IsSectionDisplayed STARTED
                12/6/2017 3:10:09 AMThenTheActivationPageIsDisplayed: IsSectionDisplayed DONE
                -&gt; error: Timeout error: Activation page is NOT displayed!
                And the account number and product name is displayed for the selected products
                -&gt; skipped because of previous errors
                And the 'Activate your account' section is displayed
                -&gt; skipped because of previous errors
                And the Activate your account header is displayed
                -&gt; skipped because of previous errors
                And the Profile Details section is displayed
                -&gt; skipped because of previous errors
                And the Proof of Address section is displayed
                -&gt; skipped because of previous errors
                And the Confirm Identity section is displayed
                -&gt; skipped because of previous errors
                And the See a complete list of acceptable documents text is displayed conditionally
                -&gt; skipped because of previous errors
                And the Find a branch button is displayed conditionally
                -&gt; skipped because of previous errors
            </system-out>
        </testcase>
        <testcase
                name="ACTSUM_08_VerifyConfirmation_AdditionalDetails(&quot;Non NZTaxResident and US Citizen and no COFTR TIN&quot;,&quot;Streamline intro&quot;,&quot;No&quot;,&quot;Skip&quot;,&quot;Skip&quot;,&quot;United States&quot;,&quot;United States - 12345ABC1&quot;,&quot;true&quot;,null)"
                assertions="11" time="169.727378" status="Failed"
                classname="Join.Form.Customer.Selenium.Features._08_ActivateSummaryFeature">

            <failure message="System.Exception : Timeout error: Activation page is NOT displayed!">at
                ASB.Test.Automation.Utils.Retry.Retry.Execute(Func`1 function, Int32 retryInterval, Int32 retryCount,
                String exceptionMessage)
                at Selenium.Steps.COB.ActivationSummary.ActivationSummarySteps.ThenTheActivationPageIsDisplayed()
                at TechTalk.SpecFlow.Bindings.BindingInvoker.InvokeBinding(IBinding binding, IContextManager
                contextManager, Object[] arguments, ITestTracer testTracer, TimeSpan&amp; duration)
                at TechTalk.SpecFlow.Infrastructure.TestExecutionEngine.ExecuteStepMatch(BindingMatch match, Object[]
                arguments)
                at TechTalk.SpecFlow.Infrastructure.TestExecutionEngine.ExecuteStep(StepInstance stepInstance)
                at TechTalk.SpecFlow.Infrastructure.TestExecutionEngine.OnAfterLastStep()
                at Join.Form.Customer.Selenium.Features._08_ActivateSummaryFeature.ScenarioCleanup()
                at
                Join.Form.Customer.Selenium.Features._08_ActivateSummaryFeature.ACTSUM_08_VerifyConfirmation_AdditionalDetails(String
                scenarioName, String products, String nZTaxResident, String rWT, String irdnumber, String
                countriesCitizenship, String fTRDetails, String isProfileComplete, String[] exampleTags)
            </failure>
            <system-out>Given I start my Streamline application
                Navigating to URL: https://webappisamdev.asbbank.co.nz/public/join/asb/?grcDisabled=true
                -&gt; done: CommonSteps.GivenIStartMyStreamlineApplication() (1.1s)
                Given I select the following products: 'Streamline intro'
                12/6/2017 3:10:56 AMWaitForFeaturesPageLoad: Executing WaitForFrameAndSwitch
                12/6/2017 3:10:56 AMWaitForFeaturesPageLoad: Done executing WaitForFrameAndSwitch
                Unable to find product 'FastSaver' in page or product 'FastSaver' is not selected
                Unable to find product 'Savings On Call' in page or product 'Savings On Call' is not selected
                Unable to find product 'ASB Visa Debit Streamline Intro' in page or product 'ASB Visa Debit Streamline
                Intro' is not selected
                Unable to find product 'Savings On Call' in page or product 'Savings On Call' is not selected
                Unable to find product 'FastSaver' in page or product 'FastSaver' is not selected
                -&gt; done: ProductsPageSteps.WhenIChangeMySelectedProductsTo("Streamline intro") (17.0s)
                And I enter all required details in the Personal details page and clicks on Next button:
                --- table step argument ---
                | Title | FirstName | MiddleName | LastName | DateOfBirth | Email | MobileNumber | CountriesCitizenship
                | PreferredIdType |
                | Miss | Automation | RANDOM | FYICOB | RANDOM | cob2016@asb.co.nz | 021-RANDOM | United States | Other
                |
                -&gt; done: PersonalDetailsSteps.WhenIEnterAllRequiredDetailsForPersonalDetailsPage(&lt;table&gt;)
                (26.8s)
                And I select 'No' in the Are you a New Zealand tax resident question
                -&gt; done: AdditionalPersonalDetailsSteps.WhenISelectInTheAreYouANewZealandTaxResidentQuestion("No")
                (0.4s)
                And I select 'Skip' in the Resident Withholding Tax Rate dropdown
                -&gt; done: AdditionalPersonalDetailsSteps.WhenISelectInTheResidentWithholdingTaxRateDropdown("Skip")
                (0.0s)
                And I enter non resident country and date for a non NZ tax resident
                -&gt; done: AdditionalPersonalDetailsSteps.WhenIEnterNonResidentCountryAndDateForANonNZTaxResident()
                (1.9s)
                And I enter additional information with Profile Complete flag 'Skip', 'United States', 'United States -
                12345ABC1', 'true'
                -&gt; done:
                AdditionalPersonalDetailsSteps.GivenIEnterAdditionalInformationWithProfileCompleteFlag("Skip", "United
                States", "United States - 1...", "true") (1.5s)
                And I click on 'Next' button
                -&gt; done: CommonSteps.WhenIClickOnButton("Next") (0.1s)
                And I enter 'Kiwi77nz' password and 'MyCode01' verbal password in the ASB Login page and clicks on Next
                button
                -&gt; done:
                ASBLoginPageSteps.WhenIEnterPasswordAndVerbalPasswordInTheASBLoginPageAndClicksOnNextButton("Kiwi77nz",
                "MyCode01") (2.6s)
                When I confirm details on the Summary page
                UniqueId:
                Title: Miss
                FirstName: Automation
                MiddleName: COB-zIgzd
                LastName: FYICOB
                Email: cob2016@asb.co.nz
                Gender:
                DateOfBirth: 5/12/1982 12:00:00 AM
                DateCreated:
                LastReviewDate:
                Cals:
                IsIndividual:
                NzCitizen:
                NzResidence:
                HighValueCustomer:
                StaffMember:
                AmlVerified:
                VipCustomer:
                Addresses: System.Collections.Generic.List`1[ASB.Selenium.DataModel.Customer.Address]
                AddressInformation: ASB.Selenium.DataModel.Customer.AddressInformation
                CompanyName:
                CompanyType:
                CompanySubType:
                CustomerTypeCode:
                IrdNumber:
                TaxClass: 33%
                TaxClassDate: 5/12/1998 12:00:00 AM
                IsNzTaxResident: False
                NonResidentCountryCode:
                IsForeignTaxResident: True
                ForeignTaxResidencyStatus:
                IsProfileEnhanced: False
                Phones: System.Collections.Generic.List`1[ASB.Selenium.DataModel.Customer.Phone]
                NextOfKin:
                EmploymentDetails:
                LinkedCustomers:
                AccountRelationships:
                IdType:
                Fatca: ASB.Selenium.DataModel.Customer.Fatca
                CitizenshipCountryCodes:
                CitizenshipCountryNames: System.Collections.Generic.List`1[System.String]
                ForeignTaxResidenceTypes:
                System.Collections.Generic.List`1[ASB.Selenium.DataModel.Customer.ForeignTaxResidenceTypes]
                OnboardingDetail: ASB.Selenium.DataModel.Customer.OnboardingDetail
                AddressVerificationStatus:
                IdVerificationStatus:
                PreferredIdType: Other
                IsProfileComplete: True
                DaysRemaining: 0
                OnboardingStatus:
                NewAccounts: System.Collections.Generic.List`1[ASB.Selenium.DataModel.Customer.Accounts]
                FailedAccounts: System.Collections.Generic.List`1[ASB.Selenium.DataModel.Customer.Accounts]
                OnboardingSource: JoinASB
                CustomerCreated:
                LoginCreated:
                RegisteredForNetcode:
                AccountsCreated:
                CustomerAccessToken:
                VerificationPassword: MyCode01
                LoginDetail: ASB.Selenium.DataModel.Customer.Login
                CustomerType:
                Cif:
                Username: afyi53676
                UsernameApi:
                Password: Kiwi77nz
                PublicKey:
                AcceptedTermsAndConditions:
                BackgroundCheckConsent:
                PreferredIdType:
                -&gt; done: SummaryPageSteps.WhenIConfirmDetailsOnTheSummaryPage() (4.1s)
                Then the Logging you in progress page is displayed
                -&gt; done: ConfirmationPageSteps.ThenTheLoggingYouInProgressPageIsDisplayed() (14.9s)
                And the Activation page is displayed
                12/6/2017 3:11:58 AMThenTheActivationPageIsDisplayed: IsActivationPageDisplayed STARTED
                12/6/2017 3:12:29 AMThenTheActivationPageIsDisplayed: IsActivationPageDisplayed DONE
                12/6/2017 3:12:29 AMThenTheActivationPageIsDisplayed: IsSectionDisplayed STARTED
                12/6/2017 3:13:00 AMThenTheActivationPageIsDisplayed: IsSectionDisplayed DONE
                -&gt; error: Timeout error: Activation page is NOT displayed!
                And the account number and product name is displayed for the selected products
                -&gt; skipped because of previous errors
                And the 'Activate your account' section is displayed
                -&gt; skipped because of previous errors
                And the Activate your account header is displayed
                -&gt; skipped because of previous errors
                And the Profile Details section is displayed
                -&gt; skipped because of previous errors
                And the Proof of Address section is displayed
                -&gt; skipped because of previous errors
                And the Confirm Identity section is displayed
                -&gt; skipped because of previous errors
                And the See a complete list of acceptable documents text is displayed conditionally
                -&gt; skipped because of previous errors
                And the Find a branch button is displayed conditionally
                -&gt; skipped because of previous errors
            </system-out>
        </testcase>
        <testcase
                name="ACTSUM_08_VerifyConfirmation_AdditionalDetails(&quot;Non NZTaxResident and Other High Risk country&quot;,&quot;Streamline intro&quot;,&quot;No&quot;,&quot;Non-resident &#x2013; country tax rate&quot;,&quot;Skip&quot;,&quot;Japan&quot;,&quot;Afghanistan - 12345ABC&quot;,&quot;true&quot;,null)"
                assertions="11" time="159.120899" status="Failed"
                classname="Join.Form.Customer.Selenium.Features._08_ActivateSummaryFeature">

            <failure message="System.Exception : Timeout error: Activation page is NOT displayed!">at
                ASB.Test.Automation.Utils.Retry.Retry.Execute(Func`1 function, Int32 retryInterval, Int32 retryCount,
                String exceptionMessage)
                at Selenium.Steps.COB.ActivationSummary.ActivationSummarySteps.ThenTheActivationPageIsDisplayed()
                at TechTalk.SpecFlow.Bindings.BindingInvoker.InvokeBinding(IBinding binding, IContextManager
                contextManager, Object[] arguments, ITestTracer testTracer, TimeSpan&amp; duration)
                at TechTalk.SpecFlow.Infrastructure.TestExecutionEngine.ExecuteStepMatch(BindingMatch match, Object[]
                arguments)
                at TechTalk.SpecFlow.Infrastructure.TestExecutionEngine.ExecuteStep(StepInstance stepInstance)
                at TechTalk.SpecFlow.Infrastructure.TestExecutionEngine.OnAfterLastStep()
                at Join.Form.Customer.Selenium.Features._08_ActivateSummaryFeature.ScenarioCleanup()
                at
                Join.Form.Customer.Selenium.Features._08_ActivateSummaryFeature.ACTSUM_08_VerifyConfirmation_AdditionalDetails(String
                scenarioName, String products, String nZTaxResident, String rWT, String irdnumber, String
                countriesCitizenship, String fTRDetails, String isProfileComplete, String[] exampleTags)
            </failure>
            <system-out>Given I start my Streamline application
                Navigating to URL: https://webappisamdev.asbbank.co.nz/public/join/asb/?grcDisabled=true
                -&gt; done: CommonSteps.GivenIStartMyStreamlineApplication() (2.2s)
                Given I select the following products: 'Streamline intro'
                12/6/2017 3:13:46 AMWaitForFeaturesPageLoad: Executing WaitForFrameAndSwitch
                12/6/2017 3:13:47 AMWaitForFeaturesPageLoad: Done executing WaitForFrameAndSwitch
                Unable to find product 'FastSaver' in page or product 'FastSaver' is not selected
                Unable to find product 'Savings On Call' in page or product 'Savings On Call' is not selected
                Unable to find product 'ASB Visa Debit Streamline Intro' in page or product 'ASB Visa Debit Streamline
                Intro' is not selected
                Unable to find product 'Savings On Call' in page or product 'Savings On Call' is not selected
                Unable to find product 'FastSaver' in page or product 'FastSaver' is not selected
                -&gt; done: ProductsPageSteps.WhenIChangeMySelectedProductsTo("Streamline intro") (16.4s)
                And I enter all required details in the Personal details page and clicks on Next button:
                --- table step argument ---
                | Title | FirstName | MiddleName | LastName | DateOfBirth | Email | MobileNumber | CountriesCitizenship
                | PreferredIdType |
                | Miss | Automation | RANDOM | FYICOB | RANDOM | cob2016@asb.co.nz | 021-RANDOM | Japan | Other |
                -&gt; done: PersonalDetailsSteps.WhenIEnterAllRequiredDetailsForPersonalDetailsPage(&lt;table&gt;)
                (20.8s)
                And I select 'No' in the Are you a New Zealand tax resident question
                -&gt; done: AdditionalPersonalDetailsSteps.WhenISelectInTheAreYouANewZealandTaxResidentQuestion("No")
                (0.2s)
                And I select 'Non-resident &#8211; country tax rate' in the Resident Withholding Tax Rate dropdown
                -&gt; done:
                AdditionalPersonalDetailsSteps.WhenISelectInTheResidentWithholdingTaxRateDropdown("Non-resident &#8211;
                co...") (0.2s)
                And I enter non resident country and date for a non NZ tax resident
                -&gt; done: AdditionalPersonalDetailsSteps.WhenIEnterNonResidentCountryAndDateForANonNZTaxResident()
                (2.0s)
                And I enter additional information with Profile Complete flag 'Skip', 'Japan', 'Afghanistan - 12345ABC',
                'true'
                -&gt; done:
                AdditionalPersonalDetailsSteps.GivenIEnterAdditionalInformationWithProfileCompleteFlag("Skip", "Japan",
                "Afghanistan - 123...", "true") (1.7s)
                And I click on 'Next' button
                -&gt; done: CommonSteps.WhenIClickOnButton("Next") (0.2s)
                And I enter 'Kiwi77nz' password and 'MyCode01' verbal password in the ASB Login page and clicks on Next
                button
                -&gt; done:
                ASBLoginPageSteps.WhenIEnterPasswordAndVerbalPasswordInTheASBLoginPageAndClicksOnNextButton("Kiwi77nz",
                "MyCode01") (1.8s)
                When I confirm details on the Summary page
                UniqueId:
                Title: Miss
                FirstName: Automation
                MiddleName: COB-KJSam
                LastName: FYICOB
                Email: cob2016@asb.co.nz
                Gender:
                DateOfBirth: 5/25/1933 12:00:00 AM
                DateCreated:
                LastReviewDate:
                Cals:
                IsIndividual:
                NzCitizen:
                NzResidence:
                HighValueCustomer:
                StaffMember:
                AmlVerified:
                VipCustomer:
                Addresses: System.Collections.Generic.List`1[ASB.Selenium.DataModel.Customer.Address]
                AddressInformation: ASB.Selenium.DataModel.Customer.AddressInformation
                CompanyName:
                CompanyType:
                CompanySubType:
                CustomerTypeCode:
                IrdNumber:
                TaxClass: Non-resident &#8211; country tax rate
                TaxClassDate: 5/25/1949 12:00:00 AM
                IsNzTaxResident: False
                NonResidentCountryCode:
                IsForeignTaxResident: True
                ForeignTaxResidencyStatus:
                IsProfileEnhanced: True
                Phones: System.Collections.Generic.List`1[ASB.Selenium.DataModel.Customer.Phone]
                NextOfKin:
                EmploymentDetails:
                LinkedCustomers:
                AccountRelationships:
                IdType:
                Fatca: ASB.Selenium.DataModel.Customer.Fatca
                CitizenshipCountryCodes:
                CitizenshipCountryNames: System.Collections.Generic.List`1[System.String]
                ForeignTaxResidenceTypes:
                System.Collections.Generic.List`1[ASB.Selenium.DataModel.Customer.ForeignTaxResidenceTypes]
                OnboardingDetail: ASB.Selenium.DataModel.Customer.OnboardingDetail
                AddressVerificationStatus:
                IdVerificationStatus:
                PreferredIdType: Other
                IsProfileComplete: True
                DaysRemaining: 0
                OnboardingStatus:
                NewAccounts: System.Collections.Generic.List`1[ASB.Selenium.DataModel.Customer.Accounts]
                FailedAccounts: System.Collections.Generic.List`1[ASB.Selenium.DataModel.Customer.Accounts]
                OnboardingSource: JoinASB
                CustomerCreated:
                LoginCreated:
                RegisteredForNetcode:
                AccountsCreated:
                CustomerAccessToken:
                VerificationPassword: MyCode01
                LoginDetail: ASB.Selenium.DataModel.Customer.Login
                CustomerType:
                Cif:
                Username: afyi51141
                UsernameApi:
                Password: Kiwi77nz
                PublicKey:
                AcceptedTermsAndConditions:
                BackgroundCheckConsent:
                PreferredIdType:
                -&gt; done: SummaryPageSteps.WhenIConfirmDetailsOnTheSummaryPage() (3.4s)
                Then the Logging you in progress page is displayed
                -&gt; done: ConfirmationPageSteps.ThenTheLoggingYouInProgressPageIsDisplayed() (13.3s)
                And the Activation page is displayed
                12/6/2017 3:14:38 AMThenTheActivationPageIsDisplayed: IsActivationPageDisplayed STARTED
                12/6/2017 3:15:09 AMThenTheActivationPageIsDisplayed: IsActivationPageDisplayed DONE
                12/6/2017 3:15:09 AMThenTheActivationPageIsDisplayed: IsSectionDisplayed STARTED
                12/6/2017 3:15:39 AMThenTheActivationPageIsDisplayed: IsSectionDisplayed DONE
                -&gt; error: Timeout error: Activation page is NOT displayed!
                And the account number and product name is displayed for the selected products
                -&gt; skipped because of previous errors
                And the 'Activate your account' section is displayed
                -&gt; skipped because of previous errors
                And the Activate your account header is displayed
                -&gt; skipped because of previous errors
                And the Profile Details section is displayed
                -&gt; skipped because of previous errors
                And the Proof of Address section is displayed
                -&gt; skipped because of previous errors
                And the Confirm Identity section is displayed
                -&gt; skipped because of previous errors
                And the See a complete list of acceptable documents text is displayed conditionally
                -&gt; skipped because of previous errors
                And the Find a branch button is displayed conditionally
                -&gt; skipped because of previous errors
            </system-out>
        </testcase>
    </testsuite>
    <testsuite tests="4" time="670.892526" errors="0" failures="4" skipped="0" timestamp="2017-12-05 14:16:12Z"
               name="Join.Form.Customer.Selenium.dll.Join.Form.Customer.Selenium.Features._08_ActivateSummaryFeature.ACTSUM_09_VisaDebitSTP.">
        <testcase
                name="ACTSUM_09_VisaDebitSTP(&quot;Streamline and Visa Debit&quot;,&quot;Streamline intro,ASB Visa Debit Streamline Intro&quot;,&quot;Mr&quot;,&quot;RANDOM&quot;,&quot;&quot;,&quot;RANDOM&quot;,System.String[])"
                assertions="11" time="162.646925" status="Failed"
                classname="Join.Form.Customer.Selenium.Features._08_ActivateSummaryFeature">

            <failure message="System.Exception : Timeout error: Activation page is NOT displayed!">at
                ASB.Test.Automation.Utils.Retry.Retry.Execute(Func`1 function, Int32 retryInterval, Int32 retryCount,
                String exceptionMessage)
                at Selenium.Steps.COB.ActivationSummary.ActivationSummarySteps.ThenTheActivationPageIsDisplayed()
                at TechTalk.SpecFlow.Bindings.BindingInvoker.InvokeBinding(IBinding binding, IContextManager
                contextManager, Object[] arguments, ITestTracer testTracer, TimeSpan&amp; duration)
                at TechTalk.SpecFlow.Infrastructure.TestExecutionEngine.ExecuteStepMatch(BindingMatch match, Object[]
                arguments)
                at TechTalk.SpecFlow.Infrastructure.TestExecutionEngine.ExecuteStep(StepInstance stepInstance)
                at TechTalk.SpecFlow.Infrastructure.TestExecutionEngine.OnAfterLastStep()
                at Join.Form.Customer.Selenium.Features._08_ActivateSummaryFeature.ScenarioCleanup()
                at Join.Form.Customer.Selenium.Features._08_ActivateSummaryFeature.ACTSUM_09_VisaDebitSTP(String
                scenarioName, String products, String title, String firstname, String middlename, String lastname,
                String[] exampleTags)
            </failure>
            <system-out>Given I start my Streamline application
                Navigating to URL: https://webappisamdev.asbbank.co.nz/public/join/asb/?grcDisabled=true
                -&gt; done: CommonSteps.GivenIStartMyStreamlineApplication() (0.8s)
                Given I select the following products: 'Streamline intro,ASB Visa Debit Streamline Intro'
                12/6/2017 3:16:25 AMWaitForFeaturesPageLoad: Executing WaitForFrameAndSwitch
                12/6/2017 3:16:25 AMWaitForFeaturesPageLoad: Done executing WaitForFrameAndSwitch
                Unable to find product 'FastSaver' in page or product 'FastSaver' is not selected
                Unable to find product 'Savings On Call' in page or product 'Savings On Call' is not selected
                Unable to find product 'Savings On Call' in page or product 'Savings On Call' is not selected
                Unable to find product 'FastSaver' in page or product 'FastSaver' is not selected
                -&gt; done: ProductsPageSteps.WhenIChangeMySelectedProductsTo("Streamline intro,...") (15.1s)
                And I enter personal and login details Mr,RANDOM,,RANDOM,RANDOM,mark.masikip@asb.co.nz,021-RANDOM,New
                Zealand,Other,Kiwi77nz,verbal123,false
                Given I enter mandatory Tax Information for NZ citizen and clicks on Next button
                -&gt; done: AdditionalPersonalDetailsSteps.GivenIEnterMandatoryTaxInformationForNZCitizen() (0.6s)
                -&gt; done: PersonalDetailsSteps.GivenIEnterPersonalAndLoginDetails("Mr", "RANDOM", "", "RANDOM",
                "RANDOM", "mark.masikip@asb....", "021-RANDOM", "New Zealand", "Other", "Kiwi77nz", "verbal123",
                "false") (27.2s)
                When I confirm details on the Summary page
                UniqueId:
                Title: Mr
                FirstName: COB-VGbWN
                MiddleName:
                LastName: COB-HKmCy
                Email: mark.masikip@asb.co.nz
                Gender:
                DateOfBirth: 4/19/1943 12:00:00 AM
                DateCreated:
                LastReviewDate:
                Cals:
                IsIndividual:
                NzCitizen:
                NzResidence:
                HighValueCustomer:
                StaffMember:
                AmlVerified:
                VipCustomer:
                Addresses: System.Collections.Generic.List`1[ASB.Selenium.DataModel.Customer.Address]
                AddressInformation: ASB.Selenium.DataModel.Customer.AddressInformation
                CompanyName:
                CompanyType:
                CompanySubType:
                CustomerTypeCode:
                IrdNumber:
                TaxClass:
                TaxClassDate:
                IsNzTaxResident: True
                NonResidentCountryCode:
                IsForeignTaxResident: False
                ForeignTaxResidencyStatus:
                IsProfileEnhanced:
                Phones: System.Collections.Generic.List`1[ASB.Selenium.DataModel.Customer.Phone]
                NextOfKin:
                EmploymentDetails:
                LinkedCustomers:
                AccountRelationships:
                IdType:
                Fatca: ASB.Selenium.DataModel.Customer.Fatca
                CitizenshipCountryCodes:
                CitizenshipCountryNames: System.Collections.Generic.List`1[System.String]
                ForeignTaxResidenceTypes:
                System.Collections.Generic.List`1[ASB.Selenium.DataModel.Customer.ForeignTaxResidenceTypes]
                OnboardingDetail: ASB.Selenium.DataModel.Customer.OnboardingDetail
                AddressVerificationStatus:
                IdVerificationStatus:
                PreferredIdType: Other
                IsProfileComplete: True
                DaysRemaining: 0
                OnboardingStatus:
                NewAccounts: System.Collections.Generic.List`1[ASB.Selenium.DataModel.Customer.Accounts]
                FailedAccounts: System.Collections.Generic.List`1[ASB.Selenium.DataModel.Customer.Accounts]
                OnboardingSource: JoinASB
                CustomerCreated:
                LoginCreated:
                RegisteredForNetcode:
                AccountsCreated:
                CustomerAccessToken:
                VerificationPassword: verbal123
                LoginDetail: ASB.Selenium.DataModel.Customer.Login
                CustomerType:
                Cif:
                Username: ccob99452
                UsernameApi:
                Password: Kiwi77nz&#57348;
                PublicKey:
                AcceptedTermsAndConditions:
                BackgroundCheckConsent:
                PreferredIdType:
                -&gt; done: SummaryPageSteps.WhenIConfirmDetailsOnTheSummaryPage() (3.1s)
                Then the Logging you in progress page is displayed
                -&gt; done: ConfirmationPageSteps.ThenTheLoggingYouInProgressPageIsDisplayed() (18.8s)
                And the Activation page is displayed
                12/6/2017 3:17:21 AMThenTheActivationPageIsDisplayed: IsActivationPageDisplayed STARTED
                12/6/2017 3:17:51 AMThenTheActivationPageIsDisplayed: IsActivationPageDisplayed DONE
                12/6/2017 3:17:51 AMThenTheActivationPageIsDisplayed: IsSectionDisplayed STARTED
                12/6/2017 3:18:22 AMThenTheActivationPageIsDisplayed: IsSectionDisplayed DONE
                -&gt; error: Timeout error: Activation page is NOT displayed!
                And the account number and product name is displayed for the selected products
                -&gt; skipped because of previous errors
            </system-out>
        </testcase>
        <testcase
                name="ACTSUM_09_VisaDebitSTP(&quot;All products&quot;,&quot;Streamline intro,ASB Visa Debit Streamline Intro,Savings On Call,FastSaver&quot;,&quot;Ms&quot;,&quot;RANDOM&quot;,&quot;RANDOM&quot;,&quot;RANDOM&quot;,System.String[])"
                assertions="11" time="161.178431" status="Failed"
                classname="Join.Form.Customer.Selenium.Features._08_ActivateSummaryFeature">

            <failure message="System.Exception : Timeout error: Activation page is NOT displayed!">at
                ASB.Test.Automation.Utils.Retry.Retry.Execute(Func`1 function, Int32 retryInterval, Int32 retryCount,
                String exceptionMessage)
                at Selenium.Steps.COB.ActivationSummary.ActivationSummarySteps.ThenTheActivationPageIsDisplayed()
                at TechTalk.SpecFlow.Bindings.BindingInvoker.InvokeBinding(IBinding binding, IContextManager
                contextManager, Object[] arguments, ITestTracer testTracer, TimeSpan&amp; duration)
                at TechTalk.SpecFlow.Infrastructure.TestExecutionEngine.ExecuteStepMatch(BindingMatch match, Object[]
                arguments)
                at TechTalk.SpecFlow.Infrastructure.TestExecutionEngine.ExecuteStep(StepInstance stepInstance)
                at TechTalk.SpecFlow.Infrastructure.TestExecutionEngine.OnAfterLastStep()
                at Join.Form.Customer.Selenium.Features._08_ActivateSummaryFeature.ScenarioCleanup()
                at Join.Form.Customer.Selenium.Features._08_ActivateSummaryFeature.ACTSUM_09_VisaDebitSTP(String
                scenarioName, String products, String title, String firstname, String middlename, String lastname,
                String[] exampleTags)
            </failure>
            <system-out>Given I start my Streamline application
                Navigating to URL: https://webappisamdev.asbbank.co.nz/public/join/asb/?grcDisabled=true
                -&gt; done: CommonSteps.GivenIStartMyStreamlineApplication() (0.7s)
                Given I select the following products: 'Streamline intro,ASB Visa Debit Streamline Intro,Savings On
                Call,FastSaver'
                12/6/2017 3:19:06 AMWaitForFeaturesPageLoad: Executing WaitForFrameAndSwitch
                12/6/2017 3:19:07 AMWaitForFeaturesPageLoad: Done executing WaitForFrameAndSwitch
                Unable to find product 'Savings On Call' in page or product 'Savings On Call' is not selected
                Unable to find product 'FastSaver' in page or product 'FastSaver' is not selected
                -&gt; done: ProductsPageSteps.WhenIChangeMySelectedProductsTo("Streamline intro,...") (19.5s)
                And I enter personal and login details
                Ms,RANDOM,RANDOM,RANDOM,RANDOM,mark.masikip@asb.co.nz,021-RANDOM,New
                Zealand,Other,Kiwi77nz,verbal123,false
                Given I enter mandatory Tax Information for NZ citizen and clicks on Next button
                -&gt; done: AdditionalPersonalDetailsSteps.GivenIEnterMandatoryTaxInformationForNZCitizen() (0.5s)
                -&gt; done: PersonalDetailsSteps.GivenIEnterPersonalAndLoginDetails("Ms", "RANDOM", "RANDOM", "RANDOM",
                "RANDOM", "mark.masikip@asb....", "021-RANDOM", "New Zealand", "Other", "Kiwi77nz", "verbal123",
                "false") (23.3s)
                When I confirm details on the Summary page
                UniqueId:
                Title: Ms
                FirstName: COB-euavM
                MiddleName: COB-siPoS
                LastName: COB-ztvvT
                Email: mark.masikip@asb.co.nz
                Gender:
                DateOfBirth: 8/25/1972 12:00:00 AM
                DateCreated:
                LastReviewDate:
                Cals:
                IsIndividual:
                NzCitizen:
                NzResidence:
                HighValueCustomer:
                StaffMember:
                AmlVerified:
                VipCustomer:
                Addresses: System.Collections.Generic.List`1[ASB.Selenium.DataModel.Customer.Address]
                AddressInformation: ASB.Selenium.DataModel.Customer.AddressInformation
                CompanyName:
                CompanyType:
                CompanySubType:
                CustomerTypeCode:
                IrdNumber:
                TaxClass:
                TaxClassDate:
                IsNzTaxResident: True
                NonResidentCountryCode:
                IsForeignTaxResident: False
                ForeignTaxResidencyStatus:
                IsProfileEnhanced:
                Phones: System.Collections.Generic.List`1[ASB.Selenium.DataModel.Customer.Phone]
                NextOfKin:
                EmploymentDetails:
                LinkedCustomers:
                AccountRelationships:
                IdType:
                Fatca: ASB.Selenium.DataModel.Customer.Fatca
                CitizenshipCountryCodes:
                CitizenshipCountryNames: System.Collections.Generic.List`1[System.String]
                ForeignTaxResidenceTypes:
                System.Collections.Generic.List`1[ASB.Selenium.DataModel.Customer.ForeignTaxResidenceTypes]
                OnboardingDetail: ASB.Selenium.DataModel.Customer.OnboardingDetail
                AddressVerificationStatus:
                IdVerificationStatus:
                PreferredIdType: Other
                IsProfileComplete: True
                DaysRemaining: 0
                OnboardingStatus:
                NewAccounts: System.Collections.Generic.List`1[ASB.Selenium.DataModel.Customer.Accounts]
                FailedAccounts: System.Collections.Generic.List`1[ASB.Selenium.DataModel.Customer.Accounts]
                OnboardingSource: JoinASB
                CustomerCreated:
                LoginCreated:
                RegisteredForNetcode:
                AccountsCreated:
                CustomerAccessToken:
                VerificationPassword: verbal123
                LoginDetail: ASB.Selenium.DataModel.Customer.Login
                CustomerType:
                Cif:
                Username: ccob71355
                UsernameApi:
                Password: Kiwi77nz&#57348;
                PublicKey:
                AcceptedTermsAndConditions:
                BackgroundCheckConsent:
                PreferredIdType:
                -&gt; done: SummaryPageSteps.WhenIConfirmDetailsOnTheSummaryPage() (3.1s)
                Then the Logging you in progress page is displayed
                -&gt; done: ConfirmationPageSteps.ThenTheLoggingYouInProgressPageIsDisplayed() (18.3s)
                And the Activation page is displayed
                12/6/2017 3:20:02 AMThenTheActivationPageIsDisplayed: IsActivationPageDisplayed STARTED
                12/6/2017 3:20:33 AMThenTheActivationPageIsDisplayed: IsActivationPageDisplayed DONE
                12/6/2017 3:20:33 AMThenTheActivationPageIsDisplayed: IsSectionDisplayed STARTED
                12/6/2017 3:21:03 AMThenTheActivationPageIsDisplayed: IsSectionDisplayed DONE
                -&gt; error: Timeout error: Activation page is NOT displayed!
                And the account number and product name is displayed for the selected products
                -&gt; skipped because of previous errors
            </system-out>
        </testcase>
        <testcase
                name="ACTSUM_09_VisaDebitSTP(&quot;No FastSaver - Mx Male&quot;,&quot;Streamline intro,ASB Visa Debit Streamline Intro,Savings On Call&quot;,&quot;RANDOM&quot;,&quot;RANDOM&quot;,&quot;RANDOM&quot;,&quot;RANDOM&quot;,System.String[])"
                assertions="11" time="172.725685" status="Failed"
                classname="Join.Form.Customer.Selenium.Features._08_ActivateSummaryFeature">

            <failure message="System.Exception : Timeout error: Activation page is NOT displayed!">at
                ASB.Test.Automation.Utils.Retry.Retry.Execute(Func`1 function, Int32 retryInterval, Int32 retryCount,
                String exceptionMessage)
                at Selenium.Steps.COB.ActivationSummary.ActivationSummarySteps.ThenTheActivationPageIsDisplayed()
                at TechTalk.SpecFlow.Bindings.BindingInvoker.InvokeBinding(IBinding binding, IContextManager
                contextManager, Object[] arguments, ITestTracer testTracer, TimeSpan&amp; duration)
                at TechTalk.SpecFlow.Infrastructure.TestExecutionEngine.ExecuteStepMatch(BindingMatch match, Object[]
                arguments)
                at TechTalk.SpecFlow.Infrastructure.TestExecutionEngine.ExecuteStep(StepInstance stepInstance)
                at TechTalk.SpecFlow.Infrastructure.TestExecutionEngine.OnAfterLastStep()
                at Join.Form.Customer.Selenium.Features._08_ActivateSummaryFeature.ScenarioCleanup()
                at Join.Form.Customer.Selenium.Features._08_ActivateSummaryFeature.ACTSUM_09_VisaDebitSTP(String
                scenarioName, String products, String title, String firstname, String middlename, String lastname,
                String[] exampleTags)
            </failure>
            <system-out>Given I start my Streamline application
                Navigating to URL: https://webappisamdev.asbbank.co.nz/public/join/asb/?grcDisabled=true
                -&gt; done: CommonSteps.GivenIStartMyStreamlineApplication() (1.1s)
                Given I select the following products: 'Streamline intro,ASB Visa Debit Streamline Intro,Savings On
                Call'
                12/6/2017 3:21:48 AMWaitForFeaturesPageLoad: Executing WaitForFrameAndSwitch
                12/6/2017 3:21:48 AMWaitForFeaturesPageLoad: Done executing WaitForFrameAndSwitch
                Unable to find product 'Savings On Call' in page or product 'Savings On Call' is not selected
                Unable to find product 'FastSaver' in page or product 'FastSaver' is not selected
                Unable to find product 'FastSaver' in page or product 'FastSaver' is not selected
                -&gt; done: ProductsPageSteps.WhenIChangeMySelectedProductsTo("Streamline intro,...") (17.2s)
                And I enter personal and login details
                RANDOM,RANDOM,RANDOM,RANDOM,RANDOM,mark.masikip@asb.co.nz,021-RANDOM,New
                Zealand,Other,Kiwi77nz,verbal123,false
                Given I enter mandatory Tax Information for NZ citizen and clicks on Next button
                -&gt; done: AdditionalPersonalDetailsSteps.GivenIEnterMandatoryTaxInformationForNZCitizen() (1.1s)
                -&gt; done: PersonalDetailsSteps.GivenIEnterPersonalAndLoginDetails("RANDOM", "RANDOM", "RANDOM",
                "RANDOM", "RANDOM", "mark.masikip@asb....", "021-RANDOM", "New Zealand", "Other", "Kiwi77nz",
                "verbal123", "false") (34.8s)
                When I confirm details on the Summary page
                UniqueId:
                Title: Mx
                FirstName: COB-ixdqs
                MiddleName: COB-IxSxs
                LastName: COB-puIph
                Email: mark.masikip@asb.co.nz
                Gender:
                DateOfBirth: 4/7/1970 12:00:00 AM
                DateCreated:
                LastReviewDate:
                Cals:
                IsIndividual:
                NzCitizen:
                NzResidence:
                HighValueCustomer:
                StaffMember:
                AmlVerified:
                VipCustomer:
                Addresses: System.Collections.Generic.List`1[ASB.Selenium.DataModel.Customer.Address]
                AddressInformation: ASB.Selenium.DataModel.Customer.AddressInformation
                CompanyName:
                CompanyType:
                CompanySubType:
                CustomerTypeCode:
                IrdNumber:
                TaxClass:
                TaxClassDate:
                IsNzTaxResident: True
                NonResidentCountryCode:
                IsForeignTaxResident: False
                ForeignTaxResidencyStatus:
                IsProfileEnhanced:
                Phones: System.Collections.Generic.List`1[ASB.Selenium.DataModel.Customer.Phone]
                NextOfKin:
                EmploymentDetails:
                LinkedCustomers:
                AccountRelationships:
                IdType:
                Fatca: ASB.Selenium.DataModel.Customer.Fatca
                CitizenshipCountryCodes:
                CitizenshipCountryNames: System.Collections.Generic.List`1[System.String]
                ForeignTaxResidenceTypes:
                System.Collections.Generic.List`1[ASB.Selenium.DataModel.Customer.ForeignTaxResidenceTypes]
                OnboardingDetail: ASB.Selenium.DataModel.Customer.OnboardingDetail
                AddressVerificationStatus:
                IdVerificationStatus:
                PreferredIdType: Other
                IsProfileComplete: True
                DaysRemaining: 0
                OnboardingStatus:
                NewAccounts: System.Collections.Generic.List`1[ASB.Selenium.DataModel.Customer.Accounts]
                FailedAccounts: System.Collections.Generic.List`1[ASB.Selenium.DataModel.Customer.Accounts]
                OnboardingSource: JoinASB
                CustomerCreated:
                LoginCreated:
                RegisteredForNetcode:
                AccountsCreated:
                CustomerAccessToken:
                VerificationPassword: verbal123
                LoginDetail: ASB.Selenium.DataModel.Customer.Login
                CustomerType:
                Cif:
                Username: ccob47927
                UsernameApi:
                Password: Kiwi77nz&#57348;
                PublicKey:
                AcceptedTermsAndConditions:
                BackgroundCheckConsent:
                PreferredIdType:
                -&gt; done: SummaryPageSteps.WhenIConfirmDetailsOnTheSummaryPage() (3.1s)
                Then the Logging you in progress page is displayed
                -&gt; done: ConfirmationPageSteps.ThenTheLoggingYouInProgressPageIsDisplayed() (20.5s)
                And the Activation page is displayed
                12/6/2017 3:22:54 AMThenTheActivationPageIsDisplayed: IsActivationPageDisplayed STARTED
                12/6/2017 3:23:25 AMThenTheActivationPageIsDisplayed: IsActivationPageDisplayed DONE
                12/6/2017 3:23:25 AMThenTheActivationPageIsDisplayed: IsSectionDisplayed STARTED
                12/6/2017 3:23:55 AMThenTheActivationPageIsDisplayed: IsSectionDisplayed DONE
                -&gt; error: Timeout error: Activation page is NOT displayed!
                And the account number and product name is displayed for the selected products
                -&gt; skipped because of previous errors
            </system-out>
        </testcase>
        <testcase
                name="ACTSUM_09_VisaDebitSTP(&quot;All products - Mx Female&quot;,&quot;Streamline intro,ASB Visa Debit Streamline Intro,Savings On Call,FastSaver&quot;,&quot;RANDOM&quot;,&quot;RANDOM&quot;,&quot;RANDOM&quot;,&quot;RANDOM&quot;,System.String[])"
                assertions="11" time="174.309510" status="Failed"
                classname="Join.Form.Customer.Selenium.Features._08_ActivateSummaryFeature">

            <failure message="System.Exception : Timeout error: Activation page is NOT displayed!">at
                ASB.Test.Automation.Utils.Retry.Retry.Execute(Func`1 function, Int32 retryInterval, Int32 retryCount,
                String exceptionMessage)
                at Selenium.Steps.COB.ActivationSummary.ActivationSummarySteps.ThenTheActivationPageIsDisplayed()
                at TechTalk.SpecFlow.Bindings.BindingInvoker.InvokeBinding(IBinding binding, IContextManager
                contextManager, Object[] arguments, ITestTracer testTracer, TimeSpan&amp; duration)
                at TechTalk.SpecFlow.Infrastructure.TestExecutionEngine.ExecuteStepMatch(BindingMatch match, Object[]
                arguments)
                at TechTalk.SpecFlow.Infrastructure.TestExecutionEngine.ExecuteStep(StepInstance stepInstance)
                at TechTalk.SpecFlow.Infrastructure.TestExecutionEngine.OnAfterLastStep()
                at Join.Form.Customer.Selenium.Features._08_ActivateSummaryFeature.ScenarioCleanup()
                at Join.Form.Customer.Selenium.Features._08_ActivateSummaryFeature.ACTSUM_09_VisaDebitSTP(String
                scenarioName, String products, String title, String firstname, String middlename, String lastname,
                String[] exampleTags)
            </failure>
            <system-out>Given I start my Streamline application
                Navigating to URL: https://webappisamdev.asbbank.co.nz/public/join/asb/?grcDisabled=true
                -&gt; done: CommonSteps.GivenIStartMyStreamlineApplication() (0.8s)
                Given I select the following products: 'Streamline intro,ASB Visa Debit Streamline Intro,Savings On
                Call,FastSaver'
                12/6/2017 3:24:40 AMWaitForFeaturesPageLoad: Executing WaitForFrameAndSwitch
                12/6/2017 3:24:41 AMWaitForFeaturesPageLoad: Done executing WaitForFrameAndSwitch
                Unable to find product 'Savings On Call' in page or product 'Savings On Call' is not selected
                Unable to find product 'FastSaver' in page or product 'FastSaver' is not selected
                -&gt; done: ProductsPageSteps.WhenIChangeMySelectedProductsTo("Streamline intro,...") (19.6s)
                And I enter personal and login details
                RANDOM,RANDOM,RANDOM,RANDOM,RANDOM,mark.masikip@asb.co.nz,021-RANDOM,New
                Zealand,Other,Kiwi77nz,verbal123,false
                Given I enter mandatory Tax Information for NZ citizen and clicks on Next button
                -&gt; done: AdditionalPersonalDetailsSteps.GivenIEnterMandatoryTaxInformationForNZCitizen() (0.6s)
                -&gt; done: PersonalDetailsSteps.GivenIEnterPersonalAndLoginDetails("RANDOM", "RANDOM", "RANDOM",
                "RANDOM", "RANDOM", "mark.masikip@asb....", "021-RANDOM", "New Zealand", "Other", "Kiwi77nz",
                "verbal123", "false") (36.9s)
                When I confirm details on the Summary page
                UniqueId:
                Title: Mx
                FirstName: COB-giOUW
                MiddleName: COB-IlxwI
                LastName: COB-nsMpn
                Email: mark.masikip@asb.co.nz
                Gender:
                DateOfBirth: 3/11/1923 12:00:00 AM
                DateCreated:
                LastReviewDate:
                Cals:
                IsIndividual:
                NzCitizen:
                NzResidence:
                HighValueCustomer:
                StaffMember:
                AmlVerified:
                VipCustomer:
                Addresses: System.Collections.Generic.List`1[ASB.Selenium.DataModel.Customer.Address]
                AddressInformation: ASB.Selenium.DataModel.Customer.AddressInformation
                CompanyName:
                CompanyType:
                CompanySubType:
                CustomerTypeCode:
                IrdNumber:
                TaxClass:
                TaxClassDate:
                IsNzTaxResident: True
                NonResidentCountryCode:
                IsForeignTaxResident: False
                ForeignTaxResidencyStatus:
                IsProfileEnhanced:
                Phones: System.Collections.Generic.List`1[ASB.Selenium.DataModel.Customer.Phone]
                NextOfKin:
                EmploymentDetails:
                LinkedCustomers:
                AccountRelationships:
                IdType:
                Fatca: ASB.Selenium.DataModel.Customer.Fatca
                CitizenshipCountryCodes:
                CitizenshipCountryNames: System.Collections.Generic.List`1[System.String]
                ForeignTaxResidenceTypes:
                System.Collections.Generic.List`1[ASB.Selenium.DataModel.Customer.ForeignTaxResidenceTypes]
                OnboardingDetail: ASB.Selenium.DataModel.Customer.OnboardingDetail
                AddressVerificationStatus:
                IdVerificationStatus:
                PreferredIdType: Other
                IsProfileComplete: True
                DaysRemaining: 0
                OnboardingStatus:
                NewAccounts: System.Collections.Generic.List`1[ASB.Selenium.DataModel.Customer.Accounts]
                FailedAccounts: System.Collections.Generic.List`1[ASB.Selenium.DataModel.Customer.Accounts]
                OnboardingSource: JoinASB
                CustomerCreated:
                LoginCreated:
                RegisteredForNetcode:
                AccountsCreated:
                CustomerAccessToken:
                VerificationPassword: verbal123
                LoginDetail: ASB.Selenium.DataModel.Customer.Login
                CustomerType:
                Cif:
                Username: ccob95344
                UsernameApi:
                Password: Kiwi77nz&#57348;
                PublicKey:
                AcceptedTermsAndConditions:
                BackgroundCheckConsent:
                PreferredIdType:
                -&gt; done: SummaryPageSteps.WhenIConfirmDetailsOnTheSummaryPage() (2.9s)
                Then the Logging you in progress page is displayed
                -&gt; done: ConfirmationPageSteps.ThenTheLoggingYouInProgressPageIsDisplayed() (18.2s)
                And the Activation page is displayed
                12/6/2017 3:25:49 AMThenTheActivationPageIsDisplayed: IsActivationPageDisplayed STARTED
                12/6/2017 3:26:19 AMThenTheActivationPageIsDisplayed: IsActivationPageDisplayed DONE
                12/6/2017 3:26:19 AMThenTheActivationPageIsDisplayed: IsSectionDisplayed STARTED
                12/6/2017 3:26:50 AMThenTheActivationPageIsDisplayed: IsSectionDisplayed DONE
                -&gt; error: Timeout error: Activation page is NOT displayed!
                And the account number and product name is displayed for the selected products
                -&gt; skipped because of previous errors
            </system-out>
        </testcase>
    </testsuite>
    <testsuite tests="8" time="1211.449401" errors="0" failures="8" skipped="0" timestamp="2017-12-05 14:27:23Z"
               name="Join.Form.Customer.Selenium.dll.Join.Form.Customer.Selenium.Features._08_ActivateSummaryFeature.ACTSUM_10_VisaDebitSTPProfanityCheck.">
        <testcase
                name="ACTSUM_10_VisaDebitSTPProfanityCheck(&quot;Firstname Only&quot;,&quot;RANDOM&quot;,&quot;Sam&quot;,&quot;RANDOM&quot;,&quot;verbal123&quot;,&quot;true&quot;,System.String[])"
                assertions="12" time="149.575946" status="Failed"
                classname="Join.Form.Customer.Selenium.Features._08_ActivateSummaryFeature">

            <failure message="System.Exception : Timeout error: Activation page is NOT displayed!">at
                ASB.Test.Automation.Utils.Retry.Retry.Execute(Func`1 function, Int32 retryInterval, Int32 retryCount,
                String exceptionMessage)
                at Selenium.Steps.COB.ActivationSummary.ActivationSummarySteps.ThenTheActivationPageIsDisplayed()
                at TechTalk.SpecFlow.Bindings.BindingInvoker.InvokeBinding(IBinding binding, IContextManager
                contextManager, Object[] arguments, ITestTracer testTracer, TimeSpan&amp; duration)
                at TechTalk.SpecFlow.Infrastructure.TestExecutionEngine.ExecuteStepMatch(BindingMatch match, Object[]
                arguments)
                at TechTalk.SpecFlow.Infrastructure.TestExecutionEngine.ExecuteStep(StepInstance stepInstance)
                at TechTalk.SpecFlow.Infrastructure.TestExecutionEngine.OnAfterLastStep()
                at Join.Form.Customer.Selenium.Features._08_ActivateSummaryFeature.ScenarioCleanup()
                at
                Join.Form.Customer.Selenium.Features._08_ActivateSummaryFeature.ACTSUM_10_VisaDebitSTPProfanityCheck(String
                scenarioName, String firstname, String middlename, String lastname, String verbalPassword, String
                profanityFlag, String[] exampleTags)
            </failure>
            <system-out>Given I start my Streamline application
                Navigating to URL: https://webappisamdev.asbbank.co.nz/public/join/asb/?grcDisabled=true
                -&gt; done: CommonSteps.GivenIStartMyStreamlineApplication() (0.6s)
                Given I am in the Personal Details page
                12/6/2017 3:27:35 AMWaitForFeaturesPageLoad: Executing WaitForFrameAndSwitch
                12/6/2017 3:27:35 AMWaitForFeaturesPageLoad: Done executing WaitForFrameAndSwitch
                Unable to find product 'Savings On Call' in page or product 'Savings On Call' is not selected
                Unable to find product 'FastSaver' in page or product 'FastSaver' is not selected
                -&gt; done: PersonalDetailsSteps.GivenIAmInThePersonalDetailsPage() (13.0s)
                And I enter personal and login details Mr,RANDOM,Sam,RANDOM,RANDOM,mark.masikip@asb.co.nz,021-RANDOM,New
                Zealand,Other,Kiwi77nz,verbal123,true
                Given I enter mandatory Tax Information for NZ citizen and clicks on Next button
                -&gt; done: AdditionalPersonalDetailsSteps.GivenIEnterMandatoryTaxInformationForNZCitizen() (0.6s)
                -&gt; done: PersonalDetailsSteps.GivenIEnterPersonalAndLoginDetails("Mr", "RANDOM", "Sam", "RANDOM",
                "RANDOM", "mark.masikip@asb....", "021-RANDOM", "New Zealand", "Other", "Kiwi77nz", "verbal123", "true")
                (20.6s)
                When I confirm details on the Summary page
                UniqueId:
                Title: Mr
                FirstName: RANDOM
                MiddleName: Sam
                LastName: RANDOM
                Email: mark.masikip@asb.co.nz
                Gender:
                DateOfBirth: 5/20/1973 12:00:00 AM
                DateCreated:
                LastReviewDate:
                Cals:
                IsIndividual:
                NzCitizen:
                NzResidence:
                HighValueCustomer:
                StaffMember:
                AmlVerified:
                VipCustomer:
                Addresses: System.Collections.Generic.List`1[ASB.Selenium.DataModel.Customer.Address]
                AddressInformation: ASB.Selenium.DataModel.Customer.AddressInformation
                CompanyName:
                CompanyType:
                CompanySubType:
                CustomerTypeCode:
                IrdNumber:
                TaxClass:
                TaxClassDate:
                IsNzTaxResident: True
                NonResidentCountryCode:
                IsForeignTaxResident: False
                ForeignTaxResidencyStatus:
                IsProfileEnhanced:
                Phones: System.Collections.Generic.List`1[ASB.Selenium.DataModel.Customer.Phone]
                NextOfKin:
                EmploymentDetails:
                LinkedCustomers:
                AccountRelationships:
                IdType:
                Fatca: ASB.Selenium.DataModel.Customer.Fatca
                CitizenshipCountryCodes:
                CitizenshipCountryNames: System.Collections.Generic.List`1[System.String]
                ForeignTaxResidenceTypes:
                System.Collections.Generic.List`1[ASB.Selenium.DataModel.Customer.ForeignTaxResidenceTypes]
                OnboardingDetail: ASB.Selenium.DataModel.Customer.OnboardingDetail
                AddressVerificationStatus:
                IdVerificationStatus:
                PreferredIdType: Other
                IsProfileComplete: True
                DaysRemaining: 0
                OnboardingStatus:
                NewAccounts: System.Collections.Generic.List`1[ASB.Selenium.DataModel.Customer.Accounts]
                FailedAccounts: System.Collections.Generic.List`1[ASB.Selenium.DataModel.Customer.Accounts]
                OnboardingSource: JoinASB
                CustomerCreated:
                LoginCreated:
                RegisteredForNetcode:
                AccountsCreated:
                CustomerAccessToken:
                VerificationPassword: verbal123
                LoginDetail: ASB.Selenium.DataModel.Customer.Login
                CustomerType:
                Cif:
                Username: fwin58483
                UsernameApi:
                Password: Kiwi77nz&#57348;
                PublicKey:
                AcceptedTermsAndConditions:
                BackgroundCheckConsent:
                PreferredIdType:
                -&gt; done: SummaryPageSteps.WhenIConfirmDetailsOnTheSummaryPage() (2.9s)
                Then the Logging you in progress page is displayed
                -&gt; done: ConfirmationPageSteps.ThenTheLoggingYouInProgressPageIsDisplayed() (16.6s)
                And the Activation page is displayed
                12/6/2017 3:28:19 AMThenTheActivationPageIsDisplayed: IsActivationPageDisplayed STARTED
                12/6/2017 3:28:49 AMThenTheActivationPageIsDisplayed: IsActivationPageDisplayed DONE
                12/6/2017 3:28:49 AMThenTheActivationPageIsDisplayed: IsSectionDisplayed STARTED
                12/6/2017 3:29:20 AMThenTheActivationPageIsDisplayed: IsSectionDisplayed DONE
                -&gt; error: Timeout error: Activation page is NOT displayed!
                And the account number and product name is displayed for the selected products
                -&gt; skipped because of previous errors
            </system-out>
        </testcase>
        <testcase
                name="ACTSUM_10_VisaDebitSTPProfanityCheck(&quot;Middlename Only&quot;,&quot;RANDOM&quot;,&quot;RANDOM&quot;,&quot;Wolf&quot;,&quot;verbal123&quot;,&quot;true&quot;,System.String[])"
                assertions="12" time="150.707723" status="Failed"
                classname="Join.Form.Customer.Selenium.Features._08_ActivateSummaryFeature">

            <failure message="System.Exception : Timeout error: Activation page is NOT displayed!">at
                ASB.Test.Automation.Utils.Retry.Retry.Execute(Func`1 function, Int32 retryInterval, Int32 retryCount,
                String exceptionMessage)
                at Selenium.Steps.COB.ActivationSummary.ActivationSummarySteps.ThenTheActivationPageIsDisplayed()
                at TechTalk.SpecFlow.Bindings.BindingInvoker.InvokeBinding(IBinding binding, IContextManager
                contextManager, Object[] arguments, ITestTracer testTracer, TimeSpan&amp; duration)
                at TechTalk.SpecFlow.Infrastructure.TestExecutionEngine.ExecuteStepMatch(BindingMatch match, Object[]
                arguments)
                at TechTalk.SpecFlow.Infrastructure.TestExecutionEngine.ExecuteStep(StepInstance stepInstance)
                at TechTalk.SpecFlow.Infrastructure.TestExecutionEngine.OnAfterLastStep()
                at Join.Form.Customer.Selenium.Features._08_ActivateSummaryFeature.ScenarioCleanup()
                at
                Join.Form.Customer.Selenium.Features._08_ActivateSummaryFeature.ACTSUM_10_VisaDebitSTPProfanityCheck(String
                scenarioName, String firstname, String middlename, String lastname, String verbalPassword, String
                profanityFlag, String[] exampleTags)
            </failure>
            <system-out>Given I start my Streamline application
                Navigating to URL: https://webappisamdev.asbbank.co.nz/public/join/asb/?grcDisabled=true
                -&gt; done: CommonSteps.GivenIStartMyStreamlineApplication() (0.7s)
                Given I am in the Personal Details page
                12/6/2017 3:30:04 AMWaitForFeaturesPageLoad: Executing WaitForFrameAndSwitch
                12/6/2017 3:30:04 AMWaitForFeaturesPageLoad: Done executing WaitForFrameAndSwitch
                Unable to find product 'Savings On Call' in page or product 'Savings On Call' is not selected
                Unable to find product 'FastSaver' in page or product 'FastSaver' is not selected
                -&gt; done: PersonalDetailsSteps.GivenIAmInThePersonalDetailsPage() (13.0s)
                And I enter personal and login details
                Mr,RANDOM,RANDOM,Wolf,RANDOM,mark.masikip@asb.co.nz,021-RANDOM,New Zealand,Other,Kiwi77nz,verbal123,true
                Given I enter mandatory Tax Information for NZ citizen and clicks on Next button
                -&gt; done: AdditionalPersonalDetailsSteps.GivenIEnterMandatoryTaxInformationForNZCitizen() (0.8s)
                -&gt; done: PersonalDetailsSteps.GivenIEnterPersonalAndLoginDetails("Mr", "RANDOM", "RANDOM", "Wolf",
                "RANDOM", "mark.masikip@asb....", "021-RANDOM", "New Zealand", "Other", "Kiwi77nz", "verbal123", "true")
                (22.5s)
                When I confirm details on the Summary page
                UniqueId:
                Title: Mr
                FirstName: RANDOM
                MiddleName: RANDOM
                LastName: Wolf
                Email: mark.masikip@asb.co.nz
                Gender:
                DateOfBirth: 7/27/1942 12:00:00 AM
                DateCreated:
                LastReviewDate:
                Cals:
                IsIndividual:
                NzCitizen:
                NzResidence:
                HighValueCustomer:
                StaffMember:
                AmlVerified:
                VipCustomer:
                Addresses: System.Collections.Generic.List`1[ASB.Selenium.DataModel.Customer.Address]
                AddressInformation: ASB.Selenium.DataModel.Customer.AddressInformation
                CompanyName:
                CompanyType:
                CompanySubType:
                CustomerTypeCode:
                IrdNumber:
                TaxClass:
                TaxClassDate:
                IsNzTaxResident: True
                NonResidentCountryCode:
                IsForeignTaxResident: False
                ForeignTaxResidencyStatus:
                IsProfileEnhanced:
                Phones: System.Collections.Generic.List`1[ASB.Selenium.DataModel.Customer.Phone]
                NextOfKin:
                EmploymentDetails:
                LinkedCustomers:
                AccountRelationships:
                IdType:
                Fatca: ASB.Selenium.DataModel.Customer.Fatca
                CitizenshipCountryCodes:
                CitizenshipCountryNames: System.Collections.Generic.List`1[System.String]
                ForeignTaxResidenceTypes:
                System.Collections.Generic.List`1[ASB.Selenium.DataModel.Customer.ForeignTaxResidenceTypes]
                OnboardingDetail: ASB.Selenium.DataModel.Customer.OnboardingDetail
                AddressVerificationStatus:
                IdVerificationStatus:
                PreferredIdType: Other
                IsProfileComplete: True
                DaysRemaining: 0
                OnboardingStatus:
                NewAccounts: System.Collections.Generic.List`1[ASB.Selenium.DataModel.Customer.Accounts]
                FailedAccounts: System.Collections.Generic.List`1[ASB.Selenium.DataModel.Customer.Accounts]
                OnboardingSource: JoinASB
                CustomerCreated:
                LoginCreated:
                RegisteredForNetcode:
                AccountsCreated:
                CustomerAccessToken:
                VerificationPassword: verbal123
                LoginDetail: ASB.Selenium.DataModel.Customer.Login
                CustomerType:
                Cif:
                Username: fwol13626
                UsernameApi:
                Password: Kiwi77nz&#57348;
                PublicKey:
                AcceptedTermsAndConditions:
                BackgroundCheckConsent:
                PreferredIdType:
                -&gt; done: SummaryPageSteps.WhenIConfirmDetailsOnTheSummaryPage() (2.9s)
                Then the Logging you in progress page is displayed
                -&gt; done: ConfirmationPageSteps.ThenTheLoggingYouInProgressPageIsDisplayed() (15.8s)
                And the Activation page is displayed
                12/6/2017 3:30:50 AMThenTheActivationPageIsDisplayed: IsActivationPageDisplayed STARTED
                12/6/2017 3:31:20 AMThenTheActivationPageIsDisplayed: IsActivationPageDisplayed DONE
                12/6/2017 3:31:20 AMThenTheActivationPageIsDisplayed: IsSectionDisplayed STARTED
                12/6/2017 3:31:51 AMThenTheActivationPageIsDisplayed: IsSectionDisplayed DONE
                -&gt; error: Timeout error: Activation page is NOT displayed!
                And the account number and product name is displayed for the selected products
                -&gt; skipped because of previous errors
            </system-out>
        </testcase>
        <testcase
                name="ACTSUM_10_VisaDebitSTPProfanityCheck(&quot;Lastname Only&quot;,&quot;RANDOM&quot;,&quot;RANDOM&quot;,&quot;ass&quot;,&quot;verbal123&quot;,&quot;true&quot;,System.String[])"
                assertions="12" time="154.630611" status="Failed"
                classname="Join.Form.Customer.Selenium.Features._08_ActivateSummaryFeature">

            <failure message="System.Exception : Timeout error: Activation page is NOT displayed!">at
                ASB.Test.Automation.Utils.Retry.Retry.Execute(Func`1 function, Int32 retryInterval, Int32 retryCount,
                String exceptionMessage)
                at Selenium.Steps.COB.ActivationSummary.ActivationSummarySteps.ThenTheActivationPageIsDisplayed()
                at TechTalk.SpecFlow.Bindings.BindingInvoker.InvokeBinding(IBinding binding, IContextManager
                contextManager, Object[] arguments, ITestTracer testTracer, TimeSpan&amp; duration)
                at TechTalk.SpecFlow.Infrastructure.TestExecutionEngine.ExecuteStepMatch(BindingMatch match, Object[]
                arguments)
                at TechTalk.SpecFlow.Infrastructure.TestExecutionEngine.ExecuteStep(StepInstance stepInstance)
                at TechTalk.SpecFlow.Infrastructure.TestExecutionEngine.OnAfterLastStep()
                at Join.Form.Customer.Selenium.Features._08_ActivateSummaryFeature.ScenarioCleanup()
                at
                Join.Form.Customer.Selenium.Features._08_ActivateSummaryFeature.ACTSUM_10_VisaDebitSTPProfanityCheck(String
                scenarioName, String firstname, String middlename, String lastname, String verbalPassword, String
                profanityFlag, String[] exampleTags)
            </failure>
            <system-out>Given I start my Streamline application
                Navigating to URL: https://webappisamdev.asbbank.co.nz/public/join/asb/?grcDisabled=true
                -&gt; done: CommonSteps.GivenIStartMyStreamlineApplication() (0.8s)
                Given I am in the Personal Details page
                12/6/2017 3:32:35 AMWaitForFeaturesPageLoad: Executing WaitForFrameAndSwitch
                12/6/2017 3:32:35 AMWaitForFeaturesPageLoad: Done executing WaitForFrameAndSwitch
                Unable to find product 'Savings On Call' in page or product 'Savings On Call' is not selected
                Unable to find product 'FastSaver' in page or product 'FastSaver' is not selected
                -&gt; done: PersonalDetailsSteps.GivenIAmInThePersonalDetailsPage() (13.4s)
                And I enter personal and login details Mr,RANDOM,RANDOM,ass,RANDOM,mark.masikip@asb.co.nz,021-RANDOM,New
                Zealand,Other,Kiwi77nz,verbal123,true
                Given I enter mandatory Tax Information for NZ citizen and clicks on Next button
                -&gt; done: AdditionalPersonalDetailsSteps.GivenIEnterMandatoryTaxInformationForNZCitizen() (0.5s)
                -&gt; done: PersonalDetailsSteps.GivenIEnterPersonalAndLoginDetails("Mr", "RANDOM", "RANDOM", "ass",
                "RANDOM", "mark.masikip@asb....", "021-RANDOM", "New Zealand", "Other", "Kiwi77nz", "verbal123", "true")
                (27.6s)
                When I confirm details on the Summary page
                UniqueId:
                Title: Mr
                FirstName: RANDOM
                MiddleName: RANDOM
                LastName: ass
                Email: mark.masikip@asb.co.nz
                Gender:
                DateOfBirth: 9/5/1947 12:00:00 AM
                DateCreated:
                LastReviewDate:
                Cals:
                IsIndividual:
                NzCitizen:
                NzResidence:
                HighValueCustomer:
                StaffMember:
                AmlVerified:
                VipCustomer:
                Addresses: System.Collections.Generic.List`1[ASB.Selenium.DataModel.Customer.Address]
                AddressInformation: ASB.Selenium.DataModel.Customer.AddressInformation
                CompanyName:
                CompanyType:
                CompanySubType:
                CustomerTypeCode:
                IrdNumber:
                TaxClass:
                TaxClassDate:
                IsNzTaxResident: True
                NonResidentCountryCode:
                IsForeignTaxResident: False
                ForeignTaxResidencyStatus:
                IsProfileEnhanced:
                Phones: System.Collections.Generic.List`1[ASB.Selenium.DataModel.Customer.Phone]
                NextOfKin:
                EmploymentDetails:
                LinkedCustomers:
                AccountRelationships:
                IdType:
                Fatca: ASB.Selenium.DataModel.Customer.Fatca
                CitizenshipCountryCodes:
                CitizenshipCountryNames: System.Collections.Generic.List`1[System.String]
                ForeignTaxResidenceTypes:
                System.Collections.Generic.List`1[ASB.Selenium.DataModel.Customer.ForeignTaxResidenceTypes]
                OnboardingDetail: ASB.Selenium.DataModel.Customer.OnboardingDetail
                AddressVerificationStatus:
                IdVerificationStatus:
                PreferredIdType: Other
                IsProfileComplete: True
                DaysRemaining: 0
                OnboardingStatus:
                NewAccounts: System.Collections.Generic.List`1[ASB.Selenium.DataModel.Customer.Accounts]
                FailedAccounts: System.Collections.Generic.List`1[ASB.Selenium.DataModel.Customer.Accounts]
                OnboardingSource: JoinASB
                CustomerCreated:
                LoginCreated:
                RegisteredForNetcode:
                AccountsCreated:
                CustomerAccessToken:
                VerificationPassword: verbal123
                LoginDetail: ASB.Selenium.DataModel.Customer.Login
                CustomerType:
                Cif:
                Username: fhit21133
                UsernameApi:
                Password: Kiwi77nz&#57348;
                PublicKey:
                AcceptedTermsAndConditions:
                BackgroundCheckConsent:
                PreferredIdType:
                -&gt; done: SummaryPageSteps.WhenIConfirmDetailsOnTheSummaryPage() (3.0s)
                Then the Logging you in progress page is displayed
                -&gt; done: ConfirmationPageSteps.ThenTheLoggingYouInProgressPageIsDisplayed() (13.9s)
                And the Activation page is displayed
                12/6/2017 3:33:24 AMThenTheActivationPageIsDisplayed: IsActivationPageDisplayed STARTED
                12/6/2017 3:33:55 AMThenTheActivationPageIsDisplayed: IsActivationPageDisplayed DONE
                12/6/2017 3:33:55 AMThenTheActivationPageIsDisplayed: IsSectionDisplayed STARTED
                12/6/2017 3:34:25 AMThenTheActivationPageIsDisplayed: IsSectionDisplayed DONE
                -&gt; error: Timeout error: Activation page is NOT displayed!
                And the account number and product name is displayed for the selected products
                -&gt; skipped because of previous errors
            </system-out>
        </testcase>
        <testcase
                name="ACTSUM_10_VisaDebitSTPProfanityCheck(&quot;All name fields&quot;,&quot;ass&quot;,&quot;ass&quot;,&quot;ass&quot;,&quot;verbal123&quot;,&quot;true&quot;,System.String[])"
                assertions="12" time="147.096953" status="Failed"
                classname="Join.Form.Customer.Selenium.Features._08_ActivateSummaryFeature">

            <failure message="System.Exception : Timeout error: Activation page is NOT displayed!">at
                ASB.Test.Automation.Utils.Retry.Retry.Execute(Func`1 function, Int32 retryInterval, Int32 retryCount,
                String exceptionMessage)
                at Selenium.Steps.COB.ActivationSummary.ActivationSummarySteps.ThenTheActivationPageIsDisplayed()
                at TechTalk.SpecFlow.Bindings.BindingInvoker.InvokeBinding(IBinding binding, IContextManager
                contextManager, Object[] arguments, ITestTracer testTracer, TimeSpan&amp; duration)
                at TechTalk.SpecFlow.Infrastructure.TestExecutionEngine.ExecuteStepMatch(BindingMatch match, Object[]
                arguments)
                at TechTalk.SpecFlow.Infrastructure.TestExecutionEngine.ExecuteStep(StepInstance stepInstance)
                at TechTalk.SpecFlow.Infrastructure.TestExecutionEngine.OnAfterLastStep()
                at Join.Form.Customer.Selenium.Features._08_ActivateSummaryFeature.ScenarioCleanup()
                at
                Join.Form.Customer.Selenium.Features._08_ActivateSummaryFeature.ACTSUM_10_VisaDebitSTPProfanityCheck(String
                scenarioName, String firstname, String middlename, String lastname, String verbalPassword, String
                profanityFlag, String[] exampleTags)
            </failure>
            <system-out>Given I start my Streamline application
                Navigating to URL: https://webappisamdev.asbbank.co.nz/public/join/asb/?grcDisabled=true
                -&gt; done: CommonSteps.GivenIStartMyStreamlineApplication() (0.8s)
                Given I am in the Personal Details page
                12/6/2017 3:35:10 AMWaitForFeaturesPageLoad: Executing WaitForFrameAndSwitch
                12/6/2017 3:35:10 AMWaitForFeaturesPageLoad: Done executing WaitForFrameAndSwitch
                Unable to find product 'Savings On Call' in page or product 'Savings On Call' is not selected
                Unable to find product 'FastSaver' in page or product 'FastSaver' is not selected
                -&gt; done: PersonalDetailsSteps.GivenIAmInThePersonalDetailsPage() (13.1s)
                And I enter personal and login details Mr,ass,ass,ass,RANDOM,mark.masikip@asb.co.nz,021-RANDOM,New
                Zealand,Other,Kiwi77nz,verbal123,true
                Given I enter mandatory Tax Information for NZ citizen and clicks on Next button
                -&gt; done: AdditionalPersonalDetailsSteps.GivenIEnterMandatoryTaxInformationForNZCitizen() (0.6s)
                -&gt; done: PersonalDetailsSteps.GivenIEnterPersonalAndLoginDetails("Mr", "ass", "ass", "ass", "RANDOM",
                "mark.masikip@asb....", "021-RANDOM", "New Zealand", "Other", "Kiwi77nz", "verbal123", "true") (19.3s)
                When I confirm details on the Summary page
                UniqueId:
                Title: Mr
                FirstName: ass
                MiddleName: ass
                LastName: ass
                Email: mark.masikip@asb.co.nz
                Gender:
                DateOfBirth: 12/10/1987 12:00:00 AM
                DateCreated:
                LastReviewDate:
                Cals:
                IsIndividual:
                NzCitizen:
                NzResidence:
                HighValueCustomer:
                StaffMember:
                AmlVerified:
                VipCustomer:
                Addresses: System.Collections.Generic.List`1[ASB.Selenium.DataModel.Customer.Address]
                AddressInformation: ASB.Selenium.DataModel.Customer.AddressInformation
                CompanyName:
                CompanyType:
                CompanySubType:
                CustomerTypeCode:
                IrdNumber:
                TaxClass:
                TaxClassDate:
                IsNzTaxResident: True
                NonResidentCountryCode:
                IsForeignTaxResident: False
                ForeignTaxResidencyStatus:
                IsProfileEnhanced:
                Phones: System.Collections.Generic.List`1[ASB.Selenium.DataModel.Customer.Phone]
                NextOfKin:
                EmploymentDetails:
                LinkedCustomers:
                AccountRelationships:
                IdType:
                Fatca: ASB.Selenium.DataModel.Customer.Fatca
                CitizenshipCountryCodes:
                CitizenshipCountryNames: System.Collections.Generic.List`1[System.String]
                ForeignTaxResidenceTypes:
                System.Collections.Generic.List`1[ASB.Selenium.DataModel.Customer.ForeignTaxResidenceTypes]
                OnboardingDetail: ASB.Selenium.DataModel.Customer.OnboardingDetail
                AddressVerificationStatus:
                IdVerificationStatus:
                PreferredIdType: Other
                IsProfileComplete: True
                DaysRemaining: 0
                OnboardingStatus:
                NewAccounts: System.Collections.Generic.List`1[ASB.Selenium.DataModel.Customer.Accounts]
                FailedAccounts: System.Collections.Generic.List`1[ASB.Selenium.DataModel.Customer.Accounts]
                OnboardingSource: JoinASB
                CustomerCreated:
                LoginCreated:
                RegisteredForNetcode:
                AccountsCreated:
                CustomerAccessToken:
                VerificationPassword: verbal123
                LoginDetail: ASB.Selenium.DataModel.Customer.Login
                CustomerType:
                Cif:
                Username: nphu80658
                UsernameApi:
                Password: Kiwi77nz&#57348;
                PublicKey:
                AcceptedTermsAndConditions:
                BackgroundCheckConsent:
                PreferredIdType:
                -&gt; done: SummaryPageSteps.WhenIConfirmDetailsOnTheSummaryPage() (3.0s)
                Then the Logging you in progress page is displayed
                -&gt; done: ConfirmationPageSteps.ThenTheLoggingYouInProgressPageIsDisplayed() (15.0s)
                And the Activation page is displayed
                12/6/2017 3:35:52 AMThenTheActivationPageIsDisplayed: IsActivationPageDisplayed STARTED
                12/6/2017 3:36:22 AMThenTheActivationPageIsDisplayed: IsActivationPageDisplayed DONE
                12/6/2017 3:36:22 AMThenTheActivationPageIsDisplayed: IsSectionDisplayed STARTED
                12/6/2017 3:36:52 AMThenTheActivationPageIsDisplayed: IsSectionDisplayed DONE
                -&gt; error: Timeout error: Activation page is NOT displayed!
                And the account number and product name is displayed for the selected products
                -&gt; skipped because of previous errors
            </system-out>
        </testcase>
        <testcase
                name="ACTSUM_10_VisaDebitSTPProfanityCheck(&quot;Firstname Lastname&quot;,&quot;ass&quot;,&quot;RANDOM&quot;,&quot;ass&quot;,&quot;verbal123&quot;,&quot;true&quot;,System.String[])"
                assertions="12" time="151.480200" status="Failed"
                classname="Join.Form.Customer.Selenium.Features._08_ActivateSummaryFeature">

            <failure message="System.Exception : Timeout error: Activation page is NOT displayed!">at
                ASB.Test.Automation.Utils.Retry.Retry.Execute(Func`1 function, Int32 retryInterval, Int32 retryCount,
                String exceptionMessage)
                at Selenium.Steps.COB.ActivationSummary.ActivationSummarySteps.ThenTheActivationPageIsDisplayed()
                at TechTalk.SpecFlow.Bindings.BindingInvoker.InvokeBinding(IBinding binding, IContextManager
                contextManager, Object[] arguments, ITestTracer testTracer, TimeSpan&amp; duration)
                at TechTalk.SpecFlow.Infrastructure.TestExecutionEngine.ExecuteStepMatch(BindingMatch match, Object[]
                arguments)
                at TechTalk.SpecFlow.Infrastructure.TestExecutionEngine.ExecuteStep(StepInstance stepInstance)
                at TechTalk.SpecFlow.Infrastructure.TestExecutionEngine.OnAfterLastStep()
                at Join.Form.Customer.Selenium.Features._08_ActivateSummaryFeature.ScenarioCleanup()
                at
                Join.Form.Customer.Selenium.Features._08_ActivateSummaryFeature.ACTSUM_10_VisaDebitSTPProfanityCheck(String
                scenarioName, String firstname, String middlename, String lastname, String verbalPassword, String
                profanityFlag, String[] exampleTags)
            </failure>
            <system-out>Given I start my Streamline application
                Navigating to URL: https://webappisamdev.asbbank.co.nz/public/join/asb/?grcDisabled=true
                -&gt; done: CommonSteps.GivenIStartMyStreamlineApplication() (0.7s)
                Given I am in the Personal Details page
                12/6/2017 3:37:37 AMWaitForFeaturesPageLoad: Executing WaitForFrameAndSwitch
                12/6/2017 3:37:37 AMWaitForFeaturesPageLoad: Done executing WaitForFrameAndSwitch
                Unable to find product 'Savings On Call' in page or product 'Savings On Call' is not selected
                Unable to find product 'FastSaver' in page or product 'FastSaver' is not selected
                -&gt; done: PersonalDetailsSteps.GivenIAmInThePersonalDetailsPage() (13.1s)
                And I enter personal and login details Mr,ass,RANDOM,ass,RANDOM,mark.masikip@asb.co.nz,021-RANDOM,New
                Zealand,Other,Kiwi77nz,verbal123,true
                Given I enter mandatory Tax Information for NZ citizen and clicks on Next button
                -&gt; done: AdditionalPersonalDetailsSteps.GivenIEnterMandatoryTaxInformationForNZCitizen() (0.5s)
                -&gt; done: PersonalDetailsSteps.GivenIEnterPersonalAndLoginDetails("Mr", "ass", "RANDOM", "ass",
                "RANDOM", "mark.masikip@asb....", "021-RANDOM", "New Zealand", "Other", "Kiwi77nz", "verbal123", "true")
                (22.2s)
                When I confirm details on the Summary page
                UniqueId:
                Title: Mr
                FirstName: ass
                MiddleName: RANDOM
                LastName: ass
                Email: mark.masikip@asb.co.nz
                Gender:
                DateOfBirth: 7/8/1944 12:00:00 AM
                DateCreated:
                LastReviewDate:
                Cals:
                IsIndividual:
                NzCitizen:
                NzResidence:
                HighValueCustomer:
                StaffMember:
                AmlVerified:
                VipCustomer:
                Addresses: System.Collections.Generic.List`1[ASB.Selenium.DataModel.Customer.Address]
                AddressInformation: ASB.Selenium.DataModel.Customer.AddressInformation
                CompanyName:
                CompanyType:
                CompanySubType:
                CustomerTypeCode:
                IrdNumber:
                TaxClass:
                TaxClassDate:
                IsNzTaxResident: True
                NonResidentCountryCode:
                IsForeignTaxResident: False
                ForeignTaxResidencyStatus:
                IsProfileEnhanced:
                Phones: System.Collections.Generic.List`1[ASB.Selenium.DataModel.Customer.Phone]
                NextOfKin:
                EmploymentDetails:
                LinkedCustomers:
                AccountRelationships:
                IdType:
                Fatca: ASB.Selenium.DataModel.Customer.Fatca
                CitizenshipCountryCodes:
                CitizenshipCountryNames: System.Collections.Generic.List`1[System.String]
                ForeignTaxResidenceTypes:
                System.Collections.Generic.List`1[ASB.Selenium.DataModel.Customer.ForeignTaxResidenceTypes]
                OnboardingDetail: ASB.Selenium.DataModel.Customer.OnboardingDetail
                AddressVerificationStatus:
                IdVerificationStatus:
                PreferredIdType: Other
                IsProfileComplete: True
                DaysRemaining: 0
                OnboardingStatus:
                NewAccounts: System.Collections.Generic.List`1[ASB.Selenium.DataModel.Customer.Accounts]
                FailedAccounts: System.Collections.Generic.List`1[ASB.Selenium.DataModel.Customer.Accounts]
                OnboardingSource: JoinASB
                CustomerCreated:
                LoginCreated:
                RegisteredForNetcode:
                AccountsCreated:
                CustomerAccessToken:
                VerificationPassword: verbal123
                LoginDetail: ASB.Selenium.DataModel.Customer.Login
                CustomerType:
                Cif:
                Username: kthi62867
                UsernameApi:
                Password: Kiwi77nz&#57348;
                PublicKey:
                AcceptedTermsAndConditions:
                BackgroundCheckConsent:
                PreferredIdType:
                -&gt; done: SummaryPageSteps.WhenIConfirmDetailsOnTheSummaryPage() (2.9s)
                Then the Logging you in progress page is displayed
                -&gt; done: ConfirmationPageSteps.ThenTheLoggingYouInProgressPageIsDisplayed() (16.8s)
                And the Activation page is displayed
                12/6/2017 3:38:23 AMThenTheActivationPageIsDisplayed: IsActivationPageDisplayed STARTED
                12/6/2017 3:38:53 AMThenTheActivationPageIsDisplayed: IsActivationPageDisplayed DONE
                12/6/2017 3:38:53 AMThenTheActivationPageIsDisplayed: IsSectionDisplayed STARTED
                12/6/2017 3:39:24 AMThenTheActivationPageIsDisplayed: IsSectionDisplayed DONE
                -&gt; error: Timeout error: Activation page is NOT displayed!
                And the account number and product name is displayed for the selected products
                -&gt; skipped because of previous errors
            </system-out>
        </testcase>
        <testcase
                name="ACTSUM_10_VisaDebitSTPProfanityCheck(&quot;MatchWord&quot;,&quot;ass&quot;,&quot;ass&quot;,&quot;ass&quot;,&quot;verbal123&quot;,&quot;true&quot;,System.String[])"
                assertions="12" time="150.555762" status="Failed"
                classname="Join.Form.Customer.Selenium.Features._08_ActivateSummaryFeature">

            <failure message="System.Exception : Timeout error: Activation page is NOT displayed!">at
                ASB.Test.Automation.Utils.Retry.Retry.Execute(Func`1 function, Int32 retryInterval, Int32 retryCount,
                String exceptionMessage)
                at Selenium.Steps.COB.ActivationSummary.ActivationSummarySteps.ThenTheActivationPageIsDisplayed()
                at TechTalk.SpecFlow.Bindings.BindingInvoker.InvokeBinding(IBinding binding, IContextManager
                contextManager, Object[] arguments, ITestTracer testTracer, TimeSpan&amp; duration)
                at TechTalk.SpecFlow.Infrastructure.TestExecutionEngine.ExecuteStepMatch(BindingMatch match, Object[]
                arguments)
                at TechTalk.SpecFlow.Infrastructure.TestExecutionEngine.ExecuteStep(StepInstance stepInstance)
                at TechTalk.SpecFlow.Infrastructure.TestExecutionEngine.OnAfterLastStep()
                at Join.Form.Customer.Selenium.Features._08_ActivateSummaryFeature.ScenarioCleanup()
                at
                Join.Form.Customer.Selenium.Features._08_ActivateSummaryFeature.ACTSUM_10_VisaDebitSTPProfanityCheck(String
                scenarioName, String firstname, String middlename, String lastname, String verbalPassword, String
                profanityFlag, String[] exampleTags)
            </failure>
            <system-out>Given I start my Streamline application
                Navigating to URL: https://webappisamdev.asbbank.co.nz/public/join/asb/?grcDisabled=true
                -&gt; done: CommonSteps.GivenIStartMyStreamlineApplication() (0.6s)
                Given I am in the Personal Details page
                12/6/2017 3:40:08 AMWaitForFeaturesPageLoad: Executing WaitForFrameAndSwitch
                12/6/2017 3:40:08 AMWaitForFeaturesPageLoad: Done executing WaitForFrameAndSwitch
                Unable to find product 'Savings On Call' in page or product 'Savings On Call' is not selected
                Unable to find product 'FastSaver' in page or product 'FastSaver' is not selected
                -&gt; done: PersonalDetailsSteps.GivenIAmInThePersonalDetailsPage() (13.1s)
                And I enter personal and login details Mr,ass,ass,ass,RANDOM,mark.masikip@asb.co.nz,021-RANDOM,New
                Zealand,Other,Kiwi77nz,verbal123,true
                Given I enter mandatory Tax Information for NZ citizen and clicks on Next button
                -&gt; done: AdditionalPersonalDetailsSteps.GivenIEnterMandatoryTaxInformationForNZCitizen() (0.5s)
                -&gt; done: PersonalDetailsSteps.GivenIEnterPersonalAndLoginDetails("Mr", "ass", "ass", "ass", "RANDOM",
                "mark.masikip@asb....", "021-RANDOM", "New Zealand", "Other", "Kiwi77nz", "verbal123", "true") (21.9s)
                When I confirm details on the Summary page
                UniqueId:
                Title: Mr
                FirstName: ass
                MiddleName: ass
                LastName: ass
                Email: mark.masikip@asb.co.nz
                Gender:
                DateOfBirth: 2/11/1954 12:00:00 AM
                DateCreated:
                LastReviewDate:
                Cals:
                IsIndividual:
                NzCitizen:
                NzResidence:
                HighValueCustomer:
                StaffMember:
                AmlVerified:
                VipCustomer:
                Addresses: System.Collections.Generic.List`1[ASB.Selenium.DataModel.Customer.Address]
                AddressInformation: ASB.Selenium.DataModel.Customer.AddressInformation
                CompanyName:
                CompanyType:
                CompanySubType:
                CustomerTypeCode:
                IrdNumber:
                TaxClass:
                TaxClassDate:
                IsNzTaxResident: True
                NonResidentCountryCode:
                IsForeignTaxResident: False
                ForeignTaxResidencyStatus:
                IsProfileEnhanced:
                Phones: System.Collections.Generic.List`1[ASB.Selenium.DataModel.Customer.Phone]
                NextOfKin:
                EmploymentDetails:
                LinkedCustomers:
                AccountRelationships:
                IdType:
                Fatca: ASB.Selenium.DataModel.Customer.Fatca
                CitizenshipCountryCodes:
                CitizenshipCountryNames: System.Collections.Generic.List`1[System.String]
                ForeignTaxResidenceTypes:
                System.Collections.Generic.List`1[ASB.Selenium.DataModel.Customer.ForeignTaxResidenceTypes]
                OnboardingDetail: ASB.Selenium.DataModel.Customer.OnboardingDetail
                AddressVerificationStatus:
                IdVerificationStatus:
                PreferredIdType: Other
                IsProfileComplete: True
                DaysRemaining: 0
                OnboardingStatus:
                NewAccounts: System.Collections.Generic.List`1[ASB.Selenium.DataModel.Customer.Accounts]
                FailedAccounts: System.Collections.Generic.List`1[ASB.Selenium.DataModel.Customer.Accounts]
                OnboardingSource: JoinASB
                CustomerCreated:
                LoginCreated:
                RegisteredForNetcode:
                AccountsCreated:
                CustomerAccessToken:
                VerificationPassword: verbal123
                LoginDetail: ASB.Selenium.DataModel.Customer.Login
                CustomerType:
                Cif:
                Username: ahat09784
                UsernameApi:
                Password: Kiwi77nz&#57348;
                PublicKey:
                AcceptedTermsAndConditions:
                BackgroundCheckConsent:
                PreferredIdType:
                -&gt; done: SummaryPageSteps.WhenIConfirmDetailsOnTheSummaryPage() (2.8s)
                Then the Logging you in progress page is displayed
                -&gt; done: ConfirmationPageSteps.ThenTheLoggingYouInProgressPageIsDisplayed() (16.2s)
                And the Activation page is displayed
                12/6/2017 3:40:54 AMThenTheActivationPageIsDisplayed: IsActivationPageDisplayed STARTED
                12/6/2017 3:41:24 AMThenTheActivationPageIsDisplayed: IsActivationPageDisplayed DONE
                12/6/2017 3:41:24 AMThenTheActivationPageIsDisplayed: IsSectionDisplayed STARTED
                12/6/2017 3:41:54 AMThenTheActivationPageIsDisplayed: IsSectionDisplayed DONE
                -&gt; error: Timeout error: Activation page is NOT displayed!
                And the account number and product name is displayed for the selected products
                -&gt; skipped because of previous errors
            </system-out>
        </testcase>
        <testcase
                name="ACTSUM_10_VisaDebitSTPProfanityCheck(&quot;Username&quot;,&quot;ass&quot;,&quot;RANDOM&quot;,&quot;ass&quot;,&quot;verbal123&quot;,&quot;false&quot;,System.String[])"
                assertions="12" time="157.736494" status="Failed"
                classname="Join.Form.Customer.Selenium.Features._08_ActivateSummaryFeature">

            <failure message="System.Exception : Timeout error: Activation page is NOT displayed!">at
                ASB.Test.Automation.Utils.Retry.Retry.Execute(Func`1 function, Int32 retryInterval, Int32 retryCount,
                String exceptionMessage)
                at Selenium.Steps.COB.ActivationSummary.ActivationSummarySteps.ThenTheActivationPageIsDisplayed()
                at TechTalk.SpecFlow.Bindings.BindingInvoker.InvokeBinding(IBinding binding, IContextManager
                contextManager, Object[] arguments, ITestTracer testTracer, TimeSpan&amp; duration)
                at TechTalk.SpecFlow.Infrastructure.TestExecutionEngine.ExecuteStepMatch(BindingMatch match, Object[]
                arguments)
                at TechTalk.SpecFlow.Infrastructure.TestExecutionEngine.ExecuteStep(StepInstance stepInstance)
                at TechTalk.SpecFlow.Infrastructure.TestExecutionEngine.OnAfterLastStep()
                at Join.Form.Customer.Selenium.Features._08_ActivateSummaryFeature.ScenarioCleanup()
                at
                Join.Form.Customer.Selenium.Features._08_ActivateSummaryFeature.ACTSUM_10_VisaDebitSTPProfanityCheck(String
                scenarioName, String firstname, String middlename, String lastname, String verbalPassword, String
                profanityFlag, String[] exampleTags)
            </failure>
            <system-out>Given I start my Streamline application
                Navigating to URL: https://webappisamdev.asbbank.co.nz/public/join/asb/?grcDisabled=true
                -&gt; done: CommonSteps.GivenIStartMyStreamlineApplication() (1.0s)
                Given I am in the Personal Details page
                12/6/2017 3:42:39 AMWaitForFeaturesPageLoad: Executing WaitForFrameAndSwitch
                12/6/2017 3:42:39 AMWaitForFeaturesPageLoad: Done executing WaitForFrameAndSwitch
                Unable to find product 'Savings On Call' in page or product 'Savings On Call' is not selected
                Unable to find product 'FastSaver' in page or product 'FastSaver' is not selected
                -&gt; done: PersonalDetailsSteps.GivenIAmInThePersonalDetailsPage() (13.1s)
                And I enter personal and login details Mr,ass,RANDOM,ass,RANDOM,mark.masikip@asb.co.nz,021-RANDOM,New
                Zealand,Other,Kiwi77nz,verbal123,false
                Given I enter mandatory Tax Information for NZ citizen and clicks on Next button
                -&gt; done: AdditionalPersonalDetailsSteps.GivenIEnterMandatoryTaxInformationForNZCitizen() (0.5s)
                -&gt; done: PersonalDetailsSteps.GivenIEnterPersonalAndLoginDetails("Mr", "ass", "RANDOM", "ass",
                "RANDOM", "mark.masikip@asb....", "021-RANDOM", "New Zealand", "Other", "Kiwi77nz", "verbal123",
                "false") (27.7s)
                When I confirm details on the Summary page
                UniqueId:
                Title: Mr
                FirstName: ass
                MiddleName: COB-nZCUb
                LastName: ass
                Email: mark.masikip@asb.co.nz
                Gender:
                DateOfBirth: 5/28/1969 12:00:00 AM
                DateCreated:
                LastReviewDate:
                Cals:
                IsIndividual:
                NzCitizen:
                NzResidence:
                HighValueCustomer:
                StaffMember:
                AmlVerified:
                VipCustomer:
                Addresses: System.Collections.Generic.List`1[ASB.Selenium.DataModel.Customer.Address]
                AddressInformation: ASB.Selenium.DataModel.Customer.AddressInformation
                CompanyName:
                CompanyType:
                CompanySubType:
                CustomerTypeCode:
                IrdNumber:
                TaxClass:
                TaxClassDate:
                IsNzTaxResident: True
                NonResidentCountryCode:
                IsForeignTaxResident: False
                ForeignTaxResidencyStatus:
                IsProfileEnhanced:
                Phones: System.Collections.Generic.List`1[ASB.Selenium.DataModel.Customer.Phone]
                NextOfKin:
                EmploymentDetails:
                LinkedCustomers:
                AccountRelationships:
                IdType:
                Fatca: ASB.Selenium.DataModel.Customer.Fatca
                CitizenshipCountryCodes:
                CitizenshipCountryNames: System.Collections.Generic.List`1[System.String]
                ForeignTaxResidenceTypes:
                System.Collections.Generic.List`1[ASB.Selenium.DataModel.Customer.ForeignTaxResidenceTypes]
                OnboardingDetail: ASB.Selenium.DataModel.Customer.OnboardingDetail
                AddressVerificationStatus:
                IdVerificationStatus:
                PreferredIdType: Other
                IsProfileComplete: True
                DaysRemaining: 0
                OnboardingStatus:
                NewAccounts: System.Collections.Generic.List`1[ASB.Selenium.DataModel.Customer.Accounts]
                FailedAccounts: System.Collections.Generic.List`1[ASB.Selenium.DataModel.Customer.Accounts]
                OnboardingSource: JoinASB
                CustomerCreated:
                LoginCreated:
                RegisteredForNetcode:
                AccountsCreated:
                CustomerAccessToken:
                VerificationPassword: verbal123
                LoginDetail: ASB.Selenium.DataModel.Customer.Login
                CustomerType:
                Cif:
                Username: shi27168
                UsernameApi:
                Password: Kiwi77nz&#57348;
                PublicKey:
                AcceptedTermsAndConditions:
                BackgroundCheckConsent:
                PreferredIdType:
                -&gt; done: SummaryPageSteps.WhenIConfirmDetailsOnTheSummaryPage() (3.0s)
                Then the Logging you in progress page is displayed
                -&gt; done: ConfirmationPageSteps.ThenTheLoggingYouInProgressPageIsDisplayed() (17.0s)
                And the Activation page is displayed
                12/6/2017 3:43:31 AMThenTheActivationPageIsDisplayed: IsActivationPageDisplayed STARTED
                12/6/2017 3:44:02 AMThenTheActivationPageIsDisplayed: IsActivationPageDisplayed DONE
                12/6/2017 3:44:02 AMThenTheActivationPageIsDisplayed: IsSectionDisplayed STARTED
                12/6/2017 3:44:32 AMThenTheActivationPageIsDisplayed: IsSectionDisplayed DONE
                -&gt; error: Timeout error: Activation page is NOT displayed!
                And the account number and product name is displayed for the selected products
                -&gt; skipped because of previous errors
            </system-out>
        </testcase>
        <testcase
                name="ACTSUM_10_VisaDebitSTPProfanityCheck(&quot;Verbal Password&quot;,&quot;RANDOM&quot;,&quot;RANDOM&quot;,&quot;RANDOM&quot;,&quot;ass&quot;,&quot;false&quot;,System.String[])"
                assertions="12" time="149.531402" status="Failed"
                classname="Join.Form.Customer.Selenium.Features._08_ActivateSummaryFeature">

            <failure message="System.Exception : Timeout error: Activation page is NOT displayed!">at
                ASB.Test.Automation.Utils.Retry.Retry.Execute(Func`1 function, Int32 retryInterval, Int32 retryCount,
                String exceptionMessage)
                at Selenium.Steps.COB.ActivationSummary.ActivationSummarySteps.ThenTheActivationPageIsDisplayed()
                at TechTalk.SpecFlow.Bindings.BindingInvoker.InvokeBinding(IBinding binding, IContextManager
                contextManager, Object[] arguments, ITestTracer testTracer, TimeSpan&amp; duration)
                at TechTalk.SpecFlow.Infrastructure.TestExecutionEngine.ExecuteStepMatch(BindingMatch match, Object[]
                arguments)
                at TechTalk.SpecFlow.Infrastructure.TestExecutionEngine.ExecuteStep(StepInstance stepInstance)
                at TechTalk.SpecFlow.Infrastructure.TestExecutionEngine.OnAfterLastStep()
                at Join.Form.Customer.Selenium.Features._08_ActivateSummaryFeature.ScenarioCleanup()
                at
                Join.Form.Customer.Selenium.Features._08_ActivateSummaryFeature.ACTSUM_10_VisaDebitSTPProfanityCheck(String
                scenarioName, String firstname, String middlename, String lastname, String verbalPassword, String
                profanityFlag, String[] exampleTags)
            </failure>
            <system-out>Given I start my Streamline application
                Navigating to URL: https://webappisamdev.asbbank.co.nz/public/join/asb/?grcDisabled=true
                -&gt; done: CommonSteps.GivenIStartMyStreamlineApplication() (0.6s)
                Given I am in the Personal Details page
                12/6/2017 3:45:17 AMWaitForFeaturesPageLoad: Executing WaitForFrameAndSwitch
                12/6/2017 3:45:17 AMWaitForFeaturesPageLoad: Done executing WaitForFrameAndSwitch
                Unable to find product 'Savings On Call' in page or product 'Savings On Call' is not selected
                Unable to find product 'FastSaver' in page or product 'FastSaver' is not selected
                -&gt; done: PersonalDetailsSteps.GivenIAmInThePersonalDetailsPage() (13.2s)
                And I enter personal and login details
                Mr,RANDOM,RANDOM,RANDOM,RANDOM,mark.masikip@asb.co.nz,021-RANDOM,New Zealand,Other,Kiwi77nz,ass,false
                Given I enter mandatory Tax Information for NZ citizen and clicks on Next button
                -&gt; done: AdditionalPersonalDetailsSteps.GivenIEnterMandatoryTaxInformationForNZCitizen() (1.0s)
                -&gt; done: PersonalDetailsSteps.GivenIEnterPersonalAndLoginDetails("Mr", "RANDOM", "RANDOM", "RANDOM",
                "RANDOM", "mark.masikip@asb....", "021-RANDOM", "New Zealand", "Other", "Kiwi77nz", "ass", "false")
                (20.9s)
                When I confirm details on the Summary page
                UniqueId:
                Title: Mr
                FirstName: COB-CaOQm
                MiddleName: COB-yXYPu
                LastName: COB-RduCh
                Email: mark.masikip@asb.co.nz
                Gender:
                DateOfBirth: 8/3/1974 12:00:00 AM
                DateCreated:
                LastReviewDate:
                Cals:
                IsIndividual:
                NzCitizen:
                NzResidence:
                HighValueCustomer:
                StaffMember:
                AmlVerified:
                VipCustomer:
                Addresses: System.Collections.Generic.List`1[ASB.Selenium.DataModel.Customer.Address]
                AddressInformation: ASB.Selenium.DataModel.Customer.AddressInformation
                CompanyName:
                CompanyType:
                CompanySubType:
                CustomerTypeCode:
                IrdNumber:
                TaxClass:
                TaxClassDate:
                IsNzTaxResident: True
                NonResidentCountryCode:
                IsForeignTaxResident: False
                ForeignTaxResidencyStatus:
                IsProfileEnhanced:
                Phones: System.Collections.Generic.List`1[ASB.Selenium.DataModel.Customer.Phone]
                NextOfKin:
                EmploymentDetails:
                LinkedCustomers:
                AccountRelationships:
                IdType:
                Fatca: ASB.Selenium.DataModel.Customer.Fatca
                CitizenshipCountryCodes:
                CitizenshipCountryNames: System.Collections.Generic.List`1[System.String]
                ForeignTaxResidenceTypes:
                System.Collections.Generic.List`1[ASB.Selenium.DataModel.Customer.ForeignTaxResidenceTypes]
                OnboardingDetail: ASB.Selenium.DataModel.Customer.OnboardingDetail
                AddressVerificationStatus:
                IdVerificationStatus:
                PreferredIdType: Other
                IsProfileComplete: True
                DaysRemaining: 0
                OnboardingStatus:
                NewAccounts: System.Collections.Generic.List`1[ASB.Selenium.DataModel.Customer.Accounts]
                FailedAccounts: System.Collections.Generic.List`1[ASB.Selenium.DataModel.Customer.Accounts]
                OnboardingSource: JoinASB
                CustomerCreated:
                LoginCreated:
                RegisteredForNetcode:
                AccountsCreated:
                CustomerAccessToken:
                VerificationPassword: ass
                LoginDetail: ASB.Selenium.DataModel.Customer.Login
                CustomerType:
                Cif:
                Username: ccob08020
                UsernameApi:
                Password: Kiwi77nz&#57348;
                PublicKey:
                AcceptedTermsAndConditions:
                BackgroundCheckConsent:
                PreferredIdType:
                -&gt; done: SummaryPageSteps.WhenIConfirmDetailsOnTheSummaryPage() (3.0s)
                Then the Logging you in progress page is displayed
                -&gt; done: ConfirmationPageSteps.ThenTheLoggingYouInProgressPageIsDisplayed() (16.1s)
                And the Activation page is displayed
                12/6/2017 3:46:01 AMThenTheActivationPageIsDisplayed: IsActivationPageDisplayed STARTED
                12/6/2017 3:46:31 AMThenTheActivationPageIsDisplayed: IsActivationPageDisplayed DONE
                12/6/2017 3:46:31 AMThenTheActivationPageIsDisplayed: IsSectionDisplayed STARTED
                12/6/2017 3:47:02 AMThenTheActivationPageIsDisplayed: IsSectionDisplayed DONE
                -&gt; error: Timeout error: Activation page is NOT displayed!
                And the account number and product name is displayed for the selected products
                -&gt; skipped because of previous errors
            </system-out>
        </testcase>
    </testsuite>
    <testsuite tests="5" time="779.319144" errors="0" failures="5" skipped="0" timestamp="2017-12-05 14:47:35Z"
               name="Join.Form.Customer.Selenium.dll.Join.Form.Customer.Selenium.Features._08_ActivateSummaryFeature.ACTSUM_11_SetAndUpdatePreferredID.">
        <testcase
                name="ACTSUM_11_SetAndUpdatePreferredID(&quot;Streamline and Visa Debit&quot;,&quot;Streamline intro,ASB Visa Debit Streamline Intro&quot;,&quot;Mr&quot;,&quot;RANDOM&quot;,&quot;&quot;,&quot;RANDOM&quot;,&quot;Other&quot;,&quot;New Zealand Driver's Licence&quot;,System.String[])"
                assertions="11" time="153.234100" status="Failed"
                classname="Join.Form.Customer.Selenium.Features._08_ActivateSummaryFeature">

            <failure message="System.Exception : Timeout error: Activation page is NOT displayed!">at
                ASB.Test.Automation.Utils.Retry.Retry.Execute(Func`1 function, Int32 retryInterval, Int32 retryCount,
                String exceptionMessage)
                at Selenium.Steps.COB.ActivationSummary.ActivationSummarySteps.ThenTheActivationPageIsDisplayed()
                at TechTalk.SpecFlow.Bindings.BindingInvoker.InvokeBinding(IBinding binding, IContextManager
                contextManager, Object[] arguments, ITestTracer testTracer, TimeSpan&amp; duration)
                at TechTalk.SpecFlow.Infrastructure.TestExecutionEngine.ExecuteStepMatch(BindingMatch match, Object[]
                arguments)
                at TechTalk.SpecFlow.Infrastructure.TestExecutionEngine.ExecuteStep(StepInstance stepInstance)
                at TechTalk.SpecFlow.Infrastructure.TestExecutionEngine.OnAfterLastStep()
                at Join.Form.Customer.Selenium.Features._08_ActivateSummaryFeature.ScenarioCleanup()
                at
                Join.Form.Customer.Selenium.Features._08_ActivateSummaryFeature.ACTSUM_11_SetAndUpdatePreferredID(String
                scenarioName, String products, String title, String firstname, String middlename, String lastname,
                String preferredid, String newpreferredid, String[] exampleTags)
            </failure>
            <system-out>Given I start my Streamline application
                Navigating to URL: https://webappisamdev.asbbank.co.nz/public/join/asb/?grcDisabled=true
                -&gt; done: CommonSteps.GivenIStartMyStreamlineApplication() (0.6s)
                Given I select the following products: 'Streamline intro,ASB Visa Debit Streamline Intro'
                12/6/2017 3:47:46 AMWaitForFeaturesPageLoad: Executing WaitForFrameAndSwitch
                12/6/2017 3:47:46 AMWaitForFeaturesPageLoad: Done executing WaitForFrameAndSwitch
                Unable to find product 'FastSaver' in page or product 'FastSaver' is not selected
                Unable to find product 'Savings On Call' in page or product 'Savings On Call' is not selected
                Unable to find product 'Savings On Call' in page or product 'Savings On Call' is not selected
                Unable to find product 'FastSaver' in page or product 'FastSaver' is not selected
                -&gt; done: ProductsPageSteps.WhenIChangeMySelectedProductsTo("Streamline intro,...") (15.0s)
                And I enter personal and login details Mr,RANDOM,,RANDOM,RANDOM,mark.masikip@asb.co.nz,021-RANDOM,New
                Zealand,Other,Kiwi77nz,verbal123,false
                Given I enter mandatory Tax Information for NZ citizen and clicks on Next button
                -&gt; done: AdditionalPersonalDetailsSteps.GivenIEnterMandatoryTaxInformationForNZCitizen() (0.5s)
                -&gt; done: PersonalDetailsSteps.GivenIEnterPersonalAndLoginDetails("Mr", "RANDOM", "", "RANDOM",
                "RANDOM", "mark.masikip@asb....", "021-RANDOM", "New Zealand", "Other", "Kiwi77nz", "verbal123",
                "false") (22.2s)
                When I confirm details on the Summary page
                UniqueId:
                Title: Mr
                FirstName: COB-mXiVz
                MiddleName:
                LastName: COB-YlxOF
                Email: mark.masikip@asb.co.nz
                Gender:
                DateOfBirth: 12/1/1928 12:00:00 AM
                DateCreated:
                LastReviewDate:
                Cals:
                IsIndividual:
                NzCitizen:
                NzResidence:
                HighValueCustomer:
                StaffMember:
                AmlVerified:
                VipCustomer:
                Addresses: System.Collections.Generic.List`1[ASB.Selenium.DataModel.Customer.Address]
                AddressInformation: ASB.Selenium.DataModel.Customer.AddressInformation
                CompanyName:
                CompanyType:
                CompanySubType:
                CustomerTypeCode:
                IrdNumber:
                TaxClass:
                TaxClassDate:
                IsNzTaxResident: True
                NonResidentCountryCode:
                IsForeignTaxResident: False
                ForeignTaxResidencyStatus:
                IsProfileEnhanced:
                Phones: System.Collections.Generic.List`1[ASB.Selenium.DataModel.Customer.Phone]
                NextOfKin:
                EmploymentDetails:
                LinkedCustomers:
                AccountRelationships:
                IdType:
                Fatca: ASB.Selenium.DataModel.Customer.Fatca
                CitizenshipCountryCodes:
                CitizenshipCountryNames: System.Collections.Generic.List`1[System.String]
                ForeignTaxResidenceTypes:
                System.Collections.Generic.List`1[ASB.Selenium.DataModel.Customer.ForeignTaxResidenceTypes]
                OnboardingDetail: ASB.Selenium.DataModel.Customer.OnboardingDetail
                AddressVerificationStatus:
                IdVerificationStatus:
                PreferredIdType: Other
                IsProfileComplete: True
                DaysRemaining: 0
                OnboardingStatus:
                NewAccounts: System.Collections.Generic.List`1[ASB.Selenium.DataModel.Customer.Accounts]
                FailedAccounts: System.Collections.Generic.List`1[ASB.Selenium.DataModel.Customer.Accounts]
                OnboardingSource: JoinASB
                CustomerCreated:
                LoginCreated:
                RegisteredForNetcode:
                AccountsCreated:
                CustomerAccessToken:
                VerificationPassword: verbal123
                LoginDetail: ASB.Selenium.DataModel.Customer.Login
                CustomerType:
                Cif:
                Username: ccob82607
                UsernameApi:
                Password: Kiwi77nz&#57348;
                PublicKey:
                AcceptedTermsAndConditions:
                BackgroundCheckConsent:
                PreferredIdType:
                -&gt; done: SummaryPageSteps.WhenIConfirmDetailsOnTheSummaryPage() (2.9s)
                Then the Logging you in progress page is displayed
                -&gt; done: ConfirmationPageSteps.ThenTheLoggingYouInProgressPageIsDisplayed() (16.6s)
                And the Activation page is displayed
                12/6/2017 3:48:34 AMThenTheActivationPageIsDisplayed: IsActivationPageDisplayed STARTED
                12/6/2017 3:49:05 AMThenTheActivationPageIsDisplayed: IsActivationPageDisplayed DONE
                12/6/2017 3:49:05 AMThenTheActivationPageIsDisplayed: IsSectionDisplayed STARTED
                12/6/2017 3:49:35 AMThenTheActivationPageIsDisplayed: IsSectionDisplayed DONE
                -&gt; error: Timeout error: Activation page is NOT displayed!
                And the Confirm Identity section is displayed
                -&gt; skipped because of previous errors
                And the Selected Id is set to 'Other'
                -&gt; skipped because of previous errors
                When I select 'New Zealand Driver's Licence' in the 'Photo ID' dropdown
                -&gt; skipped because of previous errors
                Then the Confirm Identity section is displayed
                -&gt; skipped because of previous errors
                And the Selected Id is set to 'New Zealand Driver's Licence'
                -&gt; skipped because of previous errors
                And the See a complete list of acceptable documents text is displayed conditionally
                -&gt; skipped because of previous errors
                And the Find a branch button is displayed conditionally
                -&gt; skipped because of previous errors
                And the TXT me a download link button is displayed conditionally
                -&gt; skipped because of previous errors
            </system-out>
        </testcase>
        <testcase
                name="ACTSUM_11_SetAndUpdatePreferredID(&quot;All products&quot;,&quot;Streamline intro,ASB Visa Debit Streamline Intro,Savings On Call,FastSaver&quot;,&quot;Ms&quot;,&quot;RANDOM&quot;,&quot;RANDOM&quot;,&quot;RANDOM&quot;,&quot;Overseas Passport&quot;,&quot;New Zealand Passport&quot;,System.String[])"
                assertions="11" time="157.654254" status="Failed"
                classname="Join.Form.Customer.Selenium.Features._08_ActivateSummaryFeature">

            <failure message="System.Exception : Timeout error: Activation page is NOT displayed!">at
                ASB.Test.Automation.Utils.Retry.Retry.Execute(Func`1 function, Int32 retryInterval, Int32 retryCount,
                String exceptionMessage)
                at Selenium.Steps.COB.ActivationSummary.ActivationSummarySteps.ThenTheActivationPageIsDisplayed()
                at TechTalk.SpecFlow.Bindings.BindingInvoker.InvokeBinding(IBinding binding, IContextManager
                contextManager, Object[] arguments, ITestTracer testTracer, TimeSpan&amp; duration)
                at TechTalk.SpecFlow.Infrastructure.TestExecutionEngine.ExecuteStepMatch(BindingMatch match, Object[]
                arguments)
                at TechTalk.SpecFlow.Infrastructure.TestExecutionEngine.ExecuteStep(StepInstance stepInstance)
                at TechTalk.SpecFlow.Infrastructure.TestExecutionEngine.OnAfterLastStep()
                at Join.Form.Customer.Selenium.Features._08_ActivateSummaryFeature.ScenarioCleanup()
                at
                Join.Form.Customer.Selenium.Features._08_ActivateSummaryFeature.ACTSUM_11_SetAndUpdatePreferredID(String
                scenarioName, String products, String title, String firstname, String middlename, String lastname,
                String preferredid, String newpreferredid, String[] exampleTags)
            </failure>
            <system-out>Given I start my Streamline application
                Navigating to URL: https://webappisamdev.asbbank.co.nz/public/join/asb/?grcDisabled=true
                -&gt; done: CommonSteps.GivenIStartMyStreamlineApplication() (0.6s)
                Given I select the following products: 'Streamline intro,ASB Visa Debit Streamline Intro,Savings On
                Call,FastSaver'
                12/6/2017 3:50:19 AMWaitForFeaturesPageLoad: Executing WaitForFrameAndSwitch
                12/6/2017 3:50:19 AMWaitForFeaturesPageLoad: Done executing WaitForFrameAndSwitch
                Unable to find product 'Savings On Call' in page or product 'Savings On Call' is not selected
                Unable to find product 'FastSaver' in page or product 'FastSaver' is not selected
                -&gt; done: ProductsPageSteps.WhenIChangeMySelectedProductsTo("Streamline intro,...") (19.2s)
                And I enter personal and login details
                Ms,RANDOM,RANDOM,RANDOM,RANDOM,mark.masikip@asb.co.nz,021-RANDOM,New Zealand,Overseas
                Passport,Kiwi77nz,verbal123,false
                Given I enter mandatory Tax Information for NZ citizen and clicks on Next button
                -&gt; done: AdditionalPersonalDetailsSteps.GivenIEnterMandatoryTaxInformationForNZCitizen() (0.5s)
                -&gt; done: PersonalDetailsSteps.GivenIEnterPersonalAndLoginDetails("Ms", "RANDOM", "RANDOM", "RANDOM",
                "RANDOM", "mark.masikip@asb....", "021-RANDOM", "New Zealand", "Overseas Passport", "Kiwi77nz",
                "verbal123", "false") (21.3s)
                When I confirm details on the Summary page
                UniqueId:
                Title: Ms
                FirstName: COB-sxOrV
                MiddleName: COB-pytah
                LastName: COB-sJpTo
                Email: mark.masikip@asb.co.nz
                Gender:
                DateOfBirth: 1/20/1933 12:00:00 AM
                DateCreated:
                LastReviewDate:
                Cals:
                IsIndividual:
                NzCitizen:
                NzResidence:
                HighValueCustomer:
                StaffMember:
                AmlVerified:
                VipCustomer:
                Addresses: System.Collections.Generic.List`1[ASB.Selenium.DataModel.Customer.Address]
                AddressInformation: ASB.Selenium.DataModel.Customer.AddressInformation
                CompanyName:
                CompanyType:
                CompanySubType:
                CustomerTypeCode:
                IrdNumber:
                TaxClass:
                TaxClassDate:
                IsNzTaxResident: True
                NonResidentCountryCode:
                IsForeignTaxResident: False
                ForeignTaxResidencyStatus:
                IsProfileEnhanced:
                Phones: System.Collections.Generic.List`1[ASB.Selenium.DataModel.Customer.Phone]
                NextOfKin:
                EmploymentDetails:
                LinkedCustomers:
                AccountRelationships:
                IdType:
                Fatca: ASB.Selenium.DataModel.Customer.Fatca
                CitizenshipCountryCodes:
                CitizenshipCountryNames: System.Collections.Generic.List`1[System.String]
                ForeignTaxResidenceTypes:
                System.Collections.Generic.List`1[ASB.Selenium.DataModel.Customer.ForeignTaxResidenceTypes]
                OnboardingDetail: ASB.Selenium.DataModel.Customer.OnboardingDetail
                AddressVerificationStatus:
                IdVerificationStatus:
                PreferredIdType: Overseas Passport
                IsProfileComplete: True
                DaysRemaining: 0
                OnboardingStatus:
                NewAccounts: System.Collections.Generic.List`1[ASB.Selenium.DataModel.Customer.Accounts]
                FailedAccounts: System.Collections.Generic.List`1[ASB.Selenium.DataModel.Customer.Accounts]
                OnboardingSource: JoinASB
                CustomerCreated:
                LoginCreated:
                RegisteredForNetcode:
                AccountsCreated:
                CustomerAccessToken:
                VerificationPassword: verbal123
                LoginDetail: ASB.Selenium.DataModel.Customer.Login
                CustomerType:
                Cif:
                Username: ccob06899
                UsernameApi:
                Password: Kiwi77nz&#57348;
                PublicKey:
                AcceptedTermsAndConditions:
                BackgroundCheckConsent:
                PreferredIdType:
                -&gt; done: SummaryPageSteps.WhenIConfirmDetailsOnTheSummaryPage() (2.8s)
                Then the Logging you in progress page is displayed
                -&gt; done: ConfirmationPageSteps.ThenTheLoggingYouInProgressPageIsDisplayed() (17.5s)
                And the Activation page is displayed
                12/6/2017 3:51:12 AMThenTheActivationPageIsDisplayed: IsActivationPageDisplayed STARTED
                12/6/2017 3:51:42 AMThenTheActivationPageIsDisplayed: IsActivationPageDisplayed DONE
                12/6/2017 3:51:42 AMThenTheActivationPageIsDisplayed: IsSectionDisplayed STARTED
                12/6/2017 3:52:12 AMThenTheActivationPageIsDisplayed: IsSectionDisplayed DONE
                -&gt; error: Timeout error: Activation page is NOT displayed!
                And the Confirm Identity section is displayed
                -&gt; skipped because of previous errors
                And the Selected Id is set to 'Overseas Passport'
                -&gt; skipped because of previous errors
                When I select 'New Zealand Passport' in the 'Photo ID' dropdown
                -&gt; skipped because of previous errors
                Then the Confirm Identity section is displayed
                -&gt; skipped because of previous errors
                And the Selected Id is set to 'New Zealand Passport'
                -&gt; skipped because of previous errors
                And the See a complete list of acceptable documents text is displayed conditionally
                -&gt; skipped because of previous errors
                And the Find a branch button is displayed conditionally
                -&gt; skipped because of previous errors
                And the TXT me a download link button is displayed conditionally
                -&gt; skipped because of previous errors
            </system-out>
        </testcase>
        <testcase
                name="ACTSUM_11_SetAndUpdatePreferredID(&quot;No FastSaver - Mx Male&quot;,&quot;Streamline intro,ASB Visa Debit Streamline Intro,Savings On Call&quot;,&quot;RANDOM&quot;,&quot;RANDOM&quot;,&quot;RANDOM&quot;,&quot;RANDOM&quot;,&quot;New Zealand Passport&quot;,&quot;Australian Passport&quot;,System.String[])"
                assertions="11" time="159.006520" status="Failed"
                classname="Join.Form.Customer.Selenium.Features._08_ActivateSummaryFeature">

            <failure message="System.Exception : Timeout error: Activation page is NOT displayed!">at
                ASB.Test.Automation.Utils.Retry.Retry.Execute(Func`1 function, Int32 retryInterval, Int32 retryCount,
                String exceptionMessage)
                at Selenium.Steps.COB.ActivationSummary.ActivationSummarySteps.ThenTheActivationPageIsDisplayed()
                at TechTalk.SpecFlow.Bindings.BindingInvoker.InvokeBinding(IBinding binding, IContextManager
                contextManager, Object[] arguments, ITestTracer testTracer, TimeSpan&amp; duration)
                at TechTalk.SpecFlow.Infrastructure.TestExecutionEngine.ExecuteStepMatch(BindingMatch match, Object[]
                arguments)
                at TechTalk.SpecFlow.Infrastructure.TestExecutionEngine.ExecuteStep(StepInstance stepInstance)
                at TechTalk.SpecFlow.Infrastructure.TestExecutionEngine.OnAfterLastStep()
                at Join.Form.Customer.Selenium.Features._08_ActivateSummaryFeature.ScenarioCleanup()
                at
                Join.Form.Customer.Selenium.Features._08_ActivateSummaryFeature.ACTSUM_11_SetAndUpdatePreferredID(String
                scenarioName, String products, String title, String firstname, String middlename, String lastname,
                String preferredid, String newpreferredid, String[] exampleTags)
            </failure>
            <system-out>Given I start my Streamline application
                Navigating to URL: https://webappisamdev.asbbank.co.nz/public/join/asb/?grcDisabled=true
                -&gt; done: CommonSteps.GivenIStartMyStreamlineApplication() (0.6s)
                Given I select the following products: 'Streamline intro,ASB Visa Debit Streamline Intro,Savings On
                Call'
                12/6/2017 3:52:57 AMWaitForFeaturesPageLoad: Executing WaitForFrameAndSwitch
                12/6/2017 3:52:57 AMWaitForFeaturesPageLoad: Done executing WaitForFrameAndSwitch
                Unable to find product 'Savings On Call' in page or product 'Savings On Call' is not selected
                Unable to find product 'FastSaver' in page or product 'FastSaver' is not selected
                Unable to find product 'FastSaver' in page or product 'FastSaver' is not selected
                -&gt; done: ProductsPageSteps.WhenIChangeMySelectedProductsTo("Streamline intro,...") (17.2s)
                And I enter personal and login details
                RANDOM,RANDOM,RANDOM,RANDOM,RANDOM,mark.masikip@asb.co.nz,021-RANDOM,New Zealand,New Zealand
                Passport,Kiwi77nz,verbal123,false
                Given I enter mandatory Tax Information for NZ citizen and clicks on Next button
                -&gt; done: AdditionalPersonalDetailsSteps.GivenIEnterMandatoryTaxInformationForNZCitizen() (0.5s)
                -&gt; done: PersonalDetailsSteps.GivenIEnterPersonalAndLoginDetails("RANDOM", "RANDOM", "RANDOM",
                "RANDOM", "RANDOM", "mark.masikip@asb....", "021-RANDOM", "New Zealand", "New Zealand Passport",
                "Kiwi77nz", "verbal123", "false") (27.1s)
                When I confirm details on the Summary page
                UniqueId:
                Title: Mx
                FirstName: COB-ZThLa
                MiddleName: COB-FTnOa
                LastName: COB-KWStF
                Email: mark.masikip@asb.co.nz
                Gender:
                DateOfBirth: 1/10/1954 12:00:00 AM
                DateCreated:
                LastReviewDate:
                Cals:
                IsIndividual:
                NzCitizen:
                NzResidence:
                HighValueCustomer:
                StaffMember:
                AmlVerified:
                VipCustomer:
                Addresses: System.Collections.Generic.List`1[ASB.Selenium.DataModel.Customer.Address]
                AddressInformation: ASB.Selenium.DataModel.Customer.AddressInformation
                CompanyName:
                CompanyType:
                CompanySubType:
                CustomerTypeCode:
                IrdNumber:
                TaxClass:
                TaxClassDate:
                IsNzTaxResident: True
                NonResidentCountryCode:
                IsForeignTaxResident: False
                ForeignTaxResidencyStatus:
                IsProfileEnhanced:
                Phones: System.Collections.Generic.List`1[ASB.Selenium.DataModel.Customer.Phone]
                NextOfKin:
                EmploymentDetails:
                LinkedCustomers:
                AccountRelationships:
                IdType:
                Fatca: ASB.Selenium.DataModel.Customer.Fatca
                CitizenshipCountryCodes:
                CitizenshipCountryNames: System.Collections.Generic.List`1[System.String]
                ForeignTaxResidenceTypes:
                System.Collections.Generic.List`1[ASB.Selenium.DataModel.Customer.ForeignTaxResidenceTypes]
                OnboardingDetail: ASB.Selenium.DataModel.Customer.OnboardingDetail
                AddressVerificationStatus:
                IdVerificationStatus:
                PreferredIdType: New Zealand Passport
                IsProfileComplete: True
                DaysRemaining: 0
                OnboardingStatus:
                NewAccounts: System.Collections.Generic.List`1[ASB.Selenium.DataModel.Customer.Accounts]
                FailedAccounts: System.Collections.Generic.List`1[ASB.Selenium.DataModel.Customer.Accounts]
                OnboardingSource: JoinASB
                CustomerCreated:
                LoginCreated:
                RegisteredForNetcode:
                AccountsCreated:
                CustomerAccessToken:
                VerificationPassword: verbal123
                LoginDetail: ASB.Selenium.DataModel.Customer.Login
                CustomerType:
                Cif:
                Username: ccob03892
                UsernameApi:
                Password: Kiwi77nz&#57348;
                PublicKey:
                AcceptedTermsAndConditions:
                BackgroundCheckConsent:
                PreferredIdType:
                -&gt; done: SummaryPageSteps.WhenIConfirmDetailsOnTheSummaryPage() (2.8s)
                Then the Logging you in progress page is displayed
                -&gt; done: ConfirmationPageSteps.ThenTheLoggingYouInProgressPageIsDisplayed() (15.4s)
                And the Activation page is displayed
                12/6/2017 3:53:51 AMThenTheActivationPageIsDisplayed: IsActivationPageDisplayed STARTED
                12/6/2017 3:54:21 AMThenTheActivationPageIsDisplayed: IsActivationPageDisplayed DONE
                12/6/2017 3:54:21 AMThenTheActivationPageIsDisplayed: IsSectionDisplayed STARTED
                12/6/2017 3:54:51 AMThenTheActivationPageIsDisplayed: IsSectionDisplayed DONE
                -&gt; error: Timeout error: Activation page is NOT displayed!
                And the Confirm Identity section is displayed
                -&gt; skipped because of previous errors
                And the Selected Id is set to 'New Zealand Passport'
                -&gt; skipped because of previous errors
                When I select 'Australian Passport' in the 'Photo ID' dropdown
                -&gt; skipped because of previous errors
                Then the Confirm Identity section is displayed
                -&gt; skipped because of previous errors
                And the Selected Id is set to 'Australian Passport'
                -&gt; skipped because of previous errors
                And the See a complete list of acceptable documents text is displayed conditionally
                -&gt; skipped because of previous errors
                And the Find a branch button is displayed conditionally
                -&gt; skipped because of previous errors
                And the TXT me a download link button is displayed conditionally
                -&gt; skipped because of previous errors
            </system-out>
        </testcase>
        <testcase
                name="ACTSUM_11_SetAndUpdatePreferredID(&quot;All products - Mx Female&quot;,&quot;Streamline intro,ASB Visa Debit Streamline Intro,Savings On Call,FastSaver&quot;,&quot;RANDOM&quot;,&quot;RANDOM&quot;,&quot;RANDOM&quot;,&quot;RANDOM&quot;,&quot;Australian Passport&quot;,&quot;Overseas Passport&quot;,System.String[])"
                assertions="11" time="153.850610" status="Failed"
                classname="Join.Form.Customer.Selenium.Features._08_ActivateSummaryFeature">

            <failure message="System.Exception : Timeout error: Activation page is NOT displayed!">at
                ASB.Test.Automation.Utils.Retry.Retry.Execute(Func`1 function, Int32 retryInterval, Int32 retryCount,
                String exceptionMessage)
                at Selenium.Steps.COB.ActivationSummary.ActivationSummarySteps.ThenTheActivationPageIsDisplayed()
                at TechTalk.SpecFlow.Bindings.BindingInvoker.InvokeBinding(IBinding binding, IContextManager
                contextManager, Object[] arguments, ITestTracer testTracer, TimeSpan&amp; duration)
                at TechTalk.SpecFlow.Infrastructure.TestExecutionEngine.ExecuteStepMatch(BindingMatch match, Object[]
                arguments)
                at TechTalk.SpecFlow.Infrastructure.TestExecutionEngine.ExecuteStep(StepInstance stepInstance)
                at TechTalk.SpecFlow.Infrastructure.TestExecutionEngine.OnAfterLastStep()
                at Join.Form.Customer.Selenium.Features._08_ActivateSummaryFeature.ScenarioCleanup()
                at
                Join.Form.Customer.Selenium.Features._08_ActivateSummaryFeature.ACTSUM_11_SetAndUpdatePreferredID(String
                scenarioName, String products, String title, String firstname, String middlename, String lastname,
                String preferredid, String newpreferredid, String[] exampleTags)
            </failure>
            <system-out>Given I start my Streamline application
                Navigating to URL: https://webappisamdev.asbbank.co.nz/public/join/asb/?grcDisabled=true
                -&gt; done: CommonSteps.GivenIStartMyStreamlineApplication() (0.7s)
                Given I select the following products: 'Streamline intro,ASB Visa Debit Streamline Intro,Savings On
                Call,FastSaver'
                12/6/2017 3:55:36 AMWaitForFeaturesPageLoad: Executing WaitForFrameAndSwitch
                12/6/2017 3:55:36 AMWaitForFeaturesPageLoad: Done executing WaitForFrameAndSwitch
                Unable to find product 'Savings On Call' in page or product 'Savings On Call' is not selected
                Unable to find product 'FastSaver' in page or product 'FastSaver' is not selected
                -&gt; done: ProductsPageSteps.WhenIChangeMySelectedProductsTo("Streamline intro,...") (19.1s)
                And I enter personal and login details
                RANDOM,RANDOM,RANDOM,RANDOM,RANDOM,mark.masikip@asb.co.nz,021-RANDOM,New Zealand,Australian
                Passport,Kiwi77nz,verbal123,false
                Given I enter mandatory Tax Information for NZ citizen and clicks on Next button
                -&gt; done: AdditionalPersonalDetailsSteps.GivenIEnterMandatoryTaxInformationForNZCitizen() (0.5s)
                -&gt; done: PersonalDetailsSteps.GivenIEnterPersonalAndLoginDetails("RANDOM", "RANDOM", "RANDOM",
                "RANDOM", "RANDOM", "mark.masikip@asb....", "021-RANDOM", "New Zealand", "Australian Passport",
                "Kiwi77nz", "verbal123", "false") (18.9s)
                When I confirm details on the Summary page
                UniqueId:
                Title: Mx
                FirstName: COB-vQWIE
                MiddleName: COB-bCTuV
                LastName: COB-DPuoH
                Email: mark.masikip@asb.co.nz
                Gender:
                DateOfBirth: 4/16/1988 12:00:00 AM
                DateCreated:
                LastReviewDate:
                Cals:
                IsIndividual:
                NzCitizen:
                NzResidence:
                HighValueCustomer:
                StaffMember:
                AmlVerified:
                VipCustomer:
                Addresses: System.Collections.Generic.List`1[ASB.Selenium.DataModel.Customer.Address]
                AddressInformation: ASB.Selenium.DataModel.Customer.AddressInformation
                CompanyName:
                CompanyType:
                CompanySubType:
                CustomerTypeCode:
                IrdNumber:
                TaxClass:
                TaxClassDate:
                IsNzTaxResident: True
                NonResidentCountryCode:
                IsForeignTaxResident: False
                ForeignTaxResidencyStatus:
                IsProfileEnhanced:
                Phones: System.Collections.Generic.List`1[ASB.Selenium.DataModel.Customer.Phone]
                NextOfKin:
                EmploymentDetails:
                LinkedCustomers:
                AccountRelationships:
                IdType:
                Fatca: ASB.Selenium.DataModel.Customer.Fatca
                CitizenshipCountryCodes:
                CitizenshipCountryNames: System.Collections.Generic.List`1[System.String]
                ForeignTaxResidenceTypes:
                System.Collections.Generic.List`1[ASB.Selenium.DataModel.Customer.ForeignTaxResidenceTypes]
                OnboardingDetail: ASB.Selenium.DataModel.Customer.OnboardingDetail
                AddressVerificationStatus:
                IdVerificationStatus:
                PreferredIdType: Australian Passport
                IsProfileComplete: True
                DaysRemaining: 0
                OnboardingStatus:
                NewAccounts: System.Collections.Generic.List`1[ASB.Selenium.DataModel.Customer.Accounts]
                FailedAccounts: System.Collections.Generic.List`1[ASB.Selenium.DataModel.Customer.Accounts]
                OnboardingSource: JoinASB
                CustomerCreated:
                LoginCreated:
                RegisteredForNetcode:
                AccountsCreated:
                CustomerAccessToken:
                VerificationPassword: verbal123
                LoginDetail: ASB.Selenium.DataModel.Customer.Login
                CustomerType:
                Cif:
                Username: ccob45522
                UsernameApi:
                Password: Kiwi77nz&#57348;
                PublicKey:
                AcceptedTermsAndConditions:
                BackgroundCheckConsent:
                PreferredIdType:
                -&gt; done: SummaryPageSteps.WhenIConfirmDetailsOnTheSummaryPage() (2.8s)
                Then the Logging you in progress page is displayed
                -&gt; done: ConfirmationPageSteps.ThenTheLoggingYouInProgressPageIsDisplayed() (16.2s)
                And the Activation page is displayed
                12/6/2017 3:56:24 AMThenTheActivationPageIsDisplayed: IsActivationPageDisplayed STARTED
                12/6/2017 3:56:55 AMThenTheActivationPageIsDisplayed: IsActivationPageDisplayed DONE
                12/6/2017 3:56:55 AMThenTheActivationPageIsDisplayed: IsSectionDisplayed STARTED
                12/6/2017 3:57:25 AMThenTheActivationPageIsDisplayed: IsSectionDisplayed DONE
                -&gt; error: Timeout error: Activation page is NOT displayed!
                And the Confirm Identity section is displayed
                -&gt; skipped because of previous errors
                And the Selected Id is set to 'Australian Passport'
                -&gt; skipped because of previous errors
                When I select 'Overseas Passport' in the 'Photo ID' dropdown
                -&gt; skipped because of previous errors
                Then the Confirm Identity section is displayed
                -&gt; skipped because of previous errors
                And the Selected Id is set to 'Overseas Passport'
                -&gt; skipped because of previous errors
                And the See a complete list of acceptable documents text is displayed conditionally
                -&gt; skipped because of previous errors
                And the Find a branch button is displayed conditionally
                -&gt; skipped because of previous errors
                And the TXT me a download link button is displayed conditionally
                -&gt; skipped because of previous errors
            </system-out>
        </testcase>
        <testcase
                name="ACTSUM_11_SetAndUpdatePreferredID(&quot;All products&quot;,&quot;Streamline intro,ASB Visa Debit Streamline Intro,Savings On Call,FastSaver&quot;,&quot;Ms&quot;,&quot;RANDOM&quot;,&quot;RANDOM&quot;,&quot;RANDOM&quot;,&quot;New Zealand Driver's Licence&quot;,&quot;Other&quot;,System.String[])"
                assertions="11" time="155.451321" status="Failed"
                classname="Join.Form.Customer.Selenium.Features._08_ActivateSummaryFeature">

            <failure message="System.Exception : Timeout error: Activation page is NOT displayed!">at
                ASB.Test.Automation.Utils.Retry.Retry.Execute(Func`1 function, Int32 retryInterval, Int32 retryCount,
                String exceptionMessage)
                at Selenium.Steps.COB.ActivationSummary.ActivationSummarySteps.ThenTheActivationPageIsDisplayed()
                at TechTalk.SpecFlow.Bindings.BindingInvoker.InvokeBinding(IBinding binding, IContextManager
                contextManager, Object[] arguments, ITestTracer testTracer, TimeSpan&amp; duration)
                at TechTalk.SpecFlow.Infrastructure.TestExecutionEngine.ExecuteStepMatch(BindingMatch match, Object[]
                arguments)
                at TechTalk.SpecFlow.Infrastructure.TestExecutionEngine.ExecuteStep(StepInstance stepInstance)
                at TechTalk.SpecFlow.Infrastructure.TestExecutionEngine.OnAfterLastStep()
                at Join.Form.Customer.Selenium.Features._08_ActivateSummaryFeature.ScenarioCleanup()
                at
                Join.Form.Customer.Selenium.Features._08_ActivateSummaryFeature.ACTSUM_11_SetAndUpdatePreferredID(String
                scenarioName, String products, String title, String firstname, String middlename, String lastname,
                String preferredid, String newpreferredid, String[] exampleTags)
            </failure>
            <system-out>Given I start my Streamline application
                Navigating to URL: https://webappisamdev.asbbank.co.nz/public/join/asb/?grcDisabled=true
                -&gt; done: CommonSteps.GivenIStartMyStreamlineApplication() (0.6s)
                Given I select the following products: 'Streamline intro,ASB Visa Debit Streamline Intro,Savings On
                Call,FastSaver'
                12/6/2017 3:58:10 AMWaitForFeaturesPageLoad: Executing WaitForFrameAndSwitch
                12/6/2017 3:58:11 AMWaitForFeaturesPageLoad: Done executing WaitForFrameAndSwitch
                Unable to find product 'Savings On Call' in page or product 'Savings On Call' is not selected
                Unable to find product 'FastSaver' in page or product 'FastSaver' is not selected
                -&gt; done: ProductsPageSteps.WhenIChangeMySelectedProductsTo("Streamline intro,...") (19.2s)
                And I enter personal and login details
                Ms,RANDOM,RANDOM,RANDOM,RANDOM,mark.masikip@asb.co.nz,021-RANDOM,New Zealand,New Zealand Driver's
                Licence,Kiwi77nz,verbal123,false
                Given I enter mandatory Tax Information for NZ citizen and clicks on Next button
                -&gt; done: AdditionalPersonalDetailsSteps.GivenIEnterMandatoryTaxInformationForNZCitizen() (0.5s)
                -&gt; done: PersonalDetailsSteps.GivenIEnterPersonalAndLoginDetails("Ms", "RANDOM", "RANDOM", "RANDOM",
                "RANDOM", "mark.masikip@asb....", "021-RANDOM", "New Zealand", "New Zealand Drive...", "Kiwi77nz",
                "verbal123", "false") (19.6s)
                When I confirm details on the Summary page
                UniqueId:
                Title: Ms
                FirstName: COB-bSgCb
                MiddleName: COB-TCspX
                LastName: COB-pczHR
                Email: mark.masikip@asb.co.nz
                Gender:
                DateOfBirth: 10/12/1971 12:00:00 AM
                DateCreated:
                LastReviewDate:
                Cals:
                IsIndividual:
                NzCitizen:
                NzResidence:
                HighValueCustomer:
                StaffMember:
                AmlVerified:
                VipCustomer:
                Addresses: System.Collections.Generic.List`1[ASB.Selenium.DataModel.Customer.Address]
                AddressInformation: ASB.Selenium.DataModel.Customer.AddressInformation
                CompanyName:
                CompanyType:
                CompanySubType:
                CustomerTypeCode:
                IrdNumber:
                TaxClass:
                TaxClassDate:
                IsNzTaxResident: True
                NonResidentCountryCode:
                IsForeignTaxResident: False
                ForeignTaxResidencyStatus:
                IsProfileEnhanced:
                Phones: System.Collections.Generic.List`1[ASB.Selenium.DataModel.Customer.Phone]
                NextOfKin:
                EmploymentDetails:
                LinkedCustomers:
                AccountRelationships:
                IdType:
                Fatca: ASB.Selenium.DataModel.Customer.Fatca
                CitizenshipCountryCodes:
                CitizenshipCountryNames: System.Collections.Generic.List`1[System.String]
                ForeignTaxResidenceTypes:
                System.Collections.Generic.List`1[ASB.Selenium.DataModel.Customer.ForeignTaxResidenceTypes]
                OnboardingDetail: ASB.Selenium.DataModel.Customer.OnboardingDetail
                AddressVerificationStatus:
                IdVerificationStatus:
                PreferredIdType: New Zealand Driver's Licence
                IsProfileComplete: True
                DaysRemaining: 0
                OnboardingStatus:
                NewAccounts: System.Collections.Generic.List`1[ASB.Selenium.DataModel.Customer.Accounts]
                FailedAccounts: System.Collections.Generic.List`1[ASB.Selenium.DataModel.Customer.Accounts]
                OnboardingSource: JoinASB
                CustomerCreated:
                LoginCreated:
                RegisteredForNetcode:
                AccountsCreated:
                CustomerAccessToken:
                VerificationPassword: verbal123
                LoginDetail: ASB.Selenium.DataModel.Customer.Login
                CustomerType:
                Cif:
                Username: ccob82478
                UsernameApi:
                Password: Kiwi77nz&#57348;
                PublicKey:
                AcceptedTermsAndConditions:
                BackgroundCheckConsent:
                PreferredIdType:
                -&gt; done: SummaryPageSteps.WhenIConfirmDetailsOnTheSummaryPage() (2.8s)
                Then the Logging you in progress page is displayed
                -&gt; done: ConfirmationPageSteps.ThenTheLoggingYouInProgressPageIsDisplayed() (16.8s)
                And the Activation page is displayed
                12/6/2017 3:59:00 AMThenTheActivationPageIsDisplayed: IsActivationPageDisplayed STARTED
                12/6/2017 3:59:31 AMThenTheActivationPageIsDisplayed: IsActivationPageDisplayed DONE
                12/6/2017 3:59:31 AMThenTheActivationPageIsDisplayed: IsSectionDisplayed STARTED
                12/6/2017 4:00:01 AMThenTheActivationPageIsDisplayed: IsSectionDisplayed DONE
                -&gt; error: Timeout error: Activation page is NOT displayed!
                And the Confirm Identity section is displayed
                -&gt; skipped because of previous errors
                And the Selected Id is set to 'New Zealand Driver's Licence'
                -&gt; skipped because of previous errors
                When I select 'Other' in the 'Photo ID' dropdown
                -&gt; skipped because of previous errors
                Then the Confirm Identity section is displayed
                -&gt; skipped because of previous errors
                And the Selected Id is set to 'Other'
                -&gt; skipped because of previous errors
                And the See a complete list of acceptable documents text is displayed conditionally
                -&gt; skipped because of previous errors
                And the Find a branch button is displayed conditionally
                -&gt; skipped because of previous errors
                And the TXT me a download link button is displayed conditionally
                -&gt; skipped because of previous errors
            </system-out>
        </testcase>
    </testsuite>
    <testsuite tests="46" time="1855.154974" errors="29" failures="12" skipped="0" timestamp="2017-12-05 15:00:34Z"
               name="Join.Form.Customer.Selenium.dll.Join.Form.Customer.Selenium.Features._09_TertiaryProductFeature.">
        <testcase name="TER_CNFM_01_VerifyConfirmationScreen_BadCustomerCheckBlock" assertions="19" time="50.408108"
                  status="Passed" classname="Join.Form.Customer.Selenium.Features._09_TertiaryProductFeature">

            <system-out>Given I start my Tertiary application
                Navigating to URL: https://webappisamdev.asbbank.co.nz/public/join/tertiary/?grcDisabled=true
                -&gt; done: CommonSteps.GivenIStartMyTertiaryApplication() (0.6s)
                Given I select the following products: 'Tertiary Cheque, ASB Visa Debit Tertiary'
                12/6/2017 4:15:47 AMWaitForFeaturesPageLoad: Executing WaitForFrameAndSwitch
                12/6/2017 4:15:47 AMWaitForFeaturesPageLoad: Done executing WaitForFrameAndSwitch
                Unable to find product 'FastSaver' in page or product 'FastSaver' is not selected
                Unable to find product 'Savings On Call' in page or product 'Savings On Call' is not selected
                Unable to find product 'Tertiary Overdraft' in page or product 'Tertiary Overdraft' is not selected
                Unable to find product 'ASB Visa Light Tertiary' in page or product 'ASB Visa Light Tertiary' is not
                selected
                Unable to find product 'ASB Visa Light Tertiary' in page or product 'ASB Visa Light Tertiary' is not
                selected
                Unable to find product 'Tertiary Overdraft' in page or product 'Tertiary Overdraft' is not selected
                Unable to find product 'Savings On Call' in page or product 'Savings On Call' is not selected
                Unable to find product 'FastSaver' in page or product 'FastSaver' is not selected
                -&gt; done: ProductsPageSteps.WhenIChangeMySelectedProductsTo("Tertiary Cheque, ...") (19.3s)
                And I enter all required details and navigate to Summary page
                --- table step argument ---
                | Title | FirstName | MiddleName | LastName | DateOfBirth | Email | MobileNumber | CountriesCitizenship
                | PreferredIdType | Password | VerbalPassword |
                | Mr | Michael | Sam | Wayne | 1 June 1983 | cob2016@asb.co.nz | 021-RANDOM | New Zealand | Other |
                Kiwi77nz | MyCode01 |
                Given I enter mandatory Tax Information for NZ citizen and clicks on Next button
                -&gt; done: AdditionalPersonalDetailsSteps.GivenIEnterMandatoryTaxInformationForNZCitizen() (0.5s)
                -&gt; done: PersonalDetailsSteps.GivenIEnterAllRequiredDetailsAndNavigateToSummaryPage(&lt;table&gt;)
                (20.9s)
                When I confirm details on the Summary page
                UniqueId:
                Title: Mr
                FirstName: Michael
                MiddleName: Sam
                LastName: Wayne
                Email: cob2016@asb.co.nz
                Gender:
                DateOfBirth: 6/1/1983 12:00:00 AM
                DateCreated:
                LastReviewDate:
                Cals:
                IsIndividual:
                NzCitizen: True
                NzResidence:
                HighValueCustomer:
                StaffMember:
                AmlVerified:
                VipCustomer:
                Addresses: System.Collections.Generic.List`1[ASB.Selenium.DataModel.Customer.Address]
                AddressInformation: ASB.Selenium.DataModel.Customer.AddressInformation
                CompanyName:
                CompanyType:
                CompanySubType:
                CustomerTypeCode:
                IrdNumber:
                TaxClass:
                TaxClassDate:
                IsNzTaxResident: True
                NonResidentCountryCode:
                IsForeignTaxResident: False
                ForeignTaxResidencyStatus:
                IsProfileEnhanced:
                Phones: System.Collections.Generic.List`1[ASB.Selenium.DataModel.Customer.Phone]
                NextOfKin:
                EmploymentDetails:
                LinkedCustomers:
                AccountRelationships:
                IdType:
                Fatca: ASB.Selenium.DataModel.Customer.Fatca
                CitizenshipCountryCodes:
                CitizenshipCountryNames: System.Collections.Generic.List`1[System.String]
                ForeignTaxResidenceTypes:
                System.Collections.Generic.List`1[ASB.Selenium.DataModel.Customer.ForeignTaxResidenceTypes]
                OnboardingDetail: ASB.Selenium.DataModel.Customer.OnboardingDetail
                AddressVerificationStatus:
                IdVerificationStatus:
                PreferredIdType: Other
                IsProfileComplete: True
                DaysRemaining: 0
                OnboardingStatus:
                NewAccounts: System.Collections.Generic.List`1[ASB.Selenium.DataModel.Customer.Accounts]
                FailedAccounts: System.Collections.Generic.List`1[ASB.Selenium.DataModel.Customer.Accounts]
                OnboardingSource: Tertiary
                CustomerCreated:
                LoginCreated:
                RegisteredForNetcode:
                AccountsCreated:
                CustomerAccessToken:
                VerificationPassword: MyCode01
                LoginDetail: ASB.Selenium.DataModel.Customer.Login
                CustomerType:
                Cif:
                Username: mway06689
                UsernameApi:
                Password: Kiwi77nz&#57348;
                PublicKey:
                AcceptedTermsAndConditions:
                BackgroundCheckConsent:
                PreferredIdType:
                -&gt; done: SummaryPageSteps.WhenIConfirmDetailsOnTheSummaryPage() (2.9s)
                Then System Unavailable screen is displayed
                -&gt; done: ConfirmationPageSteps.ThenSystemUnavailableScreenIsDisplayed("is") (0.5s)
                And a message advising me of difficulties signing me up online and to contact ASB is displayed
                -&gt; done:
                ConfirmationPageSteps.ThenAMessageAdvisingMeOfDifficultiesSigningMeUpOnlineAndToContactASBIsDisplayed("is")
                (0.0s)
                And the Confirmation page for duplicate 'bad' customer with open products is displayed
                Unable to find FNC Login section!
                -&gt; done: ConfirmationPageSteps.ThenTheConfirmationPageForCustomerIsDisplayed("bad") (2.1s)
                And the 'Find a branch' button opens in a new window
                -&gt; done: CommonSteps.ThenTheButtonOpensInANewWindow("Find a branch") (3.2s)
            </system-out>
        </testcase>
        <testcase name="TER_CNFM_02_VerifyProofOfAddressAndTertiaryCopy_BadCustomer" assertions="20" time="45.300690"
                  status="Failed" classname="Join.Form.Customer.Selenium.Features._09_TertiaryProductFeature">

            <failure
                    message="System.InvalidOperationException : Sequence contains no matching element&#10;  One or more failures in Multiple assert block:&#10;  1)   NZQA document text not found!&#10;  Expected: True&#10;  But was:  False&#10;&#10;  2)   Letter from a New Zealand educational institution that is less than three months old. text not found!&#10;  Expected: True&#10;  But was:  False&#10;&#10;  3)   Any posted document which includes your name and home address that's less than 12 months old. This includes Studylink correspondence. text not found!&#10;  Expected: True&#10;  But was:  False&#10;&#10;&#10;TearDown : NUnit.Framework.assertionException :   Verification failures exist. Please check output for details.&#10;  Expected: False&#10;  But was:  True&#10;">
                at System.Linq.Enumerable.First[TSource](IEnumerable`1 source, Func`2 predicate)
                at Join.Form.Customer.Selenium.Pages.ErrorPage.IsShowProofOfStudySectionDisplayed()
                at
                Join.Form.Customer.Selenium.StepDefinitions.ConfirmationPageSteps.ThenTheShowProofOfStudySectionIsDisplayedForTertiaryCustomer()
                at TechTalk.SpecFlow.Bindings.BindingInvoker.InvokeBinding(IBinding binding, IContextManager
                contextManager, Object[] arguments, ITestTracer testTracer, TimeSpan&amp; duration)
                at TechTalk.SpecFlow.Infrastructure.TestExecutionEngine.ExecuteStepMatch(BindingMatch match, Object[]
                arguments)
                at TechTalk.SpecFlow.Infrastructure.TestExecutionEngine.ExecuteStep(StepInstance stepInstance)
                at TechTalk.SpecFlow.Infrastructure.TestExecutionEngine.OnAfterLastStep()
                at Join.Form.Customer.Selenium.Features._09_TertiaryProductFeature.ScenarioCleanup()
                at
                Join.Form.Customer.Selenium.Features._09_TertiaryProductFeature.TER_CNFM_02_VerifyProofOfAddressAndTertiaryCopy_BadCustomer()
                --TearDown
                at NUnit.Framework.assert.ReportFailure(String message)
                at NUnit.Framework.assert.That[TActual](TActual actual, IResolveConstraint expression, String message,
                Object[] args)
                at ASB.Test.Automation.Verify.Verify.FailTest()
                at Join.Form.Customer.Selenium.WebDriverSupport.CheckForFailures()
                at Join.Form.Customer.Selenium.WebDriverSupport.DestroyDriver()
                at TechTalk.SpecFlow.Bindings.BindingInvoker.InvokeBinding(IBinding binding, IContextManager
                contextManager, Object[] arguments, ITestTracer testTracer, TimeSpan&amp; duration)
                at TechTalk.SpecFlow.Infrastructure.TestExecutionEngine.FireEvents(HookType bindingEvent)
                at TechTalk.SpecFlow.Infrastructure.TestExecutionEngine.OnScenarioEnd()
                at Join.Form.Customer.Selenium.Features._09_TertiaryProductFeature.ScenarioTearDown()
            </failure>
            <system-out>Given I start my Tertiary application
                Navigating to URL: https://webappisamdev.asbbank.co.nz/public/join/tertiary/?grcDisabled=true
                -&gt; done: CommonSteps.GivenIStartMyTertiaryApplication() (0.7s)
                Given I select the following products: 'Tertiary Cheque, ASB Visa Debit Tertiary'
                12/6/2017 4:16:37 AMWaitForFeaturesPageLoad: Executing WaitForFrameAndSwitch
                12/6/2017 4:16:37 AMWaitForFeaturesPageLoad: Done executing WaitForFrameAndSwitch
                Unable to find product 'FastSaver' in page or product 'FastSaver' is not selected
                Unable to find product 'Savings On Call' in page or product 'Savings On Call' is not selected
                Unable to find product 'Tertiary Overdraft' in page or product 'Tertiary Overdraft' is not selected
                Unable to find product 'ASB Visa Light Tertiary' in page or product 'ASB Visa Light Tertiary' is not
                selected
                Unable to find product 'ASB Visa Light Tertiary' in page or product 'ASB Visa Light Tertiary' is not
                selected
                Unable to find product 'Tertiary Overdraft' in page or product 'Tertiary Overdraft' is not selected
                Unable to find product 'Savings On Call' in page or product 'Savings On Call' is not selected
                Unable to find product 'FastSaver' in page or product 'FastSaver' is not selected
                -&gt; done: ProductsPageSteps.WhenIChangeMySelectedProductsTo("Tertiary Cheque, ...") (19.4s)
                And I enter all required details and navigate to Summary page
                --- table step argument ---
                | Title | FirstName | MiddleName | LastName | DateOfBirth | Email | MobileNumber | CountriesCitizenship
                | PreferredIdType | Password | VerbalPassword |
                | Mr | Michael | Sam | Wayne | 1 June 1983 | cob2016@asb.co.nz | 021-RANDOM | New Zealand | Other |
                Kiwi77nz | MyCode01 |
                Given I enter mandatory Tax Information for NZ citizen and clicks on Next button
                -&gt; done: AdditionalPersonalDetailsSteps.GivenIEnterMandatoryTaxInformationForNZCitizen() (0.5s)
                -&gt; done: PersonalDetailsSteps.GivenIEnterAllRequiredDetailsAndNavigateToSummaryPage(&lt;table&gt;)
                (15.2s)
                When I confirm details on the Summary page
                UniqueId:
                Title: Mr
                FirstName: Michael
                MiddleName: Sam
                LastName: Wayne
                Email: cob2016@asb.co.nz
                Gender:
                DateOfBirth: 6/1/1983 12:00:00 AM
                DateCreated:
                LastReviewDate:
                Cals:
                IsIndividual:
                NzCitizen: True
                NzResidence:
                HighValueCustomer:
                StaffMember:
                AmlVerified:
                VipCustomer:
                Addresses: System.Collections.Generic.List`1[ASB.Selenium.DataModel.Customer.Address]
                AddressInformation: ASB.Selenium.DataModel.Customer.AddressInformation
                CompanyName:
                CompanyType:
                CompanySubType:
                CustomerTypeCode:
                IrdNumber:
                TaxClass:
                TaxClassDate:
                IsNzTaxResident: True
                NonResidentCountryCode:
                IsForeignTaxResident: False
                ForeignTaxResidencyStatus:
                IsProfileEnhanced:
                Phones: System.Collections.Generic.List`1[ASB.Selenium.DataModel.Customer.Phone]
                NextOfKin:
                EmploymentDetails:
                LinkedCustomers:
                AccountRelationships:
                IdType:
                Fatca: ASB.Selenium.DataModel.Customer.Fatca
                CitizenshipCountryCodes:
                CitizenshipCountryNames: System.Collections.Generic.List`1[System.String]
                ForeignTaxResidenceTypes:
                System.Collections.Generic.List`1[ASB.Selenium.DataModel.Customer.ForeignTaxResidenceTypes]
                OnboardingDetail: ASB.Selenium.DataModel.Customer.OnboardingDetail
                AddressVerificationStatus:
                IdVerificationStatus:
                PreferredIdType: Other
                IsProfileComplete: True
                DaysRemaining: 0
                OnboardingStatus:
                NewAccounts: System.Collections.Generic.List`1[ASB.Selenium.DataModel.Customer.Accounts]
                FailedAccounts: System.Collections.Generic.List`1[ASB.Selenium.DataModel.Customer.Accounts]
                OnboardingSource: Tertiary
                CustomerCreated:
                LoginCreated:
                RegisteredForNetcode:
                AccountsCreated:
                CustomerAccessToken:
                VerificationPassword: MyCode01
                LoginDetail: ASB.Selenium.DataModel.Customer.Login
                CustomerType:
                Cif:
                Username: mway66276
                UsernameApi:
                Password: Kiwi77nz&#57348;
                PublicKey:
                AcceptedTermsAndConditions:
                BackgroundCheckConsent:
                PreferredIdType:
                -&gt; done: SummaryPageSteps.WhenIConfirmDetailsOnTheSummaryPage() (2.8s)
                Then the Confirmation page for duplicate 'bad' customer with open products is displayed
                Unable to find FNC Login section!
                -&gt; done: ConfirmationPageSteps.ThenTheConfirmationPageForCustomerIsDisplayed("bad") (2.7s)
                And the Proof of Address section is displayed for Tertiary customer
                Failed reason: NZQA document text not found!
                Failed reason: Letter from a New Zealand educational institution that is less than three months old.
                text not found!
                Failed reason: Any posted document which includes your name and home address that's less than 12 months
                old. This includes Studylink correspondence. text not found!
                -&gt; done: ConfirmationPageSteps.ThenTheProofOfAddressSectionIsDisplayedForTertiaryCustomer() (0.1s)
                And the Show Proof of Study section is displayed for Tertiary customer
                -&gt; error: Sequence contains no matching element
                NZQA document text not found!
                Expected: True
                But was: False

                Letter from a New Zealand educational institution that is less than three months old. text not found!
                Expected: True
                But was: False

                Any posted document which includes your name and home address that's less than 12 months old. This
                includes Studylink correspondence. text not found!
                Expected: True
                But was: False

            </system-out>

        </testcase>
        <testcase name="TER_CNFM_03_ExistingCustomerCheck_FNCOpenApplyRedirect" assertions="29" time="61.205550"
                  status="Passed" classname="Join.Form.Customer.Selenium.Features._09_TertiaryProductFeature">

            <system-out>-&gt; warning: The previous ScenarioContext was not disposed.
                Given I start my Tertiary application
                Navigating to URL: https://webappisamdev.asbbank.co.nz/public/join/tertiary/?grcDisabled=true
                -&gt; done: CommonSteps.GivenIStartMyTertiaryApplication() (0.6s)
                Given I am an existing ASB customer
                Navigating to URL: https://webappisamdev.asbbank.co.nz/public/join/tertiary/?grcDisabled=true&amp;fncJunctionNumber=104
                -&gt; done: CommonSteps.GivenIAmAnExistingASBCustomer() (0.3s)
                And I select the following products: 'Tertiary Cheque'
                12/6/2017 4:17:23 AMWaitForFeaturesPageLoad: Executing WaitForFrameAndSwitch
                12/6/2017 4:17:23 AMWaitForFeaturesPageLoad: Done executing WaitForFrameAndSwitch
                Unable to find product 'FastSaver' in page or product 'FastSaver' is not selected
                Unable to find product 'Savings On Call' in page or product 'Savings On Call' is not selected
                Unable to find product 'Tertiary Overdraft' in page or product 'Tertiary Overdraft' is not selected
                Unable to find product 'ASB Visa Light Tertiary' in page or product 'ASB Visa Light Tertiary' is not
                selected
                Unable to find product 'ASB Visa Debit Tertiary' in page or product 'ASB Visa Debit Tertiary' is not
                selected
                Unable to find product 'ASB Visa Light Tertiary' in page or product 'ASB Visa Light Tertiary' is not
                selected
                Unable to find product 'Tertiary Overdraft' in page or product 'Tertiary Overdraft' is not selected
                Unable to find product 'Savings On Call' in page or product 'Savings On Call' is not selected
                Unable to find product 'FastSaver' in page or product 'FastSaver' is not selected
                -&gt; done: ProductsPageSteps.WhenIChangeMySelectedProductsTo("Tertiary Cheque") (20.3s)
                And I enter all required details and navigate to Summary page
                --- table step argument ---
                | Title | FirstName | MiddleName | LastName | DateOfBirth | Email | MobileNumber | CountriesCitizenship
                | PreferredIdType | Password | VerbalPassword |
                | Miss | Butcher | Close | Wolf | 1 January 1980 | cob2016@asb.co.nz | 021-RANDOM | New Zealand | Other
                | Kiwi77nz | MyCode01 |
                Given I enter mandatory Tax Information for NZ citizen and clicks on Next button
                -&gt; done: AdditionalPersonalDetailsSteps.GivenIEnterMandatoryTaxInformationForNZCitizen() (0.5s)
                -&gt; done: PersonalDetailsSteps.GivenIEnterAllRequiredDetailsAndNavigateToSummaryPage(&lt;table&gt;)
                (14.9s)
                When I confirm details on the Summary page
                UniqueId:
                Title: Miss
                FirstName: Butcher
                MiddleName: Close
                LastName: Wolf
                Email: cob2016@asb.co.nz
                Gender:
                DateOfBirth: 1/1/1980 12:00:00 AM
                DateCreated:
                LastReviewDate:
                Cals:
                IsIndividual:
                NzCitizen: True
                NzResidence:
                HighValueCustomer:
                StaffMember:
                AmlVerified:
                VipCustomer:
                Addresses: System.Collections.Generic.List`1[ASB.Selenium.DataModel.Customer.Address]
                AddressInformation: ASB.Selenium.DataModel.Customer.AddressInformation
                CompanyName:
                CompanyType:
                CompanySubType:
                CustomerTypeCode:
                IrdNumber:
                TaxClass:
                TaxClassDate:
                IsNzTaxResident: True
                NonResidentCountryCode:
                IsForeignTaxResident: False
                ForeignTaxResidencyStatus:
                IsProfileEnhanced:
                Phones: System.Collections.Generic.List`1[ASB.Selenium.DataModel.Customer.Phone]
                NextOfKin:
                EmploymentDetails:
                LinkedCustomers:
                AccountRelationships:
                IdType:
                Fatca: ASB.Selenium.DataModel.Customer.Fatca
                CitizenshipCountryCodes:
                CitizenshipCountryNames: System.Collections.Generic.List`1[System.String]
                ForeignTaxResidenceTypes:
                System.Collections.Generic.List`1[ASB.Selenium.DataModel.Customer.ForeignTaxResidenceTypes]
                OnboardingDetail: ASB.Selenium.DataModel.Customer.OnboardingDetail
                AddressVerificationStatus:
                IdVerificationStatus:
                PreferredIdType: Other
                IsProfileComplete: True
                DaysRemaining: 0
                OnboardingStatus:
                NewAccounts: System.Collections.Generic.List`1[ASB.Selenium.DataModel.Customer.Accounts]
                FailedAccounts: System.Collections.Generic.List`1[ASB.Selenium.DataModel.Customer.Accounts]
                OnboardingSource: Tertiary
                CustomerCreated:
                LoginCreated:
                RegisteredForNetcode:
                AccountsCreated:
                CustomerAccessToken:
                VerificationPassword: MyCode01
                LoginDetail: ASB.Selenium.DataModel.Customer.Login
                CustomerType:
                Cif:
                Username: bwol83107
                UsernameApi:
                Password: Kiwi77nz&#57348;
                PublicKey:
                AcceptedTermsAndConditions:
                BackgroundCheckConsent:
                PreferredIdType:
                -&gt; done: SummaryPageSteps.WhenIConfirmDetailsOnTheSummaryPage() (2.8s)
                Then the Confirmation page for duplicate 'good' customer with open products is displayed
                -&gt; done: ConfirmationPageSteps.ThenTheConfirmationPageForCustomerIsDisplayed("good") (0.7s)
                And the FNC Login section is displayed
                -&gt; done: ConfirmationPageSteps.ThenTheFNCLoginSectionIsDisplayed() (0.3s)
                And the 'Having trouble logging in?' button opens in a new window
                -&gt; done: CommonSteps.ThenTheButtonOpensInANewWindow("Having trouble lo...") (2.7s)
                And the 'register for internet banking' link opens in a new window
                -&gt; done: CommonSteps.ThenTheLinkOpensInANewWindow("register for inte...") (3.8s)
                And the 'Find a branch' button opens in a new window
                -&gt; done: CommonSteps.ThenTheButtonOpensInANewWindow("Find a branch") (3.0s)
                And FNC Open &amp; Apply page is displayed after login
                -&gt; done: ConfirmationPageSteps.ThenFNCOpenApplyPageIsDisplayedOnClickOfLoginButton() (10.7s)
            </system-out>
        </testcase>
        <testcase name="TER_CNFM_04_VerifyProofOfAddressAndTertiaryCopy_ExistingCustomer" assertions="20"
                  time="41.924937" status="Failed"
                  classname="Join.Form.Customer.Selenium.Features._09_TertiaryProductFeature">

            <failure
                    message="System.InvalidOperationException : Sequence contains no matching element&#10;  One or more failures in Multiple assert block:&#10;  1)   NZQA document text not found!&#10;  Expected: True&#10;  But was:  False&#10;&#10;  2)   Letter from a New Zealand educational institution that is less than three months old. text not found!&#10;  Expected: True&#10;  But was:  False&#10;&#10;  3)   Any posted document which includes your name and home address that's less than 12 months old. This includes Studylink correspondence. text not found!&#10;  Expected: True&#10;  But was:  False&#10;&#10;&#10;TearDown : NUnit.Framework.assertionException :   Verification failures exist. Please check output for details.&#10;  Expected: False&#10;  But was:  True&#10;">
                at System.Linq.Enumerable.First[TSource](IEnumerable`1 source, Func`2 predicate)
                at Join.Form.Customer.Selenium.Pages.ErrorPage.IsShowProofOfStudySectionDisplayed()
                at
                Join.Form.Customer.Selenium.StepDefinitions.ConfirmationPageSteps.ThenTheShowProofOfStudySectionIsDisplayedForTertiaryCustomer()
                at TechTalk.SpecFlow.Bindings.BindingInvoker.InvokeBinding(IBinding binding, IContextManager
                contextManager, Object[] arguments, ITestTracer testTracer, TimeSpan&amp; duration)
                at TechTalk.SpecFlow.Infrastructure.TestExecutionEngine.ExecuteStepMatch(BindingMatch match, Object[]
                arguments)
                at TechTalk.SpecFlow.Infrastructure.TestExecutionEngine.ExecuteStep(StepInstance stepInstance)
                at TechTalk.SpecFlow.Infrastructure.TestExecutionEngine.OnAfterLastStep()
                at Join.Form.Customer.Selenium.Features._09_TertiaryProductFeature.ScenarioCleanup()
                at
                Join.Form.Customer.Selenium.Features._09_TertiaryProductFeature.TER_CNFM_04_VerifyProofOfAddressAndTertiaryCopy_ExistingCustomer()
                --TearDown
                at NUnit.Framework.assert.ReportFailure(String message)
                at NUnit.Framework.assert.That[TActual](TActual actual, IResolveConstraint expression, String message,
                Object[] args)
                at ASB.Test.Automation.Verify.Verify.FailTest()
                at Join.Form.Customer.Selenium.WebDriverSupport.CheckForFailures()
                at Join.Form.Customer.Selenium.WebDriverSupport.DestroyDriver()
                at TechTalk.SpecFlow.Bindings.BindingInvoker.InvokeBinding(IBinding binding, IContextManager
                contextManager, Object[] arguments, ITestTracer testTracer, TimeSpan&amp; duration)
                at TechTalk.SpecFlow.Infrastructure.TestExecutionEngine.FireEvents(HookType bindingEvent)
                at TechTalk.SpecFlow.Infrastructure.TestExecutionEngine.OnScenarioEnd()
                at Join.Form.Customer.Selenium.Features._09_TertiaryProductFeature.ScenarioTearDown()
            </failure>
            <system-out>Given I start my Tertiary application
                Navigating to URL: https://webappisamdev.asbbank.co.nz/public/join/tertiary/?grcDisabled=true
                -&gt; done: CommonSteps.GivenIStartMyTertiaryApplication() (0.5s)
                Given I am an existing ASB customer
                Navigating to URL: https://webappisamdev.asbbank.co.nz/public/join/tertiary/?grcDisabled=true&amp;fncJunctionNumber=104
                -&gt; done: CommonSteps.GivenIAmAnExistingASBCustomer() (0.4s)
                And I select the following products: 'Tertiary Cheque'
                12/6/2017 4:18:24 AMWaitForFeaturesPageLoad: Executing WaitForFrameAndSwitch
                12/6/2017 4:18:24 AMWaitForFeaturesPageLoad: Done executing WaitForFrameAndSwitch
                Unable to find product 'FastSaver' in page or product 'FastSaver' is not selected
                Unable to find product 'Savings On Call' in page or product 'Savings On Call' is not selected
                Unable to find product 'Tertiary Overdraft' in page or product 'Tertiary Overdraft' is not selected
                Unable to find product 'ASB Visa Light Tertiary' in page or product 'ASB Visa Light Tertiary' is not
                selected
                Unable to find product 'ASB Visa Debit Tertiary' in page or product 'ASB Visa Debit Tertiary' is not
                selected
                Unable to find product 'ASB Visa Light Tertiary' in page or product 'ASB Visa Light Tertiary' is not
                selected
                Unable to find product 'Tertiary Overdraft' in page or product 'Tertiary Overdraft' is not selected
                Unable to find product 'Savings On Call' in page or product 'Savings On Call' is not selected
                Unable to find product 'FastSaver' in page or product 'FastSaver' is not selected
                -&gt; done: ProductsPageSteps.WhenIChangeMySelectedProductsTo("Tertiary Cheque") (20.3s)
                And I enter all required details and navigate to Summary page
                --- table step argument ---
                | Title | FirstName | MiddleName | LastName | DateOfBirth | Email | MobileNumber | CountriesCitizenship
                | PreferredIdType | Password | VerbalPassword |
                | Miss | Butcher | Close | Wolf | 1 January 1980 | cob2016@asb.co.nz | 021-RANDOM | New Zealand | Other
                | Kiwi77nz | MyCode01 |
                Given I enter mandatory Tax Information for NZ citizen and clicks on Next button
                -&gt; done: AdditionalPersonalDetailsSteps.GivenIEnterMandatoryTaxInformationForNZCitizen() (0.5s)
                -&gt; done: PersonalDetailsSteps.GivenIEnterAllRequiredDetailsAndNavigateToSummaryPage(&lt;table&gt;)
                (15.0s)
                When I confirm details on the Summary page
                UniqueId:
                Title: Miss
                FirstName: Butcher
                MiddleName: Close
                LastName: Wolf
                Email: cob2016@asb.co.nz
                Gender:
                DateOfBirth: 1/1/1980 12:00:00 AM
                DateCreated:
                LastReviewDate:
                Cals:
                IsIndividual:
                NzCitizen: True
                NzResidence:
                HighValueCustomer:
                StaffMember:
                AmlVerified:
                VipCustomer:
                Addresses: System.Collections.Generic.List`1[ASB.Selenium.DataModel.Customer.Address]
                AddressInformation: ASB.Selenium.DataModel.Customer.AddressInformation
                CompanyName:
                CompanyType:
                CompanySubType:
                CustomerTypeCode:
                IrdNumber:
                TaxClass:
                TaxClassDate:
                IsNzTaxResident: True
                NonResidentCountryCode:
                IsForeignTaxResident: False
                ForeignTaxResidencyStatus:
                IsProfileEnhanced:
                Phones: System.Collections.Generic.List`1[ASB.Selenium.DataModel.Customer.Phone]
                NextOfKin:
                EmploymentDetails:
                LinkedCustomers:
                AccountRelationships:
                IdType:
                Fatca: ASB.Selenium.DataModel.Customer.Fatca
                CitizenshipCountryCodes:
                CitizenshipCountryNames: System.Collections.Generic.List`1[System.String]
                ForeignTaxResidenceTypes:
                System.Collections.Generic.List`1[ASB.Selenium.DataModel.Customer.ForeignTaxResidenceTypes]
                OnboardingDetail: ASB.Selenium.DataModel.Customer.OnboardingDetail
                AddressVerificationStatus:
                IdVerificationStatus:
                PreferredIdType: Other
                IsProfileComplete: True
                DaysRemaining: 0
                OnboardingStatus:
                NewAccounts: System.Collections.Generic.List`1[ASB.Selenium.DataModel.Customer.Accounts]
                FailedAccounts: System.Collections.Generic.List`1[ASB.Selenium.DataModel.Customer.Accounts]
                OnboardingSource: Tertiary
                CustomerCreated:
                LoginCreated:
                RegisteredForNetcode:
                AccountsCreated:
                CustomerAccessToken:
                VerificationPassword: MyCode01
                LoginDetail: ASB.Selenium.DataModel.Customer.Login
                CustomerType:
                Cif:
                Username: bwol05877
                UsernameApi:
                Password: Kiwi77nz&#57348;
                PublicKey:
                AcceptedTermsAndConditions:
                BackgroundCheckConsent:
                PreferredIdType:
                -&gt; done: SummaryPageSteps.WhenIConfirmDetailsOnTheSummaryPage() (2.8s)
                Then the Confirmation page for duplicate 'good' customer with open products is displayed
                -&gt; done: ConfirmationPageSteps.ThenTheConfirmationPageForCustomerIsDisplayed("good") (0.7s)
                And the Proof of Address section is displayed for Tertiary customer
                Failed reason: NZQA document text not found!
                Failed reason: Letter from a New Zealand educational institution that is less than three months old.
                text not found!
                Failed reason: Any posted document which includes your name and home address that's less than 12 months
                old. This includes Studylink correspondence. text not found!
                -&gt; done: ConfirmationPageSteps.ThenTheProofOfAddressSectionIsDisplayedForTertiaryCustomer() (0.1s)
                And the Show Proof of Study section is displayed for Tertiary customer
                -&gt; error: Sequence contains no matching element
                NZQA document text not found!
                Expected: True
                But was: False

                Letter from a New Zealand educational institution that is less than three months old. text not found!
                Expected: True
                But was: False

                Any posted document which includes your name and home address that's less than 12 months old. This
                includes Studylink correspondence. text not found!
                Expected: True
                But was: False

            </system-out>

        </testcase>
        <testcase name="TER_SUMMARY_03_VerifyUI_SummaryPage_PromoCode" assertions="2" time="41.291209" status="Passed"
                  classname="Join.Form.Customer.Selenium.Features._09_TertiaryProductFeature">

            <system-out>-&gt; warning: The previous ScenarioContext was not disposed.
                Given I start my Tertiary application
                Navigating to URL: https://webappisamdev.asbbank.co.nz/public/join/tertiary/?grcDisabled=true
                -&gt; done: CommonSteps.GivenIStartMyTertiaryApplication() (0.6s)
                Given I select the following products: 'Tertiary Cheque, ASB Visa Debit Tertiary, Tertiary Overdraft,
                ASB Visa Light Tertiary'
                12/6/2017 4:19:06 AMWaitForFeaturesPageLoad: Executing WaitForFrameAndSwitch
                12/6/2017 4:19:06 AMWaitForFeaturesPageLoad: Done executing WaitForFrameAndSwitch
                Unable to find product 'Tertiary Overdraft' in page or product 'Tertiary Overdraft' is not selected
                Unable to find product 'ASB Visa Light Tertiary' in page or product 'ASB Visa Light Tertiary' is not
                selected
                Unable to find product 'FastSaver' in page or product 'FastSaver' is not selected
                Unable to find product 'Savings On Call' in page or product 'Savings On Call' is not selected
                Unable to find product 'Savings On Call' in page or product 'Savings On Call' is not selected
                Unable to find product 'FastSaver' in page or product 'FastSaver' is not selected
                -&gt; done: ProductsPageSteps.WhenIChangeMySelectedProductsTo("Tertiary Cheque, ...") (23.6s)
                And I enter all required details and navigate to Summary page
                --- table step argument ---
                | Title | FirstName | MiddleName | LastName | DateOfBirth | Email | MobileNumber | CountriesCitizenship
                | PreferredIdType | Password | VerbalPassword |
                | Miss | Automation | | RANDOM | 16 March 1978 | cob2016@asb.co.nz | 021-1234567890 | New Zealand |
                Other | Kiwi77nz | MyCode01 |
                Given I enter mandatory Tax Information for NZ citizen and clicks on Next button
                -&gt; done: AdditionalPersonalDetailsSteps.GivenIEnterMandatoryTaxInformationForNZCitizen() (0.5s)
                -&gt; done: PersonalDetailsSteps.GivenIEnterAllRequiredDetailsAndNavigateToSummaryPage(&lt;table&gt;)
                (15.0s)
                When I am in the Summary page
                -&gt; done: SummaryPageSteps.GivenIAmInTheSummaryPage() (0.1s)
                Then the Promo Code field is displayed conditionally
                Verifying Promo Code field is NOT displayed
                -&gt; done: SummaryPageSteps.ThenThePromoCodeFieldIsDisplayedConditionally() (1.0s)
            </system-out>
        </testcase>
        <testcase name="TER_SUMMARY_04_VerifyUI_SummaryPage_PromoCodeErrorMessage" assertions="10" time="45.499091"
                  status="Passed" classname="Join.Form.Customer.Selenium.Features._09_TertiaryProductFeature">

            <system-out>Given I start my Tertiary application
                Navigating to URL: https://webappisamdev.asbbank.co.nz/public/join/tertiary/?grcDisabled=true
                -&gt; done: CommonSteps.GivenIStartMyTertiaryApplication() (0.6s)
                Given I select the following products: 'Tertiary Cheque, ASB Visa Debit Tertiary, Tertiary Overdraft,
                ASB Visa Light Tertiary'
                12/6/2017 4:19:47 AMWaitForFeaturesPageLoad: Executing WaitForFrameAndSwitch
                12/6/2017 4:19:47 AMWaitForFeaturesPageLoad: Done executing WaitForFrameAndSwitch
                Unable to find product 'Tertiary Overdraft' in page or product 'Tertiary Overdraft' is not selected
                Unable to find product 'ASB Visa Light Tertiary' in page or product 'ASB Visa Light Tertiary' is not
                selected
                Unable to find product 'FastSaver' in page or product 'FastSaver' is not selected
                Unable to find product 'Savings On Call' in page or product 'Savings On Call' is not selected
                Unable to find product 'Savings On Call' in page or product 'Savings On Call' is not selected
                Unable to find product 'FastSaver' in page or product 'FastSaver' is not selected
                -&gt; done: ProductsPageSteps.WhenIChangeMySelectedProductsTo("Tertiary Cheque, ...") (23.6s)
                And I enter all required details and navigate to Summary page
                --- table step argument ---
                | Title | FirstName | MiddleName | LastName | DateOfBirth | Email | MobileNumber | CountriesCitizenship
                | PreferredIdType | Password | VerbalPassword |
                | Miss | Automation | | RANDOM | 16 March 1978 | cob2016@asb.co.nz | 021-1234567890 | New Zealand |
                Other | Kiwi77nz | MyCode01 |
                Given I enter mandatory Tax Information for NZ citizen and clicks on Next button
                -&gt; done: AdditionalPersonalDetailsSteps.GivenIEnterMandatoryTaxInformationForNZCitizen() (0.5s)
                -&gt; done: PersonalDetailsSteps.GivenIEnterAllRequiredDetailsAndNavigateToSummaryPage(&lt;table&gt;)
                (15.2s)
                When I am in the Summary page
                -&gt; done: SummaryPageSteps.GivenIAmInTheSummaryPage() (0.1s)
                And I enter 'promo1234%^&amp;*()' in the Promo Code field
                Exiting Step: Either Primary Product is null or Promo Code flag is false
                -&gt; done: SummaryPageSteps.WhenIEnterInThePromoCodeField("promo1234%^&amp;*()") (0.0s)
                And I confirm details on the Summary page
                UniqueId:
                Title: Miss
                FirstName: Automation
                MiddleName:
                LastName: COB-fijQS
                Email: cob2016@asb.co.nz
                Gender:
                DateOfBirth: 3/16/1978 12:00:00 AM
                DateCreated:
                LastReviewDate:
                Cals:
                IsIndividual:
                NzCitizen: True
                NzResidence:
                HighValueCustomer:
                StaffMember:
                AmlVerified:
                VipCustomer:
                Addresses: System.Collections.Generic.List`1[ASB.Selenium.DataModel.Customer.Address]
                AddressInformation: ASB.Selenium.DataModel.Customer.AddressInformation
                CompanyName:
                CompanyType:
                CompanySubType:
                CustomerTypeCode:
                IrdNumber:
                TaxClass:
                TaxClassDate:
                IsNzTaxResident: True
                NonResidentCountryCode:
                IsForeignTaxResident: False
                ForeignTaxResidencyStatus:
                IsProfileEnhanced:
                Phones: System.Collections.Generic.List`1[ASB.Selenium.DataModel.Customer.Phone]
                NextOfKin:
                EmploymentDetails:
                LinkedCustomers:
                AccountRelationships:
                IdType:
                Fatca: ASB.Selenium.DataModel.Customer.Fatca
                CitizenshipCountryCodes:
                CitizenshipCountryNames: System.Collections.Generic.List`1[System.String]
                ForeignTaxResidenceTypes:
                System.Collections.Generic.List`1[ASB.Selenium.DataModel.Customer.ForeignTaxResidenceTypes]
                OnboardingDetail: ASB.Selenium.DataModel.Customer.OnboardingDetail
                AddressVerificationStatus:
                IdVerificationStatus:
                PreferredIdType: Other
                IsProfileComplete: True
                DaysRemaining: 0
                OnboardingStatus:
                NewAccounts: System.Collections.Generic.List`1[ASB.Selenium.DataModel.Customer.Accounts]
                FailedAccounts: System.Collections.Generic.List`1[ASB.Selenium.DataModel.Customer.Accounts]
                OnboardingSource: Tertiary
                CustomerCreated:
                LoginCreated:
                RegisteredForNetcode:
                AccountsCreated:
                CustomerAccessToken:
                VerificationPassword: MyCode01
                LoginDetail: ASB.Selenium.DataModel.Customer.Login
                CustomerType:
                Cif:
                Username: acob40155
                UsernameApi:
                Password: Kiwi77nz&#57348;
                PublicKey:
                AcceptedTermsAndConditions:
                BackgroundCheckConsent:
                PreferredIdType:
                -&gt; done: SummaryPageSteps.WhenIConfirmDetailsOnTheSummaryPage() (2.8s)
                Then the Promo Code error message is displayed
                Exiting Step: Either Primary Product is null or Promo Code flag is false
                -&gt; done: SummaryPageSteps.ThenThePromoCodeErrorMessageIsDisplayed() (0.0s)
            </system-out>
        </testcase>
        <testcase name="TER_SUMMARY_05_VerifyUI_SummaryPage_PromoCodeFieldLengthValidation" assertions="1"
                  time="42.694004" status="Passed"
                  classname="Join.Form.Customer.Selenium.Features._09_TertiaryProductFeature">

            <system-out>Given I start my Tertiary application
                Navigating to URL: https://webappisamdev.asbbank.co.nz/public/join/tertiary/?grcDisabled=true
                -&gt; done: CommonSteps.GivenIStartMyTertiaryApplication() (0.7s)
                Given I select the following products: 'Tertiary Cheque, ASB Visa Debit Tertiary, Tertiary Overdraft,
                ASB Visa Light Tertiary'
                12/6/2017 4:20:33 AMWaitForFeaturesPageLoad: Executing WaitForFrameAndSwitch
                12/6/2017 4:20:33 AMWaitForFeaturesPageLoad: Done executing WaitForFrameAndSwitch
                Unable to find product 'Tertiary Overdraft' in page or product 'Tertiary Overdraft' is not selected
                Unable to find product 'ASB Visa Light Tertiary' in page or product 'ASB Visa Light Tertiary' is not
                selected
                Unable to find product 'FastSaver' in page or product 'FastSaver' is not selected
                Unable to find product 'Savings On Call' in page or product 'Savings On Call' is not selected
                Unable to find product 'Savings On Call' in page or product 'Savings On Call' is not selected
                Unable to find product 'FastSaver' in page or product 'FastSaver' is not selected
                -&gt; done: ProductsPageSteps.WhenIChangeMySelectedProductsTo("Tertiary Cheque, ...") (23.5s)
                And I enter all required details and navigate to Summary page
                --- table step argument ---
                | Title | FirstName | MiddleName | LastName | DateOfBirth | Email | MobileNumber | CountriesCitizenship
                | PreferredIdType | Password | VerbalPassword |
                | Miss | Automation | | RANDOM | 16 March 1978 | cob2016@asb.co.nz | 021-1234567890 | New Zealand |
                Other | Kiwi77nz | MyCode01 |
                Given I enter mandatory Tax Information for NZ citizen and clicks on Next button
                -&gt; done: AdditionalPersonalDetailsSteps.GivenIEnterMandatoryTaxInformationForNZCitizen() (0.5s)
                -&gt; done: PersonalDetailsSteps.GivenIEnterAllRequiredDetailsAndNavigateToSummaryPage(&lt;table&gt;)
                (15.1s)
                When I am in the Summary page
                -&gt; done: SummaryPageSteps.GivenIAmInTheSummaryPage() (0.1s)
                And I enter '51' characters in the Promo Code field
                Exiting Step: Either Primary Product is null or Promo Code flag is false
                -&gt; done: SummaryPageSteps.WhenIEnterCharactersInThePromoCodeField(51) (0.0s)
                Then only the first '50' characters will be accepted in the Promo Code field
                Exiting Step: Either Primary Product is null or Promo Code flag is false
                -&gt; done: SummaryPageSteps.ThenOnlyTheFirstCharactersWillBeAcceptedInThePromoCodeField(50) (0.0s)
            </system-out>
        </testcase>
    </testsuite>
    <testsuite tests="3" time="471.436404" errors="0" failures="3" skipped="0" timestamp="2017-12-05 15:00:34Z"
               name="Join.Form.Customer.Selenium.dll.Join.Form.Customer.Selenium.Features._09_TertiaryProductFeature.TER_ACTSUM_01_NZCitizen.">
        <testcase
                name="TER_ACTSUM_01_NZCitizen(&quot;Tertiary Cheque only&quot;,&quot;Tertiary Cheque&quot;,System.String[])"
                assertions="11" time="157.181908" status="Failed"
                classname="Join.Form.Customer.Selenium.Features._09_TertiaryProductFeature">

            <failure message="System.Exception : Timeout error: Activation page is NOT displayed!">at
                ASB.Test.Automation.Utils.Retry.Retry.Execute(Func`1 function, Int32 retryInterval, Int32 retryCount,
                String exceptionMessage)
                at Selenium.Steps.COB.ActivationSummary.ActivationSummarySteps.ThenTheActivationPageIsDisplayed()
                at TechTalk.SpecFlow.Bindings.BindingInvoker.InvokeBinding(IBinding binding, IContextManager
                contextManager, Object[] arguments, ITestTracer testTracer, TimeSpan&amp; duration)
                at TechTalk.SpecFlow.Infrastructure.TestExecutionEngine.ExecuteStepMatch(BindingMatch match, Object[]
                arguments)
                at TechTalk.SpecFlow.Infrastructure.TestExecutionEngine.ExecuteStep(StepInstance stepInstance)
                at TechTalk.SpecFlow.Infrastructure.TestExecutionEngine.OnAfterLastStep()
                at Join.Form.Customer.Selenium.Features._09_TertiaryProductFeature.ScenarioCleanup()
                at Join.Form.Customer.Selenium.Features._09_TertiaryProductFeature.TER_ACTSUM_01_NZCitizen(String
                scenario, String products, String[] exampleTags)
            </failure>
            <system-out>Given I start my Tertiary application
                Navigating to URL: https://webappisamdev.asbbank.co.nz/public/join/tertiary/?grcDisabled=true
                -&gt; done: CommonSteps.GivenIStartMyTertiaryApplication() (0.6s)
                Given I select the following products: 'Tertiary Cheque'
                12/6/2017 4:00:46 AMWaitForFeaturesPageLoad: Executing WaitForFrameAndSwitch
                12/6/2017 4:00:46 AMWaitForFeaturesPageLoad: Done executing WaitForFrameAndSwitch
                Unable to find product 'FastSaver' in page or product 'FastSaver' is not selected
                Unable to find product 'Savings On Call' in page or product 'Savings On Call' is not selected
                Unable to find product 'Tertiary Overdraft' in page or product 'Tertiary Overdraft' is not selected
                Unable to find product 'ASB Visa Light Tertiary' in page or product 'ASB Visa Light Tertiary' is not
                selected
                Unable to find product 'ASB Visa Debit Tertiary' in page or product 'ASB Visa Debit Tertiary' is not
                selected
                Unable to find product 'ASB Visa Light Tertiary' in page or product 'ASB Visa Light Tertiary' is not
                selected
                Unable to find product 'Tertiary Overdraft' in page or product 'Tertiary Overdraft' is not selected
                Unable to find product 'Savings On Call' in page or product 'Savings On Call' is not selected
                Unable to find product 'FastSaver' in page or product 'FastSaver' is not selected
                -&gt; done: ProductsPageSteps.WhenIChangeMySelectedProductsTo("Tertiary Cheque") (20.3s)
                And I enter all required details and navigate to Summary page
                --- table step argument ---
                | Title | FirstName | MiddleName | LastName | DateOfBirth | Email | MobileNumber | CountriesCitizenship
                | PreferredIdType | Password | VerbalPassword |
                | Miss | AutomationNZ | | RANDOM | 16 March 1978 | Jay.Pamilacan@asb.co.nz | 021-1234567890 | New
                Zealand | Other | Kiwi77nz | MyCode01 |
                Given I enter mandatory Tax Information for NZ citizen and clicks on Next button
                -&gt; done: AdditionalPersonalDetailsSteps.GivenIEnterMandatoryTaxInformationForNZCitizen() (0.5s)
                -&gt; done: PersonalDetailsSteps.GivenIEnterAllRequiredDetailsAndNavigateToSummaryPage(&lt;table&gt;)
                (22.2s)
                When I confirm details on the Summary page
                UniqueId:
                Title: Miss
                FirstName: AutomationNZ
                MiddleName:
                LastName: COB-pNMnF
                Email: Jay.Pamilacan@asb.co.nz
                Gender:
                DateOfBirth: 3/16/1978 12:00:00 AM
                DateCreated:
                LastReviewDate:
                Cals:
                IsIndividual:
                NzCitizen: True
                NzResidence:
                HighValueCustomer:
                StaffMember:
                AmlVerified:
                VipCustomer:
                Addresses: System.Collections.Generic.List`1[ASB.Selenium.DataModel.Customer.Address]
                AddressInformation: ASB.Selenium.DataModel.Customer.AddressInformation
                CompanyName:
                CompanyType:
                CompanySubType:
                CustomerTypeCode:
                IrdNumber:
                TaxClass:
                TaxClassDate:
                IsNzTaxResident: True
                NonResidentCountryCode:
                IsForeignTaxResident: False
                ForeignTaxResidencyStatus:
                IsProfileEnhanced:
                Phones: System.Collections.Generic.List`1[ASB.Selenium.DataModel.Customer.Phone]
                NextOfKin:
                EmploymentDetails:
                LinkedCustomers:
                AccountRelationships:
                IdType:
                Fatca: ASB.Selenium.DataModel.Customer.Fatca
                CitizenshipCountryCodes:
                CitizenshipCountryNames: System.Collections.Generic.List`1[System.String]
                ForeignTaxResidenceTypes:
                System.Collections.Generic.List`1[ASB.Selenium.DataModel.Customer.ForeignTaxResidenceTypes]
                OnboardingDetail: ASB.Selenium.DataModel.Customer.OnboardingDetail
                AddressVerificationStatus:
                IdVerificationStatus:
                PreferredIdType: Other
                IsProfileComplete: True
                DaysRemaining: 0
                OnboardingStatus:
                NewAccounts: System.Collections.Generic.List`1[ASB.Selenium.DataModel.Customer.Accounts]
                FailedAccounts: System.Collections.Generic.List`1[ASB.Selenium.DataModel.Customer.Accounts]
                OnboardingSource: Tertiary
                CustomerCreated:
                LoginCreated:
                RegisteredForNetcode:
                AccountsCreated:
                CustomerAccessToken:
                VerificationPassword: MyCode01
                LoginDetail: ASB.Selenium.DataModel.Customer.Login
                CustomerType:
                Cif:
                Username: acob41935
                UsernameApi:
                Password: Kiwi77nz&#57348;
                PublicKey:
                AcceptedTermsAndConditions:
                BackgroundCheckConsent:
                PreferredIdType:
                -&gt; done: SummaryPageSteps.WhenIConfirmDetailsOnTheSummaryPage() (2.8s)
                Then the 'Processing' screen of Join ASB page is displayed
                -&gt; done: CommonSteps.ThenTheScreenOfJoinASBPageIsDisplayed("Processing") (0.0s)
                And the Logging you in progress page is displayed
                -&gt; done: ConfirmationPageSteps.ThenTheLoggingYouInProgressPageIsDisplayed() (15.2s)
                And the Activation page is displayed
                12/6/2017 4:01:37 AMThenTheActivationPageIsDisplayed: IsActivationPageDisplayed STARTED
                12/6/2017 4:02:08 AMThenTheActivationPageIsDisplayed: IsActivationPageDisplayed DONE
                12/6/2017 4:02:08 AMThenTheActivationPageIsDisplayed: IsSectionDisplayed STARTED
                12/6/2017 4:02:38 AMThenTheActivationPageIsDisplayed: IsSectionDisplayed DONE
                -&gt; error: Timeout error: Activation page is NOT displayed!
                And the account number and product name is displayed for the selected products
                -&gt; skipped because of previous errors
                And the Profile Details section is displayed
                -&gt; skipped because of previous errors
                And the Proof of Address section is displayed
                -&gt; skipped because of previous errors
                And the Confirm Identity section is displayed
                -&gt; skipped because of previous errors
                And the Show Proof of Study section is displayed
                -&gt; skipped because of previous errors
                And the See a complete list of acceptable documents text is displayed conditionally
                -&gt; skipped because of previous errors
                And the Find a branch button is displayed conditionally
                -&gt; skipped because of previous errors
            </system-out>
        </testcase>
        <testcase
                name="TER_ACTSUM_01_NZCitizen(&quot;Default Tertiary Products&quot;,&quot;Tertiary Cheque, ASB Visa Debit Tertiary&quot;,System.String[])"
                assertions="11" time="155.008850" status="Failed"
                classname="Join.Form.Customer.Selenium.Features._09_TertiaryProductFeature">

            <failure message="System.Exception : Timeout error: Activation page is NOT displayed!">at
                ASB.Test.Automation.Utils.Retry.Retry.Execute(Func`1 function, Int32 retryInterval, Int32 retryCount,
                String exceptionMessage)
                at Selenium.Steps.COB.ActivationSummary.ActivationSummarySteps.ThenTheActivationPageIsDisplayed()
                at TechTalk.SpecFlow.Bindings.BindingInvoker.InvokeBinding(IBinding binding, IContextManager
                contextManager, Object[] arguments, ITestTracer testTracer, TimeSpan&amp; duration)
                at TechTalk.SpecFlow.Infrastructure.TestExecutionEngine.ExecuteStepMatch(BindingMatch match, Object[]
                arguments)
                at TechTalk.SpecFlow.Infrastructure.TestExecutionEngine.ExecuteStep(StepInstance stepInstance)
                at TechTalk.SpecFlow.Infrastructure.TestExecutionEngine.OnAfterLastStep()
                at Join.Form.Customer.Selenium.Features._09_TertiaryProductFeature.ScenarioCleanup()
                at Join.Form.Customer.Selenium.Features._09_TertiaryProductFeature.TER_ACTSUM_01_NZCitizen(String
                scenario, String products, String[] exampleTags)
            </failure>
            <system-out>Given I start my Tertiary application
                Navigating to URL: https://webappisamdev.asbbank.co.nz/public/join/tertiary/?grcDisabled=true
                -&gt; done: CommonSteps.GivenIStartMyTertiaryApplication() (0.6s)
                Given I select the following products: 'Tertiary Cheque, ASB Visa Debit Tertiary'
                12/6/2017 4:03:23 AMWaitForFeaturesPageLoad: Executing WaitForFrameAndSwitch
                12/6/2017 4:03:23 AMWaitForFeaturesPageLoad: Done executing WaitForFrameAndSwitch
                Unable to find product 'FastSaver' in page or product 'FastSaver' is not selected
                Unable to find product 'Savings On Call' in page or product 'Savings On Call' is not selected
                Unable to find product 'Tertiary Overdraft' in page or product 'Tertiary Overdraft' is not selected
                Unable to find product 'ASB Visa Light Tertiary' in page or product 'ASB Visa Light Tertiary' is not
                selected
                Unable to find product 'ASB Visa Light Tertiary' in page or product 'ASB Visa Light Tertiary' is not
                selected
                Unable to find product 'Tertiary Overdraft' in page or product 'Tertiary Overdraft' is not selected
                Unable to find product 'Savings On Call' in page or product 'Savings On Call' is not selected
                Unable to find product 'FastSaver' in page or product 'FastSaver' is not selected
                -&gt; done: ProductsPageSteps.WhenIChangeMySelectedProductsTo("Tertiary Cheque, ...") (19.4s)
                And I enter all required details and navigate to Summary page
                --- table step argument ---
                | Title | FirstName | MiddleName | LastName | DateOfBirth | Email | MobileNumber | CountriesCitizenship
                | PreferredIdType | Password | VerbalPassword |
                | Miss | AutomationNZ | | RANDOM | 16 March 1978 | Jay.Pamilacan@asb.co.nz | 021-1234567890 | New
                Zealand | Other | Kiwi77nz | MyCode01 |
                Given I enter mandatory Tax Information for NZ citizen and clicks on Next button
                -&gt; done: AdditionalPersonalDetailsSteps.GivenIEnterMandatoryTaxInformationForNZCitizen() (0.5s)
                -&gt; done: PersonalDetailsSteps.GivenIEnterAllRequiredDetailsAndNavigateToSummaryPage(&lt;table&gt;)
                (21.6s)
                When I confirm details on the Summary page
                UniqueId:
                Title: Miss
                FirstName: AutomationNZ
                MiddleName:
                LastName: COB-uNbrw
                Email: Jay.Pamilacan@asb.co.nz
                Gender:
                DateOfBirth: 3/16/1978 12:00:00 AM
                DateCreated:
                LastReviewDate:
                Cals:
                IsIndividual:
                NzCitizen: True
                NzResidence:
                HighValueCustomer:
                StaffMember:
                AmlVerified:
                VipCustomer:
                Addresses: System.Collections.Generic.List`1[ASB.Selenium.DataModel.Customer.Address]
                AddressInformation: ASB.Selenium.DataModel.Customer.AddressInformation
                CompanyName:
                CompanyType:
                CompanySubType:
                CustomerTypeCode:
                IrdNumber:
                TaxClass:
                TaxClassDate:
                IsNzTaxResident: True
                NonResidentCountryCode:
                IsForeignTaxResident: False
                ForeignTaxResidencyStatus:
                IsProfileEnhanced:
                Phones: System.Collections.Generic.List`1[ASB.Selenium.DataModel.Customer.Phone]
                NextOfKin:
                EmploymentDetails:
                LinkedCustomers:
                AccountRelationships:
                IdType:
                Fatca: ASB.Selenium.DataModel.Customer.Fatca
                CitizenshipCountryCodes:
                CitizenshipCountryNames: System.Collections.Generic.List`1[System.String]
                ForeignTaxResidenceTypes:
                System.Collections.Generic.List`1[ASB.Selenium.DataModel.Customer.ForeignTaxResidenceTypes]
                OnboardingDetail: ASB.Selenium.DataModel.Customer.OnboardingDetail
                AddressVerificationStatus:
                IdVerificationStatus:
                PreferredIdType: Other
                IsProfileComplete: True
                DaysRemaining: 0
                OnboardingStatus:
                NewAccounts: System.Collections.Generic.List`1[ASB.Selenium.DataModel.Customer.Accounts]
                FailedAccounts: System.Collections.Generic.List`1[ASB.Selenium.DataModel.Customer.Accounts]
                OnboardingSource: Tertiary
                CustomerCreated:
                LoginCreated:
                RegisteredForNetcode:
                AccountsCreated:
                CustomerAccessToken:
                VerificationPassword: MyCode01
                LoginDetail: ASB.Selenium.DataModel.Customer.Login
                CustomerType:
                Cif:
                Username: acob47778
                UsernameApi:
                Password: Kiwi77nz&#57348;
                PublicKey:
                AcceptedTermsAndConditions:
                BackgroundCheckConsent:
                PreferredIdType:
                -&gt; done: SummaryPageSteps.WhenIConfirmDetailsOnTheSummaryPage() (2.8s)
                Then the 'Processing' screen of Join ASB page is displayed
                -&gt; done: CommonSteps.ThenTheScreenOfJoinASBPageIsDisplayed("Processing") (0.1s)
                And the Logging you in progress page is displayed
                -&gt; done: ConfirmationPageSteps.ThenTheLoggingYouInProgressPageIsDisplayed() (14.7s)
                And the Activation page is displayed
                12/6/2017 4:04:13 AMThenTheActivationPageIsDisplayed: IsActivationPageDisplayed STARTED
                12/6/2017 4:04:43 AMThenTheActivationPageIsDisplayed: IsActivationPageDisplayed DONE
                12/6/2017 4:04:43 AMThenTheActivationPageIsDisplayed: IsSectionDisplayed STARTED
                12/6/2017 4:05:13 AMThenTheActivationPageIsDisplayed: IsSectionDisplayed DONE
                -&gt; error: Timeout error: Activation page is NOT displayed!
                And the account number and product name is displayed for the selected products
                -&gt; skipped because of previous errors
                And the Profile Details section is displayed
                -&gt; skipped because of previous errors
                And the Proof of Address section is displayed
                -&gt; skipped because of previous errors
                And the Confirm Identity section is displayed
                -&gt; skipped because of previous errors
                And the Show Proof of Study section is displayed
                -&gt; skipped because of previous errors
                And the See a complete list of acceptable documents text is displayed conditionally
                -&gt; skipped because of previous errors
                And the Find a branch button is displayed conditionally
                -&gt; skipped because of previous errors
            </system-out>
        </testcase>
        <testcase
                name="TER_ACTSUM_01_NZCitizen(&quot;All Tertiary Products&quot;,&quot;Tertiary Cheque, ASB Visa Debit Tertiary, Tertiary Overdraft, ASB Visa Light Tertiary,Savings On Call,FastSaver&quot;,System.String[])"
                assertions="11" time="159.172883" status="Failed"
                classname="Join.Form.Customer.Selenium.Features._09_TertiaryProductFeature">

            <failure message="System.Exception : Timeout error: Activation page is NOT displayed!">at
                ASB.Test.Automation.Utils.Retry.Retry.Execute(Func`1 function, Int32 retryInterval, Int32 retryCount,
                String exceptionMessage)
                at Selenium.Steps.COB.ActivationSummary.ActivationSummarySteps.ThenTheActivationPageIsDisplayed()
                at TechTalk.SpecFlow.Bindings.BindingInvoker.InvokeBinding(IBinding binding, IContextManager
                contextManager, Object[] arguments, ITestTracer testTracer, TimeSpan&amp; duration)
                at TechTalk.SpecFlow.Infrastructure.TestExecutionEngine.ExecuteStepMatch(BindingMatch match, Object[]
                arguments)
                at TechTalk.SpecFlow.Infrastructure.TestExecutionEngine.ExecuteStep(StepInstance stepInstance)
                at TechTalk.SpecFlow.Infrastructure.TestExecutionEngine.OnAfterLastStep()
                at Join.Form.Customer.Selenium.Features._09_TertiaryProductFeature.ScenarioCleanup()
                at Join.Form.Customer.Selenium.Features._09_TertiaryProductFeature.TER_ACTSUM_01_NZCitizen(String
                scenario, String products, String[] exampleTags)
            </failure>
            <system-out>Given I start my Tertiary application
                Navigating to URL: https://webappisamdev.asbbank.co.nz/public/join/tertiary/?grcDisabled=true
                -&gt; done: CommonSteps.GivenIStartMyTertiaryApplication() (0.6s)
                Given I select the following products: 'Tertiary Cheque, ASB Visa Debit Tertiary, Tertiary Overdraft,
                ASB Visa Light Tertiary,Savings On Call,FastSaver'
                12/6/2017 4:05:58 AMWaitForFeaturesPageLoad: Executing WaitForFrameAndSwitch
                12/6/2017 4:05:58 AMWaitForFeaturesPageLoad: Done executing WaitForFrameAndSwitch
                Unable to find product 'Tertiary Overdraft' in page or product 'Tertiary Overdraft' is not selected
                Unable to find product 'ASB Visa Light Tertiary' in page or product 'ASB Visa Light Tertiary' is not
                selected
                Unable to find product 'Savings On Call' in page or product 'Savings On Call' is not selected
                Unable to find product 'FastSaver' in page or product 'FastSaver' is not selected
                -&gt; done: ProductsPageSteps.WhenIChangeMySelectedProductsTo("Tertiary Cheque, ...") (27.6s)
                And I enter all required details and navigate to Summary page
                --- table step argument ---
                | Title | FirstName | MiddleName | LastName | DateOfBirth | Email | MobileNumber | CountriesCitizenship
                | PreferredIdType | Password | VerbalPassword |
                | Miss | AutomationNZ | | RANDOM | 16 March 1978 | Jay.Pamilacan@asb.co.nz | 021-1234567890 | New
                Zealand | Other | Kiwi77nz | MyCode01 |
                Given I enter mandatory Tax Information for NZ citizen and clicks on Next button
                -&gt; done: AdditionalPersonalDetailsSteps.GivenIEnterMandatoryTaxInformationForNZCitizen() (0.5s)
                -&gt; done: PersonalDetailsSteps.GivenIEnterAllRequiredDetailsAndNavigateToSummaryPage(&lt;table&gt;)
                (15.7s)
                When I confirm details on the Summary page
                UniqueId:
                Title: Miss
                FirstName: AutomationNZ
                MiddleName:
                LastName: COB-ZJygv
                Email: Jay.Pamilacan@asb.co.nz
                Gender:
                DateOfBirth: 3/16/1978 12:00:00 AM
                DateCreated:
                LastReviewDate:
                Cals:
                IsIndividual:
                NzCitizen: True
                NzResidence:
                HighValueCustomer:
                StaffMember:
                AmlVerified:
                VipCustomer:
                Addresses: System.Collections.Generic.List`1[ASB.Selenium.DataModel.Customer.Address]
                AddressInformation: ASB.Selenium.DataModel.Customer.AddressInformation
                CompanyName:
                CompanyType:
                CompanySubType:
                CustomerTypeCode:
                IrdNumber:
                TaxClass:
                TaxClassDate:
                IsNzTaxResident: True
                NonResidentCountryCode:
                IsForeignTaxResident: False
                ForeignTaxResidencyStatus:
                IsProfileEnhanced:
                Phones: System.Collections.Generic.List`1[ASB.Selenium.DataModel.Customer.Phone]
                NextOfKin:
                EmploymentDetails:
                LinkedCustomers:
                AccountRelationships:
                IdType:
                Fatca: ASB.Selenium.DataModel.Customer.Fatca
                CitizenshipCountryCodes:
                CitizenshipCountryNames: System.Collections.Generic.List`1[System.String]
                ForeignTaxResidenceTypes:
                System.Collections.Generic.List`1[ASB.Selenium.DataModel.Customer.ForeignTaxResidenceTypes]
                OnboardingDetail: ASB.Selenium.DataModel.Customer.OnboardingDetail
                AddressVerificationStatus:
                IdVerificationStatus:
                PreferredIdType: Other
                IsProfileComplete: True
                DaysRemaining: 0
                OnboardingStatus:
                NewAccounts: System.Collections.Generic.List`1[ASB.Selenium.DataModel.Customer.Accounts]
                FailedAccounts: System.Collections.Generic.List`1[ASB.Selenium.DataModel.Customer.Accounts]
                OnboardingSource: Tertiary
                CustomerCreated:
                LoginCreated:
                RegisteredForNetcode:
                AccountsCreated:
                CustomerAccessToken:
                VerificationPassword: MyCode01
                LoginDetail: ASB.Selenium.DataModel.Customer.Login
                CustomerType:
                Cif:
                Username: acob73604
                UsernameApi:
                Password: Kiwi77nz&#57348;
                PublicKey:
                AcceptedTermsAndConditions:
                BackgroundCheckConsent:
                PreferredIdType:
                -&gt; done: SummaryPageSteps.WhenIConfirmDetailsOnTheSummaryPage() (2.8s)
                Then the 'Processing' screen of Join ASB page is displayed
                -&gt; done: CommonSteps.ThenTheScreenOfJoinASBPageIsDisplayed("Processing") (0.0s)
                And the Logging you in progress page is displayed
                -&gt; done: ConfirmationPageSteps.ThenTheLoggingYouInProgressPageIsDisplayed() (16.5s)
                And the Activation page is displayed
                12/6/2017 4:06:52 AMThenTheActivationPageIsDisplayed: IsActivationPageDisplayed STARTED
                12/6/2017 4:07:22 AMThenTheActivationPageIsDisplayed: IsActivationPageDisplayed DONE
                12/6/2017 4:07:22 AMThenTheActivationPageIsDisplayed: IsSectionDisplayed STARTED
                12/6/2017 4:07:52 AMThenTheActivationPageIsDisplayed: IsSectionDisplayed DONE
                -&gt; error: Timeout error: Activation page is NOT displayed!
                And the account number and product name is displayed for the selected products
                -&gt; skipped because of previous errors
                And the Profile Details section is displayed
                -&gt; skipped because of previous errors
                And the Proof of Address section is displayed
                -&gt; skipped because of previous errors
                And the Confirm Identity section is displayed
                -&gt; skipped because of previous errors
                And the Show Proof of Study section is displayed
                -&gt; skipped because of previous errors
                And the See a complete list of acceptable documents text is displayed conditionally
                -&gt; skipped because of previous errors
                And the Find a branch button is displayed conditionally
                -&gt; skipped because of previous errors
            </system-out>
        </testcase>
    </testsuite>
    <testsuite tests="3" time="429.779941" errors="0" failures="3" skipped="0" timestamp="2017-12-05 15:08:26Z"
               name="Join.Form.Customer.Selenium.dll.Join.Form.Customer.Selenium.Features._09_TertiaryProductFeature.TER_ACTSUM_02_Non_NZCitizen.">
        <testcase
                name="TER_ACTSUM_02_Non_NZCitizen(&quot;Tertiary Cheque only&quot;,&quot;Tertiary Cheque&quot;,System.String[])"
                assertions="12" time="143.296492" status="Failed"
                classname="Join.Form.Customer.Selenium.Features._09_TertiaryProductFeature">

            <failure message="System.Exception : Timeout error: Activation page is NOT displayed!">at
                ASB.Test.Automation.Utils.Retry.Retry.Execute(Func`1 function, Int32 retryInterval, Int32 retryCount,
                String exceptionMessage)
                at Selenium.Steps.COB.ActivationSummary.ActivationSummarySteps.ThenTheActivationPageIsDisplayed()
                at TechTalk.SpecFlow.Bindings.BindingInvoker.InvokeBinding(IBinding binding, IContextManager
                contextManager, Object[] arguments, ITestTracer testTracer, TimeSpan&amp; duration)
                at TechTalk.SpecFlow.Infrastructure.TestExecutionEngine.ExecuteStepMatch(BindingMatch match, Object[]
                arguments)
                at TechTalk.SpecFlow.Infrastructure.TestExecutionEngine.ExecuteStep(StepInstance stepInstance)
                at TechTalk.SpecFlow.Infrastructure.TestExecutionEngine.OnAfterLastStep()
                at Join.Form.Customer.Selenium.Features._09_TertiaryProductFeature.ScenarioCleanup()
                at Join.Form.Customer.Selenium.Features._09_TertiaryProductFeature.TER_ACTSUM_02_Non_NZCitizen(String
                scenario, String products, String[] exampleTags)
            </failure>
            <system-out>Given I start my Tertiary application
                Navigating to URL: https://webappisamdev.asbbank.co.nz/public/join/tertiary/?grcDisabled=true
                -&gt; done: CommonSteps.GivenIStartMyTertiaryApplication() (0.7s)
                Given I am in the Introduction page
                12/6/2017 4:08:27 AMWaitForFeaturesPageLoad: Executing WaitForFrameAndSwitch
                12/6/2017 4:08:28 AMWaitForFeaturesPageLoad: Done executing WaitForFrameAndSwitch
                -&gt; done: IntroductionPageSteps.GivenIAmInTheIntroductionPage() (3.5s)
                And I select 'Yes' in the NZQA question
                -&gt; done: IntroductionPageSteps.WhenISelectInTheNzqaQuestion("Yes") (0.2s)
                And I select 'Yes' in the Over 17 question
                -&gt; done: IntroductionPageSteps.WhenISelectInTheOver17Question("Yes") (0.2s)
                And I select 'No' in the NZ Citizen question
                -&gt; done: IntroductionPageSteps.WhenISelectInTheNzCitizenQuestion("No") (0.1s)
                And I click on 'Get started' button
                -&gt; done: CommonSteps.WhenIClickOnButton("Get started") (0.1s)
                And I select the following products: 'Tertiary Cheque'
                Unable to find product 'FastSaver' in page or product 'FastSaver' is not selected
                Unable to find product 'Savings On Call' in page or product 'Savings On Call' is not selected
                Unable to find product 'ASB Visa Debit Tertiary' in page or product 'ASB Visa Debit Tertiary' is not
                selected
                Unable to find product 'ASB Visa Light Tertiary' in page or product 'ASB Visa Light Tertiary' is not
                selected
                Unable to find product 'Tertiary Overdraft' in page or product 'Tertiary Overdraft' is not selected
                Unable to find product 'Savings On Call' in page or product 'Savings On Call' is not selected
                Unable to find product 'FastSaver' in page or product 'FastSaver' is not selected
                -&gt; done: ProductsPageSteps.WhenIChangeMySelectedProductsTo("Tertiary Cheque") (7.5s)
                And I enter all required details and navigate to Summary page
                --- table step argument ---
                | Title | FirstName | MiddleName | LastName | DateOfBirth | Email | MobileNumber | CountriesCitizenship
                | PreferredIdType | Password | VerbalPassword |
                | Miss | Automation | | RANDOM | 16 March 1978 | Jay.Pamilacan@asb.co.nz | 021-1234567890 | New Zealand
                | Other | Kiwi77nz | MyCode01 |
                Given I enter mandatory Tax Information for NZ citizen and clicks on Next button
                -&gt; done: AdditionalPersonalDetailsSteps.GivenIEnterMandatoryTaxInformationForNZCitizen() (0.5s)
                -&gt; done: PersonalDetailsSteps.GivenIEnterAllRequiredDetailsAndNavigateToSummaryPage(&lt;table&gt;)
                (15.9s)
                When I confirm details on the Summary page
                UniqueId:
                Title: Miss
                FirstName: Automation
                MiddleName:
                LastName: COB-dlZUX
                Email: Jay.Pamilacan@asb.co.nz
                Gender:
                DateOfBirth: 3/16/1978 12:00:00 AM
                DateCreated:
                LastReviewDate:
                Cals:
                IsIndividual:
                NzCitizen: False
                NzResidence:
                HighValueCustomer:
                StaffMember:
                AmlVerified:
                VipCustomer:
                Addresses: System.Collections.Generic.List`1[ASB.Selenium.DataModel.Customer.Address]
                AddressInformation: ASB.Selenium.DataModel.Customer.AddressInformation
                CompanyName:
                CompanyType:
                CompanySubType:
                CustomerTypeCode:
                IrdNumber:
                TaxClass:
                TaxClassDate:
                IsNzTaxResident: True
                NonResidentCountryCode:
                IsForeignTaxResident: False
                ForeignTaxResidencyStatus:
                IsProfileEnhanced:
                Phones: System.Collections.Generic.List`1[ASB.Selenium.DataModel.Customer.Phone]
                NextOfKin:
                EmploymentDetails:
                LinkedCustomers:
                AccountRelationships:
                IdType:
                Fatca: ASB.Selenium.DataModel.Customer.Fatca
                CitizenshipCountryCodes:
                CitizenshipCountryNames: System.Collections.Generic.List`1[System.String]
                ForeignTaxResidenceTypes:
                System.Collections.Generic.List`1[ASB.Selenium.DataModel.Customer.ForeignTaxResidenceTypes]
                OnboardingDetail: ASB.Selenium.DataModel.Customer.OnboardingDetail
                AddressVerificationStatus:
                IdVerificationStatus:
                PreferredIdType: Other
                IsProfileComplete: True
                DaysRemaining: 0
                OnboardingStatus:
                NewAccounts: System.Collections.Generic.List`1[ASB.Selenium.DataModel.Customer.Accounts]
                FailedAccounts: System.Collections.Generic.List`1[ASB.Selenium.DataModel.Customer.Accounts]
                OnboardingSource: Tertiary
                CustomerCreated:
                LoginCreated:
                RegisteredForNetcode:
                AccountsCreated:
                CustomerAccessToken:
                VerificationPassword: MyCode01
                LoginDetail: ASB.Selenium.DataModel.Customer.Login
                CustomerType:
                Cif:
                Username: acob42174
                UsernameApi:
                Password: Kiwi77nz&#57348;
                PublicKey:
                AcceptedTermsAndConditions:
                BackgroundCheckConsent:
                PreferredIdType:
                -&gt; done: SummaryPageSteps.WhenIConfirmDetailsOnTheSummaryPage() (2.8s)
                Then the 'Processing' screen of Join ASB page is displayed
                -&gt; done: CommonSteps.ThenTheScreenOfJoinASBPageIsDisplayed("Processing") (0.0s)
                And the Logging you in progress page is displayed
                -&gt; done: ConfirmationPageSteps.ThenTheLoggingYouInProgressPageIsDisplayed() (16.1s)
                And the Activation page is displayed
                12/6/2017 4:09:15 AMThenTheActivationPageIsDisplayed: IsActivationPageDisplayed STARTED
                12/6/2017 4:09:45 AMThenTheActivationPageIsDisplayed: IsActivationPageDisplayed DONE
                12/6/2017 4:09:45 AMThenTheActivationPageIsDisplayed: IsSectionDisplayed STARTED
                12/6/2017 4:10:16 AMThenTheActivationPageIsDisplayed: IsSectionDisplayed DONE
                -&gt; error: Timeout error: Activation page is NOT displayed!
                And the account number and product name is displayed for the selected products
                -&gt; skipped because of previous errors
                And the Profile Details section is displayed
                -&gt; skipped because of previous errors
                And the Proof of Address section is displayed
                -&gt; skipped because of previous errors
                And the Confirm Identity section is displayed
                -&gt; skipped because of previous errors
                And the Show Proof of Study section is displayed
                -&gt; skipped because of previous errors
                And the See a complete list of acceptable documents text is displayed conditionally
                -&gt; skipped because of previous errors
                And the Find a branch button is displayed conditionally
                -&gt; skipped because of previous errors
            </system-out>
        </testcase>
        <testcase
                name="TER_ACTSUM_02_Non_NZCitizen(&quot;Default Tertiary Products&quot;,&quot;Tertiary Cheque, ASB Visa Debit Tertiary&quot;,System.String[])"
                assertions="12" time="141.148046" status="Failed"
                classname="Join.Form.Customer.Selenium.Features._09_TertiaryProductFeature">

            <failure message="System.Exception : Timeout error: Activation page is NOT displayed!">at
                ASB.Test.Automation.Utils.Retry.Retry.Execute(Func`1 function, Int32 retryInterval, Int32 retryCount,
                String exceptionMessage)
                at Selenium.Steps.COB.ActivationSummary.ActivationSummarySteps.ThenTheActivationPageIsDisplayed()
                at TechTalk.SpecFlow.Bindings.BindingInvoker.InvokeBinding(IBinding binding, IContextManager
                contextManager, Object[] arguments, ITestTracer testTracer, TimeSpan&amp; duration)
                at TechTalk.SpecFlow.Infrastructure.TestExecutionEngine.ExecuteStepMatch(BindingMatch match, Object[]
                arguments)
                at TechTalk.SpecFlow.Infrastructure.TestExecutionEngine.ExecuteStep(StepInstance stepInstance)
                at TechTalk.SpecFlow.Infrastructure.TestExecutionEngine.OnAfterLastStep()
                at Join.Form.Customer.Selenium.Features._09_TertiaryProductFeature.ScenarioCleanup()
                at Join.Form.Customer.Selenium.Features._09_TertiaryProductFeature.TER_ACTSUM_02_Non_NZCitizen(String
                scenario, String products, String[] exampleTags)
            </failure>
            <system-out>Given I start my Tertiary application
                Navigating to URL: https://webappisamdev.asbbank.co.nz/public/join/tertiary/?grcDisabled=true
                -&gt; done: CommonSteps.GivenIStartMyTertiaryApplication() (0.6s)
                Given I am in the Introduction page
                12/6/2017 4:10:50 AMWaitForFeaturesPageLoad: Executing WaitForFrameAndSwitch
                12/6/2017 4:10:51 AMWaitForFeaturesPageLoad: Done executing WaitForFrameAndSwitch
                -&gt; done: IntroductionPageSteps.GivenIAmInTheIntroductionPage() (2.4s)
                And I select 'Yes' in the NZQA question
                -&gt; done: IntroductionPageSteps.WhenISelectInTheNzqaQuestion("Yes") (0.2s)
                And I select 'Yes' in the Over 17 question
                -&gt; done: IntroductionPageSteps.WhenISelectInTheOver17Question("Yes") (0.1s)
                And I select 'No' in the NZ Citizen question
                -&gt; done: IntroductionPageSteps.WhenISelectInTheNzCitizenQuestion("No") (0.1s)
                And I click on 'Get started' button
                -&gt; done: CommonSteps.WhenIClickOnButton("Get started") (0.1s)
                And I select the following products: 'Tertiary Cheque, ASB Visa Debit Tertiary'
                Unable to find product 'FastSaver' in page or product 'FastSaver' is not selected
                Unable to find product 'Savings On Call' in page or product 'Savings On Call' is not selected
                Unable to find product 'ASB Visa Light Tertiary' in page or product 'ASB Visa Light Tertiary' is not
                selected
                Unable to find product 'Tertiary Overdraft' in page or product 'Tertiary Overdraft' is not selected
                Unable to find product 'Savings On Call' in page or product 'Savings On Call' is not selected
                Unable to find product 'FastSaver' in page or product 'FastSaver' is not selected
                -&gt; done: ProductsPageSteps.WhenIChangeMySelectedProductsTo("Tertiary Cheque, ...") (6.5s)
                And I enter all required details and navigate to Summary page
                --- table step argument ---
                | Title | FirstName | MiddleName | LastName | DateOfBirth | Email | MobileNumber | CountriesCitizenship
                | PreferredIdType | Password | VerbalPassword |
                | Miss | Automation | | RANDOM | 16 March 1978 | Jay.Pamilacan@asb.co.nz | 021-1234567890 | New Zealand
                | Other | Kiwi77nz | MyCode01 |
                Given I enter mandatory Tax Information for NZ citizen and clicks on Next button
                -&gt; done: AdditionalPersonalDetailsSteps.GivenIEnterMandatoryTaxInformationForNZCitizen() (0.5s)
                -&gt; done: PersonalDetailsSteps.GivenIEnterAllRequiredDetailsAndNavigateToSummaryPage(&lt;table&gt;)
                (15.6s)
                When I confirm details on the Summary page
                UniqueId:
                Title: Miss
                FirstName: Automation
                MiddleName:
                LastName: COB-OytxY
                Email: Jay.Pamilacan@asb.co.nz
                Gender:
                DateOfBirth: 3/16/1978 12:00:00 AM
                DateCreated:
                LastReviewDate:
                Cals:
                IsIndividual:
                NzCitizen: False
                NzResidence:
                HighValueCustomer:
                StaffMember:
                AmlVerified:
                VipCustomer:
                Addresses: System.Collections.Generic.List`1[ASB.Selenium.DataModel.Customer.Address]
                AddressInformation: ASB.Selenium.DataModel.Customer.AddressInformation
                CompanyName:
                CompanyType:
                CompanySubType:
                CustomerTypeCode:
                IrdNumber:
                TaxClass:
                TaxClassDate:
                IsNzTaxResident: True
                NonResidentCountryCode:
                IsForeignTaxResident: False
                ForeignTaxResidencyStatus:
                IsProfileEnhanced:
                Phones: System.Collections.Generic.List`1[ASB.Selenium.DataModel.Customer.Phone]
                NextOfKin:
                EmploymentDetails:
                LinkedCustomers:
                AccountRelationships:
                IdType:
                Fatca: ASB.Selenium.DataModel.Customer.Fatca
                CitizenshipCountryCodes:
                CitizenshipCountryNames: System.Collections.Generic.List`1[System.String]
                ForeignTaxResidenceTypes:
                System.Collections.Generic.List`1[ASB.Selenium.DataModel.Customer.ForeignTaxResidenceTypes]
                OnboardingDetail: ASB.Selenium.DataModel.Customer.OnboardingDetail
                AddressVerificationStatus:
                IdVerificationStatus:
                PreferredIdType: Other
                IsProfileComplete: True
                DaysRemaining: 0
                OnboardingStatus:
                NewAccounts: System.Collections.Generic.List`1[ASB.Selenium.DataModel.Customer.Accounts]
                FailedAccounts: System.Collections.Generic.List`1[ASB.Selenium.DataModel.Customer.Accounts]
                OnboardingSource: Tertiary
                CustomerCreated:
                LoginCreated:
                RegisteredForNetcode:
                AccountsCreated:
                CustomerAccessToken:
                VerificationPassword: MyCode01
                LoginDetail: ASB.Selenium.DataModel.Customer.Login
                CustomerType:
                Cif:
                Username: acob88780
                UsernameApi:
                Password: Kiwi77nz&#57348;
                PublicKey:
                AcceptedTermsAndConditions:
                BackgroundCheckConsent:
                PreferredIdType:
                -&gt; done: SummaryPageSteps.WhenIConfirmDetailsOnTheSummaryPage() (2.8s)
                Then the 'Processing' screen of Join ASB page is displayed
                -&gt; done: CommonSteps.ThenTheScreenOfJoinASBPageIsDisplayed("Processing") (0.0s)
                And the Logging you in progress page is displayed
                -&gt; done: ConfirmationPageSteps.ThenTheLoggingYouInProgressPageIsDisplayed() (16.6s)
                And the Activation page is displayed
                12/6/2017 4:11:36 AMThenTheActivationPageIsDisplayed: IsActivationPageDisplayed STARTED
                12/6/2017 4:12:07 AMThenTheActivationPageIsDisplayed: IsActivationPageDisplayed DONE
                12/6/2017 4:12:07 AMThenTheActivationPageIsDisplayed: IsSectionDisplayed STARTED
                12/6/2017 4:12:37 AMThenTheActivationPageIsDisplayed: IsSectionDisplayed DONE
                -&gt; error: Timeout error: Activation page is NOT displayed!
                And the account number and product name is displayed for the selected products
                -&gt; skipped because of previous errors
                And the Profile Details section is displayed
                -&gt; skipped because of previous errors
                And the Proof of Address section is displayed
                -&gt; skipped because of previous errors
                And the Confirm Identity section is displayed
                -&gt; skipped because of previous errors
                And the Show Proof of Study section is displayed
                -&gt; skipped because of previous errors
                And the See a complete list of acceptable documents text is displayed conditionally
                -&gt; skipped because of previous errors
                And the Find a branch button is displayed conditionally
                -&gt; skipped because of previous errors
            </system-out>
        </testcase>
        <testcase
                name="TER_ACTSUM_02_Non_NZCitizen(&quot;All Tertiary Products&quot;,&quot;Tertiary Cheque, ASB Visa Debit Tertiary, Savings On Call,FastSaver&quot;,System.String[])"
                assertions="12" time="145.256151" status="Failed"
                classname="Join.Form.Customer.Selenium.Features._09_TertiaryProductFeature">

            <failure message="System.Exception : Timeout error: Activation page is NOT displayed!">at
                ASB.Test.Automation.Utils.Retry.Retry.Execute(Func`1 function, Int32 retryInterval, Int32 retryCount,
                String exceptionMessage)
                at Selenium.Steps.COB.ActivationSummary.ActivationSummarySteps.ThenTheActivationPageIsDisplayed()
                at TechTalk.SpecFlow.Bindings.BindingInvoker.InvokeBinding(IBinding binding, IContextManager
                contextManager, Object[] arguments, ITestTracer testTracer, TimeSpan&amp; duration)
                at TechTalk.SpecFlow.Infrastructure.TestExecutionEngine.ExecuteStepMatch(BindingMatch match, Object[]
                arguments)
                at TechTalk.SpecFlow.Infrastructure.TestExecutionEngine.ExecuteStep(StepInstance stepInstance)
                at TechTalk.SpecFlow.Infrastructure.TestExecutionEngine.OnAfterLastStep()
                at Join.Form.Customer.Selenium.Features._09_TertiaryProductFeature.ScenarioCleanup()
                at Join.Form.Customer.Selenium.Features._09_TertiaryProductFeature.TER_ACTSUM_02_Non_NZCitizen(String
                scenario, String products, String[] exampleTags)
            </failure>
            <system-out>Given I start my Tertiary application
                Navigating to URL: https://webappisamdev.asbbank.co.nz/public/join/tertiary/?grcDisabled=true
                -&gt; done: CommonSteps.GivenIStartMyTertiaryApplication() (0.6s)
                Given I am in the Introduction page
                12/6/2017 4:13:12 AMWaitForFeaturesPageLoad: Executing WaitForFrameAndSwitch
                12/6/2017 4:13:13 AMWaitForFeaturesPageLoad: Done executing WaitForFrameAndSwitch
                -&gt; done: IntroductionPageSteps.GivenIAmInTheIntroductionPage() (2.5s)
                And I select 'Yes' in the NZQA question
                -&gt; done: IntroductionPageSteps.WhenISelectInTheNzqaQuestion("Yes") (0.2s)
                And I select 'Yes' in the Over 17 question
                -&gt; done: IntroductionPageSteps.WhenISelectInTheOver17Question("Yes") (0.1s)
                And I select 'No' in the NZ Citizen question
                -&gt; done: IntroductionPageSteps.WhenISelectInTheNzCitizenQuestion("No") (0.1s)
                And I click on 'Get started' button
                -&gt; done: CommonSteps.WhenIClickOnButton("Get started") (0.1s)
                And I select the following products: 'Tertiary Cheque, ASB Visa Debit Tertiary, Savings On
                Call,FastSaver'
                Unable to find product 'Savings On Call' in page or product 'Savings On Call' is not selected
                Unable to find product 'FastSaver' in page or product 'FastSaver' is not selected
                Unable to find product 'ASB Visa Light Tertiary' in page or product 'ASB Visa Light Tertiary' is not
                selected
                Unable to find product 'Tertiary Overdraft' in page or product 'Tertiary Overdraft' is not selected
                -&gt; done: ProductsPageSteps.WhenIChangeMySelectedProductsTo("Tertiary Cheque, ...") (10.6s)
                And I enter all required details and navigate to Summary page
                --- table step argument ---
                | Title | FirstName | MiddleName | LastName | DateOfBirth | Email | MobileNumber | CountriesCitizenship
                | PreferredIdType | Password | VerbalPassword |
                | Miss | Automation | | RANDOM | 16 March 1978 | Jay.Pamilacan@asb.co.nz | 021-1234567890 | New Zealand
                | Other | Kiwi77nz | MyCode01 |
                Given I enter mandatory Tax Information for NZ citizen and clicks on Next button
                -&gt; done: AdditionalPersonalDetailsSteps.GivenIEnterMandatoryTaxInformationForNZCitizen() (0.5s)
                -&gt; done: PersonalDetailsSteps.GivenIEnterAllRequiredDetailsAndNavigateToSummaryPage(&lt;table&gt;)
                (15.5s)
                When I confirm details on the Summary page
                UniqueId:
                Title: Miss
                FirstName: Automation
                MiddleName:
                LastName: COB-BFwYB
                Email: Jay.Pamilacan@asb.co.nz
                Gender:
                DateOfBirth: 3/16/1978 12:00:00 AM
                DateCreated:
                LastReviewDate:
                Cals:
                IsIndividual:
                NzCitizen: False
                NzResidence:
                HighValueCustomer:
                StaffMember:
                AmlVerified:
                VipCustomer:
                Addresses: System.Collections.Generic.List`1[ASB.Selenium.DataModel.Customer.Address]
                AddressInformation: ASB.Selenium.DataModel.Customer.AddressInformation
                CompanyName:
                CompanyType:
                CompanySubType:
                CustomerTypeCode:
                IrdNumber:
                TaxClass:
                TaxClassDate:
                IsNzTaxResident: True
                NonResidentCountryCode:
                IsForeignTaxResident: False
                ForeignTaxResidencyStatus:
                IsProfileEnhanced:
                Phones: System.Collections.Generic.List`1[ASB.Selenium.DataModel.Customer.Phone]
                NextOfKin:
                EmploymentDetails:
                LinkedCustomers:
                AccountRelationships:
                IdType:
                Fatca: ASB.Selenium.DataModel.Customer.Fatca
                CitizenshipCountryCodes:
                CitizenshipCountryNames: System.Collections.Generic.List`1[System.String]
                ForeignTaxResidenceTypes:
                System.Collections.Generic.List`1[ASB.Selenium.DataModel.Customer.ForeignTaxResidenceTypes]
                OnboardingDetail: ASB.Selenium.DataModel.Customer.OnboardingDetail
                AddressVerificationStatus:
                IdVerificationStatus:
                PreferredIdType: Other
                IsProfileComplete: True
                DaysRemaining: 0
                OnboardingStatus:
                NewAccounts: System.Collections.Generic.List`1[ASB.Selenium.DataModel.Customer.Accounts]
                FailedAccounts: System.Collections.Generic.List`1[ASB.Selenium.DataModel.Customer.Accounts]
                OnboardingSource: Tertiary
                CustomerCreated:
                LoginCreated:
                RegisteredForNetcode:
                AccountsCreated:
                CustomerAccessToken:
                VerificationPassword: MyCode01
                LoginDetail: ASB.Selenium.DataModel.Customer.Login
                CustomerType:
                Cif:
                Username: acob25447
                UsernameApi:
                Password: Kiwi77nz&#57348;
                PublicKey:
                AcceptedTermsAndConditions:
                BackgroundCheckConsent:
                PreferredIdType:
                -&gt; done: SummaryPageSteps.WhenIConfirmDetailsOnTheSummaryPage() (2.9s)
                Then the 'Processing' screen of Join ASB page is displayed
                -&gt; done: CommonSteps.ThenTheScreenOfJoinASBPageIsDisplayed("Processing") (0.0s)
                And the Logging you in progress page is displayed
                -&gt; done: ConfirmationPageSteps.ThenTheLoggingYouInProgressPageIsDisplayed() (16.4s)
                And the Activation page is displayed
                12/6/2017 4:14:01 AMThenTheActivationPageIsDisplayed: IsActivationPageDisplayed STARTED
                12/6/2017 4:14:32 AMThenTheActivationPageIsDisplayed: IsActivationPageDisplayed DONE
                12/6/2017 4:14:32 AMThenTheActivationPageIsDisplayed: IsSectionDisplayed STARTED
                12/6/2017 4:15:02 AMThenTheActivationPageIsDisplayed: IsSectionDisplayed DONE
                -&gt; error: Timeout error: Activation page is NOT displayed!
                And the account number and product name is displayed for the selected products
                -&gt; skipped because of previous errors
                And the Profile Details section is displayed
                -&gt; skipped because of previous errors
                And the Proof of Address section is displayed
                -&gt; skipped because of previous errors
                And the Confirm Identity section is displayed
                -&gt; skipped because of previous errors
                And the Show Proof of Study section is displayed
                -&gt; skipped because of previous errors
                And the See a complete list of acceptable documents text is displayed conditionally
                -&gt; skipped because of previous errors
                And the Find a branch button is displayed conditionally
                -&gt; skipped because of previous errors
            </system-out>
        </testcase>
    </testsuite>
    <testsuite tests="4" time="625.307261" errors="0" failures="4" skipped="0" timestamp="2017-12-05 15:21:04Z"
               name="Join.Form.Customer.Selenium.dll.Join.Form.Customer.Selenium.Features._09_TertiaryProductFeature.TER_SUMMARY_06_SummaryPage_ValidPromoCode.">
        <testcase
                name="TER_SUMMARY_06_SummaryPage_ValidPromoCode(&quot;AlphaNumeric&quot;,&quot;7&quot;,System.String[])"
                assertions="12" time="153.369715" status="Failed"
                classname="Join.Form.Customer.Selenium.Features._09_TertiaryProductFeature">

            <failure message="System.Exception : Timeout error: Activation page is NOT displayed!">at
                ASB.Test.Automation.Utils.Retry.Retry.Execute(Func`1 function, Int32 retryInterval, Int32 retryCount,
                String exceptionMessage)
                at Selenium.Steps.COB.ActivationSummary.ActivationSummarySteps.ThenTheActivationPageIsDisplayed()
                at TechTalk.SpecFlow.Bindings.BindingInvoker.InvokeBinding(IBinding binding, IContextManager
                contextManager, Object[] arguments, ITestTracer testTracer, TimeSpan&amp; duration)
                at TechTalk.SpecFlow.Infrastructure.TestExecutionEngine.ExecuteStepMatch(BindingMatch match, Object[]
                arguments)
                at TechTalk.SpecFlow.Infrastructure.TestExecutionEngine.ExecuteStep(StepInstance stepInstance)
                at TechTalk.SpecFlow.Infrastructure.TestExecutionEngine.OnAfterLastStep()
                at Join.Form.Customer.Selenium.Features._09_TertiaryProductFeature.ScenarioCleanup()
                at
                Join.Form.Customer.Selenium.Features._09_TertiaryProductFeature.TER_SUMMARY_06_SummaryPage_ValidPromoCode(String
                promoCode, String characterLength, String[] exampleTags)
            </failure>
            <system-out>Given I start my Tertiary application
                Navigating to URL: https://webappisamdev.asbbank.co.nz/public/join/tertiary/?grcDisabled=true
                -&gt; done: CommonSteps.GivenIStartMyTertiaryApplication() (0.6s)
                Given I select the following products: 'Tertiary Cheque, ASB Visa Debit Tertiary, Tertiary Overdraft,
                ASB Visa Light Tertiary'
                12/6/2017 4:21:15 AMWaitForFeaturesPageLoad: Executing WaitForFrameAndSwitch
                12/6/2017 4:21:16 AMWaitForFeaturesPageLoad: Done executing WaitForFrameAndSwitch
                Unable to find product 'Tertiary Overdraft' in page or product 'Tertiary Overdraft' is not selected
                Unable to find product 'ASB Visa Light Tertiary' in page or product 'ASB Visa Light Tertiary' is not
                selected
                Unable to find product 'FastSaver' in page or product 'FastSaver' is not selected
                Unable to find product 'Savings On Call' in page or product 'Savings On Call' is not selected
                Unable to find product 'Savings On Call' in page or product 'Savings On Call' is not selected
                Unable to find product 'FastSaver' in page or product 'FastSaver' is not selected
                -&gt; done: ProductsPageSteps.WhenIChangeMySelectedProductsTo("Tertiary Cheque, ...") (23.6s)
                And I enter all required details and navigate to Summary page
                --- table step argument ---
                | Title | FirstName | MiddleName | LastName | DateOfBirth | Email | MobileNumber | CountriesCitizenship
                | PreferredIdType | Password | VerbalPassword |
                | Miss | Automation | | RANDOM | 16 March 1978 | cob2016@asb.co.nz | 021-1234567890 | New Zealand |
                Other | Kiwi77nz | MyCode01 |
                Given I enter mandatory Tax Information for NZ citizen and clicks on Next button
                -&gt; done: AdditionalPersonalDetailsSteps.GivenIEnterMandatoryTaxInformationForNZCitizen() (0.5s)
                -&gt; done: PersonalDetailsSteps.GivenIEnterAllRequiredDetailsAndNavigateToSummaryPage(&lt;table&gt;)
                (15.4s)
                When I am in the Summary page
                -&gt; done: SummaryPageSteps.GivenIAmInTheSummaryPage() (0.1s)
                And I enter 'AlphaNumeric' in the Promo Code field with '7' characters
                Exiting Step: Either Primary Product is null or Promo Code flag is false
                -&gt; done: SummaryPageSteps.WhenIEnterInThePromoCodeFieldWithCharacters("AlphaNumeric", 7) (0.0s)
                And I confirm details on the Summary page
                UniqueId:
                Title: Miss
                FirstName: Automation
                MiddleName:
                LastName: COB-XZHND
                Email: cob2016@asb.co.nz
                Gender:
                DateOfBirth: 3/16/1978 12:00:00 AM
                DateCreated:
                LastReviewDate:
                Cals:
                IsIndividual:
                NzCitizen: True
                NzResidence:
                HighValueCustomer:
                StaffMember:
                AmlVerified:
                VipCustomer:
                Addresses: System.Collections.Generic.List`1[ASB.Selenium.DataModel.Customer.Address]
                AddressInformation: ASB.Selenium.DataModel.Customer.AddressInformation
                CompanyName:
                CompanyType:
                CompanySubType:
                CustomerTypeCode:
                IrdNumber:
                TaxClass:
                TaxClassDate:
                IsNzTaxResident: True
                NonResidentCountryCode:
                IsForeignTaxResident: False
                ForeignTaxResidencyStatus:
                IsProfileEnhanced:
                Phones: System.Collections.Generic.List`1[ASB.Selenium.DataModel.Customer.Phone]
                NextOfKin:
                EmploymentDetails:
                LinkedCustomers:
                AccountRelationships:
                IdType:
                Fatca: ASB.Selenium.DataModel.Customer.Fatca
                CitizenshipCountryCodes:
                CitizenshipCountryNames: System.Collections.Generic.List`1[System.String]
                ForeignTaxResidenceTypes:
                System.Collections.Generic.List`1[ASB.Selenium.DataModel.Customer.ForeignTaxResidenceTypes]
                OnboardingDetail: ASB.Selenium.DataModel.Customer.OnboardingDetail
                AddressVerificationStatus:
                IdVerificationStatus:
                PreferredIdType: Other
                IsProfileComplete: True
                DaysRemaining: 0
                OnboardingStatus:
                NewAccounts: System.Collections.Generic.List`1[ASB.Selenium.DataModel.Customer.Accounts]
                FailedAccounts: System.Collections.Generic.List`1[ASB.Selenium.DataModel.Customer.Accounts]
                OnboardingSource: Tertiary
                CustomerCreated:
                LoginCreated:
                RegisteredForNetcode:
                AccountsCreated:
                CustomerAccessToken:
                VerificationPassword: MyCode01
                LoginDetail: ASB.Selenium.DataModel.Customer.Login
                CustomerType:
                Cif:
                Username: acob00707
                UsernameApi:
                Password: Kiwi77nz&#57348;
                PublicKey:
                AcceptedTermsAndConditions:
                BackgroundCheckConsent:
                PreferredIdType:
                -&gt; done: SummaryPageSteps.WhenIConfirmDetailsOnTheSummaryPage() (2.7s)
                Then the Logging you in progress page is displayed
                -&gt; done: ConfirmationPageSteps.ThenTheLoggingYouInProgressPageIsDisplayed() (14.8s)
                And the Activation page is displayed
                12/6/2017 4:22:03 AMThenTheActivationPageIsDisplayed: IsActivationPageDisplayed STARTED
                12/6/2017 4:22:34 AMThenTheActivationPageIsDisplayed: IsActivationPageDisplayed DONE
                12/6/2017 4:22:34 AMThenTheActivationPageIsDisplayed: IsSectionDisplayed STARTED
                12/6/2017 4:23:04 AMThenTheActivationPageIsDisplayed: IsSectionDisplayed DONE
                -&gt; error: Timeout error: Activation page is NOT displayed!
            </system-out>
        </testcase>
        <testcase name="TER_SUMMARY_06_SummaryPage_ValidPromoCode(&quot;Letters&quot;,&quot;10&quot;,System.String[])"
                  assertions="12" time="155.715926" status="Failed"
                  classname="Join.Form.Customer.Selenium.Features._09_TertiaryProductFeature">

            <failure message="System.Exception : Timeout error: Activation page is NOT displayed!">at
                ASB.Test.Automation.Utils.Retry.Retry.Execute(Func`1 function, Int32 retryInterval, Int32 retryCount,
                String exceptionMessage)
                at Selenium.Steps.COB.ActivationSummary.ActivationSummarySteps.ThenTheActivationPageIsDisplayed()
                at TechTalk.SpecFlow.Bindings.BindingInvoker.InvokeBinding(IBinding binding, IContextManager
                contextManager, Object[] arguments, ITestTracer testTracer, TimeSpan&amp; duration)
                at TechTalk.SpecFlow.Infrastructure.TestExecutionEngine.ExecuteStepMatch(BindingMatch match, Object[]
                arguments)
                at TechTalk.SpecFlow.Infrastructure.TestExecutionEngine.ExecuteStep(StepInstance stepInstance)
                at TechTalk.SpecFlow.Infrastructure.TestExecutionEngine.OnAfterLastStep()
                at Join.Form.Customer.Selenium.Features._09_TertiaryProductFeature.ScenarioCleanup()
                at
                Join.Form.Customer.Selenium.Features._09_TertiaryProductFeature.TER_SUMMARY_06_SummaryPage_ValidPromoCode(String
                promoCode, String characterLength, String[] exampleTags)
            </failure>
            <system-out>Given I start my Tertiary application
                Navigating to URL: https://webappisamdev.asbbank.co.nz/public/join/tertiary/?grcDisabled=true
                -&gt; done: CommonSteps.GivenIStartMyTertiaryApplication() (0.6s)
                Given I select the following products: 'Tertiary Cheque, ASB Visa Debit Tertiary, Tertiary Overdraft,
                ASB Visa Light Tertiary'
                12/6/2017 4:23:49 AMWaitForFeaturesPageLoad: Executing WaitForFrameAndSwitch
                12/6/2017 4:23:49 AMWaitForFeaturesPageLoad: Done executing WaitForFrameAndSwitch
                Unable to find product 'Tertiary Overdraft' in page or product 'Tertiary Overdraft' is not selected
                Unable to find product 'ASB Visa Light Tertiary' in page or product 'ASB Visa Light Tertiary' is not
                selected
                Unable to find product 'FastSaver' in page or product 'FastSaver' is not selected
                Unable to find product 'Savings On Call' in page or product 'Savings On Call' is not selected
                Unable to find product 'Savings On Call' in page or product 'Savings On Call' is not selected
                Unable to find product 'FastSaver' in page or product 'FastSaver' is not selected
                -&gt; done: ProductsPageSteps.WhenIChangeMySelectedProductsTo("Tertiary Cheque, ...") (23.6s)
                And I enter all required details and navigate to Summary page
                --- table step argument ---
                | Title | FirstName | MiddleName | LastName | DateOfBirth | Email | MobileNumber | CountriesCitizenship
                | PreferredIdType | Password | VerbalPassword |
                | Miss | Automation | | RANDOM | 16 March 1978 | cob2016@asb.co.nz | 021-1234567890 | New Zealand |
                Other | Kiwi77nz | MyCode01 |
                Given I enter mandatory Tax Information for NZ citizen and clicks on Next button
                -&gt; done: AdditionalPersonalDetailsSteps.GivenIEnterMandatoryTaxInformationForNZCitizen() (0.5s)
                -&gt; done: PersonalDetailsSteps.GivenIEnterAllRequiredDetailsAndNavigateToSummaryPage(&lt;table&gt;)
                (15.2s)
                When I am in the Summary page
                -&gt; done: SummaryPageSteps.GivenIAmInTheSummaryPage() (0.1s)
                And I enter 'Letters' in the Promo Code field with '10' characters
                Exiting Step: Either Primary Product is null or Promo Code flag is false
                -&gt; done: SummaryPageSteps.WhenIEnterInThePromoCodeFieldWithCharacters("Letters", 10) (0.0s)
                And I confirm details on the Summary page
                UniqueId:
                Title: Miss
                FirstName: Automation
                MiddleName:
                LastName: COB-HqlUv
                Email: cob2016@asb.co.nz
                Gender:
                DateOfBirth: 3/16/1978 12:00:00 AM
                DateCreated:
                LastReviewDate:
                Cals:
                IsIndividual:
                NzCitizen: True
                NzResidence:
                HighValueCustomer:
                StaffMember:
                AmlVerified:
                VipCustomer:
                Addresses: System.Collections.Generic.List`1[ASB.Selenium.DataModel.Customer.Address]
                AddressInformation: ASB.Selenium.DataModel.Customer.AddressInformation
                CompanyName:
                CompanyType:
                CompanySubType:
                CustomerTypeCode:
                IrdNumber:
                TaxClass:
                TaxClassDate:
                IsNzTaxResident: True
                NonResidentCountryCode:
                IsForeignTaxResident: False
                ForeignTaxResidencyStatus:
                IsProfileEnhanced:
                Phones: System.Collections.Generic.List`1[ASB.Selenium.DataModel.Customer.Phone]
                NextOfKin:
                EmploymentDetails:
                LinkedCustomers:
                AccountRelationships:
                IdType:
                Fatca: ASB.Selenium.DataModel.Customer.Fatca
                CitizenshipCountryCodes:
                CitizenshipCountryNames: System.Collections.Generic.List`1[System.String]
                ForeignTaxResidenceTypes:
                System.Collections.Generic.List`1[ASB.Selenium.DataModel.Customer.ForeignTaxResidenceTypes]
                OnboardingDetail: ASB.Selenium.DataModel.Customer.OnboardingDetail
                AddressVerificationStatus:
                IdVerificationStatus:
                PreferredIdType: Other
                IsProfileComplete: True
                DaysRemaining: 0
                OnboardingStatus:
                NewAccounts: System.Collections.Generic.List`1[ASB.Selenium.DataModel.Customer.Accounts]
                FailedAccounts: System.Collections.Generic.List`1[ASB.Selenium.DataModel.Customer.Accounts]
                OnboardingSource: Tertiary
                CustomerCreated:
                LoginCreated:
                RegisteredForNetcode:
                AccountsCreated:
                CustomerAccessToken:
                VerificationPassword: MyCode01
                LoginDetail: ASB.Selenium.DataModel.Customer.Login
                CustomerType:
                Cif:
                Username: acob85497
                UsernameApi:
                Password: Kiwi77nz&#57348;
                PublicKey:
                AcceptedTermsAndConditions:
                BackgroundCheckConsent:
                PreferredIdType:
                -&gt; done: SummaryPageSteps.WhenIConfirmDetailsOnTheSummaryPage() (2.7s)
                Then the Logging you in progress page is displayed
                -&gt; done: ConfirmationPageSteps.ThenTheLoggingYouInProgressPageIsDisplayed() (17.1s)
                And the Activation page is displayed
                12/6/2017 4:24:39 AMThenTheActivationPageIsDisplayed: IsActivationPageDisplayed STARTED
                12/6/2017 4:25:09 AMThenTheActivationPageIsDisplayed: IsActivationPageDisplayed DONE
                12/6/2017 4:25:09 AMThenTheActivationPageIsDisplayed: IsSectionDisplayed STARTED
                12/6/2017 4:25:40 AMThenTheActivationPageIsDisplayed: IsSectionDisplayed DONE
                -&gt; error: Timeout error: Activation page is NOT displayed!
            </system-out>
        </testcase>
        <testcase name="TER_SUMMARY_06_SummaryPage_ValidPromoCode(&quot;Numbers&quot;,&quot;1&quot;,System.String[])"
                  assertions="12" time="160.719090" status="Failed"
                  classname="Join.Form.Customer.Selenium.Features._09_TertiaryProductFeature">

            <failure message="System.Exception : Timeout error: Activation page is NOT displayed!">at
                ASB.Test.Automation.Utils.Retry.Retry.Execute(Func`1 function, Int32 retryInterval, Int32 retryCount,
                String exceptionMessage)
                at Selenium.Steps.COB.ActivationSummary.ActivationSummarySteps.ThenTheActivationPageIsDisplayed()
                at TechTalk.SpecFlow.Bindings.BindingInvoker.InvokeBinding(IBinding binding, IContextManager
                contextManager, Object[] arguments, ITestTracer testTracer, TimeSpan&amp; duration)
                at TechTalk.SpecFlow.Infrastructure.TestExecutionEngine.ExecuteStepMatch(BindingMatch match, Object[]
                arguments)
                at TechTalk.SpecFlow.Infrastructure.TestExecutionEngine.ExecuteStep(StepInstance stepInstance)
                at TechTalk.SpecFlow.Infrastructure.TestExecutionEngine.OnAfterLastStep()
                at Join.Form.Customer.Selenium.Features._09_TertiaryProductFeature.ScenarioCleanup()
                at
                Join.Form.Customer.Selenium.Features._09_TertiaryProductFeature.TER_SUMMARY_06_SummaryPage_ValidPromoCode(String
                promoCode, String characterLength, String[] exampleTags)
            </failure>
            <system-out>Given I start my Tertiary application
                Navigating to URL: https://webappisamdev.asbbank.co.nz/public/join/tertiary/?grcDisabled=true
                -&gt; done: CommonSteps.GivenIStartMyTertiaryApplication() (0.7s)
                Given I select the following products: 'Tertiary Cheque, ASB Visa Debit Tertiary, Tertiary Overdraft,
                ASB Visa Light Tertiary'
                12/6/2017 4:26:25 AMWaitForFeaturesPageLoad: Executing WaitForFrameAndSwitch
                12/6/2017 4:26:25 AMWaitForFeaturesPageLoad: Done executing WaitForFrameAndSwitch
                Unable to find product 'Tertiary Overdraft' in page or product 'Tertiary Overdraft' is not selected
                Unable to find product 'ASB Visa Light Tertiary' in page or product 'ASB Visa Light Tertiary' is not
                selected
                Unable to find product 'FastSaver' in page or product 'FastSaver' is not selected
                Unable to find product 'Savings On Call' in page or product 'Savings On Call' is not selected
                Unable to find product 'Savings On Call' in page or product 'Savings On Call' is not selected
                Unable to find product 'FastSaver' in page or product 'FastSaver' is not selected
                -&gt; done: ProductsPageSteps.WhenIChangeMySelectedProductsTo("Tertiary Cheque, ...") (23.6s)
                And I enter all required details and navigate to Summary page
                --- table step argument ---
                | Title | FirstName | MiddleName | LastName | DateOfBirth | Email | MobileNumber | CountriesCitizenship
                | PreferredIdType | Password | VerbalPassword |
                | Miss | Automation | | RANDOM | 16 March 1978 | cob2016@asb.co.nz | 021-1234567890 | New Zealand |
                Other | Kiwi77nz | MyCode01 |
                Given I enter mandatory Tax Information for NZ citizen and clicks on Next button
                -&gt; done: AdditionalPersonalDetailsSteps.GivenIEnterMandatoryTaxInformationForNZCitizen() (0.5s)
                -&gt; done: PersonalDetailsSteps.GivenIEnterAllRequiredDetailsAndNavigateToSummaryPage(&lt;table&gt;)
                (21.1s)
                When I am in the Summary page
                -&gt; done: SummaryPageSteps.GivenIAmInTheSummaryPage() (0.1s)
                And I enter 'Numbers' in the Promo Code field with '1' characters
                Exiting Step: Either Primary Product is null or Promo Code flag is false
                -&gt; done: SummaryPageSteps.WhenIEnterInThePromoCodeFieldWithCharacters("Numbers", 1) (0.0s)
                And I confirm details on the Summary page
                UniqueId:
                Title: Miss
                FirstName: Automation
                MiddleName:
                LastName: COB-dmswl
                Email: cob2016@asb.co.nz
                Gender:
                DateOfBirth: 3/16/1978 12:00:00 AM
                DateCreated:
                LastReviewDate:
                Cals:
                IsIndividual:
                NzCitizen: True
                NzResidence:
                HighValueCustomer:
                StaffMember:
                AmlVerified:
                VipCustomer:
                Addresses: System.Collections.Generic.List`1[ASB.Selenium.DataModel.Customer.Address]
                AddressInformation: ASB.Selenium.DataModel.Customer.AddressInformation
                CompanyName:
                CompanyType:
                CompanySubType:
                CustomerTypeCode:
                IrdNumber:
                TaxClass:
                TaxClassDate:
                IsNzTaxResident: True
                NonResidentCountryCode:
                IsForeignTaxResident: False
                ForeignTaxResidencyStatus:
                IsProfileEnhanced:
                Phones: System.Collections.Generic.List`1[ASB.Selenium.DataModel.Customer.Phone]
                NextOfKin:
                EmploymentDetails:
                LinkedCustomers:
                AccountRelationships:
                IdType:
                Fatca: ASB.Selenium.DataModel.Customer.Fatca
                CitizenshipCountryCodes:
                CitizenshipCountryNames: System.Collections.Generic.List`1[System.String]
                ForeignTaxResidenceTypes:
                System.Collections.Generic.List`1[ASB.Selenium.DataModel.Customer.ForeignTaxResidenceTypes]
                OnboardingDetail: ASB.Selenium.DataModel.Customer.OnboardingDetail
                AddressVerificationStatus:
                IdVerificationStatus:
                PreferredIdType: Other
                IsProfileComplete: True
                DaysRemaining: 0
                OnboardingStatus:
                NewAccounts: System.Collections.Generic.List`1[ASB.Selenium.DataModel.Customer.Accounts]
                FailedAccounts: System.Collections.Generic.List`1[ASB.Selenium.DataModel.Customer.Accounts]
                OnboardingSource: Tertiary
                CustomerCreated:
                LoginCreated:
                RegisteredForNetcode:
                AccountsCreated:
                CustomerAccessToken:
                VerificationPassword: MyCode01
                LoginDetail: ASB.Selenium.DataModel.Customer.Login
                CustomerType:
                Cif:
                Username: acob03021
                UsernameApi:
                Password: Kiwi77nz&#57348;
                PublicKey:
                AcceptedTermsAndConditions:
                BackgroundCheckConsent:
                PreferredIdType:
                -&gt; done: SummaryPageSteps.WhenIConfirmDetailsOnTheSummaryPage() (2.9s)
                Then the Logging you in progress page is displayed
                -&gt; done: ConfirmationPageSteps.ThenTheLoggingYouInProgressPageIsDisplayed() (16.4s)
                And the Activation page is displayed
                12/6/2017 4:27:20 AMThenTheActivationPageIsDisplayed: IsActivationPageDisplayed STARTED
                12/6/2017 4:27:50 AMThenTheActivationPageIsDisplayed: IsActivationPageDisplayed DONE
                12/6/2017 4:27:50 AMThenTheActivationPageIsDisplayed: IsSectionDisplayed STARTED
                12/6/2017 4:28:21 AMThenTheActivationPageIsDisplayed: IsSectionDisplayed DONE
                -&gt; error: Timeout error: Activation page is NOT displayed!
            </system-out>
        </testcase>
        <testcase name="TER_SUMMARY_06_SummaryPage_ValidPromoCode(&quot;Default&quot;,&quot;50&quot;,System.String[])"
                  assertions="12" time="155.396818" status="Failed"
                  classname="Join.Form.Customer.Selenium.Features._09_TertiaryProductFeature">

            <failure message="System.Exception : Timeout error: Activation page is NOT displayed!">at
                ASB.Test.Automation.Utils.Retry.Retry.Execute(Func`1 function, Int32 retryInterval, Int32 retryCount,
                String exceptionMessage)
                at Selenium.Steps.COB.ActivationSummary.ActivationSummarySteps.ThenTheActivationPageIsDisplayed()
                at TechTalk.SpecFlow.Bindings.BindingInvoker.InvokeBinding(IBinding binding, IContextManager
                contextManager, Object[] arguments, ITestTracer testTracer, TimeSpan&amp; duration)
                at TechTalk.SpecFlow.Infrastructure.TestExecutionEngine.ExecuteStepMatch(BindingMatch match, Object[]
                arguments)
                at TechTalk.SpecFlow.Infrastructure.TestExecutionEngine.ExecuteStep(StepInstance stepInstance)
                at TechTalk.SpecFlow.Infrastructure.TestExecutionEngine.OnAfterLastStep()
                at Join.Form.Customer.Selenium.Features._09_TertiaryProductFeature.ScenarioCleanup()
                at
                Join.Form.Customer.Selenium.Features._09_TertiaryProductFeature.TER_SUMMARY_06_SummaryPage_ValidPromoCode(String
                promoCode, String characterLength, String[] exampleTags)
            </failure>
            <system-out>Given I start my Tertiary application
                Navigating to URL: https://webappisamdev.asbbank.co.nz/public/join/tertiary/?grcDisabled=true
                -&gt; done: CommonSteps.GivenIStartMyTertiaryApplication() (0.6s)
                Given I select the following products: 'Tertiary Cheque, ASB Visa Debit Tertiary, Tertiary Overdraft,
                ASB Visa Light Tertiary'
                12/6/2017 4:29:05 AMWaitForFeaturesPageLoad: Executing WaitForFrameAndSwitch
                12/6/2017 4:29:05 AMWaitForFeaturesPageLoad: Done executing WaitForFrameAndSwitch
                Unable to find product 'Tertiary Overdraft' in page or product 'Tertiary Overdraft' is not selected
                Unable to find product 'ASB Visa Light Tertiary' in page or product 'ASB Visa Light Tertiary' is not
                selected
                Unable to find product 'FastSaver' in page or product 'FastSaver' is not selected
                Unable to find product 'Savings On Call' in page or product 'Savings On Call' is not selected
                Unable to find product 'Savings On Call' in page or product 'Savings On Call' is not selected
                Unable to find product 'FastSaver' in page or product 'FastSaver' is not selected
                -&gt; done: ProductsPageSteps.WhenIChangeMySelectedProductsTo("Tertiary Cheque, ...") (23.6s)
                And I enter all required details and navigate to Summary page
                --- table step argument ---
                | Title | FirstName | MiddleName | LastName | DateOfBirth | Email | MobileNumber | CountriesCitizenship
                | PreferredIdType | Password | VerbalPassword |
                | Miss | Automation | | RANDOM | 16 March 1978 | cob2016@asb.co.nz | 021-1234567890 | New Zealand |
                Other | Kiwi77nz | MyCode01 |
                Given I enter mandatory Tax Information for NZ citizen and clicks on Next button
                -&gt; done: AdditionalPersonalDetailsSteps.GivenIEnterMandatoryTaxInformationForNZCitizen() (0.5s)
                -&gt; done: PersonalDetailsSteps.GivenIEnterAllRequiredDetailsAndNavigateToSummaryPage(&lt;table&gt;)
                (15.3s)
                When I am in the Summary page
                -&gt; done: SummaryPageSteps.GivenIAmInTheSummaryPage() (0.1s)
                And I enter 'Default' in the Promo Code field with '50' characters
                Exiting Step: Either Primary Product is null or Promo Code flag is false
                -&gt; done: SummaryPageSteps.WhenIEnterInThePromoCodeFieldWithCharacters("Default", 50) (0.0s)
                And I confirm details on the Summary page
                UniqueId:
                Title: Miss
                FirstName: Automation
                MiddleName:
                LastName: COB-nEfBQ
                Email: cob2016@asb.co.nz
                Gender:
                DateOfBirth: 3/16/1978 12:00:00 AM
                DateCreated:
                LastReviewDate:
                Cals:
                IsIndividual:
                NzCitizen: True
                NzResidence:
                HighValueCustomer:
                StaffMember:
                AmlVerified:
                VipCustomer:
                Addresses: System.Collections.Generic.List`1[ASB.Selenium.DataModel.Customer.Address]
                AddressInformation: ASB.Selenium.DataModel.Customer.AddressInformation
                CompanyName:
                CompanyType:
                CompanySubType:
                CustomerTypeCode:
                IrdNumber:
                TaxClass:
                TaxClassDate:
                IsNzTaxResident: True
                NonResidentCountryCode:
                IsForeignTaxResident: False
                ForeignTaxResidencyStatus:
                IsProfileEnhanced:
                Phones: System.Collections.Generic.List`1[ASB.Selenium.DataModel.Customer.Phone]
                NextOfKin:
                EmploymentDetails:
                LinkedCustomers:
                AccountRelationships:
                IdType:
                Fatca: ASB.Selenium.DataModel.Customer.Fatca
                CitizenshipCountryCodes:
                CitizenshipCountryNames: System.Collections.Generic.List`1[System.String]
                ForeignTaxResidenceTypes:
                System.Collections.Generic.List`1[ASB.Selenium.DataModel.Customer.ForeignTaxResidenceTypes]
                OnboardingDetail: ASB.Selenium.DataModel.Customer.OnboardingDetail
                AddressVerificationStatus:
                IdVerificationStatus:
                PreferredIdType: Other
                IsProfileComplete: True
                DaysRemaining: 0
                OnboardingStatus:
                NewAccounts: System.Collections.Generic.List`1[ASB.Selenium.DataModel.Customer.Accounts]
                FailedAccounts: System.Collections.Generic.List`1[ASB.Selenium.DataModel.Customer.Accounts]
                OnboardingSource: Tertiary
                CustomerCreated:
                LoginCreated:
                RegisteredForNetcode:
                AccountsCreated:
                CustomerAccessToken:
                VerificationPassword: MyCode01
                LoginDetail: ASB.Selenium.DataModel.Customer.Login
                CustomerType:
                Cif:
                Username: acob34381
                UsernameApi:
                Password: Kiwi77nz&#57348;
                PublicKey:
                AcceptedTermsAndConditions:
                BackgroundCheckConsent:
                PreferredIdType:
                -&gt; done: SummaryPageSteps.WhenIConfirmDetailsOnTheSummaryPage() (2.8s)
                Then the Logging you in progress page is displayed
                -&gt; done: ConfirmationPageSteps.ThenTheLoggingYouInProgressPageIsDisplayed() (16.9s)
                And the Activation page is displayed
                12/6/2017 4:29:55 AMThenTheActivationPageIsDisplayed: IsActivationPageDisplayed STARTED
                12/6/2017 4:30:26 AMThenTheActivationPageIsDisplayed: IsActivationPageDisplayed DONE
                12/6/2017 4:30:26 AMThenTheActivationPageIsDisplayed: IsSectionDisplayed STARTED
                12/6/2017 4:30:56 AMThenTheActivationPageIsDisplayed: IsSectionDisplayed DONE
                -&gt; error: Timeout error: Activation page is NOT displayed!
            </system-out>
        </testcase>
    </testsuite>
    <testsuite tests="40" time="1086.422028" errors="30" failures="8" skipped="0" timestamp="2017-12-05 15:31:29Z"
               name="Join.Form.Customer.Selenium.dll.Join.Form.Customer.Selenium.Features._10_JobStarterProductFeature.">
        <testcase name="JOBSTARTER_CNFM_01_VerifyConfirmationScreen_BadCustomerCheckBlock" assertions="19"
                  time="45.264769" status="Passed"
                  classname="Join.Form.Customer.Selenium.Features._10_JobStarterProductFeature">

            <system-out>Given I start my Job Starter application
                Navigating to URL: https://webappisamdev.asbbank.co.nz/public/join/jobstarter/?grcDisabled=true
                -&gt; done: CommonSteps.GivenIStartMyJobStarterApplication() (1.1s)
                Given I select the following products: 'Job starter, ASB Visa Debit Job Starter'
                12/6/2017 4:46:37 AMWaitForFeaturesPageLoad: Executing WaitForFrameAndSwitch
                12/6/2017 4:46:37 AMWaitForFeaturesPageLoad: Done executing WaitForFrameAndSwitch
                Unable to find product 'FastSaver' in page or product 'FastSaver' is not selected
                Unable to find product 'Savings On Call' in page or product 'Savings On Call' is not selected
                Unable to find product 'Job Starter Overdraft' in page or product 'Job Starter Overdraft' is not
                selected
                Unable to find product 'ASB Visa Rewards Job Starter' in page or product 'ASB Visa Rewards Job Starter'
                is not selected
                Unable to find product 'ASB Visa Light Job Starter' in page or product 'ASB Visa Light Job Starter' is
                not selected
                Unable to find product 'Job Starter Overdraft' in page or product 'Job Starter Overdraft' is not
                selected
                Unable to find product 'ASB Visa Light Job Starter' in page or product 'ASB Visa Light Job Starter' is
                not selected
                Unable to find product 'ASB Visa Rewards Job Starter' in page or product 'ASB Visa Rewards Job Starter'
                is not selected
                Unable to find product 'Savings On Call' in page or product 'Savings On Call' is not selected
                Unable to find product 'FastSaver' in page or product 'FastSaver' is not selected
                -&gt; done: ProductsPageSteps.WhenIChangeMySelectedProductsTo("Job starter, ASB ...") (21.4s)
                And I enter all required details and navigate to Summary page
                --- table step argument ---
                | Title | FirstName | MiddleName | LastName | DateOfBirth | Email | MobileNumber | CountriesCitizenship
                | PreferredIdType | Password | VerbalPassword |
                | Mr | Michael | Sam | Wayne | 11 July 1999 | cob2016@asb.co.nz | 021-RANDOM | New Zealand | Other |
                Kiwi77nz | MyCode01 |
                Given I enter mandatory Tax Information for NZ citizen and clicks on Next button
                -&gt; done: AdditionalPersonalDetailsSteps.GivenIEnterMandatoryTaxInformationForNZCitizen() (0.5s)
                -&gt; done: PersonalDetailsSteps.GivenIEnterAllRequiredDetailsAndNavigateToSummaryPage(&lt;table&gt;)
                (13.4s)
                When I confirm details on the Summary page
                UniqueId:
                Title: Mr
                FirstName: Michael
                MiddleName: Sam
                LastName: Wayne
                Email: cob2016@asb.co.nz
                Gender:
                DateOfBirth: 7/11/1999 12:00:00 AM
                DateCreated:
                LastReviewDate:
                Cals:
                IsIndividual:
                NzCitizen: True
                NzResidence:
                HighValueCustomer:
                StaffMember:
                AmlVerified:
                VipCustomer:
                Addresses: System.Collections.Generic.List`1[ASB.Selenium.DataModel.Customer.Address]
                AddressInformation: ASB.Selenium.DataModel.Customer.AddressInformation
                CompanyName:
                CompanyType:
                CompanySubType:
                CustomerTypeCode:
                IrdNumber:
                TaxClass:
                TaxClassDate:
                IsNzTaxResident: True
                NonResidentCountryCode:
                IsForeignTaxResident: False
                ForeignTaxResidencyStatus:
                IsProfileEnhanced:
                Phones: System.Collections.Generic.List`1[ASB.Selenium.DataModel.Customer.Phone]
                NextOfKin:
                EmploymentDetails:
                LinkedCustomers:
                AccountRelationships:
                IdType:
                Fatca: ASB.Selenium.DataModel.Customer.Fatca
                CitizenshipCountryCodes:
                CitizenshipCountryNames: System.Collections.Generic.List`1[System.String]
                ForeignTaxResidenceTypes:
                System.Collections.Generic.List`1[ASB.Selenium.DataModel.Customer.ForeignTaxResidenceTypes]
                OnboardingDetail: ASB.Selenium.DataModel.Customer.OnboardingDetail
                AddressVerificationStatus:
                IdVerificationStatus:
                PreferredIdType: Other
                IsProfileComplete: True
                DaysRemaining: 0
                OnboardingStatus:
                NewAccounts: System.Collections.Generic.List`1[ASB.Selenium.DataModel.Customer.Accounts]
                FailedAccounts: System.Collections.Generic.List`1[ASB.Selenium.DataModel.Customer.Accounts]
                OnboardingSource: JobStarter
                CustomerCreated:
                LoginCreated:
                RegisteredForNetcode:
                AccountsCreated:
                CustomerAccessToken:
                VerificationPassword: MyCode01
                LoginDetail: ASB.Selenium.DataModel.Customer.Login
                CustomerType:
                Cif:
                Username: mway37181
                UsernameApi:
                Password: Kiwi77nz&#57348;
                PublicKey:
                AcceptedTermsAndConditions:
                BackgroundCheckConsent:
                PreferredIdType:
                -&gt; done: SummaryPageSteps.WhenIConfirmDetailsOnTheSummaryPage() (2.8s)
                Then System Unavailable screen is displayed
                -&gt; done: ConfirmationPageSteps.ThenSystemUnavailableScreenIsDisplayed("is") (0.4s)
                And a message advising me of difficulties signing me up online and to contact ASB is displayed
                -&gt; done:
                ConfirmationPageSteps.ThenAMessageAdvisingMeOfDifficultiesSigningMeUpOnlineAndToContactASBIsDisplayed("is")
                (0.0s)
                And the Confirmation page for duplicate 'bad' customer with open products is displayed
                Unable to find FNC Login section!
                -&gt; done: ConfirmationPageSteps.ThenTheConfirmationPageForCustomerIsDisplayed("bad") (2.1s)
                And the 'Find a branch' button opens in a new window
                -&gt; done: CommonSteps.ThenTheButtonOpensInANewWindow("Find a branch") (3.1s)
            </system-out>
        </testcase>
        <testcase name="JOBSTARTER_CNFM_02_VerifyProofOfAddressCopy_BadCustomer" assertions="20" time="49.577002"
                  status="Failed" classname="Join.Form.Customer.Selenium.Features._10_JobStarterProductFeature">

            <failure
                    message="&#10;  One or more failures in Multiple assert block:&#10;  1)   Any posted document (such as correspondence from NZ Transport Agency or IRD) which includes your name and home address that's less than 12 months old. text not found!&#10;  Expected: True&#10;  But was:  False&#10;&#10;  2)   Bank statement text not found!&#10;  Expected: True&#10;  But was:  False&#10;&#10;  3)   Statement from an NZ bank that includes your home address that's less than three months old. text not found!&#10;  Expected: True&#10;  But was:  False&#10;&#10;&#10;TearDown : NUnit.Framework.assertionException :   Verification failures exist. Please check output for details.&#10;  Expected: False&#10;  But was:  True&#10;">
                --TearDown
                at NUnit.Framework.assert.ReportFailure(String message)
                at NUnit.Framework.assert.That[TActual](TActual actual, IResolveConstraint expression, String message,
                Object[] args)
                at ASB.Test.Automation.Verify.Verify.FailTest()
                at Join.Form.Customer.Selenium.WebDriverSupport.CheckForFailures()
                at Join.Form.Customer.Selenium.WebDriverSupport.DestroyDriver()
                at TechTalk.SpecFlow.Bindings.BindingInvoker.InvokeBinding(IBinding binding, IContextManager
                contextManager, Object[] arguments, ITestTracer testTracer, TimeSpan&amp; duration)
                at TechTalk.SpecFlow.Infrastructure.TestExecutionEngine.FireEvents(HookType bindingEvent)
                at TechTalk.SpecFlow.Infrastructure.TestExecutionEngine.OnScenarioEnd()
                at Join.Form.Customer.Selenium.Features._10_JobStarterProductFeature.ScenarioTearDown()
            </failure>
            <system-out>Given I start my Job Starter application
                Navigating to URL: https://webappisamdev.asbbank.co.nz/public/join/jobstarter/?grcDisabled=true
                -&gt; done: CommonSteps.GivenIStartMyJobStarterApplication() (0.7s)
                Given I select the following products: 'Job starter, ASB Visa Debit Job Starter'
                12/6/2017 4:47:22 AMWaitForFeaturesPageLoad: Executing WaitForFrameAndSwitch
                12/6/2017 4:47:22 AMWaitForFeaturesPageLoad: Done executing WaitForFrameAndSwitch
                Unable to find product 'FastSaver' in page or product 'FastSaver' is not selected
                Unable to find product 'Savings On Call' in page or product 'Savings On Call' is not selected
                Unable to find product 'Job Starter Overdraft' in page or product 'Job Starter Overdraft' is not
                selected
                Unable to find product 'ASB Visa Rewards Job Starter' in page or product 'ASB Visa Rewards Job Starter'
                is not selected
                Unable to find product 'ASB Visa Light Job Starter' in page or product 'ASB Visa Light Job Starter' is
                not selected
                Unable to find product 'Job Starter Overdraft' in page or product 'Job Starter Overdraft' is not
                selected
                Unable to find product 'ASB Visa Light Job Starter' in page or product 'ASB Visa Light Job Starter' is
                not selected
                Unable to find product 'ASB Visa Rewards Job Starter' in page or product 'ASB Visa Rewards Job Starter'
                is not selected
                Unable to find product 'Savings On Call' in page or product 'Savings On Call' is not selected
                Unable to find product 'FastSaver' in page or product 'FastSaver' is not selected
                -&gt; done: ProductsPageSteps.WhenIChangeMySelectedProductsTo("Job starter, ASB ...") (21.4s)
                And I enter all required details and navigate to Summary page
                --- table step argument ---
                | Title | FirstName | MiddleName | LastName | DateOfBirth | Email | MobileNumber | CountriesCitizenship
                | PreferredIdType | Password | VerbalPassword |
                | Mr | Michael | Sam | Wayne | 11 July 1999 | cob2016@asb.co.nz | 021-RANDOM | New Zealand | Other |
                Kiwi77nz | MyCode01 |
                Given I enter mandatory Tax Information for NZ citizen and clicks on Next button
                -&gt; done: AdditionalPersonalDetailsSteps.GivenIEnterMandatoryTaxInformationForNZCitizen() (0.5s)
                -&gt; done: PersonalDetailsSteps.GivenIEnterAllRequiredDetailsAndNavigateToSummaryPage(&lt;table&gt;)
                (18.9s)
                When I confirm details on the Summary page
                UniqueId:
                Title: Mr
                FirstName: Michael
                MiddleName: Sam
                LastName: Wayne
                Email: cob2016@asb.co.nz
                Gender:
                DateOfBirth: 7/11/1999 12:00:00 AM
                DateCreated:
                LastReviewDate:
                Cals:
                IsIndividual:
                NzCitizen: True
                NzResidence:
                HighValueCustomer:
                StaffMember:
                AmlVerified:
                VipCustomer:
                Addresses: System.Collections.Generic.List`1[ASB.Selenium.DataModel.Customer.Address]
                AddressInformation: ASB.Selenium.DataModel.Customer.AddressInformation
                CompanyName:
                CompanyType:
                CompanySubType:
                CustomerTypeCode:
                IrdNumber:
                TaxClass:
                TaxClassDate:
                IsNzTaxResident: True
                NonResidentCountryCode:
                IsForeignTaxResident: False
                ForeignTaxResidencyStatus:
                IsProfileEnhanced:
                Phones: System.Collections.Generic.List`1[ASB.Selenium.DataModel.Customer.Phone]
                NextOfKin:
                EmploymentDetails:
                LinkedCustomers:
                AccountRelationships:
                IdType:
                Fatca: ASB.Selenium.DataModel.Customer.Fatca
                CitizenshipCountryCodes:
                CitizenshipCountryNames: System.Collections.Generic.List`1[System.String]
                ForeignTaxResidenceTypes:
                System.Collections.Generic.List`1[ASB.Selenium.DataModel.Customer.ForeignTaxResidenceTypes]
                OnboardingDetail: ASB.Selenium.DataModel.Customer.OnboardingDetail
                AddressVerificationStatus:
                IdVerificationStatus:
                PreferredIdType: Other
                IsProfileComplete: True
                DaysRemaining: 0
                OnboardingStatus:
                NewAccounts: System.Collections.Generic.List`1[ASB.Selenium.DataModel.Customer.Accounts]
                FailedAccounts: System.Collections.Generic.List`1[ASB.Selenium.DataModel.Customer.Accounts]
                OnboardingSource: JobStarter
                CustomerCreated:
                LoginCreated:
                RegisteredForNetcode:
                AccountsCreated:
                CustomerAccessToken:
                VerificationPassword: MyCode01
                LoginDetail: ASB.Selenium.DataModel.Customer.Login
                CustomerType:
                Cif:
                Username: mway68599
                UsernameApi:
                Password: Kiwi77nz&#57348;
                PublicKey:
                AcceptedTermsAndConditions:
                BackgroundCheckConsent:
                PreferredIdType:
                -&gt; done: SummaryPageSteps.WhenIConfirmDetailsOnTheSummaryPage() (2.9s)
                Then the Confirmation page for duplicate 'bad' customer with open products is displayed
                Unable to find FNC Login section!
                -&gt; done: ConfirmationPageSteps.ThenTheConfirmationPageForCustomerIsDisplayed("bad") (2.5s)
                And the Proof of Address section is displayed for Job starter customer
                Failed reason: Any posted document (such as correspondence from NZ Transport Agency or IRD) which
                includes your name and home address that's less than 12 months old. text not found!
                Failed reason: Bank statement text not found!
                Failed reason: Statement from an NZ bank that includes your home address that's less than three months
                old. text not found!
                -&gt; done: ConfirmationPageSteps.ThenTheProofOfAddressSectionIsDisplayedForJobStarterCustomer() (0.1s)
                Any posted document (such as correspondence from NZ Transport Agency or IRD) which includes your name
                and home address that's less than 12 months old. text not found!
                Expected: True
                But was: False

                Bank statement text not found!
                Expected: True
                But was: False

                Statement from an NZ bank that includes your home address that's less than three months old. text not
                found!
                Expected: True
                But was: False

            </system-out>

        </testcase>
        <testcase name="JOBSTARTER_CNFM_03_ExistingCustomerCheck_FNCOpenApplyRedirect" assertions="29" time="52.810033"
                  status="Passed" classname="Join.Form.Customer.Selenium.Features._10_JobStarterProductFeature">

            <system-out>-&gt; warning: The previous ScenarioContext was not disposed.
                Given I start my Job Starter application
                Navigating to URL: https://webappisamdev.asbbank.co.nz/public/join/jobstarter/?grcDisabled=true
                -&gt; done: CommonSteps.GivenIStartMyJobStarterApplication() (0.6s)
                Given I am an existing ASB customer
                Navigating to URL: https://webappisamdev.asbbank.co.nz/public/join/jobstarter/?grcDisabled=true&amp;fncJunctionNumber=104
                -&gt; done: CommonSteps.GivenIAmAnExistingASBCustomer() (0.3s)
                And I select the following products: 'Job starter, ASB Visa Debit Job Starter'
                12/6/2017 4:48:12 AMWaitForFeaturesPageLoad: Executing WaitForFrameAndSwitch
                12/6/2017 4:48:12 AMWaitForFeaturesPageLoad: Done executing WaitForFrameAndSwitch
                Unable to find product 'FastSaver' in page or product 'FastSaver' is not selected
                Unable to find product 'Savings On Call' in page or product 'Savings On Call' is not selected
                Unable to find product 'Job Starter Overdraft' in page or product 'Job Starter Overdraft' is not
                selected
                Unable to find product 'ASB Visa Rewards Job Starter' in page or product 'ASB Visa Rewards Job Starter'
                is not selected
                Unable to find product 'ASB Visa Light Job Starter' in page or product 'ASB Visa Light Job Starter' is
                not selected
                Unable to find product 'Job Starter Overdraft' in page or product 'Job Starter Overdraft' is not
                selected
                Unable to find product 'ASB Visa Light Job Starter' in page or product 'ASB Visa Light Job Starter' is
                not selected
                Unable to find product 'ASB Visa Rewards Job Starter' in page or product 'ASB Visa Rewards Job Starter'
                is not selected
                Unable to find product 'Savings On Call' in page or product 'Savings On Call' is not selected
                Unable to find product 'FastSaver' in page or product 'FastSaver' is not selected
                -&gt; done: ProductsPageSteps.WhenIChangeMySelectedProductsTo("Job starter, ASB ...") (21.3s)
                And I enter all required details and navigate to Summary page
                --- table step argument ---
                | Title | FirstName | MiddleName | LastName | DateOfBirth | Email | MobileNumber | CountriesCitizenship
                | PreferredIdType | Password | VerbalPassword |
                | Miss | Butcher | Close | Wolf | 11 July 1999 | cob2016@asb.co.nz | 021-RANDOM | New Zealand | Other |
                Kiwi77nz | MyCode01 |
                Given I enter mandatory Tax Information for NZ citizen and clicks on Next button
                -&gt; done: AdditionalPersonalDetailsSteps.GivenIEnterMandatoryTaxInformationForNZCitizen() (0.5s)
                -&gt; done: PersonalDetailsSteps.GivenIEnterAllRequiredDetailsAndNavigateToSummaryPage(&lt;table&gt;)
                (13.2s)
                When I confirm details on the Summary page
                UniqueId:
                Title: Miss
                FirstName: Butcher
                MiddleName: Close
                LastName: Wolf
                Email: cob2016@asb.co.nz
                Gender:
                DateOfBirth: 7/11/1999 12:00:00 AM
                DateCreated:
                LastReviewDate:
                Cals:
                IsIndividual:
                NzCitizen: True
                NzResidence:
                HighValueCustomer:
                StaffMember:
                AmlVerified:
                VipCustomer:
                Addresses: System.Collections.Generic.List`1[ASB.Selenium.DataModel.Customer.Address]
                AddressInformation: ASB.Selenium.DataModel.Customer.AddressInformation
                CompanyName:
                CompanyType:
                CompanySubType:
                CustomerTypeCode:
                IrdNumber:
                TaxClass:
                TaxClassDate:
                IsNzTaxResident: True
                NonResidentCountryCode:
                IsForeignTaxResident: False
                ForeignTaxResidencyStatus:
                IsProfileEnhanced:
                Phones: System.Collections.Generic.List`1[ASB.Selenium.DataModel.Customer.Phone]
                NextOfKin:
                EmploymentDetails:
                LinkedCustomers:
                AccountRelationships:
                IdType:
                Fatca: ASB.Selenium.DataModel.Customer.Fatca
                CitizenshipCountryCodes:
                CitizenshipCountryNames: System.Collections.Generic.List`1[System.String]
                ForeignTaxResidenceTypes:
                System.Collections.Generic.List`1[ASB.Selenium.DataModel.Customer.ForeignTaxResidenceTypes]
                OnboardingDetail: ASB.Selenium.DataModel.Customer.OnboardingDetail
                AddressVerificationStatus:
                IdVerificationStatus:
                PreferredIdType: Other
                IsProfileComplete: True
                DaysRemaining: 0
                OnboardingStatus:
                NewAccounts: System.Collections.Generic.List`1[ASB.Selenium.DataModel.Customer.Accounts]
                FailedAccounts: System.Collections.Generic.List`1[ASB.Selenium.DataModel.Customer.Accounts]
                OnboardingSource: JobStarter
                CustomerCreated:
                LoginCreated:
                RegisteredForNetcode:
                AccountsCreated:
                CustomerAccessToken:
                VerificationPassword: MyCode01
                LoginDetail: ASB.Selenium.DataModel.Customer.Login
                CustomerType:
                Cif:
                Username: bwol58647
                UsernameApi:
                Password: Kiwi77nz&#57348;
                PublicKey:
                AcceptedTermsAndConditions:
                BackgroundCheckConsent:
                PreferredIdType:
                -&gt; done: SummaryPageSteps.WhenIConfirmDetailsOnTheSummaryPage() (2.9s)
                Then the Confirmation page for duplicate 'good' customer with open products is displayed
                -&gt; done: ConfirmationPageSteps.ThenTheConfirmationPageForCustomerIsDisplayed("good") (0.7s)
                And the FNC Login section is displayed
                -&gt; done: ConfirmationPageSteps.ThenTheFNCLoginSectionIsDisplayed() (0.3s)
                And the 'Having trouble logging in?' button opens in a new window
                -&gt; done: CommonSteps.ThenTheButtonOpensInANewWindow("Having trouble lo...") (2.8s)
                And the 'register for internet banking' link opens in a new window
                -&gt; done: CommonSteps.ThenTheLinkOpensInANewWindow("register for inte...") (3.8s)
                And the 'Find a branch' button opens in a new window
                -&gt; done: CommonSteps.ThenTheButtonOpensInANewWindow("Find a branch") (2.7s)
                And FNC Open &amp; Apply page is displayed after login
                -&gt; done: ConfirmationPageSteps.ThenFNCOpenApplyPageIsDisplayedOnClickOfLoginButton() (3.4s)
            </system-out>
        </testcase>
        <testcase name="JOBSTARTER_CNFM_04_VerifyProofOfAddressCopy_ExistingCustomer" assertions="20" time="42.692355"
                  status="Failed" classname="Join.Form.Customer.Selenium.Features._10_JobStarterProductFeature">

            <failure
                    message="&#10;  One or more failures in Multiple assert block:&#10;  1)   Any posted document (such as correspondence from NZ Transport Agency or IRD) which includes your name and home address that's less than 12 months old. text not found!&#10;  Expected: True&#10;  But was:  False&#10;&#10;  2)   Bank statement text not found!&#10;  Expected: True&#10;  But was:  False&#10;&#10;  3)   Statement from an NZ bank that includes your home address that's less than three months old. text not found!&#10;  Expected: True&#10;  But was:  False&#10;&#10;&#10;TearDown : NUnit.Framework.assertionException :   Verification failures exist. Please check output for details.&#10;  Expected: False&#10;  But was:  True&#10;">
                --TearDown
                at NUnit.Framework.assert.ReportFailure(String message)
                at NUnit.Framework.assert.That[TActual](TActual actual, IResolveConstraint expression, String message,
                Object[] args)
                at ASB.Test.Automation.Verify.Verify.FailTest()
                at Join.Form.Customer.Selenium.WebDriverSupport.CheckForFailures()
                at Join.Form.Customer.Selenium.WebDriverSupport.DestroyDriver()
                at TechTalk.SpecFlow.Bindings.BindingInvoker.InvokeBinding(IBinding binding, IContextManager
                contextManager, Object[] arguments, ITestTracer testTracer, TimeSpan&amp; duration)
                at TechTalk.SpecFlow.Infrastructure.TestExecutionEngine.FireEvents(HookType bindingEvent)
                at TechTalk.SpecFlow.Infrastructure.TestExecutionEngine.OnScenarioEnd()
                at Join.Form.Customer.Selenium.Features._10_JobStarterProductFeature.ScenarioTearDown()
            </failure>
            <system-out>Given I start my Job Starter application
                Navigating to URL: https://webappisamdev.asbbank.co.nz/public/join/jobstarter/?grcDisabled=true
                -&gt; done: CommonSteps.GivenIStartMyJobStarterApplication() (0.6s)
                Given I am an existing ASB customer
                Navigating to URL: https://webappisamdev.asbbank.co.nz/public/join/jobstarter/?grcDisabled=true&amp;fncJunctionNumber=104
                -&gt; done: CommonSteps.GivenIAmAnExistingASBCustomer() (0.3s)
                And I select the following products: 'Job starter, ASB Visa Debit Job Starter'
                12/6/2017 4:49:05 AMWaitForFeaturesPageLoad: Executing WaitForFrameAndSwitch
                12/6/2017 4:49:05 AMWaitForFeaturesPageLoad: Done executing WaitForFrameAndSwitch
                Unable to find product 'FastSaver' in page or product 'FastSaver' is not selected
                Unable to find product 'Savings On Call' in page or product 'Savings On Call' is not selected
                Unable to find product 'Job Starter Overdraft' in page or product 'Job Starter Overdraft' is not
                selected
                Unable to find product 'ASB Visa Rewards Job Starter' in page or product 'ASB Visa Rewards Job Starter'
                is not selected
                Unable to find product 'ASB Visa Light Job Starter' in page or product 'ASB Visa Light Job Starter' is
                not selected
                Unable to find product 'Job Starter Overdraft' in page or product 'Job Starter Overdraft' is not
                selected
                Unable to find product 'ASB Visa Light Job Starter' in page or product 'ASB Visa Light Job Starter' is
                not selected
                Unable to find product 'ASB Visa Rewards Job Starter' in page or product 'ASB Visa Rewards Job Starter'
                is not selected
                Unable to find product 'Savings On Call' in page or product 'Savings On Call' is not selected
                Unable to find product 'FastSaver' in page or product 'FastSaver' is not selected
                -&gt; done: ProductsPageSteps.WhenIChangeMySelectedProductsTo("Job starter, ASB ...") (21.4s)
                And I enter all required details and navigate to Summary page
                --- table step argument ---
                | Title | FirstName | MiddleName | LastName | DateOfBirth | Email | MobileNumber | CountriesCitizenship
                | PreferredIdType | Password | VerbalPassword |
                | Miss | Butcher | Close | Wolf | 11 July 1999 | cob2016@asb.co.nz | 021-RANDOM | New Zealand | Other |
                Kiwi77nz | MyCode01 |
                Given I enter mandatory Tax Information for NZ citizen and clicks on Next button
                -&gt; done: AdditionalPersonalDetailsSteps.GivenIEnterMandatoryTaxInformationForNZCitizen() (0.5s)
                -&gt; done: PersonalDetailsSteps.GivenIEnterAllRequiredDetailsAndNavigateToSummaryPage(&lt;table&gt;)
                (13.3s)
                When I confirm details on the Summary page
                UniqueId:
                Title: Miss
                FirstName: Butcher
                MiddleName: Close
                LastName: Wolf
                Email: cob2016@asb.co.nz
                Gender:
                DateOfBirth: 7/11/1999 12:00:00 AM
                DateCreated:
                LastReviewDate:
                Cals:
                IsIndividual:
                NzCitizen: True
                NzResidence:
                HighValueCustomer:
                StaffMember:
                AmlVerified:
                VipCustomer:
                Addresses: System.Collections.Generic.List`1[ASB.Selenium.DataModel.Customer.Address]
                AddressInformation: ASB.Selenium.DataModel.Customer.AddressInformation
                CompanyName:
                CompanyType:
                CompanySubType:
                CustomerTypeCode:
                IrdNumber:
                TaxClass:
                TaxClassDate:
                IsNzTaxResident: True
                NonResidentCountryCode:
                IsForeignTaxResident: False
                ForeignTaxResidencyStatus:
                IsProfileEnhanced:
                Phones: System.Collections.Generic.List`1[ASB.Selenium.DataModel.Customer.Phone]
                NextOfKin:
                EmploymentDetails:
                LinkedCustomers:
                AccountRelationships:
                IdType:
                Fatca: ASB.Selenium.DataModel.Customer.Fatca
                CitizenshipCountryCodes:
                CitizenshipCountryNames: System.Collections.Generic.List`1[System.String]
                ForeignTaxResidenceTypes:
                System.Collections.Generic.List`1[ASB.Selenium.DataModel.Customer.ForeignTaxResidenceTypes]
                OnboardingDetail: ASB.Selenium.DataModel.Customer.OnboardingDetail
                AddressVerificationStatus:
                IdVerificationStatus:
                PreferredIdType: Other
                IsProfileComplete: True
                DaysRemaining: 0
                OnboardingStatus:
                NewAccounts: System.Collections.Generic.List`1[ASB.Selenium.DataModel.Customer.Accounts]
                FailedAccounts: System.Collections.Generic.List`1[ASB.Selenium.DataModel.Customer.Accounts]
                OnboardingSource: JobStarter
                CustomerCreated:
                LoginCreated:
                RegisteredForNetcode:
                AccountsCreated:
                CustomerAccessToken:
                VerificationPassword: MyCode01
                LoginDetail: ASB.Selenium.DataModel.Customer.Login
                CustomerType:
                Cif:
                Username: bwol94039
                UsernameApi:
                Password: Kiwi77nz&#57348;
                PublicKey:
                AcceptedTermsAndConditions:
                BackgroundCheckConsent:
                PreferredIdType:
                -&gt; done: SummaryPageSteps.WhenIConfirmDetailsOnTheSummaryPage() (2.9s)
                Then the Confirmation page for duplicate 'good' customer with open products is displayed
                -&gt; done: ConfirmationPageSteps.ThenTheConfirmationPageForCustomerIsDisplayed("good") (0.8s)
                And the Proof of Address section is displayed for Job starter customer
                Failed reason: Any posted document (such as correspondence from NZ Transport Agency or IRD) which
                includes your name and home address that's less than 12 months old. text not found!
                Failed reason: Bank statement text not found!
                Failed reason: Statement from an NZ bank that includes your home address that's less than three months
                old. text not found!
                -&gt; done: ConfirmationPageSteps.ThenTheProofOfAddressSectionIsDisplayedForJobStarterCustomer() (0.1s)
                Any posted document (such as correspondence from NZ Transport Agency or IRD) which includes your name
                and home address that's less than 12 months old. text not found!
                Expected: True
                But was: False

                Bank statement text not found!
                Expected: True
                But was: False

                Statement from an NZ bank that includes your home address that's less than three months old. text not
                found!
                Expected: True
                But was: False

            </system-out>

        </testcase>
    </testsuite>
    <testsuite tests="3" time="466.657098" errors="0" failures="3" skipped="0" timestamp="2017-12-05 15:31:29Z"
               name="Join.Form.Customer.Selenium.dll.Join.Form.Customer.Selenium.Features._10_JobStarterProductFeature.JOBSTARTER_ACTSUM_01_NZCitizen.">
        <testcase
                name="JOBSTARTER_ACTSUM_01_NZCitizen(&quot;Job starter only&quot;,&quot;Job starter&quot;,System.String[])"
                assertions="11" time="151.153394" status="Failed"
                classname="Join.Form.Customer.Selenium.Features._10_JobStarterProductFeature">

            <failure message="System.Exception : Timeout error: Activation page is NOT displayed!">at
                ASB.Test.Automation.Utils.Retry.Retry.Execute(Func`1 function, Int32 retryInterval, Int32 retryCount,
                String exceptionMessage)
                at Selenium.Steps.COB.ActivationSummary.ActivationSummarySteps.ThenTheActivationPageIsDisplayed()
                at TechTalk.SpecFlow.Bindings.BindingInvoker.InvokeBinding(IBinding binding, IContextManager
                contextManager, Object[] arguments, ITestTracer testTracer, TimeSpan&amp; duration)
                at TechTalk.SpecFlow.Infrastructure.TestExecutionEngine.ExecuteStepMatch(BindingMatch match, Object[]
                arguments)
                at TechTalk.SpecFlow.Infrastructure.TestExecutionEngine.ExecuteStep(StepInstance stepInstance)
                at TechTalk.SpecFlow.Infrastructure.TestExecutionEngine.OnAfterLastStep()
                at Join.Form.Customer.Selenium.Features._10_JobStarterProductFeature.ScenarioCleanup()
                at
                Join.Form.Customer.Selenium.Features._10_JobStarterProductFeature.JOBSTARTER_ACTSUM_01_NZCitizen(String
                scenario, String products, String[] exampleTags)
            </failure>
            <system-out>Given I start my Job Starter application
                Navigating to URL: https://webappisamdev.asbbank.co.nz/public/join/jobstarter/?grcDisabled=true
                -&gt; done: CommonSteps.GivenIStartMyJobStarterApplication() (0.6s)
                Given I select the following products: 'Job starter'
                12/6/2017 4:31:41 AMWaitForFeaturesPageLoad: Executing WaitForFrameAndSwitch
                12/6/2017 4:31:41 AMWaitForFeaturesPageLoad: Done executing WaitForFrameAndSwitch
                Unable to find product 'FastSaver' in page or product 'FastSaver' is not selected
                Unable to find product 'Savings On Call' in page or product 'Savings On Call' is not selected
                Unable to find product 'Job Starter Overdraft' in page or product 'Job Starter Overdraft' is not
                selected
                Unable to find product 'ASB Visa Rewards Job Starter' in page or product 'ASB Visa Rewards Job Starter'
                is not selected
                Unable to find product 'ASB Visa Light Job Starter' in page or product 'ASB Visa Light Job Starter' is
                not selected
                Unable to find product 'ASB Visa Debit Job Starter' in page or product 'ASB Visa Debit Job Starter' is
                not selected
                Unable to find product 'Job Starter Overdraft' in page or product 'Job Starter Overdraft' is not
                selected
                Unable to find product 'ASB Visa Light Job Starter' in page or product 'ASB Visa Light Job Starter' is
                not selected
                Unable to find product 'ASB Visa Rewards Job Starter' in page or product 'ASB Visa Rewards Job Starter'
                is not selected
                Unable to find product 'Savings On Call' in page or product 'Savings On Call' is not selected
                Unable to find product 'FastSaver' in page or product 'FastSaver' is not selected
                -&gt; done: ProductsPageSteps.WhenIChangeMySelectedProductsTo("Job starter") (22.5s)
                And I enter all required details and navigate to Summary page
                --- table step argument ---
                | Title | FirstName | MiddleName | LastName | DateOfBirth | Email | MobileNumber | CountriesCitizenship
                | PreferredIdType | Password | VerbalPassword |
                | Miss | AutomationNZ | | RANDOM | 18-20 | Jay.Pamilacan@asb.co.nz | 021-1234567890 | New Zealand |
                Other | Kiwi77nz | MyCode01 |
                Given I enter mandatory Tax Information for NZ citizen and clicks on Next button
                -&gt; done: AdditionalPersonalDetailsSteps.GivenIEnterMandatoryTaxInformationForNZCitizen() (0.5s)
                -&gt; done: PersonalDetailsSteps.GivenIEnterAllRequiredDetailsAndNavigateToSummaryPage(&lt;table&gt;)
                (13.3s)
                When I confirm details on the Summary page
                UniqueId:
                Title: Miss
                FirstName: AutomationNZ
                MiddleName:
                LastName: COB-hKfit
                Email: Jay.Pamilacan@asb.co.nz
                Gender:
                DateOfBirth: 12/6/1999 12:00:00 AM
                DateCreated:
                LastReviewDate:
                Cals:
                IsIndividual:
                NzCitizen: True
                NzResidence:
                HighValueCustomer:
                StaffMember:
                AmlVerified:
                VipCustomer:
                Addresses: System.Collections.Generic.List`1[ASB.Selenium.DataModel.Customer.Address]
                AddressInformation: ASB.Selenium.DataModel.Customer.AddressInformation
                CompanyName:
                CompanyType:
                CompanySubType:
                CustomerTypeCode:
                IrdNumber:
                TaxClass:
                TaxClassDate:
                IsNzTaxResident: True
                NonResidentCountryCode:
                IsForeignTaxResident: False
                ForeignTaxResidencyStatus:
                IsProfileEnhanced:
                Phones: System.Collections.Generic.List`1[ASB.Selenium.DataModel.Customer.Phone]
                NextOfKin:
                EmploymentDetails:
                LinkedCustomers:
                AccountRelationships:
                IdType:
                Fatca: ASB.Selenium.DataModel.Customer.Fatca
                CitizenshipCountryCodes:
                CitizenshipCountryNames: System.Collections.Generic.List`1[System.String]
                ForeignTaxResidenceTypes:
                System.Collections.Generic.List`1[ASB.Selenium.DataModel.Customer.ForeignTaxResidenceTypes]
                OnboardingDetail: ASB.Selenium.DataModel.Customer.OnboardingDetail
                AddressVerificationStatus:
                IdVerificationStatus:
                PreferredIdType: Other
                IsProfileComplete: True
                DaysRemaining: 0
                OnboardingStatus:
                NewAccounts: System.Collections.Generic.List`1[ASB.Selenium.DataModel.Customer.Accounts]
                FailedAccounts: System.Collections.Generic.List`1[ASB.Selenium.DataModel.Customer.Accounts]
                OnboardingSource: JobStarter
                CustomerCreated:
                LoginCreated:
                RegisteredForNetcode:
                AccountsCreated:
                CustomerAccessToken:
                VerificationPassword: MyCode01
                LoginDetail: ASB.Selenium.DataModel.Customer.Login
                CustomerType:
                Cif:
                Username: acob65907
                UsernameApi:
                Password: Kiwi77nz&#57348;
                PublicKey:
                AcceptedTermsAndConditions:
                BackgroundCheckConsent:
                PreferredIdType:
                -&gt; done: SummaryPageSteps.WhenIConfirmDetailsOnTheSummaryPage() (2.8s)
                Then the 'Processing' screen of Join ASB page is displayed
                -&gt; done: CommonSteps.ThenTheScreenOfJoinASBPageIsDisplayed("Processing") (0.0s)
                And the Logging you in progress page is displayed
                -&gt; done: ConfirmationPageSteps.ThenTheLoggingYouInProgressPageIsDisplayed() (15.6s)
                And the Activation page is displayed
                12/6/2017 4:32:26 AMThenTheActivationPageIsDisplayed: IsActivationPageDisplayed STARTED
                12/6/2017 4:32:57 AMThenTheActivationPageIsDisplayed: IsActivationPageDisplayed DONE
                12/6/2017 4:32:57 AMThenTheActivationPageIsDisplayed: IsSectionDisplayed STARTED
                12/6/2017 4:33:27 AMThenTheActivationPageIsDisplayed: IsSectionDisplayed DONE
                -&gt; error: Timeout error: Activation page is NOT displayed!
                And the account number and product name is displayed for the selected products
                -&gt; skipped because of previous errors
                And the Profile Details section is displayed
                -&gt; skipped because of previous errors
                And the Proof of Address section is displayed
                -&gt; skipped because of previous errors
                And the Confirm Identity section is displayed
                -&gt; skipped because of previous errors
                And the See a complete list of acceptable documents text is displayed conditionally
                -&gt; skipped because of previous errors
                And the Find a branch button is displayed conditionally
                -&gt; skipped because of previous errors
            </system-out>
        </testcase>
        <testcase
                name="JOBSTARTER_ACTSUM_01_NZCitizen(&quot;Default Job Starter Products&quot;,&quot;Job starter, ASB Visa Debit Job Starter&quot;,System.String[])"
                assertions="11" time="149.423605" status="Failed"
                classname="Join.Form.Customer.Selenium.Features._10_JobStarterProductFeature">

            <failure message="System.Exception : Timeout error: Activation page is NOT displayed!">at
                ASB.Test.Automation.Utils.Retry.Retry.Execute(Func`1 function, Int32 retryInterval, Int32 retryCount,
                String exceptionMessage)
                at Selenium.Steps.COB.ActivationSummary.ActivationSummarySteps.ThenTheActivationPageIsDisplayed()
                at TechTalk.SpecFlow.Bindings.BindingInvoker.InvokeBinding(IBinding binding, IContextManager
                contextManager, Object[] arguments, ITestTracer testTracer, TimeSpan&amp; duration)
                at TechTalk.SpecFlow.Infrastructure.TestExecutionEngine.ExecuteStepMatch(BindingMatch match, Object[]
                arguments)
                at TechTalk.SpecFlow.Infrastructure.TestExecutionEngine.ExecuteStep(StepInstance stepInstance)
                at TechTalk.SpecFlow.Infrastructure.TestExecutionEngine.OnAfterLastStep()
                at Join.Form.Customer.Selenium.Features._10_JobStarterProductFeature.ScenarioCleanup()
                at
                Join.Form.Customer.Selenium.Features._10_JobStarterProductFeature.JOBSTARTER_ACTSUM_01_NZCitizen(String
                scenario, String products, String[] exampleTags)
            </failure>
            <system-out>Given I start my Job Starter application
                Navigating to URL: https://webappisamdev.asbbank.co.nz/public/join/jobstarter/?grcDisabled=true
                -&gt; done: CommonSteps.GivenIStartMyJobStarterApplication() (0.6s)
                Given I select the following products: 'Job starter, ASB Visa Debit Job Starter'
                12/6/2017 4:34:12 AMWaitForFeaturesPageLoad: Executing WaitForFrameAndSwitch
                12/6/2017 4:34:12 AMWaitForFeaturesPageLoad: Done executing WaitForFrameAndSwitch
                Unable to find product 'FastSaver' in page or product 'FastSaver' is not selected
                Unable to find product 'Savings On Call' in page or product 'Savings On Call' is not selected
                Unable to find product 'Job Starter Overdraft' in page or product 'Job Starter Overdraft' is not
                selected
                Unable to find product 'ASB Visa Rewards Job Starter' in page or product 'ASB Visa Rewards Job Starter'
                is not selected
                Unable to find product 'ASB Visa Light Job Starter' in page or product 'ASB Visa Light Job Starter' is
                not selected
                Unable to find product 'Job Starter Overdraft' in page or product 'Job Starter Overdraft' is not
                selected
                Unable to find product 'ASB Visa Light Job Starter' in page or product 'ASB Visa Light Job Starter' is
                not selected
                Unable to find product 'ASB Visa Rewards Job Starter' in page or product 'ASB Visa Rewards Job Starter'
                is not selected
                Unable to find product 'Savings On Call' in page or product 'Savings On Call' is not selected
                Unable to find product 'FastSaver' in page or product 'FastSaver' is not selected
                -&gt; done: ProductsPageSteps.WhenIChangeMySelectedProductsTo("Job starter, ASB ...") (21.6s)
                And I enter all required details and navigate to Summary page
                --- table step argument ---
                | Title | FirstName | MiddleName | LastName | DateOfBirth | Email | MobileNumber | CountriesCitizenship
                | PreferredIdType | Password | VerbalPassword |
                | Miss | AutomationNZ | | RANDOM | 18-20 | Jay.Pamilacan@asb.co.nz | 021-1234567890 | New Zealand |
                Other | Kiwi77nz | MyCode01 |
                Given I enter mandatory Tax Information for NZ citizen and clicks on Next button
                -&gt; done: AdditionalPersonalDetailsSteps.GivenIEnterMandatoryTaxInformationForNZCitizen() (0.6s)
                -&gt; done: PersonalDetailsSteps.GivenIEnterAllRequiredDetailsAndNavigateToSummaryPage(&lt;table&gt;)
                (13.6s)
                When I confirm details on the Summary page
                UniqueId:
                Title: Miss
                FirstName: AutomationNZ
                MiddleName:
                LastName: COB-CRqFg
                Email: Jay.Pamilacan@asb.co.nz
                Gender:
                DateOfBirth: 12/6/1999 12:00:00 AM
                DateCreated:
                LastReviewDate:
                Cals:
                IsIndividual:
                NzCitizen: True
                NzResidence:
                HighValueCustomer:
                StaffMember:
                AmlVerified:
                VipCustomer:
                Addresses: System.Collections.Generic.List`1[ASB.Selenium.DataModel.Customer.Address]
                AddressInformation: ASB.Selenium.DataModel.Customer.AddressInformation
                CompanyName:
                CompanyType:
                CompanySubType:
                CustomerTypeCode:
                IrdNumber:
                TaxClass:
                TaxClassDate:
                IsNzTaxResident: True
                NonResidentCountryCode:
                IsForeignTaxResident: False
                ForeignTaxResidencyStatus:
                IsProfileEnhanced:
                Phones: System.Collections.Generic.List`1[ASB.Selenium.DataModel.Customer.Phone]
                NextOfKin:
                EmploymentDetails:
                LinkedCustomers:
                AccountRelationships:
                IdType:
                Fatca: ASB.Selenium.DataModel.Customer.Fatca
                CitizenshipCountryCodes:
                CitizenshipCountryNames: System.Collections.Generic.List`1[System.String]
                ForeignTaxResidenceTypes:
                System.Collections.Generic.List`1[ASB.Selenium.DataModel.Customer.ForeignTaxResidenceTypes]
                OnboardingDetail: ASB.Selenium.DataModel.Customer.OnboardingDetail
                AddressVerificationStatus:
                IdVerificationStatus:
                PreferredIdType: Other
                IsProfileComplete: True
                DaysRemaining: 0
                OnboardingStatus:
                NewAccounts: System.Collections.Generic.List`1[ASB.Selenium.DataModel.Customer.Accounts]
                FailedAccounts: System.Collections.Generic.List`1[ASB.Selenium.DataModel.Customer.Accounts]
                OnboardingSource: JobStarter
                CustomerCreated:
                LoginCreated:
                RegisteredForNetcode:
                AccountsCreated:
                CustomerAccessToken:
                VerificationPassword: MyCode01
                LoginDetail: ASB.Selenium.DataModel.Customer.Login
                CustomerType:
                Cif:
                Username: acob54919
                UsernameApi:
                Password: Kiwi77nz&#57348;
                PublicKey:
                AcceptedTermsAndConditions:
                BackgroundCheckConsent:
                PreferredIdType:
                -&gt; done: SummaryPageSteps.WhenIConfirmDetailsOnTheSummaryPage() (2.8s)
                Then the 'Processing' screen of Join ASB page is displayed
                -&gt; done: CommonSteps.ThenTheScreenOfJoinASBPageIsDisplayed("Processing") (0.0s)
                And the Logging you in progress page is displayed
                -&gt; done: ConfirmationPageSteps.ThenTheLoggingYouInProgressPageIsDisplayed() (14.8s)
                And the Activation page is displayed
                12/6/2017 4:34:56 AMThenTheActivationPageIsDisplayed: IsActivationPageDisplayed STARTED
                12/6/2017 4:35:26 AMThenTheActivationPageIsDisplayed: IsActivationPageDisplayed DONE
                12/6/2017 4:35:26 AMThenTheActivationPageIsDisplayed: IsSectionDisplayed STARTED
                12/6/2017 4:35:57 AMThenTheActivationPageIsDisplayed: IsSectionDisplayed DONE
                -&gt; error: Timeout error: Activation page is NOT displayed!
                And the account number and product name is displayed for the selected products
                -&gt; skipped because of previous errors
                And the Profile Details section is displayed
                -&gt; skipped because of previous errors
                And the Proof of Address section is displayed
                -&gt; skipped because of previous errors
                And the Confirm Identity section is displayed
                -&gt; skipped because of previous errors
                And the See a complete list of acceptable documents text is displayed conditionally
                -&gt; skipped because of previous errors
                And the Find a branch button is displayed conditionally
                -&gt; skipped because of previous errors
            </system-out>
        </testcase>
        <testcase
                name="JOBSTARTER_ACTSUM_01_NZCitizen(&quot;All Job Starter Products&quot;,&quot;Job starter, ASB Visa Debit Job Starter, Job Starter Overdraft, ASB Visa Rewards Job Starter, ASB Visa Light Job Starter, Savings On Call, FastSaver&quot;,System.String[])"
                assertions="11" time="165.998623" status="Failed"
                classname="Join.Form.Customer.Selenium.Features._10_JobStarterProductFeature">

            <failure message="System.Exception : Timeout error: Activation page is NOT displayed!">at
                ASB.Test.Automation.Utils.Retry.Retry.Execute(Func`1 function, Int32 retryInterval, Int32 retryCount,
                String exceptionMessage)
                at Selenium.Steps.COB.ActivationSummary.ActivationSummarySteps.ThenTheActivationPageIsDisplayed()
                at TechTalk.SpecFlow.Bindings.BindingInvoker.InvokeBinding(IBinding binding, IContextManager
                contextManager, Object[] arguments, ITestTracer testTracer, TimeSpan&amp; duration)
                at TechTalk.SpecFlow.Infrastructure.TestExecutionEngine.ExecuteStepMatch(BindingMatch match, Object[]
                arguments)
                at TechTalk.SpecFlow.Infrastructure.TestExecutionEngine.ExecuteStep(StepInstance stepInstance)
                at TechTalk.SpecFlow.Infrastructure.TestExecutionEngine.OnAfterLastStep()
                at Join.Form.Customer.Selenium.Features._10_JobStarterProductFeature.ScenarioCleanup()
                at
                Join.Form.Customer.Selenium.Features._10_JobStarterProductFeature.JOBSTARTER_ACTSUM_01_NZCitizen(String
                scenario, String products, String[] exampleTags)
            </failure>
            <system-out>Given I start my Job Starter application
                Navigating to URL: https://webappisamdev.asbbank.co.nz/public/join/jobstarter/?grcDisabled=true
                -&gt; done: CommonSteps.GivenIStartMyJobStarterApplication() (0.6s)
                Given I select the following products: 'Job starter, ASB Visa Debit Job Starter, Job Starter Overdraft,
                ASB Visa Rewards Job Starter, ASB Visa Light Job Starter, Savings On Call, FastSaver'
                12/6/2017 4:36:41 AMWaitForFeaturesPageLoad: Executing WaitForFrameAndSwitch
                12/6/2017 4:36:42 AMWaitForFeaturesPageLoad: Done executing WaitForFrameAndSwitch
                Unable to find product 'Job Starter Overdraft' in page or product 'Job Starter Overdraft' is not
                selected
                Unable to find product 'ASB Visa Rewards Job Starter' in page or product 'ASB Visa Rewards Job Starter'
                is not selected
                Unable to find product 'ASB Visa Light Job Starter' in page or product 'ASB Visa Light Job Starter' is
                not selected
                Unable to find product 'Savings On Call' in page or product 'Savings On Call' is not selected
                Unable to find product 'FastSaver' in page or product 'FastSaver' is not selected
                -&gt; done: ProductsPageSteps.WhenIChangeMySelectedProductsTo("Job starter, ASB ...") (31.7s)
                And I enter all required details and navigate to Summary page
                --- table step argument ---
                | Title | FirstName | MiddleName | LastName | DateOfBirth | Email | MobileNumber | CountriesCitizenship
                | PreferredIdType | Password | VerbalPassword |
                | Miss | AutomationNZ | | RANDOM | 18-20 | Jay.Pamilacan@asb.co.nz | 021-1234567890 | New Zealand |
                Other | Kiwi77nz | MyCode01 |
                Given I enter mandatory Tax Information for NZ citizen and clicks on Next button
                -&gt; done: AdditionalPersonalDetailsSteps.GivenIEnterMandatoryTaxInformationForNZCitizen() (0.5s)
                -&gt; done: PersonalDetailsSteps.GivenIEnterAllRequiredDetailsAndNavigateToSummaryPage(&lt;table&gt;)
                (19.2s)
                When I confirm details on the Summary page
                UniqueId:
                Title: Miss
                FirstName: AutomationNZ
                MiddleName:
                LastName: COB-wWpcr
                Email: Jay.Pamilacan@asb.co.nz
                Gender:
                DateOfBirth: 12/6/1999 12:00:00 AM
                DateCreated:
                LastReviewDate:
                Cals:
                IsIndividual:
                NzCitizen: True
                NzResidence:
                HighValueCustomer:
                StaffMember:
                AmlVerified:
                VipCustomer:
                Addresses: System.Collections.Generic.List`1[ASB.Selenium.DataModel.Customer.Address]
                AddressInformation: ASB.Selenium.DataModel.Customer.AddressInformation
                CompanyName:
                CompanyType:
                CompanySubType:
                CustomerTypeCode:
                IrdNumber:
                TaxClass:
                TaxClassDate:
                IsNzTaxResident: True
                NonResidentCountryCode:
                IsForeignTaxResident: False
                ForeignTaxResidencyStatus:
                IsProfileEnhanced:
                Phones: System.Collections.Generic.List`1[ASB.Selenium.DataModel.Customer.Phone]
                NextOfKin:
                EmploymentDetails:
                LinkedCustomers:
                AccountRelationships:
                IdType:
                Fatca: ASB.Selenium.DataModel.Customer.Fatca
                CitizenshipCountryCodes:
                CitizenshipCountryNames: System.Collections.Generic.List`1[System.String]
                ForeignTaxResidenceTypes:
                System.Collections.Generic.List`1[ASB.Selenium.DataModel.Customer.ForeignTaxResidenceTypes]
                OnboardingDetail: ASB.Selenium.DataModel.Customer.OnboardingDetail
                AddressVerificationStatus:
                IdVerificationStatus:
                PreferredIdType: Other
                IsProfileComplete: True
                DaysRemaining: 0
                OnboardingStatus:
                NewAccounts: System.Collections.Generic.List`1[ASB.Selenium.DataModel.Customer.Accounts]
                FailedAccounts: System.Collections.Generic.List`1[ASB.Selenium.DataModel.Customer.Accounts]
                OnboardingSource: JobStarter
                CustomerCreated:
                LoginCreated:
                RegisteredForNetcode:
                AccountsCreated:
                CustomerAccessToken:
                VerificationPassword: MyCode01
                LoginDetail: ASB.Selenium.DataModel.Customer.Login
                CustomerType:
                Cif:
                Username: acob07221
                UsernameApi:
                Password: Kiwi77nz&#57348;
                PublicKey:
                AcceptedTermsAndConditions:
                BackgroundCheckConsent:
                PreferredIdType:
                -&gt; done: SummaryPageSteps.WhenIConfirmDetailsOnTheSummaryPage() (2.8s)
                Then the 'Processing' screen of Join ASB page is displayed
                -&gt; done: CommonSteps.ThenTheScreenOfJoinASBPageIsDisplayed("Processing") (0.0s)
                And the Logging you in progress page is displayed
                -&gt; done: ConfirmationPageSteps.ThenTheLoggingYouInProgressPageIsDisplayed() (15.9s)
                And the Activation page is displayed
                12/6/2017 4:37:42 AMThenTheActivationPageIsDisplayed: IsActivationPageDisplayed STARTED
                12/6/2017 4:38:13 AMThenTheActivationPageIsDisplayed: IsActivationPageDisplayed DONE
                12/6/2017 4:38:13 AMThenTheActivationPageIsDisplayed: IsSectionDisplayed STARTED
                12/6/2017 4:38:43 AMThenTheActivationPageIsDisplayed: IsSectionDisplayed DONE
                -&gt; error: Timeout error: Activation page is NOT displayed!
                And the account number and product name is displayed for the selected products
                -&gt; skipped because of previous errors
                And the Profile Details section is displayed
                -&gt; skipped because of previous errors
                And the Proof of Address section is displayed
                -&gt; skipped because of previous errors
                And the Confirm Identity section is displayed
                -&gt; skipped because of previous errors
                And the See a complete list of acceptable documents text is displayed conditionally
                -&gt; skipped because of previous errors
                And the Find a branch button is displayed conditionally
                -&gt; skipped because of previous errors
            </system-out>
        </testcase>
    </testsuite>
    <testsuite tests="3" time="429.258274" errors="0" failures="3" skipped="0" timestamp="2017-12-05 15:39:16Z"
               name="Join.Form.Customer.Selenium.dll.Join.Form.Customer.Selenium.Features._10_JobStarterProductFeature.JOBSTARTER_ACTSUM_02_Non_NZCitizen.">
        <testcase
                name="JOBSTARTER_ACTSUM_02_Non_NZCitizen(&quot;Job starter only&quot;,&quot;Job starter&quot;,System.String[])"
                assertions="12" time="138.365050" status="Failed"
                classname="Join.Form.Customer.Selenium.Features._10_JobStarterProductFeature">

            <failure message="System.Exception : Timeout error: Activation page is NOT displayed!">at
                ASB.Test.Automation.Utils.Retry.Retry.Execute(Func`1 function, Int32 retryInterval, Int32 retryCount,
                String exceptionMessage)
                at Selenium.Steps.COB.ActivationSummary.ActivationSummarySteps.ThenTheActivationPageIsDisplayed()
                at TechTalk.SpecFlow.Bindings.BindingInvoker.InvokeBinding(IBinding binding, IContextManager
                contextManager, Object[] arguments, ITestTracer testTracer, TimeSpan&amp; duration)
                at TechTalk.SpecFlow.Infrastructure.TestExecutionEngine.ExecuteStepMatch(BindingMatch match, Object[]
                arguments)
                at TechTalk.SpecFlow.Infrastructure.TestExecutionEngine.ExecuteStep(StepInstance stepInstance)
                at TechTalk.SpecFlow.Infrastructure.TestExecutionEngine.OnAfterLastStep()
                at Join.Form.Customer.Selenium.Features._10_JobStarterProductFeature.ScenarioCleanup()
                at
                Join.Form.Customer.Selenium.Features._10_JobStarterProductFeature.JOBSTARTER_ACTSUM_02_Non_NZCitizen(String
                scenario, String products, String[] exampleTags)
            </failure>
            <system-out>Given I start my Job Starter application
                Navigating to URL: https://webappisamdev.asbbank.co.nz/public/join/jobstarter/?grcDisabled=true
                -&gt; done: CommonSteps.GivenIStartMyJobStarterApplication() (0.6s)
                Given I am in the Introduction page
                12/6/2017 4:39:18 AMWaitForFeaturesPageLoad: Executing WaitForFrameAndSwitch
                12/6/2017 4:39:18 AMWaitForFeaturesPageLoad: Done executing WaitForFrameAndSwitch
                -&gt; done: IntroductionPageSteps.GivenIAmInTheIntroductionPage() (3.5s)
                And I select 'Yes' in the 18-20 question
                -&gt; done: IntroductionPageSteps.WhenISelectInThe1820Question("Yes") (0.2s)
                And I select 'Yes' in the Living in NZ question
                -&gt; done: IntroductionPageSteps.WhenISelectInTheLivingInNZQuestion("Yes") (0.1s)
                And I select 'No' in the NZ Citizen question
                -&gt; done: IntroductionPageSteps.WhenISelectInTheNzCitizenQuestion("No") (0.2s)
                And I click on 'Get started' button
                -&gt; done: CommonSteps.WhenIClickOnButton("Get started") (0.1s)
                And I select the following products: 'Job starter'
                Unable to find product 'FastSaver' in page or product 'FastSaver' is not selected
                Unable to find product 'Savings On Call' in page or product 'Savings On Call' is not selected
                Unable to find product 'ASB Visa Debit Job Starter' in page or product 'ASB Visa Debit Job Starter' is
                not selected
                Unable to find product 'Job Starter Overdraft' in page or product 'Job Starter Overdraft' is not
                selected
                Unable to find product 'ASB Visa Light Job Starter' in page or product 'ASB Visa Light Job Starter' is
                not selected
                Unable to find product 'ASB Visa Rewards Job Starter' in page or product 'ASB Visa Rewards Job Starter'
                is not selected
                Unable to find product 'Savings On Call' in page or product 'Savings On Call' is not selected
                Unable to find product 'FastSaver' in page or product 'FastSaver' is not selected
                -&gt; done: ProductsPageSteps.WhenIChangeMySelectedProductsTo("Job starter") (8.5s)
                And I enter all required details and navigate to Summary page
                --- table step argument ---
                | Title | FirstName | MiddleName | LastName | DateOfBirth | Email | MobileNumber | CountriesCitizenship
                | PreferredIdType | Password | VerbalPassword |
                | Miss | Automation | | RANDOM | 18-20 | Jay.Pamilacan@asb.co.nz | 021-1234567890 | New Zealand | Other
                | Kiwi77nz | MyCode01 |
                Given I enter mandatory Tax Information for NZ citizen and clicks on Next button
                -&gt; done: AdditionalPersonalDetailsSteps.GivenIEnterMandatoryTaxInformationForNZCitizen() (0.5s)
                -&gt; done: PersonalDetailsSteps.GivenIEnterAllRequiredDetailsAndNavigateToSummaryPage(&lt;table&gt;)
                (13.6s)
                When I confirm details on the Summary page
                UniqueId:
                Title: Miss
                FirstName: Automation
                MiddleName:
                LastName: COB-lMbAY
                Email: Jay.Pamilacan@asb.co.nz
                Gender:
                DateOfBirth: 12/6/1999 12:00:00 AM
                DateCreated:
                LastReviewDate:
                Cals:
                IsIndividual:
                NzCitizen: False
                NzResidence:
                HighValueCustomer:
                StaffMember:
                AmlVerified:
                VipCustomer:
                Addresses: System.Collections.Generic.List`1[ASB.Selenium.DataModel.Customer.Address]
                AddressInformation: ASB.Selenium.DataModel.Customer.AddressInformation
                CompanyName:
                CompanyType:
                CompanySubType:
                CustomerTypeCode:
                IrdNumber:
                TaxClass:
                TaxClassDate:
                IsNzTaxResident: True
                NonResidentCountryCode:
                IsForeignTaxResident: False
                ForeignTaxResidencyStatus:
                IsProfileEnhanced:
                Phones: System.Collections.Generic.List`1[ASB.Selenium.DataModel.Customer.Phone]
                NextOfKin:
                EmploymentDetails:
                LinkedCustomers:
                AccountRelationships:
                IdType:
                Fatca: ASB.Selenium.DataModel.Customer.Fatca
                CitizenshipCountryCodes:
                CitizenshipCountryNames: System.Collections.Generic.List`1[System.String]
                ForeignTaxResidenceTypes:
                System.Collections.Generic.List`1[ASB.Selenium.DataModel.Customer.ForeignTaxResidenceTypes]
                OnboardingDetail: ASB.Selenium.DataModel.Customer.OnboardingDetail
                AddressVerificationStatus:
                IdVerificationStatus:
                PreferredIdType: Other
                IsProfileComplete: True
                DaysRemaining: 0
                OnboardingStatus:
                NewAccounts: System.Collections.Generic.List`1[ASB.Selenium.DataModel.Customer.Accounts]
                FailedAccounts: System.Collections.Generic.List`1[ASB.Selenium.DataModel.Customer.Accounts]
                OnboardingSource: JobStarter
                CustomerCreated:
                LoginCreated:
                RegisteredForNetcode:
                AccountsCreated:
                CustomerAccessToken:
                VerificationPassword: MyCode01
                LoginDetail: ASB.Selenium.DataModel.Customer.Login
                CustomerType:
                Cif:
                Username: acob13403
                UsernameApi:
                Password: Kiwi77nz&#57348;
                PublicKey:
                AcceptedTermsAndConditions:
                BackgroundCheckConsent:
                PreferredIdType:
                -&gt; done: SummaryPageSteps.WhenIConfirmDetailsOnTheSummaryPage() (2.9s)
                Then the 'Processing' screen of Join ASB page is displayed
                -&gt; done: CommonSteps.ThenTheScreenOfJoinASBPageIsDisplayed("Processing") (0.0s)
                And the Logging you in progress page is displayed
                -&gt; done: ConfirmationPageSteps.ThenTheLoggingYouInProgressPageIsDisplayed() (12.6s)
                And the Activation page is displayed
                12/6/2017 4:40:01 AMThenTheActivationPageIsDisplayed: IsActivationPageDisplayed STARTED
                12/6/2017 4:40:31 AMThenTheActivationPageIsDisplayed: IsActivationPageDisplayed DONE
                12/6/2017 4:40:31 AMThenTheActivationPageIsDisplayed: IsSectionDisplayed STARTED
                12/6/2017 4:41:02 AMThenTheActivationPageIsDisplayed: IsSectionDisplayed DONE
                -&gt; error: Timeout error: Activation page is NOT displayed!
                And the account number and product name is displayed for the selected products
                -&gt; skipped because of previous errors
                And the Profile Details section is displayed
                -&gt; skipped because of previous errors
                And the Proof of Address section is displayed
                -&gt; skipped because of previous errors
                And the Confirm Identity section is displayed
                -&gt; skipped because of previous errors
                And the See a complete list of acceptable documents text is displayed conditionally
                -&gt; skipped because of previous errors
                And the Find a branch button is displayed conditionally
                -&gt; skipped because of previous errors
            </system-out>
        </testcase>
        <testcase
                name="JOBSTARTER_ACTSUM_02_Non_NZCitizen(&quot;Default Job Starter Products&quot;,&quot;Job starter, ASB Visa Debit Job Starter&quot;,System.String[])"
                assertions="12" time="139.729913" status="Failed"
                classname="Join.Form.Customer.Selenium.Features._10_JobStarterProductFeature">

            <failure message="System.Exception : Timeout error: Activation page is NOT displayed!">at
                ASB.Test.Automation.Utils.Retry.Retry.Execute(Func`1 function, Int32 retryInterval, Int32 retryCount,
                String exceptionMessage)
                at Selenium.Steps.COB.ActivationSummary.ActivationSummarySteps.ThenTheActivationPageIsDisplayed()
                at TechTalk.SpecFlow.Bindings.BindingInvoker.InvokeBinding(IBinding binding, IContextManager
                contextManager, Object[] arguments, ITestTracer testTracer, TimeSpan&amp; duration)
                at TechTalk.SpecFlow.Infrastructure.TestExecutionEngine.ExecuteStepMatch(BindingMatch match, Object[]
                arguments)
                at TechTalk.SpecFlow.Infrastructure.TestExecutionEngine.ExecuteStep(StepInstance stepInstance)
                at TechTalk.SpecFlow.Infrastructure.TestExecutionEngine.OnAfterLastStep()
                at Join.Form.Customer.Selenium.Features._10_JobStarterProductFeature.ScenarioCleanup()
                at
                Join.Form.Customer.Selenium.Features._10_JobStarterProductFeature.JOBSTARTER_ACTSUM_02_Non_NZCitizen(String
                scenario, String products, String[] exampleTags)
            </failure>
            <system-out>Given I start my Job Starter application
                Navigating to URL: https://webappisamdev.asbbank.co.nz/public/join/jobstarter/?grcDisabled=true
                -&gt; done: CommonSteps.GivenIStartMyJobStarterApplication() (0.7s)
                Given I am in the Introduction page
                12/6/2017 4:41:36 AMWaitForFeaturesPageLoad: Executing WaitForFrameAndSwitch
                12/6/2017 4:41:37 AMWaitForFeaturesPageLoad: Done executing WaitForFrameAndSwitch
                -&gt; done: IntroductionPageSteps.GivenIAmInTheIntroductionPage() (2.4s)
                And I select 'Yes' in the 18-20 question
                -&gt; done: IntroductionPageSteps.WhenISelectInThe1820Question("Yes") (0.2s)
                And I select 'Yes' in the Living in NZ question
                -&gt; done: IntroductionPageSteps.WhenISelectInTheLivingInNZQuestion("Yes") (0.1s)
                And I select 'No' in the NZ Citizen question
                -&gt; done: IntroductionPageSteps.WhenISelectInTheNzCitizenQuestion("No") (0.1s)
                And I click on 'Get started' button
                -&gt; done: CommonSteps.WhenIClickOnButton("Get started") (0.1s)
                And I select the following products: 'Job starter, ASB Visa Debit Job Starter'
                Unable to find product 'FastSaver' in page or product 'FastSaver' is not selected
                Unable to find product 'Savings On Call' in page or product 'Savings On Call' is not selected
                Unable to find product 'Job Starter Overdraft' in page or product 'Job Starter Overdraft' is not
                selected
                Unable to find product 'ASB Visa Light Job Starter' in page or product 'ASB Visa Light Job Starter' is
                not selected
                Unable to find product 'ASB Visa Rewards Job Starter' in page or product 'ASB Visa Rewards Job Starter'
                is not selected
                Unable to find product 'Savings On Call' in page or product 'Savings On Call' is not selected
                Unable to find product 'FastSaver' in page or product 'FastSaver' is not selected
                -&gt; done: ProductsPageSteps.WhenIChangeMySelectedProductsTo("Job starter, ASB ...") (7.4s)
                And I enter all required details and navigate to Summary page
                --- table step argument ---
                | Title | FirstName | MiddleName | LastName | DateOfBirth | Email | MobileNumber | CountriesCitizenship
                | PreferredIdType | Password | VerbalPassword |
                | Miss | Automation | | RANDOM | 18-20 | Jay.Pamilacan@asb.co.nz | 021-1234567890 | New Zealand | Other
                | Kiwi77nz | MyCode01 |
                Given I enter mandatory Tax Information for NZ citizen and clicks on Next button
                -&gt; done: AdditionalPersonalDetailsSteps.GivenIEnterMandatoryTaxInformationForNZCitizen() (0.5s)
                -&gt; done: PersonalDetailsSteps.GivenIEnterAllRequiredDetailsAndNavigateToSummaryPage(&lt;table&gt;)
                (13.2s)
                When I confirm details on the Summary page
                UniqueId:
                Title: Miss
                FirstName: Automation
                MiddleName:
                LastName: COB-imwsB
                Email: Jay.Pamilacan@asb.co.nz
                Gender:
                DateOfBirth: 12/6/1999 12:00:00 AM
                DateCreated:
                LastReviewDate:
                Cals:
                IsIndividual:
                NzCitizen: False
                NzResidence:
                HighValueCustomer:
                StaffMember:
                AmlVerified:
                VipCustomer:
                Addresses: System.Collections.Generic.List`1[ASB.Selenium.DataModel.Customer.Address]
                AddressInformation: ASB.Selenium.DataModel.Customer.AddressInformation
                CompanyName:
                CompanyType:
                CompanySubType:
                CustomerTypeCode:
                IrdNumber:
                TaxClass:
                TaxClassDate:
                IsNzTaxResident: True
                NonResidentCountryCode:
                IsForeignTaxResident: False
                ForeignTaxResidencyStatus:
                IsProfileEnhanced:
                Phones: System.Collections.Generic.List`1[ASB.Selenium.DataModel.Customer.Phone]
                NextOfKin:
                EmploymentDetails:
                LinkedCustomers:
                AccountRelationships:
                IdType:
                Fatca: ASB.Selenium.DataModel.Customer.Fatca
                CitizenshipCountryCodes:
                CitizenshipCountryNames: System.Collections.Generic.List`1[System.String]
                ForeignTaxResidenceTypes:
                System.Collections.Generic.List`1[ASB.Selenium.DataModel.Customer.ForeignTaxResidenceTypes]
                OnboardingDetail: ASB.Selenium.DataModel.Customer.OnboardingDetail
                AddressVerificationStatus:
                IdVerificationStatus:
                PreferredIdType: Other
                IsProfileComplete: True
                DaysRemaining: 0
                OnboardingStatus:
                NewAccounts: System.Collections.Generic.List`1[ASB.Selenium.DataModel.Customer.Accounts]
                FailedAccounts: System.Collections.Generic.List`1[ASB.Selenium.DataModel.Customer.Accounts]
                OnboardingSource: JobStarter
                CustomerCreated:
                LoginCreated:
                RegisteredForNetcode:
                AccountsCreated:
                CustomerAccessToken:
                VerificationPassword: MyCode01
                LoginDetail: ASB.Selenium.DataModel.Customer.Login
                CustomerType:
                Cif:
                Username: acob08657
                UsernameApi:
                Password: Kiwi77nz&#57348;
                PublicKey:
                AcceptedTermsAndConditions:
                BackgroundCheckConsent:
                PreferredIdType:
                -&gt; done: SummaryPageSteps.WhenIConfirmDetailsOnTheSummaryPage() (2.9s)
                Then the 'Processing' screen of Join ASB page is displayed
                -&gt; done: CommonSteps.ThenTheScreenOfJoinASBPageIsDisplayed("Processing") (0.0s)
                And the Logging you in progress page is displayed
                -&gt; done: ConfirmationPageSteps.ThenTheLoggingYouInProgressPageIsDisplayed() (16.5s)
                And the Activation page is displayed
                12/6/2017 4:42:20 AMThenTheActivationPageIsDisplayed: IsActivationPageDisplayed STARTED
                12/6/2017 4:42:51 AMThenTheActivationPageIsDisplayed: IsActivationPageDisplayed DONE
                12/6/2017 4:42:51 AMThenTheActivationPageIsDisplayed: IsSectionDisplayed STARTED
                12/6/2017 4:43:21 AMThenTheActivationPageIsDisplayed: IsSectionDisplayed DONE
                -&gt; error: Timeout error: Activation page is NOT displayed!
                And the account number and product name is displayed for the selected products
                -&gt; skipped because of previous errors
                And the Profile Details section is displayed
                -&gt; skipped because of previous errors
                And the Proof of Address section is displayed
                -&gt; skipped because of previous errors
                And the Confirm Identity section is displayed
                -&gt; skipped because of previous errors
                And the See a complete list of acceptable documents text is displayed conditionally
                -&gt; skipped because of previous errors
                And the Find a branch button is displayed conditionally
                -&gt; skipped because of previous errors
            </system-out>
        </testcase>
        <testcase
                name="JOBSTARTER_ACTSUM_02_Non_NZCitizen(&quot;All Job Starter Products&quot;,&quot;Job starter, ASB Visa Debit Job Starter, ASB Visa Rewards Job Starter, ASB Visa Light Job Starter, Savings On Call, FastSaver&quot;,System.String[])"
                assertions="12" time="151.084183" status="Failed"
                classname="Join.Form.Customer.Selenium.Features._10_JobStarterProductFeature">

            <failure message="System.Exception : Timeout error: Activation page is NOT displayed!">at
                ASB.Test.Automation.Utils.Retry.Retry.Execute(Func`1 function, Int32 retryInterval, Int32 retryCount,
                String exceptionMessage)
                at Selenium.Steps.COB.ActivationSummary.ActivationSummarySteps.ThenTheActivationPageIsDisplayed()
                at TechTalk.SpecFlow.Bindings.BindingInvoker.InvokeBinding(IBinding binding, IContextManager
                contextManager, Object[] arguments, ITestTracer testTracer, TimeSpan&amp; duration)
                at TechTalk.SpecFlow.Infrastructure.TestExecutionEngine.ExecuteStepMatch(BindingMatch match, Object[]
                arguments)
                at TechTalk.SpecFlow.Infrastructure.TestExecutionEngine.ExecuteStep(StepInstance stepInstance)
                at TechTalk.SpecFlow.Infrastructure.TestExecutionEngine.OnAfterLastStep()
                at Join.Form.Customer.Selenium.Features._10_JobStarterProductFeature.ScenarioCleanup()
                at
                Join.Form.Customer.Selenium.Features._10_JobStarterProductFeature.JOBSTARTER_ACTSUM_02_Non_NZCitizen(String
                scenario, String products, String[] exampleTags)
            </failure>
            <system-out>Given I start my Job Starter application
                Navigating to URL: https://webappisamdev.asbbank.co.nz/public/join/jobstarter/?grcDisabled=true
                -&gt; done: CommonSteps.GivenIStartMyJobStarterApplication() (0.6s)
                Given I am in the Introduction page
                12/6/2017 4:43:56 AMWaitForFeaturesPageLoad: Executing WaitForFrameAndSwitch
                12/6/2017 4:43:57 AMWaitForFeaturesPageLoad: Done executing WaitForFrameAndSwitch
                -&gt; done: IntroductionPageSteps.GivenIAmInTheIntroductionPage() (2.4s)
                And I select 'Yes' in the 18-20 question
                -&gt; done: IntroductionPageSteps.WhenISelectInThe1820Question("Yes") (0.2s)
                And I select 'Yes' in the Living in NZ question
                -&gt; done: IntroductionPageSteps.WhenISelectInTheLivingInNZQuestion("Yes") (0.1s)
                And I select 'No' in the NZ Citizen question
                -&gt; done: IntroductionPageSteps.WhenISelectInTheNzCitizenQuestion("No") (0.1s)
                And I click on 'Get started' button
                -&gt; done: CommonSteps.WhenIClickOnButton("Get started") (0.1s)
                And I select the following products: 'Job starter, ASB Visa Debit Job Starter, ASB Visa Rewards Job
                Starter, ASB Visa Light Job Starter, Savings On Call, FastSaver'
                Unable to find product 'ASB Visa Rewards Job Starter' in page or product 'ASB Visa Rewards Job Starter'
                is not selected
                Unable to find product 'ASB Visa Light Job Starter' in page or product 'ASB Visa Light Job Starter' is
                not selected
                Unable to find product 'Savings On Call' in page or product 'Savings On Call' is not selected
                Unable to find product 'FastSaver' in page or product 'FastSaver' is not selected
                Unable to find product 'Job Starter Overdraft' in page or product 'Job Starter Overdraft' is not
                selected
                -&gt; done: ProductsPageSteps.WhenIChangeMySelectedProductsTo("Job starter, ASB ...") (17.8s)
                And I enter all required details and navigate to Summary page
                --- table step argument ---
                | Title | FirstName | MiddleName | LastName | DateOfBirth | Email | MobileNumber | CountriesCitizenship
                | PreferredIdType | Password | VerbalPassword |
                | Miss | Automation | | RANDOM | 18-20 | Jay.Pamilacan@asb.co.nz | 021-1234567890 | New Zealand | Other
                | Kiwi77nz | MyCode01 |
                Given I enter mandatory Tax Information for NZ citizen and clicks on Next button
                -&gt; done: AdditionalPersonalDetailsSteps.GivenIEnterMandatoryTaxInformationForNZCitizen() (0.5s)
                -&gt; done: PersonalDetailsSteps.GivenIEnterAllRequiredDetailsAndNavigateToSummaryPage(&lt;table&gt;)
                (13.5s)
                When I confirm details on the Summary page
                UniqueId:
                Title: Miss
                FirstName: Automation
                MiddleName:
                LastName: COB-cessy
                Email: Jay.Pamilacan@asb.co.nz
                Gender:
                DateOfBirth: 12/6/1999 12:00:00 AM
                DateCreated:
                LastReviewDate:
                Cals:
                IsIndividual:
                NzCitizen: False
                NzResidence:
                HighValueCustomer:
                StaffMember:
                AmlVerified:
                VipCustomer:
                Addresses: System.Collections.Generic.List`1[ASB.Selenium.DataModel.Customer.Address]
                AddressInformation: ASB.Selenium.DataModel.Customer.AddressInformation
                CompanyName:
                CompanyType:
                CompanySubType:
                CustomerTypeCode:
                IrdNumber:
                TaxClass:
                TaxClassDate:
                IsNzTaxResident: True
                NonResidentCountryCode:
                IsForeignTaxResident: False
                ForeignTaxResidencyStatus:
                IsProfileEnhanced:
                Phones: System.Collections.Generic.List`1[ASB.Selenium.DataModel.Customer.Phone]
                NextOfKin:
                EmploymentDetails:
                LinkedCustomers:
                AccountRelationships:
                IdType:
                Fatca: ASB.Selenium.DataModel.Customer.Fatca
                CitizenshipCountryCodes:
                CitizenshipCountryNames: System.Collections.Generic.List`1[System.String]
                ForeignTaxResidenceTypes:
                System.Collections.Generic.List`1[ASB.Selenium.DataModel.Customer.ForeignTaxResidenceTypes]
                OnboardingDetail: ASB.Selenium.DataModel.Customer.OnboardingDetail
                AddressVerificationStatus:
                IdVerificationStatus:
                PreferredIdType: Other
                IsProfileComplete: True
                DaysRemaining: 0
                OnboardingStatus:
                NewAccounts: System.Collections.Generic.List`1[ASB.Selenium.DataModel.Customer.Accounts]
                FailedAccounts: System.Collections.Generic.List`1[ASB.Selenium.DataModel.Customer.Accounts]
                OnboardingSource: JobStarter
                CustomerCreated:
                LoginCreated:
                RegisteredForNetcode:
                AccountsCreated:
                CustomerAccessToken:
                VerificationPassword: MyCode01
                LoginDetail: ASB.Selenium.DataModel.Customer.Login
                CustomerType:
                Cif:
                Username: acob34711
                UsernameApi:
                Password: Kiwi77nz&#57348;
                PublicKey:
                AcceptedTermsAndConditions:
                BackgroundCheckConsent:
                PreferredIdType:
                -&gt; done: SummaryPageSteps.WhenIConfirmDetailsOnTheSummaryPage() (2.8s)
                Then the 'Processing' screen of Join ASB page is displayed
                -&gt; done: CommonSteps.ThenTheScreenOfJoinASBPageIsDisplayed("Processing") (0.0s)
                And the Logging you in progress page is displayed
                -&gt; done: ConfirmationPageSteps.ThenTheLoggingYouInProgressPageIsDisplayed() (17.7s)
                And the Activation page is displayed
                12/6/2017 4:44:52 AMThenTheActivationPageIsDisplayed: IsActivationPageDisplayed STARTED
                12/6/2017 4:45:22 AMThenTheActivationPageIsDisplayed: IsActivationPageDisplayed DONE
                12/6/2017 4:45:22 AMThenTheActivationPageIsDisplayed: IsSectionDisplayed STARTED
                12/6/2017 4:45:52 AMThenTheActivationPageIsDisplayed: IsSectionDisplayed DONE
                -&gt; error: Timeout error: Activation page is NOT displayed!
                And the account number and product name is displayed for the selected products
                -&gt; skipped because of previous errors
                And the Profile Details section is displayed
                -&gt; skipped because of previous errors
                And the Proof of Address section is displayed
                -&gt; skipped because of previous errors
                And the Confirm Identity section is displayed
                -&gt; skipped because of previous errors
                And the See a complete list of acceptable documents text is displayed conditionally
                -&gt; skipped because of previous errors
                And the Find a branch button is displayed conditionally
                -&gt; skipped because of previous errors
            </system-out>
        </testcase>
    </testsuite>
    <testsuite tests="37" time="0.156745" errors="29" failures="0" skipped="8" timestamp="2017-12-05 15:49:36Z"
               name="Join.Form.Customer.Selenium.dll.Join.Form.Customer.Selenium.Features._11_GraduateProductFeature.">
        <testcase
                name="GRADUATE_ACTSUM_01_NZCitizen(&quot;Default Graduate Products&quot;,&quot;Graduate Cheque&quot;,System.String[])"
                assertions="0" time="0.000000" status="Skipped"
                classname="Join.Form.Customer.Selenium.Features._11_GraduateProductFeature">

            <skipped message="OneTimeSetUp: Ignored feature"/>
        </testcase>
        <testcase
                name="GRADUATE_ACTSUM_01_NZCitizen(&quot;All Graduate Products&quot;,&quot;Graduate Cheque, Graduate Overdraft, ASB Visa Rewards Graduate, ASB Visa Light Graduate, Savings On Call, FastSaver&quot;,System.String[])"
                assertions="0" time="0.000000" status="Skipped"
                classname="Join.Form.Customer.Selenium.Features._11_GraduateProductFeature">

            <skipped message="OneTimeSetUp: Ignored feature"/>
        </testcase>
        <testcase
                name="GRADUATE_ACTSUM_02_Non_NZCitizen(&quot;Default Graduate Products&quot;,&quot;Graduate Cheque&quot;,System.String[])"
                assertions="0" time="0.000000" status="Skipped"
                classname="Join.Form.Customer.Selenium.Features._11_GraduateProductFeature">

            <skipped message="OneTimeSetUp: Ignored feature"/>
        </testcase>
        <testcase
                name="GRADUATE_ACTSUM_02_Non_NZCitizen(&quot;All Graduate Products&quot;,&quot;Graduate Cheque, ASB Visa Rewards Graduate, ASB Visa Light Graduate, Savings On Call, FastSaver&quot;,System.String[])"
                assertions="0" time="0.000000" status="Skipped"
                classname="Join.Form.Customer.Selenium.Features._11_GraduateProductFeature">

            <skipped message="OneTimeSetUp: Ignored feature"/>
        </testcase>
        <testcase name="GRADUATE_CNFM_01_VerifyConfirmationScreen_BadCustomerCheckBlock" assertions="0" time="0.000000"
                  status="Skipped" classname="Join.Form.Customer.Selenium.Features._11_GraduateProductFeature">

            <skipped message="OneTimeSetUp: Ignored feature"/>
        </testcase>
        <testcase name="GRADUATE_CNFM_02_VerifyProofOfAddressCopy_BadCustomer" assertions="0" time="0.000000"
                  status="Skipped" classname="Join.Form.Customer.Selenium.Features._11_GraduateProductFeature">

            <skipped message="OneTimeSetUp: Ignored feature"/>
        </testcase>
        <testcase name="GRADUATE_CNFM_03_ExistingCustomerCheck_FNCOpenApplyRedirect" assertions="0" time="0.000000"
                  status="Skipped" classname="Join.Form.Customer.Selenium.Features._11_GraduateProductFeature">

            <skipped message="OneTimeSetUp: Ignored feature"/>
        </testcase>
        <testcase name="GRADUATE_CNFM_04_VerifyProofOfAddressCopy_ExistingCustomer" assertions="0" time="0.000000"
                  status="Skipped" classname="Join.Form.Customer.Selenium.Features._11_GraduateProductFeature">

            <skipped message="OneTimeSetUp: Ignored feature"/>
        </testcase>
    </testsuite>


    <testsuite tests="24" time="964.890100" errors="6" failures="4" skipped="0" timestamp="2017-12-05 15:49:36Z"
               name="Join.Form.Customer.Selenium.dll.Join.Form.Customer.Selenium.Features._12_DataLayerFeature.">
        <testcase name="DATALAYER_01_ConfirmationPage_StreamlineOnly" assertions="168" time="57.175177" status="Passed"
                  classname="Join.Form.Customer.Selenium.Features._12_DataLayerFeature">

            <system-out>-&gt; warning: The previous ScenarioContext was not disposed.
                Given I start my Streamline application
                Navigating to URL: https://webappisamdev.asbbank.co.nz/public/join/asb/?grcDisabled=true
                -&gt; done: CommonSteps.GivenIStartMyStreamlineApplication() (0.6s)
                And I am in the Introduction page
                12/6/2017 4:49:37 AMWaitForFeaturesPageLoad: Executing WaitForFrameAndSwitch
                12/6/2017 4:49:38 AMWaitForFeaturesPageLoad: Done executing WaitForFrameAndSwitch
                -&gt; done: IntroductionPageSteps.GivenIAmInTheIntroductionPage() (2.4s)
                When I store data layer values
                -&gt; done: CommonSteps.WhenIStoreDataLayerValues() (0.0s)
                And I change my selected products to 'Streamline intro'
                12/6/2017 4:49:50 AMWaitForFeaturesPageLoad: Executing WaitForFrameAndSwitch
                12/6/2017 4:49:50 AMWaitForFeaturesPageLoad: Done executing WaitForFrameAndSwitch
                Unable to find product 'FastSaver' in page or product 'FastSaver' is not selected
                Unable to find product 'Savings On Call' in page or product 'Savings On Call' is not selected
                Unable to find product 'ASB Visa Debit Streamline Intro' in page or product 'ASB Visa Debit Streamline
                Intro' is not selected
                Unable to find product 'Savings On Call' in page or product 'Savings On Call' is not selected
                Unable to find product 'FastSaver' in page or product 'FastSaver' is not selected
                -&gt; done: ProductsPageSteps.WhenIChangeMySelectedProductsTo("Streamline intro") (15.7s)
                And I store data layer values
                -&gt; done: CommonSteps.WhenIStoreDataLayerValues() (0.0s)
                And I click on 'Next' button
                -&gt; done: CommonSteps.WhenIClickOnButton("Next") (0.2s)
                And I store data layer values
                -&gt; done: CommonSteps.WhenIStoreDataLayerValues() (0.0s)
                And I enter all required details in the Personal details page and clicks on Next button:
                --- table step argument ---
                | Title | FirstName | MiddleName | LastName | DateOfBirth | Email | MobileNumber | CountriesCitizenship
                | PreferredIdType |
                | Miss | Automation | RANDOM | FYICOBSiteCat | RANDOM | cob2017@asb.co.nz | 021-RANDOM | New Zealand |
                Other |
                -&gt; done: PersonalDetailsSteps.WhenIEnterAllRequiredDetailsForPersonalDetailsPage(&lt;table&gt;)
                (17.8s)
                And I store data layer values
                -&gt; done: CommonSteps.WhenIStoreDataLayerValues() (0.0s)
                And I enter mandatory Tax Information for NZ citizen and clicks on Next button
                -&gt; done: AdditionalPersonalDetailsSteps.GivenIEnterMandatoryTaxInformationForNZCitizen() (0.5s)
                And I store data layer values
                -&gt; done: CommonSteps.WhenIStoreDataLayerValues() (0.0s)
                And I enter 'Kiwi77nz' password and 'MyCode01' verbal password in the ASB Login page and clicks on Next
                button
                -&gt; done:
                ASBLoginPageSteps.WhenIEnterPasswordAndVerbalPasswordInTheASBLoginPageAndClicksOnNextButton("Kiwi77nz",
                "MyCode01") (1.1s)
                And I store data layer values
                -&gt; done: CommonSteps.WhenIStoreDataLayerValues() (0.0s)
                And I confirm details on the Summary page
                UniqueId:
                Title: Miss
                FirstName: Automation
                MiddleName: COB-LNTzE
                LastName: FYICOBSiteCat
                Email: cob2017@asb.co.nz
                Gender:
                DateOfBirth: 7/11/1930 12:00:00 AM
                DateCreated:
                LastReviewDate:
                Cals:
                IsIndividual:
                NzCitizen:
                NzResidence:
                HighValueCustomer:
                StaffMember:
                AmlVerified:
                VipCustomer:
                Addresses: System.Collections.Generic.List`1[ASB.Selenium.DataModel.Customer.Address]
                AddressInformation: ASB.Selenium.DataModel.Customer.AddressInformation
                CompanyName:
                CompanyType:
                CompanySubType:
                CustomerTypeCode:
                IrdNumber:
                TaxClass:
                TaxClassDate:
                IsNzTaxResident: True
                NonResidentCountryCode:
                IsForeignTaxResident: False
                ForeignTaxResidencyStatus:
                IsProfileEnhanced:
                Phones: System.Collections.Generic.List`1[ASB.Selenium.DataModel.Customer.Phone]
                NextOfKin:
                EmploymentDetails:
                LinkedCustomers:
                AccountRelationships:
                IdType:
                Fatca: ASB.Selenium.DataModel.Customer.Fatca
                CitizenshipCountryCodes:
                CitizenshipCountryNames: System.Collections.Generic.List`1[System.String]
                ForeignTaxResidenceTypes:
                System.Collections.Generic.List`1[ASB.Selenium.DataModel.Customer.ForeignTaxResidenceTypes]
                OnboardingDetail: ASB.Selenium.DataModel.Customer.OnboardingDetail
                AddressVerificationStatus:
                IdVerificationStatus:
                PreferredIdType: Other
                IsProfileComplete:
                DaysRemaining: 0
                OnboardingStatus:
                NewAccounts: System.Collections.Generic.List`1[ASB.Selenium.DataModel.Customer.Accounts]
                FailedAccounts: System.Collections.Generic.List`1[ASB.Selenium.DataModel.Customer.Accounts]
                OnboardingSource: JoinASB
                CustomerCreated:
                LoginCreated:
                RegisteredForNetcode:
                AccountsCreated:
                CustomerAccessToken:
                VerificationPassword: MyCode01
                LoginDetail: ASB.Selenium.DataModel.Customer.Login
                CustomerType:
                Cif:
                Username: afyi72724
                UsernameApi:
                Password: Kiwi77nz
                PublicKey:
                AcceptedTermsAndConditions:
                BackgroundCheckConsent:
                PreferredIdType:
                -&gt; done: SummaryPageSteps.WhenIConfirmDetailsOnTheSummaryPage() (2.9s)
                Then the Logging you in progress page is displayed
                -&gt; done: ConfirmationPageSteps.ThenTheLoggingYouInProgressPageIsDisplayed() (15.1s)
                And data layer values are correct
                -&gt; done: CommonSteps.ThenDataLayerValuesAreCorrect() (0.0s)
            </system-out>
        </testcase>
        <testcase name="DATALAYER_02_ConfirmationPage_StreamlineAndVisaDebit" assertions="168" time="57.081078"
                  status="Passed" classname="Join.Form.Customer.Selenium.Features._12_DataLayerFeature">

            <system-out>Given I start my Streamline application
                Navigating to URL: https://webappisamdev.asbbank.co.nz/public/join/asb/?grcDisabled=true
                -&gt; done: CommonSteps.GivenIStartMyStreamlineApplication() (0.6s)
                And I am in the Introduction page
                12/6/2017 4:50:35 AMWaitForFeaturesPageLoad: Executing WaitForFrameAndSwitch
                12/6/2017 4:50:36 AMWaitForFeaturesPageLoad: Done executing WaitForFrameAndSwitch
                -&gt; done: IntroductionPageSteps.GivenIAmInTheIntroductionPage() (2.7s)
                When I store data layer values
                -&gt; done: CommonSteps.WhenIStoreDataLayerValues() (0.0s)
                And I change my selected products to 'Streamline intro,ASB Visa Debit Streamline Intro'
                12/6/2017 4:50:47 AMWaitForFeaturesPageLoad: Executing WaitForFrameAndSwitch
                12/6/2017 4:50:47 AMWaitForFeaturesPageLoad: Done executing WaitForFrameAndSwitch
                Unable to find product 'FastSaver' in page or product 'FastSaver' is not selected
                Unable to find product 'Savings On Call' in page or product 'Savings On Call' is not selected
                Unable to find product 'Savings On Call' in page or product 'Savings On Call' is not selected
                Unable to find product 'FastSaver' in page or product 'FastSaver' is not selected
                -&gt; done: ProductsPageSteps.WhenIChangeMySelectedProductsTo("Streamline intro,...") (15.0s)
                And I store data layer values
                -&gt; done: CommonSteps.WhenIStoreDataLayerValues() (0.0s)
                And I click on 'Next' button
                -&gt; done: CommonSteps.WhenIClickOnButton("Next") (0.2s)
                And I store data layer values
                -&gt; done: CommonSteps.WhenIStoreDataLayerValues() (0.0s)
                And I enter all required details in the Personal details page and clicks on Next button:
                --- table step argument ---
                | Title | FirstName | MiddleName | LastName | DateOfBirth | Email | MobileNumber | CountriesCitizenship
                | PreferredIdType |
                | Miss | Automation | RANDOM | FYICOBSiteCat | RANDOM | cob2017@asb.co.nz | 021-RANDOM | New Zealand |
                Overseas Passport |
                -&gt; done: PersonalDetailsSteps.WhenIEnterAllRequiredDetailsForPersonalDetailsPage(&lt;table&gt;)
                (15.3s)
                And I store data layer values
                -&gt; done: CommonSteps.WhenIStoreDataLayerValues() (0.0s)
                And I enter mandatory Tax Information for NZ citizen and clicks on Next button
                -&gt; done: AdditionalPersonalDetailsSteps.GivenIEnterMandatoryTaxInformationForNZCitizen() (0.5s)
                And I store data layer values
                -&gt; done: CommonSteps.WhenIStoreDataLayerValues() (0.0s)
                And I enter 'Kiwi77nz' password and 'MyCode01' verbal password in the ASB Login page and clicks on Next
                button
                -&gt; done:
                ASBLoginPageSteps.WhenIEnterPasswordAndVerbalPasswordInTheASBLoginPageAndClicksOnNextButton("Kiwi77nz",
                "MyCode01") (1.0s)
                And I store data layer values
                -&gt; done: CommonSteps.WhenIStoreDataLayerValues() (0.0s)
                And I confirm details on the Summary page
                UniqueId:
                Title: Miss
                FirstName: Automation
                MiddleName: COB-xdEJF
                LastName: FYICOBSiteCat
                Email: cob2017@asb.co.nz
                Gender:
                DateOfBirth: 2/13/1970 12:00:00 AM
                DateCreated:
                LastReviewDate:
                Cals:
                IsIndividual:
                NzCitizen:
                NzResidence:
                HighValueCustomer:
                StaffMember:
                AmlVerified:
                VipCustomer:
                Addresses: System.Collections.Generic.List`1[ASB.Selenium.DataModel.Customer.Address]
                AddressInformation: ASB.Selenium.DataModel.Customer.AddressInformation
                CompanyName:
                CompanyType:
                CompanySubType:
                CustomerTypeCode:
                IrdNumber:
                TaxClass:
                TaxClassDate:
                IsNzTaxResident: True
                NonResidentCountryCode:
                IsForeignTaxResident: False
                ForeignTaxResidencyStatus:
                IsProfileEnhanced:
                Phones: System.Collections.Generic.List`1[ASB.Selenium.DataModel.Customer.Phone]
                NextOfKin:
                EmploymentDetails:
                LinkedCustomers:
                AccountRelationships:
                IdType:
                Fatca: ASB.Selenium.DataModel.Customer.Fatca
                CitizenshipCountryCodes:
                CitizenshipCountryNames: System.Collections.Generic.List`1[System.String]
                ForeignTaxResidenceTypes:
                System.Collections.Generic.List`1[ASB.Selenium.DataModel.Customer.ForeignTaxResidenceTypes]
                OnboardingDetail: ASB.Selenium.DataModel.Customer.OnboardingDetail
                AddressVerificationStatus:
                IdVerificationStatus:
                PreferredIdType: Overseas Passport
                IsProfileComplete:
                DaysRemaining: 0
                OnboardingStatus:
                NewAccounts: System.Collections.Generic.List`1[ASB.Selenium.DataModel.Customer.Accounts]
                FailedAccounts: System.Collections.Generic.List`1[ASB.Selenium.DataModel.Customer.Accounts]
                OnboardingSource: JoinASB
                CustomerCreated:
                LoginCreated:
                RegisteredForNetcode:
                AccountsCreated:
                CustomerAccessToken:
                VerificationPassword: MyCode01
                LoginDetail: ASB.Selenium.DataModel.Customer.Login
                CustomerType:
                Cif:
                Username: afyi73053
                UsernameApi:
                Password: Kiwi77nz
                PublicKey:
                AcceptedTermsAndConditions:
                BackgroundCheckConsent:
                PreferredIdType:
                -&gt; done: SummaryPageSteps.WhenIConfirmDetailsOnTheSummaryPage() (2.8s)
                Then the Logging you in progress page is displayed
                -&gt; done: ConfirmationPageSteps.ThenTheLoggingYouInProgressPageIsDisplayed() (16.1s)
                And data layer values are correct
                -&gt; done: CommonSteps.ThenDataLayerValuesAreCorrect() (0.0s)
            </system-out>
        </testcase>
        <testcase name="DATALAYER_03_ConfirmationPage_StreamlineVisaDebitAndSavingsOnCall" assertions="168"
                  time="61.661659" status="Passed"
                  classname="Join.Form.Customer.Selenium.Features._12_DataLayerFeature">

            <system-out>Given I start my Streamline application
                Navigating to URL: https://webappisamdev.asbbank.co.nz/public/join/asb/?grcDisabled=true
                -&gt; done: CommonSteps.GivenIStartMyStreamlineApplication() (0.7s)
                And I am in the Introduction page
                12/6/2017 4:51:32 AMWaitForFeaturesPageLoad: Executing WaitForFrameAndSwitch
                12/6/2017 4:51:33 AMWaitForFeaturesPageLoad: Done executing WaitForFrameAndSwitch
                -&gt; done: IntroductionPageSteps.GivenIAmInTheIntroductionPage() (2.5s)
                When I store data layer values
                -&gt; done: CommonSteps.WhenIStoreDataLayerValues() (0.0s)
                And I change my selected products to 'Streamline intro,ASB Visa Debit Streamline Intro,Savings On Call'
                12/6/2017 4:51:44 AMWaitForFeaturesPageLoad: Executing WaitForFrameAndSwitch
                12/6/2017 4:51:44 AMWaitForFeaturesPageLoad: Done executing WaitForFrameAndSwitch
                Unable to find product 'Savings On Call' in page or product 'Savings On Call' is not selected
                Unable to find product 'FastSaver' in page or product 'FastSaver' is not selected
                Unable to find product 'FastSaver' in page or product 'FastSaver' is not selected
                -&gt; done: ProductsPageSteps.WhenIChangeMySelectedProductsTo("Streamline intro,...") (16.8s)
                And I store data layer values
                -&gt; done: CommonSteps.WhenIStoreDataLayerValues() (0.0s)
                And I click on 'Next' button
                -&gt; done: CommonSteps.WhenIClickOnButton("Next") (0.2s)
                And I store data layer values
                -&gt; done: CommonSteps.WhenIStoreDataLayerValues() (0.0s)
                And I enter all required details in the Personal details page and clicks on Next button:
                --- table step argument ---
                | Title | FirstName | MiddleName | LastName | DateOfBirth | Email | MobileNumber | CountriesCitizenship
                | PreferredIdType |
                | Miss | Automation | RANDOM | FYICOBSiteCat | RANDOM | cob2017@asb.co.nz | 021-RANDOM | New Zealand |
                Australian Passport |
                -&gt; done: PersonalDetailsSteps.WhenIEnterAllRequiredDetailsForPersonalDetailsPage(&lt;table&gt;)
                (16.9s)
                And I store data layer values
                -&gt; done: CommonSteps.WhenIStoreDataLayerValues() (0.0s)
                And I enter mandatory Tax Information for NZ citizen and clicks on Next button
                -&gt; done: AdditionalPersonalDetailsSteps.GivenIEnterMandatoryTaxInformationForNZCitizen() (0.5s)
                And I store data layer values
                -&gt; done: CommonSteps.WhenIStoreDataLayerValues() (0.0s)
                And I enter 'Kiwi77nz' password and 'MyCode01' verbal password in the ASB Login page and clicks on Next
                button
                -&gt; done:
                ASBLoginPageSteps.WhenIEnterPasswordAndVerbalPasswordInTheASBLoginPageAndClicksOnNextButton("Kiwi77nz",
                "MyCode01") (1.1s)
                And I store data layer values
                -&gt; done: CommonSteps.WhenIStoreDataLayerValues() (0.0s)
                And I confirm details on the Summary page
                UniqueId:
                Title: Miss
                FirstName: Automation
                MiddleName: COB-UwbBd
                LastName: FYICOBSiteCat
                Email: cob2017@asb.co.nz
                Gender:
                DateOfBirth: 12/7/1943 12:00:00 AM
                DateCreated:
                LastReviewDate:
                Cals:
                IsIndividual:
                NzCitizen:
                NzResidence:
                HighValueCustomer:
                StaffMember:
                AmlVerified:
                VipCustomer:
                Addresses: System.Collections.Generic.List`1[ASB.Selenium.DataModel.Customer.Address]
                AddressInformation: ASB.Selenium.DataModel.Customer.AddressInformation
                CompanyName:
                CompanyType:
                CompanySubType:
                CustomerTypeCode:
                IrdNumber:
                TaxClass:
                TaxClassDate:
                IsNzTaxResident: True
                NonResidentCountryCode:
                IsForeignTaxResident: False
                ForeignTaxResidencyStatus:
                IsProfileEnhanced:
                Phones: System.Collections.Generic.List`1[ASB.Selenium.DataModel.Customer.Phone]
                NextOfKin:
                EmploymentDetails:
                LinkedCustomers:
                AccountRelationships:
                IdType:
                Fatca: ASB.Selenium.DataModel.Customer.Fatca
                CitizenshipCountryCodes:
                CitizenshipCountryNames: System.Collections.Generic.List`1[System.String]
                ForeignTaxResidenceTypes:
                System.Collections.Generic.List`1[ASB.Selenium.DataModel.Customer.ForeignTaxResidenceTypes]
                OnboardingDetail: ASB.Selenium.DataModel.Customer.OnboardingDetail
                AddressVerificationStatus:
                IdVerificationStatus:
                PreferredIdType: Australian Passport
                IsProfileComplete:
                DaysRemaining: 0
                OnboardingStatus:
                NewAccounts: System.Collections.Generic.List`1[ASB.Selenium.DataModel.Customer.Accounts]
                FailedAccounts: System.Collections.Generic.List`1[ASB.Selenium.DataModel.Customer.Accounts]
                OnboardingSource: JoinASB
                CustomerCreated:
                LoginCreated:
                RegisteredForNetcode:
                AccountsCreated:
                CustomerAccessToken:
                VerificationPassword: MyCode01
                LoginDetail: ASB.Selenium.DataModel.Customer.Login
                CustomerType:
                Cif:
                Username: afyi73219
                UsernameApi:
                Password: Kiwi77nz
                PublicKey:
                AcceptedTermsAndConditions:
                BackgroundCheckConsent:
                PreferredIdType:
                -&gt; done: SummaryPageSteps.WhenIConfirmDetailsOnTheSummaryPage() (2.8s)
                Then the Logging you in progress page is displayed
                -&gt; done: ConfirmationPageSteps.ThenTheLoggingYouInProgressPageIsDisplayed() (17.3s)
                And data layer values are correct
                -&gt; done: CommonSteps.ThenDataLayerValuesAreCorrect() (0.0s)
            </system-out>
        </testcase>
        <testcase name="DATALAYER_04_ConfirmationPage_AllProducts" assertions="168" time="60.713589" status="Passed"
                  classname="Join.Form.Customer.Selenium.Features._12_DataLayerFeature">

            <system-out>Given I start my Streamline application
                Navigating to URL: https://webappisamdev.asbbank.co.nz/public/join/asb/?grcDisabled=true
                -&gt; done: CommonSteps.GivenIStartMyStreamlineApplication() (0.6s)
                And I am in the Introduction page
                12/6/2017 4:52:34 AMWaitForFeaturesPageLoad: Executing WaitForFrameAndSwitch
                12/6/2017 4:52:35 AMWaitForFeaturesPageLoad: Done executing WaitForFrameAndSwitch
                -&gt; done: IntroductionPageSteps.GivenIAmInTheIntroductionPage() (2.3s)
                When I store data layer values
                -&gt; done: CommonSteps.WhenIStoreDataLayerValues() (0.0s)
                And I change my selected products to 'Streamline intro,ASB Visa Debit Streamline Intro,Savings On
                Call,FastSaver'
                12/6/2017 4:52:46 AMWaitForFeaturesPageLoad: Executing WaitForFrameAndSwitch
                12/6/2017 4:52:46 AMWaitForFeaturesPageLoad: Done executing WaitForFrameAndSwitch
                Unable to find product 'Savings On Call' in page or product 'Savings On Call' is not selected
                Unable to find product 'FastSaver' in page or product 'FastSaver' is not selected
                -&gt; done: ProductsPageSteps.WhenIChangeMySelectedProductsTo("Streamline intro,...") (18.9s)
                And I store data layer values
                -&gt; done: CommonSteps.WhenIStoreDataLayerValues() (0.0s)
                And I click on 'Next' button
                -&gt; done: CommonSteps.WhenIClickOnButton("Next") (0.2s)
                And I store data layer values
                -&gt; done: CommonSteps.WhenIStoreDataLayerValues() (0.0s)
                And I enter all required details in the Personal details page and clicks on Next button:
                --- table step argument ---
                | Title | FirstName | MiddleName | LastName | DateOfBirth | Email | MobileNumber | CountriesCitizenship
                | PreferredIdType |
                | Miss | Automation | RANDOM | FYICOBSiteCat | RANDOM | cob2017@asb.co.nz | 021-RANDOM | New Zealand |
                New Zealand Driver's Licence |
                -&gt; done: PersonalDetailsSteps.WhenIEnterAllRequiredDetailsForPersonalDetailsPage(&lt;table&gt;)
                (14.7s)
                And I store data layer values
                -&gt; done: CommonSteps.WhenIStoreDataLayerValues() (0.0s)
                And I enter mandatory Tax Information for NZ citizen and clicks on Next button
                -&gt; done: AdditionalPersonalDetailsSteps.GivenIEnterMandatoryTaxInformationForNZCitizen() (0.5s)
                And I store data layer values
                -&gt; done: CommonSteps.WhenIStoreDataLayerValues() (0.0s)
                And I enter 'Kiwi77nz' password and 'MyCode01' verbal password in the ASB Login page and clicks on Next
                button
                -&gt; done:
                ASBLoginPageSteps.WhenIEnterPasswordAndVerbalPasswordInTheASBLoginPageAndClicksOnNextButton("Kiwi77nz",
                "MyCode01") (1.0s)
                And I store data layer values
                -&gt; done: CommonSteps.WhenIStoreDataLayerValues() (0.0s)
                And I confirm details on the Summary page
                UniqueId:
                Title: Miss
                FirstName: Automation
                MiddleName: COB-AfRIk
                LastName: FYICOBSiteCat
                Email: cob2017@asb.co.nz
                Gender:
                DateOfBirth: 12/7/1990 12:00:00 AM
                DateCreated:
                LastReviewDate:
                Cals:
                IsIndividual:
                NzCitizen:
                NzResidence:
                HighValueCustomer:
                StaffMember:
                AmlVerified:
                VipCustomer:
                Addresses: System.Collections.Generic.List`1[ASB.Selenium.DataModel.Customer.Address]
                AddressInformation: ASB.Selenium.DataModel.Customer.AddressInformation
                CompanyName:
                CompanyType:
                CompanySubType:
                CustomerTypeCode:
                IrdNumber:
                TaxClass:
                TaxClassDate:
                IsNzTaxResident: True
                NonResidentCountryCode:
                IsForeignTaxResident: False
                ForeignTaxResidencyStatus:
                IsProfileEnhanced:
                Phones: System.Collections.Generic.List`1[ASB.Selenium.DataModel.Customer.Phone]
                NextOfKin:
                EmploymentDetails:
                LinkedCustomers:
                AccountRelationships:
                IdType:
                Fatca: ASB.Selenium.DataModel.Customer.Fatca
                CitizenshipCountryCodes:
                CitizenshipCountryNames: System.Collections.Generic.List`1[System.String]
                ForeignTaxResidenceTypes:
                System.Collections.Generic.List`1[ASB.Selenium.DataModel.Customer.ForeignTaxResidenceTypes]
                OnboardingDetail: ASB.Selenium.DataModel.Customer.OnboardingDetail
                AddressVerificationStatus:
                IdVerificationStatus:
                PreferredIdType: New Zealand Driver's Licence
                IsProfileComplete:
                DaysRemaining: 0
                OnboardingStatus:
                NewAccounts: System.Collections.Generic.List`1[ASB.Selenium.DataModel.Customer.Accounts]
                FailedAccounts: System.Collections.Generic.List`1[ASB.Selenium.DataModel.Customer.Accounts]
                OnboardingSource: JoinASB
                CustomerCreated:
                LoginCreated:
                RegisteredForNetcode:
                AccountsCreated:
                CustomerAccessToken:
                VerificationPassword: MyCode01
                LoginDetail: ASB.Selenium.DataModel.Customer.Login
                CustomerType:
                Cif:
                Username: afyi22486
                UsernameApi:
                Password: Kiwi77nz
                PublicKey:
                AcceptedTermsAndConditions:
                BackgroundCheckConsent:
                PreferredIdType:
                -&gt; done: SummaryPageSteps.WhenIConfirmDetailsOnTheSummaryPage() (2.9s)
                Then the Logging you in progress page is displayed
                -&gt; done: ConfirmationPageSteps.ThenTheLoggingYouInProgressPageIsDisplayed() (16.7s)
                And data layer values are correct
                -&gt; done: CommonSteps.ThenDataLayerValuesAreCorrect() (0.0s)
            </system-out>
        </testcase>
        <testcase name="DATALAYER_05_ConfirmationPage_AllProductsExceptVisaDebit" assertions="168" time="61.471190"
                  status="Passed" classname="Join.Form.Customer.Selenium.Features._12_DataLayerFeature">

            <system-out>Given I start my Streamline application
                Navigating to URL: https://webappisamdev.asbbank.co.nz/public/join/asb/?grcDisabled=true
                -&gt; done: CommonSteps.GivenIStartMyStreamlineApplication() (1.1s)
                And I am in the Introduction page
                12/6/2017 4:53:35 AMWaitForFeaturesPageLoad: Executing WaitForFrameAndSwitch
                12/6/2017 4:53:36 AMWaitForFeaturesPageLoad: Done executing WaitForFrameAndSwitch
                -&gt; done: IntroductionPageSteps.GivenIAmInTheIntroductionPage() (2.2s)
                When I store data layer values
                -&gt; done: CommonSteps.WhenIStoreDataLayerValues() (0.0s)
                And I change my selected products to 'Streamline intro,Savings On Call,FastSaver'
                12/6/2017 4:53:47 AMWaitForFeaturesPageLoad: Executing WaitForFrameAndSwitch
                12/6/2017 4:53:47 AMWaitForFeaturesPageLoad: Done executing WaitForFrameAndSwitch
                Unable to find product 'Savings On Call' in page or product 'Savings On Call' is not selected
                Unable to find product 'FastSaver' in page or product 'FastSaver' is not selected
                Unable to find product 'ASB Visa Debit Streamline Intro' in page or product 'ASB Visa Debit Streamline
                Intro' is not selected
                -&gt; done: ProductsPageSteps.WhenIChangeMySelectedProductsTo("Streamline intro,...") (19.9s)
                And I store data layer values
                -&gt; done: CommonSteps.WhenIStoreDataLayerValues() (0.0s)
                And I click on 'Next' button
                -&gt; done: CommonSteps.WhenIClickOnButton("Next") (0.2s)
                And I store data layer values
                -&gt; done: CommonSteps.WhenIStoreDataLayerValues() (0.0s)
                And I enter all required details in the Personal details page and clicks on Next button:
                --- table step argument ---
                | Title | FirstName | MiddleName | LastName | DateOfBirth | Email | MobileNumber | CountriesCitizenship
                | PreferredIdType |
                | Miss | Automation | RANDOM | FYICOBSiteCat | RANDOM | cob2017@asb.co.nz | 021-RANDOM | New Zealand |
                New Zealand Driver's Licence |
                -&gt; done: PersonalDetailsSteps.WhenIEnterAllRequiredDetailsForPersonalDetailsPage(&lt;table&gt;)
                (17.2s)
                And I store data layer values
                -&gt; done: CommonSteps.WhenIStoreDataLayerValues() (0.0s)
                And I enter mandatory Tax Information for NZ citizen and clicks on Next button
                -&gt; done: AdditionalPersonalDetailsSteps.GivenIEnterMandatoryTaxInformationForNZCitizen() (0.5s)
                And I store data layer values
                -&gt; done: CommonSteps.WhenIStoreDataLayerValues() (0.0s)
                And I enter 'Kiwi77nz' password and 'MyCode01' verbal password in the ASB Login page and clicks on Next
                button
                -&gt; done:
                ASBLoginPageSteps.WhenIEnterPasswordAndVerbalPasswordInTheASBLoginPageAndClicksOnNextButton("Kiwi77nz",
                "MyCode01") (1.1s)
                And I store data layer values
                -&gt; done: CommonSteps.WhenIStoreDataLayerValues() (0.0s)
                And I confirm details on the Summary page
                UniqueId:
                Title: Miss
                FirstName: Automation
                MiddleName: COB-glLKU
                LastName: FYICOBSiteCat
                Email: cob2017@asb.co.nz
                Gender:
                DateOfBirth: 8/26/1937 12:00:00 AM
                DateCreated:
                LastReviewDate:
                Cals:
                IsIndividual:
                NzCitizen:
                NzResidence:
                HighValueCustomer:
                StaffMember:
                AmlVerified:
                VipCustomer:
                Addresses: System.Collections.Generic.List`1[ASB.Selenium.DataModel.Customer.Address]
                AddressInformation: ASB.Selenium.DataModel.Customer.AddressInformation
                CompanyName:
                CompanyType:
                CompanySubType:
                CustomerTypeCode:
                IrdNumber:
                TaxClass:
                TaxClassDate:
                IsNzTaxResident: True
                NonResidentCountryCode:
                IsForeignTaxResident: False
                ForeignTaxResidencyStatus:
                IsProfileEnhanced:
                Phones: System.Collections.Generic.List`1[ASB.Selenium.DataModel.Customer.Phone]
                NextOfKin:
                EmploymentDetails:
                LinkedCustomers:
                AccountRelationships:
                IdType:
                Fatca: ASB.Selenium.DataModel.Customer.Fatca
                CitizenshipCountryCodes:
                CitizenshipCountryNames: System.Collections.Generic.List`1[System.String]
                ForeignTaxResidenceTypes:
                System.Collections.Generic.List`1[ASB.Selenium.DataModel.Customer.ForeignTaxResidenceTypes]
                OnboardingDetail: ASB.Selenium.DataModel.Customer.OnboardingDetail
                AddressVerificationStatus:
                IdVerificationStatus:
                PreferredIdType: New Zealand Driver's Licence
                IsProfileComplete:
                DaysRemaining: 0
                OnboardingStatus:
                NewAccounts: System.Collections.Generic.List`1[ASB.Selenium.DataModel.Customer.Accounts]
                FailedAccounts: System.Collections.Generic.List`1[ASB.Selenium.DataModel.Customer.Accounts]
                OnboardingSource: JoinASB
                CustomerCreated:
                LoginCreated:
                RegisteredForNetcode:
                AccountsCreated:
                CustomerAccessToken:
                VerificationPassword: MyCode01
                LoginDetail: ASB.Selenium.DataModel.Customer.Login
                CustomerType:
                Cif:
                Username: afyi66317
                UsernameApi:
                Password: Kiwi77nz
                PublicKey:
                AcceptedTermsAndConditions:
                BackgroundCheckConsent:
                PreferredIdType:
                -&gt; done: SummaryPageSteps.WhenIConfirmDetailsOnTheSummaryPage() (2.9s)
                Then the Logging you in progress page is displayed
                -&gt; done: ConfirmationPageSteps.ThenTheLoggingYouInProgressPageIsDisplayed() (13.5s)
                And data layer values are correct
                -&gt; done: CommonSteps.ThenDataLayerValuesAreCorrect() (0.0s)
            </system-out>
        </testcase>
        <testcase name="DATALAYER_06_ConfirmationPage_BadCustomer" assertions="16" time="40.579660"
                  status="Inconclusive" classname="Join.Form.Customer.Selenium.Features._12_DataLayerFeature">

            <skipped
                    message="One or more step definitions are not implemented yet.&#10;  CommonSteps.ThenDataLayerValuesAreCorrect()"/>
            <system-out>Given I start my Streamline application
                Navigating to URL: https://webappisamdev.asbbank.co.nz/public/join/asb/?grcDisabled=true
                -&gt; done: CommonSteps.GivenIStartMyStreamlineApplication() (0.7s)
                And I am in the Introduction page
                12/6/2017 4:54:36 AMWaitForFeaturesPageLoad: Executing WaitForFrameAndSwitch
                12/6/2017 4:54:37 AMWaitForFeaturesPageLoad: Done executing WaitForFrameAndSwitch
                -&gt; done: IntroductionPageSteps.GivenIAmInTheIntroductionPage() (3.3s)
                When I store data layer values
                -&gt; done: CommonSteps.WhenIStoreDataLayerValues() (0.0s)
                And I change my selected products to 'Streamline intro,ASB Visa Debit Streamline Intro'
                12/6/2017 4:54:49 AMWaitForFeaturesPageLoad: Executing WaitForFrameAndSwitch
                12/6/2017 4:54:49 AMWaitForFeaturesPageLoad: Done executing WaitForFrameAndSwitch
                Unable to find product 'FastSaver' in page or product 'FastSaver' is not selected
                Unable to find product 'Savings On Call' in page or product 'Savings On Call' is not selected
                Unable to find product 'Savings On Call' in page or product 'Savings On Call' is not selected
                Unable to find product 'FastSaver' in page or product 'FastSaver' is not selected
                -&gt; done: ProductsPageSteps.WhenIChangeMySelectedProductsTo("Streamline intro,...") (14.9s)
                And I store data layer values
                -&gt; done: CommonSteps.WhenIStoreDataLayerValues() (0.0s)
                And I click on 'Next' button
                -&gt; done: CommonSteps.WhenIClickOnButton("Next") (0.2s)
                And I store data layer values
                -&gt; done: CommonSteps.WhenIStoreDataLayerValues() (0.0s)
                And I enter all required details in the Personal details page and clicks on Next button:
                --- table step argument ---
                | Title | FirstName | MiddleName | LastName | DateOfBirth | Email | MobileNumber | CountriesCitizenship
                | PreferredIdType |
                | Mr | Michael | Sam | Wayne | 1 June 1983 | badcob2017@asb.co.nz | 021-RANDOM | New Zealand | New
                Zealand Passport |
                -&gt; done: PersonalDetailsSteps.WhenIEnterAllRequiredDetailsForPersonalDetailsPage(&lt;table&gt;)
                (11.3s)
                And I store data layer values
                -&gt; done: CommonSteps.WhenIStoreDataLayerValues() (0.0s)
                And I enter mandatory Tax Information for NZ citizen and clicks on Next button
                -&gt; done: AdditionalPersonalDetailsSteps.GivenIEnterMandatoryTaxInformationForNZCitizen() (0.6s)
                And I store data layer values
                -&gt; done: CommonSteps.WhenIStoreDataLayerValues() (0.0s)
                And I enter 'Kiwi77nz' password and 'MyCode01' verbal password in the ASB Login page and clicks on Next
                button
                -&gt; done:
                ASBLoginPageSteps.WhenIEnterPasswordAndVerbalPasswordInTheASBLoginPageAndClicksOnNextButton("Kiwi77nz",
                "MyCode01") (1.0s)
                And I store data layer values
                -&gt; done: CommonSteps.WhenIStoreDataLayerValues() (0.0s)
                And I confirm details on the Summary page
                UniqueId:
                Title: Mr
                FirstName: Michael
                MiddleName: Sam
                LastName: Wayne
                Email: badcob2017@asb.co.nz
                Gender:
                DateOfBirth: 6/1/1983 12:00:00 AM
                DateCreated:
                LastReviewDate:
                Cals:
                IsIndividual:
                NzCitizen:
                NzResidence:
                HighValueCustomer:
                StaffMember:
                AmlVerified:
                VipCustomer:
                Addresses: System.Collections.Generic.List`1[ASB.Selenium.DataModel.Customer.Address]
                AddressInformation: ASB.Selenium.DataModel.Customer.AddressInformation
                CompanyName:
                CompanyType:
                CompanySubType:
                CustomerTypeCode:
                IrdNumber:
                TaxClass:
                TaxClassDate:
                IsNzTaxResident: True
                NonResidentCountryCode:
                IsForeignTaxResident: False
                ForeignTaxResidencyStatus:
                IsProfileEnhanced:
                Phones: System.Collections.Generic.List`1[ASB.Selenium.DataModel.Customer.Phone]
                NextOfKin:
                EmploymentDetails:
                LinkedCustomers:
                AccountRelationships:
                IdType:
                Fatca: ASB.Selenium.DataModel.Customer.Fatca
                CitizenshipCountryCodes:
                CitizenshipCountryNames: System.Collections.Generic.List`1[System.String]
                ForeignTaxResidenceTypes:
                System.Collections.Generic.List`1[ASB.Selenium.DataModel.Customer.ForeignTaxResidenceTypes]
                OnboardingDetail: ASB.Selenium.DataModel.Customer.OnboardingDetail
                AddressVerificationStatus:
                IdVerificationStatus:
                PreferredIdType: New Zealand Passport
                IsProfileComplete:
                DaysRemaining: 0
                OnboardingStatus:
                NewAccounts: System.Collections.Generic.List`1[ASB.Selenium.DataModel.Customer.Accounts]
                FailedAccounts: System.Collections.Generic.List`1[ASB.Selenium.DataModel.Customer.Accounts]
                OnboardingSource: JoinASB
                CustomerCreated:
                LoginCreated:
                RegisteredForNetcode:
                AccountsCreated:
                CustomerAccessToken:
                VerificationPassword: MyCode01
                LoginDetail: ASB.Selenium.DataModel.Customer.Login
                CustomerType:
                Cif:
                Username: mway46450
                UsernameApi:
                Password: Kiwi77nz
                PublicKey:
                AcceptedTermsAndConditions:
                BackgroundCheckConsent:
                PreferredIdType:
                -&gt; done: SummaryPageSteps.WhenIConfirmDetailsOnTheSummaryPage() (2.8s)
                Then the Confirmation page for duplicate 'bad' customer with open products is displayed
                Unable to find FNC Login section!
                -&gt; done: ConfirmationPageSteps.ThenTheConfirmationPageForCustomerIsDisplayed("bad") (2.8s)
                When I store data layer values
                -&gt; done: CommonSteps.WhenIStoreDataLayerValues() (0.0s)
                Then data layer values are correct
                -&gt; pending: CommonSteps.ThenDataLayerValuesAreCorrect()
            </system-out>
        </testcase>
        <testcase name="DATALAYER_07_ConfirmationPage_ExistingCustomerCheck" assertions="16" time="41.554215"
                  status="Inconclusive" classname="Join.Form.Customer.Selenium.Features._12_DataLayerFeature">

            <skipped
                    message="One or more step definitions are not implemented yet.&#10;  CommonSteps.ThenDataLayerValuesAreCorrect()"/>
            <system-out>Given I start my Streamline application
                Navigating to URL: https://webappisamdev.asbbank.co.nz/public/join/asb/?grcDisabled=true
                -&gt; done: CommonSteps.GivenIStartMyStreamlineApplication() (0.6s)
                And I am in the Introduction page
                12/6/2017 4:55:16 AMWaitForFeaturesPageLoad: Executing WaitForFrameAndSwitch
                12/6/2017 4:55:17 AMWaitForFeaturesPageLoad: Done executing WaitForFrameAndSwitch
                -&gt; done: IntroductionPageSteps.GivenIAmInTheIntroductionPage() (2.3s)
                When I store data layer values
                -&gt; done: CommonSteps.WhenIStoreDataLayerValues() (0.0s)
                And I change my selected products to 'Streamline intro,ASB Visa Debit Streamline Intro,Savings On
                Call,FastSaver'
                12/6/2017 4:55:29 AMWaitForFeaturesPageLoad: Executing WaitForFrameAndSwitch
                12/6/2017 4:55:29 AMWaitForFeaturesPageLoad: Done executing WaitForFrameAndSwitch
                Unable to find product 'Savings On Call' in page or product 'Savings On Call' is not selected
                Unable to find product 'FastSaver' in page or product 'FastSaver' is not selected
                -&gt; done: ProductsPageSteps.WhenIChangeMySelectedProductsTo("Streamline intro,...") (18.9s)
                And I store data layer values
                -&gt; done: CommonSteps.WhenIStoreDataLayerValues() (0.0s)
                And I click on 'Next' button
                -&gt; done: CommonSteps.WhenIClickOnButton("Next") (0.1s)
                And I store data layer values
                -&gt; done: CommonSteps.WhenIStoreDataLayerValues() (0.0s)
                And I enter all required details in the Personal details page and clicks on Next button:
                --- table step argument ---
                | Title | FirstName | MiddleName | LastName | DateOfBirth | Email | MobileNumber | CountriesCitizenship
                | PreferredIdType |
                | Miss | Butcher | Close | Wolf | 1 January 1980 | cob2017@asb.co.nz | 021-RANDOM | New Zealand | Other
                |
                -&gt; done: PersonalDetailsSteps.WhenIEnterAllRequiredDetailsForPersonalDetailsPage(&lt;table&gt;)
                (11.1s)
                And I store data layer values
                -&gt; done: CommonSteps.WhenIStoreDataLayerValues() (0.0s)
                And I enter mandatory Tax Information for NZ citizen and clicks on Next button
                -&gt; done: AdditionalPersonalDetailsSteps.GivenIEnterMandatoryTaxInformationForNZCitizen() (0.5s)
                And I store data layer values
                -&gt; done: CommonSteps.WhenIStoreDataLayerValues() (0.0s)
                And I enter 'Kiwi77nz' password and 'MyCode01' verbal password in the ASB Login page and clicks on Next
                button
                -&gt; done:
                ASBLoginPageSteps.WhenIEnterPasswordAndVerbalPasswordInTheASBLoginPageAndClicksOnNextButton("Kiwi77nz",
                "MyCode01") (1.0s)
                And I store data layer values
                -&gt; done: CommonSteps.WhenIStoreDataLayerValues() (0.0s)
                And I confirm details on the Summary page
                UniqueId:
                Title: Miss
                FirstName: Butcher
                MiddleName: Close
                LastName: Wolf
                Email: cob2017@asb.co.nz
                Gender:
                DateOfBirth: 1/1/1980 12:00:00 AM
                DateCreated:
                LastReviewDate:
                Cals:
                IsIndividual:
                NzCitizen:
                NzResidence:
                HighValueCustomer:
                StaffMember:
                AmlVerified:
                VipCustomer:
                Addresses: System.Collections.Generic.List`1[ASB.Selenium.DataModel.Customer.Address]
                AddressInformation: ASB.Selenium.DataModel.Customer.AddressInformation
                CompanyName:
                CompanyType:
                CompanySubType:
                CustomerTypeCode:
                IrdNumber:
                TaxClass:
                TaxClassDate:
                IsNzTaxResident: True
                NonResidentCountryCode:
                IsForeignTaxResident: False
                ForeignTaxResidencyStatus:
                IsProfileEnhanced:
                Phones: System.Collections.Generic.List`1[ASB.Selenium.DataModel.Customer.Phone]
                NextOfKin:
                EmploymentDetails:
                LinkedCustomers:
                AccountRelationships:
                IdType:
                Fatca: ASB.Selenium.DataModel.Customer.Fatca
                CitizenshipCountryCodes:
                CitizenshipCountryNames: System.Collections.Generic.List`1[System.String]
                ForeignTaxResidenceTypes:
                System.Collections.Generic.List`1[ASB.Selenium.DataModel.Customer.ForeignTaxResidenceTypes]
                OnboardingDetail: ASB.Selenium.DataModel.Customer.OnboardingDetail
                AddressVerificationStatus:
                IdVerificationStatus:
                PreferredIdType: Other
                IsProfileComplete:
                DaysRemaining: 0
                OnboardingStatus:
                NewAccounts: System.Collections.Generic.List`1[ASB.Selenium.DataModel.Customer.Accounts]
                FailedAccounts: System.Collections.Generic.List`1[ASB.Selenium.DataModel.Customer.Accounts]
                OnboardingSource: JoinASB
                CustomerCreated:
                LoginCreated:
                RegisteredForNetcode:
                AccountsCreated:
                CustomerAccessToken:
                VerificationPassword: MyCode01
                LoginDetail: ASB.Selenium.DataModel.Customer.Login
                CustomerType:
                Cif:
                Username: bwol20697
                UsernameApi:
                Password: Kiwi77nz
                PublicKey:
                AcceptedTermsAndConditions:
                BackgroundCheckConsent:
                PreferredIdType:
                -&gt; done: SummaryPageSteps.WhenIConfirmDetailsOnTheSummaryPage() (2.9s)
                Then the Confirmation page for duplicate 'good' customer with open products is displayed
                -&gt; done: ConfirmationPageSteps.ThenTheConfirmationPageForCustomerIsDisplayed("good") (1.1s)
                When I store data layer values
                -&gt; done: CommonSteps.WhenIStoreDataLayerValues() (0.0s)
                Then data layer values are correct
                -&gt; pending: CommonSteps.ThenDataLayerValuesAreCorrect()
            </system-out>
        </testcase>
        <testcase name="DATALAYER_12_CleverKash" assertions="167" time="57.531524" status="Passed"
                  classname="Join.Form.Customer.Selenium.Features._12_DataLayerFeature">

            <system-out>Given I start my Streamline application
                Navigating to URL: https://webappisamdev.asbbank.co.nz/public/join/asb/?grcDisabled=true
                -&gt; done: CommonSteps.GivenIStartMyStreamlineApplication() (0.6s)
                And I am in the Clever Kash Introduction page
                Navigating to URL: https://webappisamdev.asbbank.co.nz/public/join/cleverkash/?grcDisabled=true
                -&gt; done: CommonSteps.GivenIAmInTheCleverKashIntroductionPage() (0.4s)
                When I store data layer values
                -&gt; done: CommonSteps.WhenIStoreDataLayerValues() (2.1s)
                And I change my selected products to 'Streamline intro,ASB Visa Debit Streamline Intro'
                12/6/2017 4:56:10 AMWaitForFeaturesPageLoad: Executing WaitForFrameAndSwitch
                12/6/2017 4:56:10 AMWaitForFeaturesPageLoad: Done executing WaitForFrameAndSwitch
                Unable to find product 'FastSaver' in page or product 'FastSaver' is not selected
                Unable to find product 'Savings On Call' in page or product 'Savings On Call' is not selected
                Unable to find product 'Savings On Call' in page or product 'Savings On Call' is not selected
                Unable to find product 'FastSaver' in page or product 'FastSaver' is not selected
                -&gt; done: ProductsPageSteps.WhenIChangeMySelectedProductsTo("Streamline intro,...") (14.9s)
                And I store data layer values
                -&gt; done: CommonSteps.WhenIStoreDataLayerValues() (0.0s)
                And I click on 'Next' button
                -&gt; done: CommonSteps.WhenIClickOnButton("Next") (0.2s)
                And I store data layer values
                -&gt; done: CommonSteps.WhenIStoreDataLayerValues() (0.0s)
                And I enter all required details in the Personal details page and clicks on Next button:
                --- table step argument ---
                | Title | FirstName | MiddleName | LastName | DateOfBirth | Email | MobileNumber | CountriesCitizenship
                | PreferredIdType |
                | Miss | Automation | RANDOM | FYICOBSiteCat | RANDOM | cob2017@asb.co.nz | 021-RANDOM | New Zealand |
                Other |
                -&gt; done: PersonalDetailsSteps.WhenIEnterAllRequiredDetailsForPersonalDetailsPage(&lt;table&gt;)
                (14.7s)
                And I store data layer values
                -&gt; done: CommonSteps.WhenIStoreDataLayerValues() (0.0s)
                And I enter mandatory Tax Information for NZ citizen and clicks on Next button
                -&gt; done: AdditionalPersonalDetailsSteps.GivenIEnterMandatoryTaxInformationForNZCitizen() (0.5s)
                And I store data layer values
                -&gt; done: CommonSteps.WhenIStoreDataLayerValues() (0.0s)
                And I enter 'Kiwi77nz' password and 'MyCode01' verbal password in the ASB Login page and clicks on Next
                button
                -&gt; done:
                ASBLoginPageSteps.WhenIEnterPasswordAndVerbalPasswordInTheASBLoginPageAndClicksOnNextButton("Kiwi77nz",
                "MyCode01") (1.0s)
                And I store data layer values
                -&gt; done: CommonSteps.WhenIStoreDataLayerValues() (0.0s)
                And I confirm details on the Summary page
                UniqueId:
                Title: Miss
                FirstName: Automation
                MiddleName: COB-COtZl
                LastName: FYICOBSiteCat
                Email: cob2017@asb.co.nz
                Gender:
                DateOfBirth: 12/8/1984 12:00:00 AM
                DateCreated:
                LastReviewDate:
                Cals:
                IsIndividual:
                NzCitizen:
                NzResidence:
                HighValueCustomer:
                StaffMember:
                AmlVerified:
                VipCustomer:
                Addresses: System.Collections.Generic.List`1[ASB.Selenium.DataModel.Customer.Address]
                AddressInformation: ASB.Selenium.DataModel.Customer.AddressInformation
                CompanyName:
                CompanyType:
                CompanySubType:
                CustomerTypeCode:
                IrdNumber:
                TaxClass:
                TaxClassDate:
                IsNzTaxResident: True
                NonResidentCountryCode:
                IsForeignTaxResident: False
                ForeignTaxResidencyStatus:
                IsProfileEnhanced:
                Phones: System.Collections.Generic.List`1[ASB.Selenium.DataModel.Customer.Phone]
                NextOfKin:
                EmploymentDetails:
                LinkedCustomers:
                AccountRelationships:
                IdType:
                Fatca: ASB.Selenium.DataModel.Customer.Fatca
                CitizenshipCountryCodes:
                CitizenshipCountryNames: System.Collections.Generic.List`1[System.String]
                ForeignTaxResidenceTypes:
                System.Collections.Generic.List`1[ASB.Selenium.DataModel.Customer.ForeignTaxResidenceTypes]
                OnboardingDetail: ASB.Selenium.DataModel.Customer.OnboardingDetail
                AddressVerificationStatus:
                IdVerificationStatus:
                PreferredIdType: Other
                IsProfileComplete:
                DaysRemaining: 0
                OnboardingStatus:
                NewAccounts: System.Collections.Generic.List`1[ASB.Selenium.DataModel.Customer.Accounts]
                FailedAccounts: System.Collections.Generic.List`1[ASB.Selenium.DataModel.Customer.Accounts]
                OnboardingSource: CleverKash
                CustomerCreated:
                LoginCreated:
                RegisteredForNetcode:
                AccountsCreated:
                CustomerAccessToken:
                VerificationPassword: MyCode01
                LoginDetail: ASB.Selenium.DataModel.Customer.Login
                CustomerType:
                Cif:
                Username: afyi25077
                UsernameApi:
                Password: Kiwi77nz
                PublicKey:
                AcceptedTermsAndConditions:
                BackgroundCheckConsent:
                PreferredIdType:
                -&gt; done: SummaryPageSteps.WhenIConfirmDetailsOnTheSummaryPage() (2.9s)
                Then the Logging you in progress page is displayed
                -&gt; done: ConfirmationPageSteps.ThenTheLoggingYouInProgressPageIsDisplayed() (17.3s)
                And data layer values are correct
                -&gt; done: CommonSteps.ThenDataLayerValuesAreCorrect() (0.0s)
            </system-out>
        </testcase>
    </testsuite>
    <testsuite tests="2" time="130.416911" errors="0" failures="0" skipped="0" timestamp="2017-12-05 15:56:54Z"
               name="Join.Form.Customer.Selenium.dll.Join.Form.Customer.Selenium.Features._12_DataLayerFeature.DATALAYER_13_TertiaryNZCitizen.">
        <testcase
                name="DATALAYER_13_TertiaryNZCitizen(&quot;Default Tertiary Products&quot;,&quot;Tertiary Cheque, ASB Visa Debit Tertiary&quot;,System.String[])"
                assertions="168" time="58.604903" status="Passed"
                classname="Join.Form.Customer.Selenium.Features._12_DataLayerFeature">

            <system-out>Given I start my Tertiary application
                Navigating to URL: https://webappisamdev.asbbank.co.nz/public/join/tertiary/?grcDisabled=true
                -&gt; done: CommonSteps.GivenIStartMyTertiaryApplication() (0.6s)
                And I am in the Introduction page
                12/6/2017 4:56:55 AMWaitForFeaturesPageLoad: Executing WaitForFrameAndSwitch
                12/6/2017 4:56:56 AMWaitForFeaturesPageLoad: Done executing WaitForFrameAndSwitch
                -&gt; done: IntroductionPageSteps.GivenIAmInTheIntroductionPage() (2.4s)
                When I store data layer values
                -&gt; done: CommonSteps.WhenIStoreDataLayerValues() (0.0s)
                And I change my selected products to 'Tertiary Cheque, ASB Visa Debit Tertiary'
                12/6/2017 4:57:08 AMWaitForFeaturesPageLoad: Executing WaitForFrameAndSwitch
                12/6/2017 4:57:08 AMWaitForFeaturesPageLoad: Done executing WaitForFrameAndSwitch
                Unable to find product 'FastSaver' in page or product 'FastSaver' is not selected
                Unable to find product 'Savings On Call' in page or product 'Savings On Call' is not selected
                Unable to find product 'Tertiary Overdraft' in page or product 'Tertiary Overdraft' is not selected
                Unable to find product 'ASB Visa Light Tertiary' in page or product 'ASB Visa Light Tertiary' is not
                selected
                Unable to find product 'ASB Visa Light Tertiary' in page or product 'ASB Visa Light Tertiary' is not
                selected
                Unable to find product 'Tertiary Overdraft' in page or product 'Tertiary Overdraft' is not selected
                Unable to find product 'Savings On Call' in page or product 'Savings On Call' is not selected
                Unable to find product 'FastSaver' in page or product 'FastSaver' is not selected
                -&gt; done: ProductsPageSteps.WhenIChangeMySelectedProductsTo("Tertiary Cheque, ...") (19.1s)
                And I store data layer values
                -&gt; done: CommonSteps.WhenIStoreDataLayerValues() (0.0s)
                And I click on 'Next' button
                -&gt; done: CommonSteps.WhenIClickOnButton("Next") (0.2s)
                And I store data layer values
                -&gt; done: CommonSteps.WhenIStoreDataLayerValues() (0.0s)
                And I enter all required details in the Personal details page and clicks on Next button:
                --- table step argument ---
                | Title | FirstName | MiddleName | LastName | DateOfBirth | Email | MobileNumber | CountriesCitizenship
                | PreferredIdType |
                | Miss | Automation | RANDOM | FYICOBSiteCat | 16 March 1978 | cob2017@asb.co.nz | 021-RANDOM | New
                Zealand | Other |
                -&gt; done: PersonalDetailsSteps.WhenIEnterAllRequiredDetailsForPersonalDetailsPage(&lt;table&gt;)
                (11.2s)
                And I store data layer values
                -&gt; done: CommonSteps.WhenIStoreDataLayerValues() (0.0s)
                And I enter mandatory Tax Information for NZ citizen and clicks on Next button
                -&gt; done: AdditionalPersonalDetailsSteps.GivenIEnterMandatoryTaxInformationForNZCitizen() (0.5s)
                And I store data layer values
                -&gt; done: CommonSteps.WhenIStoreDataLayerValues() (0.0s)
                And I enter 'Kiwi77nz' password and 'MyCode01' verbal password in the ASB Login page and clicks on Next
                button
                -&gt; done:
                ASBLoginPageSteps.WhenIEnterPasswordAndVerbalPasswordInTheASBLoginPageAndClicksOnNextButton("Kiwi77nz",
                "MyCode01") (1.0s)
                And I store data layer values
                -&gt; done: CommonSteps.WhenIStoreDataLayerValues() (0.0s)
                And I confirm details on the Summary page
                UniqueId:
                Title: Miss
                FirstName: Automation
                MiddleName: COB-DDufg
                LastName: FYICOBSiteCat
                Email: cob2017@asb.co.nz
                Gender:
                DateOfBirth: 3/16/1978 12:00:00 AM
                DateCreated:
                LastReviewDate:
                Cals:
                IsIndividual:
                NzCitizen: True
                NzResidence:
                HighValueCustomer:
                StaffMember:
                AmlVerified:
                VipCustomer:
                Addresses: System.Collections.Generic.List`1[ASB.Selenium.DataModel.Customer.Address]
                AddressInformation: ASB.Selenium.DataModel.Customer.AddressInformation
                CompanyName:
                CompanyType:
                CompanySubType:
                CustomerTypeCode:
                IrdNumber:
                TaxClass:
                TaxClassDate:
                IsNzTaxResident: True
                NonResidentCountryCode:
                IsForeignTaxResident: False
                ForeignTaxResidencyStatus:
                IsProfileEnhanced:
                Phones: System.Collections.Generic.List`1[ASB.Selenium.DataModel.Customer.Phone]
                NextOfKin:
                EmploymentDetails:
                LinkedCustomers:
                AccountRelationships:
                IdType:
                Fatca: ASB.Selenium.DataModel.Customer.Fatca
                CitizenshipCountryCodes:
                CitizenshipCountryNames: System.Collections.Generic.List`1[System.String]
                ForeignTaxResidenceTypes:
                System.Collections.Generic.List`1[ASB.Selenium.DataModel.Customer.ForeignTaxResidenceTypes]
                OnboardingDetail: ASB.Selenium.DataModel.Customer.OnboardingDetail
                AddressVerificationStatus:
                IdVerificationStatus:
                PreferredIdType: Other
                IsProfileComplete:
                DaysRemaining: 0
                OnboardingStatus:
                NewAccounts: System.Collections.Generic.List`1[ASB.Selenium.DataModel.Customer.Accounts]
                FailedAccounts: System.Collections.Generic.List`1[ASB.Selenium.DataModel.Customer.Accounts]
                OnboardingSource: Tertiary
                CustomerCreated:
                LoginCreated:
                RegisteredForNetcode:
                AccountsCreated:
                CustomerAccessToken:
                VerificationPassword: MyCode01
                LoginDetail: ASB.Selenium.DataModel.Customer.Login
                CustomerType:
                Cif:
                Username: afyi98320
                UsernameApi:
                Password: Kiwi77nz
                PublicKey:
                AcceptedTermsAndConditions:
                BackgroundCheckConsent:
                PreferredIdType:
                -&gt; done: SummaryPageSteps.WhenIConfirmDetailsOnTheSummaryPage() (2.8s)
                Then the Logging you in progress page is displayed
                -&gt; done: ConfirmationPageSteps.ThenTheLoggingYouInProgressPageIsDisplayed() (17.8s)
                And data layer values are correct
                -&gt; done: CommonSteps.ThenDataLayerValuesAreCorrect() (0.0s)
            </system-out>
        </testcase>
        <testcase
                name="DATALAYER_13_TertiaryNZCitizen(&quot;All Tertiary Products&quot;,&quot;Tertiary Cheque, ASB Visa Debit Tertiary, Tertiary Overdraft, ASB Visa Light Tertiary,Savings On Call,FastSaver&quot;,System.String[])"
                assertions="168" time="71.756813" status="Passed"
                classname="Join.Form.Customer.Selenium.Features._12_DataLayerFeature">

            <system-out>Given I start my Tertiary application
                Navigating to URL: https://webappisamdev.asbbank.co.nz/public/join/tertiary/?grcDisabled=true
                -&gt; done: CommonSteps.GivenIStartMyTertiaryApplication() (0.6s)
                And I am in the Introduction page
                12/6/2017 4:57:54 AMWaitForFeaturesPageLoad: Executing WaitForFrameAndSwitch
                12/6/2017 4:57:55 AMWaitForFeaturesPageLoad: Done executing WaitForFrameAndSwitch
                -&gt; done: IntroductionPageSteps.GivenIAmInTheIntroductionPage() (2.4s)
                When I store data layer values
                -&gt; done: CommonSteps.WhenIStoreDataLayerValues() (0.0s)
                And I change my selected products to 'Tertiary Cheque, ASB Visa Debit Tertiary, Tertiary Overdraft, ASB
                Visa Light Tertiary,Savings On Call,FastSaver'
                12/6/2017 4:58:07 AMWaitForFeaturesPageLoad: Executing WaitForFrameAndSwitch
                12/6/2017 4:58:07 AMWaitForFeaturesPageLoad: Done executing WaitForFrameAndSwitch
                Unable to find product 'Tertiary Overdraft' in page or product 'Tertiary Overdraft' is not selected
                Unable to find product 'ASB Visa Light Tertiary' in page or product 'ASB Visa Light Tertiary' is not
                selected
                Unable to find product 'Savings On Call' in page or product 'Savings On Call' is not selected
                Unable to find product 'FastSaver' in page or product 'FastSaver' is not selected
                -&gt; done: ProductsPageSteps.WhenIChangeMySelectedProductsTo("Tertiary Cheque, ...") (27.6s)
                And I store data layer values
                -&gt; done: CommonSteps.WhenIStoreDataLayerValues() (0.0s)
                And I click on 'Next' button
                -&gt; done: CommonSteps.WhenIClickOnButton("Next") (0.2s)
                And I store data layer values
                -&gt; done: CommonSteps.WhenIStoreDataLayerValues() (0.0s)
                And I enter all required details in the Personal details page and clicks on Next button:
                --- table step argument ---
                | Title | FirstName | MiddleName | LastName | DateOfBirth | Email | MobileNumber | CountriesCitizenship
                | PreferredIdType |
                | Miss | Automation | RANDOM | FYICOBSiteCat | 16 March 1978 | cob2017@asb.co.nz | 021-RANDOM | New
                Zealand | Other |
                -&gt; done: PersonalDetailsSteps.WhenIEnterAllRequiredDetailsForPersonalDetailsPage(&lt;table&gt;)
                (17.1s)
                And I store data layer values
                -&gt; done: CommonSteps.WhenIStoreDataLayerValues() (0.0s)
                And I enter mandatory Tax Information for NZ citizen and clicks on Next button
                -&gt; done: AdditionalPersonalDetailsSteps.GivenIEnterMandatoryTaxInformationForNZCitizen() (0.5s)
                And I store data layer values
                -&gt; done: CommonSteps.WhenIStoreDataLayerValues() (0.0s)
                And I enter 'Kiwi77nz' password and 'MyCode01' verbal password in the ASB Login page and clicks on Next
                button
                -&gt; done:
                ASBLoginPageSteps.WhenIEnterPasswordAndVerbalPasswordInTheASBLoginPageAndClicksOnNextButton("Kiwi77nz",
                "MyCode01") (1.0s)
                And I store data layer values
                -&gt; done: CommonSteps.WhenIStoreDataLayerValues() (0.0s)
                And I confirm details on the Summary page
                UniqueId:
                Title: Miss
                FirstName: Automation
                MiddleName: COB-IpymQ
                LastName: FYICOBSiteCat
                Email: cob2017@asb.co.nz
                Gender:
                DateOfBirth: 3/16/1978 12:00:00 AM
                DateCreated:
                LastReviewDate:
                Cals:
                IsIndividual:
                NzCitizen: True
                NzResidence:
                HighValueCustomer:
                StaffMember:
                AmlVerified:
                VipCustomer:
                Addresses: System.Collections.Generic.List`1[ASB.Selenium.DataModel.Customer.Address]
                AddressInformation: ASB.Selenium.DataModel.Customer.AddressInformation
                CompanyName:
                CompanyType:
                CompanySubType:
                CustomerTypeCode:
                IrdNumber:
                TaxClass:
                TaxClassDate:
                IsNzTaxResident: True
                NonResidentCountryCode:
                IsForeignTaxResident: False
                ForeignTaxResidencyStatus:
                IsProfileEnhanced:
                Phones: System.Collections.Generic.List`1[ASB.Selenium.DataModel.Customer.Phone]
                NextOfKin:
                EmploymentDetails:
                LinkedCustomers:
                AccountRelationships:
                IdType:
                Fatca: ASB.Selenium.DataModel.Customer.Fatca
                CitizenshipCountryCodes:
                CitizenshipCountryNames: System.Collections.Generic.List`1[System.String]
                ForeignTaxResidenceTypes:
                System.Collections.Generic.List`1[ASB.Selenium.DataModel.Customer.ForeignTaxResidenceTypes]
                OnboardingDetail: ASB.Selenium.DataModel.Customer.OnboardingDetail
                AddressVerificationStatus:
                IdVerificationStatus:
                PreferredIdType: Other
                IsProfileComplete:
                DaysRemaining: 0
                OnboardingStatus:
                NewAccounts: System.Collections.Generic.List`1[ASB.Selenium.DataModel.Customer.Accounts]
                FailedAccounts: System.Collections.Generic.List`1[ASB.Selenium.DataModel.Customer.Accounts]
                OnboardingSource: Tertiary
                CustomerCreated:
                LoginCreated:
                RegisteredForNetcode:
                AccountsCreated:
                CustomerAccessToken:
                VerificationPassword: MyCode01
                LoginDetail: ASB.Selenium.DataModel.Customer.Login
                CustomerType:
                Cif:
                Username: afyi09169
                UsernameApi:
                Password: Kiwi77nz
                PublicKey:
                AcceptedTermsAndConditions:
                BackgroundCheckConsent:
                PreferredIdType:
                -&gt; done: SummaryPageSteps.WhenIConfirmDetailsOnTheSummaryPage() (2.8s)
                Then the Logging you in progress page is displayed
                -&gt; done: ConfirmationPageSteps.ThenTheLoggingYouInProgressPageIsDisplayed() (16.5s)
                And data layer values are correct
                -&gt; done: CommonSteps.ThenDataLayerValuesAreCorrect() (0.0s)
            </system-out>
        </testcase>
    </testsuite>
    <testsuite tests="2" time="93.774384" errors="0" failures="0" skipped="0" timestamp="2017-12-05 15:59:04Z"
               name="Join.Form.Customer.Selenium.dll.Join.Form.Customer.Selenium.Features._12_DataLayerFeature.DATALAYER_14_TertiaryNon_NZCitizen.">
        <testcase
                name="DATALAYER_14_TertiaryNon_NZCitizen(&quot;Tertiary Cheque only&quot;,&quot;Tertiary Cheque&quot;,System.String[])"
                assertions="168" time="42.312157" status="Passed"
                classname="Join.Form.Customer.Selenium.Features._12_DataLayerFeature">

            <system-out>Given I start my Tertiary application
                Navigating to URL: https://webappisamdev.asbbank.co.nz/public/join/tertiary/?grcDisabled=true
                -&gt; done: CommonSteps.GivenIStartMyTertiaryApplication() (0.6s)
                And I am in the Introduction page
                12/6/2017 4:59:06 AMWaitForFeaturesPageLoad: Executing WaitForFrameAndSwitch
                12/6/2017 4:59:07 AMWaitForFeaturesPageLoad: Done executing WaitForFrameAndSwitch
                -&gt; done: IntroductionPageSteps.GivenIAmInTheIntroductionPage() (2.4s)
                When I store data layer values
                -&gt; done: CommonSteps.WhenIStoreDataLayerValues() (0.0s)
                And I select 'Yes' in the NZQA question
                -&gt; done: IntroductionPageSteps.WhenISelectInTheNzqaQuestion("Yes") (0.2s)
                And I select 'Yes' in the Over 17 question
                -&gt; done: IntroductionPageSteps.WhenISelectInTheOver17Question("Yes") (0.1s)
                And I select 'No' in the NZ Citizen question
                -&gt; done: IntroductionPageSteps.WhenISelectInTheNzCitizenQuestion("No") (0.1s)
                And I click on 'Get started' button
                -&gt; done: CommonSteps.WhenIClickOnButton("Get started") (0.1s)
                And I change my selected products to 'Tertiary Cheque'
                Unable to find product 'FastSaver' in page or product 'FastSaver' is not selected
                Unable to find product 'Savings On Call' in page or product 'Savings On Call' is not selected
                Unable to find product 'ASB Visa Debit Tertiary' in page or product 'ASB Visa Debit Tertiary' is not
                selected
                Unable to find product 'ASB Visa Light Tertiary' in page or product 'ASB Visa Light Tertiary' is not
                selected
                Unable to find product 'Tertiary Overdraft' in page or product 'Tertiary Overdraft' is not selected
                Unable to find product 'Savings On Call' in page or product 'Savings On Call' is not selected
                Unable to find product 'FastSaver' in page or product 'FastSaver' is not selected
                -&gt; done: ProductsPageSteps.WhenIChangeMySelectedProductsTo("Tertiary Cheque") (7.3s)
                And I store data layer values
                -&gt; done: CommonSteps.WhenIStoreDataLayerValues() (0.0s)
                And I click on 'Next' button
                -&gt; done: CommonSteps.WhenIClickOnButton("Next") (0.2s)
                And I store data layer values
                -&gt; done: CommonSteps.WhenIStoreDataLayerValues() (0.0s)
                And I enter all required details in the Personal details page and clicks on Next button:
                --- table step argument ---
                | Title | FirstName | MiddleName | LastName | DateOfBirth | Email | MobileNumber | CountriesCitizenship
                | PreferredIdType |
                | Miss | Automation | | RANDOM | 16 March 1978 | cob2017@asb.co.nz | 021-RANDOM | New Zealand | Other |
                -&gt; done: PersonalDetailsSteps.WhenIEnterAllRequiredDetailsForPersonalDetailsPage(&lt;table&gt;)
                (11.1s)
                And I store data layer values
                -&gt; done: CommonSteps.WhenIStoreDataLayerValues() (0.0s)
                And I enter mandatory Tax Information for NZ citizen and clicks on Next button
                -&gt; done: AdditionalPersonalDetailsSteps.GivenIEnterMandatoryTaxInformationForNZCitizen() (0.5s)
                And I store data layer values
                -&gt; done: CommonSteps.WhenIStoreDataLayerValues() (0.0s)
                And I enter 'Kiwi77nz' password and 'MyCode01' verbal password in the ASB Login page and clicks on Next
                button
                -&gt; done:
                ASBLoginPageSteps.WhenIEnterPasswordAndVerbalPasswordInTheASBLoginPageAndClicksOnNextButton("Kiwi77nz",
                "MyCode01") (1.0s)
                And I store data layer values
                -&gt; done: CommonSteps.WhenIStoreDataLayerValues() (0.0s)
                And I confirm details on the Summary page
                UniqueId:
                Title: Miss
                FirstName: Automation
                MiddleName:
                LastName: COB-bgPyv
                Email: cob2017@asb.co.nz
                Gender:
                DateOfBirth: 3/16/1978 12:00:00 AM
                DateCreated:
                LastReviewDate:
                Cals:
                IsIndividual:
                NzCitizen: False
                NzResidence:
                HighValueCustomer:
                StaffMember:
                AmlVerified:
                VipCustomer:
                Addresses: System.Collections.Generic.List`1[ASB.Selenium.DataModel.Customer.Address]
                AddressInformation: ASB.Selenium.DataModel.Customer.AddressInformation
                CompanyName:
                CompanyType:
                CompanySubType:
                CustomerTypeCode:
                IrdNumber:
                TaxClass:
                TaxClassDate:
                IsNzTaxResident: True
                NonResidentCountryCode:
                IsForeignTaxResident: False
                ForeignTaxResidencyStatus:
                IsProfileEnhanced:
                Phones: System.Collections.Generic.List`1[ASB.Selenium.DataModel.Customer.Phone]
                NextOfKin:
                EmploymentDetails:
                LinkedCustomers:
                AccountRelationships:
                IdType:
                Fatca: ASB.Selenium.DataModel.Customer.Fatca
                CitizenshipCountryCodes:
                CitizenshipCountryNames: System.Collections.Generic.List`1[System.String]
                ForeignTaxResidenceTypes:
                System.Collections.Generic.List`1[ASB.Selenium.DataModel.Customer.ForeignTaxResidenceTypes]
                OnboardingDetail: ASB.Selenium.DataModel.Customer.OnboardingDetail
                AddressVerificationStatus:
                IdVerificationStatus:
                PreferredIdType: Other
                IsProfileComplete:
                DaysRemaining: 0
                OnboardingStatus:
                NewAccounts: System.Collections.Generic.List`1[ASB.Selenium.DataModel.Customer.Accounts]
                FailedAccounts: System.Collections.Generic.List`1[ASB.Selenium.DataModel.Customer.Accounts]
                OnboardingSource: Tertiary
                CustomerCreated:
                LoginCreated:
                RegisteredForNetcode:
                AccountsCreated:
                CustomerAccessToken:
                VerificationPassword: MyCode01
                LoginDetail: ASB.Selenium.DataModel.Customer.Login
                CustomerType:
                Cif:
                Username: acob04922
                UsernameApi:
                Password: Kiwi77nz
                PublicKey:
                AcceptedTermsAndConditions:
                BackgroundCheckConsent:
                PreferredIdType:
                -&gt; done: SummaryPageSteps.WhenIConfirmDetailsOnTheSummaryPage() (2.8s)
                Then the Logging you in progress page is displayed
                -&gt; done: ConfirmationPageSteps.ThenTheLoggingYouInProgressPageIsDisplayed() (12.5s)
                And data layer values are correct
                -&gt; done: CommonSteps.ThenDataLayerValuesAreCorrect() (0.0s)
            </system-out>
        </testcase>
        <testcase
                name="DATALAYER_14_TertiaryNon_NZCitizen(&quot;All Tertiary Products&quot;,&quot;Tertiary Cheque, ASB Visa Debit Tertiary, Savings On Call,FastSaver&quot;,System.String[])"
                assertions="168" time="51.416850" status="Passed"
                classname="Join.Form.Customer.Selenium.Features._12_DataLayerFeature">

            <system-out>Given I start my Tertiary application
                Navigating to URL: https://webappisamdev.asbbank.co.nz/public/join/tertiary/?grcDisabled=true
                -&gt; done: CommonSteps.GivenIStartMyTertiaryApplication() (0.6s)
                And I am in the Introduction page
                12/6/2017 4:59:48 AMWaitForFeaturesPageLoad: Executing WaitForFrameAndSwitch
                12/6/2017 4:59:49 AMWaitForFeaturesPageLoad: Done executing WaitForFrameAndSwitch
                -&gt; done: IntroductionPageSteps.GivenIAmInTheIntroductionPage() (2.4s)
                When I store data layer values
                -&gt; done: CommonSteps.WhenIStoreDataLayerValues() (0.0s)
                And I select 'Yes' in the NZQA question
                -&gt; done: IntroductionPageSteps.WhenISelectInTheNzqaQuestion("Yes") (0.2s)
                And I select 'Yes' in the Over 17 question
                -&gt; done: IntroductionPageSteps.WhenISelectInTheOver17Question("Yes") (0.1s)
                And I select 'No' in the NZ Citizen question
                -&gt; done: IntroductionPageSteps.WhenISelectInTheNzCitizenQuestion("No") (0.1s)
                And I click on 'Get started' button
                -&gt; done: CommonSteps.WhenIClickOnButton("Get started") (0.1s)
                And I change my selected products to 'Tertiary Cheque, ASB Visa Debit Tertiary, Savings On
                Call,FastSaver'
                Unable to find product 'Savings On Call' in page or product 'Savings On Call' is not selected
                Unable to find product 'FastSaver' in page or product 'FastSaver' is not selected
                Unable to find product 'ASB Visa Light Tertiary' in page or product 'ASB Visa Light Tertiary' is not
                selected
                Unable to find product 'Tertiary Overdraft' in page or product 'Tertiary Overdraft' is not selected
                -&gt; done: ProductsPageSteps.WhenIChangeMySelectedProductsTo("Tertiary Cheque, ...") (10.6s)
                And I store data layer values
                -&gt; done: CommonSteps.WhenIStoreDataLayerValues() (0.0s)
                And I click on 'Next' button
                -&gt; done: CommonSteps.WhenIClickOnButton("Next") (0.2s)
                And I store data layer values
                -&gt; done: CommonSteps.WhenIStoreDataLayerValues() (0.0s)
                And I enter all required details in the Personal details page and clicks on Next button:
                --- table step argument ---
                | Title | FirstName | MiddleName | LastName | DateOfBirth | Email | MobileNumber | CountriesCitizenship
                | PreferredIdType |
                | Miss | Automation | | RANDOM | 16 March 1978 | cob2017@asb.co.nz | 021-RANDOM | New Zealand | Other |
                -&gt; done: PersonalDetailsSteps.WhenIEnterAllRequiredDetailsForPersonalDetailsPage(&lt;table&gt;)
                (11.6s)
                And I store data layer values
                -&gt; done: CommonSteps.WhenIStoreDataLayerValues() (0.0s)
                And I enter mandatory Tax Information for NZ citizen and clicks on Next button
                -&gt; done: AdditionalPersonalDetailsSteps.GivenIEnterMandatoryTaxInformationForNZCitizen() (0.5s)
                And I store data layer values
                -&gt; done: CommonSteps.WhenIStoreDataLayerValues() (0.0s)
                And I enter 'Kiwi77nz' password and 'MyCode01' verbal password in the ASB Login page and clicks on Next
                button
                -&gt; done:
                ASBLoginPageSteps.WhenIEnterPasswordAndVerbalPasswordInTheASBLoginPageAndClicksOnNextButton("Kiwi77nz",
                "MyCode01") (1.1s)
                And I store data layer values
                -&gt; done: CommonSteps.WhenIStoreDataLayerValues() (0.0s)
                And I confirm details on the Summary page
                UniqueId:
                Title: Miss
                FirstName: Automation
                MiddleName:
                LastName: COB-hIVws
                Email: cob2017@asb.co.nz
                Gender:
                DateOfBirth: 3/16/1978 12:00:00 AM
                DateCreated:
                LastReviewDate:
                Cals:
                IsIndividual:
                NzCitizen: False
                NzResidence:
                HighValueCustomer:
                StaffMember:
                AmlVerified:
                VipCustomer:
                Addresses: System.Collections.Generic.List`1[ASB.Selenium.DataModel.Customer.Address]
                AddressInformation: ASB.Selenium.DataModel.Customer.AddressInformation
                CompanyName:
                CompanyType:
                CompanySubType:
                CustomerTypeCode:
                IrdNumber:
                TaxClass:
                TaxClassDate:
                IsNzTaxResident: True
                NonResidentCountryCode:
                IsForeignTaxResident: False
                ForeignTaxResidencyStatus:
                IsProfileEnhanced:
                Phones: System.Collections.Generic.List`1[ASB.Selenium.DataModel.Customer.Phone]
                NextOfKin:
                EmploymentDetails:
                LinkedCustomers:
                AccountRelationships:
                IdType:
                Fatca: ASB.Selenium.DataModel.Customer.Fatca
                CitizenshipCountryCodes:
                CitizenshipCountryNames: System.Collections.Generic.List`1[System.String]
                ForeignTaxResidenceTypes:
                System.Collections.Generic.List`1[ASB.Selenium.DataModel.Customer.ForeignTaxResidenceTypes]
                OnboardingDetail: ASB.Selenium.DataModel.Customer.OnboardingDetail
                AddressVerificationStatus:
                IdVerificationStatus:
                PreferredIdType: Other
                IsProfileComplete:
                DaysRemaining: 0
                OnboardingStatus:
                NewAccounts: System.Collections.Generic.List`1[ASB.Selenium.DataModel.Customer.Accounts]
                FailedAccounts: System.Collections.Generic.List`1[ASB.Selenium.DataModel.Customer.Accounts]
                OnboardingSource: Tertiary
                CustomerCreated:
                LoginCreated:
                RegisteredForNetcode:
                AccountsCreated:
                CustomerAccessToken:
                VerificationPassword: MyCode01
                LoginDetail: ASB.Selenium.DataModel.Customer.Login
                CustomerType:
                Cif:
                Username: acob77026
                UsernameApi:
                Password: Kiwi77nz
                PublicKey:
                AcceptedTermsAndConditions:
                BackgroundCheckConsent:
                PreferredIdType:
                -&gt; done: SummaryPageSteps.WhenIConfirmDetailsOnTheSummaryPage() (2.9s)
                Then the Logging you in progress page is displayed
                -&gt; done: ConfirmationPageSteps.ThenTheLoggingYouInProgressPageIsDisplayed() (20.1s)
                And data layer values are correct
                -&gt; done: CommonSteps.ThenDataLayerValuesAreCorrect() (0.0s)
            </system-out>
        </testcase>
    </testsuite>
    <testsuite tests="2" time="129.177058" errors="0" failures="0" skipped="0" timestamp="2017-12-05 16:00:38Z"
               name="Join.Form.Customer.Selenium.dll.Join.Form.Customer.Selenium.Features._12_DataLayerFeature.DATALAYER_15_JobStarterNZCitizen.">
        <testcase
                name="DATALAYER_15_JobStarterNZCitizen(&quot;Default Job Starter Products&quot;,&quot;Job starter, ASB Visa Debit Job Starter&quot;,System.String[])"
                assertions="168" time="56.873432" status="Passed"
                classname="Join.Form.Customer.Selenium.Features._12_DataLayerFeature">

            <system-out>Given I start my Job Starter application
                Navigating to URL: https://webappisamdev.asbbank.co.nz/public/join/jobstarter/?grcDisabled=true
                -&gt; done: CommonSteps.GivenIStartMyJobStarterApplication() (0.6s)
                And I am in the Introduction page
                12/6/2017 5:00:40 AMWaitForFeaturesPageLoad: Executing WaitForFrameAndSwitch
                12/6/2017 5:00:41 AMWaitForFeaturesPageLoad: Done executing WaitForFrameAndSwitch
                -&gt; done: IntroductionPageSteps.GivenIAmInTheIntroductionPage() (2.6s)
                When I store data layer values
                -&gt; done: CommonSteps.WhenIStoreDataLayerValues() (0.0s)
                And I change my selected products to 'Job starter, ASB Visa Debit Job Starter'
                12/6/2017 5:00:52 AMWaitForFeaturesPageLoad: Executing WaitForFrameAndSwitch
                12/6/2017 5:00:52 AMWaitForFeaturesPageLoad: Done executing WaitForFrameAndSwitch
                Unable to find product 'FastSaver' in page or product 'FastSaver' is not selected
                Unable to find product 'Savings On Call' in page or product 'Savings On Call' is not selected
                Unable to find product 'Job Starter Overdraft' in page or product 'Job Starter Overdraft' is not
                selected
                Unable to find product 'ASB Visa Rewards Job Starter' in page or product 'ASB Visa Rewards Job Starter'
                is not selected
                Unable to find product 'ASB Visa Light Job Starter' in page or product 'ASB Visa Light Job Starter' is
                not selected
                Unable to find product 'Job Starter Overdraft' in page or product 'Job Starter Overdraft' is not
                selected
                Unable to find product 'ASB Visa Light Job Starter' in page or product 'ASB Visa Light Job Starter' is
                not selected
                Unable to find product 'ASB Visa Rewards Job Starter' in page or product 'ASB Visa Rewards Job Starter'
                is not selected
                Unable to find product 'Savings On Call' in page or product 'Savings On Call' is not selected
                Unable to find product 'FastSaver' in page or product 'FastSaver' is not selected
                -&gt; done: ProductsPageSteps.WhenIChangeMySelectedProductsTo("Job starter, ASB ...") (21.1s)
                And I store data layer values
                -&gt; done: CommonSteps.WhenIStoreDataLayerValues() (0.0s)
                And I click on 'Next' button
                -&gt; done: CommonSteps.WhenIClickOnButton("Next") (0.2s)
                And I store data layer values
                -&gt; done: CommonSteps.WhenIStoreDataLayerValues() (0.0s)
                And I enter all required details in the Personal details page and clicks on Next button:
                --- table step argument ---
                | Title | FirstName | MiddleName | LastName | DateOfBirth | Email | MobileNumber | CountriesCitizenship
                | PreferredIdType |
                | Miss | Automation | | RANDOM | 18-20 | cob2017@asb.co.nz | 021-1234567890 | New Zealand | Other |
                -&gt; done: PersonalDetailsSteps.WhenIEnterAllRequiredDetailsForPersonalDetailsPage(&lt;table&gt;)
                (9.6s)
                And I store data layer values
                -&gt; done: CommonSteps.WhenIStoreDataLayerValues() (0.0s)
                And I enter mandatory Tax Information for NZ citizen and clicks on Next button
                -&gt; done: AdditionalPersonalDetailsSteps.GivenIEnterMandatoryTaxInformationForNZCitizen() (0.6s)
                And I store data layer values
                -&gt; done: CommonSteps.WhenIStoreDataLayerValues() (0.0s)
                And I enter 'Kiwi77nz' password and 'MyCode01' verbal password in the ASB Login page and clicks on Next
                button
                -&gt; done:
                ASBLoginPageSteps.WhenIEnterPasswordAndVerbalPasswordInTheASBLoginPageAndClicksOnNextButton("Kiwi77nz",
                "MyCode01") (1.1s)
                And I store data layer values
                -&gt; done: CommonSteps.WhenIStoreDataLayerValues() (0.0s)
                And I confirm details on the Summary page
                UniqueId:
                Title: Miss
                FirstName: Automation
                MiddleName:
                LastName: COB-UJktb
                Email: cob2017@asb.co.nz
                Gender:
                DateOfBirth: 12/6/1999 12:00:00 AM
                DateCreated:
                LastReviewDate:
                Cals:
                IsIndividual:
                NzCitizen: True
                NzResidence:
                HighValueCustomer:
                StaffMember:
                AmlVerified:
                VipCustomer:
                Addresses: System.Collections.Generic.List`1[ASB.Selenium.DataModel.Customer.Address]
                AddressInformation: ASB.Selenium.DataModel.Customer.AddressInformation
                CompanyName:
                CompanyType:
                CompanySubType:
                CustomerTypeCode:
                IrdNumber:
                TaxClass:
                TaxClassDate:
                IsNzTaxResident: True
                NonResidentCountryCode:
                IsForeignTaxResident: False
                ForeignTaxResidencyStatus:
                IsProfileEnhanced:
                Phones: System.Collections.Generic.List`1[ASB.Selenium.DataModel.Customer.Phone]
                NextOfKin:
                EmploymentDetails:
                LinkedCustomers:
                AccountRelationships:
                IdType:
                Fatca: ASB.Selenium.DataModel.Customer.Fatca
                CitizenshipCountryCodes:
                CitizenshipCountryNames: System.Collections.Generic.List`1[System.String]
                ForeignTaxResidenceTypes:
                System.Collections.Generic.List`1[ASB.Selenium.DataModel.Customer.ForeignTaxResidenceTypes]
                OnboardingDetail: ASB.Selenium.DataModel.Customer.OnboardingDetail
                AddressVerificationStatus:
                IdVerificationStatus:
                PreferredIdType: Other
                IsProfileComplete:
                DaysRemaining: 0
                OnboardingStatus:
                NewAccounts: System.Collections.Generic.List`1[ASB.Selenium.DataModel.Customer.Accounts]
                FailedAccounts: System.Collections.Generic.List`1[ASB.Selenium.DataModel.Customer.Accounts]
                OnboardingSource: JobStarter
                CustomerCreated:
                LoginCreated:
                RegisteredForNetcode:
                AccountsCreated:
                CustomerAccessToken:
                VerificationPassword: MyCode01
                LoginDetail: ASB.Selenium.DataModel.Customer.Login
                CustomerType:
                Cif:
                Username: acob96086
                UsernameApi:
                Password: Kiwi77nz
                PublicKey:
                AcceptedTermsAndConditions:
                BackgroundCheckConsent:
                PreferredIdType:
                -&gt; done: SummaryPageSteps.WhenIConfirmDetailsOnTheSummaryPage() (2.9s)
                Then the Logging you in progress page is displayed
                -&gt; done: ConfirmationPageSteps.ThenTheLoggingYouInProgressPageIsDisplayed() (15.0s)
                And data layer values are correct
                -&gt; done: CommonSteps.ThenDataLayerValuesAreCorrect() (0.0s)
            </system-out>
        </testcase>
        <testcase
                name="DATALAYER_15_JobStarterNZCitizen(&quot;All Job Starter Products&quot;,&quot;Job starter, ASB Visa Debit Job Starter, Job Starter Overdraft, ASB Visa Rewards Job Starter, ASB Visa Light Job Starter, Savings On Call, FastSaver&quot;,System.String[])"
                assertions="168" time="72.257001" status="Passed"
                classname="Join.Form.Customer.Selenium.Features._12_DataLayerFeature">

            <system-out>Given I start my Job Starter application
                Navigating to URL: https://webappisamdev.asbbank.co.nz/public/join/jobstarter/?grcDisabled=true
                -&gt; done: CommonSteps.GivenIStartMyJobStarterApplication() (0.5s)
                And I am in the Introduction page
                12/6/2017 5:01:37 AMWaitForFeaturesPageLoad: Executing WaitForFrameAndSwitch
                12/6/2017 5:01:38 AMWaitForFeaturesPageLoad: Done executing WaitForFrameAndSwitch
                -&gt; done: IntroductionPageSteps.GivenIAmInTheIntroductionPage() (2.4s)
                When I store data layer values
                -&gt; done: CommonSteps.WhenIStoreDataLayerValues() (0.0s)
                And I change my selected products to 'Job starter, ASB Visa Debit Job Starter, Job Starter Overdraft,
                ASB Visa Rewards Job Starter, ASB Visa Light Job Starter, Savings On Call, FastSaver'
                12/6/2017 5:01:49 AMWaitForFeaturesPageLoad: Executing WaitForFrameAndSwitch
                12/6/2017 5:01:49 AMWaitForFeaturesPageLoad: Done executing WaitForFrameAndSwitch
                Unable to find product 'Job Starter Overdraft' in page or product 'Job Starter Overdraft' is not
                selected
                Unable to find product 'ASB Visa Rewards Job Starter' in page or product 'ASB Visa Rewards Job Starter'
                is not selected
                Unable to find product 'ASB Visa Light Job Starter' in page or product 'ASB Visa Light Job Starter' is
                not selected
                Unable to find product 'Savings On Call' in page or product 'Savings On Call' is not selected
                Unable to find product 'FastSaver' in page or product 'FastSaver' is not selected
                -&gt; done: ProductsPageSteps.WhenIChangeMySelectedProductsTo("Job starter, ASB ...") (31.6s)
                And I store data layer values
                -&gt; done: CommonSteps.WhenIStoreDataLayerValues() (0.0s)
                And I click on 'Next' button
                -&gt; done: CommonSteps.WhenIClickOnButton("Next") (0.2s)
                And I store data layer values
                -&gt; done: CommonSteps.WhenIStoreDataLayerValues() (0.0s)
                And I enter all required details in the Personal details page and clicks on Next button:
                --- table step argument ---
                | Title | FirstName | MiddleName | LastName | DateOfBirth | Email | MobileNumber | CountriesCitizenship
                | PreferredIdType |
                | Miss | Automation | | RANDOM | 18-20 | cob2017@asb.co.nz | 021-1234567890 | New Zealand | Other |
                -&gt; done: PersonalDetailsSteps.WhenIEnterAllRequiredDetailsForPersonalDetailsPage(&lt;table&gt;)
                (10.1s)
                And I store data layer values
                -&gt; done: CommonSteps.WhenIStoreDataLayerValues() (0.0s)
                And I enter mandatory Tax Information for NZ citizen and clicks on Next button
                -&gt; done: AdditionalPersonalDetailsSteps.GivenIEnterMandatoryTaxInformationForNZCitizen() (1.5s)
                And I store data layer values
                -&gt; done: CommonSteps.WhenIStoreDataLayerValues() (0.1s)
                And I enter 'Kiwi77nz' password and 'MyCode01' verbal password in the ASB Login page and clicks on Next
                button
                -&gt; done:
                ASBLoginPageSteps.WhenIEnterPasswordAndVerbalPasswordInTheASBLoginPageAndClicksOnNextButton("Kiwi77nz",
                "MyCode01") (1.1s)
                And I store data layer values
                -&gt; done: CommonSteps.WhenIStoreDataLayerValues() (0.0s)
                And I confirm details on the Summary page
                UniqueId:
                Title: Miss
                FirstName: Automation
                MiddleName:
                LastName: COB-PJnyf
                Email: cob2017@asb.co.nz
                Gender:
                DateOfBirth: 12/6/1999 12:00:00 AM
                DateCreated:
                LastReviewDate:
                Cals:
                IsIndividual:
                NzCitizen: True
                NzResidence:
                HighValueCustomer:
                StaffMember:
                AmlVerified:
                VipCustomer:
                Addresses: System.Collections.Generic.List`1[ASB.Selenium.DataModel.Customer.Address]
                AddressInformation: ASB.Selenium.DataModel.Customer.AddressInformation
                CompanyName:
                CompanyType:
                CompanySubType:
                CustomerTypeCode:
                IrdNumber:
                TaxClass:
                TaxClassDate:
                IsNzTaxResident: True
                NonResidentCountryCode:
                IsForeignTaxResident: False
                ForeignTaxResidencyStatus:
                IsProfileEnhanced:
                Phones: System.Collections.Generic.List`1[ASB.Selenium.DataModel.Customer.Phone]
                NextOfKin:
                EmploymentDetails:
                LinkedCustomers:
                AccountRelationships:
                IdType:
                Fatca: ASB.Selenium.DataModel.Customer.Fatca
                CitizenshipCountryCodes:
                CitizenshipCountryNames: System.Collections.Generic.List`1[System.String]
                ForeignTaxResidenceTypes:
                System.Collections.Generic.List`1[ASB.Selenium.DataModel.Customer.ForeignTaxResidenceTypes]
                OnboardingDetail: ASB.Selenium.DataModel.Customer.OnboardingDetail
                AddressVerificationStatus:
                IdVerificationStatus:
                PreferredIdType: Other
                IsProfileComplete:
                DaysRemaining: 0
                OnboardingStatus:
                NewAccounts: System.Collections.Generic.List`1[ASB.Selenium.DataModel.Customer.Accounts]
                FailedAccounts: System.Collections.Generic.List`1[ASB.Selenium.DataModel.Customer.Accounts]
                OnboardingSource: JobStarter
                CustomerCreated:
                LoginCreated:
                RegisteredForNetcode:
                AccountsCreated:
                CustomerAccessToken:
                VerificationPassword: MyCode01
                LoginDetail: ASB.Selenium.DataModel.Customer.Login
                CustomerType:
                Cif:
                Username: acob35139
                UsernameApi:
                Password: Kiwi77nz
                PublicKey:
                AcceptedTermsAndConditions:
                BackgroundCheckConsent:
                PreferredIdType:
                -&gt; done: SummaryPageSteps.WhenIConfirmDetailsOnTheSummaryPage() (3.0s)
                Then the Logging you in progress page is displayed
                -&gt; done: ConfirmationPageSteps.ThenTheLoggingYouInProgressPageIsDisplayed() (18.4s)
                And data layer values are correct
                -&gt; done: CommonSteps.ThenDataLayerValuesAreCorrect() (0.0s)
            </system-out>
        </testcase>
    </testsuite>
    <testsuite tests="2" time="105.164946" errors="0" failures="0" skipped="0" timestamp="2017-12-05 16:02:47Z"
               name="Join.Form.Customer.Selenium.dll.Join.Form.Customer.Selenium.Features._12_DataLayerFeature.DATALAYER_16_JobStarterNon_NZCitizen.">
        <testcase
                name="DATALAYER_16_JobStarterNon_NZCitizen(&quot;Job starter only&quot;,&quot;Job starter&quot;,System.String[])"
                assertions="168" time="48.315540" status="Passed"
                classname="Join.Form.Customer.Selenium.Features._12_DataLayerFeature">

            <system-out>Given I start my Job Starter application
                Navigating to URL: https://webappisamdev.asbbank.co.nz/public/join/jobstarter/?grcDisabled=true
                -&gt; done: CommonSteps.GivenIStartMyJobStarterApplication() (0.9s)
                And I am in the Introduction page
                12/6/2017 5:02:50 AMWaitForFeaturesPageLoad: Executing WaitForFrameAndSwitch
                12/6/2017 5:02:51 AMWaitForFeaturesPageLoad: Done executing WaitForFrameAndSwitch
                -&gt; done: IntroductionPageSteps.GivenIAmInTheIntroductionPage() (3.5s)
                When I store data layer values
                -&gt; done: CommonSteps.WhenIStoreDataLayerValues() (0.0s)
                And I select 'Yes' in the 18-20 question
                -&gt; done: IntroductionPageSteps.WhenISelectInThe1820Question("Yes") (0.2s)
                And I select 'Yes' in the Living in NZ question
                -&gt; done: IntroductionPageSteps.WhenISelectInTheLivingInNZQuestion("Yes") (0.3s)
                And I select 'No' in the NZ Citizen question
                -&gt; done: IntroductionPageSteps.WhenISelectInTheNzCitizenQuestion("No") (0.3s)
                And I click on 'Get started' button
                -&gt; done: CommonSteps.WhenIClickOnButton("Get started") (0.2s)
                And I change my selected products to 'Job starter'
                Unable to find product 'FastSaver' in page or product 'FastSaver' is not selected
                Unable to find product 'Savings On Call' in page or product 'Savings On Call' is not selected
                Unable to find product 'ASB Visa Debit Job Starter' in page or product 'ASB Visa Debit Job Starter' is
                not selected
                Unable to find product 'Job Starter Overdraft' in page or product 'Job Starter Overdraft' is not
                selected
                Unable to find product 'ASB Visa Light Job Starter' in page or product 'ASB Visa Light Job Starter' is
                not selected
                Unable to find product 'ASB Visa Rewards Job Starter' in page or product 'ASB Visa Rewards Job Starter'
                is not selected
                Unable to find product 'Savings On Call' in page or product 'Savings On Call' is not selected
                Unable to find product 'FastSaver' in page or product 'FastSaver' is not selected
                -&gt; done: ProductsPageSteps.WhenIChangeMySelectedProductsTo("Job starter") (8.6s)
                And I store data layer values
                -&gt; done: CommonSteps.WhenIStoreDataLayerValues() (0.0s)
                And I click on 'Next' button
                -&gt; done: CommonSteps.WhenIClickOnButton("Next") (0.2s)
                And I store data layer values
                -&gt; done: CommonSteps.WhenIStoreDataLayerValues() (0.0s)
                And I enter all required details in the Personal details page and clicks on Next button:
                --- table step argument ---
                | Title | FirstName | MiddleName | LastName | DateOfBirth | Email | MobileNumber | CountriesCitizenship
                | PreferredIdType |
                | Miss | Automation | | RANDOM | 18-20 | cob2017@asb.co.nz | 021-1234567890 | New Zealand | Other |
                -&gt; done: PersonalDetailsSteps.WhenIEnterAllRequiredDetailsForPersonalDetailsPage(&lt;table&gt;)
                (11.6s)
                And I store data layer values
                -&gt; done: CommonSteps.WhenIStoreDataLayerValues() (0.0s)
                And I enter mandatory Tax Information for NZ citizen and clicks on Next button
                -&gt; done: AdditionalPersonalDetailsSteps.GivenIEnterMandatoryTaxInformationForNZCitizen() (0.6s)
                And I store data layer values
                -&gt; done: CommonSteps.WhenIStoreDataLayerValues() (0.0s)
                And I enter 'Kiwi77nz' password and 'MyCode01' verbal password in the ASB Login page and clicks on Next
                button
                -&gt; done:
                ASBLoginPageSteps.WhenIEnterPasswordAndVerbalPasswordInTheASBLoginPageAndClicksOnNextButton("Kiwi77nz",
                "MyCode01") (1.4s)
                And I store data layer values
                -&gt; done: CommonSteps.WhenIStoreDataLayerValues() (0.0s)
                And I confirm details on the Summary page
                UniqueId:
                Title: Miss
                FirstName: Automation
                MiddleName:
                LastName: COB-ckwkA
                Email: cob2017@asb.co.nz
                Gender:
                DateOfBirth: 12/6/1999 12:00:00 AM
                DateCreated:
                LastReviewDate:
                Cals:
                IsIndividual:
                NzCitizen: False
                NzResidence:
                HighValueCustomer:
                StaffMember:
                AmlVerified:
                VipCustomer:
                Addresses: System.Collections.Generic.List`1[ASB.Selenium.DataModel.Customer.Address]
                AddressInformation: ASB.Selenium.DataModel.Customer.AddressInformation
                CompanyName:
                CompanyType:
                CompanySubType:
                CustomerTypeCode:
                IrdNumber:
                TaxClass:
                TaxClassDate:
                IsNzTaxResident: True
                NonResidentCountryCode:
                IsForeignTaxResident: False
                ForeignTaxResidencyStatus:
                IsProfileEnhanced:
                Phones: System.Collections.Generic.List`1[ASB.Selenium.DataModel.Customer.Phone]
                NextOfKin:
                EmploymentDetails:
                LinkedCustomers:
                AccountRelationships:
                IdType:
                Fatca: ASB.Selenium.DataModel.Customer.Fatca
                CitizenshipCountryCodes:
                CitizenshipCountryNames: System.Collections.Generic.List`1[System.String]
                ForeignTaxResidenceTypes:
                System.Collections.Generic.List`1[ASB.Selenium.DataModel.Customer.ForeignTaxResidenceTypes]
                OnboardingDetail: ASB.Selenium.DataModel.Customer.OnboardingDetail
                AddressVerificationStatus:
                IdVerificationStatus:
                PreferredIdType: Other
                IsProfileComplete:
                DaysRemaining: 0
                OnboardingStatus:
                NewAccounts: System.Collections.Generic.List`1[ASB.Selenium.DataModel.Customer.Accounts]
                FailedAccounts: System.Collections.Generic.List`1[ASB.Selenium.DataModel.Customer.Accounts]
                OnboardingSource: JobStarter
                CustomerCreated:
                LoginCreated:
                RegisteredForNetcode:
                AccountsCreated:
                CustomerAccessToken:
                VerificationPassword: MyCode01
                LoginDetail: ASB.Selenium.DataModel.Customer.Login
                CustomerType:
                Cif:
                Username: acob45269
                UsernameApi:
                Password: Kiwi77nz
                PublicKey:
                AcceptedTermsAndConditions:
                BackgroundCheckConsent:
                PreferredIdType:
                -&gt; done: SummaryPageSteps.WhenIConfirmDetailsOnTheSummaryPage() (3.2s)
                Then the Logging you in progress page is displayed
                -&gt; done: ConfirmationPageSteps.ThenTheLoggingYouInProgressPageIsDisplayed() (12.9s)
                And data layer values are correct
                -&gt; done: CommonSteps.ThenDataLayerValuesAreCorrect() (0.0s)
            </system-out>
        </testcase>
        <testcase
                name="DATALAYER_16_JobStarterNon_NZCitizen(&quot;All Job Starter Products&quot;,&quot;Job starter, ASB Visa Debit Job Starter, ASB Visa Rewards Job Starter, ASB Visa Light Job Starter, Savings On Call, FastSaver&quot;,System.String[])"
                assertions="168" time="56.841385" status="Passed"
                classname="Join.Form.Customer.Selenium.Features._12_DataLayerFeature">

            <system-out>Given I start my Job Starter application
                Navigating to URL: https://webappisamdev.asbbank.co.nz/public/join/jobstarter/?grcDisabled=true
                -&gt; done: CommonSteps.GivenIStartMyJobStarterApplication() (1.1s)
                And I am in the Introduction page
                12/6/2017 5:03:38 AMWaitForFeaturesPageLoad: Executing WaitForFrameAndSwitch
                12/6/2017 5:03:39 AMWaitForFeaturesPageLoad: Done executing WaitForFrameAndSwitch
                -&gt; done: IntroductionPageSteps.GivenIAmInTheIntroductionPage() (2.7s)
                When I store data layer values
                -&gt; done: CommonSteps.WhenIStoreDataLayerValues() (0.0s)
                And I select 'Yes' in the 18-20 question
                -&gt; done: IntroductionPageSteps.WhenISelectInThe1820Question("Yes") (0.2s)
                And I select 'Yes' in the Living in NZ question
                -&gt; done: IntroductionPageSteps.WhenISelectInTheLivingInNZQuestion("Yes") (0.2s)
                And I select 'No' in the NZ Citizen question
                -&gt; done: IntroductionPageSteps.WhenISelectInTheNzCitizenQuestion("No") (0.4s)
                And I click on 'Get started' button
                -&gt; done: CommonSteps.WhenIClickOnButton("Get started") (0.1s)
                And I change my selected products to 'Job starter, ASB Visa Debit Job Starter, ASB Visa Rewards Job
                Starter, ASB Visa Light Job Starter, Savings On Call, FastSaver'
                Unable to find product 'ASB Visa Rewards Job Starter' in page or product 'ASB Visa Rewards Job Starter'
                is not selected
                Unable to find product 'ASB Visa Light Job Starter' in page or product 'ASB Visa Light Job Starter' is
                not selected
                Unable to find product 'Savings On Call' in page or product 'Savings On Call' is not selected
                Unable to find product 'FastSaver' in page or product 'FastSaver' is not selected
                Unable to find product 'Job Starter Overdraft' in page or product 'Job Starter Overdraft' is not
                selected
                -&gt; done: ProductsPageSteps.WhenIChangeMySelectedProductsTo("Job starter, ASB ...") (17.9s)
                And I store data layer values
                -&gt; done: CommonSteps.WhenIStoreDataLayerValues() (0.0s)
                And I click on 'Next' button
                -&gt; done: CommonSteps.WhenIClickOnButton("Next") (0.2s)
                And I store data layer values
                -&gt; done: CommonSteps.WhenIStoreDataLayerValues() (0.0s)
                And I enter all required details in the Personal details page and clicks on Next button:
                --- table step argument ---
                | Title | FirstName | MiddleName | LastName | DateOfBirth | Email | MobileNumber | CountriesCitizenship
                | PreferredIdType |
                | Miss | Automation | | RANDOM | 18-20 | cob2017@asb.co.nz | 021-1234567890 | New Zealand | Other |
                -&gt; done: PersonalDetailsSteps.WhenIEnterAllRequiredDetailsForPersonalDetailsPage(&lt;table&gt;)
                (10.6s)
                And I store data layer values
                -&gt; done: CommonSteps.WhenIStoreDataLayerValues() (0.0s)
                And I enter mandatory Tax Information for NZ citizen and clicks on Next button
                -&gt; done: AdditionalPersonalDetailsSteps.GivenIEnterMandatoryTaxInformationForNZCitizen() (0.7s)
                And I store data layer values
                -&gt; done: CommonSteps.WhenIStoreDataLayerValues() (0.0s)
                And I enter 'Kiwi77nz' password and 'MyCode01' verbal password in the ASB Login page and clicks on Next
                button
                -&gt; done:
                ASBLoginPageSteps.WhenIEnterPasswordAndVerbalPasswordInTheASBLoginPageAndClicksOnNextButton("Kiwi77nz",
                "MyCode01") (1.0s)
                And I store data layer values
                -&gt; done: CommonSteps.WhenIStoreDataLayerValues() (0.0s)
                And I confirm details on the Summary page
                UniqueId:
                Title: Miss
                FirstName: Automation
                MiddleName:
                LastName: COB-rWSHv
                Email: cob2017@asb.co.nz
                Gender:
                DateOfBirth: 12/6/1999 12:00:00 AM
                DateCreated:
                LastReviewDate:
                Cals:
                IsIndividual:
                NzCitizen: False
                NzResidence:
                HighValueCustomer:
                StaffMember:
                AmlVerified:
                VipCustomer:
                Addresses: System.Collections.Generic.List`1[ASB.Selenium.DataModel.Customer.Address]
                AddressInformation: ASB.Selenium.DataModel.Customer.AddressInformation
                CompanyName:
                CompanyType:
                CompanySubType:
                CustomerTypeCode:
                IrdNumber:
                TaxClass:
                TaxClassDate:
                IsNzTaxResident: True
                NonResidentCountryCode:
                IsForeignTaxResident: False
                ForeignTaxResidencyStatus:
                IsProfileEnhanced:
                Phones: System.Collections.Generic.List`1[ASB.Selenium.DataModel.Customer.Phone]
                NextOfKin:
                EmploymentDetails:
                LinkedCustomers:
                AccountRelationships:
                IdType:
                Fatca: ASB.Selenium.DataModel.Customer.Fatca
                CitizenshipCountryCodes:
                CitizenshipCountryNames: System.Collections.Generic.List`1[System.String]
                ForeignTaxResidenceTypes:
                System.Collections.Generic.List`1[ASB.Selenium.DataModel.Customer.ForeignTaxResidenceTypes]
                OnboardingDetail: ASB.Selenium.DataModel.Customer.OnboardingDetail
                AddressVerificationStatus:
                IdVerificationStatus:
                PreferredIdType: Other
                IsProfileComplete:
                DaysRemaining: 0
                OnboardingStatus:
                NewAccounts: System.Collections.Generic.List`1[ASB.Selenium.DataModel.Customer.Accounts]
                FailedAccounts: System.Collections.Generic.List`1[ASB.Selenium.DataModel.Customer.Accounts]
                OnboardingSource: JobStarter
                CustomerCreated:
                LoginCreated:
                RegisteredForNetcode:
                AccountsCreated:
                CustomerAccessToken:
                VerificationPassword: MyCode01
                LoginDetail: ASB.Selenium.DataModel.Customer.Login
                CustomerType:
                Cif:
                Username: acob81433
                UsernameApi:
                Password: Kiwi77nz
                PublicKey:
                AcceptedTermsAndConditions:
                BackgroundCheckConsent:
                PreferredIdType:
                -&gt; done: SummaryPageSteps.WhenIConfirmDetailsOnTheSummaryPage() (2.8s)
                Then the Logging you in progress page is displayed
                -&gt; done: ConfirmationPageSteps.ThenTheLoggingYouInProgressPageIsDisplayed() (15.5s)
                And data layer values are correct
                -&gt; done: CommonSteps.ThenDataLayerValuesAreCorrect() (0.0s)
            </system-out>
        </testcase>
    </testsuite>
    <testsuite tests="2" time="33.095199" errors="0" failures="2" skipped="0" timestamp="2017-12-05 16:04:33Z"
               name="Join.Form.Customer.Selenium.dll.Join.Form.Customer.Selenium.Features._12_DataLayerFeature.DATALAYER_17_GraduateNZCitizen.">
        <testcase
                name="DATALAYER_17_GraduateNZCitizen(&quot;Default Graduate Products&quot;,&quot;Graduate Cheque&quot;,System.String[])"
                assertions="1" time="16.615222" status="Failed"
                classname="Join.Form.Customer.Selenium.Features._12_DataLayerFeature">

            <failure
                    message="System.TimeoutException : Page element: By.XPath: //tristate-control[@name='confirmGraduationOrApprentinship']//button[contains(text(), 'Yes')] is NOT found!">
                at Join.Form.Customer.Selenium.UI.Displayed.WaitElementToBeClickable(By pageElement)
                at Join.Form.Customer.Selenium.Pages.IntroductionPage.WaitForTristateDisplayed()
                at Join.Form.Customer.Selenium.StepDefinitions.IntroductionPageSteps.GivenIAmInTheIntroductionPage()
                at TechTalk.SpecFlow.Bindings.BindingInvoker.InvokeBinding(IBinding binding, IContextManager
                contextManager, Object[] arguments, ITestTracer testTracer, TimeSpan&amp; duration)
                at TechTalk.SpecFlow.Infrastructure.TestExecutionEngine.ExecuteStepMatch(BindingMatch match, Object[]
                arguments)
                at TechTalk.SpecFlow.Infrastructure.TestExecutionEngine.ExecuteStep(StepInstance stepInstance)
                at TechTalk.SpecFlow.Infrastructure.TestExecutionEngine.OnAfterLastStep()
                at Join.Form.Customer.Selenium.Features._12_DataLayerFeature.ScenarioCleanup()
                at Join.Form.Customer.Selenium.Features._12_DataLayerFeature.DATALAYER_17_GraduateNZCitizen(String
                scenario, String products, String[] exampleTags)
            </failure>
            <system-out>Given I start my Graduate application
                Navigating to URL: https://webappisamdev.asbbank.co.nz/public/join/graduate/?grcDisabled=true
                -&gt; done: CommonSteps.GivenIStartMyGraduateApplication() (0.6s)
                And I am in the Introduction page
                12/6/2017 5:04:34 AMWaitForFeaturesPageLoad: Executing WaitForFrameAndSwitch
                12/6/2017 5:04:35 AMWaitForFeaturesPageLoad: Done executing WaitForFrameAndSwitch
                -&gt; error: Page element: By.XPath:
                //tristate-control[@name='confirmGraduationOrApprentinship']//button[contains(text(), 'Yes')] is NOT
                found!
                When I store data layer values
                -&gt; skipped because of previous errors
                And I change my selected products to 'Graduate Cheque'
                -&gt; skipped because of previous errors
                And I store data layer values
                -&gt; skipped because of previous errors
                And I click on 'Next' button
                -&gt; skipped because of previous errors
                And I store data layer values
                -&gt; skipped because of previous errors
                And I enter all required details in the Personal details page and clicks on Next button:
                --- table step argument ---
                | Title | FirstName | MiddleName | LastName | DateOfBirth | Email | MobileNumber | CountriesCitizenship
                | PreferredIdType |
                | Miss | Automation | | RANDOM | 16 March 1978 | cob2017@asb.co.nz | 021-1234567890 | New Zealand |
                Other |
                -&gt; skipped because of previous errors
                And I store data layer values
                -&gt; skipped because of previous errors
                And I enter mandatory Tax Information for NZ citizen and clicks on Next button
                -&gt; skipped because of previous errors
                And I store data layer values
                -&gt; skipped because of previous errors
                And I enter 'Kiwi77nz' password and 'MyCode01' verbal password in the ASB Login page and clicks on Next
                button
                -&gt; skipped because of previous errors
                And I store data layer values
                -&gt; skipped because of previous errors
                And I confirm details on the Summary page
                -&gt; skipped because of previous errors
                Then the Logging you in progress page is displayed
                -&gt; skipped because of previous errors
                And data layer values are correct
                -&gt; skipped because of previous errors
            </system-out>
        </testcase>
        <testcase
                name="DATALAYER_17_GraduateNZCitizen(&quot;All Graduate Products&quot;,&quot;Graduate Cheque, Graduate Overdraft, ASB Visa Rewards Graduate, ASB Visa Light Graduate, Savings On Call, FastSaver&quot;,System.String[])"
                assertions="1" time="16.471853" status="Failed"
                classname="Join.Form.Customer.Selenium.Features._12_DataLayerFeature">

            <failure
                    message="System.TimeoutException : Page element: By.XPath: //tristate-control[@name='confirmGraduationOrApprentinship']//button[contains(text(), 'Yes')] is NOT found!">
                at Join.Form.Customer.Selenium.UI.Displayed.WaitElementToBeClickable(By pageElement)
                at Join.Form.Customer.Selenium.Pages.IntroductionPage.WaitForTristateDisplayed()
                at Join.Form.Customer.Selenium.StepDefinitions.IntroductionPageSteps.GivenIAmInTheIntroductionPage()
                at TechTalk.SpecFlow.Bindings.BindingInvoker.InvokeBinding(IBinding binding, IContextManager
                contextManager, Object[] arguments, ITestTracer testTracer, TimeSpan&amp; duration)
                at TechTalk.SpecFlow.Infrastructure.TestExecutionEngine.ExecuteStepMatch(BindingMatch match, Object[]
                arguments)
                at TechTalk.SpecFlow.Infrastructure.TestExecutionEngine.ExecuteStep(StepInstance stepInstance)
                at TechTalk.SpecFlow.Infrastructure.TestExecutionEngine.OnAfterLastStep()
                at Join.Form.Customer.Selenium.Features._12_DataLayerFeature.ScenarioCleanup()
                at Join.Form.Customer.Selenium.Features._12_DataLayerFeature.DATALAYER_17_GraduateNZCitizen(String
                scenario, String products, String[] exampleTags)
            </failure>
            <system-out>Given I start my Graduate application
                Navigating to URL: https://webappisamdev.asbbank.co.nz/public/join/graduate/?grcDisabled=true
                -&gt; done: CommonSteps.GivenIStartMyGraduateApplication() (0.7s)
                And I am in the Introduction page
                12/6/2017 5:04:51 AMWaitForFeaturesPageLoad: Executing WaitForFrameAndSwitch
                12/6/2017 5:04:52 AMWaitForFeaturesPageLoad: Done executing WaitForFrameAndSwitch
                -&gt; error: Page element: By.XPath:
                //tristate-control[@name='confirmGraduationOrApprentinship']//button[contains(text(), 'Yes')] is NOT
                found!
                When I store data layer values
                -&gt; skipped because of previous errors
                And I change my selected products to 'Graduate Cheque, Graduate Overdraft, ASB Visa Rewards Graduate,
                ASB Visa Light Graduate, Savings On Call, FastSaver'
                -&gt; skipped because of previous errors
                And I store data layer values
                -&gt; skipped because of previous errors
                And I click on 'Next' button
                -&gt; skipped because of previous errors
                And I store data layer values
                -&gt; skipped because of previous errors
                And I enter all required details in the Personal details page and clicks on Next button:
                --- table step argument ---
                | Title | FirstName | MiddleName | LastName | DateOfBirth | Email | MobileNumber | CountriesCitizenship
                | PreferredIdType |
                | Miss | Automation | | RANDOM | 16 March 1978 | cob2017@asb.co.nz | 021-1234567890 | New Zealand |
                Other |
                -&gt; skipped because of previous errors
                And I store data layer values
                -&gt; skipped because of previous errors
                And I enter mandatory Tax Information for NZ citizen and clicks on Next button
                -&gt; skipped because of previous errors
                And I store data layer values
                -&gt; skipped because of previous errors
                And I enter 'Kiwi77nz' password and 'MyCode01' verbal password in the ASB Login page and clicks on Next
                button
                -&gt; skipped because of previous errors
                And I store data layer values
                -&gt; skipped because of previous errors
                And I confirm details on the Summary page
                -&gt; skipped because of previous errors
                Then the Logging you in progress page is displayed
                -&gt; skipped because of previous errors
                And data layer values are correct
                -&gt; skipped because of previous errors
            </system-out>
        </testcase>
    </testsuite>
    <testsuite tests="2" time="35.170752" errors="0" failures="2" skipped="0" timestamp="2017-12-05 16:05:06Z"
               name="Join.Form.Customer.Selenium.dll.Join.Form.Customer.Selenium.Features._12_DataLayerFeature.DATALAYER_18_GraduateNon_NZCitizen.">
        <testcase
                name="DATALAYER_18_GraduateNon_NZCitizen(&quot;Default Graduate products&quot;,&quot;Graduate Cheque&quot;,System.String[])"
                assertions="1" time="18.109155" status="Failed"
                classname="Join.Form.Customer.Selenium.Features._12_DataLayerFeature">

            <failure
                    message="System.TimeoutException : Page element: By.XPath: //tristate-control[@name='confirmGraduationOrApprentinship']//button[contains(text(), 'Yes')] is NOT found!">
                at Join.Form.Customer.Selenium.UI.Displayed.WaitElementToBeClickable(By pageElement)
                at Join.Form.Customer.Selenium.Pages.IntroductionPage.WaitForTristateDisplayed()
                at Join.Form.Customer.Selenium.StepDefinitions.IntroductionPageSteps.GivenIAmInTheIntroductionPage()
                at TechTalk.SpecFlow.Bindings.BindingInvoker.InvokeBinding(IBinding binding, IContextManager
                contextManager, Object[] arguments, ITestTracer testTracer, TimeSpan&amp; duration)
                at TechTalk.SpecFlow.Infrastructure.TestExecutionEngine.ExecuteStepMatch(BindingMatch match, Object[]
                arguments)
                at TechTalk.SpecFlow.Infrastructure.TestExecutionEngine.ExecuteStep(StepInstance stepInstance)
                at TechTalk.SpecFlow.Infrastructure.TestExecutionEngine.OnAfterLastStep()
                at Join.Form.Customer.Selenium.Features._12_DataLayerFeature.ScenarioCleanup()
                at Join.Form.Customer.Selenium.Features._12_DataLayerFeature.DATALAYER_18_GraduateNon_NZCitizen(String
                scenario, String products, String[] exampleTags)
            </failure>
            <system-out>Given I start my Graduate application
                Navigating to URL: https://webappisamdev.asbbank.co.nz/public/join/graduate/?grcDisabled=true
                -&gt; done: CommonSteps.GivenIStartMyGraduateApplication() (1.0s)
                And I am in the Introduction page
                12/6/2017 5:05:08 AMWaitForFeaturesPageLoad: Executing WaitForFrameAndSwitch
                12/6/2017 5:05:10 AMWaitForFeaturesPageLoad: Done executing WaitForFrameAndSwitch
                -&gt; error: Page element: By.XPath:
                //tristate-control[@name='confirmGraduationOrApprentinship']//button[contains(text(), 'Yes')] is NOT
                found!
                When I store data layer values
                -&gt; skipped because of previous errors
                And I select 'Yes' in the Graduate question
                -&gt; skipped because of previous errors
                And I select 'Yes' in the Living in NZ question
                -&gt; skipped because of previous errors
                And I select 'No' in the NZ Citizen question
                -&gt; skipped because of previous errors
                And I click on 'Get started' button
                -&gt; skipped because of previous errors
                And I change my selected products to 'Graduate Cheque'
                -&gt; skipped because of previous errors
                And I store data layer values
                -&gt; skipped because of previous errors
                And I click on 'Next' button
                -&gt; skipped because of previous errors
                And I store data layer values
                -&gt; skipped because of previous errors
                And I enter all required details in the Personal details page and clicks on Next button:
                --- table step argument ---
                | Title | FirstName | MiddleName | LastName | DateOfBirth | Email | MobileNumber | CountriesCitizenship
                | PreferredIdType |
                | Miss | Automation | | RANDOM | 16 March 1978 | cob2017@asb.co.nz | 021-1234567890 | New Zealand |
                Other |
                -&gt; skipped because of previous errors
                And I store data layer values
                -&gt; skipped because of previous errors
                And I enter mandatory Tax Information for NZ citizen and clicks on Next button
                -&gt; skipped because of previous errors
                And I store data layer values
                -&gt; skipped because of previous errors
                And I enter 'Kiwi77nz' password and 'MyCode01' verbal password in the ASB Login page and clicks on Next
                button
                -&gt; skipped because of previous errors
                And I store data layer values
                -&gt; skipped because of previous errors
                And I confirm details on the Summary page
                -&gt; skipped because of previous errors
                Then the Logging you in progress page is displayed
                -&gt; skipped because of previous errors
                And data layer values are correct
                -&gt; skipped because of previous errors
            </system-out>
        </testcase>
        <testcase
                name="DATALAYER_18_GraduateNon_NZCitizen(&quot;All Graduate Products&quot;,&quot;Graduate Cheque, ASB Visa Rewards Graduate, ASB Visa Light Graduate, Savings On Call, FastSaver&quot;,System.String[])"
                assertions="1" time="17.026529" status="Failed"
                classname="Join.Form.Customer.Selenium.Features._12_DataLayerFeature">

            <failure
                    message="System.TimeoutException : Page element: By.XPath: //tristate-control[@name='confirmGraduationOrApprentinship']//button[contains(text(), 'Yes')] is NOT found!">
                at Join.Form.Customer.Selenium.UI.Displayed.WaitElementToBeClickable(By pageElement)
                at Join.Form.Customer.Selenium.Pages.IntroductionPage.WaitForTristateDisplayed()
                at Join.Form.Customer.Selenium.StepDefinitions.IntroductionPageSteps.GivenIAmInTheIntroductionPage()
                at TechTalk.SpecFlow.Bindings.BindingInvoker.InvokeBinding(IBinding binding, IContextManager
                contextManager, Object[] arguments, ITestTracer testTracer, TimeSpan&amp; duration)
                at TechTalk.SpecFlow.Infrastructure.TestExecutionEngine.ExecuteStepMatch(BindingMatch match, Object[]
                arguments)
                at TechTalk.SpecFlow.Infrastructure.TestExecutionEngine.ExecuteStep(StepInstance stepInstance)
                at TechTalk.SpecFlow.Infrastructure.TestExecutionEngine.OnAfterLastStep()
                at Join.Form.Customer.Selenium.Features._12_DataLayerFeature.ScenarioCleanup()
                at Join.Form.Customer.Selenium.Features._12_DataLayerFeature.DATALAYER_18_GraduateNon_NZCitizen(String
                scenario, String products, String[] exampleTags)
            </failure>
            <system-out>Given I start my Graduate application
                Navigating to URL: https://webappisamdev.asbbank.co.nz/public/join/graduate/?grcDisabled=true
                -&gt; done: CommonSteps.GivenIStartMyGraduateApplication() (0.6s)
                And I am in the Introduction page
                12/6/2017 5:05:26 AMWaitForFeaturesPageLoad: Executing WaitForFrameAndSwitch
                12/6/2017 5:05:27 AMWaitForFeaturesPageLoad: Done executing WaitForFrameAndSwitch
                -&gt; error: Page element: By.XPath:
                //tristate-control[@name='confirmGraduationOrApprentinship']//button[contains(text(), 'Yes')] is NOT
                found!
                When I store data layer values
                -&gt; skipped because of previous errors
                And I select 'Yes' in the Graduate question
                -&gt; skipped because of previous errors
                And I select 'Yes' in the Living in NZ question
                -&gt; skipped because of previous errors
                And I select 'No' in the NZ Citizen question
                -&gt; skipped because of previous errors
                And I click on 'Get started' button
                -&gt; skipped because of previous errors
                And I change my selected products to 'Graduate Cheque, ASB Visa Rewards Graduate, ASB Visa Light
                Graduate, Savings On Call, FastSaver'
                -&gt; skipped because of previous errors
                And I store data layer values
                -&gt; skipped because of previous errors
                And I click on 'Next' button
                -&gt; skipped because of previous errors
                And I store data layer values
                -&gt; skipped because of previous errors
                And I enter all required details in the Personal details page and clicks on Next button:
                --- table step argument ---
                | Title | FirstName | MiddleName | LastName | DateOfBirth | Email | MobileNumber | CountriesCitizenship
                | PreferredIdType |
                | Miss | Automation | | RANDOM | 16 March 1978 | cob2017@asb.co.nz | 021-1234567890 | New Zealand |
                Other |
                -&gt; skipped because of previous errors
                And I store data layer values
                -&gt; skipped because of previous errors
                And I enter mandatory Tax Information for NZ citizen and clicks on Next button
                -&gt; skipped because of previous errors
                And I store data layer values
                -&gt; skipped because of previous errors
                And I enter 'Kiwi77nz' password and 'MyCode01' verbal password in the ASB Login page and clicks on Next
                button
                -&gt; skipped because of previous errors
                And I store data layer values
                -&gt; skipped because of previous errors
                And I confirm details on the Summary page
                -&gt; skipped because of previous errors
                Then the Logging you in progress page is displayed
                -&gt; skipped because of previous errors
                And data layer values are correct
                -&gt; skipped because of previous errors
            </system-out>
        </testcase>
    </testsuite>
    <testsuite tests="39" time="0.722749" errors="2" failures="0" skipped="37" timestamp="2017-12-05 16:05:41Z"
               name="Join.Form.Customer.Selenium.dll.Join.Form.Customer.Selenium.Features._99_ActivateProfileDetailsFeature.">
        <testcase name="ACTPROF_05_SourceOfWealthVerification_Non_HighRiskCountry" assertions="0" time="0.000929"
                  status="Skipped" classname="Join.Form.Customer.Selenium.Features._99_ActivateProfileDetailsFeature">
            <skipped/>

            <skipped message="Ignored scenario"/>
        </testcase>
        <testcase name="ACTPROF_06_SourceOfWealthVerification_HighRiskCountry" assertions="0" time="0.000027"
                  status="Skipped" classname="Join.Form.Customer.Selenium.Features._99_ActivateProfileDetailsFeature">
            <skipped/>

            <skipped message="Ignored scenario"/>
        </testcase>
    </testsuite>
    <testsuite tests="10" time="0.156315" errors="0" failures="0" skipped="10" timestamp="2017-12-05 16:05:41Z"
               name="Join.Form.Customer.Selenium.dll.Join.Form.Customer.Selenium.Features._99_ActivateProfileDetailsFeature.ACTPROF_01_VerifyCOBDataInActivate.">
        <testcase
                name="ACTPROF_01_VerifyCOBDataInActivate(&quot;NZTaxResident and profile incomplete&quot;,&quot;Streamline intro&quot;,&quot;Yes&quot;,&quot;Skip&quot;,&quot;Skip&quot;,&quot;Skip&quot;,&quot;Skip&quot;,&quot;Yes&quot;,&quot;33%&quot;,&quot;111-111-111&quot;,&quot;New Zealand&quot;,&quot;Skip&quot;,&quot;FALSE&quot;,System.String[])"
                assertions="0" time="0.000000" status="Skipped"
                classname="Join.Form.Customer.Selenium.Features._99_ActivateProfileDetailsFeature">

            <skipped message="OneTimeSetUp: Ignored scenario"/>
        </testcase>
        <testcase
                name="ACTPROF_01_VerifyCOBDataInActivate(&quot;NZTaxResident - Exempt and profile complete on submit&quot;,&quot;Streamline intro,ASB Visa Debit&quot;,&quot;Yes&quot;,&quot;Exempt from withholding tax&quot;,&quot;Skip&quot;,&quot;Skip&quot;,&quot;Skip&quot;,&quot;Yes&quot;,&quot;Exempt from withholding tax&quot;,&quot;Skip&quot;,&quot;New Zealand&quot;,&quot;Australia - X123GH78, India - 9856GFT8, Argentina - X123GH78, Svalbard and Jan Mayen Islands - GT7646HG&quot;,&quot;TRUE&quot;,System.String[])"
                assertions="0" time="0.000000" status="Skipped"
                classname="Join.Form.Customer.Selenium.Features._99_ActivateProfileDetailsFeature">

            <skipped message="OneTimeSetUp: Ignored scenario"/>
        </testcase>
        <testcase
                name="ACTPROF_01_VerifyCOBDataInActivate(&quot;NZTaxResident, Citizenship and profile incomplete&quot;,&quot;Streamline intro&quot;,&quot;Yes&quot;,&quot;Skip&quot;,&quot;Skip&quot;,&quot;New Zealand, Australia, India, Svalbard and Jan Mayen Islands&quot;,&quot;Skip&quot;,&quot;Yes&quot;,&quot;17.5%&quot;,&quot;49-091-850&quot;,&quot;Skip&quot;,&quot;New Zealand&quot;,&quot;FALSE&quot;,System.String[])"
                assertions="0" time="0.000000" status="Skipped"
                classname="Join.Form.Customer.Selenium.Features._99_ActivateProfileDetailsFeature">

            <skipped message="OneTimeSetUp: Ignored scenario"/>
        </testcase>
        <testcase
                name="ACTPROF_01_VerifyCOBDataInActivate(&quot;Not NZTaxResident&#xA0; and profile incomplete&quot;,&quot;Streamline intro&quot;,&quot;No&quot;,&quot;Skip&quot;,&quot;Skip&quot;,&quot;Skip&quot;,&quot;Australia - X123GH78&quot;,&quot;Yes&quot;,&quot;33%&quot;,&quot;111-111-111&quot;,&quot;Skip&quot;,&quot;Australia - X123GH78, India - 9856GFT8, Argentina - X123GH78, Svalbard and Jan Mayen Islands - GT7646HG&quot;,&quot;FALSE&quot;,System.String[])"
                assertions="0" time="0.000000" status="Skipped"
                classname="Join.Form.Customer.Selenium.Features._99_ActivateProfileDetailsFeature">

            <skipped message="OneTimeSetUp: Ignored scenario"/>
        </testcase>
        <testcase
                name="ACTPROF_01_VerifyCOBDataInActivate(&quot;No-Exempt from withholding tax and profile complete on submit&quot;,&quot;Streamline intro,ASB Visa Debit&quot;,&quot;No&quot;,&quot;Exempt from withholding tax&quot;,&quot;111-111-111&quot;,&quot;Skip&quot;,&quot;Australia - X123GH78&quot;,&quot;No&quot;,&quot;Non-resident Withholding tax rate&quot;,&quot;111-111-111&quot;,&quot;New Zealand, Australia, India, Svalbard and Jan Mayen Islands&quot;,&quot;Australia - X123GH78&quot;,&quot;TRUE&quot;,System.String[])"
                assertions="0" time="0.000000" status="Skipped"
                classname="Join.Form.Customer.Selenium.Features._99_ActivateProfileDetailsFeature">

            <skipped message="OneTimeSetUp: Ignored scenario"/>
        </testcase>
        <testcase
                name="ACTPROF_01_VerifyCOBDataInActivate(&quot;NZTaxResident - 33% and profile complete on submit&quot;,&quot;Streamline intro,ASB Visa Debit&quot;,&quot;Yes&quot;,&quot;33%&quot;,&quot;Skip&quot;,&quot;Skip&quot;,&quot;Skip&quot;,&quot;Yes&quot;,&quot;33%&quot;,&quot;111-111-111&quot;,&quot;New Zealand&quot;,&quot;Australia - X123GH78&quot;,&quot;TRUE&quot;,null)"
                assertions="0" time="0.000000" status="Skipped"
                classname="Join.Form.Customer.Selenium.Features._99_ActivateProfileDetailsFeature">

            <skipped message="OneTimeSetUp: Ignored scenario"/>
        </testcase>
        <testcase
                name="ACTPROF_01_VerifyCOBDataInActivate(&quot;NZTaxResident - 17.5% and profile incomplete&quot;,&quot;Streamline intro&quot;,&quot;Yes&quot;,&quot;17.5%&quot;,&quot;49-091-850&quot;,&quot;Skip&quot;,&quot;Skip&quot;,&quot;Yes&quot;,&quot;10.5%&quot;,&quot;35-901-981&quot;,&quot;New Zealand, Australia, India, Svalbard and Jan Mayen Islands&quot;,&quot;Skip&quot;,&quot;FALSE&quot;,null)"
                assertions="0" time="0.000000" status="Skipped"
                classname="Join.Form.Customer.Selenium.Features._99_ActivateProfileDetailsFeature">

            <skipped message="OneTimeSetUp: Ignored scenario"/>
        </testcase>
        <testcase
                name="ACTPROF_01_VerifyCOBDataInActivate(&quot;NZTaxResident, FTR and profile incomplete&quot;,&quot;Streamline intro,ASB Visa Debit&quot;,&quot;Yes&quot;,&quot;Skip&quot;,&quot;Skip&quot;,&quot;Skip&quot;,&quot;Australia - X123GH78, India - 9856GFT8, Argentina - X123GH78, Svalbard and Jan Mayen Islands - GT7646HG&quot;,&quot;Yes&quot;,&quot;Skip&quot;,&quot;Skip&quot;,&quot;Skip&quot;,&quot;Australia&quot;,&quot;FALSE&quot;,null)"
                assertions="0" time="0.000000" status="Skipped"
                classname="Join.Form.Customer.Selenium.Features._99_ActivateProfileDetailsFeature">

            <skipped message="OneTimeSetUp: Ignored scenario"/>
        </testcase>
        <testcase
                name="ACTPROF_01_VerifyCOBDataInActivate(&quot;No-Approved Issuer Levy at 2% and profile complete on submit&quot;,&quot;Streamline intro,ASB Visa Debit&quot;,&quot;No&quot;,&quot;Approved Issuer Levy at 2%&quot;,&quot;Skip&quot;,&quot;Skip&quot;,&quot;Australia&quot;,&quot;No&quot;,&quot;Approved Issuer Levy at 2%&quot;,&quot;Skip&quot;,&quot;New Zealand&quot;,&quot;Australia - X123GH78&quot;,&quot;TRUE&quot;,null)"
                assertions="0" time="0.000000" status="Skipped"
                classname="Join.Form.Customer.Selenium.Features._99_ActivateProfileDetailsFeature">

            <skipped message="OneTimeSetUp: Ignored scenario"/>
        </testcase>
        <testcase
                name="ACTPROF_01_VerifyCOBDataInActivate(&quot;No-Non-resident Withholding tax rate and profile incomplete&quot;,&quot;Streamline intro&quot;,&quot;No&quot;,&quot;Non-resident Withholding tax rate&quot;,&quot;49-091-850&quot;,&quot;Skip&quot;,&quot;Australia - X123GH78&quot;,&quot;No&quot;,&quot;Exempt from withholding tax&quot;,&quot;49-091-850&quot;,&quot;Skip&quot;,&quot;Australia - X123GH78&quot;,&quot;FALSE&quot;,null)"
                assertions="0" time="0.000000" status="Skipped"
                classname="Join.Form.Customer.Selenium.Features._99_ActivateProfileDetailsFeature">

            <skipped message="OneTimeSetUp: Ignored scenario"/>
        </testcase>
    </testsuite>
    <testsuite tests="10" time="0.156268" errors="0" failures="0" skipped="10" timestamp="2017-12-05 16:05:41Z"
               name="Join.Form.Customer.Selenium.dll.Join.Form.Customer.Selenium.Features._99_ActivateProfileDetailsFeature.ACTPROF_02_UpdateCOBDataInActivate.">
        <testcase
                name="ACTPROF_02_UpdateCOBDataInActivate(&quot;NZTaxResident and profile incomplete&quot;,&quot;Streamline intro&quot;,&quot;Yes&quot;,&quot;Skip&quot;,&quot;Skip&quot;,&quot;Skip&quot;,&quot;Skip&quot;,&quot;Yes&quot;,&quot;33%&quot;,&quot;111-111-111&quot;,&quot;New Zealand&quot;,&quot;No&quot;,&quot;TRUE&quot;,System.String[])"
                assertions="0" time="0.000000" status="Skipped"
                classname="Join.Form.Customer.Selenium.Features._99_ActivateProfileDetailsFeature">

            <skipped message="OneTimeSetUp: Ignored scenario"/>
        </testcase>
        <testcase
                name="ACTPROF_02_UpdateCOBDataInActivate(&quot;NZTaxResident - 17.5% and profile incomplete&quot;,&quot;Streamline intro&quot;,&quot;Yes&quot;,&quot;17.5%&quot;,&quot;49-091-850&quot;,&quot;Skip&quot;,&quot;Skip&quot;,&quot;Yes&quot;,&quot;10.5%&quot;,&quot;35-901-981&quot;,&quot;New Zealand, Australia, India, Svalbard and Jan Mayen Islands&quot;,&quot;Singapore&quot;,&quot;TRUE&quot;,System.String[])"
                assertions="0" time="0.000000" status="Skipped"
                classname="Join.Form.Customer.Selenium.Features._99_ActivateProfileDetailsFeature">

            <skipped message="OneTimeSetUp: Ignored scenario"/>
        </testcase>
        <testcase
                name="ACTPROF_02_UpdateCOBDataInActivate(&quot;NZTaxResident, FTR and profile incomplete&quot;,&quot;Streamline intro,ASB Visa Debit&quot;,&quot;Yes&quot;,&quot;Skip&quot;,&quot;Skip&quot;,&quot;Skip&quot;,&quot;Australia - X123GH78, India - 9856GFT8, Argentina - X123GH78, Svalbard and Jan Mayen Islands - GT7646HG&quot;,&quot;Yes&quot;,&quot;Skip&quot;,&quot;Skip&quot;,&quot;United States&quot;,&quot;Australia&quot;,&quot;TRUE&quot;,System.String[])"
                assertions="0" time="0.000000" status="Skipped"
                classname="Join.Form.Customer.Selenium.Features._99_ActivateProfileDetailsFeature">

            <skipped message="OneTimeSetUp: Ignored scenario"/>
        </testcase>
        <testcase
                name="ACTPROF_02_UpdateCOBDataInActivate(&quot;No-Approved Issuer Levy at 2% and profile complete on submit&quot;,&quot;Streamline intro,ASB Visa Debit&quot;,&quot;No&quot;,&quot;Approved Issuer Levy at 2%&quot;,&quot;Skip&quot;,&quot;Skip&quot;,&quot;Australia&quot;,&quot;No&quot;,&quot;Approved Issuer Levy at 2%&quot;,&quot;Skip&quot;,&quot;New Zealand&quot;,&quot;Australia - X123GH78&quot;,&quot;TRUE&quot;,System.String[])"
                assertions="0" time="0.000000" status="Skipped"
                classname="Join.Form.Customer.Selenium.Features._99_ActivateProfileDetailsFeature">

            <skipped message="OneTimeSetUp: Ignored scenario"/>
        </testcase>
        <testcase
                name="ACTPROF_02_UpdateCOBDataInActivate(&quot;No-Non-resident Withholding tax rate and profile incomplete&quot;,&quot;Streamline intro&quot;,&quot;No&quot;,&quot;Non-resident Withholding tax rate&quot;,&quot;49-091-850&quot;,&quot;Skip&quot;,&quot;Australia - X123GH78&quot;,&quot;No&quot;,&quot;Exempt from withholding tax&quot;,&quot;49-091-850&quot;,&quot;Australia&quot;,&quot;No&quot;,&quot;TRUE&quot;,System.String[])"
                assertions="0" time="0.000000" status="Skipped"
                classname="Join.Form.Customer.Selenium.Features._99_ActivateProfileDetailsFeature">

            <skipped message="OneTimeSetUp: Ignored scenario"/>
        </testcase>
        <testcase
                name="ACTPROF_02_UpdateCOBDataInActivate(&quot;No-Exempt from withholding tax and profile complete on submit&quot;,&quot;Streamline intro,ASB Visa Debit&quot;,&quot;No&quot;,&quot;Exempt from withholding tax&quot;,&quot;111-111-111&quot;,&quot;Skip&quot;,&quot;Australia - X123GH78&quot;,&quot;No&quot;,&quot;Non-resident Withholding tax rate&quot;,&quot;111-111-111&quot;,&quot;New Zealand, Australia, India, Svalbard and Jan Mayen Islands&quot;,&quot;Australia - X123GH78&quot;,&quot;TRUE&quot;,System.String[])"
                assertions="0" time="0.000000" status="Skipped"
                classname="Join.Form.Customer.Selenium.Features._99_ActivateProfileDetailsFeature">

            <skipped message="OneTimeSetUp: Ignored scenario"/>
        </testcase>
        <testcase
                name="ACTPROF_02_UpdateCOBDataInActivate(&quot;NZTaxResident - 33% and profile complete on submit&quot;,&quot;Streamline intro,ASB Visa Debit&quot;,&quot;Yes&quot;,&quot;33%&quot;,&quot;Skip&quot;,&quot;Skip&quot;,&quot;Skip&quot;,&quot;Yes&quot;,&quot;33%&quot;,&quot;111-111-111&quot;,&quot;New Zealand&quot;,&quot;Australia - X123GH78&quot;,&quot;TRUE&quot;,null)"
                assertions="0" time="0.000000" status="Skipped"
                classname="Join.Form.Customer.Selenium.Features._99_ActivateProfileDetailsFeature">

            <skipped message="OneTimeSetUp: Ignored scenario"/>
        </testcase>
        <testcase
                name="ACTPROF_02_UpdateCOBDataInActivate(&quot;NZTaxResident - Exempt and profile complete on submit&quot;,&quot;Streamline intro,ASB Visa Debit&quot;,&quot;Yes&quot;,&quot;Exempt from withholding tax&quot;,&quot;Skip&quot;,&quot;Skip&quot;,&quot;Skip&quot;,&quot;Yes&quot;,&quot;Exempt from withholding tax&quot;,&quot;Skip&quot;,&quot;New Zealand&quot;,&quot;Australia - X123GH78, India - 9856GFT8, Argentina - X123GH78, Svalbard and Jan Mayen Islands - GT7646HG&quot;,&quot;TRUE&quot;,null)"
                assertions="0" time="0.000000" status="Skipped"
                classname="Join.Form.Customer.Selenium.Features._99_ActivateProfileDetailsFeature">

            <skipped message="OneTimeSetUp: Ignored scenario"/>
        </testcase>
        <testcase
                name="ACTPROF_02_UpdateCOBDataInActivate(&quot;NZTaxResident, Citizenship and profile incomplete&quot;,&quot;Streamline intro&quot;,&quot;Yes&quot;,&quot;Skip&quot;,&quot;Skip&quot;,&quot;New Zealand, Australia, India, Svalbard and Jan Mayen Islands&quot;,&quot;Skip&quot;,&quot;Yes&quot;,&quot;17.5%&quot;,&quot;49-091-850&quot;,&quot;New Zealand, Australia, India, Svalbard and Jan Mayen Islands&quot;,&quot;United States&quot;,&quot;TRUE&quot;,null)"
                assertions="0" time="0.000000" status="Skipped"
                classname="Join.Form.Customer.Selenium.Features._99_ActivateProfileDetailsFeature">

            <skipped message="OneTimeSetUp: Ignored scenario"/>
        </testcase>
        <testcase
                name="ACTPROF_02_UpdateCOBDataInActivate(&quot;Not NZTaxResident&#xA0; and profile incomplete&quot;,&quot;Streamline intro&quot;,&quot;No&quot;,&quot;Skip&quot;,&quot;Skip&quot;,&quot;Skip&quot;,&quot;Australia - X123GH78&quot;,&quot;Yes&quot;,&quot;33%&quot;,&quot;111-111-111&quot;,&quot;United States&quot;,&quot;Australia - X123GH78, India - 9856GFT8, Argentina - X123GH78, Svalbard and Jan Mayen Islands - GT7646HG&quot;,&quot;TRUE&quot;,null)"
                assertions="0" time="0.000000" status="Skipped"
                classname="Join.Form.Customer.Selenium.Features._99_ActivateProfileDetailsFeature">

            <skipped message="OneTimeSetUp: Ignored scenario"/>
        </testcase>
    </testsuite>
    <testsuite tests="3" time="0.046878" errors="0" failures="0" skipped="3" timestamp="2017-12-05 16:05:41Z"
               name="Join.Form.Customer.Selenium.dll.Join.Form.Customer.Selenium.Features._99_ActivateProfileDetailsFeature.ACTPROF_03_VerifyCitizenshipAndFTRAreMandatory.">
        <testcase
                name="ACTPROF_03_VerifyCitizenshipAndFTRAreMandatory(&quot;NZTaxResident, FTR and profile incomplete&quot;,&quot;Streamline intro,ASB Visa Debit&quot;,&quot;Yes&quot;,&quot;Skip&quot;,&quot;Skip&quot;,&quot;Skip&quot;,&quot;Australia - X123GH78, India - 9856GFT8, Argentina - X123GH78, Svalbard and Jan Mayen Islands - GT7646HG&quot;,&quot;Yes&quot;,&quot;Skip&quot;,&quot;Skip&quot;,&quot;Skip&quot;,&quot;Australia&quot;,&quot;FALSE&quot;,System.String[])"
                assertions="0" time="0.000000" status="Skipped"
                classname="Join.Form.Customer.Selenium.Features._99_ActivateProfileDetailsFeature">

            <skipped message="OneTimeSetUp: Ignored scenario"/>
        </testcase>
        <testcase
                name="ACTPROF_03_VerifyCitizenshipAndFTRAreMandatory(&quot;Not NZTaxResident&#xA0; and profile incomplete&quot;,&quot;Streamline intro&quot;,&quot;No&quot;,&quot;Skip&quot;,&quot;Skip&quot;,&quot;Skip&quot;,&quot;Australia - X123GH78&quot;,&quot;Yes&quot;,&quot;33%&quot;,&quot;111-111-111&quot;,&quot;Skip&quot;,&quot;Australia - X123GH78, India - 9856GFT8, Argentina - X123GH78, Svalbard and Jan Mayen Islands - GT7646HG&quot;,&quot;FALSE&quot;,System.String[])"
                assertions="0" time="0.000000" status="Skipped"
                classname="Join.Form.Customer.Selenium.Features._99_ActivateProfileDetailsFeature">

            <skipped message="OneTimeSetUp: Ignored scenario"/>
        </testcase>
        <testcase
                name="ACTPROF_03_VerifyCitizenshipAndFTRAreMandatory(&quot;NZTaxResident - 17.5% and profile incomplete&quot;,&quot;Streamline intro&quot;,&quot;Yes&quot;,&quot;17.5%&quot;,&quot;49-091-850&quot;,&quot;Skip&quot;,&quot;Skip&quot;,&quot;Yes&quot;,&quot;10.5%&quot;,&quot;35-901-981&quot;,&quot;New Zealand, Australia, India, Svalbard and Jan Mayen Islands&quot;,&quot;Skip&quot;,&quot;FALSE&quot;,System.String[])"
                assertions="0" time="0.000000" status="Skipped"
                classname="Join.Form.Customer.Selenium.Features._99_ActivateProfileDetailsFeature">

            <skipped message="OneTimeSetUp: Ignored scenario"/>
        </testcase>
    </testsuite>
    <testsuite tests="10" time="0.156218" errors="0" failures="0" skipped="10" timestamp="2017-12-05 16:05:41Z"
               name="Join.Form.Customer.Selenium.dll.Join.Form.Customer.Selenium.Features._99_ActivateProfileDetailsFeature.ACTPROF_04_CancelCOBDataUpdateInActivate.">
        <testcase
                name="ACTPROF_04_CancelCOBDataUpdateInActivate(&quot;NZTaxResident and profile incomplete&quot;,&quot;Streamline intro&quot;,&quot;Yes&quot;,&quot;Skip&quot;,&quot;Skip&quot;,&quot;Skip&quot;,&quot;Skip&quot;,&quot;Yes&quot;,&quot;33%&quot;,&quot;111-111-111&quot;,&quot;New Zealand&quot;,&quot;Australia&quot;,&quot;TRUE&quot;,System.String[])"
                assertions="0" time="0.000000" status="Skipped"
                classname="Join.Form.Customer.Selenium.Features._99_ActivateProfileDetailsFeature">

            <skipped message="OneTimeSetUp: Ignored scenario"/>
        </testcase>
        <testcase
                name="ACTPROF_04_CancelCOBDataUpdateInActivate(&quot;NZTaxResident - 33% and profile complete on submit&quot;,&quot;Streamline intro,ASB Visa Debit&quot;,&quot;Yes&quot;,&quot;33%&quot;,&quot;Skip&quot;,&quot;Skip&quot;,&quot;Skip&quot;,&quot;Yes&quot;,&quot;33%&quot;,&quot;111-111-111&quot;,&quot;New Zealand&quot;,&quot;Australia - X123GH78&quot;,&quot;TRUE&quot;,System.String[])"
                assertions="0" time="0.000000" status="Skipped"
                classname="Join.Form.Customer.Selenium.Features._99_ActivateProfileDetailsFeature">

            <skipped message="OneTimeSetUp: Ignored scenario"/>
        </testcase>
        <testcase
                name="ACTPROF_04_CancelCOBDataUpdateInActivate(&quot;NZTaxResident - 17.5% and profile incomplete&quot;,&quot;Streamline intro&quot;,&quot;Yes&quot;,&quot;17.5%&quot;,&quot;49-091-850&quot;,&quot;Skip&quot;,&quot;Skip&quot;,&quot;Yes&quot;,&quot;10.5%&quot;,&quot;35-901-981&quot;,&quot;New Zealand, Australia, India, Svalbard and Jan Mayen Islands&quot;,&quot;No&quot;,&quot;TRUE&quot;,System.String[])"
                assertions="0" time="0.000000" status="Skipped"
                classname="Join.Form.Customer.Selenium.Features._99_ActivateProfileDetailsFeature">

            <skipped message="OneTimeSetUp: Ignored scenario"/>
        </testcase>
        <testcase
                name="ACTPROF_04_CancelCOBDataUpdateInActivate(&quot;NZTaxResident - Exempt and profile complete on submit&quot;,&quot;Streamline intro,ASB Visa Debit&quot;,&quot;Yes&quot;,&quot;Exempt from withholding tax&quot;,&quot;Skip&quot;,&quot;Skip&quot;,&quot;Skip&quot;,&quot;Yes&quot;,&quot;Exempt from withholding tax&quot;,&quot;Skip&quot;,&quot;New Zealand&quot;,&quot;Australia - X123GH78, India - 9856GFT8, Argentina - X123GH78, Svalbard and Jan Mayen Islands - GT7646HG&quot;,&quot;TRUE&quot;,System.String[])"
                assertions="0" time="0.000000" status="Skipped"
                classname="Join.Form.Customer.Selenium.Features._99_ActivateProfileDetailsFeature">

            <skipped message="OneTimeSetUp: Ignored scenario"/>
        </testcase>
        <testcase
                name="ACTPROF_04_CancelCOBDataUpdateInActivate(&quot;NZTaxResident, Citizenship and profile incomplete&quot;,&quot;Streamline intro&quot;,&quot;Yes&quot;,&quot;Skip&quot;,&quot;Skip&quot;,&quot;New Zealand, Australia, India, Svalbard and Jan Mayen Islands&quot;,&quot;Skip&quot;,&quot;Yes&quot;,&quot;17.5%&quot;,&quot;49-091-850&quot;,&quot;New Zealand, Australia, India, Svalbard and Jan Mayen Islands&quot;,&quot;United States&quot;,&quot;TRUE&quot;,System.String[])"
                assertions="0" time="0.000000" status="Skipped"
                classname="Join.Form.Customer.Selenium.Features._99_ActivateProfileDetailsFeature">

            <skipped message="OneTimeSetUp: Ignored scenario"/>
        </testcase>
        <testcase
                name="ACTPROF_04_CancelCOBDataUpdateInActivate(&quot;NZTaxResident, FTR and profile incomplete&quot;,&quot;Streamline intro,ASB Visa Debit&quot;,&quot;Yes&quot;,&quot;Skip&quot;,&quot;Skip&quot;,&quot;Skip&quot;,&quot;Australia - X123GH78, India - 9856GFT8, Argentina - X123GH78, Svalbard and Jan Mayen Islands - GT7646HG&quot;,&quot;Yes&quot;,&quot;Skip&quot;,&quot;Skip&quot;,&quot;United States&quot;,&quot;Australia&quot;,&quot;TRUE&quot;,System.String[])"
                assertions="0" time="0.000000" status="Skipped"
                classname="Join.Form.Customer.Selenium.Features._99_ActivateProfileDetailsFeature">

            <skipped message="OneTimeSetUp: Ignored scenario"/>
        </testcase>
        <testcase
                name="ACTPROF_04_CancelCOBDataUpdateInActivate(&quot;Not NZTaxResident&#xA0; and profile incomplete&quot;,&quot;Streamline intro&quot;,&quot;No&quot;,&quot;Skip&quot;,&quot;Skip&quot;,&quot;Skip&quot;,&quot;Australia - X123GH78&quot;,&quot;Yes&quot;,&quot;33%&quot;,&quot;111-111-111&quot;,&quot;United States&quot;,&quot;Australia - X123GH78, India - 9856GFT8, Argentina - X123GH78, Svalbard and Jan Mayen Islands - GT7646HG&quot;,&quot;TRUE&quot;,System.String[])"
                assertions="0" time="0.000000" status="Skipped"
                classname="Join.Form.Customer.Selenium.Features._99_ActivateProfileDetailsFeature">

            <skipped message="OneTimeSetUp: Ignored scenario"/>
        </testcase>
        <testcase
                name="ACTPROF_04_CancelCOBDataUpdateInActivate(&quot;No-Approved Issuer Levy at 2% and profile complete on submit&quot;,&quot;Streamline intro,ASB Visa Debit&quot;,&quot;No&quot;,&quot;Approved Issuer Levy at 2%&quot;,&quot;Skip&quot;,&quot;Skip&quot;,&quot;Australia&quot;,&quot;No&quot;,&quot;Approved Issuer Levy at 2%&quot;,&quot;Skip&quot;,&quot;New Zealand&quot;,&quot;No&quot;,&quot;TRUE&quot;,System.String[])"
                assertions="0" time="0.000000" status="Skipped"
                classname="Join.Form.Customer.Selenium.Features._99_ActivateProfileDetailsFeature">

            <skipped message="OneTimeSetUp: Ignored scenario"/>
        </testcase>
        <testcase
                name="ACTPROF_04_CancelCOBDataUpdateInActivate(&quot;No-Non-resident Withholding tax rate and profile incomplete&quot;,&quot;Streamline intro&quot;,&quot;No&quot;,&quot;Non-resident Withholding tax rate&quot;,&quot;49-091-850&quot;,&quot;Skip&quot;,&quot;Australia - X123GH78&quot;,&quot;No&quot;,&quot;Exempt from withholding tax&quot;,&quot;49-091-850&quot;,&quot;Australia&quot;,&quot;Australia - X123GH78&quot;,&quot;TRUE&quot;,System.String[])"
                assertions="0" time="0.000000" status="Skipped"
                classname="Join.Form.Customer.Selenium.Features._99_ActivateProfileDetailsFeature">

            <skipped message="OneTimeSetUp: Ignored scenario"/>
        </testcase>
        <testcase
                name="ACTPROF_04_CancelCOBDataUpdateInActivate(&quot;No-Exempt from withholding tax and profile complete on submit&quot;,&quot;Streamline intro,ASB Visa Debit&quot;,&quot;No&quot;,&quot;Exempt from withholding tax&quot;,&quot;111-111-111&quot;,&quot;Skip&quot;,&quot;Australia - X123GH78&quot;,&quot;No&quot;,&quot;Non-resident Withholding tax rate&quot;,&quot;111-111-111&quot;,&quot;New Zealand, Australia, India, Svalbard and Jan Mayen Islands&quot;,&quot;Australia - X123GH78&quot;,&quot;TRUE&quot;,System.String[])"
                assertions="0" time="0.000000" status="Skipped"
                classname="Join.Form.Customer.Selenium.Features._99_ActivateProfileDetailsFeature">

            <skipped message="OneTimeSetUp: Ignored scenario"/>
        </testcase>
    </testsuite>
    <testsuite tests="2" time="0.006565" errors="0" failures="0" skipped="2" timestamp="2017-12-05 16:05:42Z"
               name="Join.Form.Customer.Selenium.dll.Join.Form.Customer.Selenium.Features._99_ActivateProfileDetailsFeature.ACTPROF_07_IRDNumberValidation.">
        <testcase
                name="ACTPROF_07_IRDNumberValidation(&quot;8D IRD - Prefix 0&quot;,&quot;049091850&quot;,&quot;is NOT&quot;,System.String[])"
                assertions="0" time="0.000000" status="Skipped"
                classname="Join.Form.Customer.Selenium.Features._99_ActivateProfileDetailsFeature">

            <skipped message="OneTimeSetUp: Ignored scenario"/>
        </testcase>
        <testcase
                name="ACTPROF_07_IRDNumberValidation(&quot;8D IRD - Prefix 00&quot;,&quot;0049091850&quot;,&quot;is&quot;,System.String[])"
                assertions="0" time="0.000000" status="Skipped"
                classname="Join.Form.Customer.Selenium.Features._99_ActivateProfileDetailsFeature">

            <skipped message="OneTimeSetUp: Ignored scenario"/>
        </testcase>
    </testsuite>


</testsuites>
