<?xml version="1.0" encoding="utf-8" standalone="no"?>
<test-run id="2" testcasecount="611" result="Failed" total="156" passed="61" failed="48" inconclusive="2" skipped="45" asserts="4147" engine-version="3.0.5813.39036" clr-version="4.0.30319.42000" start-time="2017-12-05 13:04:46Z" end-time="2017-12-05 16:05:42Z" duration="10855.699937">
  <command-line><![CDATA["D:\FeaturesUIAutomationTest\Join.Form.Customer\Features Test\NunitRunner\nunit3-console.exe"  --result=D:\FeaturesUIAutomationTestResults\Join.Form.Customer\FeaturesTest\3.0.0-meta2017120601\2017-12-06-02-04\TestResult.xml Join.Form.Customer.Selenium.dll --where cat=~'(?i)integration']]></command-line>
  <filter>
    <cat re="1">(?i)integration</cat>
  </filter>
  <test-suite type="assembly" id="0-1701" name="Join.Form.Customer.Selenium.dll" fullname="D:\FeaturesUIAutomationTest\Join.Form.Customer\Features Test\Join.Form.Customer.Selenium.dll" runstate="Runnable" testcasecount="611" result="Failed" site="Child" start-time="2017-12-05 13:04:46Z" end-time="2017-12-05 16:05:42Z" duration="10855.123136" total="156" passed="61" failed="48" warnings="0" inconclusive="2" skipped="45" asserts="4147">
    <environment framework-version="3.6.0.0" clr-version="4.0.30319.42000" os-version="Microsoft Windows NT 6.3.9600.0" platform="Win32NT" cwd="D:\FeaturesUIAutomationTest\Join.Form.Customer\Features Test" machine-name="WINATCA4795" user="zOctopusDEV2" user-domain="BRANCH" culture="en-NZ" uiculture="en-US" os-architecture="x64" />
    <settings>
      <setting name="WorkDirectory" value="D:\FeaturesUIAutomationTest\Join.Form.Customer\Features Test" />
      <setting name="NumberOfTestWorkers" value="2" />
    </settings>
    <properties>
      <property name="ParallelScope" value="None" />
      <property name="_PID" value="3444" />
      <property name="_APPDOMAIN" value="test-domain-" />
    </properties>
    <failure>
      <message><![CDATA[One or more child tests had errors]]></message>
    </failure>
    <test-suite type="TestSuite" id="0-1702" name="Join" fullname="Join" runstate="Runnable" testcasecount="611" result="Failed" site="Child" start-time="2017-12-05 13:04:46Z" end-time="2017-12-05 16:05:42Z" duration="10855.092675" total="156" passed="61" failed="48" warnings="0" inconclusive="2" skipped="45" asserts="4147">
      <properties />
      <failure>
        <message><![CDATA[One or more child tests had errors]]></message>
      </failure>
      <test-suite type="TestSuite" id="0-1703" name="Form" fullname="Join.Form" runstate="Runnable" testcasecount="611" result="Failed" site="Child" start-time="2017-12-05 13:04:46Z" end-time="2017-12-05 16:05:42Z" duration="10855.089551" total="156" passed="61" failed="48" warnings="0" inconclusive="2" skipped="45" asserts="4147">
        <properties />
        <failure>
          <message><![CDATA[One or more child tests had errors]]></message>
        </failure>
        <test-suite type="TestSuite" id="0-1704" name="Customer" fullname="Join.Form.Customer" runstate="Runnable" testcasecount="611" result="Failed" site="Child" start-time="2017-12-05 13:04:46Z" end-time="2017-12-05 16:05:42Z" duration="10855.084699" total="156" passed="61" failed="48" warnings="0" inconclusive="2" skipped="45" asserts="4147">
          <properties />
          <failure>
            <message><![CDATA[One or more child tests had errors]]></message>
          </failure>
          <test-suite type="TestSuite" id="0-1705" name="Selenium" fullname="Join.Form.Customer.Selenium" runstate="Runnable" testcasecount="611" result="Failed" site="Child" start-time="2017-12-05 13:04:46Z" end-time="2017-12-05 16:05:42Z" duration="10855.080697" total="156" passed="61" failed="48" warnings="0" inconclusive="2" skipped="45" asserts="4147">
            <properties />
            <failure>
              <message><![CDATA[One or more child tests had errors]]></message>
            </failure>
            <test-suite type="TestSuite" id="0-1706" name="Features" fullname="Join.Form.Customer.Selenium.Features" runstate="Runnable" testcasecount="611" result="Failed" site="Child" start-time="2017-12-05 13:04:46Z" end-time="2017-12-05 16:05:42Z" duration="10855.076701" total="156" passed="61" failed="48" warnings="0" inconclusive="2" skipped="45" asserts="4147">
              <properties />
              <failure>
                <message><![CDATA[One or more child tests had errors]]></message>
              </failure>
              <test-suite type="TestFixture" id="0-1343" name="_01_IntroductionPageFeature" fullname="Join.Form.Customer.Selenium.Features._01_IntroductionPageFeature" classname="Join.Form.Customer.Selenium.Features._01_IntroductionPageFeature" runstate="Runnable" testcasecount="18" result="Passed" start-time="2017-12-05 13:04:46Z" end-time="2017-12-05 13:05:23Z" duration="36.873161" total="1" passed="1" failed="0" warnings="0" inconclusive="0" skipped="0" asserts="23">
                <properties>
                  <property name="Description" value="01_IntroductionPage" />
                </properties>
                <test-case id="0-1357" name="INTRO_09_VerifyIntroductionPageForCleverKash" fullname="Join.Form.Customer.Selenium.Features._01_IntroductionPageFeature.INTRO_09_VerifyIntroductionPageForCleverKash" methodname="INTRO_09_VerifyIntroductionPageForCleverKash" classname="Join.Form.Customer.Selenium.Features._01_IntroductionPageFeature" runstate="Runnable" seed="1450477905" result="Passed" start-time="2017-12-05 13:04:47Z" end-time="2017-12-05 13:05:23Z" duration="36.377318" asserts="23">
                  <properties>
                    <property name="Description" value="INTRO_09 - Verify Introduction page for Clever Kash" />
                    <property name="Category" value="COB" />
                    <property name="Category" value="intro" />
                    <property name="Category" value="integration" />
                    <property name="Category" value="regression" />
                    <property name="Category" value="092016" />
                  </properties>
                  <output><![CDATA[Given I start my Streamline application
Navigating to URL: https://webappisamdev.asbbank.co.nz/public/join/asb/?grcDisabled=true
-> done: CommonSteps.GivenIStartMyStreamlineApplication() (0.7s)
Given I am in the Clever Kash Introduction page
Navigating to URL: https://webappisamdev.asbbank.co.nz/public/join/cleverkash/?grcDisabled=true
-> done: CommonSteps.GivenIAmInTheCleverKashIntroductionPage() (0.4s)
And I am in the Introduction page
12/6/2017 2:04:50 AMWaitForFeaturesPageLoad: Executing WaitForFrameAndSwitch
12/6/2017 2:04:51 AMWaitForFeaturesPageLoad: Done executing WaitForFrameAndSwitch
-> done: IntroductionPageSteps.GivenIAmInTheIntroductionPage() (20.2s)
Then the header image is displayed
-> done: IntroductionPageSteps.ThenTheHeaderImageIsDisplayed() (0.1s)
And the Introduction heading and info text is displayed
-> done: IntroductionPageSteps.ThenTheIntroductionHeadingAndInfoTextIsDisplayed() (0.1s)
And the It's easy to join section for Clever Kash is not displayed
-> done: IntroductionPageSteps.ThenTheItSEasyToJoinSectionForCleverKashIsNotDisplayed() (10.2s)
And the Before you start section is displayed
-> done: IntroductionPageSteps.ThenTheBeforeYouStartSectionIsDisplayed() (0.2s)
And the 'Over 18' tri-state controls has no default selection
-> done: IntroductionPageSteps.ThenTheTriStateControlsHasNoDefaultSelection("Over 18") (0.1s)
And the 'NZ Resident' tri-state controls has no default selection
-> done: IntroductionPageSteps.ThenTheTriStateControlsHasNoDefaultSelection("NZ Resident") (0.1s)
And the footer elements are displayed
-> done: IntroductionPageSteps.ThenTheFooterElementsAreDisplayed() (0.3s)
]]></output>
                </test-case>
              </test-suite>
              <test-suite type="TestFixture" id="0-1450" name="_02_ProductsPageFeature" fullname="Join.Form.Customer.Selenium.Features._02_ProductsPageFeature" classname="Join.Form.Customer.Selenium.Features._02_ProductsPageFeature" runstate="Runnable" testcasecount="8" result="Passed" start-time="2017-12-05 13:05:23Z" end-time="2017-12-05 13:05:44Z" duration="21.298182" total="1" passed="1" failed="0" warnings="0" inconclusive="0" skipped="0" asserts="18">
                <properties>
                  <property name="Description" value="02_ProductsPage" />
                </properties>
                <test-case id="0-1451" name="PRODUCTS_01_VerifyUI_SelectProductsPage" fullname="Join.Form.Customer.Selenium.Features._02_ProductsPageFeature.PRODUCTS_01_VerifyUI_SelectProductsPage" methodname="PRODUCTS_01_VerifyUI_SelectProductsPage" classname="Join.Form.Customer.Selenium.Features._02_ProductsPageFeature" runstate="Runnable" seed="1455191323" result="Passed" start-time="2017-12-05 13:05:23Z" end-time="2017-12-05 13:05:44Z" duration="21.294836" asserts="18">
                  <properties>
                    <property name="Description" value="PRODUCTS_01 - Verify UI - Select Products page" />
                    <property name="Category" value="COB" />
                    <property name="Category" value="products" />
                    <property name="Category" value="ui" />
                    <property name="Category" value="regression" />
                    <property name="Category" value="smoke" />
                    <property name="Category" value="integration" />
                    <property name="Category" value="072016" />
                  </properties>
                  <output><![CDATA[Given I start my Streamline application
Navigating to URL: https://webappisamdev.asbbank.co.nz/public/join/asb/?grcDisabled=true
-> done: CommonSteps.GivenIStartMyStreamlineApplication() (0.5s)
Given I am in the Select Products page
12/6/2017 2:05:35 AMWaitForFeaturesPageLoad: Executing WaitForFrameAndSwitch
12/6/2017 2:05:35 AMWaitForFeaturesPageLoad: Done executing WaitForFrameAndSwitch
-> done: ProductsPageSteps.GivenIAmInTheSelectProductsPage() (14.7s)
Then the Streamline transaction account details are displayed
-> done: ProductsPageSteps.ThenTheStreamlineTransactionAccountDetailsAreDisplayed() (0.2s)
And the 'ASB Visa Debit Streamline Intro' details are displayed with preselected checkbox
-> done: ProductsPageSteps.ThenTheIsPreselected("ASB Visa Debit St...") (0.2s)
And the 'FastSaver' account details are displayed with an unselected checkbox
Unable to find product 'FastSaver' in page or product 'FastSaver' is not selected
-> done: ProductsPageSteps.ThenTheAccountDetailsAreDisplayedWithAnUnselectedCheckbox("FastSaver") (1.2s)
And the 'Savings On Call' account details are displayed with an unselected checkbox
Unable to find product 'Savings On Call' in page or product 'Savings On Call' is not selected
-> done: ProductsPageSteps.ThenTheAccountDetailsAreDisplayedWithAnUnselectedCheckbox("Savings On Call") (1.2s)
And the products disclaimer is displayed
-> done: ProductsPageSteps.ThenTheProductsDisclaimerIsDisplayed() (0.1s)
]]></output>
                </test-case>
              </test-suite>
              <test-suite type="TestFixture" id="0-1412" name="_03_PersonalDetailsFeature" fullname="Join.Form.Customer.Selenium.Features._03_PersonalDetailsFeature" classname="Join.Form.Customer.Selenium.Features._03_PersonalDetailsFeature" runstate="Runnable" testcasecount="35" result="Passed" start-time="2017-12-05 13:05:44Z" end-time="2017-12-05 13:06:49Z" duration="65.181189" total="2" passed="2" failed="0" warnings="0" inconclusive="0" skipped="0" asserts="4">
                <properties>
                  <property name="Description" value="03_PersonalDetails" />
                </properties>
                <test-case id="0-1428" name="PDETAILS_14_SearchAndSelectStandardAddress" fullname="Join.Form.Customer.Selenium.Features._03_PersonalDetailsFeature.PDETAILS_14_SearchAndSelectStandardAddress" methodname="PDETAILS_14_SearchAndSelectStandardAddress" classname="Join.Form.Customer.Selenium.Features._03_PersonalDetailsFeature" runstate="Runnable" seed="1884307219" result="Passed" start-time="2017-12-05 13:05:44Z" end-time="2017-12-05 13:06:20Z" duration="36.098346" asserts="2">
                  <properties>
                    <property name="Description" value="PDETAILS_14 - Search and select standard address" />
                    <property name="Category" value="COB" />
                    <property name="Category" value="personaldetails" />
                    <property name="Category" value="regression" />
                    <property name="Category" value="smoke" />
                    <property name="Category" value="ui" />
                    <property name="Category" value="integration" />
                    <property name="Category" value="072016" />
                  </properties>
                  <output><![CDATA[Given I start my Streamline application
Navigating to URL: https://webappisamdev.asbbank.co.nz/public/join/asb/?grcDisabled=true
-> done: CommonSteps.GivenIStartMyStreamlineApplication() (0.8s)
Given I am in the Personal Details page
12/6/2017 2:05:56 AMWaitForFeaturesPageLoad: Executing WaitForFrameAndSwitch
12/6/2017 2:05:56 AMWaitForFeaturesPageLoad: Done executing WaitForFrameAndSwitch
Unable to find product 'Savings On Call' in page or product 'Savings On Call' is not selected
Unable to find product 'FastSaver' in page or product 'FastSaver' is not selected
-> done: PersonalDetailsSteps.GivenIAmInThePersonalDetailsPage() (13.1s)
When I search and select '12 Lake Road, Kaitaia' as 'Standard' address
-> done: PersonalDetailsSteps.WhenISearchAndSelectAsAddress("12 Lake Road, Kai...", "Standard") (18.4s)
Then my 'Standard' address is displayed
-> done: PersonalDetailsSteps.ThenMyAddressIsDisplayed("Standard") (0.3s)
]]></output>
                </test-case>
                <test-case id="0-1429" name="PDETAILS_15_SearchAndSelectRuralDeliveryAddress" fullname="Join.Form.Customer.Selenium.Features._03_PersonalDetailsFeature.PDETAILS_15_SearchAndSelectRuralDeliveryAddress" methodname="PDETAILS_15_SearchAndSelectRuralDeliveryAddress" classname="Join.Form.Customer.Selenium.Features._03_PersonalDetailsFeature" runstate="Runnable" seed="1599318963" result="Passed" start-time="2017-12-05 13:06:20Z" end-time="2017-12-05 13:06:49Z" duration="29.043784" asserts="2">
                  <properties>
                    <property name="Description" value="PDETAILS_15 - Search and select rural delivery address" />
                    <property name="Category" value="COB" />
                    <property name="Category" value="personaldetails" />
                    <property name="Category" value="regression" />
                    <property name="Category" value="ui" />
                    <property name="Category" value="integration" />
                    <property name="Category" value="072016" />
                  </properties>
                  <output><![CDATA[Given I start my Streamline application
Navigating to URL: https://webappisamdev.asbbank.co.nz/public/join/asb/?grcDisabled=true
-> done: CommonSteps.GivenIStartMyStreamlineApplication() (0.5s)
Given I am in the Personal Details page
12/6/2017 2:06:32 AMWaitForFeaturesPageLoad: Executing WaitForFrameAndSwitch
12/6/2017 2:06:32 AMWaitForFeaturesPageLoad: Done executing WaitForFrameAndSwitch
Unable to find product 'Savings On Call' in page or product 'Savings On Call' is not selected
Unable to find product 'FastSaver' in page or product 'FastSaver' is not selected
-> done: PersonalDetailsSteps.GivenIAmInThePersonalDetailsPage() (13.2s)
When I search and select '21 Greens Road, RD 1, Kaiapoi' as 'Rural Delivery' address
-> done: PersonalDetailsSteps.WhenISearchAndSelectAsAddress("21 Greens Road, R...", "Rural Delivery") (14.0s)
Then my 'Rural Delivery' address is displayed
-> done: PersonalDetailsSteps.ThenMyAddressIsDisplayed("Rural Delivery") (0.2s)
]]></output>
                </test-case>
              </test-suite>
              <test-suite type="TestFixture" id="0-1520" name="_04_TaxDetailsFeature" fullname="Join.Form.Customer.Selenium.Features._04_TaxDetailsFeature" classname="Join.Form.Customer.Selenium.Features._04_TaxDetailsFeature" runstate="Runnable" testcasecount="95" result="Passed" start-time="2017-12-05 13:06:50Z" end-time="2017-12-05 13:07:33Z" duration="43.767088" total="1" passed="1" failed="0" warnings="0" inconclusive="0" skipped="0" asserts="30">
                <properties>
                  <property name="Description" value="04_TaxDetails" />
                </properties>
                <test-case id="0-1619" name="TAXINFO_27_TINNumberAddCoTR" fullname="Join.Form.Customer.Selenium.Features._04_TaxDetailsFeature.TAXINFO_27_TINNumberAddCoTR" methodname="TAXINFO_27_TINNumberAddCoTR" classname="Join.Form.Customer.Selenium.Features._04_TaxDetailsFeature" runstate="Runnable" seed="1958679191" result="Passed" start-time="2017-12-05 13:06:50Z" end-time="2017-12-05 13:07:33Z" duration="43.756889" asserts="30">
                  <properties>
                    <property name="Description" value="TAXINFO_27 - TIN number Add CoTR" />
                    <property name="Category" value="112017" />
                    <property name="Category" value="taxdetails" />
                    <property name="Category" value="ui" />
                    <property name="Category" value="smoke" />
                    <property name="Category" value="regression" />
                    <property name="Category" value="integration" />
                    <property name="Category" value="securitytest" />
                  </properties>
                  <output><![CDATA[Given I start my Streamline application
Navigating to URL: https://webappisamdev.asbbank.co.nz/public/join/asb/?grcDisabled=true
-> done: CommonSteps.GivenIStartMyStreamlineApplication() (0.7s)
And I am in the Personal Details page
12/6/2017 2:07:01 AMWaitForFeaturesPageLoad: Executing WaitForFrameAndSwitch
12/6/2017 2:07:02 AMWaitForFeaturesPageLoad: Done executing WaitForFrameAndSwitch
Unable to find product 'Savings On Call' in page or product 'Savings On Call' is not selected
Unable to find product 'FastSaver' in page or product 'FastSaver' is not selected
-> done: PersonalDetailsSteps.GivenIAmInThePersonalDetailsPage() (13.3s)
Given I enter all required details in the Personal details page and clicks on Next button:
  --- table step argument ---
  | Title | FirstName  | MiddleName | LastName | DateOfBirth   | Email             | MobileNumber   | CountriesCitizenship | PreferredIdType |
  | Miss  | Automation |            | FYICOB   | 16 March 1978 | cob2016@asb.co.nz | 021-1234567890 | New Zealand          | Other           |
-> done: PersonalDetailsSteps.WhenIEnterAllRequiredDetailsForPersonalDetailsPage(<table>) (17.8s)
Then the Tax Details page is displayed
-> done: AdditionalPersonalDetailsSteps.GivenIAmInTheTaxInformationPage() (0.0s)
When I select 'Yes' in the Are you currently a New Zealand tax resident question
-> done: AdditionalPersonalDetailsSteps.WhenISelectInTheAreYouANewZealandTaxResidentQuestion("Yes") (0.2s)
And I select 'Yes' in the Foreign tax resident question
-> done: AdditionalPersonalDetailsSteps.WhenISelectInTheForeignTaxResidentQuestion("Yes") (0.2s)
And I click Add a country button
-> done: AdditionalPersonalDetailsSteps.WhenIClickAddACountryButton() (0.2s)
Then the add CoTR takeover 'is' displayed
-> done: AdditionalPersonalDetailsSteps.ThenTheAddCoTRTakeoverDisplayed("is") (0.2s)
When I select the country 'Australia' in the Countries where you have Foreign Tax Residence dropdown
-> done: AdditionalPersonalDetailsSteps.WhenISelectTheCountryInTheCountriesWhereYouHaveForeignTaxResidenceDropdown("Australia") (0.3s)
Then the Foreign Tax Number field 'is' displayed
-> done: AdditionalPersonalDetailsSteps.ThenTheForeignTaxNumberFieldDisplayed("is") (0.1s)
And the Where can I find this number? link opens in a new window
-> done: AdditionalPersonalDetailsSteps.ThenTheWhereCanIFindThisNumberLinkOpensInANewWindow() (1.6s)
And the following blacklisted TINs are not accepted in Foreign Tax Number field
  --- table step argument ---
  | tin         |
  | n/a         |
  | na          |
  | n.a         |
  | n.a.        |
  | n a         |
  | tbd         |
  | t.b.d       |
  | t.b.d.      |
  | t b d       |
  | tbc         |
  | t.b.c       |
  | t.b.c.      |
  | t b c       |
  | unknown     |
  | -           |
  | --          |
  | ---         |
  | ----        |
  | -----       |
  | none        |
  | non         |
  | don't know  |
  | do not know |
  | <>          |
-> done: AdditionalPersonalDetailsSteps.ThenTheFollowingBlacklistedTINsAreNotAcceptedInForeignTaxNumberField(<table>) (5.9s)
]]></output>
                </test-case>
              </test-suite>
              <test-suite type="TestFixture" id="0-1102" name="_05_ASBLoginPageFeature" fullname="Join.Form.Customer.Selenium.Features._05_ASBLoginPageFeature" classname="Join.Form.Customer.Selenium.Features._05_ASBLoginPageFeature" runstate="Runnable" testcasecount="133" result="Passed" start-time="2017-12-05 13:07:33Z" end-time="2017-12-05 13:09:39Z" duration="125.644918" total="4" passed="4" failed="0" warnings="0" inconclusive="0" skipped="0" asserts="26">
                <properties>
                  <property name="Description" value="05_ASBLoginPage" />
                </properties>
                <test-suite type="ParameterizedMethod" id="0-1108" name="LOGIN_02_VerifyUsernameGeneration" fullname="Join.Form.Customer.Selenium.Features._05_ASBLoginPageFeature.LOGIN_02_VerifyUsernameGeneration" classname="Join.Form.Customer.Selenium.Features._05_ASBLoginPageFeature" runstate="Runnable" testcasecount="4" result="Passed" start-time="2017-12-05 13:07:33Z" end-time="2017-12-05 13:09:39Z" duration="125.639586" total="4" passed="4" failed="0" warnings="0" inconclusive="0" skipped="0" asserts="26">
                  <properties>
                    <property name="Description" value="LOGIN_02 - Verify username generation" />
                    <property name="Category" value="COB" />
                    <property name="Category" value="asblogin" />
                    <property name="Category" value="integration" />
                    <property name="Category" value="072016" />
                  </properties>
                  <test-case id="0-1104" name="LOGIN_02_VerifyUsernameGeneration(&quot;Update all&quot;,&quot;new First&quot;,&quot;new Last&quot;,&quot;true&quot;,null)" fullname="Join.Form.Customer.Selenium.Features._05_ASBLoginPageFeature.LOGIN_02_VerifyUsernameGeneration(&quot;Update all&quot;,&quot;new First&quot;,&quot;new Last&quot;,&quot;true&quot;,null)" methodname="LOGIN_02_VerifyUsernameGeneration" classname="Join.Form.Customer.Selenium.Features._05_ASBLoginPageFeature" runstate="Runnable" seed="1770100670" result="Passed" start-time="2017-12-05 13:07:33Z" end-time="2017-12-05 13:08:07Z" duration="33.797700" asserts="7">
                    <properties>
                      <property name="Category" value="regression" />
                      <property name="Category" value="smoke" />
                    </properties>
                    <output><![CDATA[Given I start my Streamline application
Navigating to URL: https://webappisamdev.asbbank.co.nz/public/join/asb/?grcDisabled=true
-> done: CommonSteps.GivenIStartMyStreamlineApplication() (0.9s)
And I am in the Personal Details page
12/6/2017 2:07:45 AMWaitForFeaturesPageLoad: Executing WaitForFrameAndSwitch
12/6/2017 2:07:45 AMWaitForFeaturesPageLoad: Done executing WaitForFrameAndSwitch
Unable to find product 'Savings On Call' in page or product 'Savings On Call' is not selected
Unable to find product 'FastSaver' in page or product 'FastSaver' is not selected
-> done: PersonalDetailsSteps.GivenIAmInThePersonalDetailsPage() (13.1s)
And I enter all required details in the Personal details page and clicks on Next button:
  --- table step argument ---
  | Title | FirstName | MiddleName | LastName | DateOfBirth   | Email             | MobileNumber   | CountriesCitizenship | PreferredIdType |
  | Miss  | Mary      | Middle     | Thomas   | 16 March 1978 | cob2016@asb.co.nz | 021-1234567890 | New Zealand          | Other           |
-> done: PersonalDetailsSteps.WhenIEnterAllRequiredDetailsForPersonalDetailsPage(<table>) (12.4s)
And I enter mandatory Tax Information for NZ citizen and clicks on Next button
-> done: AdditionalPersonalDetailsSteps.GivenIEnterMandatoryTaxInformationForNZCitizen() (0.6s)
Given I am in the ASB Login page
-> done: ASBLoginPageSteps.GivenIAmInTheASBLoginPage() (0.8s)
And the generated username is displayed
-> done: ASBLoginPageSteps.GivenTheGeneratedUsernameIsDisplayed() (0.5s)
When I click on 'Previous' button
-> done: CommonSteps.WhenIClickOnButton("Previous") (0.1s)
And I click on 'Previous' button
-> done: CommonSteps.WhenIClickOnButton("Previous") (0.2s)
And the 'Personal Details' screen of Join ASB page is displayed
-> done: CommonSteps.ThenTheScreenOfJoinASBPageIsDisplayed("Personal Details") (0.1s)
And I enter my Firstname as 'new First' and Lastname as 'new Last'
-> done: PersonalDetailsSteps.WhenIEnterMyFirstnameAsAndLastnameAs("new First", "new Last") (1.6s)
And I click on 'Next' button
-> done: CommonSteps.WhenIClickOnButton("Next") (0.1s)
And I click on 'Next' button
-> done: CommonSteps.WhenIClickOnButton("Next") (0.1s)
And the 'ASB Login' screen of Join ASB page is displayed
-> done: CommonSteps.ThenTheScreenOfJoinASBPageIsDisplayed("ASB Login") (0.1s)
Then I expect my username to be 'true'
-> done: ASBLoginPageSteps.ThenIExpectMyUsernameToBe(True) (0.3s)
]]></output>
                  </test-case>
                  <test-case id="0-1105" name="LOGIN_02_VerifyUsernameGeneration(&quot;No change&quot;,&quot;same&quot;,&quot;same&quot;,&quot;false&quot;,null)" fullname="Join.Form.Customer.Selenium.Features._05_ASBLoginPageFeature.LOGIN_02_VerifyUsernameGeneration(&quot;No change&quot;,&quot;same&quot;,&quot;same&quot;,&quot;false&quot;,null)" methodname="LOGIN_02_VerifyUsernameGeneration" classname="Join.Form.Customer.Selenium.Features._05_ASBLoginPageFeature" runstate="Runnable" seed="490706246" result="Passed" start-time="2017-12-05 13:08:07Z" end-time="2017-12-05 13:08:36Z" duration="28.387725" asserts="5">
                    <properties>
                      <property name="Category" value="regression" />
                    </properties>
                    <output><![CDATA[Given I start my Streamline application
Navigating to URL: https://webappisamdev.asbbank.co.nz/public/join/asb/?grcDisabled=true
-> done: CommonSteps.GivenIStartMyStreamlineApplication() (0.5s)
And I am in the Personal Details page
12/6/2017 2:08:19 AMWaitForFeaturesPageLoad: Executing WaitForFrameAndSwitch
12/6/2017 2:08:19 AMWaitForFeaturesPageLoad: Done executing WaitForFrameAndSwitch
Unable to find product 'Savings On Call' in page or product 'Savings On Call' is not selected
Unable to find product 'FastSaver' in page or product 'FastSaver' is not selected
-> done: PersonalDetailsSteps.GivenIAmInThePersonalDetailsPage() (13.1s)
And I enter all required details in the Personal details page and clicks on Next button:
  --- table step argument ---
  | Title | FirstName | MiddleName | LastName | DateOfBirth   | Email             | MobileNumber   | CountriesCitizenship | PreferredIdType |
  | Miss  | Mary      | Middle     | Thomas   | 16 March 1978 | cob2016@asb.co.nz | 021-1234567890 | New Zealand          | Other           |
-> done: PersonalDetailsSteps.WhenIEnterAllRequiredDetailsForPersonalDetailsPage(<table>) (11.9s)
And I enter mandatory Tax Information for NZ citizen and clicks on Next button
-> done: AdditionalPersonalDetailsSteps.GivenIEnterMandatoryTaxInformationForNZCitizen() (0.5s)
Given I am in the ASB Login page
-> done: ASBLoginPageSteps.GivenIAmInTheASBLoginPage() (0.3s)
And the generated username is displayed
-> done: ASBLoginPageSteps.GivenTheGeneratedUsernameIsDisplayed() (0.3s)
When I click on 'Previous' button
-> done: CommonSteps.WhenIClickOnButton("Previous") (0.1s)
And I click on 'Previous' button
-> done: CommonSteps.WhenIClickOnButton("Previous") (0.2s)
And the 'Personal Details' screen of Join ASB page is displayed
-> done: CommonSteps.ThenTheScreenOfJoinASBPageIsDisplayed("Personal Details") (0.0s)
And I enter my Firstname as 'same' and Lastname as 'same'
-> done: PersonalDetailsSteps.WhenIEnterMyFirstnameAsAndLastnameAs("same", "same") (0.0s)
And I click on 'Next' button
-> done: CommonSteps.WhenIClickOnButton("Next") (0.1s)
And I click on 'Next' button
-> done: CommonSteps.WhenIClickOnButton("Next") (0.1s)
And the 'ASB Login' screen of Join ASB page is displayed
-> done: CommonSteps.ThenTheScreenOfJoinASBPageIsDisplayed("ASB Login") (0.0s)
Then I expect my username to be 'false'
-> done: ASBLoginPageSteps.ThenIExpectMyUsernameToBe(False) (0.1s)
]]></output>
                  </test-case>
                  <test-case id="0-1106" name="LOGIN_02_VerifyUsernameGeneration(&quot;Update Firstname&quot;,&quot;new First&quot;,&quot;same&quot;,&quot;true&quot;,null)" fullname="Join.Form.Customer.Selenium.Features._05_ASBLoginPageFeature.LOGIN_02_VerifyUsernameGeneration(&quot;Update Firstname&quot;,&quot;new First&quot;,&quot;same&quot;,&quot;true&quot;,null)" methodname="LOGIN_02_VerifyUsernameGeneration" classname="Join.Form.Customer.Selenium.Features._05_ASBLoginPageFeature" runstate="Runnable" seed="694715736" result="Passed" start-time="2017-12-05 13:08:36Z" end-time="2017-12-05 13:09:07Z" duration="31.917775" asserts="7">
                    <properties>
                      <property name="Category" value="regression" />
                    </properties>
                    <output><![CDATA[Given I start my Streamline application
Navigating to URL: https://webappisamdev.asbbank.co.nz/public/join/asb/?grcDisabled=true
-> done: CommonSteps.GivenIStartMyStreamlineApplication() (0.7s)
And I am in the Personal Details page
12/6/2017 2:08:47 AMWaitForFeaturesPageLoad: Executing WaitForFrameAndSwitch
12/6/2017 2:08:47 AMWaitForFeaturesPageLoad: Done executing WaitForFrameAndSwitch
Unable to find product 'Savings On Call' in page or product 'Savings On Call' is not selected
Unable to find product 'FastSaver' in page or product 'FastSaver' is not selected
-> done: PersonalDetailsSteps.GivenIAmInThePersonalDetailsPage() (13.1s)
And I enter all required details in the Personal details page and clicks on Next button:
  --- table step argument ---
  | Title | FirstName | MiddleName | LastName | DateOfBirth   | Email             | MobileNumber   | CountriesCitizenship | PreferredIdType |
  | Miss  | Mary      | Middle     | Thomas   | 16 March 1978 | cob2016@asb.co.nz | 021-1234567890 | New Zealand          | Other           |
-> done: PersonalDetailsSteps.WhenIEnterAllRequiredDetailsForPersonalDetailsPage(<table>) (12.0s)
And I enter mandatory Tax Information for NZ citizen and clicks on Next button
-> done: AdditionalPersonalDetailsSteps.GivenIEnterMandatoryTaxInformationForNZCitizen() (0.6s)
Given I am in the ASB Login page
-> done: ASBLoginPageSteps.GivenIAmInTheASBLoginPage() (0.2s)
And the generated username is displayed
-> done: ASBLoginPageSteps.GivenTheGeneratedUsernameIsDisplayed() (0.2s)
When I click on 'Previous' button
-> done: CommonSteps.WhenIClickOnButton("Previous") (0.1s)
And I click on 'Previous' button
-> done: CommonSteps.WhenIClickOnButton("Previous") (0.2s)
And the 'Personal Details' screen of Join ASB page is displayed
-> done: CommonSteps.ThenTheScreenOfJoinASBPageIsDisplayed("Personal Details") (0.1s)
And I enter my Firstname as 'new First' and Lastname as 'same'
-> done: PersonalDetailsSteps.WhenIEnterMyFirstnameAsAndLastnameAs("new First", "same") (0.9s)
And I click on 'Next' button
-> done: CommonSteps.WhenIClickOnButton("Next") (0.1s)
And I click on 'Next' button
-> done: CommonSteps.WhenIClickOnButton("Next") (0.1s)
And the 'ASB Login' screen of Join ASB page is displayed
-> done: CommonSteps.ThenTheScreenOfJoinASBPageIsDisplayed("ASB Login") (0.1s)
Then I expect my username to be 'true'
-> done: ASBLoginPageSteps.ThenIExpectMyUsernameToBe(True) (0.2s)
]]></output>
                  </test-case>
                  <test-case id="0-1107" name="LOGIN_02_VerifyUsernameGeneration(&quot;Update Lastname&quot;,&quot;same&quot;,&quot;new Last&quot;,&quot;true&quot;,null)" fullname="Join.Form.Customer.Selenium.Features._05_ASBLoginPageFeature.LOGIN_02_VerifyUsernameGeneration(&quot;Update Lastname&quot;,&quot;same&quot;,&quot;new Last&quot;,&quot;true&quot;,null)" methodname="LOGIN_02_VerifyUsernameGeneration" classname="Join.Form.Customer.Selenium.Features._05_ASBLoginPageFeature" runstate="Runnable" seed="1795413575" result="Passed" start-time="2017-12-05 13:09:07Z" end-time="2017-12-05 13:09:39Z" duration="31.492808" asserts="7">
                    <properties>
                      <property name="Category" value="regression" />
                    </properties>
                    <output><![CDATA[Given I start my Streamline application
Navigating to URL: https://webappisamdev.asbbank.co.nz/public/join/asb/?grcDisabled=true
-> done: CommonSteps.GivenIStartMyStreamlineApplication() (0.6s)
And I am in the Personal Details page
12/6/2017 2:09:19 AMWaitForFeaturesPageLoad: Executing WaitForFrameAndSwitch
12/6/2017 2:09:19 AMWaitForFeaturesPageLoad: Done executing WaitForFrameAndSwitch
Unable to find product 'Savings On Call' in page or product 'Savings On Call' is not selected
Unable to find product 'FastSaver' in page or product 'FastSaver' is not selected
-> done: PersonalDetailsSteps.GivenIAmInThePersonalDetailsPage() (13.0s)
And I enter all required details in the Personal details page and clicks on Next button:
  --- table step argument ---
  | Title | FirstName | MiddleName | LastName | DateOfBirth   | Email             | MobileNumber   | CountriesCitizenship | PreferredIdType |
  | Miss  | Mary      | Middle     | Thomas   | 16 March 1978 | cob2016@asb.co.nz | 021-1234567890 | New Zealand          | Other           |
-> done: PersonalDetailsSteps.WhenIEnterAllRequiredDetailsForPersonalDetailsPage(<table>) (11.8s)
And I enter mandatory Tax Information for NZ citizen and clicks on Next button
-> done: AdditionalPersonalDetailsSteps.GivenIEnterMandatoryTaxInformationForNZCitizen() (0.6s)
Given I am in the ASB Login page
-> done: ASBLoginPageSteps.GivenIAmInTheASBLoginPage() (0.2s)
And the generated username is displayed
-> done: ASBLoginPageSteps.GivenTheGeneratedUsernameIsDisplayed() (0.2s)
When I click on 'Previous' button
-> done: CommonSteps.WhenIClickOnButton("Previous") (0.1s)
And I click on 'Previous' button
-> done: CommonSteps.WhenIClickOnButton("Previous") (0.2s)
And the 'Personal Details' screen of Join ASB page is displayed
-> done: CommonSteps.ThenTheScreenOfJoinASBPageIsDisplayed("Personal Details") (0.1s)
And I enter my Firstname as 'same' and Lastname as 'new Last'
-> done: PersonalDetailsSteps.WhenIEnterMyFirstnameAsAndLastnameAs("same", "new Last") (1.1s)
And I click on 'Next' button
-> done: CommonSteps.WhenIClickOnButton("Next") (0.1s)
And I click on 'Next' button
-> done: CommonSteps.WhenIClickOnButton("Next") (0.1s)
And the 'ASB Login' screen of Join ASB page is displayed
-> done: CommonSteps.ThenTheScreenOfJoinASBPageIsDisplayed("ASB Login") (0.2s)
Then I expect my username to be 'true'
-> done: ASBLoginPageSteps.ThenIExpectMyUsernameToBe(True) (0.3s)
]]></output>
                  </test-case>
                </test-suite>
              </test-suite>
              <test-suite type="TestFixture" id="0-1472" name="_06_SummaryPageFeature" fullname="Join.Form.Customer.Selenium.Features._06_SummaryPageFeature" classname="Join.Form.Customer.Selenium.Features._06_SummaryPageFeature" runstate="Runnable" testcasecount="42" result="Failed" site="Child" start-time="2017-12-05 13:09:39Z" end-time="2017-12-05 13:15:48Z" duration="368.912917" total="1" passed="0" failed="1" warnings="0" inconclusive="0" skipped="0" asserts="2">
                <properties>
                  <property name="Description" value="06_SummaryPage" />
                </properties>
                <failure>
                  <message><![CDATA[One or more child tests had errors]]></message>
                </failure>
                <test-case id="0-1497" name="SUMMARY_09_VerifyThePageBehaviourWhenTheUserClicksOnConfirmButton" fullname="Join.Form.Customer.Selenium.Features._06_SummaryPageFeature.SUMMARY_09_VerifyThePageBehaviourWhenTheUserClicksOnConfirmButton" methodname="SUMMARY_09_VerifyThePageBehaviourWhenTheUserClicksOnConfirmButton" classname="Join.Form.Customer.Selenium.Features._06_SummaryPageFeature" runstate="Runnable" seed="1989704163" result="Failed" label="Error" start-time="2017-12-05 13:09:39Z" end-time="2017-12-05 13:15:48Z" duration="368.893912" asserts="2">
                  <properties>
                    <property name="Description" value="SUMMARY_09 - Verify the page behaviour when the user clicks on Confirm button" />
                    <property name="Category" value="COB" />
                    <property name="Category" value="summary" />
                    <property name="Category" value="integration" />
                    <property name="Category" value="072016" />
                    <property name="Category" value="112017" />
                  </properties>
                  <failure>
                    <message><![CDATA[System.Exception : no such element: Unable to locate element: {"method":"css selector","selector":"#loggingYouIn"}
  (Session info: chrome=60.0.3112.78)
  (Driver info: chromedriver=2.29.461591 (62ebf098771772160f391d75e589dc567915b233),platform=Windows NT 6.3.9600 x86_64)
  ----> OpenQA.Selenium.NoSuchElementException : no such element: Unable to locate element: {"method":"css selector","selector":"#loggingYouIn"}
  (Session info: chrome=60.0.3112.78)
  (Driver info: chromedriver=2.29.461591 (62ebf098771772160f391d75e589dc567915b233),platform=Windows NT 6.3.9600 x86_64)]]></message>
                    <stack-trace><![CDATA[   at ASB.Test.Automation.Utils.Retry.Retry.Execute(Func`1 function, Int32 retryInterval, Int32 retryCount, String exceptionMessage)
   at Join.Form.Customer.Selenium.StepDefinitions.ConfirmationPageSteps.ThenTheLoggingYouInProgressPageIsDisplayed()
   at TechTalk.SpecFlow.Bindings.BindingInvoker.InvokeBinding(IBinding binding, IContextManager contextManager, Object[] arguments, ITestTracer testTracer, TimeSpan& duration)
   at TechTalk.SpecFlow.Infrastructure.TestExecutionEngine.ExecuteStepMatch(BindingMatch match, Object[] arguments)
   at TechTalk.SpecFlow.Infrastructure.TestExecutionEngine.ExecuteStep(StepInstance stepInstance)
   at TechTalk.SpecFlow.Infrastructure.TestExecutionEngine.OnAfterLastStep()
   at Join.Form.Customer.Selenium.Features._06_SummaryPageFeature.ScenarioCleanup()
   at Join.Form.Customer.Selenium.Features._06_SummaryPageFeature.SUMMARY_09_VerifyThePageBehaviourWhenTheUserClicksOnConfirmButton()
--NoSuchElementException
   at OpenQA.Selenium.Remote.RemoteWebDriver.UnpackAndThrowOnError(Response errorResponse)
   at OpenQA.Selenium.Remote.RemoteWebDriver.Execute(String driverCommandToExecute, Dictionary`2 parameters)
   at OpenQA.Selenium.Remote.RemoteWebDriver.FindElement(String mechanism, String value)
   at Join.Form.Customer.Selenium.Pages.FeaturesPage.IsPageActive(String pageName, IWebDriver driver)
   at Join.Form.Customer.Selenium.StepDefinitions.ConfirmationPageSteps.<ThenTheLoggingYouInProgressPageIsDisplayed>b__9_0()
   at ASB.Test.Automation.Utils.Retry.Retry.Execute(Func`1 function, Int32 retryInterval, Int32 retryCount, String exceptionMessage)]]></stack-trace>
                  </failure>
                  <output><![CDATA[Given I start my Streamline application
Navigating to URL: https://webappisamdev.asbbank.co.nz/public/join/asb/?grcDisabled=true
-> done: CommonSteps.GivenIStartMyStreamlineApplication() (0.6s)
And I am in the Personal Details page
12/6/2017 2:09:51 AMWaitForFeaturesPageLoad: Executing WaitForFrameAndSwitch
12/6/2017 2:09:51 AMWaitForFeaturesPageLoad: Done executing WaitForFrameAndSwitch
Unable to find product 'Savings On Call' in page or product 'Savings On Call' is not selected
Unable to find product 'FastSaver' in page or product 'FastSaver' is not selected
-> done: PersonalDetailsSteps.GivenIAmInThePersonalDetailsPage() (13.1s)
And I enter all required details in the Personal details page and clicks on Next button:
  --- table step argument ---
  | Title | FirstName  | MiddleName | LastName | DateOfBirth   | Email             | MobileNumber   | CountriesCitizenship | PreferredIdType |
  | Miss  | Automation | Middle     | RANDOM   | 16 March 1978 | cob2016@asb.co.nz | 021-1234567890 | New Zealand          | Other           |
-> done: PersonalDetailsSteps.WhenIEnterAllRequiredDetailsForPersonalDetailsPage(<table>) (12.8s)
And I enter mandatory Tax Information for NZ citizen and clicks on Next button
-> done: AdditionalPersonalDetailsSteps.GivenIEnterMandatoryTaxInformationForNZCitizen() (0.5s)
And I enter 'Kiwi77nz' password and 'MyCode01' verbal password in the ASB Login page and clicks on Next button
-> done: ASBLoginPageSteps.WhenIEnterPasswordAndVerbalPasswordInTheASBLoginPageAndClicksOnNextButton("Kiwi77nz", "MyCode01") (1.2s)
Given I am in the Summary page
-> done: SummaryPageSteps.GivenIAmInTheSummaryPage() (0.1s)
When I 'mark' the I agree to the Terms and Conditions checkbox
-> done: SummaryPageSteps.WhenITheIAgreeCheckbox("mark") (1.1s)
And I 'mark' the I agree to the Background Address verification checkbox
-> done: SummaryPageSteps.WhenITheIAgreeToTheBackgroundAddressVerificationCheckbox("mark") (1.1s)
And I click on 'Confirm' button
-> done: CommonSteps.WhenIClickOnButton("Confirm") (0.1s)
Then the 'Processing' screen of Join ASB page is displayed
-> done: CommonSteps.ThenTheScreenOfJoinASBPageIsDisplayed("Processing") (0.0s)
And the Logging you in progress page is displayed
-> error: no such element: Unable to locate element: {"method":"css selector","selector":"#loggingYouIn"}
  (Session info: chrome=60.0.3112.78)
  (Driver info: chromedriver=2.29.461591 (62ebf098771772160f391d75e589dc567915b233),platform=Windows NT 6.3.9600 x86_64)
And the Activation page is displayed
-> skipped because of previous errors
]]></output>
                </test-case>
              </test-suite>
              <test-suite type="TestFixture" id="0-1251" name="_07_ConfirmationFeature" fullname="Join.Form.Customer.Selenium.Features._07_ConfirmationFeature" classname="Join.Form.Customer.Selenium.Features._07_ConfirmationFeature" runstate="Runnable" testcasecount="12" result="Failed" site="Child" start-time="2017-12-05 13:15:48Z" end-time="2017-12-05 13:20:44Z" duration="295.639593" total="6" passed="5" failed="1" warnings="0" inconclusive="0" skipped="0" asserts="107">
                <properties>
                  <property name="Description" value="07_Confirmation" />
                </properties>
                <failure>
                  <message><![CDATA[One or more child tests had errors]]></message>
                </failure>
                <test-case id="0-1252" name="CNFM_01_VerifyConfirmationScreen_BadCustomerCheckBlock" fullname="Join.Form.Customer.Selenium.Features._07_ConfirmationFeature.CNFM_01_VerifyConfirmationScreen_BadCustomerCheckBlock" methodname="CNFM_01_VerifyConfirmationScreen_BadCustomerCheckBlock" classname="Join.Form.Customer.Selenium.Features._07_ConfirmationFeature" runstate="Runnable" seed="1772304776" result="Passed" start-time="2017-12-05 13:15:48Z" end-time="2017-12-05 13:16:32Z" duration="44.275422" asserts="19">
                  <properties>
                    <property name="Description" value="CNFM_01 - Verify Confirmation screen - Bad Customer check (block)" />
                    <property name="Category" value="COB" />
                    <property name="Category" value="confirmation" />
                    <property name="Category" value="regression" />
                    <property name="Category" value="integration" />
                    <property name="Category" value="072016" />
                  </properties>
                  <output><![CDATA[Given I start my Streamline application
Navigating to URL: https://webappisamdev.asbbank.co.nz/public/join/asb/?grcDisabled=true
-> done: CommonSteps.GivenIStartMyStreamlineApplication() (0.6s)
Given I select the following products: 'Streamline intro, ASB Visa Debit Streamline Intro'
12/6/2017 2:16:00 AMWaitForFeaturesPageLoad: Executing WaitForFrameAndSwitch
12/6/2017 2:16:00 AMWaitForFeaturesPageLoad: Done executing WaitForFrameAndSwitch
Unable to find product 'FastSaver' in page or product 'FastSaver' is not selected
Unable to find product 'Savings On Call' in page or product 'Savings On Call' is not selected
Unable to find product 'Savings On Call' in page or product 'Savings On Call' is not selected
Unable to find product 'FastSaver' in page or product 'FastSaver' is not selected
-> done: ProductsPageSteps.WhenIChangeMySelectedProductsTo("Streamline intro,...") (15.1s)
And I enter all required details and navigate to Summary page
  --- table step argument ---
  | Title | FirstName | MiddleName | LastName | DateOfBirth | Email             | MobileNumber | CountriesCitizenship | PreferredIdType | Password | VerbalPassword |
  | Mr    | Michael   | Sam        | Wayne    | 1 June 1983 | cob2016@asb.co.nz | 021-RANDOM   | New Zealand          | Other           | Kiwi77nz | MyCode01       |
Given I enter mandatory Tax Information for NZ citizen and clicks on Next button
-> done: AdditionalPersonalDetailsSteps.GivenIEnterMandatoryTaxInformationForNZCitizen() (0.6s)
-> done: PersonalDetailsSteps.GivenIEnterAllRequiredDetailsAndNavigateToSummaryPage(<table>) (15.7s)
When I confirm details on the Summary page
UniqueId: 
Title: Mr
FirstName: Michael
MiddleName: Sam
LastName: Wayne
Email: cob2016@asb.co.nz
Gender: 
DateOfBirth: 6/1/1983 12:00:00 AM
DateCreated: 
LastReviewDate: 
Cals: 
IsIndividual: 
NzCitizen: 
NzResidence: 
HighValueCustomer: 
StaffMember: 
AmlVerified: 
VipCustomer: 
Addresses: System.Collections.Generic.List`1[ASB.Selenium.DataModel.Customer.Address]
AddressInformation: ASB.Selenium.DataModel.Customer.AddressInformation
CompanyName: 
CompanyType: 
CompanySubType: 
CustomerTypeCode: 
IrdNumber: 
TaxClass: 
TaxClassDate: 
IsNzTaxResident: True
NonResidentCountryCode: 
IsForeignTaxResident: False
ForeignTaxResidencyStatus: 
IsProfileEnhanced: 
Phones: System.Collections.Generic.List`1[ASB.Selenium.DataModel.Customer.Phone]
NextOfKin: 
EmploymentDetails: 
LinkedCustomers: 
AccountRelationships: 
IdType: 
Fatca: ASB.Selenium.DataModel.Customer.Fatca
CitizenshipCountryCodes: 
CitizenshipCountryNames: System.Collections.Generic.List`1[System.String]
ForeignTaxResidenceTypes: System.Collections.Generic.List`1[ASB.Selenium.DataModel.Customer.ForeignTaxResidenceTypes]
OnboardingDetail: ASB.Selenium.DataModel.Customer.OnboardingDetail
AddressVerificationStatus: 
IdVerificationStatus: 
PreferredIdType: Other
IsProfileComplete: True
DaysRemaining: 0
OnboardingStatus: 
NewAccounts: System.Collections.Generic.List`1[ASB.Selenium.DataModel.Customer.Accounts]
FailedAccounts: System.Collections.Generic.List`1[ASB.Selenium.DataModel.Customer.Accounts]
OnboardingSource: JoinASB
CustomerCreated: 
LoginCreated: 
RegisteredForNetcode: 
AccountsCreated: 
CustomerAccessToken: 
VerificationPassword: MyCode01
LoginDetail: ASB.Selenium.DataModel.Customer.Login
CustomerType: 
Cif: 
Username: mway04899
UsernameApi: 
Password: Kiwi77nz
PublicKey: 
AcceptedTermsAndConditions: 
BackgroundCheckConsent: 
PreferredIdType: 
-> done: SummaryPageSteps.WhenIConfirmDetailsOnTheSummaryPage() (2.9s)
Then System Unavailable screen is displayed
-> done: ConfirmationPageSteps.ThenSystemUnavailableScreenIsDisplayed("is") (1.6s)
And a message advising me of difficulties signing me up online and to contact ASB is displayed
-> done: ConfirmationPageSteps.ThenAMessageAdvisingMeOfDifficultiesSigningMeUpOnlineAndToContactASBIsDisplayed("is") (0.0s)
And the Confirmation page for duplicate 'bad' customer with open products is displayed
Unable to find FNC Login section!
-> done: ConfirmationPageSteps.ThenTheConfirmationPageForCustomerIsDisplayed("bad") (2.2s)
And the 'Find a branch' button opens in a new window
-> done: CommonSteps.ThenTheButtonOpensInANewWindow("Find a branch") (2.6s)
]]></output>
                </test-case>
                <test-suite type="ParameterizedMethod" id="0-1257" name="CNFM_02_ExistingCustomerCheck_DifferentOpenProducts" fullname="Join.Form.Customer.Selenium.Features._07_ConfirmationFeature.CNFM_02_ExistingCustomerCheck_DifferentOpenProducts" classname="Join.Form.Customer.Selenium.Features._07_ConfirmationFeature" runstate="Runnable" testcasecount="4" result="Passed" start-time="2017-12-05 13:16:32Z" end-time="2017-12-05 13:19:24Z" duration="171.524849" total="4" passed="4" failed="0" warnings="0" inconclusive="0" skipped="0" asserts="60">
                  <properties>
                    <property name="Description" value="CNFM_02 - Existing Customer check - Different Open Products" />
                    <property name="Category" value="COB" />
                    <property name="Category" value="confirmation" />
                    <property name="Category" value="offline" />
                    <property name="Category" value="integration" />
                    <property name="Category" value="regression" />
                    <property name="Category" value="072016" />
                  </properties>
                  <test-case id="0-1253" name="CNFM_02_ExistingCustomerCheck_DifferentOpenProducts(&quot;Open Good&quot;,&quot;Mr&quot;,&quot;Good&quot;,&quot;Sam&quot;,&quot;Man&quot;,&quot;1 January 1980&quot;,System.String[])" fullname="Join.Form.Customer.Selenium.Features._07_ConfirmationFeature.CNFM_02_ExistingCustomerCheck_DifferentOpenProducts(&quot;Open Good&quot;,&quot;Mr&quot;,&quot;Good&quot;,&quot;Sam&quot;,&quot;Man&quot;,&quot;1 January 1980&quot;,System.String[])" methodname="CNFM_02_ExistingCustomerCheck_DifferentOpenProducts" classname="Join.Form.Customer.Selenium.Features._07_ConfirmationFeature" runstate="Runnable" seed="1007119260" result="Passed" start-time="2017-12-05 13:16:32Z" end-time="2017-12-05 13:17:12Z" duration="39.893371" asserts="15">
                    <properties />
                    <output><![CDATA[Given I start my Streamline application
Navigating to URL: https://webappisamdev.asbbank.co.nz/public/join/asb/?grcDisabled=true
-> done: CommonSteps.GivenIStartMyStreamlineApplication() (1.1s)
Given I select the following products: 'Streamline intro,ASB Visa Debit Streamline Intro'
12/6/2017 2:16:45 AMWaitForFeaturesPageLoad: Executing WaitForFrameAndSwitch
12/6/2017 2:16:45 AMWaitForFeaturesPageLoad: Done executing WaitForFrameAndSwitch
Unable to find product 'FastSaver' in page or product 'FastSaver' is not selected
Unable to find product 'Savings On Call' in page or product 'Savings On Call' is not selected
Unable to find product 'Savings On Call' in page or product 'Savings On Call' is not selected
Unable to find product 'FastSaver' in page or product 'FastSaver' is not selected
-> done: ProductsPageSteps.WhenIChangeMySelectedProductsTo("Streamline intro,...") (15.1s)
And I enter personal and login details Mr,Good,Sam,Man,1 January 1980,cob2016@asb.co.nz,021-RANDOM,New Zealand,Other,Kiwi77nz,verbal123,false
Given I enter mandatory Tax Information for NZ citizen and clicks on Next button
-> done: AdditionalPersonalDetailsSteps.GivenIEnterMandatoryTaxInformationForNZCitizen() (0.6s)
-> done: PersonalDetailsSteps.GivenIEnterPersonalAndLoginDetails("Mr", "Good", "Sam", "Man", "1 January 1980", "cob2016@asb.co.nz", "021-RANDOM", "New Zealand", "Other", "Kiwi77nz", "verbal123", "false") (16.1s)
When I confirm details on the Summary page
UniqueId: 
Title: Mr
FirstName: Good
MiddleName: Sam
LastName: Man
Email: cob2016@asb.co.nz
Gender: 
DateOfBirth: 1/1/1980 12:00:00 AM
DateCreated: 
LastReviewDate: 
Cals: 
IsIndividual: 
NzCitizen: 
NzResidence: 
HighValueCustomer: 
StaffMember: 
AmlVerified: 
VipCustomer: 
Addresses: System.Collections.Generic.List`1[ASB.Selenium.DataModel.Customer.Address]
AddressInformation: ASB.Selenium.DataModel.Customer.AddressInformation
CompanyName: 
CompanyType: 
CompanySubType: 
CustomerTypeCode: 
IrdNumber: 
TaxClass: 
TaxClassDate: 
IsNzTaxResident: True
NonResidentCountryCode: 
IsForeignTaxResident: False
ForeignTaxResidencyStatus: 
IsProfileEnhanced: 
Phones: System.Collections.Generic.List`1[ASB.Selenium.DataModel.Customer.Phone]
NextOfKin: 
EmploymentDetails: 
LinkedCustomers: 
AccountRelationships: 
IdType: 
Fatca: ASB.Selenium.DataModel.Customer.Fatca
CitizenshipCountryCodes: 
CitizenshipCountryNames: System.Collections.Generic.List`1[System.String]
ForeignTaxResidenceTypes: System.Collections.Generic.List`1[ASB.Selenium.DataModel.Customer.ForeignTaxResidenceTypes]
OnboardingDetail: ASB.Selenium.DataModel.Customer.OnboardingDetail
AddressVerificationStatus: 
IdVerificationStatus: 
PreferredIdType: Other
IsProfileComplete: True
DaysRemaining: 0
OnboardingStatus: 
NewAccounts: System.Collections.Generic.List`1[ASB.Selenium.DataModel.Customer.Accounts]
FailedAccounts: System.Collections.Generic.List`1[ASB.Selenium.DataModel.Customer.Accounts]
OnboardingSource: JoinASB
CustomerCreated: 
LoginCreated: 
RegisteredForNetcode: 
AccountsCreated: 
CustomerAccessToken: 
VerificationPassword: verbal123
LoginDetail: ASB.Selenium.DataModel.Customer.Login
CustomerType: 
Cif: 
Username: gman59781
UsernameApi: 
Password: Kiwi77nz
PublicKey: 
AcceptedTermsAndConditions: 
BackgroundCheckConsent: 
PreferredIdType: 
-> done: SummaryPageSteps.WhenIConfirmDetailsOnTheSummaryPage() (2.9s)
Then the Confirmation page for duplicate 'good' customer with open products is displayed
-> done: ConfirmationPageSteps.ThenTheConfirmationPageForCustomerIsDisplayed("good") (1.5s)
]]></output>
                  </test-case>
                  <test-case id="0-1254" name="CNFM_02_ExistingCustomerCheck_DifferentOpenProducts(&quot;Closed Bad&quot;,&quot;Mrs&quot;,&quot;Butcher&quot;,&quot;Close&quot;,&quot;Wolf&quot;,&quot;1 January 1980&quot;,System.String[])" fullname="Join.Form.Customer.Selenium.Features._07_ConfirmationFeature.CNFM_02_ExistingCustomerCheck_DifferentOpenProducts(&quot;Closed Bad&quot;,&quot;Mrs&quot;,&quot;Butcher&quot;,&quot;Close&quot;,&quot;Wolf&quot;,&quot;1 January 1980&quot;,System.String[])" methodname="CNFM_02_ExistingCustomerCheck_DifferentOpenProducts" classname="Join.Form.Customer.Selenium.Features._07_ConfirmationFeature" runstate="Runnable" seed="1462432196" result="Passed" start-time="2017-12-05 13:17:12Z" end-time="2017-12-05 13:17:59Z" duration="46.352003" asserts="15">
                    <properties />
                    <output><![CDATA[Given I start my Streamline application
Navigating to URL: https://webappisamdev.asbbank.co.nz/public/join/asb/?grcDisabled=true
-> done: CommonSteps.GivenIStartMyStreamlineApplication() (1.0s)
Given I select the following products: 'Streamline intro,ASB Visa Debit Streamline Intro'
12/6/2017 2:17:24 AMWaitForFeaturesPageLoad: Executing WaitForFrameAndSwitch
12/6/2017 2:17:24 AMWaitForFeaturesPageLoad: Done executing WaitForFrameAndSwitch
Unable to find product 'FastSaver' in page or product 'FastSaver' is not selected
Unable to find product 'Savings On Call' in page or product 'Savings On Call' is not selected
Unable to find product 'Savings On Call' in page or product 'Savings On Call' is not selected
Unable to find product 'FastSaver' in page or product 'FastSaver' is not selected
-> done: ProductsPageSteps.WhenIChangeMySelectedProductsTo("Streamline intro,...") (15.1s)
And I enter personal and login details Mrs,Butcher,Close,Wolf,1 January 1980,cob2016@asb.co.nz,021-RANDOM,New Zealand,Other,Kiwi77nz,verbal123,false
Given I enter mandatory Tax Information for NZ citizen and clicks on Next button
-> done: AdditionalPersonalDetailsSteps.GivenIEnterMandatoryTaxInformationForNZCitizen() (0.6s)
-> done: PersonalDetailsSteps.GivenIEnterPersonalAndLoginDetails("Mrs", "Butcher", "Close", "Wolf", "1 January 1980", "cob2016@asb.co.nz", "021-RANDOM", "New Zealand", "Other", "Kiwi77nz", "verbal123", "false") (21.6s)
When I confirm details on the Summary page
UniqueId: 
Title: Mrs
FirstName: Butcher
MiddleName: Close
LastName: Wolf
Email: cob2016@asb.co.nz
Gender: 
DateOfBirth: 1/1/1980 12:00:00 AM
DateCreated: 
LastReviewDate: 
Cals: 
IsIndividual: 
NzCitizen: 
NzResidence: 
HighValueCustomer: 
StaffMember: 
AmlVerified: 
VipCustomer: 
Addresses: System.Collections.Generic.List`1[ASB.Selenium.DataModel.Customer.Address]
AddressInformation: ASB.Selenium.DataModel.Customer.AddressInformation
CompanyName: 
CompanyType: 
CompanySubType: 
CustomerTypeCode: 
IrdNumber: 
TaxClass: 
TaxClassDate: 
IsNzTaxResident: True
NonResidentCountryCode: 
IsForeignTaxResident: False
ForeignTaxResidencyStatus: 
IsProfileEnhanced: 
Phones: System.Collections.Generic.List`1[ASB.Selenium.DataModel.Customer.Phone]
NextOfKin: 
EmploymentDetails: 
LinkedCustomers: 
AccountRelationships: 
IdType: 
Fatca: ASB.Selenium.DataModel.Customer.Fatca
CitizenshipCountryCodes: 
CitizenshipCountryNames: System.Collections.Generic.List`1[System.String]
ForeignTaxResidenceTypes: System.Collections.Generic.List`1[ASB.Selenium.DataModel.Customer.ForeignTaxResidenceTypes]
OnboardingDetail: ASB.Selenium.DataModel.Customer.OnboardingDetail
AddressVerificationStatus: 
IdVerificationStatus: 
PreferredIdType: Other
IsProfileComplete: True
DaysRemaining: 0
OnboardingStatus: 
NewAccounts: System.Collections.Generic.List`1[ASB.Selenium.DataModel.Customer.Accounts]
FailedAccounts: System.Collections.Generic.List`1[ASB.Selenium.DataModel.Customer.Accounts]
OnboardingSource: JoinASB
CustomerCreated: 
LoginCreated: 
RegisteredForNetcode: 
AccountsCreated: 
CustomerAccessToken: 
VerificationPassword: verbal123
LoginDetail: ASB.Selenium.DataModel.Customer.Login
CustomerType: 
Cif: 
Username: bwol42678
UsernameApi: 
Password: Kiwi77nz
PublicKey: 
AcceptedTermsAndConditions: 
BackgroundCheckConsent: 
PreferredIdType: 
-> done: SummaryPageSteps.WhenIConfirmDetailsOnTheSummaryPage() (2.8s)
Then the Confirmation page for duplicate 'good' customer with open products is displayed
-> done: ConfirmationPageSteps.ThenTheConfirmationPageForCustomerIsDisplayed("good") (2.3s)
]]></output>
                  </test-case>
                  <test-case id="0-1255" name="CNFM_02_ExistingCustomerCheck_DifferentOpenProducts(&quot;Transactional Only&quot;,&quot;Ms&quot;,&quot;Hamel&quot;,&quot;Ineunt&quot;,&quot;GIPSYWEED&quot;,&quot;29 October 1958&quot;,System.String[])" fullname="Join.Form.Customer.Selenium.Features._07_ConfirmationFeature.CNFM_02_ExistingCustomerCheck_DifferentOpenProducts(&quot;Transactional Only&quot;,&quot;Ms&quot;,&quot;Hamel&quot;,&quot;Ineunt&quot;,&quot;GIPSYWEED&quot;,&quot;29 October 1958&quot;,System.String[])" methodname="CNFM_02_ExistingCustomerCheck_DifferentOpenProducts" classname="Join.Form.Customer.Selenium.Features._07_ConfirmationFeature" runstate="Runnable" seed="2078913997" result="Passed" start-time="2017-12-05 13:17:59Z" end-time="2017-12-05 13:18:45Z" duration="46.985783" asserts="15">
                    <properties />
                    <output><![CDATA[Given I start my Streamline application
Navigating to URL: https://webappisamdev.asbbank.co.nz/public/join/asb/?grcDisabled=true
-> done: CommonSteps.GivenIStartMyStreamlineApplication() (0.8s)
Given I select the following products: 'Streamline intro,ASB Visa Debit Streamline Intro'
12/6/2017 2:18:10 AMWaitForFeaturesPageLoad: Executing WaitForFrameAndSwitch
12/6/2017 2:18:10 AMWaitForFeaturesPageLoad: Done executing WaitForFrameAndSwitch
Unable to find product 'FastSaver' in page or product 'FastSaver' is not selected
Unable to find product 'Savings On Call' in page or product 'Savings On Call' is not selected
Unable to find product 'Savings On Call' in page or product 'Savings On Call' is not selected
Unable to find product 'FastSaver' in page or product 'FastSaver' is not selected
-> done: ProductsPageSteps.WhenIChangeMySelectedProductsTo("Streamline intro,...") (15.1s)
And I enter personal and login details Ms,Hamel,Ineunt,GIPSYWEED,29 October 1958,cob2016@asb.co.nz,021-RANDOM,New Zealand,Other,Kiwi77nz,verbal123,false
Given I enter mandatory Tax Information for NZ citizen and clicks on Next button
-> done: AdditionalPersonalDetailsSteps.GivenIEnterMandatoryTaxInformationForNZCitizen() (0.7s)
-> done: PersonalDetailsSteps.GivenIEnterPersonalAndLoginDetails("Ms", "Hamel", "Ineunt", "GIPSYWEED", "29 October 1958", "cob2016@asb.co.nz", "021-RANDOM", "New Zealand", "Other", "Kiwi77nz", "verbal123", "false") (23.8s)
When I confirm details on the Summary page
UniqueId: 
Title: Ms
FirstName: Hamel
MiddleName: Ineunt
LastName: GIPSYWEED
Email: cob2016@asb.co.nz
Gender: 
DateOfBirth: 10/29/1958 12:00:00 AM
DateCreated: 
LastReviewDate: 
Cals: 
IsIndividual: 
NzCitizen: 
NzResidence: 
HighValueCustomer: 
StaffMember: 
AmlVerified: 
VipCustomer: 
Addresses: System.Collections.Generic.List`1[ASB.Selenium.DataModel.Customer.Address]
AddressInformation: ASB.Selenium.DataModel.Customer.AddressInformation
CompanyName: 
CompanyType: 
CompanySubType: 
CustomerTypeCode: 
IrdNumber: 
TaxClass: 
TaxClassDate: 
IsNzTaxResident: True
NonResidentCountryCode: 
IsForeignTaxResident: False
ForeignTaxResidencyStatus: 
IsProfileEnhanced: 
Phones: System.Collections.Generic.List`1[ASB.Selenium.DataModel.Customer.Phone]
NextOfKin: 
EmploymentDetails: 
LinkedCustomers: 
AccountRelationships: 
IdType: 
Fatca: ASB.Selenium.DataModel.Customer.Fatca
CitizenshipCountryCodes: 
CitizenshipCountryNames: System.Collections.Generic.List`1[System.String]
ForeignTaxResidenceTypes: System.Collections.Generic.List`1[ASB.Selenium.DataModel.Customer.ForeignTaxResidenceTypes]
OnboardingDetail: ASB.Selenium.DataModel.Customer.OnboardingDetail
AddressVerificationStatus: 
IdVerificationStatus: 
PreferredIdType: Other
IsProfileComplete: True
DaysRemaining: 0
OnboardingStatus: 
NewAccounts: System.Collections.Generic.List`1[ASB.Selenium.DataModel.Customer.Accounts]
FailedAccounts: System.Collections.Generic.List`1[ASB.Selenium.DataModel.Customer.Accounts]
OnboardingSource: JoinASB
CustomerCreated: 
LoginCreated: 
RegisteredForNetcode: 
AccountsCreated: 
CustomerAccessToken: 
VerificationPassword: verbal123
LoginDetail: ASB.Selenium.DataModel.Customer.Login
CustomerType: 
Cif: 
Username: hgip78046
UsernameApi: 
Password: Kiwi77nz
PublicKey: 
AcceptedTermsAndConditions: 
BackgroundCheckConsent: 
PreferredIdType: 
-> done: SummaryPageSteps.WhenIConfirmDetailsOnTheSummaryPage() (2.8s)
Then the Confirmation page for duplicate 'good' customer with open products is displayed
-> done: ConfirmationPageSteps.ThenTheConfirmationPageForCustomerIsDisplayed("good") (1.3s)
]]></output>
                  </test-case>
                  <test-case id="0-1256" name="CNFM_02_ExistingCustomerCheck_DifferentOpenProducts(&quot;KiwiSaver Only&quot;,&quot;Miss&quot;,&quot;RANDOM&quot;,&quot;&quot;,&quot;Kiwisaver&quot;,&quot;4 July 1985&quot;,System.String[])" fullname="Join.Form.Customer.Selenium.Features._07_ConfirmationFeature.CNFM_02_ExistingCustomerCheck_DifferentOpenProducts(&quot;KiwiSaver Only&quot;,&quot;Miss&quot;,&quot;RANDOM&quot;,&quot;&quot;,&quot;Kiwisaver&quot;,&quot;4 July 1985&quot;,System.String[])" methodname="CNFM_02_ExistingCustomerCheck_DifferentOpenProducts" classname="Join.Form.Customer.Selenium.Features._07_ConfirmationFeature" runstate="Runnable" seed="122700013" result="Passed" start-time="2017-12-05 13:18:46Z" end-time="2017-12-05 13:19:24Z" duration="38.232799" asserts="15">
                    <properties />
                    <output><![CDATA[Given I start my Streamline application
Navigating to URL: https://webappisamdev.asbbank.co.nz/public/join/asb/?grcDisabled=true
-> done: CommonSteps.GivenIStartMyStreamlineApplication() (0.6s)
Given I select the following products: 'Streamline intro,ASB Visa Debit Streamline Intro'
12/6/2017 2:18:58 AMWaitForFeaturesPageLoad: Executing WaitForFrameAndSwitch
12/6/2017 2:18:58 AMWaitForFeaturesPageLoad: Done executing WaitForFrameAndSwitch
Unable to find product 'FastSaver' in page or product 'FastSaver' is not selected
Unable to find product 'Savings On Call' in page or product 'Savings On Call' is not selected
Unable to find product 'Savings On Call' in page or product 'Savings On Call' is not selected
Unable to find product 'FastSaver' in page or product 'FastSaver' is not selected
-> done: ProductsPageSteps.WhenIChangeMySelectedProductsTo("Streamline intro,...") (15.2s)
And I enter personal and login details Miss,RANDOM,,Kiwisaver,4 July 1985,cob2016@asb.co.nz,021-RANDOM,New Zealand,Other,Kiwi77nz,verbal123,false
Given I enter mandatory Tax Information for NZ citizen and clicks on Next button
-> done: AdditionalPersonalDetailsSteps.GivenIEnterMandatoryTaxInformationForNZCitizen() (0.5s)
-> done: PersonalDetailsSteps.GivenIEnterPersonalAndLoginDetails("Miss", "RANDOM", "", "Kiwisaver", "4 July 1985", "cob2016@asb.co.nz", "021-RANDOM", "New Zealand", "Other", "Kiwi77nz", "verbal123", "false") (15.1s)
When I confirm details on the Summary page
UniqueId: 
Title: Miss
FirstName: RANDOM
MiddleName: 
LastName: Kiwisaver
Email: cob2016@asb.co.nz
Gender: 
DateOfBirth: 7/4/1985 12:00:00 AM
DateCreated: 
LastReviewDate: 
Cals: 
IsIndividual: 
NzCitizen: 
NzResidence: 
HighValueCustomer: 
StaffMember: 
AmlVerified: 
VipCustomer: 
Addresses: System.Collections.Generic.List`1[ASB.Selenium.DataModel.Customer.Address]
AddressInformation: ASB.Selenium.DataModel.Customer.AddressInformation
CompanyName: 
CompanyType: 
CompanySubType: 
CustomerTypeCode: 
IrdNumber: 
TaxClass: 
TaxClassDate: 
IsNzTaxResident: True
NonResidentCountryCode: 
IsForeignTaxResident: False
ForeignTaxResidencyStatus: 
IsProfileEnhanced: 
Phones: System.Collections.Generic.List`1[ASB.Selenium.DataModel.Customer.Phone]
NextOfKin: 
EmploymentDetails: 
LinkedCustomers: 
AccountRelationships: 
IdType: 
Fatca: ASB.Selenium.DataModel.Customer.Fatca
CitizenshipCountryCodes: 
CitizenshipCountryNames: System.Collections.Generic.List`1[System.String]
ForeignTaxResidenceTypes: System.Collections.Generic.List`1[ASB.Selenium.DataModel.Customer.ForeignTaxResidenceTypes]
OnboardingDetail: ASB.Selenium.DataModel.Customer.OnboardingDetail
AddressVerificationStatus: 
IdVerificationStatus: 
PreferredIdType: Other
IsProfileComplete: True
DaysRemaining: 0
OnboardingStatus: 
NewAccounts: System.Collections.Generic.List`1[ASB.Selenium.DataModel.Customer.Accounts]
FailedAccounts: System.Collections.Generic.List`1[ASB.Selenium.DataModel.Customer.Accounts]
OnboardingSource: JoinASB
CustomerCreated: 
LoginCreated: 
RegisteredForNetcode: 
AccountsCreated: 
CustomerAccessToken: 
VerificationPassword: verbal123
LoginDetail: ASB.Selenium.DataModel.Customer.Login
CustomerType: 
Cif: 
Username: mkiw25093
UsernameApi: 
Password: Kiwi77nz
PublicKey: 
AcceptedTermsAndConditions: 
BackgroundCheckConsent: 
PreferredIdType: 
-> done: SummaryPageSteps.WhenIConfirmDetailsOnTheSummaryPage() (2.9s)
Then the Confirmation page for duplicate 'good' customer with open products is displayed
-> done: ConfirmationPageSteps.ThenTheConfirmationPageForCustomerIsDisplayed("good") (0.9s)
]]></output>
                  </test-case>
                </test-suite>
                <test-case id="0-1261" name="CNFM_04_ExistingCustomerCheck_FNCOpenApplyRedirect" fullname="Join.Form.Customer.Selenium.Features._07_ConfirmationFeature.CNFM_04_ExistingCustomerCheck_FNCOpenApplyRedirect" methodname="CNFM_04_ExistingCustomerCheck_FNCOpenApplyRedirect" classname="Join.Form.Customer.Selenium.Features._07_ConfirmationFeature" runstate="Runnable" seed="1548180637" result="Failed" label="Error" start-time="2017-12-05 13:19:24Z" end-time="2017-12-05 13:20:44Z" duration="79.765700" asserts="28">
                  <properties>
                    <property name="Description" value="CNFM_04 - Existing Customer check - FNC Open &amp; Apply Redirect" />
                    <property name="Category" value="COB" />
                    <property name="Category" value="confirmation" />
                    <property name="Category" value="regression" />
                    <property name="Category" value="integration" />
                    <property name="Category" value="072016" />
                  </properties>
                  <failure>
                    <message><![CDATA[System.Exception : no such element: Unable to locate element: {"method":"xpath","selector":"//div[@class='noOutline' and contains(text(),'Open an Account')]"}
  (Session info: chrome=60.0.3112.78)
  (Driver info: chromedriver=2.29.461591 (62ebf098771772160f391d75e589dc567915b233),platform=Windows NT 6.3.9600 x86_64)
  ----> OpenQA.Selenium.NoSuchElementException : no such element: Unable to locate element: {"method":"xpath","selector":"//div[@class='noOutline' and contains(text(),'Open an Account')]"}
  (Session info: chrome=60.0.3112.78)
  (Driver info: chromedriver=2.29.461591 (62ebf098771772160f391d75e589dc567915b233),platform=Windows NT 6.3.9600 x86_64)]]></message>
                    <stack-trace><![CDATA[   at ASB.Test.Automation.Utils.Retry.Retry.Execute(Func`1 function, Int32 retryInterval, Int32 retryCount, String exceptionMessage)
   at Join.Form.Customer.Selenium.StepDefinitions.ConfirmationPageSteps.ThenFNCOpenApplyPageIsDisplayedOnClickOfLoginButton()
   at TechTalk.SpecFlow.Bindings.BindingInvoker.InvokeBinding(IBinding binding, IContextManager contextManager, Object[] arguments, ITestTracer testTracer, TimeSpan& duration)
   at TechTalk.SpecFlow.Infrastructure.TestExecutionEngine.ExecuteStepMatch(BindingMatch match, Object[] arguments)
   at TechTalk.SpecFlow.Infrastructure.TestExecutionEngine.ExecuteStep(StepInstance stepInstance)
   at TechTalk.SpecFlow.Infrastructure.TestExecutionEngine.OnAfterLastStep()
   at Join.Form.Customer.Selenium.Features._07_ConfirmationFeature.ScenarioCleanup()
   at Join.Form.Customer.Selenium.Features._07_ConfirmationFeature.CNFM_04_ExistingCustomerCheck_FNCOpenApplyRedirect()
--NoSuchElementException
   at OpenQA.Selenium.Remote.RemoteWebDriver.UnpackAndThrowOnError(Response errorResponse)
   at OpenQA.Selenium.Remote.RemoteWebDriver.Execute(String driverCommandToExecute, Dictionary`2 parameters)
   at OpenQA.Selenium.Remote.RemoteWebDriver.FindElement(String mechanism, String value)
   at Join.Form.Customer.Selenium.StepDefinitions.ConfirmationPageSteps.<ThenFNCOpenApplyPageIsDisplayedOnClickOfLoginButton>b__14_0()
   at ASB.Test.Automation.Utils.Retry.Retry.Execute(Func`1 function, Int32 retryInterval, Int32 retryCount, String exceptionMessage)]]></stack-trace>
                  </failure>
                  <output><![CDATA[Given I start my Streamline application
Navigating to URL: https://webappisamdev.asbbank.co.nz/public/join/asb/?grcDisabled=true
-> done: CommonSteps.GivenIStartMyStreamlineApplication() (0.7s)
Given I am an existing ASB customer
Navigating to URL: https://webappisamdev.asbbank.co.nz/public/join/asb/?grcDisabled=true&fncJunctionNumber=104
-> done: CommonSteps.GivenIAmAnExistingASBCustomer() (0.4s)
And I select the following products: 'Streamline intro,ASB Visa Debit Streamline Intro,Savings On Call,FastSaver'
12/6/2017 2:19:36 AMWaitForFeaturesPageLoad: Executing WaitForFrameAndSwitch
12/6/2017 2:19:36 AMWaitForFeaturesPageLoad: Done executing WaitForFrameAndSwitch
Unable to find product 'Savings On Call' in page or product 'Savings On Call' is not selected
Unable to find product 'FastSaver' in page or product 'FastSaver' is not selected
-> done: ProductsPageSteps.WhenIChangeMySelectedProductsTo("Streamline intro,...") (19.2s)
And I enter all required details and navigate to Summary page
  --- table step argument ---
  | Title | FirstName | MiddleName | LastName | DateOfBirth    | Email             | MobileNumber | CountriesCitizenship | PreferredIdType | Password | VerbalPassword |
  | Miss  | Butcher   | Close      | Wolf     | 1 January 1980 | cob2016@asb.co.nz | 021-RANDOM   | New Zealand          | Other           | Kiwi77nz | MyCode01       |
Given I enter mandatory Tax Information for NZ citizen and clicks on Next button
-> done: AdditionalPersonalDetailsSteps.GivenIEnterMandatoryTaxInformationForNZCitizen() (0.5s)
-> done: PersonalDetailsSteps.GivenIEnterAllRequiredDetailsAndNavigateToSummaryPage(<table>) (15.2s)
When I confirm details on the Summary page
UniqueId: 
Title: Miss
FirstName: Butcher
MiddleName: Close
LastName: Wolf
Email: cob2016@asb.co.nz
Gender: 
DateOfBirth: 1/1/1980 12:00:00 AM
DateCreated: 
LastReviewDate: 
Cals: 
IsIndividual: 
NzCitizen: 
NzResidence: 
HighValueCustomer: 
StaffMember: 
AmlVerified: 
VipCustomer: 
Addresses: System.Collections.Generic.List`1[ASB.Selenium.DataModel.Customer.Address]
AddressInformation: ASB.Selenium.DataModel.Customer.AddressInformation
CompanyName: 
CompanyType: 
CompanySubType: 
CustomerTypeCode: 
IrdNumber: 
TaxClass: 
TaxClassDate: 
IsNzTaxResident: True
NonResidentCountryCode: 
IsForeignTaxResident: False
ForeignTaxResidencyStatus: 
IsProfileEnhanced: 
Phones: System.Collections.Generic.List`1[ASB.Selenium.DataModel.Customer.Phone]
NextOfKin: 
EmploymentDetails: 
LinkedCustomers: 
AccountRelationships: 
IdType: 
Fatca: ASB.Selenium.DataModel.Customer.Fatca
CitizenshipCountryCodes: 
CitizenshipCountryNames: System.Collections.Generic.List`1[System.String]
ForeignTaxResidenceTypes: System.Collections.Generic.List`1[ASB.Selenium.DataModel.Customer.ForeignTaxResidenceTypes]
OnboardingDetail: ASB.Selenium.DataModel.Customer.OnboardingDetail
AddressVerificationStatus: 
IdVerificationStatus: 
PreferredIdType: Other
IsProfileComplete: True
DaysRemaining: 0
OnboardingStatus: 
NewAccounts: System.Collections.Generic.List`1[ASB.Selenium.DataModel.Customer.Accounts]
FailedAccounts: System.Collections.Generic.List`1[ASB.Selenium.DataModel.Customer.Accounts]
OnboardingSource: JoinASB
CustomerCreated: 
LoginCreated: 
RegisteredForNetcode: 
AccountsCreated: 
CustomerAccessToken: 
VerificationPassword: MyCode01
LoginDetail: ASB.Selenium.DataModel.Customer.Login
CustomerType: 
Cif: 
Username: bwol86927
UsernameApi: 
Password: Kiwi77nz
PublicKey: 
AcceptedTermsAndConditions: 
BackgroundCheckConsent: 
PreferredIdType: 
-> done: SummaryPageSteps.WhenIConfirmDetailsOnTheSummaryPage() (2.9s)
Then the Confirmation page for duplicate 'good' customer with open products is displayed
-> done: ConfirmationPageSteps.ThenTheConfirmationPageForCustomerIsDisplayed("good") (1.0s)
And the FNC Login section is displayed
-> done: ConfirmationPageSteps.ThenTheFNCLoginSectionIsDisplayed() (0.3s)
And the 'Having trouble logging in?' button opens in a new window
-> done: CommonSteps.ThenTheButtonOpensInANewWindow("Having trouble lo...") (2.7s)
And the 'register for internet banking' link opens in a new window
-> done: CommonSteps.ThenTheLinkOpensInANewWindow("register for inte...") (3.7s)
And the 'Find a branch' button opens in a new window
-> done: CommonSteps.ThenTheButtonOpensInANewWindow("Find a branch") (3.0s)
And FNC Open & Apply page is displayed after login
-> error: no such element: Unable to locate element: {"method":"xpath","selector":"//div[@class='noOutline' and contains(text(),'Open an Account')]"}
  (Session info: chrome=60.0.3112.78)
  (Driver info: chromedriver=2.29.461591 (62ebf098771772160f391d75e589dc567915b233),platform=Windows NT 6.3.9600 x86_64)
]]></output>
                </test-case>
              </test-suite>
              <test-suite type="TestFixture" id="0-1045" name="_08_ActivateSummaryFeature" fullname="Join.Form.Customer.Selenium.Features._08_ActivateSummaryFeature" classname="Join.Form.Customer.Selenium.Features._08_ActivateSummaryFeature" runstate="Runnable" testcasecount="51" result="Failed" site="Child" start-time="2017-12-05 13:20:44Z" end-time="2017-12-05 15:00:34Z" duration="5990.129365" total="48" passed="26" failed="22" warnings="0" inconclusive="0" skipped="0" asserts="1175">
                <properties>
                  <property name="Description" value="08_ActivateSummary" />
                </properties>
                <failure>
                  <message><![CDATA[One or more child tests had errors]]></message>
                </failure>
                <test-case id="0-1046" name="ACTSUM_01_VerifyThatCustomerSetupSubmissionIsSuccessful_WelcomeMessage" fullname="Join.Form.Customer.Selenium.Features._08_ActivateSummaryFeature.ACTSUM_01_VerifyThatCustomerSetupSubmissionIsSuccessful_WelcomeMessage" methodname="ACTSUM_01_VerifyThatCustomerSetupSubmissionIsSuccessful_WelcomeMessage" classname="Join.Form.Customer.Selenium.Features._08_ActivateSummaryFeature" runstate="Runnable" seed="1076050223" result="Passed" start-time="2017-12-05 13:20:44Z" end-time="2017-12-05 13:22:33Z" duration="109.474667" asserts="16">
                  <properties>
                    <property name="Description" value="ACTSUM_01 - Verify that customer setup submission is successful - Welcome message" />
                    <property name="Category" value="COB" />
                    <property name="Category" value="activatesummary" />
                    <property name="Category" value="regression" />
                    <property name="Category" value="online" />
                    <property name="Category" value="integration" />
                    <property name="Category" value="eidv" />
                    <property name="Category" value="072016" />
                    <property name="Category" value="securitypatch" />
                    <property name="Category" value="112017" />
                  </properties>
                  <output><![CDATA[Given I start my Streamline application
Navigating to URL: https://webappisamdev.asbbank.co.nz/public/join/asb/?grcDisabled=true
-> done: CommonSteps.GivenIStartMyStreamlineApplication() (0.7s)
Given I select the following products: 'Streamline intro'
12/6/2017 2:20:55 AMWaitForFeaturesPageLoad: Executing WaitForFrameAndSwitch
12/6/2017 2:20:55 AMWaitForFeaturesPageLoad: Done executing WaitForFrameAndSwitch
Unable to find product 'FastSaver' in page or product 'FastSaver' is not selected
Unable to find product 'Savings On Call' in page or product 'Savings On Call' is not selected
Unable to find product 'ASB Visa Debit Streamline Intro' in page or product 'ASB Visa Debit Streamline Intro' is not selected
Unable to find product 'Savings On Call' in page or product 'Savings On Call' is not selected
Unable to find product 'FastSaver' in page or product 'FastSaver' is not selected
-> done: ProductsPageSteps.WhenIChangeMySelectedProductsTo("Streamline intro") (17.2s)
And I enter all required details and navigate to Summary page
  --- table step argument ---
  | Title | FirstName  | MiddleName | LastName | DateOfBirth | Email             | MobileNumber | CountriesCitizenship | PreferredIdType | Password | VerbalPassword |
  | Miss  | Automation | RANDOM     | FYICOB   | RANDOM      | cob2016@asb.co.nz | 021-RANDOM   | New Zealand          | Other           | Kiwi77nz | MyCode01       |
Given I enter mandatory Tax Information for NZ citizen and clicks on Next button
-> done: AdditionalPersonalDetailsSteps.GivenIEnterMandatoryTaxInformationForNZCitizen() (0.5s)
-> done: PersonalDetailsSteps.GivenIEnterAllRequiredDetailsAndNavigateToSummaryPage(<table>) (18.9s)
When I confirm details on the Summary page
UniqueId: 
Title: Miss
FirstName: Automation
MiddleName: COB-fwaol
LastName: FYICOB
Email: cob2016@asb.co.nz
Gender: 
DateOfBirth: 10/7/1976 12:00:00 AM
DateCreated: 
LastReviewDate: 
Cals: 
IsIndividual: 
NzCitizen: 
NzResidence: 
HighValueCustomer: 
StaffMember: 
AmlVerified: 
VipCustomer: 
Addresses: System.Collections.Generic.List`1[ASB.Selenium.DataModel.Customer.Address]
AddressInformation: ASB.Selenium.DataModel.Customer.AddressInformation
CompanyName: 
CompanyType: 
CompanySubType: 
CustomerTypeCode: 
IrdNumber: 
TaxClass: 
TaxClassDate: 
IsNzTaxResident: True
NonResidentCountryCode: 
IsForeignTaxResident: False
ForeignTaxResidencyStatus: 
IsProfileEnhanced: 
Phones: System.Collections.Generic.List`1[ASB.Selenium.DataModel.Customer.Phone]
NextOfKin: 
EmploymentDetails: 
LinkedCustomers: 
AccountRelationships: 
IdType: 
Fatca: ASB.Selenium.DataModel.Customer.Fatca
CitizenshipCountryCodes: 
CitizenshipCountryNames: System.Collections.Generic.List`1[System.String]
ForeignTaxResidenceTypes: System.Collections.Generic.List`1[ASB.Selenium.DataModel.Customer.ForeignTaxResidenceTypes]
OnboardingDetail: ASB.Selenium.DataModel.Customer.OnboardingDetail
AddressVerificationStatus: 
IdVerificationStatus: 
PreferredIdType: Other
IsProfileComplete: True
DaysRemaining: 0
OnboardingStatus: 
NewAccounts: System.Collections.Generic.List`1[ASB.Selenium.DataModel.Customer.Accounts]
FailedAccounts: System.Collections.Generic.List`1[ASB.Selenium.DataModel.Customer.Accounts]
OnboardingSource: JoinASB
CustomerCreated: 
LoginCreated: 
RegisteredForNetcode: 
AccountsCreated: 
CustomerAccessToken: 
VerificationPassword: MyCode01
LoginDetail: ASB.Selenium.DataModel.Customer.Login
CustomerType: 
Cif: 
Username: afyi04221
UsernameApi: 
Password: Kiwi77nz
PublicKey: 
AcceptedTermsAndConditions: 
BackgroundCheckConsent: 
PreferredIdType: 
-> done: SummaryPageSteps.WhenIConfirmDetailsOnTheSummaryPage() (2.8s)
Then the Logging you in progress page is displayed
-> done: ConfirmationPageSteps.ThenTheLoggingYouInProgressPageIsDisplayed() (19.0s)
And the Activation page is displayed
12/6/2017 2:21:52 AMThenTheActivationPageIsDisplayed: IsActivationPageDisplayed STARTED
12/6/2017 2:21:52 AMThenTheActivationPageIsDisplayed: IsActivationPageDisplayed DONE
12/6/2017 2:21:52 AMThenTheActivationPageIsDisplayed: IsSectionDisplayed STARTED
12/6/2017 2:22:01 AMThenTheActivationPageIsDisplayed: IsSectionDisplayed DONE
-> done: ActivationSummarySteps.ThenTheActivationPageIsDisplayed() (20.6s)
And the welcome message is displayed
-> done: ActivationSummarySteps.ThenWelcomeMessageIsDisplayed() (0.1s)
And the activation text is displayed
-> done: ActivationSummarySteps.ThenTheActivationTextIsDisplayed() (0.1s)
And the activation information text is displayed
-> done: ActivationSummarySteps.ThenTheActivationInformationTextIsDisplayed() (0.1s)
And the account number and product name is displayed for the selected products
==> Successfully created: Streamline transaction account:
12-3629-0385327-00
-> done: ActivationSummarySteps.ThenTheAccountNumberAndProductNameIsDisplayedForTheSelectedProducts() (26.8s)
]]></output>
                </test-case>
                <test-case id="0-1047" name="ACTSUM_02_VerifyActivateSummaryPageAccountSetupSection" fullname="Join.Form.Customer.Selenium.Features._08_ActivateSummaryFeature.ACTSUM_02_VerifyActivateSummaryPageAccountSetupSection" methodname="ACTSUM_02_VerifyActivateSummaryPageAccountSetupSection" classname="Join.Form.Customer.Selenium.Features._08_ActivateSummaryFeature" runstate="Runnable" seed="1656695041" result="Passed" start-time="2017-12-05 13:22:33Z" end-time="2017-12-05 13:24:13Z" duration="100.080054" asserts="16">
                  <properties>
                    <property name="Description" value="ACTSUM_02 - Verify Activate Summary page Account Setup section" />
                    <property name="Category" value="COB" />
                    <property name="Category" value="activatesummary" />
                    <property name="Category" value="regression" />
                    <property name="Category" value="smoke" />
                    <property name="Category" value="integration" />
                    <property name="Category" value="eidv" />
                    <property name="Category" value="072016" />
                    <property name="Category" value="112017" />
                  </properties>
                  <output><![CDATA[Given I start my Streamline application
Navigating to URL: https://webappisamdev.asbbank.co.nz/public/join/asb/?grcDisabled=true
-> done: CommonSteps.GivenIStartMyStreamlineApplication() (0.7s)
Given I select the following products: 'Streamline intro,ASB Visa Debit Streamline Intro,Savings On Call,FastSaver'
12/6/2017 2:22:45 AMWaitForFeaturesPageLoad: Executing WaitForFrameAndSwitch
12/6/2017 2:22:45 AMWaitForFeaturesPageLoad: Done executing WaitForFrameAndSwitch
Unable to find product 'Savings On Call' in page or product 'Savings On Call' is not selected
Unable to find product 'FastSaver' in page or product 'FastSaver' is not selected
-> done: ProductsPageSteps.WhenIChangeMySelectedProductsTo("Streamline intro,...") (19.1s)
And I enter all required details and navigate to Summary page
  --- table step argument ---
  | Title | FirstName  | MiddleName | LastName | DateOfBirth | Email             | MobileNumber | CountriesCitizenship | PreferredIdType | Password | VerbalPassword |
  | Miss  | Automation | RANDOM     | FYICOB   | RANDOM      | cob2016@asb.co.nz | 021-RANDOM   | New Zealand          | Other           | Kiwi77nz | MyCode01       |
Given I enter mandatory Tax Information for NZ citizen and clicks on Next button
-> done: AdditionalPersonalDetailsSteps.GivenIEnterMandatoryTaxInformationForNZCitizen() (0.5s)
-> done: PersonalDetailsSteps.GivenIEnterAllRequiredDetailsAndNavigateToSummaryPage(<table>) (19.3s)
When I confirm details on the Summary page
UniqueId: 
Title: Miss
FirstName: Automation
MiddleName: COB-RLHsR
LastName: FYICOB
Email: cob2016@asb.co.nz
Gender: 
DateOfBirth: 10/16/1967 12:00:00 AM
DateCreated: 
LastReviewDate: 
Cals: 
IsIndividual: 
NzCitizen: 
NzResidence: 
HighValueCustomer: 
StaffMember: 
AmlVerified: 
VipCustomer: 
Addresses: System.Collections.Generic.List`1[ASB.Selenium.DataModel.Customer.Address]
AddressInformation: ASB.Selenium.DataModel.Customer.AddressInformation
CompanyName: 
CompanyType: 
CompanySubType: 
CustomerTypeCode: 
IrdNumber: 
TaxClass: 
TaxClassDate: 
IsNzTaxResident: True
NonResidentCountryCode: 
IsForeignTaxResident: False
ForeignTaxResidencyStatus: 
IsProfileEnhanced: 
Phones: System.Collections.Generic.List`1[ASB.Selenium.DataModel.Customer.Phone]
NextOfKin: 
EmploymentDetails: 
LinkedCustomers: 
AccountRelationships: 
IdType: 
Fatca: ASB.Selenium.DataModel.Customer.Fatca
CitizenshipCountryCodes: 
CitizenshipCountryNames: System.Collections.Generic.List`1[System.String]
ForeignTaxResidenceTypes: System.Collections.Generic.List`1[ASB.Selenium.DataModel.Customer.ForeignTaxResidenceTypes]
OnboardingDetail: ASB.Selenium.DataModel.Customer.OnboardingDetail
AddressVerificationStatus: 
IdVerificationStatus: 
PreferredIdType: Other
IsProfileComplete: True
DaysRemaining: 0
OnboardingStatus: 
NewAccounts: System.Collections.Generic.List`1[ASB.Selenium.DataModel.Customer.Accounts]
FailedAccounts: System.Collections.Generic.List`1[ASB.Selenium.DataModel.Customer.Accounts]
OnboardingSource: JoinASB
CustomerCreated: 
LoginCreated: 
RegisteredForNetcode: 
AccountsCreated: 
CustomerAccessToken: 
VerificationPassword: MyCode01
LoginDetail: ASB.Selenium.DataModel.Customer.Login
CustomerType: 
Cif: 
Username: afyi42476
UsernameApi: 
Password: Kiwi77nz
PublicKey: 
AcceptedTermsAndConditions: 
BackgroundCheckConsent: 
PreferredIdType: 
-> done: SummaryPageSteps.WhenIConfirmDetailsOnTheSummaryPage() (2.8s)
Then the Logging you in progress page is displayed
-> done: ConfirmationPageSteps.ThenTheLoggingYouInProgressPageIsDisplayed() (18.9s)
And the Activation page is displayed
12/6/2017 2:23:36 AMThenTheActivationPageIsDisplayed: IsActivationPageDisplayed STARTED
12/6/2017 2:23:37 AMThenTheActivationPageIsDisplayed: IsActivationPageDisplayed DONE
12/6/2017 2:23:37 AMThenTheActivationPageIsDisplayed: IsSectionDisplayed STARTED
12/6/2017 2:23:41 AMThenTheActivationPageIsDisplayed: IsSectionDisplayed DONE
-> done: ActivationSummarySteps.ThenTheActivationPageIsDisplayed() (8.9s)
And the account number and product name is displayed for the selected products
==> Successfully created: Streamline transaction account:
12-3629-0385335-00
==> Successfully created: ASB Visa Debit card:
Issued for delivery within a week
==> Successfully created: Savings On Call:
12-3629-0385335-50
==> Successfully created: FastSaver:
12-3629-0385335-51
-> done: ActivationSummarySteps.ThenTheAccountNumberAndProductNameIsDisplayedForTheSelectedProducts() (27.1s)
]]></output>
                </test-case>
                <test-case id="0-1048" name="ACTSUM_03_VerifyActivateSummaryPageActivateYourAccountSection" fullname="Join.Form.Customer.Selenium.Features._08_ActivateSummaryFeature.ACTSUM_03_VerifyActivateSummaryPageActivateYourAccountSection" methodname="ACTSUM_03_VerifyActivateSummaryPageActivateYourAccountSection" classname="Join.Form.Customer.Selenium.Features._08_ActivateSummaryFeature" runstate="Runnable" seed="2114386626" result="Passed" start-time="2017-12-05 13:24:13Z" end-time="2017-12-05 13:25:17Z" duration="63.568869" asserts="13">
                  <properties>
                    <property name="Description" value="ACTSUM_03 -  Verify Activate Summary page Activate your account section" />
                    <property name="Category" value="COB" />
                    <property name="Category" value="activatesummary" />
                    <property name="Category" value="regression" />
                    <property name="Category" value="integration" />
                    <property name="Category" value="072016" />
                    <property name="Category" value="112017" />
                  </properties>
                  <output><![CDATA[Given I start my Streamline application
Navigating to URL: https://webappisamdev.asbbank.co.nz/public/join/asb/?grcDisabled=true
-> done: CommonSteps.GivenIStartMyStreamlineApplication() (0.6s)
Given I select the following products: 'Streamline intro'
12/6/2017 2:24:25 AMWaitForFeaturesPageLoad: Executing WaitForFrameAndSwitch
12/6/2017 2:24:25 AMWaitForFeaturesPageLoad: Done executing WaitForFrameAndSwitch
Unable to find product 'FastSaver' in page or product 'FastSaver' is not selected
Unable to find product 'Savings On Call' in page or product 'Savings On Call' is not selected
Unable to find product 'ASB Visa Debit Streamline Intro' in page or product 'ASB Visa Debit Streamline Intro' is not selected
Unable to find product 'Savings On Call' in page or product 'Savings On Call' is not selected
Unable to find product 'FastSaver' in page or product 'FastSaver' is not selected
-> done: ProductsPageSteps.WhenIChangeMySelectedProductsTo("Streamline intro") (16.0s)
And I enter all required details and navigate to Summary page
  --- table step argument ---
  | Title | FirstName  | MiddleName | LastName | DateOfBirth | Email             | MobileNumber | CountriesCitizenship | PreferredIdType | Password | VerbalPassword |
  | Miss  | Automation | RANDOM     | FYICOB   | RANDOM      | cob2016@asb.co.nz | 021-RANDOM   | New Zealand          | Other           | Kiwi77nz | MyCode01       |
Given I enter mandatory Tax Information for NZ citizen and clicks on Next button
-> done: AdditionalPersonalDetailsSteps.GivenIEnterMandatoryTaxInformationForNZCitizen() (0.5s)
-> done: PersonalDetailsSteps.GivenIEnterAllRequiredDetailsAndNavigateToSummaryPage(<table>) (19.1s)
When I confirm details on the Summary page
UniqueId: 
Title: Miss
FirstName: Automation
MiddleName: COB-RXFWx
LastName: FYICOB
Email: cob2016@asb.co.nz
Gender: 
DateOfBirth: 3/14/1973 12:00:00 AM
DateCreated: 
LastReviewDate: 
Cals: 
IsIndividual: 
NzCitizen: 
NzResidence: 
HighValueCustomer: 
StaffMember: 
AmlVerified: 
VipCustomer: 
Addresses: System.Collections.Generic.List`1[ASB.Selenium.DataModel.Customer.Address]
AddressInformation: ASB.Selenium.DataModel.Customer.AddressInformation
CompanyName: 
CompanyType: 
CompanySubType: 
CustomerTypeCode: 
IrdNumber: 
TaxClass: 
TaxClassDate: 
IsNzTaxResident: True
NonResidentCountryCode: 
IsForeignTaxResident: False
ForeignTaxResidencyStatus: 
IsProfileEnhanced: 
Phones: System.Collections.Generic.List`1[ASB.Selenium.DataModel.Customer.Phone]
NextOfKin: 
EmploymentDetails: 
LinkedCustomers: 
AccountRelationships: 
IdType: 
Fatca: ASB.Selenium.DataModel.Customer.Fatca
CitizenshipCountryCodes: 
CitizenshipCountryNames: System.Collections.Generic.List`1[System.String]
ForeignTaxResidenceTypes: System.Collections.Generic.List`1[ASB.Selenium.DataModel.Customer.ForeignTaxResidenceTypes]
OnboardingDetail: ASB.Selenium.DataModel.Customer.OnboardingDetail
AddressVerificationStatus: 
IdVerificationStatus: 
PreferredIdType: Other
IsProfileComplete: True
DaysRemaining: 0
OnboardingStatus: 
NewAccounts: System.Collections.Generic.List`1[ASB.Selenium.DataModel.Customer.Accounts]
FailedAccounts: System.Collections.Generic.List`1[ASB.Selenium.DataModel.Customer.Accounts]
OnboardingSource: JoinASB
CustomerCreated: 
LoginCreated: 
RegisteredForNetcode: 
AccountsCreated: 
CustomerAccessToken: 
VerificationPassword: MyCode01
LoginDetail: ASB.Selenium.DataModel.Customer.Login
CustomerType: 
Cif: 
Username: afyi45096
UsernameApi: 
Password: Kiwi77nz
PublicKey: 
AcceptedTermsAndConditions: 
BackgroundCheckConsent: 
PreferredIdType: 
-> done: SummaryPageSteps.WhenIConfirmDetailsOnTheSummaryPage() (2.8s)
Then the Logging you in progress page is displayed
-> done: ConfirmationPageSteps.ThenTheLoggingYouInProgressPageIsDisplayed() (14.7s)
And the Activation page is displayed
12/6/2017 2:25:09 AMThenTheActivationPageIsDisplayed: IsActivationPageDisplayed STARTED
12/6/2017 2:25:09 AMThenTheActivationPageIsDisplayed: IsActivationPageDisplayed DONE
12/6/2017 2:25:09 AMThenTheActivationPageIsDisplayed: IsSectionDisplayed STARTED
12/6/2017 2:25:11 AMThenTheActivationPageIsDisplayed: IsSectionDisplayed DONE
-> done: ActivationSummarySteps.ThenTheActivationPageIsDisplayed() (7.0s)
And the 'Activate your account' section is displayed
-> done: ActivationSummarySteps.ThenTheSectionIsDisplayed("Activate your acc...") (0.0s)
And the Activate your account header is displayed
-> done: ActivationSummarySteps.ThenTheActivateYourAccountHeaderIsDisplayed() (0.0s)
]]></output>
                </test-case>
                <test-case id="0-1049" name="ACTSUM_04_VerifyActivateSummaryPageProfileDetailsSection" fullname="Join.Form.Customer.Selenium.Features._08_ActivateSummaryFeature.ACTSUM_04_VerifyActivateSummaryPageProfileDetailsSection" methodname="ACTSUM_04_VerifyActivateSummaryPageProfileDetailsSection" classname="Join.Form.Customer.Selenium.Features._08_ActivateSummaryFeature" runstate="Runnable" seed="1741987837" result="Passed" start-time="2017-12-05 13:25:17Z" end-time="2017-12-05 13:26:51Z" duration="94.046736" asserts="17">
                  <properties>
                    <property name="Description" value="ACTSUM_04 - Verify Activate Summary page Profile Details section" />
                    <property name="Category" value="COB" />
                    <property name="Category" value="activatesummary" />
                    <property name="Category" value="regression" />
                    <property name="Category" value="integration" />
                    <property name="Category" value="eidv" />
                    <property name="Category" value="072016" />
                    <property name="Category" value="112017" />
                  </properties>
                  <output><![CDATA[Given I start my Streamline application
Navigating to URL: https://webappisamdev.asbbank.co.nz/public/join/asb/?grcDisabled=true
-> done: CommonSteps.GivenIStartMyStreamlineApplication() (0.7s)
Given I select the following products: 'Streamline intro,ASB Visa Debit Streamline Intro'
12/6/2017 2:25:28 AMWaitForFeaturesPageLoad: Executing WaitForFrameAndSwitch
12/6/2017 2:25:28 AMWaitForFeaturesPageLoad: Done executing WaitForFrameAndSwitch
Unable to find product 'FastSaver' in page or product 'FastSaver' is not selected
Unable to find product 'Savings On Call' in page or product 'Savings On Call' is not selected
Unable to find product 'Savings On Call' in page or product 'Savings On Call' is not selected
Unable to find product 'FastSaver' in page or product 'FastSaver' is not selected
-> done: ProductsPageSteps.WhenIChangeMySelectedProductsTo("Streamline intro,...") (15.0s)
And I enter all required details and navigate to Summary page
  --- table step argument ---
  | Title | FirstName  | MiddleName | LastName | DateOfBirth | Email             | MobileNumber | CountriesCitizenship | PreferredIdType | Password | VerbalPassword |
  | Miss  | Automation | RANDOM     | FYICOB   | RANDOM      | cob2016@asb.co.nz | 021-RANDOM   | New Zealand          | Other           | Kiwi77nz | MyCode01       |
Given I enter mandatory Tax Information for NZ citizen and clicks on Next button
-> done: AdditionalPersonalDetailsSteps.GivenIEnterMandatoryTaxInformationForNZCitizen() (0.5s)
-> done: PersonalDetailsSteps.GivenIEnterAllRequiredDetailsAndNavigateToSummaryPage(<table>) (18.9s)
When I confirm details on the Summary page
UniqueId: 
Title: Miss
FirstName: Automation
MiddleName: COB-zvZPr
LastName: FYICOB
Email: cob2016@asb.co.nz
Gender: 
DateOfBirth: 6/27/1979 12:00:00 AM
DateCreated: 
LastReviewDate: 
Cals: 
IsIndividual: 
NzCitizen: 
NzResidence: 
HighValueCustomer: 
StaffMember: 
AmlVerified: 
VipCustomer: 
Addresses: System.Collections.Generic.List`1[ASB.Selenium.DataModel.Customer.Address]
AddressInformation: ASB.Selenium.DataModel.Customer.AddressInformation
CompanyName: 
CompanyType: 
CompanySubType: 
CustomerTypeCode: 
IrdNumber: 
TaxClass: 
TaxClassDate: 
IsNzTaxResident: True
NonResidentCountryCode: 
IsForeignTaxResident: False
ForeignTaxResidencyStatus: 
IsProfileEnhanced: 
Phones: System.Collections.Generic.List`1[ASB.Selenium.DataModel.Customer.Phone]
NextOfKin: 
EmploymentDetails: 
LinkedCustomers: 
AccountRelationships: 
IdType: 
Fatca: ASB.Selenium.DataModel.Customer.Fatca
CitizenshipCountryCodes: 
CitizenshipCountryNames: System.Collections.Generic.List`1[System.String]
ForeignTaxResidenceTypes: System.Collections.Generic.List`1[ASB.Selenium.DataModel.Customer.ForeignTaxResidenceTypes]
OnboardingDetail: ASB.Selenium.DataModel.Customer.OnboardingDetail
AddressVerificationStatus: 
IdVerificationStatus: 
PreferredIdType: Other
IsProfileComplete: True
DaysRemaining: 0
OnboardingStatus: 
NewAccounts: System.Collections.Generic.List`1[ASB.Selenium.DataModel.Customer.Accounts]
FailedAccounts: System.Collections.Generic.List`1[ASB.Selenium.DataModel.Customer.Accounts]
OnboardingSource: JoinASB
CustomerCreated: 
LoginCreated: 
RegisteredForNetcode: 
AccountsCreated: 
CustomerAccessToken: 
VerificationPassword: MyCode01
LoginDetail: ASB.Selenium.DataModel.Customer.Login
CustomerType: 
Cif: 
Username: afyi86081
UsernameApi: 
Password: Kiwi77nz
PublicKey: 
AcceptedTermsAndConditions: 
BackgroundCheckConsent: 
PreferredIdType: 
-> done: SummaryPageSteps.WhenIConfirmDetailsOnTheSummaryPage() (2.8s)
Then the Logging you in progress page is displayed
-> done: ConfirmationPageSteps.ThenTheLoggingYouInProgressPageIsDisplayed() (16.5s)
And the Activation page is displayed
12/6/2017 2:26:13 AMThenTheActivationPageIsDisplayed: IsActivationPageDisplayed STARTED
12/6/2017 2:26:13 AMThenTheActivationPageIsDisplayed: IsActivationPageDisplayed DONE
12/6/2017 2:26:13 AMThenTheActivationPageIsDisplayed: IsSectionDisplayed STARTED
12/6/2017 2:26:17 AMThenTheActivationPageIsDisplayed: IsSectionDisplayed DONE
-> done: ActivationSummarySteps.ThenTheActivationPageIsDisplayed() (8.9s)
And the account number and product name is displayed for the selected products
==> Successfully created: Streamline transaction account:
12-3629-0385351-00
==> Successfully created: ASB Visa Debit card:
Issued for delivery within a week
-> done: ActivationSummarySteps.ThenTheAccountNumberAndProductNameIsDisplayedForTheSelectedProducts() (26.9s)
And the Profile Details section is displayed
*** Verifying section for non-Profile Enhanced customer ***
*** Verifying section for Profile Complete customer ***
-> done: ActivationSummarySteps.ThenTheProfileDetailsSectionIsDisplayed() (1.1s)
]]></output>
                </test-case>
                <test-case id="0-1050" name="ACTSUM_05_VerifyActivateSummaryPageProofOfAddressSection" fullname="Join.Form.Customer.Selenium.Features._08_ActivateSummaryFeature.ACTSUM_05_VerifyActivateSummaryPageProofOfAddressSection" methodname="ACTSUM_05_VerifyActivateSummaryPageProofOfAddressSection" classname="Join.Form.Customer.Selenium.Features._08_ActivateSummaryFeature" runstate="Runnable" seed="1412053339" result="Passed" start-time="2017-12-05 13:26:51Z" end-time="2017-12-05 13:28:30Z" duration="99.177896" asserts="22">
                  <properties>
                    <property name="Description" value="ACTSUM_05 - Verify Activate Summary page Proof of Address section" />
                    <property name="Category" value="COB" />
                    <property name="Category" value="activatesummary" />
                    <property name="Category" value="regression" />
                    <property name="Category" value="integration" />
                    <property name="Category" value="eidv" />
                    <property name="Category" value="072016" />
                    <property name="Category" value="112017" />
                  </properties>
                  <output><![CDATA[Given I start my Streamline application
Navigating to URL: https://webappisamdev.asbbank.co.nz/public/join/asb/?grcDisabled=true
-> done: CommonSteps.GivenIStartMyStreamlineApplication() (0.7s)
Given I select the following products: 'Streamline intro,ASB Visa Debit Streamline Intro,Savings On Call'
12/6/2017 2:27:02 AMWaitForFeaturesPageLoad: Executing WaitForFrameAndSwitch
12/6/2017 2:27:03 AMWaitForFeaturesPageLoad: Done executing WaitForFrameAndSwitch
Unable to find product 'Savings On Call' in page or product 'Savings On Call' is not selected
Unable to find product 'FastSaver' in page or product 'FastSaver' is not selected
Unable to find product 'FastSaver' in page or product 'FastSaver' is not selected
-> done: ProductsPageSteps.WhenIChangeMySelectedProductsTo("Streamline intro,...") (17.1s)
And I enter all required details and navigate to Summary page
  --- table step argument ---
  | Title | FirstName  | MiddleName | LastName | DateOfBirth | Email             | MobileNumber | CountriesCitizenship | PreferredIdType | Password | VerbalPassword |
  | Miss  | Automation | RANDOM     | FYICOB   | RANDOM      | cob2016@asb.co.nz | 021-RANDOM   | New Zealand          | Other           | Kiwi77nz | MyCode01       |
Given I enter mandatory Tax Information for NZ citizen and clicks on Next button
-> done: AdditionalPersonalDetailsSteps.GivenIEnterMandatoryTaxInformationForNZCitizen() (0.5s)
-> done: PersonalDetailsSteps.GivenIEnterAllRequiredDetailsAndNavigateToSummaryPage(<table>) (21.0s)
When I confirm details on the Summary page
UniqueId: 
Title: Miss
FirstName: Automation
MiddleName: COB-YivnW
LastName: FYICOB
Email: cob2016@asb.co.nz
Gender: 
DateOfBirth: 4/28/1925 12:00:00 AM
DateCreated: 
LastReviewDate: 
Cals: 
IsIndividual: 
NzCitizen: 
NzResidence: 
HighValueCustomer: 
StaffMember: 
AmlVerified: 
VipCustomer: 
Addresses: System.Collections.Generic.List`1[ASB.Selenium.DataModel.Customer.Address]
AddressInformation: ASB.Selenium.DataModel.Customer.AddressInformation
CompanyName: 
CompanyType: 
CompanySubType: 
CustomerTypeCode: 
IrdNumber: 
TaxClass: 
TaxClassDate: 
IsNzTaxResident: True
NonResidentCountryCode: 
IsForeignTaxResident: False
ForeignTaxResidencyStatus: 
IsProfileEnhanced: 
Phones: System.Collections.Generic.List`1[ASB.Selenium.DataModel.Customer.Phone]
NextOfKin: 
EmploymentDetails: 
LinkedCustomers: 
AccountRelationships: 
IdType: 
Fatca: ASB.Selenium.DataModel.Customer.Fatca
CitizenshipCountryCodes: 
CitizenshipCountryNames: System.Collections.Generic.List`1[System.String]
ForeignTaxResidenceTypes: System.Collections.Generic.List`1[ASB.Selenium.DataModel.Customer.ForeignTaxResidenceTypes]
OnboardingDetail: ASB.Selenium.DataModel.Customer.OnboardingDetail
AddressVerificationStatus: 
IdVerificationStatus: 
PreferredIdType: Other
IsProfileComplete: True
DaysRemaining: 0
OnboardingStatus: 
NewAccounts: System.Collections.Generic.List`1[ASB.Selenium.DataModel.Customer.Accounts]
FailedAccounts: System.Collections.Generic.List`1[ASB.Selenium.DataModel.Customer.Accounts]
OnboardingSource: JoinASB
CustomerCreated: 
LoginCreated: 
RegisteredForNetcode: 
AccountsCreated: 
CustomerAccessToken: 
VerificationPassword: MyCode01
LoginDetail: ASB.Selenium.DataModel.Customer.Login
CustomerType: 
Cif: 
Username: afyi11314
UsernameApi: 
Password: Kiwi77nz
PublicKey: 
AcceptedTermsAndConditions: 
BackgroundCheckConsent: 
PreferredIdType: 
-> done: SummaryPageSteps.WhenIConfirmDetailsOnTheSummaryPage() (2.8s)
Then the 'Processing' screen of Join ASB page is displayed
-> done: CommonSteps.ThenTheScreenOfJoinASBPageIsDisplayed("Processing") (0.0s)
And the Logging you in progress page is displayed
-> done: ConfirmationPageSteps.ThenTheLoggingYouInProgressPageIsDisplayed() (18.2s)
And the Activation page is displayed
12/6/2017 2:27:53 AMThenTheActivationPageIsDisplayed: IsActivationPageDisplayed STARTED
12/6/2017 2:27:53 AMThenTheActivationPageIsDisplayed: IsActivationPageDisplayed DONE
12/6/2017 2:27:53 AMThenTheActivationPageIsDisplayed: IsSectionDisplayed STARTED
12/6/2017 2:27:57 AMThenTheActivationPageIsDisplayed: IsSectionDisplayed DONE
-> done: ActivationSummarySteps.ThenTheActivationPageIsDisplayed() (8.8s)
And the account number and product name is displayed for the selected products
==> Successfully created: Streamline transaction account:
12-3629-0385378-00
==> Successfully created: ASB Visa Debit card:
Issued for delivery within a week
==> Successfully created: Savings On Call:
12-3629-0385378-50
-> done: ActivationSummarySteps.ThenTheAccountNumberAndProductNameIsDisplayedForTheSelectedProducts() (27.0s)
And the Proof of Address section is displayed
*** Verifying section for non-Address Verified customer ***
*** Verifying section for non-Address Verified customer ***
-> done: ActivationSummarySteps.ThenTheProofOfAddressSectionIsDisplayed() (0.3s)
]]></output>
                </test-case>
                <test-case id="0-1051" name="ACTSUM_06_VerifyActivateSummaryPageConfirmIdentitySection" fullname="Join.Form.Customer.Selenium.Features._08_ActivateSummaryFeature.ACTSUM_06_VerifyActivateSummaryPageConfirmIdentitySection" methodname="ACTSUM_06_VerifyActivateSummaryPageConfirmIdentitySection" classname="Join.Form.Customer.Selenium.Features._08_ActivateSummaryFeature" runstate="Runnable" seed="1503735684" result="Passed" start-time="2017-12-05 13:28:30Z" end-time="2017-12-05 13:30:13Z" duration="102.631028" asserts="24">
                  <properties>
                    <property name="Description" value="ACTSUM_06 - Verify Activate Summary page Confirm Identity section" />
                    <property name="Category" value="COB" />
                    <property name="Category" value="activatesummary" />
                    <property name="Category" value="regression" />
                    <property name="Category" value="integration" />
                    <property name="Category" value="eidv" />
                    <property name="Category" value="072016" />
                    <property name="Category" value="112017" />
                  </properties>
                  <output><![CDATA[Given I start my Streamline application
Navigating to URL: https://webappisamdev.asbbank.co.nz/public/join/asb/?grcDisabled=true
-> done: CommonSteps.GivenIStartMyStreamlineApplication() (0.6s)
Given I select the following products: 'Streamline intro,Savings On Call,FastSaver'
12/6/2017 2:28:42 AMWaitForFeaturesPageLoad: Executing WaitForFrameAndSwitch
12/6/2017 2:28:42 AMWaitForFeaturesPageLoad: Done executing WaitForFrameAndSwitch
Unable to find product 'Savings On Call' in page or product 'Savings On Call' is not selected
Unable to find product 'FastSaver' in page or product 'FastSaver' is not selected
Unable to find product 'ASB Visa Debit Streamline Intro' in page or product 'ASB Visa Debit Streamline Intro' is not selected
-> done: ProductsPageSteps.WhenIChangeMySelectedProductsTo("Streamline intro,...") (20.3s)
And I enter all required details and navigate to Summary page
  --- table step argument ---
  | Title | FirstName  | MiddleName | LastName | DateOfBirth | Email             | MobileNumber | CountriesCitizenship | PreferredIdType | Password | VerbalPassword |
  | Miss  | Automation | RANDOM     | FYICOB   | RANDOM      | cob2016@asb.co.nz | 021-RANDOM   | New Zealand          | Other           | Kiwi77nz | MyCode01       |
Given I enter mandatory Tax Information for NZ citizen and clicks on Next button
-> done: AdditionalPersonalDetailsSteps.GivenIEnterMandatoryTaxInformationForNZCitizen() (0.5s)
-> done: PersonalDetailsSteps.GivenIEnterAllRequiredDetailsAndNavigateToSummaryPage(<table>) (25.9s)
When I confirm details on the Summary page
UniqueId: 
Title: Miss
FirstName: Automation
MiddleName: COB-OjmjW
LastName: FYICOB
Email: cob2016@asb.co.nz
Gender: 
DateOfBirth: 11/5/1946 12:00:00 AM
DateCreated: 
LastReviewDate: 
Cals: 
IsIndividual: 
NzCitizen: 
NzResidence: 
HighValueCustomer: 
StaffMember: 
AmlVerified: 
VipCustomer: 
Addresses: System.Collections.Generic.List`1[ASB.Selenium.DataModel.Customer.Address]
AddressInformation: ASB.Selenium.DataModel.Customer.AddressInformation
CompanyName: 
CompanyType: 
CompanySubType: 
CustomerTypeCode: 
IrdNumber: 
TaxClass: 
TaxClassDate: 
IsNzTaxResident: True
NonResidentCountryCode: 
IsForeignTaxResident: False
ForeignTaxResidencyStatus: 
IsProfileEnhanced: 
Phones: System.Collections.Generic.List`1[ASB.Selenium.DataModel.Customer.Phone]
NextOfKin: 
EmploymentDetails: 
LinkedCustomers: 
AccountRelationships: 
IdType: 
Fatca: ASB.Selenium.DataModel.Customer.Fatca
CitizenshipCountryCodes: 
CitizenshipCountryNames: System.Collections.Generic.List`1[System.String]
ForeignTaxResidenceTypes: System.Collections.Generic.List`1[ASB.Selenium.DataModel.Customer.ForeignTaxResidenceTypes]
OnboardingDetail: ASB.Selenium.DataModel.Customer.OnboardingDetail
AddressVerificationStatus: 
IdVerificationStatus: 
PreferredIdType: Other
IsProfileComplete: True
DaysRemaining: 0
OnboardingStatus: 
NewAccounts: System.Collections.Generic.List`1[ASB.Selenium.DataModel.Customer.Accounts]
FailedAccounts: System.Collections.Generic.List`1[ASB.Selenium.DataModel.Customer.Accounts]
OnboardingSource: JoinASB
CustomerCreated: 
LoginCreated: 
RegisteredForNetcode: 
AccountsCreated: 
CustomerAccessToken: 
VerificationPassword: MyCode01
LoginDetail: ASB.Selenium.DataModel.Customer.Login
CustomerType: 
Cif: 
Username: afyi58408
UsernameApi: 
Password: Kiwi77nz
PublicKey: 
AcceptedTermsAndConditions: 
BackgroundCheckConsent: 
PreferredIdType: 
-> done: SummaryPageSteps.WhenIConfirmDetailsOnTheSummaryPage() (2.8s)
Then the 'Processing' screen of Join ASB page is displayed
-> done: CommonSteps.ThenTheScreenOfJoinASBPageIsDisplayed("Processing") (0.0s)
And the Logging you in progress page is displayed
-> done: ConfirmationPageSteps.ThenTheLoggingYouInProgressPageIsDisplayed() (15.4s)
And the Activation page is displayed
12/6/2017 2:29:38 AMThenTheActivationPageIsDisplayed: IsActivationPageDisplayed STARTED
12/6/2017 2:29:38 AMThenTheActivationPageIsDisplayed: IsActivationPageDisplayed DONE
12/6/2017 2:29:38 AMThenTheActivationPageIsDisplayed: IsSectionDisplayed STARTED
12/6/2017 2:29:40 AMThenTheActivationPageIsDisplayed: IsSectionDisplayed DONE
-> done: ActivationSummarySteps.ThenTheActivationPageIsDisplayed() (6.7s)
And the account number and product name is displayed for the selected products
==> Successfully created: Streamline transaction account:
12-3629-0385386-00
==> Successfully created: Savings On Call:
12-3629-0385386-50
==> Successfully created: FastSaver:
12-3629-0385386-51
-> done: ActivationSummarySteps.ThenTheAccountNumberAndProductNameIsDisplayedForTheSelectedProducts() (27.0s)
And the Confirm Identity section is displayed
*** Verifying section for non-ID Verified customer ***
*** Verifying section for customer with Preferred ID = 'Other' ***
*** Verifying EIDV-Switched OFF Confirm Identity section for customer with Preferred ID: Other
-> done: ActivationSummarySteps.ThenTheConfirmIdentitySectionIsDisplayed() (0.5s)
]]></output>
                </test-case>
                <test-case id="0-1052" name="ACTSUM_07_VerifyActivateSummaryPageAcceptableDocumentsAndFindABranchSection" fullname="Join.Form.Customer.Selenium.Features._08_ActivateSummaryFeature.ACTSUM_07_VerifyActivateSummaryPageAcceptableDocumentsAndFindABranchSection" methodname="ACTSUM_07_VerifyActivateSummaryPageAcceptableDocumentsAndFindABranchSection" classname="Join.Form.Customer.Selenium.Features._08_ActivateSummaryFeature" runstate="Runnable" seed="836136226" result="Passed" start-time="2017-12-05 13:30:13Z" end-time="2017-12-05 13:31:24Z" duration="71.569058" asserts="18">
                  <properties>
                    <property name="Description" value="ACTSUM_07 - Verify Activate Summary page Acceptable documents and Find a branch section" />
                    <property name="Category" value="COB" />
                    <property name="Category" value="activatesummary" />
                    <property name="Category" value="regression" />
                    <property name="Category" value="smoke" />
                    <property name="Category" value="integration" />
                    <property name="Category" value="eidv" />
                    <property name="Category" value="072016" />
                    <property name="Category" value="112017" />
                  </properties>
                  <output><![CDATA[Given I start my Streamline application
Navigating to URL: https://webappisamdev.asbbank.co.nz/public/join/asb/?grcDisabled=true
-> done: CommonSteps.GivenIStartMyStreamlineApplication() (0.8s)
Given I select the following products: 'Streamline intro,ASB Visa Debit Streamline Intro'
12/6/2017 2:30:24 AMWaitForFeaturesPageLoad: Executing WaitForFrameAndSwitch
12/6/2017 2:30:25 AMWaitForFeaturesPageLoad: Done executing WaitForFrameAndSwitch
Unable to find product 'FastSaver' in page or product 'FastSaver' is not selected
Unable to find product 'Savings On Call' in page or product 'Savings On Call' is not selected
Unable to find product 'Savings On Call' in page or product 'Savings On Call' is not selected
Unable to find product 'FastSaver' in page or product 'FastSaver' is not selected
-> done: ProductsPageSteps.WhenIChangeMySelectedProductsTo("Streamline intro,...") (15.1s)
And I enter all required details and navigate to Summary page
  --- table step argument ---
  | Title | FirstName  | MiddleName | LastName | DateOfBirth | Email             | MobileNumber | CountriesCitizenship | PreferredIdType | Password | VerbalPassword |
  | Miss  | Automation | RANDOM     | FYICOB   | RANDOM      | cob2016@asb.co.nz | 021-RANDOM   | New Zealand          | Other           | Kiwi77nz | MyCode01       |
Given I enter mandatory Tax Information for NZ citizen and clicks on Next button
-> done: AdditionalPersonalDetailsSteps.GivenIEnterMandatoryTaxInformationForNZCitizen() (0.5s)
-> done: PersonalDetailsSteps.GivenIEnterAllRequiredDetailsAndNavigateToSummaryPage(<table>) (20.2s)
When I confirm details on the Summary page
UniqueId: 
Title: Miss
FirstName: Automation
MiddleName: COB-wbLQF
LastName: FYICOB
Email: cob2016@asb.co.nz
Gender: 
DateOfBirth: 4/17/1944 12:00:00 AM
DateCreated: 
LastReviewDate: 
Cals: 
IsIndividual: 
NzCitizen: 
NzResidence: 
HighValueCustomer: 
StaffMember: 
AmlVerified: 
VipCustomer: 
Addresses: System.Collections.Generic.List`1[ASB.Selenium.DataModel.Customer.Address]
AddressInformation: ASB.Selenium.DataModel.Customer.AddressInformation
CompanyName: 
CompanyType: 
CompanySubType: 
CustomerTypeCode: 
IrdNumber: 
TaxClass: 
TaxClassDate: 
IsNzTaxResident: True
NonResidentCountryCode: 
IsForeignTaxResident: False
ForeignTaxResidencyStatus: 
IsProfileEnhanced: 
Phones: System.Collections.Generic.List`1[ASB.Selenium.DataModel.Customer.Phone]
NextOfKin: 
EmploymentDetails: 
LinkedCustomers: 
AccountRelationships: 
IdType: 
Fatca: ASB.Selenium.DataModel.Customer.Fatca
CitizenshipCountryCodes: 
CitizenshipCountryNames: System.Collections.Generic.List`1[System.String]
ForeignTaxResidenceTypes: System.Collections.Generic.List`1[ASB.Selenium.DataModel.Customer.ForeignTaxResidenceTypes]
OnboardingDetail: ASB.Selenium.DataModel.Customer.OnboardingDetail
AddressVerificationStatus: 
IdVerificationStatus: 
PreferredIdType: Other
IsProfileComplete: True
DaysRemaining: 0
OnboardingStatus: 
NewAccounts: System.Collections.Generic.List`1[ASB.Selenium.DataModel.Customer.Accounts]
FailedAccounts: System.Collections.Generic.List`1[ASB.Selenium.DataModel.Customer.Accounts]
OnboardingSource: JoinASB
CustomerCreated: 
LoginCreated: 
RegisteredForNetcode: 
AccountsCreated: 
CustomerAccessToken: 
VerificationPassword: MyCode01
LoginDetail: ASB.Selenium.DataModel.Customer.Login
CustomerType: 
Cif: 
Username: afyi89109
UsernameApi: 
Password: Kiwi77nz
PublicKey: 
AcceptedTermsAndConditions: 
BackgroundCheckConsent: 
PreferredIdType: 
-> done: SummaryPageSteps.WhenIConfirmDetailsOnTheSummaryPage() (2.8s)
Then the Logging you in progress page is displayed
-> done: ConfirmationPageSteps.ThenTheLoggingYouInProgressPageIsDisplayed() (17.5s)
And the Activation page is displayed
12/6/2017 2:31:11 AMThenTheActivationPageIsDisplayed: IsActivationPageDisplayed STARTED
12/6/2017 2:31:12 AMThenTheActivationPageIsDisplayed: IsActivationPageDisplayed DONE
12/6/2017 2:31:12 AMThenTheActivationPageIsDisplayed: IsSectionDisplayed STARTED
12/6/2017 2:31:16 AMThenTheActivationPageIsDisplayed: IsSectionDisplayed DONE
-> done: ActivationSummarySteps.ThenTheActivationPageIsDisplayed() (9.0s)
And the See a complete list of acceptable documents text is displayed conditionally
Verifying acceptable documents link should be displayed
Clicking on link: acceptable documents
-> done: ActivationSummarySteps.ThenTheSeeACompleteListOfAcceptableDocumentsTextIsDisplayedConditionally() (1.1s)
And the Find a branch button is displayed conditionally
Verifying Find a branch button should be displayed
-> done: ActivationSummarySteps.ThenTheFindABranchButtonOpensInANewWindow() (4.3s)
]]></output>
                </test-case>
                <test-suite type="ParameterizedMethod" id="0-1077" name="ACTSUM_08_VerifyConfirmation_AdditionalDetails" fullname="Join.Form.Customer.Selenium.Features._08_ActivateSummaryFeature.ACTSUM_08_VerifyConfirmation_AdditionalDetails" classname="Join.Form.Customer.Selenium.Features._08_ActivateSummaryFeature" runstate="Runnable" testcasecount="24" result="Failed" site="Child" start-time="2017-12-05 13:31:24Z" end-time="2017-12-05 14:16:12Z" duration="2687.679323" total="24" passed="19" failed="5" warnings="0" inconclusive="0" skipped="0" asserts="854">
                  <properties>
                    <property name="Description" value="ACTSUM_08 - Verify Confirmation - Additional Details" />
                    <property name="Category" value="COB" />
                    <property name="Category" value="activatesummary" />
                    <property name="Category" value="regression" />
                    <property name="Category" value="integration" />
                    <property name="Category" value="esm" />
                    <property name="Category" value="eidv" />
                    <property name="Category" value="072016" />
                    <property name="Category" value="crscotr" />
                    <property name="Category" value="112017" />
                  </properties>
                  <failure>
                    <message><![CDATA[One or more child tests had errors]]></message>
                  </failure>
                  <test-case id="0-1053" name="ACTSUM_08_VerifyConfirmation_AdditionalDetails(&quot;Yes-33%&quot;,&quot;Streamline intro&quot;,&quot;Yes&quot;,&quot;33%&quot;,&quot;111-111-111&quot;,&quot;New Zealand&quot;,&quot;Australia - X123GH78&quot;,&quot;true&quot;,System.String[])" fullname="Join.Form.Customer.Selenium.Features._08_ActivateSummaryFeature.ACTSUM_08_VerifyConfirmation_AdditionalDetails(&quot;Yes-33%&quot;,&quot;Streamline intro&quot;,&quot;Yes&quot;,&quot;33%&quot;,&quot;111-111-111&quot;,&quot;New Zealand&quot;,&quot;Australia - X123GH78&quot;,&quot;true&quot;,System.String[])" methodname="ACTSUM_08_VerifyConfirmation_AdditionalDetails" classname="Join.Form.Customer.Selenium.Features._08_ActivateSummaryFeature" runstate="Runnable" seed="1898732910" result="Passed" start-time="2017-12-05 13:31:24Z" end-time="2017-12-05 13:32:57Z" duration="92.600451" asserts="41">
                    <properties />
                    <output><![CDATA[Given I start my Streamline application
Navigating to URL: https://webappisamdev.asbbank.co.nz/public/join/asb/?grcDisabled=true
-> done: CommonSteps.GivenIStartMyStreamlineApplication() (0.6s)
Given I select the following products: 'Streamline intro'
12/6/2017 2:31:36 AMWaitForFeaturesPageLoad: Executing WaitForFrameAndSwitch
12/6/2017 2:31:36 AMWaitForFeaturesPageLoad: Done executing WaitForFrameAndSwitch
Unable to find product 'FastSaver' in page or product 'FastSaver' is not selected
Unable to find product 'Savings On Call' in page or product 'Savings On Call' is not selected
Unable to find product 'ASB Visa Debit Streamline Intro' in page or product 'ASB Visa Debit Streamline Intro' is not selected
Unable to find product 'Savings On Call' in page or product 'Savings On Call' is not selected
Unable to find product 'FastSaver' in page or product 'FastSaver' is not selected
-> done: ProductsPageSteps.WhenIChangeMySelectedProductsTo("Streamline intro") (16.1s)
And I enter all required details in the Personal details page and clicks on Next button:
  --- table step argument ---
  | Title | FirstName  | MiddleName | LastName | DateOfBirth | Email             | MobileNumber | CountriesCitizenship | PreferredIdType |
  | Miss  | Automation | RANDOM     | FYICOB   | RANDOM      | cob2016@asb.co.nz | 021-RANDOM   | New Zealand          | Other           |
-> done: PersonalDetailsSteps.WhenIEnterAllRequiredDetailsForPersonalDetailsPage(<table>) (14.4s)
And I select 'Yes' in the Are you a New Zealand tax resident question
-> done: AdditionalPersonalDetailsSteps.WhenISelectInTheAreYouANewZealandTaxResidentQuestion("Yes") (0.1s)
And I select '33%' in the Resident Withholding Tax Rate dropdown
-> done: AdditionalPersonalDetailsSteps.WhenISelectInTheResidentWithholdingTaxRateDropdown("33%") (0.1s)
And I enter non resident country and date for a non NZ tax resident
-> done: AdditionalPersonalDetailsSteps.WhenIEnterNonResidentCountryAndDateForANonNZTaxResident() (0.0s)
And I enter additional information with Profile Complete flag '111-111-111', 'New Zealand', 'Australia - X123GH78', 'true'
-> done: AdditionalPersonalDetailsSteps.GivenIEnterAdditionalInformationWithProfileCompleteFlag("111-111-111", "New Zealand", "Australia - X123GH78", "true") (2.3s)
And I click on 'Next' button
-> done: CommonSteps.WhenIClickOnButton("Next") (0.1s)
And I enter 'Kiwi77nz' password and 'MyCode01' verbal password in the ASB Login page and clicks on Next button
-> done: ASBLoginPageSteps.WhenIEnterPasswordAndVerbalPasswordInTheASBLoginPageAndClicksOnNextButton("Kiwi77nz", "MyCode01") (1.1s)
When I confirm details on the Summary page
UniqueId: 
Title: Miss
FirstName: Automation
MiddleName: COB-lIEul
LastName: FYICOB
Email: cob2016@asb.co.nz
Gender: 
DateOfBirth: 5/9/1988 12:00:00 AM
DateCreated: 
LastReviewDate: 
Cals: 
IsIndividual: 
NzCitizen: 
NzResidence: 
HighValueCustomer: 
StaffMember: 
AmlVerified: 
VipCustomer: 
Addresses: System.Collections.Generic.List`1[ASB.Selenium.DataModel.Customer.Address]
AddressInformation: ASB.Selenium.DataModel.Customer.AddressInformation
CompanyName: 
CompanyType: 
CompanySubType: 
CustomerTypeCode: 
IrdNumber: 111-111-111
TaxClass: 33%
TaxClassDate: 
IsNzTaxResident: True
NonResidentCountryCode: 
IsForeignTaxResident: True
ForeignTaxResidencyStatus: 
IsProfileEnhanced: 
Phones: System.Collections.Generic.List`1[ASB.Selenium.DataModel.Customer.Phone]
NextOfKin: 
EmploymentDetails: 
LinkedCustomers: 
AccountRelationships: 
IdType: 
Fatca: ASB.Selenium.DataModel.Customer.Fatca
CitizenshipCountryCodes: 
CitizenshipCountryNames: System.Collections.Generic.List`1[System.String]
ForeignTaxResidenceTypes: System.Collections.Generic.List`1[ASB.Selenium.DataModel.Customer.ForeignTaxResidenceTypes]
OnboardingDetail: ASB.Selenium.DataModel.Customer.OnboardingDetail
AddressVerificationStatus: 
IdVerificationStatus: 
PreferredIdType: Other
IsProfileComplete: True
DaysRemaining: 0
OnboardingStatus: 
NewAccounts: System.Collections.Generic.List`1[ASB.Selenium.DataModel.Customer.Accounts]
FailedAccounts: System.Collections.Generic.List`1[ASB.Selenium.DataModel.Customer.Accounts]
OnboardingSource: JoinASB
CustomerCreated: 
LoginCreated: 
RegisteredForNetcode: 
AccountsCreated: 
CustomerAccessToken: 
VerificationPassword: MyCode01
LoginDetail: ASB.Selenium.DataModel.Customer.Login
CustomerType: 
Cif: 
Username: afyi73470
UsernameApi: 
Password: Kiwi77nz
PublicKey: 
AcceptedTermsAndConditions: 
BackgroundCheckConsent: 
PreferredIdType: 
-> done: SummaryPageSteps.WhenIConfirmDetailsOnTheSummaryPage() (3.0s)
Then the Logging you in progress page is displayed
-> done: ConfirmationPageSteps.ThenTheLoggingYouInProgressPageIsDisplayed() (15.6s)
And the Activation page is displayed
12/6/2017 2:32:20 AMThenTheActivationPageIsDisplayed: IsActivationPageDisplayed STARTED
12/6/2017 2:32:20 AMThenTheActivationPageIsDisplayed: IsActivationPageDisplayed DONE
12/6/2017 2:32:20 AMThenTheActivationPageIsDisplayed: IsSectionDisplayed STARTED
12/6/2017 2:32:23 AMThenTheActivationPageIsDisplayed: IsSectionDisplayed DONE
-> done: ActivationSummarySteps.ThenTheActivationPageIsDisplayed() (6.9s)
And the account number and product name is displayed for the selected products
==> Successfully created: Streamline transaction account:
12-3629-0385407-00
-> done: ActivationSummarySteps.ThenTheAccountNumberAndProductNameIsDisplayedForTheSelectedProducts() (26.8s)
And the 'Activate your account' section is displayed
-> done: ActivationSummarySteps.ThenTheSectionIsDisplayed("Activate your acc...") (0.0s)
And the Activate your account header is displayed
-> done: ActivationSummarySteps.ThenTheActivateYourAccountHeaderIsDisplayed() (0.0s)
And the Profile Details section is displayed
*** Verifying section for non-Profile Enhanced customer ***
*** Verifying section for Profile Complete customer ***
-> done: ActivationSummarySteps.ThenTheProfileDetailsSectionIsDisplayed() (1.1s)
And the Proof of Address section is displayed
*** Verifying section for non-Address Verified customer ***
*** Verifying section for non-Address Verified customer ***
-> done: ActivationSummarySteps.ThenTheProofOfAddressSectionIsDisplayed() (0.2s)
And the Confirm Identity section is displayed
*** Verifying section for non-ID Verified customer ***
*** Verifying section for customer with Preferred ID = 'Other' ***
*** Verifying EIDV-Switched OFF Confirm Identity section for customer with Preferred ID: Other
-> done: ActivationSummarySteps.ThenTheConfirmIdentitySectionIsDisplayed() (0.4s)
And the See a complete list of acceptable documents text is displayed conditionally
Verifying acceptable documents link should be displayed
Clicking on link: acceptable documents
-> done: ActivationSummarySteps.ThenTheSeeACompleteListOfAcceptableDocumentsTextIsDisplayedConditionally() (1.1s)
And the Find a branch button is displayed conditionally
Verifying Find a branch button should be displayed
-> done: ActivationSummarySteps.ThenTheFindABranchButtonOpensInANewWindow() (1.7s)
]]></output>
                  </test-case>
                  <test-case id="0-1054" name="ACTSUM_08_VerifyConfirmation_AdditionalDetails(&quot;Yes-30% - COFTR in NRC, Optional TIN&quot;,&quot;Streamline intro,ASB Visa Debit Streamline Intro&quot;,&quot;Yes&quot;,&quot;30%&quot;,&quot;111-111-111&quot;,&quot;New Zealand&quot;,&quot;Taiwan - 12345ABC&quot;,&quot;true&quot;,System.String[])" fullname="Join.Form.Customer.Selenium.Features._08_ActivateSummaryFeature.ACTSUM_08_VerifyConfirmation_AdditionalDetails(&quot;Yes-30% - COFTR in NRC, Optional TIN&quot;,&quot;Streamline intro,ASB Visa Debit Streamline Intro&quot;,&quot;Yes&quot;,&quot;30%&quot;,&quot;111-111-111&quot;,&quot;New Zealand&quot;,&quot;Taiwan - 12345ABC&quot;,&quot;true&quot;,System.String[])" methodname="ACTSUM_08_VerifyConfirmation_AdditionalDetails" classname="Join.Form.Customer.Selenium.Features._08_ActivateSummaryFeature" runstate="Runnable" seed="2086749363" result="Passed" start-time="2017-12-05 13:32:57Z" end-time="2017-12-05 13:34:32Z" duration="95.059292" asserts="42">
                    <properties />
                    <output><![CDATA[Given I start my Streamline application
Navigating to URL: https://webappisamdev.asbbank.co.nz/public/join/asb/?grcDisabled=true
-> done: CommonSteps.GivenIStartMyStreamlineApplication() (0.6s)
Given I select the following products: 'Streamline intro,ASB Visa Debit Streamline Intro'
12/6/2017 2:33:09 AMWaitForFeaturesPageLoad: Executing WaitForFrameAndSwitch
12/6/2017 2:33:09 AMWaitForFeaturesPageLoad: Done executing WaitForFrameAndSwitch
Unable to find product 'FastSaver' in page or product 'FastSaver' is not selected
Unable to find product 'Savings On Call' in page or product 'Savings On Call' is not selected
Unable to find product 'Savings On Call' in page or product 'Savings On Call' is not selected
Unable to find product 'FastSaver' in page or product 'FastSaver' is not selected
-> done: ProductsPageSteps.WhenIChangeMySelectedProductsTo("Streamline intro,...") (15.1s)
And I enter all required details in the Personal details page and clicks on Next button:
  --- table step argument ---
  | Title | FirstName  | MiddleName | LastName | DateOfBirth | Email             | MobileNumber | CountriesCitizenship | PreferredIdType |
  | Miss  | Automation | RANDOM     | FYICOB   | RANDOM      | cob2016@asb.co.nz | 021-RANDOM   | New Zealand          | Other           |
-> done: PersonalDetailsSteps.WhenIEnterAllRequiredDetailsForPersonalDetailsPage(<table>) (15.1s)
And I select 'Yes' in the Are you a New Zealand tax resident question
-> done: AdditionalPersonalDetailsSteps.WhenISelectInTheAreYouANewZealandTaxResidentQuestion("Yes") (0.1s)
And I select '30%' in the Resident Withholding Tax Rate dropdown
-> done: AdditionalPersonalDetailsSteps.WhenISelectInTheResidentWithholdingTaxRateDropdown("30%") (0.2s)
And I enter non resident country and date for a non NZ tax resident
-> done: AdditionalPersonalDetailsSteps.WhenIEnterNonResidentCountryAndDateForANonNZTaxResident() (0.0s)
And I enter additional information with Profile Complete flag '111-111-111', 'New Zealand', 'Taiwan - 12345ABC', 'true'
-> done: AdditionalPersonalDetailsSteps.GivenIEnterAdditionalInformationWithProfileCompleteFlag("111-111-111", "New Zealand", "Taiwan - 12345ABC", "true") (2.3s)
And I click on 'Next' button
-> done: CommonSteps.WhenIClickOnButton("Next") (0.1s)
And I enter 'Kiwi77nz' password and 'MyCode01' verbal password in the ASB Login page and clicks on Next button
-> done: ASBLoginPageSteps.WhenIEnterPasswordAndVerbalPasswordInTheASBLoginPageAndClicksOnNextButton("Kiwi77nz", "MyCode01") (1.1s)
When I confirm details on the Summary page
UniqueId: 
Title: Miss
FirstName: Automation
MiddleName: COB-SjmeQ
LastName: FYICOB
Email: cob2016@asb.co.nz
Gender: 
DateOfBirth: 2/21/1982 12:00:00 AM
DateCreated: 
LastReviewDate: 
Cals: 
IsIndividual: 
NzCitizen: 
NzResidence: 
HighValueCustomer: 
StaffMember: 
AmlVerified: 
VipCustomer: 
Addresses: System.Collections.Generic.List`1[ASB.Selenium.DataModel.Customer.Address]
AddressInformation: ASB.Selenium.DataModel.Customer.AddressInformation
CompanyName: 
CompanyType: 
CompanySubType: 
CustomerTypeCode: 
IrdNumber: 111-111-111
TaxClass: 30%
TaxClassDate: 
IsNzTaxResident: True
NonResidentCountryCode: 
IsForeignTaxResident: True
ForeignTaxResidencyStatus: 
IsProfileEnhanced: 
Phones: System.Collections.Generic.List`1[ASB.Selenium.DataModel.Customer.Phone]
NextOfKin: 
EmploymentDetails: 
LinkedCustomers: 
AccountRelationships: 
IdType: 
Fatca: ASB.Selenium.DataModel.Customer.Fatca
CitizenshipCountryCodes: 
CitizenshipCountryNames: System.Collections.Generic.List`1[System.String]
ForeignTaxResidenceTypes: System.Collections.Generic.List`1[ASB.Selenium.DataModel.Customer.ForeignTaxResidenceTypes]
OnboardingDetail: ASB.Selenium.DataModel.Customer.OnboardingDetail
AddressVerificationStatus: 
IdVerificationStatus: 
PreferredIdType: Other
IsProfileComplete: True
DaysRemaining: 0
OnboardingStatus: 
NewAccounts: System.Collections.Generic.List`1[ASB.Selenium.DataModel.Customer.Accounts]
FailedAccounts: System.Collections.Generic.List`1[ASB.Selenium.DataModel.Customer.Accounts]
OnboardingSource: JoinASB
CustomerCreated: 
LoginCreated: 
RegisteredForNetcode: 
AccountsCreated: 
CustomerAccessToken: 
VerificationPassword: MyCode01
LoginDetail: ASB.Selenium.DataModel.Customer.Login
CustomerType: 
Cif: 
Username: afyi09110
UsernameApi: 
Password: Kiwi77nz
PublicKey: 
AcceptedTermsAndConditions: 
BackgroundCheckConsent: 
PreferredIdType: 
-> done: SummaryPageSteps.WhenIConfirmDetailsOnTheSummaryPage() (2.8s)
Then the Logging you in progress page is displayed
-> done: ConfirmationPageSteps.ThenTheLoggingYouInProgressPageIsDisplayed() (18.4s)
And the Activation page is displayed
12/6/2017 2:33:55 AMThenTheActivationPageIsDisplayed: IsActivationPageDisplayed STARTED
12/6/2017 2:33:55 AMThenTheActivationPageIsDisplayed: IsActivationPageDisplayed DONE
12/6/2017 2:33:55 AMThenTheActivationPageIsDisplayed: IsSectionDisplayed STARTED
12/6/2017 2:33:58 AMThenTheActivationPageIsDisplayed: IsSectionDisplayed DONE
-> done: ActivationSummarySteps.ThenTheActivationPageIsDisplayed() (6.9s)
And the account number and product name is displayed for the selected products
==> Successfully created: Streamline transaction account:
12-3629-0385415-00
==> Successfully created: ASB Visa Debit card:
Issued for delivery within a week
-> done: ActivationSummarySteps.ThenTheAccountNumberAndProductNameIsDisplayedForTheSelectedProducts() (26.9s)
And the 'Activate your account' section is displayed
-> done: ActivationSummarySteps.ThenTheSectionIsDisplayed("Activate your acc...") (0.0s)
And the Activate your account header is displayed
-> done: ActivationSummarySteps.ThenTheActivateYourAccountHeaderIsDisplayed() (0.0s)
And the Profile Details section is displayed
*** Verifying section for non-Profile Enhanced customer ***
*** Verifying section for Profile Complete customer ***
-> done: ActivationSummarySteps.ThenTheProfileDetailsSectionIsDisplayed() (1.1s)
And the Proof of Address section is displayed
*** Verifying section for non-Address Verified customer ***
*** Verifying section for non-Address Verified customer ***
-> done: ActivationSummarySteps.ThenTheProofOfAddressSectionIsDisplayed() (0.2s)
And the Confirm Identity section is displayed
*** Verifying section for non-ID Verified customer ***
*** Verifying section for customer with Preferred ID = 'Other' ***
*** Verifying EIDV-Switched OFF Confirm Identity section for customer with Preferred ID: Other
-> done: ActivationSummarySteps.ThenTheConfirmIdentitySectionIsDisplayed() (0.5s)
And the See a complete list of acceptable documents text is displayed conditionally
Verifying acceptable documents link should be displayed
Clicking on link: acceptable documents
-> done: ActivationSummarySteps.ThenTheSeeACompleteListOfAcceptableDocumentsTextIsDisplayedConditionally() (1.0s)
And the Find a branch button is displayed conditionally
Verifying Find a branch button should be displayed
-> done: ActivationSummarySteps.ThenTheFindABranchButtonOpensInANewWindow() (1.6s)
]]></output>
                  </test-case>
                  <test-case id="0-1055" name="ACTSUM_08_VerifyConfirmation_AdditionalDetails(&quot;Yes-17.5%&quot;,&quot;Streamline intro,ASB Visa Debit Streamline Intro,Savings On Call&quot;,&quot;Yes&quot;,&quot;17.5%&quot;,&quot;49-091-850&quot;,&quot;New Zealand&quot;,&quot;Skip&quot;,&quot;true&quot;,System.String[])" fullname="Join.Form.Customer.Selenium.Features._08_ActivateSummaryFeature.ACTSUM_08_VerifyConfirmation_AdditionalDetails(&quot;Yes-17.5%&quot;,&quot;Streamline intro,ASB Visa Debit Streamline Intro,Savings On Call&quot;,&quot;Yes&quot;,&quot;17.5%&quot;,&quot;49-091-850&quot;,&quot;New Zealand&quot;,&quot;Skip&quot;,&quot;true&quot;,System.String[])" methodname="ACTSUM_08_VerifyConfirmation_AdditionalDetails" classname="Join.Form.Customer.Selenium.Features._08_ActivateSummaryFeature" runstate="Runnable" seed="1543204938" result="Passed" start-time="2017-12-05 13:34:32Z" end-time="2017-12-05 13:36:11Z" duration="98.889304" asserts="43">
                    <properties />
                    <output><![CDATA[Given I start my Streamline application
Navigating to URL: https://webappisamdev.asbbank.co.nz/public/join/asb/?grcDisabled=true
-> done: CommonSteps.GivenIStartMyStreamlineApplication() (0.5s)
Given I select the following products: 'Streamline intro,ASB Visa Debit Streamline Intro,Savings On Call'
12/6/2017 2:34:44 AMWaitForFeaturesPageLoad: Executing WaitForFrameAndSwitch
12/6/2017 2:34:44 AMWaitForFeaturesPageLoad: Done executing WaitForFrameAndSwitch
Unable to find product 'Savings On Call' in page or product 'Savings On Call' is not selected
Unable to find product 'FastSaver' in page or product 'FastSaver' is not selected
Unable to find product 'FastSaver' in page or product 'FastSaver' is not selected
-> done: ProductsPageSteps.WhenIChangeMySelectedProductsTo("Streamline intro,...") (17.1s)
And I enter all required details in the Personal details page and clicks on Next button:
  --- table step argument ---
  | Title | FirstName  | MiddleName | LastName | DateOfBirth | Email             | MobileNumber | CountriesCitizenship | PreferredIdType |
  | Miss  | Automation | RANDOM     | FYICOB   | RANDOM      | cob2016@asb.co.nz | 021-RANDOM   | New Zealand          | Other           |
-> done: PersonalDetailsSteps.WhenIEnterAllRequiredDetailsForPersonalDetailsPage(<table>) (15.8s)
And I select 'Yes' in the Are you a New Zealand tax resident question
-> done: AdditionalPersonalDetailsSteps.WhenISelectInTheAreYouANewZealandTaxResidentQuestion("Yes") (0.2s)
And I select '17.5%' in the Resident Withholding Tax Rate dropdown
-> done: AdditionalPersonalDetailsSteps.WhenISelectInTheResidentWithholdingTaxRateDropdown("17.5%") (0.1s)
And I enter non resident country and date for a non NZ tax resident
-> done: AdditionalPersonalDetailsSteps.WhenIEnterNonResidentCountryAndDateForANonNZTaxResident() (0.0s)
And I enter additional information with Profile Complete flag '49-091-850', 'New Zealand', 'Skip', 'true'
-> done: AdditionalPersonalDetailsSteps.GivenIEnterAdditionalInformationWithProfileCompleteFlag("49-091-850", "New Zealand", "Skip", "true") (0.4s)
And I click on 'Next' button
-> done: CommonSteps.WhenIClickOnButton("Next") (0.1s)
And I enter 'Kiwi77nz' password and 'MyCode01' verbal password in the ASB Login page and clicks on Next button
-> done: ASBLoginPageSteps.WhenIEnterPasswordAndVerbalPasswordInTheASBLoginPageAndClicksOnNextButton("Kiwi77nz", "MyCode01") (1.3s)
When I confirm details on the Summary page
UniqueId: 
Title: Miss
FirstName: Automation
MiddleName: COB-ZiMcZ
LastName: FYICOB
Email: cob2016@asb.co.nz
Gender: 
DateOfBirth: 4/16/1962 12:00:00 AM
DateCreated: 
LastReviewDate: 
Cals: 
IsIndividual: 
NzCitizen: 
NzResidence: 
HighValueCustomer: 
StaffMember: 
AmlVerified: 
VipCustomer: 
Addresses: System.Collections.Generic.List`1[ASB.Selenium.DataModel.Customer.Address]
AddressInformation: ASB.Selenium.DataModel.Customer.AddressInformation
CompanyName: 
CompanyType: 
CompanySubType: 
CustomerTypeCode: 
IrdNumber: 49-091-850
TaxClass: 17.5%
TaxClassDate: 
IsNzTaxResident: True
NonResidentCountryCode: 
IsForeignTaxResident: False
ForeignTaxResidencyStatus: 
IsProfileEnhanced: 
Phones: System.Collections.Generic.List`1[ASB.Selenium.DataModel.Customer.Phone]
NextOfKin: 
EmploymentDetails: 
LinkedCustomers: 
AccountRelationships: 
IdType: 
Fatca: ASB.Selenium.DataModel.Customer.Fatca
CitizenshipCountryCodes: 
CitizenshipCountryNames: System.Collections.Generic.List`1[System.String]
ForeignTaxResidenceTypes: System.Collections.Generic.List`1[ASB.Selenium.DataModel.Customer.ForeignTaxResidenceTypes]
OnboardingDetail: ASB.Selenium.DataModel.Customer.OnboardingDetail
AddressVerificationStatus: 
IdVerificationStatus: 
PreferredIdType: Other
IsProfileComplete: True
DaysRemaining: 0
OnboardingStatus: 
NewAccounts: System.Collections.Generic.List`1[ASB.Selenium.DataModel.Customer.Accounts]
FailedAccounts: System.Collections.Generic.List`1[ASB.Selenium.DataModel.Customer.Accounts]
OnboardingSource: JoinASB
CustomerCreated: 
LoginCreated: 
RegisteredForNetcode: 
AccountsCreated: 
CustomerAccessToken: 
VerificationPassword: MyCode01
LoginDetail: ASB.Selenium.DataModel.Customer.Login
CustomerType: 
Cif: 
Username: afyi82947
UsernameApi: 
Password: Kiwi77nz
PublicKey: 
AcceptedTermsAndConditions: 
BackgroundCheckConsent: 
PreferredIdType: 
-> done: SummaryPageSteps.WhenIConfirmDetailsOnTheSummaryPage() (2.8s)
Then the Logging you in progress page is displayed
-> done: ConfirmationPageSteps.ThenTheLoggingYouInProgressPageIsDisplayed() (17.0s)
And the Activation page is displayed
12/6/2017 2:35:30 AMThenTheActivationPageIsDisplayed: IsActivationPageDisplayed STARTED
12/6/2017 2:35:30 AMThenTheActivationPageIsDisplayed: IsActivationPageDisplayed DONE
12/6/2017 2:35:30 AMThenTheActivationPageIsDisplayed: IsSectionDisplayed STARTED
12/6/2017 2:35:35 AMThenTheActivationPageIsDisplayed: IsSectionDisplayed DONE
-> done: ActivationSummarySteps.ThenTheActivationPageIsDisplayed() (8.9s)
And the account number and product name is displayed for the selected products
==> Successfully created: Streamline transaction account:
12-3629-0385423-00
==> Successfully created: ASB Visa Debit card:
Issued for delivery within a week
==> Successfully created: Savings On Call:
12-3629-0385423-50
-> done: ActivationSummarySteps.ThenTheAccountNumberAndProductNameIsDisplayedForTheSelectedProducts() (27.0s)
And the 'Activate your account' section is displayed
-> done: ActivationSummarySteps.ThenTheSectionIsDisplayed("Activate your acc...") (0.0s)
And the Activate your account header is displayed
-> done: ActivationSummarySteps.ThenTheActivateYourAccountHeaderIsDisplayed() (0.0s)
And the Profile Details section is displayed
*** Verifying section for non-Profile Enhanced customer ***
*** Verifying section for Profile Complete customer ***
-> done: ActivationSummarySteps.ThenTheProfileDetailsSectionIsDisplayed() (1.1s)
And the Proof of Address section is displayed
*** Verifying section for non-Address Verified customer ***
*** Verifying section for non-Address Verified customer ***
-> done: ActivationSummarySteps.ThenTheProofOfAddressSectionIsDisplayed() (0.2s)
And the Confirm Identity section is displayed
*** Verifying section for non-ID Verified customer ***
*** Verifying section for customer with Preferred ID = 'Other' ***
*** Verifying EIDV-Switched OFF Confirm Identity section for customer with Preferred ID: Other
-> done: ActivationSummarySteps.ThenTheConfirmIdentitySectionIsDisplayed() (0.5s)
And the See a complete list of acceptable documents text is displayed conditionally
Verifying acceptable documents link should be displayed
Clicking on link: acceptable documents
-> done: ActivationSummarySteps.ThenTheSeeACompleteListOfAcceptableDocumentsTextIsDisplayedConditionally() (1.0s)
And the Find a branch button is displayed conditionally
Verifying Find a branch button should be displayed
-> done: ActivationSummarySteps.ThenTheFindABranchButtonOpensInANewWindow() (3.3s)
]]></output>
                  </test-case>
                  <test-case id="0-1056" name="ACTSUM_08_VerifyConfirmation_AdditionalDetails(&quot;Yes-10.5%&quot;,&quot;Streamline intro,Savings On Call,FastSaver&quot;,&quot;Yes&quot;,&quot;10.5%&quot;,&quot;35-901-981&quot;,&quot;Australia&quot;,&quot;Australia - X123GH78&quot;,&quot;true&quot;,System.String[])" fullname="Join.Form.Customer.Selenium.Features._08_ActivateSummaryFeature.ACTSUM_08_VerifyConfirmation_AdditionalDetails(&quot;Yes-10.5%&quot;,&quot;Streamline intro,Savings On Call,FastSaver&quot;,&quot;Yes&quot;,&quot;10.5%&quot;,&quot;35-901-981&quot;,&quot;Australia&quot;,&quot;Australia - X123GH78&quot;,&quot;true&quot;,System.String[])" methodname="ACTSUM_08_VerifyConfirmation_AdditionalDetails" classname="Join.Form.Customer.Selenium.Features._08_ActivateSummaryFeature" runstate="Runnable" seed="1685858621" result="Passed" start-time="2017-12-05 13:36:11Z" end-time="2017-12-05 13:37:58Z" duration="107.081223" asserts="43">
                    <properties />
                    <output><![CDATA[Given I start my Streamline application
Navigating to URL: https://webappisamdev.asbbank.co.nz/public/join/asb/?grcDisabled=true
-> done: CommonSteps.GivenIStartMyStreamlineApplication() (0.6s)
Given I select the following products: 'Streamline intro,Savings On Call,FastSaver'
12/6/2017 2:36:23 AMWaitForFeaturesPageLoad: Executing WaitForFrameAndSwitch
12/6/2017 2:36:23 AMWaitForFeaturesPageLoad: Done executing WaitForFrameAndSwitch
Unable to find product 'Savings On Call' in page or product 'Savings On Call' is not selected
Unable to find product 'FastSaver' in page or product 'FastSaver' is not selected
Unable to find product 'ASB Visa Debit Streamline Intro' in page or product 'ASB Visa Debit Streamline Intro' is not selected
-> done: ProductsPageSteps.WhenIChangeMySelectedProductsTo("Streamline intro,...") (20.3s)
And I enter all required details in the Personal details page and clicks on Next button:
  --- table step argument ---
  | Title | FirstName  | MiddleName | LastName | DateOfBirth | Email             | MobileNumber | CountriesCitizenship | PreferredIdType |
  | Miss  | Automation | RANDOM     | FYICOB   | RANDOM      | cob2016@asb.co.nz | 021-RANDOM   | Australia            | Other           |
-> done: PersonalDetailsSteps.WhenIEnterAllRequiredDetailsForPersonalDetailsPage(<table>) (14.5s)
And I select 'Yes' in the Are you a New Zealand tax resident question
-> done: AdditionalPersonalDetailsSteps.WhenISelectInTheAreYouANewZealandTaxResidentQuestion("Yes") (0.2s)
And I select '10.5%' in the Resident Withholding Tax Rate dropdown
-> done: AdditionalPersonalDetailsSteps.WhenISelectInTheResidentWithholdingTaxRateDropdown("10.5%") (0.1s)
And I enter non resident country and date for a non NZ tax resident
-> done: AdditionalPersonalDetailsSteps.WhenIEnterNonResidentCountryAndDateForANonNZTaxResident() (0.0s)
And I enter additional information with Profile Complete flag '35-901-981', 'Australia', 'Australia - X123GH78', 'true'
-> done: AdditionalPersonalDetailsSteps.GivenIEnterAdditionalInformationWithProfileCompleteFlag("35-901-981", "Australia", "Australia - X123GH78", "true") (11.3s)
And I click on 'Next' button
-> done: CommonSteps.WhenIClickOnButton("Next") (0.1s)
And I enter 'Kiwi77nz' password and 'MyCode01' verbal password in the ASB Login page and clicks on Next button
-> done: ASBLoginPageSteps.WhenIEnterPasswordAndVerbalPasswordInTheASBLoginPageAndClicksOnNextButton("Kiwi77nz", "MyCode01") (1.2s)
When I confirm details on the Summary page
UniqueId: 
Title: Miss
FirstName: Automation
MiddleName: COB-jmLNV
LastName: FYICOB
Email: cob2016@asb.co.nz
Gender: 
DateOfBirth: 9/4/1987 12:00:00 AM
DateCreated: 
LastReviewDate: 
Cals: 
IsIndividual: 
NzCitizen: 
NzResidence: 
HighValueCustomer: 
StaffMember: 
AmlVerified: 
VipCustomer: 
Addresses: System.Collections.Generic.List`1[ASB.Selenium.DataModel.Customer.Address]
AddressInformation: ASB.Selenium.DataModel.Customer.AddressInformation
CompanyName: 
CompanyType: 
CompanySubType: 
CustomerTypeCode: 
IrdNumber: 35-901-981
TaxClass: 10.5%
TaxClassDate: 
IsNzTaxResident: True
NonResidentCountryCode: 
IsForeignTaxResident: True
ForeignTaxResidencyStatus: 
IsProfileEnhanced: 
Phones: System.Collections.Generic.List`1[ASB.Selenium.DataModel.Customer.Phone]
NextOfKin: 
EmploymentDetails: 
LinkedCustomers: 
AccountRelationships: 
IdType: 
Fatca: ASB.Selenium.DataModel.Customer.Fatca
CitizenshipCountryCodes: 
CitizenshipCountryNames: System.Collections.Generic.List`1[System.String]
ForeignTaxResidenceTypes: System.Collections.Generic.List`1[ASB.Selenium.DataModel.Customer.ForeignTaxResidenceTypes]
OnboardingDetail: ASB.Selenium.DataModel.Customer.OnboardingDetail
AddressVerificationStatus: 
IdVerificationStatus: 
PreferredIdType: Other
IsProfileComplete: True
DaysRemaining: 0
OnboardingStatus: 
NewAccounts: System.Collections.Generic.List`1[ASB.Selenium.DataModel.Customer.Accounts]
FailedAccounts: System.Collections.Generic.List`1[ASB.Selenium.DataModel.Customer.Accounts]
OnboardingSource: JoinASB
CustomerCreated: 
LoginCreated: 
RegisteredForNetcode: 
AccountsCreated: 
CustomerAccessToken: 
VerificationPassword: MyCode01
LoginDetail: ASB.Selenium.DataModel.Customer.Login
CustomerType: 
Cif: 
Username: afyi55340
UsernameApi: 
Password: Kiwi77nz
PublicKey: 
AcceptedTermsAndConditions: 
BackgroundCheckConsent: 
PreferredIdType: 
-> done: SummaryPageSteps.WhenIConfirmDetailsOnTheSummaryPage() (2.9s)
Then the Logging you in progress page is displayed
-> done: ConfirmationPageSteps.ThenTheLoggingYouInProgressPageIsDisplayed() (14.6s)
And the Activation page is displayed
12/6/2017 2:37:19 AMThenTheActivationPageIsDisplayed: IsActivationPageDisplayed STARTED
12/6/2017 2:37:19 AMThenTheActivationPageIsDisplayed: IsActivationPageDisplayed DONE
12/6/2017 2:37:19 AMThenTheActivationPageIsDisplayed: IsSectionDisplayed STARTED
12/6/2017 2:37:21 AMThenTheActivationPageIsDisplayed: IsSectionDisplayed DONE
-> done: ActivationSummarySteps.ThenTheActivationPageIsDisplayed() (6.8s)
And the account number and product name is displayed for the selected products
==> Successfully created: Streamline transaction account:
12-3629-0385431-00
==> Successfully created: Savings On Call:
12-3629-0385431-50
==> Successfully created: FastSaver:
12-3629-0385431-51
-> done: ActivationSummarySteps.ThenTheAccountNumberAndProductNameIsDisplayedForTheSelectedProducts() (27.0s)
And the 'Activate your account' section is displayed
-> done: ActivationSummarySteps.ThenTheSectionIsDisplayed("Activate your acc...") (0.0s)
And the Activate your account header is displayed
-> done: ActivationSummarySteps.ThenTheActivateYourAccountHeaderIsDisplayed() (0.0s)
And the Profile Details section is displayed
*** Verifying section for non-Profile Enhanced customer ***
*** Verifying section for Profile Complete customer ***
-> done: ActivationSummarySteps.ThenTheProfileDetailsSectionIsDisplayed() (1.1s)
And the Proof of Address section is displayed
*** Verifying section for non-Address Verified customer ***
*** Verifying section for non-Address Verified customer ***
-> done: ActivationSummarySteps.ThenTheProofOfAddressSectionIsDisplayed() (0.2s)
And the Confirm Identity section is displayed
*** Verifying section for non-ID Verified customer ***
*** Verifying section for customer with Preferred ID = 'Other' ***
*** Verifying EIDV-Switched OFF Confirm Identity section for customer with Preferred ID: Other
-> done: ActivationSummarySteps.ThenTheConfirmIdentitySectionIsDisplayed() (0.5s)
And the See a complete list of acceptable documents text is displayed conditionally
Verifying acceptable documents link should be displayed
Clicking on link: acceptable documents
-> done: ActivationSummarySteps.ThenTheSeeACompleteListOfAcceptableDocumentsTextIsDisplayedConditionally() (1.0s)
And the Find a branch button is displayed conditionally
Verifying Find a branch button should be displayed
-> done: ActivationSummarySteps.ThenTheFindABranchButtonOpensInANewWindow() (1.7s)
]]></output>
                  </test-case>
                  <test-case id="0-1057" name="ACTSUM_08_VerifyConfirmation_AdditionalDetails(&quot;Yes-Exempt from withholding tax&quot;,&quot;Streamline intro,ASB Visa Debit Streamline Intro,Savings On Call,FastSaver&quot;,&quot;Yes&quot;,&quot;Exempt from withholding tax&quot;,&quot;same&quot;,&quot;India&quot;,&quot;India - 12345ABC11&quot;,&quot;true&quot;,System.String[])" fullname="Join.Form.Customer.Selenium.Features._08_ActivateSummaryFeature.ACTSUM_08_VerifyConfirmation_AdditionalDetails(&quot;Yes-Exempt from withholding tax&quot;,&quot;Streamline intro,ASB Visa Debit Streamline Intro,Savings On Call,FastSaver&quot;,&quot;Yes&quot;,&quot;Exempt from withholding tax&quot;,&quot;same&quot;,&quot;India&quot;,&quot;India - 12345ABC11&quot;,&quot;true&quot;,System.String[])" methodname="ACTSUM_08_VerifyConfirmation_AdditionalDetails" classname="Join.Form.Customer.Selenium.Features._08_ActivateSummaryFeature" runstate="Runnable" seed="2093768026" result="Passed" start-time="2017-12-05 13:37:58Z" end-time="2017-12-05 13:39:48Z" duration="109.521362" asserts="44">
                    <properties />
                    <output><![CDATA[Given I start my Streamline application
Navigating to URL: https://webappisamdev.asbbank.co.nz/public/join/asb/?grcDisabled=true
-> done: CommonSteps.GivenIStartMyStreamlineApplication() (0.6s)
Given I select the following products: 'Streamline intro,ASB Visa Debit Streamline Intro,Savings On Call,FastSaver'
12/6/2017 2:38:10 AMWaitForFeaturesPageLoad: Executing WaitForFrameAndSwitch
12/6/2017 2:38:10 AMWaitForFeaturesPageLoad: Done executing WaitForFrameAndSwitch
Unable to find product 'Savings On Call' in page or product 'Savings On Call' is not selected
Unable to find product 'FastSaver' in page or product 'FastSaver' is not selected
-> done: ProductsPageSteps.WhenIChangeMySelectedProductsTo("Streamline intro,...") (19.2s)
And I enter all required details in the Personal details page and clicks on Next button:
  --- table step argument ---
  | Title | FirstName  | MiddleName | LastName | DateOfBirth | Email             | MobileNumber | CountriesCitizenship | PreferredIdType |
  | Miss  | Automation | RANDOM     | FYICOB   | RANDOM      | cob2016@asb.co.nz | 021-RANDOM   | India                | Other           |
-> done: PersonalDetailsSteps.WhenIEnterAllRequiredDetailsForPersonalDetailsPage(<table>) (15.1s)
And I select 'Yes' in the Are you a New Zealand tax resident question
-> done: AdditionalPersonalDetailsSteps.WhenISelectInTheAreYouANewZealandTaxResidentQuestion("Yes") (0.2s)
And I select 'Exempt from withholding tax' in the Resident Withholding Tax Rate dropdown
-> done: AdditionalPersonalDetailsSteps.WhenISelectInTheResidentWithholdingTaxRateDropdown("Exempt from withh...") (0.1s)
And I enter non resident country and date for a non NZ tax resident
-> done: AdditionalPersonalDetailsSteps.WhenIEnterNonResidentCountryAndDateForANonNZTaxResident() (0.0s)
And I enter additional information with Profile Complete flag 'same', 'India', 'India - 12345ABC11', 'true'
-> done: AdditionalPersonalDetailsSteps.GivenIEnterAdditionalInformationWithProfileCompleteFlag("same", "India", "India - 12345ABC11", "true") (11.1s)
And I click on 'Next' button
-> done: CommonSteps.WhenIClickOnButton("Next") (0.1s)
And I enter 'Kiwi77nz' password and 'MyCode01' verbal password in the ASB Login page and clicks on Next button
-> done: ASBLoginPageSteps.WhenIEnterPasswordAndVerbalPasswordInTheASBLoginPageAndClicksOnNextButton("Kiwi77nz", "MyCode01") (1.0s)
When I confirm details on the Summary page
UniqueId: 
Title: Miss
FirstName: Automation
MiddleName: COB-sPeRG
LastName: FYICOB
Email: cob2016@asb.co.nz
Gender: 
DateOfBirth: 6/22/1980 12:00:00 AM
DateCreated: 
LastReviewDate: 
Cals: 
IsIndividual: 
NzCitizen: 
NzResidence: 
HighValueCustomer: 
StaffMember: 
AmlVerified: 
VipCustomer: 
Addresses: System.Collections.Generic.List`1[ASB.Selenium.DataModel.Customer.Address]
AddressInformation: ASB.Selenium.DataModel.Customer.AddressInformation
CompanyName: 
CompanyType: 
CompanySubType: 
CustomerTypeCode: 
IrdNumber: 
TaxClass: 33%
TaxClassDate: 
IsNzTaxResident: True
NonResidentCountryCode: 
IsForeignTaxResident: True
ForeignTaxResidencyStatus: 
IsProfileEnhanced: 
Phones: System.Collections.Generic.List`1[ASB.Selenium.DataModel.Customer.Phone]
NextOfKin: 
EmploymentDetails: 
LinkedCustomers: 
AccountRelationships: 
IdType: 
Fatca: ASB.Selenium.DataModel.Customer.Fatca
CitizenshipCountryCodes: 
CitizenshipCountryNames: System.Collections.Generic.List`1[System.String]
ForeignTaxResidenceTypes: System.Collections.Generic.List`1[ASB.Selenium.DataModel.Customer.ForeignTaxResidenceTypes]
OnboardingDetail: ASB.Selenium.DataModel.Customer.OnboardingDetail
AddressVerificationStatus: 
IdVerificationStatus: 
PreferredIdType: Other
IsProfileComplete: True
DaysRemaining: 0
OnboardingStatus: 
NewAccounts: System.Collections.Generic.List`1[ASB.Selenium.DataModel.Customer.Accounts]
FailedAccounts: System.Collections.Generic.List`1[ASB.Selenium.DataModel.Customer.Accounts]
OnboardingSource: JoinASB
CustomerCreated: 
LoginCreated: 
RegisteredForNetcode: 
AccountsCreated: 
CustomerAccessToken: 
VerificationPassword: MyCode01
LoginDetail: ASB.Selenium.DataModel.Customer.Login
CustomerType: 
Cif: 
Username: afyi91568
UsernameApi: 
Password: Kiwi77nz
PublicKey: 
AcceptedTermsAndConditions: 
BackgroundCheckConsent: 
PreferredIdType: 
-> done: SummaryPageSteps.WhenIConfirmDetailsOnTheSummaryPage() (2.8s)
Then the Logging you in progress page is displayed
-> done: ConfirmationPageSteps.ThenTheLoggingYouInProgressPageIsDisplayed() (17.5s)
And the Activation page is displayed
12/6/2017 2:39:08 AMThenTheActivationPageIsDisplayed: IsActivationPageDisplayed STARTED
12/6/2017 2:39:08 AMThenTheActivationPageIsDisplayed: IsActivationPageDisplayed DONE
12/6/2017 2:39:08 AMThenTheActivationPageIsDisplayed: IsSectionDisplayed STARTED
12/6/2017 2:39:12 AMThenTheActivationPageIsDisplayed: IsSectionDisplayed DONE
-> done: ActivationSummarySteps.ThenTheActivationPageIsDisplayed() (8.8s)
And the account number and product name is displayed for the selected products
==> Successfully created: Streamline transaction account:
12-3629-0385458-00
==> Successfully created: ASB Visa Debit card:
Issued for delivery within a week
==> Successfully created: Savings On Call:
12-3629-0385458-50
==> Successfully created: FastSaver:
12-3629-0385458-51
-> done: ActivationSummarySteps.ThenTheAccountNumberAndProductNameIsDisplayedForTheSelectedProducts() (27.2s)
And the 'Activate your account' section is displayed
-> done: ActivationSummarySteps.ThenTheSectionIsDisplayed("Activate your acc...") (0.0s)
And the Activate your account header is displayed
-> done: ActivationSummarySteps.ThenTheActivateYourAccountHeaderIsDisplayed() (0.0s)
And the Profile Details section is displayed
*** Verifying section for non-Profile Enhanced customer ***
*** Verifying section for Profile Complete customer ***
-> done: ActivationSummarySteps.ThenTheProfileDetailsSectionIsDisplayed() (1.1s)
And the Proof of Address section is displayed
*** Verifying section for non-Address Verified customer ***
*** Verifying section for non-Address Verified customer ***
-> done: ActivationSummarySteps.ThenTheProofOfAddressSectionIsDisplayed() (0.2s)
And the Confirm Identity section is displayed
*** Verifying section for non-ID Verified customer ***
*** Verifying section for customer with Preferred ID = 'Other' ***
*** Verifying EIDV-Switched OFF Confirm Identity section for customer with Preferred ID: Other
-> done: ActivationSummarySteps.ThenTheConfirmIdentitySectionIsDisplayed() (0.5s)
And the See a complete list of acceptable documents text is displayed conditionally
Verifying acceptable documents link should be displayed
Clicking on link: acceptable documents
-> done: ActivationSummarySteps.ThenTheSeeACompleteListOfAcceptableDocumentsTextIsDisplayedConditionally() (1.0s)
And the Find a branch button is displayed conditionally
Verifying Find a branch button should be displayed
-> done: ActivationSummarySteps.ThenTheFindABranchButtonOpensInANewWindow() (2.0s)
]]></output>
                  </test-case>
                  <test-case id="0-1058" name="ACTSUM_08_VerifyConfirmation_AdditionalDetails(&quot;No-Non-resident – 2% Approved Issuer Levy - Other NRC, Optional TIN&quot;,&quot;Streamline intro&quot;,&quot;No&quot;,&quot;Non-resident – 2% Approved Issuer Levy&quot;,&quot;same&quot;,&quot;United States&quot;,&quot;Yemen - 12345ABC&quot;,&quot;true&quot;,System.String[])" fullname="Join.Form.Customer.Selenium.Features._08_ActivateSummaryFeature.ACTSUM_08_VerifyConfirmation_AdditionalDetails(&quot;No-Non-resident – 2% Approved Issuer Levy - Other NRC, Optional TIN&quot;,&quot;Streamline intro&quot;,&quot;No&quot;,&quot;Non-resident – 2% Approved Issuer Levy&quot;,&quot;same&quot;,&quot;United States&quot;,&quot;Yemen - 12345ABC&quot;,&quot;true&quot;,System.String[])" methodname="ACTSUM_08_VerifyConfirmation_AdditionalDetails" classname="Join.Form.Customer.Selenium.Features._08_ActivateSummaryFeature" runstate="Runnable" seed="115030637" result="Passed" start-time="2017-12-05 13:39:48Z" end-time="2017-12-05 13:41:29Z" duration="101.668736" asserts="42">
                    <properties />
                    <output><![CDATA[Given I start my Streamline application
Navigating to URL: https://webappisamdev.asbbank.co.nz/public/join/asb/?grcDisabled=true
-> done: CommonSteps.GivenIStartMyStreamlineApplication() (0.6s)
Given I select the following products: 'Streamline intro'
12/6/2017 2:40:00 AMWaitForFeaturesPageLoad: Executing WaitForFrameAndSwitch
12/6/2017 2:40:00 AMWaitForFeaturesPageLoad: Done executing WaitForFrameAndSwitch
Unable to find product 'FastSaver' in page or product 'FastSaver' is not selected
Unable to find product 'Savings On Call' in page or product 'Savings On Call' is not selected
Unable to find product 'ASB Visa Debit Streamline Intro' in page or product 'ASB Visa Debit Streamline Intro' is not selected
Unable to find product 'Savings On Call' in page or product 'Savings On Call' is not selected
Unable to find product 'FastSaver' in page or product 'FastSaver' is not selected
-> done: ProductsPageSteps.WhenIChangeMySelectedProductsTo("Streamline intro") (16.2s)
And I enter all required details in the Personal details page and clicks on Next button:
  --- table step argument ---
  | Title | FirstName  | MiddleName | LastName | DateOfBirth | Email             | MobileNumber | CountriesCitizenship | PreferredIdType |
  | Miss  | Automation | RANDOM     | FYICOB   | RANDOM      | cob2016@asb.co.nz | 021-RANDOM   | United States        | Other           |
-> done: PersonalDetailsSteps.WhenIEnterAllRequiredDetailsForPersonalDetailsPage(<table>) (21.6s)
And I select 'No' in the Are you a New Zealand tax resident question
-> done: AdditionalPersonalDetailsSteps.WhenISelectInTheAreYouANewZealandTaxResidentQuestion("No") (0.2s)
And I select 'Non-resident – 2% Approved Issuer Levy' in the Resident Withholding Tax Rate dropdown
-> done: AdditionalPersonalDetailsSteps.WhenISelectInTheResidentWithholdingTaxRateDropdown("Non-resident – 2%...") (0.1s)
And I enter non resident country and date for a non NZ tax resident
-> done: AdditionalPersonalDetailsSteps.WhenIEnterNonResidentCountryAndDateForANonNZTaxResident() (1.7s)
And I enter additional information with Profile Complete flag 'same', 'United States', 'Yemen - 12345ABC', 'true'
-> done: AdditionalPersonalDetailsSteps.GivenIEnterAdditionalInformationWithProfileCompleteFlag("same", "United States", "Yemen - 12345ABC", "true") (1.0s)
And I click on 'Next' button
-> done: CommonSteps.WhenIClickOnButton("Next") (0.1s)
And I enter 'Kiwi77nz' password and 'MyCode01' verbal password in the ASB Login page and clicks on Next button
-> done: ASBLoginPageSteps.WhenIEnterPasswordAndVerbalPasswordInTheASBLoginPageAndClicksOnNextButton("Kiwi77nz", "MyCode01") (1.0s)
When I confirm details on the Summary page
UniqueId: 
Title: Miss
FirstName: Automation
MiddleName: COB-qACsD
LastName: FYICOB
Email: cob2016@asb.co.nz
Gender: 
DateOfBirth: 10/18/1960 12:00:00 AM
DateCreated: 
LastReviewDate: 
Cals: 
IsIndividual: 
NzCitizen: 
NzResidence: 
HighValueCustomer: 
StaffMember: 
AmlVerified: 
VipCustomer: 
Addresses: System.Collections.Generic.List`1[ASB.Selenium.DataModel.Customer.Address]
AddressInformation: ASB.Selenium.DataModel.Customer.AddressInformation
CompanyName: 
CompanyType: 
CompanySubType: 
CustomerTypeCode: 
IrdNumber: 
TaxClass: Non-resident – 2% Approved Issuer Levy
TaxClassDate: 10/18/1976 12:00:00 AM
IsNzTaxResident: False
NonResidentCountryCode: 
IsForeignTaxResident: True
ForeignTaxResidencyStatus: 
IsProfileEnhanced: True
Phones: System.Collections.Generic.List`1[ASB.Selenium.DataModel.Customer.Phone]
NextOfKin: 
EmploymentDetails: 
LinkedCustomers: 
AccountRelationships: 
IdType: 
Fatca: ASB.Selenium.DataModel.Customer.Fatca
CitizenshipCountryCodes: 
CitizenshipCountryNames: System.Collections.Generic.List`1[System.String]
ForeignTaxResidenceTypes: System.Collections.Generic.List`1[ASB.Selenium.DataModel.Customer.ForeignTaxResidenceTypes]
OnboardingDetail: ASB.Selenium.DataModel.Customer.OnboardingDetail
AddressVerificationStatus: 
IdVerificationStatus: 
PreferredIdType: Other
IsProfileComplete: True
DaysRemaining: 0
OnboardingStatus: 
NewAccounts: System.Collections.Generic.List`1[ASB.Selenium.DataModel.Customer.Accounts]
FailedAccounts: System.Collections.Generic.List`1[ASB.Selenium.DataModel.Customer.Accounts]
OnboardingSource: JoinASB
CustomerCreated: 
LoginCreated: 
RegisteredForNetcode: 
AccountsCreated: 
CustomerAccessToken: 
VerificationPassword: MyCode01
LoginDetail: ASB.Selenium.DataModel.Customer.Login
CustomerType: 
Cif: 
Username: afyi24824
UsernameApi: 
Password: Kiwi77nz
PublicKey: 
AcceptedTermsAndConditions: 
BackgroundCheckConsent: 
PreferredIdType: 
-> done: SummaryPageSteps.WhenIConfirmDetailsOnTheSummaryPage() (2.9s)
Then the Logging you in progress page is displayed
-> done: ConfirmationPageSteps.ThenTheLoggingYouInProgressPageIsDisplayed() (14.2s)
And the Activation page is displayed
12/6/2017 2:40:50 AMThenTheActivationPageIsDisplayed: IsActivationPageDisplayed STARTED
12/6/2017 2:40:50 AMThenTheActivationPageIsDisplayed: IsActivationPageDisplayed DONE
12/6/2017 2:40:50 AMThenTheActivationPageIsDisplayed: IsSectionDisplayed STARTED
12/6/2017 2:40:52 AMThenTheActivationPageIsDisplayed: IsSectionDisplayed DONE
-> done: ActivationSummarySteps.ThenTheActivationPageIsDisplayed() (6.8s)
And the account number and product name is displayed for the selected products
==> Successfully created: Streamline transaction account:
12-3629-0385466-00
-> done: ActivationSummarySteps.ThenTheAccountNumberAndProductNameIsDisplayedForTheSelectedProducts() (26.8s)
And the 'Activate your account' section is displayed
-> done: ActivationSummarySteps.ThenTheSectionIsDisplayed("Activate your acc...") (0.0s)
And the Activate your account header is displayed
-> done: ActivationSummarySteps.ThenTheActivateYourAccountHeaderIsDisplayed() (0.0s)
And the Profile Details section is displayed
*** Verifying section for Profile Enhanced customer ***
-> done: ActivationSummarySteps.ThenTheProfileDetailsSectionIsDisplayed() (1.2s)
And the Proof of Address section is displayed
*** Verifying section for non-Address Verified customer ***
*** Verifying section for non-Address Verified customer ***
-> done: ActivationSummarySteps.ThenTheProofOfAddressSectionIsDisplayed() (0.2s)
And the Confirm Identity section is displayed
*** Verifying section for non-ID Verified customer ***
*** Verifying section for customer with Preferred ID = 'Other' ***
*** Verifying EIDV-Switched OFF Confirm Identity section for customer with Preferred ID: Other
-> done: ActivationSummarySteps.ThenTheConfirmIdentitySectionIsDisplayed() (0.5s)
And the See a complete list of acceptable documents text is displayed conditionally
Verifying acceptable documents link should be displayed
Clicking on link: acceptable documents
-> done: ActivationSummarySteps.ThenTheSeeACompleteListOfAcceptableDocumentsTextIsDisplayedConditionally() (1.1s)
And the Find a branch button is displayed conditionally
Verifying Find a branch button should be displayed
-> done: ActivationSummarySteps.ThenTheFindABranchButtonOpensInANewWindow() (1.6s)
]]></output>
                  </test-case>
                  <test-case id="0-1059" name="ACTSUM_08_VerifyConfirmation_AdditionalDetails(&quot;No-Non-resident – country tax rate - Other NRC, Optional TIN&quot;,&quot;Streamline intro,ASB Visa Debit Streamline Intro,FastSaver&quot;,&quot;No&quot;,&quot;Non-resident – country tax rate&quot;,&quot;same&quot;,&quot;New Zealand, Australia, India, Svalbard And Jan Mayen&quot;,&quot;Iceland - AB12345I&quot;,&quot;true&quot;,System.String[])" fullname="Join.Form.Customer.Selenium.Features._08_ActivateSummaryFeature.ACTSUM_08_VerifyConfirmation_AdditionalDetails(&quot;No-Non-resident – country tax rate - Other NRC, Optional TIN&quot;,&quot;Streamline intro,ASB Visa Debit Streamline Intro,FastSaver&quot;,&quot;No&quot;,&quot;Non-resident – country tax rate&quot;,&quot;same&quot;,&quot;New Zealand, Australia, India, Svalbard And Jan Mayen&quot;,&quot;Iceland - AB12345I&quot;,&quot;true&quot;,System.String[])" methodname="ACTSUM_08_VerifyConfirmation_AdditionalDetails" classname="Join.Form.Customer.Selenium.Features._08_ActivateSummaryFeature" runstate="Runnable" seed="1854652481" result="Passed" start-time="2017-12-05 13:41:29Z" end-time="2017-12-05 13:43:28Z" duration="118.170071" asserts="44">
                    <properties />
                    <output><![CDATA[Given I start my Streamline application
Navigating to URL: https://webappisamdev.asbbank.co.nz/public/join/asb/?grcDisabled=true
-> done: CommonSteps.GivenIStartMyStreamlineApplication() (0.7s)
Given I select the following products: 'Streamline intro,ASB Visa Debit Streamline Intro,FastSaver'
12/6/2017 2:41:41 AMWaitForFeaturesPageLoad: Executing WaitForFrameAndSwitch
12/6/2017 2:41:41 AMWaitForFeaturesPageLoad: Done executing WaitForFrameAndSwitch
Unable to find product 'FastSaver' in page or product 'FastSaver' is not selected
Unable to find product 'Savings On Call' in page or product 'Savings On Call' is not selected
Unable to find product 'Savings On Call' in page or product 'Savings On Call' is not selected
-> done: ProductsPageSteps.WhenIChangeMySelectedProductsTo("Streamline intro,...") (17.0s)
And I enter all required details in the Personal details page and clicks on Next button:
  --- table step argument ---
  | Title | FirstName  | MiddleName | LastName | DateOfBirth | Email             | MobileNumber | CountriesCitizenship                                  | PreferredIdType |
  | Miss  | Automation | RANDOM     | FYICOB   | RANDOM      | cob2016@asb.co.nz | 021-RANDOM   | New Zealand, Australia, India, Svalbard And Jan Mayen | Other           |
-> done: PersonalDetailsSteps.WhenIEnterAllRequiredDetailsForPersonalDetailsPage(<table>) (20.5s)
And I select 'No' in the Are you a New Zealand tax resident question
-> done: AdditionalPersonalDetailsSteps.WhenISelectInTheAreYouANewZealandTaxResidentQuestion("No") (0.2s)
And I select 'Non-resident – country tax rate' in the Resident Withholding Tax Rate dropdown
-> done: AdditionalPersonalDetailsSteps.WhenISelectInTheResidentWithholdingTaxRateDropdown("Non-resident – co...") (0.2s)
And I enter non resident country and date for a non NZ tax resident
-> done: AdditionalPersonalDetailsSteps.WhenIEnterNonResidentCountryAndDateForANonNZTaxResident() (10.6s)
And I enter additional information with Profile Complete flag 'same', 'New Zealand, Australia, India, Svalbard And Jan Mayen', 'Iceland - AB12345I', 'true'
-> done: AdditionalPersonalDetailsSteps.GivenIEnterAdditionalInformationWithProfileCompleteFlag("same", "New Zealand, Aust...", "Iceland - AB12345I", "true") (1.0s)
And I click on 'Next' button
-> done: CommonSteps.WhenIClickOnButton("Next") (0.1s)
And I enter 'Kiwi77nz' password and 'MyCode01' verbal password in the ASB Login page and clicks on Next button
-> done: ASBLoginPageSteps.WhenIEnterPasswordAndVerbalPasswordInTheASBLoginPageAndClicksOnNextButton("Kiwi77nz", "MyCode01") (2.6s)
When I confirm details on the Summary page
UniqueId: 
Title: Miss
FirstName: Automation
MiddleName: COB-oWHBP
LastName: FYICOB
Email: cob2016@asb.co.nz
Gender: 
DateOfBirth: 12/22/1958 12:00:00 AM
DateCreated: 
LastReviewDate: 
Cals: 
IsIndividual: 
NzCitizen: 
NzResidence: 
HighValueCustomer: 
StaffMember: 
AmlVerified: 
VipCustomer: 
Addresses: System.Collections.Generic.List`1[ASB.Selenium.DataModel.Customer.Address]
AddressInformation: ASB.Selenium.DataModel.Customer.AddressInformation
CompanyName: 
CompanyType: 
CompanySubType: 
CustomerTypeCode: 
IrdNumber: 
TaxClass: Non-resident – country tax rate
TaxClassDate: 12/22/1974 12:00:00 AM
IsNzTaxResident: False
NonResidentCountryCode: 
IsForeignTaxResident: True
ForeignTaxResidencyStatus: 
IsProfileEnhanced: True
Phones: System.Collections.Generic.List`1[ASB.Selenium.DataModel.Customer.Phone]
NextOfKin: 
EmploymentDetails: 
LinkedCustomers: 
AccountRelationships: 
IdType: 
Fatca: ASB.Selenium.DataModel.Customer.Fatca
CitizenshipCountryCodes: 
CitizenshipCountryNames: System.Collections.Generic.List`1[System.String]
ForeignTaxResidenceTypes: System.Collections.Generic.List`1[ASB.Selenium.DataModel.Customer.ForeignTaxResidenceTypes]
OnboardingDetail: ASB.Selenium.DataModel.Customer.OnboardingDetail
AddressVerificationStatus: 
IdVerificationStatus: 
PreferredIdType: Other
IsProfileComplete: True
DaysRemaining: 0
OnboardingStatus: 
NewAccounts: System.Collections.Generic.List`1[ASB.Selenium.DataModel.Customer.Accounts]
FailedAccounts: System.Collections.Generic.List`1[ASB.Selenium.DataModel.Customer.Accounts]
OnboardingSource: JoinASB
CustomerCreated: 
LoginCreated: 
RegisteredForNetcode: 
AccountsCreated: 
CustomerAccessToken: 
VerificationPassword: MyCode01
LoginDetail: ASB.Selenium.DataModel.Customer.Login
CustomerType: 
Cif: 
Username: afyi26036
UsernameApi: 
Password: Kiwi77nz
PublicKey: 
AcceptedTermsAndConditions: 
BackgroundCheckConsent: 
PreferredIdType: 
-> done: SummaryPageSteps.WhenIConfirmDetailsOnTheSummaryPage() (2.8s)
Then the Logging you in progress page is displayed
-> done: ConfirmationPageSteps.ThenTheLoggingYouInProgressPageIsDisplayed() (21.1s)
And the Activation page is displayed
12/6/2017 2:42:49 AMThenTheActivationPageIsDisplayed: IsActivationPageDisplayed STARTED
12/6/2017 2:42:49 AMThenTheActivationPageIsDisplayed: IsActivationPageDisplayed DONE
12/6/2017 2:42:49 AMThenTheActivationPageIsDisplayed: IsSectionDisplayed STARTED
12/6/2017 2:42:51 AMThenTheActivationPageIsDisplayed: IsSectionDisplayed DONE
-> done: ActivationSummarySteps.ThenTheActivationPageIsDisplayed() (6.8s)
And the account number and product name is displayed for the selected products
==> Successfully created: Streamline transaction account:
12-3629-0385474-00
==> Successfully created: ASB Visa Debit card:
Issued for delivery within a week
==> Successfully created: FastSaver:
12-3629-0385474-50
-> done: ActivationSummarySteps.ThenTheAccountNumberAndProductNameIsDisplayedForTheSelectedProducts() (27.0s)
And the 'Activate your account' section is displayed
-> done: ActivationSummarySteps.ThenTheSectionIsDisplayed("Activate your acc...") (0.0s)
And the Activate your account header is displayed
-> done: ActivationSummarySteps.ThenTheActivateYourAccountHeaderIsDisplayed() (0.0s)
And the Profile Details section is displayed
*** Verifying section for Profile Enhanced customer ***
-> done: ActivationSummarySteps.ThenTheProfileDetailsSectionIsDisplayed() (1.2s)
And the Proof of Address section is displayed
*** Verifying section for non-Address Verified customer ***
*** Verifying section for non-Address Verified customer ***
-> done: ActivationSummarySteps.ThenTheProofOfAddressSectionIsDisplayed() (0.2s)
And the Confirm Identity section is displayed
*** Verifying section for non-ID Verified customer ***
*** Verifying section for customer with Preferred ID = 'Other' ***
*** Verifying EIDV-Switched OFF Confirm Identity section for customer with Preferred ID: Other
-> done: ActivationSummarySteps.ThenTheConfirmIdentitySectionIsDisplayed() (0.5s)
And the See a complete list of acceptable documents text is displayed conditionally
Verifying acceptable documents link should be displayed
Clicking on link: acceptable documents
-> done: ActivationSummarySteps.ThenTheSeeACompleteListOfAcceptableDocumentsTextIsDisplayedConditionally() (1.1s)
And the Find a branch button is displayed conditionally
Verifying Find a branch button should be displayed
-> done: ActivationSummarySteps.ThenTheFindABranchButtonOpensInANewWindow() (1.6s)
]]></output>
                  </test-case>
                  <test-case id="0-1060" name="ACTSUM_08_VerifyConfirmation_AdditionalDetails(&quot;No-Exempt from withholding tax&quot;,&quot;Streamline intro,ASB Visa Debit Streamline Intro,Savings On Call,FastSaver&quot;,&quot;No&quot;,&quot;Exempt from withholding tax&quot;,&quot;same&quot;,&quot;New Zealand, Australia, India, Svalbard And Jan Mayen&quot;,&quot;Australia - X123GH78, India - 9856GFT811, Argentina - X123GH78111, Svalbard And Jan Mayen - GT7646HG&quot;,&quot;true&quot;,System.String[])" fullname="Join.Form.Customer.Selenium.Features._08_ActivateSummaryFeature.ACTSUM_08_VerifyConfirmation_AdditionalDetails(&quot;No-Exempt from withholding tax&quot;,&quot;Streamline intro,ASB Visa Debit Streamline Intro,Savings On Call,FastSaver&quot;,&quot;No&quot;,&quot;Exempt from withholding tax&quot;,&quot;same&quot;,&quot;New Zealand, Australia, India, Svalbard And Jan Mayen&quot;,&quot;Australia - X123GH78, India - 9856GFT811, Argentina - X123GH78111, Svalbard And Jan Mayen - GT7646HG&quot;,&quot;true&quot;,System.String[])" methodname="ACTSUM_08_VerifyConfirmation_AdditionalDetails" classname="Join.Form.Customer.Selenium.Features._08_ActivateSummaryFeature" runstate="Runnable" seed="632170179" result="Passed" start-time="2017-12-05 13:43:28Z" end-time="2017-12-05 13:45:30Z" duration="122.015538" asserts="44">
                    <properties />
                    <output><![CDATA[Given I start my Streamline application
Navigating to URL: https://webappisamdev.asbbank.co.nz/public/join/asb/?grcDisabled=true
-> done: CommonSteps.GivenIStartMyStreamlineApplication() (0.7s)
Given I select the following products: 'Streamline intro,ASB Visa Debit Streamline Intro,Savings On Call,FastSaver'
12/6/2017 2:43:39 AMWaitForFeaturesPageLoad: Executing WaitForFrameAndSwitch
12/6/2017 2:43:39 AMWaitForFeaturesPageLoad: Done executing WaitForFrameAndSwitch
Unable to find product 'Savings On Call' in page or product 'Savings On Call' is not selected
Unable to find product 'FastSaver' in page or product 'FastSaver' is not selected
-> done: ProductsPageSteps.WhenIChangeMySelectedProductsTo("Streamline intro,...") (19.2s)
And I enter all required details in the Personal details page and clicks on Next button:
  --- table step argument ---
  | Title | FirstName  | MiddleName | LastName | DateOfBirth | Email             | MobileNumber | CountriesCitizenship                                  | PreferredIdType |
  | Miss  | Automation | RANDOM     | FYICOB   | RANDOM      | cob2016@asb.co.nz | 021-RANDOM   | New Zealand, Australia, India, Svalbard And Jan Mayen | Other           |
-> done: PersonalDetailsSteps.WhenIEnterAllRequiredDetailsForPersonalDetailsPage(<table>) (21.0s)
And I select 'No' in the Are you a New Zealand tax resident question
-> done: AdditionalPersonalDetailsSteps.WhenISelectInTheAreYouANewZealandTaxResidentQuestion("No") (0.2s)
And I select 'Exempt from withholding tax' in the Resident Withholding Tax Rate dropdown
-> done: AdditionalPersonalDetailsSteps.WhenISelectInTheResidentWithholdingTaxRateDropdown("Exempt from withh...") (0.1s)
And I enter non resident country and date for a non NZ tax resident
-> done: AdditionalPersonalDetailsSteps.WhenIEnterNonResidentCountryAndDateForANonNZTaxResident() (10.6s)
And I enter additional information with Profile Complete flag 'same', 'New Zealand, Australia, India, Svalbard And Jan Mayen', 'Australia - X123GH78, India - 9856GFT811, Argentina - X123GH78111, Svalbard And Jan Mayen - GT7646HG', 'true'
-> done: AdditionalPersonalDetailsSteps.GivenIEnterAdditionalInformationWithProfileCompleteFlag("same", "New Zealand, Aust...", "Australia - X123G...", "true") (3.2s)
And I click on 'Next' button
-> done: CommonSteps.WhenIClickOnButton("Next") (0.1s)
And I enter 'Kiwi77nz' password and 'MyCode01' verbal password in the ASB Login page and clicks on Next button
-> done: ASBLoginPageSteps.WhenIEnterPasswordAndVerbalPasswordInTheASBLoginPageAndClicksOnNextButton("Kiwi77nz", "MyCode01") (1.1s)
When I confirm details on the Summary page
UniqueId: 
Title: Miss
FirstName: Automation
MiddleName: COB-xXnfN
LastName: FYICOB
Email: cob2016@asb.co.nz
Gender: 
DateOfBirth: 9/5/1949 12:00:00 AM
DateCreated: 
LastReviewDate: 
Cals: 
IsIndividual: 
NzCitizen: 
NzResidence: 
HighValueCustomer: 
StaffMember: 
AmlVerified: 
VipCustomer: 
Addresses: System.Collections.Generic.List`1[ASB.Selenium.DataModel.Customer.Address]
AddressInformation: ASB.Selenium.DataModel.Customer.AddressInformation
CompanyName: 
CompanyType: 
CompanySubType: 
CustomerTypeCode: 
IrdNumber: 
TaxClass: Non-resident – country tax rate
TaxClassDate: 9/5/1965 12:00:00 AM
IsNzTaxResident: False
NonResidentCountryCode: 
IsForeignTaxResident: True
ForeignTaxResidencyStatus: 
IsProfileEnhanced: False
Phones: System.Collections.Generic.List`1[ASB.Selenium.DataModel.Customer.Phone]
NextOfKin: 
EmploymentDetails: 
LinkedCustomers: 
AccountRelationships: 
IdType: 
Fatca: ASB.Selenium.DataModel.Customer.Fatca
CitizenshipCountryCodes: 
CitizenshipCountryNames: System.Collections.Generic.List`1[System.String]
ForeignTaxResidenceTypes: System.Collections.Generic.List`1[ASB.Selenium.DataModel.Customer.ForeignTaxResidenceTypes]
OnboardingDetail: ASB.Selenium.DataModel.Customer.OnboardingDetail
AddressVerificationStatus: 
IdVerificationStatus: 
PreferredIdType: Other
IsProfileComplete: True
DaysRemaining: 0
OnboardingStatus: 
NewAccounts: System.Collections.Generic.List`1[ASB.Selenium.DataModel.Customer.Accounts]
FailedAccounts: System.Collections.Generic.List`1[ASB.Selenium.DataModel.Customer.Accounts]
OnboardingSource: JoinASB
CustomerCreated: 
LoginCreated: 
RegisteredForNetcode: 
AccountsCreated: 
CustomerAccessToken: 
VerificationPassword: MyCode01
LoginDetail: ASB.Selenium.DataModel.Customer.Login
CustomerType: 
Cif: 
Username: afyi44002
UsernameApi: 
Password: Kiwi77nz
PublicKey: 
AcceptedTermsAndConditions: 
BackgroundCheckConsent: 
PreferredIdType: 
-> done: SummaryPageSteps.WhenIConfirmDetailsOnTheSummaryPage() (2.9s)
Then the Logging you in progress page is displayed
-> done: ConfirmationPageSteps.ThenTheLoggingYouInProgressPageIsDisplayed() (17.0s)
And the Activation page is displayed
12/6/2017 2:44:46 AMThenTheActivationPageIsDisplayed: IsActivationPageDisplayed STARTED
12/6/2017 2:44:46 AMThenTheActivationPageIsDisplayed: IsActivationPageDisplayed DONE
12/6/2017 2:44:46 AMThenTheActivationPageIsDisplayed: IsSectionDisplayed STARTED
12/6/2017 2:44:50 AMThenTheActivationPageIsDisplayed: IsSectionDisplayed DONE
-> done: ActivationSummarySteps.ThenTheActivationPageIsDisplayed() (8.8s)
And the account number and product name is displayed for the selected products
==> Successfully created: Streamline transaction account:
12-3629-0385482-00
==> Successfully created: ASB Visa Debit card:
Issued for delivery within a week
==> Successfully created: Savings On Call:
12-3629-0385482-50
==> Successfully created: FastSaver:
12-3629-0385482-51
-> done: ActivationSummarySteps.ThenTheAccountNumberAndProductNameIsDisplayedForTheSelectedProducts() (27.2s)
And the 'Activate your account' section is displayed
-> done: ActivationSummarySteps.ThenTheSectionIsDisplayed("Activate your acc...") (0.0s)
And the Activate your account header is displayed
-> done: ActivationSummarySteps.ThenTheActivateYourAccountHeaderIsDisplayed() (0.0s)
And the Profile Details section is displayed
*** Verifying section for non-Profile Enhanced customer ***
*** Verifying section for Profile Complete customer ***
-> done: ActivationSummarySteps.ThenTheProfileDetailsSectionIsDisplayed() (1.1s)
And the Proof of Address section is displayed
*** Verifying section for non-Address Verified customer ***
*** Verifying section for non-Address Verified customer ***
-> done: ActivationSummarySteps.ThenTheProofOfAddressSectionIsDisplayed() (0.3s)
And the Confirm Identity section is displayed
*** Verifying section for non-ID Verified customer ***
*** Verifying section for customer with Preferred ID = 'Other' ***
*** Verifying EIDV-Switched OFF Confirm Identity section for customer with Preferred ID: Other
-> done: ActivationSummarySteps.ThenTheConfirmIdentitySectionIsDisplayed() (0.4s)
And the See a complete list of acceptable documents text is displayed conditionally
Verifying acceptable documents link should be displayed
Clicking on link: acceptable documents
-> done: ActivationSummarySteps.ThenTheSeeACompleteListOfAcceptableDocumentsTextIsDisplayedConditionally() (1.1s)
And the Find a branch button is displayed conditionally
Verifying Find a branch button should be displayed
-> done: ActivationSummarySteps.ThenTheFindABranchButtonOpensInANewWindow() (3.7s)
]]></output>
                  </test-case>
                  <test-case id="0-1061" name="ACTSUM_08_VerifyConfirmation_AdditionalDetails(&quot;NZTaxResident and NZ citizen and tax blank&quot;,&quot;Streamline intro&quot;,&quot;Yes&quot;,&quot;Skip&quot;,&quot;Skip&quot;,&quot;New Zealand&quot;,&quot;Skip&quot;,&quot;true&quot;,null)" fullname="Join.Form.Customer.Selenium.Features._08_ActivateSummaryFeature.ACTSUM_08_VerifyConfirmation_AdditionalDetails(&quot;NZTaxResident and NZ citizen and tax blank&quot;,&quot;Streamline intro&quot;,&quot;Yes&quot;,&quot;Skip&quot;,&quot;Skip&quot;,&quot;New Zealand&quot;,&quot;Skip&quot;,&quot;true&quot;,null)" methodname="ACTSUM_08_VerifyConfirmation_AdditionalDetails" classname="Join.Form.Customer.Selenium.Features._08_ActivateSummaryFeature" runstate="Runnable" seed="575907879" result="Passed" start-time="2017-12-05 13:45:30Z" end-time="2017-12-05 13:47:02Z" duration="92.349561" asserts="41">
                    <properties>
                      <property name="Category" value="032017" />
                      <property name="Category" value="crs" />
                    </properties>
                    <output><![CDATA[Given I start my Streamline application
Navigating to URL: https://webappisamdev.asbbank.co.nz/public/join/asb/?grcDisabled=true
-> done: CommonSteps.GivenIStartMyStreamlineApplication() (0.6s)
Given I select the following products: 'Streamline intro'
12/6/2017 2:45:41 AMWaitForFeaturesPageLoad: Executing WaitForFrameAndSwitch
12/6/2017 2:45:41 AMWaitForFeaturesPageLoad: Done executing WaitForFrameAndSwitch
Unable to find product 'FastSaver' in page or product 'FastSaver' is not selected
Unable to find product 'Savings On Call' in page or product 'Savings On Call' is not selected
Unable to find product 'ASB Visa Debit Streamline Intro' in page or product 'ASB Visa Debit Streamline Intro' is not selected
Unable to find product 'Savings On Call' in page or product 'Savings On Call' is not selected
Unable to find product 'FastSaver' in page or product 'FastSaver' is not selected
-> done: ProductsPageSteps.WhenIChangeMySelectedProductsTo("Streamline intro") (16.1s)
And I enter all required details in the Personal details page and clicks on Next button:
  --- table step argument ---
  | Title | FirstName  | MiddleName | LastName | DateOfBirth | Email             | MobileNumber | CountriesCitizenship | PreferredIdType |
  | Miss  | Automation | RANDOM     | FYICOB   | RANDOM      | cob2016@asb.co.nz | 021-RANDOM   | New Zealand          | Other           |
-> done: PersonalDetailsSteps.WhenIEnterAllRequiredDetailsForPersonalDetailsPage(<table>) (16.0s)
And I select 'Yes' in the Are you a New Zealand tax resident question
-> done: AdditionalPersonalDetailsSteps.WhenISelectInTheAreYouANewZealandTaxResidentQuestion("Yes") (0.2s)
And I select 'Skip' in the Resident Withholding Tax Rate dropdown
-> done: AdditionalPersonalDetailsSteps.WhenISelectInTheResidentWithholdingTaxRateDropdown("Skip") (0.0s)
And I enter non resident country and date for a non NZ tax resident
-> done: AdditionalPersonalDetailsSteps.WhenIEnterNonResidentCountryAndDateForANonNZTaxResident() (0.0s)
And I enter additional information with Profile Complete flag 'Skip', 'New Zealand', 'Skip', 'true'
-> done: AdditionalPersonalDetailsSteps.GivenIEnterAdditionalInformationWithProfileCompleteFlag("Skip", "New Zealand", "Skip", "true") (0.2s)
And I click on 'Next' button
-> done: CommonSteps.WhenIClickOnButton("Next") (0.1s)
And I enter 'Kiwi77nz' password and 'MyCode01' verbal password in the ASB Login page and clicks on Next button
-> done: ASBLoginPageSteps.WhenIEnterPasswordAndVerbalPasswordInTheASBLoginPageAndClicksOnNextButton("Kiwi77nz", "MyCode01") (1.1s)
When I confirm details on the Summary page
UniqueId: 
Title: Miss
FirstName: Automation
MiddleName: COB-wfWWd
LastName: FYICOB
Email: cob2016@asb.co.nz
Gender: 
DateOfBirth: 1/13/1957 12:00:00 AM
DateCreated: 
LastReviewDate: 
Cals: 
IsIndividual: 
NzCitizen: 
NzResidence: 
HighValueCustomer: 
StaffMember: 
AmlVerified: 
VipCustomer: 
Addresses: System.Collections.Generic.List`1[ASB.Selenium.DataModel.Customer.Address]
AddressInformation: ASB.Selenium.DataModel.Customer.AddressInformation
CompanyName: 
CompanyType: 
CompanySubType: 
CustomerTypeCode: 
IrdNumber: 
TaxClass: 33%
TaxClassDate: 
IsNzTaxResident: True
NonResidentCountryCode: 
IsForeignTaxResident: False
ForeignTaxResidencyStatus: 
IsProfileEnhanced: 
Phones: System.Collections.Generic.List`1[ASB.Selenium.DataModel.Customer.Phone]
NextOfKin: 
EmploymentDetails: 
LinkedCustomers: 
AccountRelationships: 
IdType: 
Fatca: ASB.Selenium.DataModel.Customer.Fatca
CitizenshipCountryCodes: 
CitizenshipCountryNames: System.Collections.Generic.List`1[System.String]
ForeignTaxResidenceTypes: System.Collections.Generic.List`1[ASB.Selenium.DataModel.Customer.ForeignTaxResidenceTypes]
OnboardingDetail: ASB.Selenium.DataModel.Customer.OnboardingDetail
AddressVerificationStatus: 
IdVerificationStatus: 
PreferredIdType: Other
IsProfileComplete: True
DaysRemaining: 0
OnboardingStatus: 
NewAccounts: System.Collections.Generic.List`1[ASB.Selenium.DataModel.Customer.Accounts]
FailedAccounts: System.Collections.Generic.List`1[ASB.Selenium.DataModel.Customer.Accounts]
OnboardingSource: JoinASB
CustomerCreated: 
LoginCreated: 
RegisteredForNetcode: 
AccountsCreated: 
CustomerAccessToken: 
VerificationPassword: MyCode01
LoginDetail: ASB.Selenium.DataModel.Customer.Login
CustomerType: 
Cif: 
Username: afyi46784
UsernameApi: 
Password: Kiwi77nz
PublicKey: 
AcceptedTermsAndConditions: 
BackgroundCheckConsent: 
PreferredIdType: 
-> done: SummaryPageSteps.WhenIConfirmDetailsOnTheSummaryPage() (2.9s)
Then the Logging you in progress page is displayed
-> done: ConfirmationPageSteps.ThenTheLoggingYouInProgressPageIsDisplayed() (14.4s)
And the Activation page is displayed
12/6/2017 2:46:23 AMThenTheActivationPageIsDisplayed: IsActivationPageDisplayed STARTED
12/6/2017 2:46:24 AMThenTheActivationPageIsDisplayed: IsActivationPageDisplayed DONE
12/6/2017 2:46:24 AMThenTheActivationPageIsDisplayed: IsSectionDisplayed STARTED
12/6/2017 2:46:26 AMThenTheActivationPageIsDisplayed: IsSectionDisplayed DONE
-> done: ActivationSummarySteps.ThenTheActivationPageIsDisplayed() (6.9s)
And the account number and product name is displayed for the selected products
==> Successfully created: Streamline transaction account:
12-3629-0385490-00
-> done: ActivationSummarySteps.ThenTheAccountNumberAndProductNameIsDisplayedForTheSelectedProducts() (26.8s)
And the 'Activate your account' section is displayed
-> done: ActivationSummarySteps.ThenTheSectionIsDisplayed("Activate your acc...") (0.0s)
And the Activate your account header is displayed
-> done: ActivationSummarySteps.ThenTheActivateYourAccountHeaderIsDisplayed() (0.0s)
And the Profile Details section is displayed
*** Verifying section for non-Profile Enhanced customer ***
*** Verifying section for Profile Complete customer ***
-> done: ActivationSummarySteps.ThenTheProfileDetailsSectionIsDisplayed() (1.1s)
And the Proof of Address section is displayed
*** Verifying section for non-Address Verified customer ***
*** Verifying section for non-Address Verified customer ***
-> done: ActivationSummarySteps.ThenTheProofOfAddressSectionIsDisplayed() (0.2s)
And the Confirm Identity section is displayed
*** Verifying section for non-ID Verified customer ***
*** Verifying section for customer with Preferred ID = 'Other' ***
*** Verifying EIDV-Switched OFF Confirm Identity section for customer with Preferred ID: Other
-> done: ActivationSummarySteps.ThenTheConfirmIdentitySectionIsDisplayed() (0.5s)
And the See a complete list of acceptable documents text is displayed conditionally
Verifying acceptable documents link should be displayed
Clicking on link: acceptable documents
-> done: ActivationSummarySteps.ThenTheSeeACompleteListOfAcceptableDocumentsTextIsDisplayedConditionally() (1.1s)
And the Find a branch button is displayed conditionally
Verifying Find a branch button should be displayed
-> done: ActivationSummarySteps.ThenTheFindABranchButtonOpensInANewWindow() (3.2s)
]]></output>
                  </test-case>
                  <test-case id="0-1062" name="ACTSUM_08_VerifyConfirmation_AdditionalDetails(&quot;NZTaxResident and US Citizen and 33%&quot;,&quot;Streamline intro&quot;,&quot;Yes&quot;,&quot;33%&quot;,&quot;Skip&quot;,&quot;Puerto Rico&quot;,&quot;United States - 12345ABC1&quot;,&quot;true&quot;,null)" fullname="Join.Form.Customer.Selenium.Features._08_ActivateSummaryFeature.ACTSUM_08_VerifyConfirmation_AdditionalDetails(&quot;NZTaxResident and US Citizen and 33%&quot;,&quot;Streamline intro&quot;,&quot;Yes&quot;,&quot;33%&quot;,&quot;Skip&quot;,&quot;Puerto Rico&quot;,&quot;United States - 12345ABC1&quot;,&quot;true&quot;,null)" methodname="ACTSUM_08_VerifyConfirmation_AdditionalDetails" classname="Join.Form.Customer.Selenium.Features._08_ActivateSummaryFeature" runstate="Runnable" seed="2147200076" result="Passed" start-time="2017-12-05 13:47:02Z" end-time="2017-12-05 13:48:32Z" duration="90.206951" asserts="41">
                    <properties>
                      <property name="Category" value="032017" />
                      <property name="Category" value="crs" />
                    </properties>
                    <output><![CDATA[Given I start my Streamline application
Navigating to URL: https://webappisamdev.asbbank.co.nz/public/join/asb/?grcDisabled=true
-> done: CommonSteps.GivenIStartMyStreamlineApplication() (0.7s)
Given I select the following products: 'Streamline intro'
12/6/2017 2:47:14 AMWaitForFeaturesPageLoad: Executing WaitForFrameAndSwitch
12/6/2017 2:47:14 AMWaitForFeaturesPageLoad: Done executing WaitForFrameAndSwitch
Unable to find product 'FastSaver' in page or product 'FastSaver' is not selected
Unable to find product 'Savings On Call' in page or product 'Savings On Call' is not selected
Unable to find product 'ASB Visa Debit Streamline Intro' in page or product 'ASB Visa Debit Streamline Intro' is not selected
Unable to find product 'Savings On Call' in page or product 'Savings On Call' is not selected
Unable to find product 'FastSaver' in page or product 'FastSaver' is not selected
-> done: ProductsPageSteps.WhenIChangeMySelectedProductsTo("Streamline intro") (16.1s)
And I enter all required details in the Personal details page and clicks on Next button:
  --- table step argument ---
  | Title | FirstName  | MiddleName | LastName | DateOfBirth | Email             | MobileNumber | CountriesCitizenship | PreferredIdType |
  | Miss  | Automation | RANDOM     | FYICOB   | RANDOM      | cob2016@asb.co.nz | 021-RANDOM   | Puerto Rico          | Other           |
-> done: PersonalDetailsSteps.WhenIEnterAllRequiredDetailsForPersonalDetailsPage(<table>) (16.3s)
And I select 'Yes' in the Are you a New Zealand tax resident question
-> done: AdditionalPersonalDetailsSteps.WhenISelectInTheAreYouANewZealandTaxResidentQuestion("Yes") (0.2s)
And I select '33%' in the Resident Withholding Tax Rate dropdown
-> done: AdditionalPersonalDetailsSteps.WhenISelectInTheResidentWithholdingTaxRateDropdown("33%") (0.1s)
And I enter non resident country and date for a non NZ tax resident
-> done: AdditionalPersonalDetailsSteps.WhenIEnterNonResidentCountryAndDateForANonNZTaxResident() (0.0s)
And I enter additional information with Profile Complete flag 'Skip', 'Puerto Rico', 'United States - 12345ABC1', 'true'
-> done: AdditionalPersonalDetailsSteps.GivenIEnterAdditionalInformationWithProfileCompleteFlag("Skip", "Puerto Rico", "United States - 1...", "true") (0.9s)
And I click on 'Next' button
-> done: CommonSteps.WhenIClickOnButton("Next") (0.1s)
And I enter 'Kiwi77nz' password and 'MyCode01' verbal password in the ASB Login page and clicks on Next button
-> done: ASBLoginPageSteps.WhenIEnterPasswordAndVerbalPasswordInTheASBLoginPageAndClicksOnNextButton("Kiwi77nz", "MyCode01") (1.0s)
When I confirm details on the Summary page
UniqueId: 
Title: Miss
FirstName: Automation
MiddleName: COB-mUoiD
LastName: FYICOB
Email: cob2016@asb.co.nz
Gender: 
DateOfBirth: 7/28/1946 12:00:00 AM
DateCreated: 
LastReviewDate: 
Cals: 
IsIndividual: 
NzCitizen: 
NzResidence: 
HighValueCustomer: 
StaffMember: 
AmlVerified: 
VipCustomer: 
Addresses: System.Collections.Generic.List`1[ASB.Selenium.DataModel.Customer.Address]
AddressInformation: ASB.Selenium.DataModel.Customer.AddressInformation
CompanyName: 
CompanyType: 
CompanySubType: 
CustomerTypeCode: 
IrdNumber: 
TaxClass: 33%
TaxClassDate: 
IsNzTaxResident: True
NonResidentCountryCode: 
IsForeignTaxResident: True
ForeignTaxResidencyStatus: 
IsProfileEnhanced: 
Phones: System.Collections.Generic.List`1[ASB.Selenium.DataModel.Customer.Phone]
NextOfKin: 
EmploymentDetails: 
LinkedCustomers: 
AccountRelationships: 
IdType: 
Fatca: ASB.Selenium.DataModel.Customer.Fatca
CitizenshipCountryCodes: 
CitizenshipCountryNames: System.Collections.Generic.List`1[System.String]
ForeignTaxResidenceTypes: System.Collections.Generic.List`1[ASB.Selenium.DataModel.Customer.ForeignTaxResidenceTypes]
OnboardingDetail: ASB.Selenium.DataModel.Customer.OnboardingDetail
AddressVerificationStatus: 
IdVerificationStatus: 
PreferredIdType: Other
IsProfileComplete: True
DaysRemaining: 0
OnboardingStatus: 
NewAccounts: System.Collections.Generic.List`1[ASB.Selenium.DataModel.Customer.Accounts]
FailedAccounts: System.Collections.Generic.List`1[ASB.Selenium.DataModel.Customer.Accounts]
OnboardingSource: JoinASB
CustomerCreated: 
LoginCreated: 
RegisteredForNetcode: 
AccountsCreated: 
CustomerAccessToken: 
VerificationPassword: MyCode01
LoginDetail: ASB.Selenium.DataModel.Customer.Login
CustomerType: 
Cif: 
Username: afyi75153
UsernameApi: 
Password: Kiwi77nz
PublicKey: 
AcceptedTermsAndConditions: 
BackgroundCheckConsent: 
PreferredIdType: 
-> done: SummaryPageSteps.WhenIConfirmDetailsOnTheSummaryPage() (2.8s)
Then the Logging you in progress page is displayed
-> done: ConfirmationPageSteps.ThenTheLoggingYouInProgressPageIsDisplayed() (13.0s)
And the Activation page is displayed
12/6/2017 2:47:55 AMThenTheActivationPageIsDisplayed: IsActivationPageDisplayed STARTED
12/6/2017 2:47:56 AMThenTheActivationPageIsDisplayed: IsActivationPageDisplayed DONE
12/6/2017 2:47:56 AMThenTheActivationPageIsDisplayed: IsSectionDisplayed STARTED
12/6/2017 2:47:58 AMThenTheActivationPageIsDisplayed: IsSectionDisplayed DONE
-> done: ActivationSummarySteps.ThenTheActivationPageIsDisplayed() (6.7s)
And the account number and product name is displayed for the selected products
==> Successfully created: Streamline transaction account:
12-3629-0385503-00
-> done: ActivationSummarySteps.ThenTheAccountNumberAndProductNameIsDisplayedForTheSelectedProducts() (26.8s)
And the 'Activate your account' section is displayed
-> done: ActivationSummarySteps.ThenTheSectionIsDisplayed("Activate your acc...") (0.0s)
And the Activate your account header is displayed
-> done: ActivationSummarySteps.ThenTheActivateYourAccountHeaderIsDisplayed() (0.0s)
And the Profile Details section is displayed
*** Verifying section for non-Profile Enhanced customer ***
*** Verifying section for Profile Complete customer ***
-> done: ActivationSummarySteps.ThenTheProfileDetailsSectionIsDisplayed() (1.1s)
And the Proof of Address section is displayed
*** Verifying section for non-Address Verified customer ***
*** Verifying section for non-Address Verified customer ***
-> done: ActivationSummarySteps.ThenTheProofOfAddressSectionIsDisplayed() (0.2s)
And the Confirm Identity section is displayed
*** Verifying section for non-ID Verified customer ***
*** Verifying section for customer with Preferred ID = 'Other' ***
*** Verifying EIDV-Switched OFF Confirm Identity section for customer with Preferred ID: Other
-> done: ActivationSummarySteps.ThenTheConfirmIdentitySectionIsDisplayed() (0.5s)
And the See a complete list of acceptable documents text is displayed conditionally
Verifying acceptable documents link should be displayed
Clicking on link: acceptable documents
-> done: ActivationSummarySteps.ThenTheSeeACompleteListOfAcceptableDocumentsTextIsDisplayedConditionally() (1.0s)
And the Find a branch button is displayed conditionally
Verifying Find a branch button should be displayed
-> done: ActivationSummarySteps.ThenTheFindABranchButtonOpensInANewWindow() (1.6s)
]]></output>
                  </test-case>
                  <test-case id="0-1063" name="ACTSUM_08_VerifyConfirmation_AdditionalDetails(&quot;NZTaxResident and non NZ non US and exempt&quot;,&quot;Streamline intro,ASB Visa Debit Streamline Intro&quot;,&quot;Yes&quot;,&quot;Exempt from withholding tax&quot;,&quot;Skip&quot;,&quot;Australia&quot;,&quot;Skip&quot;,&quot;true&quot;,null)" fullname="Join.Form.Customer.Selenium.Features._08_ActivateSummaryFeature.ACTSUM_08_VerifyConfirmation_AdditionalDetails(&quot;NZTaxResident and non NZ non US and exempt&quot;,&quot;Streamline intro,ASB Visa Debit Streamline Intro&quot;,&quot;Yes&quot;,&quot;Exempt from withholding tax&quot;,&quot;Skip&quot;,&quot;Australia&quot;,&quot;Skip&quot;,&quot;true&quot;,null)" methodname="ACTSUM_08_VerifyConfirmation_AdditionalDetails" classname="Join.Form.Customer.Selenium.Features._08_ActivateSummaryFeature" runstate="Runnable" seed="1307426980" result="Passed" start-time="2017-12-05 13:48:32Z" end-time="2017-12-05 13:50:02Z" duration="89.518929" asserts="42">
                    <properties>
                      <property name="Category" value="032017" />
                      <property name="Category" value="crs" />
                    </properties>
                    <output><![CDATA[Given I start my Streamline application
Navigating to URL: https://webappisamdev.asbbank.co.nz/public/join/asb/?grcDisabled=true
-> done: CommonSteps.GivenIStartMyStreamlineApplication() (0.6s)
Given I select the following products: 'Streamline intro,ASB Visa Debit Streamline Intro'
12/6/2017 2:48:44 AMWaitForFeaturesPageLoad: Executing WaitForFrameAndSwitch
12/6/2017 2:48:44 AMWaitForFeaturesPageLoad: Done executing WaitForFrameAndSwitch
Unable to find product 'FastSaver' in page or product 'FastSaver' is not selected
Unable to find product 'Savings On Call' in page or product 'Savings On Call' is not selected
Unable to find product 'Savings On Call' in page or product 'Savings On Call' is not selected
Unable to find product 'FastSaver' in page or product 'FastSaver' is not selected
-> done: ProductsPageSteps.WhenIChangeMySelectedProductsTo("Streamline intro,...") (15.0s)
And I enter all required details in the Personal details page and clicks on Next button:
  --- table step argument ---
  | Title | FirstName  | MiddleName | LastName | DateOfBirth | Email             | MobileNumber | CountriesCitizenship | PreferredIdType |
  | Miss  | Automation | RANDOM     | FYICOB   | RANDOM      | cob2016@asb.co.nz | 021-RANDOM   | Australia            | Other           |
-> done: PersonalDetailsSteps.WhenIEnterAllRequiredDetailsForPersonalDetailsPage(<table>) (14.7s)
And I select 'Yes' in the Are you a New Zealand tax resident question
-> done: AdditionalPersonalDetailsSteps.WhenISelectInTheAreYouANewZealandTaxResidentQuestion("Yes") (0.1s)
And I select 'Exempt from withholding tax' in the Resident Withholding Tax Rate dropdown
-> done: AdditionalPersonalDetailsSteps.WhenISelectInTheResidentWithholdingTaxRateDropdown("Exempt from withh...") (0.1s)
And I enter non resident country and date for a non NZ tax resident
-> done: AdditionalPersonalDetailsSteps.WhenIEnterNonResidentCountryAndDateForANonNZTaxResident() (0.0s)
And I enter additional information with Profile Complete flag 'Skip', 'Australia', 'Skip', 'true'
-> done: AdditionalPersonalDetailsSteps.GivenIEnterAdditionalInformationWithProfileCompleteFlag("Skip", "Australia", "Skip", "true") (0.2s)
And I click on 'Next' button
-> done: CommonSteps.WhenIClickOnButton("Next") (0.1s)
And I enter 'Kiwi77nz' password and 'MyCode01' verbal password in the ASB Login page and clicks on Next button
-> done: ASBLoginPageSteps.WhenIEnterPasswordAndVerbalPasswordInTheASBLoginPageAndClicksOnNextButton("Kiwi77nz", "MyCode01") (1.0s)
When I confirm details on the Summary page
UniqueId: 
Title: Miss
FirstName: Automation
MiddleName: COB-bjnNU
LastName: FYICOB
Email: cob2016@asb.co.nz
Gender: 
DateOfBirth: 12/22/1977 12:00:00 AM
DateCreated: 
LastReviewDate: 
Cals: 
IsIndividual: 
NzCitizen: 
NzResidence: 
HighValueCustomer: 
StaffMember: 
AmlVerified: 
VipCustomer: 
Addresses: System.Collections.Generic.List`1[ASB.Selenium.DataModel.Customer.Address]
AddressInformation: ASB.Selenium.DataModel.Customer.AddressInformation
CompanyName: 
CompanyType: 
CompanySubType: 
CustomerTypeCode: 
IrdNumber: 
TaxClass: 33%
TaxClassDate: 
IsNzTaxResident: True
NonResidentCountryCode: 
IsForeignTaxResident: False
ForeignTaxResidencyStatus: 
IsProfileEnhanced: 
Phones: System.Collections.Generic.List`1[ASB.Selenium.DataModel.Customer.Phone]
NextOfKin: 
EmploymentDetails: 
LinkedCustomers: 
AccountRelationships: 
IdType: 
Fatca: ASB.Selenium.DataModel.Customer.Fatca
CitizenshipCountryCodes: 
CitizenshipCountryNames: System.Collections.Generic.List`1[System.String]
ForeignTaxResidenceTypes: System.Collections.Generic.List`1[ASB.Selenium.DataModel.Customer.ForeignTaxResidenceTypes]
OnboardingDetail: ASB.Selenium.DataModel.Customer.OnboardingDetail
AddressVerificationStatus: 
IdVerificationStatus: 
PreferredIdType: Other
IsProfileComplete: True
DaysRemaining: 0
OnboardingStatus: 
NewAccounts: System.Collections.Generic.List`1[ASB.Selenium.DataModel.Customer.Accounts]
FailedAccounts: System.Collections.Generic.List`1[ASB.Selenium.DataModel.Customer.Accounts]
OnboardingSource: JoinASB
CustomerCreated: 
LoginCreated: 
RegisteredForNetcode: 
AccountsCreated: 
CustomerAccessToken: 
VerificationPassword: MyCode01
LoginDetail: ASB.Selenium.DataModel.Customer.Login
CustomerType: 
Cif: 
Username: afyi89883
UsernameApi: 
Password: Kiwi77nz
PublicKey: 
AcceptedTermsAndConditions: 
BackgroundCheckConsent: 
PreferredIdType: 
-> done: SummaryPageSteps.WhenIConfirmDetailsOnTheSummaryPage() (2.8s)
Then the Logging you in progress page is displayed
-> done: ConfirmationPageSteps.ThenTheLoggingYouInProgressPageIsDisplayed() (15.1s)
And the Activation page is displayed
12/6/2017 2:49:24 AMThenTheActivationPageIsDisplayed: IsActivationPageDisplayed STARTED
12/6/2017 2:49:24 AMThenTheActivationPageIsDisplayed: IsActivationPageDisplayed DONE
12/6/2017 2:49:24 AMThenTheActivationPageIsDisplayed: IsSectionDisplayed STARTED
12/6/2017 2:49:27 AMThenTheActivationPageIsDisplayed: IsSectionDisplayed DONE
-> done: ActivationSummarySteps.ThenTheActivationPageIsDisplayed() (6.7s)
And the account number and product name is displayed for the selected products
==> Successfully created: Streamline transaction account:
12-3629-0385511-00
==> Successfully created: ASB Visa Debit card:
Issued for delivery within a week
-> done: ActivationSummarySteps.ThenTheAccountNumberAndProductNameIsDisplayedForTheSelectedProducts() (26.9s)
And the 'Activate your account' section is displayed
-> done: ActivationSummarySteps.ThenTheSectionIsDisplayed("Activate your acc...") (0.0s)
And the Activate your account header is displayed
-> done: ActivationSummarySteps.ThenTheActivateYourAccountHeaderIsDisplayed() (0.0s)
And the Profile Details section is displayed
*** Verifying section for non-Profile Enhanced customer ***
*** Verifying section for Profile Complete customer ***
-> done: ActivationSummarySteps.ThenTheProfileDetailsSectionIsDisplayed() (1.2s)
And the Proof of Address section is displayed
*** Verifying section for non-Address Verified customer ***
*** Verifying section for non-Address Verified customer ***
-> done: ActivationSummarySteps.ThenTheProofOfAddressSectionIsDisplayed() (0.2s)
And the Confirm Identity section is displayed
*** Verifying section for non-ID Verified customer ***
*** Verifying section for customer with Preferred ID = 'Other' ***
*** Verifying EIDV-Switched OFF Confirm Identity section for customer with Preferred ID: Other
-> done: ActivationSummarySteps.ThenTheConfirmIdentitySectionIsDisplayed() (0.5s)
And the See a complete list of acceptable documents text is displayed conditionally
Verifying acceptable documents link should be displayed
Clicking on link: acceptable documents
-> done: ActivationSummarySteps.ThenTheSeeACompleteListOfAcceptableDocumentsTextIsDisplayedConditionally() (1.4s)
And the Find a branch button is displayed conditionally
Verifying Find a branch button should be displayed
-> done: ActivationSummarySteps.ThenTheFindABranchButtonOpensInANewWindow() (1.8s)
]]></output>
                  </test-case>
                  <test-case id="0-1064" name="ACTSUM_08_VerifyConfirmation_AdditionalDetails(&quot;NZTaxResident and non NZ non US and 33% and CoFTR with Mandatory TIN&quot;,&quot;Streamline intro,ASB Visa Debit Streamline Intro&quot;,&quot;Yes&quot;,&quot;Skip&quot;,&quot;Skip&quot;,&quot;Australia&quot;,&quot;China - X123GH78X123GH7811&quot;,&quot;true&quot;,null)" fullname="Join.Form.Customer.Selenium.Features._08_ActivateSummaryFeature.ACTSUM_08_VerifyConfirmation_AdditionalDetails(&quot;NZTaxResident and non NZ non US and 33% and CoFTR with Mandatory TIN&quot;,&quot;Streamline intro,ASB Visa Debit Streamline Intro&quot;,&quot;Yes&quot;,&quot;Skip&quot;,&quot;Skip&quot;,&quot;Australia&quot;,&quot;China - X123GH78X123GH7811&quot;,&quot;true&quot;,null)" methodname="ACTSUM_08_VerifyConfirmation_AdditionalDetails" classname="Join.Form.Customer.Selenium.Features._08_ActivateSummaryFeature" runstate="Runnable" seed="661501192" result="Passed" start-time="2017-12-05 13:50:02Z" end-time="2017-12-05 13:51:40Z" duration="98.374420" asserts="42">
                    <properties>
                      <property name="Category" value="032017" />
                      <property name="Category" value="crs" />
                    </properties>
                    <output><![CDATA[Given I start my Streamline application
Navigating to URL: https://webappisamdev.asbbank.co.nz/public/join/asb/?grcDisabled=true
-> done: CommonSteps.GivenIStartMyStreamlineApplication() (0.6s)
Given I select the following products: 'Streamline intro,ASB Visa Debit Streamline Intro'
12/6/2017 2:50:13 AMWaitForFeaturesPageLoad: Executing WaitForFrameAndSwitch
12/6/2017 2:50:13 AMWaitForFeaturesPageLoad: Done executing WaitForFrameAndSwitch
Unable to find product 'FastSaver' in page or product 'FastSaver' is not selected
Unable to find product 'Savings On Call' in page or product 'Savings On Call' is not selected
Unable to find product 'Savings On Call' in page or product 'Savings On Call' is not selected
Unable to find product 'FastSaver' in page or product 'FastSaver' is not selected
-> done: ProductsPageSteps.WhenIChangeMySelectedProductsTo("Streamline intro,...") (15.0s)
And I enter all required details in the Personal details page and clicks on Next button:
  --- table step argument ---
  | Title | FirstName  | MiddleName | LastName | DateOfBirth | Email             | MobileNumber | CountriesCitizenship | PreferredIdType |
  | Miss  | Automation | RANDOM     | FYICOB   | RANDOM      | cob2016@asb.co.nz | 021-RANDOM   | Australia            | Other           |
-> done: PersonalDetailsSteps.WhenIEnterAllRequiredDetailsForPersonalDetailsPage(<table>) (20.7s)
And I select 'Yes' in the Are you a New Zealand tax resident question
-> done: AdditionalPersonalDetailsSteps.WhenISelectInTheAreYouANewZealandTaxResidentQuestion("Yes") (0.1s)
And I select 'Skip' in the Resident Withholding Tax Rate dropdown
-> done: AdditionalPersonalDetailsSteps.WhenISelectInTheResidentWithholdingTaxRateDropdown("Skip") (0.0s)
And I enter non resident country and date for a non NZ tax resident
-> done: AdditionalPersonalDetailsSteps.WhenIEnterNonResidentCountryAndDateForANonNZTaxResident() (0.0s)
And I enter additional information with Profile Complete flag 'Skip', 'Australia', 'China - X123GH78X123GH7811', 'true'
-> done: AdditionalPersonalDetailsSteps.GivenIEnterAdditionalInformationWithProfileCompleteFlag("Skip", "Australia", "China - X123GH78X...", "true") (2.2s)
And I click on 'Next' button
-> done: CommonSteps.WhenIClickOnButton("Next") (0.1s)
And I enter 'Kiwi77nz' password and 'MyCode01' verbal password in the ASB Login page and clicks on Next button
-> done: ASBLoginPageSteps.WhenIEnterPasswordAndVerbalPasswordInTheASBLoginPageAndClicksOnNextButton("Kiwi77nz", "MyCode01") (1.0s)
When I confirm details on the Summary page
UniqueId: 
Title: Miss
FirstName: Automation
MiddleName: COB-jXemZ
LastName: FYICOB
Email: cob2016@asb.co.nz
Gender: 
DateOfBirth: 4/17/1979 12:00:00 AM
DateCreated: 
LastReviewDate: 
Cals: 
IsIndividual: 
NzCitizen: 
NzResidence: 
HighValueCustomer: 
StaffMember: 
AmlVerified: 
VipCustomer: 
Addresses: System.Collections.Generic.List`1[ASB.Selenium.DataModel.Customer.Address]
AddressInformation: ASB.Selenium.DataModel.Customer.AddressInformation
CompanyName: 
CompanyType: 
CompanySubType: 
CustomerTypeCode: 
IrdNumber: 
TaxClass: 33%
TaxClassDate: 
IsNzTaxResident: True
NonResidentCountryCode: 
IsForeignTaxResident: True
ForeignTaxResidencyStatus: 
IsProfileEnhanced: 
Phones: System.Collections.Generic.List`1[ASB.Selenium.DataModel.Customer.Phone]
NextOfKin: 
EmploymentDetails: 
LinkedCustomers: 
AccountRelationships: 
IdType: 
Fatca: ASB.Selenium.DataModel.Customer.Fatca
CitizenshipCountryCodes: 
CitizenshipCountryNames: System.Collections.Generic.List`1[System.String]
ForeignTaxResidenceTypes: System.Collections.Generic.List`1[ASB.Selenium.DataModel.Customer.ForeignTaxResidenceTypes]
OnboardingDetail: ASB.Selenium.DataModel.Customer.OnboardingDetail
AddressVerificationStatus: 
IdVerificationStatus: 
PreferredIdType: Other
IsProfileComplete: True
DaysRemaining: 0
OnboardingStatus: 
NewAccounts: System.Collections.Generic.List`1[ASB.Selenium.DataModel.Customer.Accounts]
FailedAccounts: System.Collections.Generic.List`1[ASB.Selenium.DataModel.Customer.Accounts]
OnboardingSource: JoinASB
CustomerCreated: 
LoginCreated: 
RegisteredForNetcode: 
AccountsCreated: 
CustomerAccessToken: 
VerificationPassword: MyCode01
LoginDetail: ASB.Selenium.DataModel.Customer.Login
CustomerType: 
Cif: 
Username: afyi85128
UsernameApi: 
Password: Kiwi77nz
PublicKey: 
AcceptedTermsAndConditions: 
BackgroundCheckConsent: 
PreferredIdType: 
-> done: SummaryPageSteps.WhenIConfirmDetailsOnTheSummaryPage() (2.8s)
Then the Logging you in progress page is displayed
-> done: ConfirmationPageSteps.ThenTheLoggingYouInProgressPageIsDisplayed() (14.6s)
And the Activation page is displayed
12/6/2017 2:51:01 AMThenTheActivationPageIsDisplayed: IsActivationPageDisplayed STARTED
12/6/2017 2:51:02 AMThenTheActivationPageIsDisplayed: IsActivationPageDisplayed DONE
12/6/2017 2:51:02 AMThenTheActivationPageIsDisplayed: IsSectionDisplayed STARTED
12/6/2017 2:51:04 AMThenTheActivationPageIsDisplayed: IsSectionDisplayed DONE
-> done: ActivationSummarySteps.ThenTheActivationPageIsDisplayed() (6.8s)
And the account number and product name is displayed for the selected products
==> Successfully created: Streamline transaction account:
12-3629-0385538-00
==> Successfully created: ASB Visa Debit card:
Issued for delivery within a week
-> done: ActivationSummarySteps.ThenTheAccountNumberAndProductNameIsDisplayedForTheSelectedProducts() (26.9s)
And the 'Activate your account' section is displayed
-> done: ActivationSummarySteps.ThenTheSectionIsDisplayed("Activate your acc...") (0.0s)
And the Activate your account header is displayed
-> done: ActivationSummarySteps.ThenTheActivateYourAccountHeaderIsDisplayed() (0.0s)
And the Profile Details section is displayed
*** Verifying section for non-Profile Enhanced customer ***
*** Verifying section for Profile Complete customer ***
-> done: ActivationSummarySteps.ThenTheProfileDetailsSectionIsDisplayed() (1.1s)
And the Proof of Address section is displayed
*** Verifying section for non-Address Verified customer ***
*** Verifying section for non-Address Verified customer ***
-> done: ActivationSummarySteps.ThenTheProofOfAddressSectionIsDisplayed() (0.2s)
And the Confirm Identity section is displayed
*** Verifying section for non-ID Verified customer ***
*** Verifying section for customer with Preferred ID = 'Other' ***
*** Verifying EIDV-Switched OFF Confirm Identity section for customer with Preferred ID: Other
-> done: ActivationSummarySteps.ThenTheConfirmIdentitySectionIsDisplayed() (0.5s)
And the See a complete list of acceptable documents text is displayed conditionally
Verifying acceptable documents link should be displayed
Clicking on link: acceptable documents
-> done: ActivationSummarySteps.ThenTheSeeACompleteListOfAcceptableDocumentsTextIsDisplayedConditionally() (1.1s)
And the Find a branch button is displayed conditionally
Verifying Find a branch button should be displayed
-> done: ActivationSummarySteps.ThenTheFindABranchButtonOpensInANewWindow() (3.5s)
]]></output>
                  </test-case>
                  <test-case id="0-1065" name="ACTSUM_08_VerifyConfirmation_AdditionalDetails(&quot;NZTaxResident and non NZ non US and 33% and CoFTR with Optional TIN&quot;,&quot;Streamline intro,ASB Visa Debit Streamline Intro&quot;,&quot;Yes&quot;,&quot;33%&quot;,&quot;Skip&quot;,&quot;Australia&quot;,&quot;Afghanistan - X123GH78&quot;,&quot;true&quot;,null)" fullname="Join.Form.Customer.Selenium.Features._08_ActivateSummaryFeature.ACTSUM_08_VerifyConfirmation_AdditionalDetails(&quot;NZTaxResident and non NZ non US and 33% and CoFTR with Optional TIN&quot;,&quot;Streamline intro,ASB Visa Debit Streamline Intro&quot;,&quot;Yes&quot;,&quot;33%&quot;,&quot;Skip&quot;,&quot;Australia&quot;,&quot;Afghanistan - X123GH78&quot;,&quot;true&quot;,null)" methodname="ACTSUM_08_VerifyConfirmation_AdditionalDetails" classname="Join.Form.Customer.Selenium.Features._08_ActivateSummaryFeature" runstate="Runnable" seed="1709727965" result="Passed" start-time="2017-12-05 13:51:40Z" end-time="2017-12-05 13:53:15Z" duration="94.363670" asserts="42">
                    <properties>
                      <property name="Category" value="032017" />
                      <property name="Category" value="crs" />
                    </properties>
                    <output><![CDATA[Given I start my Streamline application
Navigating to URL: https://webappisamdev.asbbank.co.nz/public/join/asb/?grcDisabled=true
-> done: CommonSteps.GivenIStartMyStreamlineApplication() (0.6s)
Given I select the following products: 'Streamline intro,ASB Visa Debit Streamline Intro'
12/6/2017 2:51:52 AMWaitForFeaturesPageLoad: Executing WaitForFrameAndSwitch
12/6/2017 2:51:52 AMWaitForFeaturesPageLoad: Done executing WaitForFrameAndSwitch
Unable to find product 'FastSaver' in page or product 'FastSaver' is not selected
Unable to find product 'Savings On Call' in page or product 'Savings On Call' is not selected
Unable to find product 'Savings On Call' in page or product 'Savings On Call' is not selected
Unable to find product 'FastSaver' in page or product 'FastSaver' is not selected
-> done: ProductsPageSteps.WhenIChangeMySelectedProductsTo("Streamline intro,...") (15.1s)
And I enter all required details in the Personal details page and clicks on Next button:
  --- table step argument ---
  | Title | FirstName  | MiddleName | LastName | DateOfBirth | Email             | MobileNumber | CountriesCitizenship | PreferredIdType |
  | Miss  | Automation | RANDOM     | FYICOB   | RANDOM      | cob2016@asb.co.nz | 021-RANDOM   | Australia            | Other           |
-> done: PersonalDetailsSteps.WhenIEnterAllRequiredDetailsForPersonalDetailsPage(<table>) (17.6s)
And I select 'Yes' in the Are you a New Zealand tax resident question
-> done: AdditionalPersonalDetailsSteps.WhenISelectInTheAreYouANewZealandTaxResidentQuestion("Yes") (0.2s)
And I select '33%' in the Resident Withholding Tax Rate dropdown
-> done: AdditionalPersonalDetailsSteps.WhenISelectInTheResidentWithholdingTaxRateDropdown("33%") (0.1s)
And I enter non resident country and date for a non NZ tax resident
-> done: AdditionalPersonalDetailsSteps.WhenIEnterNonResidentCountryAndDateForANonNZTaxResident() (0.0s)
And I enter additional information with Profile Complete flag 'Skip', 'Australia', 'Afghanistan - X123GH78', 'true'
-> done: AdditionalPersonalDetailsSteps.GivenIEnterAdditionalInformationWithProfileCompleteFlag("Skip", "Australia", "Afghanistan - X12...", "true") (2.1s)
And I click on 'Next' button
-> done: CommonSteps.WhenIClickOnButton("Next") (0.1s)
And I enter 'Kiwi77nz' password and 'MyCode01' verbal password in the ASB Login page and clicks on Next button
-> done: ASBLoginPageSteps.WhenIEnterPasswordAndVerbalPasswordInTheASBLoginPageAndClicksOnNextButton("Kiwi77nz", "MyCode01") (1.0s)
When I confirm details on the Summary page
UniqueId: 
Title: Miss
FirstName: Automation
MiddleName: COB-STGRj
LastName: FYICOB
Email: cob2016@asb.co.nz
Gender: 
DateOfBirth: 8/26/1921 12:00:00 AM
DateCreated: 
LastReviewDate: 
Cals: 
IsIndividual: 
NzCitizen: 
NzResidence: 
HighValueCustomer: 
StaffMember: 
AmlVerified: 
VipCustomer: 
Addresses: System.Collections.Generic.List`1[ASB.Selenium.DataModel.Customer.Address]
AddressInformation: ASB.Selenium.DataModel.Customer.AddressInformation
CompanyName: 
CompanyType: 
CompanySubType: 
CustomerTypeCode: 
IrdNumber: 
TaxClass: 33%
TaxClassDate: 
IsNzTaxResident: True
NonResidentCountryCode: 
IsForeignTaxResident: True
ForeignTaxResidencyStatus: 
IsProfileEnhanced: 
Phones: System.Collections.Generic.List`1[ASB.Selenium.DataModel.Customer.Phone]
NextOfKin: 
EmploymentDetails: 
LinkedCustomers: 
AccountRelationships: 
IdType: 
Fatca: ASB.Selenium.DataModel.Customer.Fatca
CitizenshipCountryCodes: 
CitizenshipCountryNames: System.Collections.Generic.List`1[System.String]
ForeignTaxResidenceTypes: System.Collections.Generic.List`1[ASB.Selenium.DataModel.Customer.ForeignTaxResidenceTypes]
OnboardingDetail: ASB.Selenium.DataModel.Customer.OnboardingDetail
AddressVerificationStatus: 
IdVerificationStatus: 
PreferredIdType: Other
IsProfileComplete: True
DaysRemaining: 0
OnboardingStatus: 
NewAccounts: System.Collections.Generic.List`1[ASB.Selenium.DataModel.Customer.Accounts]
FailedAccounts: System.Collections.Generic.List`1[ASB.Selenium.DataModel.Customer.Accounts]
OnboardingSource: JoinASB
CustomerCreated: 
LoginCreated: 
RegisteredForNetcode: 
AccountsCreated: 
CustomerAccessToken: 
VerificationPassword: MyCode01
LoginDetail: ASB.Selenium.DataModel.Customer.Login
CustomerType: 
Cif: 
Username: afyi28088
UsernameApi: 
Password: Kiwi77nz
PublicKey: 
AcceptedTermsAndConditions: 
BackgroundCheckConsent: 
PreferredIdType: 
-> done: SummaryPageSteps.WhenIConfirmDetailsOnTheSummaryPage() (2.8s)
Then the Logging you in progress page is displayed
-> done: ConfirmationPageSteps.ThenTheLoggingYouInProgressPageIsDisplayed() (15.1s)
And the Activation page is displayed
12/6/2017 2:52:37 AMThenTheActivationPageIsDisplayed: IsActivationPageDisplayed STARTED
12/6/2017 2:52:37 AMThenTheActivationPageIsDisplayed: IsActivationPageDisplayed DONE
12/6/2017 2:52:37 AMThenTheActivationPageIsDisplayed: IsSectionDisplayed STARTED
12/6/2017 2:52:39 AMThenTheActivationPageIsDisplayed: IsSectionDisplayed DONE
-> done: ActivationSummarySteps.ThenTheActivationPageIsDisplayed() (6.8s)
And the account number and product name is displayed for the selected products
==> Successfully created: Streamline transaction account:
12-3629-0385546-00
==> Successfully created: ASB Visa Debit card:
Issued for delivery within a week
-> done: ActivationSummarySteps.ThenTheAccountNumberAndProductNameIsDisplayedForTheSelectedProducts() (26.9s)
And the 'Activate your account' section is displayed
-> done: ActivationSummarySteps.ThenTheSectionIsDisplayed("Activate your acc...") (0.0s)
And the Activate your account header is displayed
-> done: ActivationSummarySteps.ThenTheActivateYourAccountHeaderIsDisplayed() (0.0s)
And the Profile Details section is displayed
*** Verifying section for non-Profile Enhanced customer ***
*** Verifying section for Profile Complete customer ***
-> done: ActivationSummarySteps.ThenTheProfileDetailsSectionIsDisplayed() (1.1s)
And the Proof of Address section is displayed
*** Verifying section for non-Address Verified customer ***
*** Verifying section for non-Address Verified customer ***
-> done: ActivationSummarySteps.ThenTheProofOfAddressSectionIsDisplayed() (0.2s)
And the Confirm Identity section is displayed
*** Verifying section for non-ID Verified customer ***
*** Verifying section for customer with Preferred ID = 'Other' ***
*** Verifying EIDV-Switched OFF Confirm Identity section for customer with Preferred ID: Other
-> done: ActivationSummarySteps.ThenTheConfirmIdentitySectionIsDisplayed() (0.5s)
And the See a complete list of acceptable documents text is displayed conditionally
Verifying acceptable documents link should be displayed
Clicking on link: acceptable documents
-> done: ActivationSummarySteps.ThenTheSeeACompleteListOfAcceptableDocumentsTextIsDisplayedConditionally() (1.1s)
And the Find a branch button is displayed conditionally
Verifying Find a branch button should be displayed
-> done: ActivationSummarySteps.ThenTheFindABranchButtonOpensInANewWindow() (2.1s)
]]></output>
                  </test-case>
                  <test-case id="0-1066" name="ACTSUM_08_VerifyConfirmation_AdditionalDetails(&quot;NZTaxResident and NZ Citizen and 30%&quot;,&quot;Streamline intro&quot;,&quot;Yes&quot;,&quot;30%&quot;,&quot;49-091-850&quot;,&quot;New Zealand&quot;,&quot;Skip&quot;,&quot;true&quot;,null)" fullname="Join.Form.Customer.Selenium.Features._08_ActivateSummaryFeature.ACTSUM_08_VerifyConfirmation_AdditionalDetails(&quot;NZTaxResident and NZ Citizen and 30%&quot;,&quot;Streamline intro&quot;,&quot;Yes&quot;,&quot;30%&quot;,&quot;49-091-850&quot;,&quot;New Zealand&quot;,&quot;Skip&quot;,&quot;true&quot;,null)" methodname="ACTSUM_08_VerifyConfirmation_AdditionalDetails" classname="Join.Form.Customer.Selenium.Features._08_ActivateSummaryFeature" runstate="Runnable" seed="1057983794" result="Passed" start-time="2017-12-05 13:53:15Z" end-time="2017-12-05 13:54:49Z" duration="94.131392" asserts="41">
                    <properties>
                      <property name="Category" value="032017" />
                      <property name="Category" value="crs" />
                    </properties>
                    <output><![CDATA[Given I start my Streamline application
Navigating to URL: https://webappisamdev.asbbank.co.nz/public/join/asb/?grcDisabled=true
-> done: CommonSteps.GivenIStartMyStreamlineApplication() (0.6s)
Given I select the following products: 'Streamline intro'
12/6/2017 2:53:26 AMWaitForFeaturesPageLoad: Executing WaitForFrameAndSwitch
12/6/2017 2:53:26 AMWaitForFeaturesPageLoad: Done executing WaitForFrameAndSwitch
Unable to find product 'FastSaver' in page or product 'FastSaver' is not selected
Unable to find product 'Savings On Call' in page or product 'Savings On Call' is not selected
Unable to find product 'ASB Visa Debit Streamline Intro' in page or product 'ASB Visa Debit Streamline Intro' is not selected
Unable to find product 'Savings On Call' in page or product 'Savings On Call' is not selected
Unable to find product 'FastSaver' in page or product 'FastSaver' is not selected
-> done: ProductsPageSteps.WhenIChangeMySelectedProductsTo("Streamline intro") (16.1s)
And I enter all required details in the Personal details page and clicks on Next button:
  --- table step argument ---
  | Title | FirstName  | MiddleName | LastName | DateOfBirth | Email             | MobileNumber | CountriesCitizenship | PreferredIdType |
  | Miss  | Automation | RANDOM     | FYICOB   | RANDOM      | cob2016@asb.co.nz | 021-RANDOM   | New Zealand          | Other           |
-> done: PersonalDetailsSteps.WhenIEnterAllRequiredDetailsForPersonalDetailsPage(<table>) (15.3s)
And I select 'Yes' in the Are you a New Zealand tax resident question
-> done: AdditionalPersonalDetailsSteps.WhenISelectInTheAreYouANewZealandTaxResidentQuestion("Yes") (0.1s)
And I select '30%' in the Resident Withholding Tax Rate dropdown
-> done: AdditionalPersonalDetailsSteps.WhenISelectInTheResidentWithholdingTaxRateDropdown("30%") (0.1s)
And I enter non resident country and date for a non NZ tax resident
-> done: AdditionalPersonalDetailsSteps.WhenIEnterNonResidentCountryAndDateForANonNZTaxResident() (0.0s)
And I enter additional information with Profile Complete flag '49-091-850', 'New Zealand', 'Skip', 'true'
-> done: AdditionalPersonalDetailsSteps.GivenIEnterAdditionalInformationWithProfileCompleteFlag("49-091-850", "New Zealand", "Skip", "true") (0.4s)
And I click on 'Next' button
-> done: CommonSteps.WhenIClickOnButton("Next") (0.1s)
And I enter 'Kiwi77nz' password and 'MyCode01' verbal password in the ASB Login page and clicks on Next button
-> done: ASBLoginPageSteps.WhenIEnterPasswordAndVerbalPasswordInTheASBLoginPageAndClicksOnNextButton("Kiwi77nz", "MyCode01") (1.1s)
When I confirm details on the Summary page
UniqueId: 
Title: Miss
FirstName: Automation
MiddleName: COB-wWVoW
LastName: FYICOB
Email: cob2016@asb.co.nz
Gender: 
DateOfBirth: 5/1/1964 12:00:00 AM
DateCreated: 
LastReviewDate: 
Cals: 
IsIndividual: 
NzCitizen: 
NzResidence: 
HighValueCustomer: 
StaffMember: 
AmlVerified: 
VipCustomer: 
Addresses: System.Collections.Generic.List`1[ASB.Selenium.DataModel.Customer.Address]
AddressInformation: ASB.Selenium.DataModel.Customer.AddressInformation
CompanyName: 
CompanyType: 
CompanySubType: 
CustomerTypeCode: 
IrdNumber: 49-091-850
TaxClass: 30%
TaxClassDate: 
IsNzTaxResident: True
NonResidentCountryCode: 
IsForeignTaxResident: False
ForeignTaxResidencyStatus: 
IsProfileEnhanced: 
Phones: System.Collections.Generic.List`1[ASB.Selenium.DataModel.Customer.Phone]
NextOfKin: 
EmploymentDetails: 
LinkedCustomers: 
AccountRelationships: 
IdType: 
Fatca: ASB.Selenium.DataModel.Customer.Fatca
CitizenshipCountryCodes: 
CitizenshipCountryNames: System.Collections.Generic.List`1[System.String]
ForeignTaxResidenceTypes: System.Collections.Generic.List`1[ASB.Selenium.DataModel.Customer.ForeignTaxResidenceTypes]
OnboardingDetail: ASB.Selenium.DataModel.Customer.OnboardingDetail
AddressVerificationStatus: 
IdVerificationStatus: 
PreferredIdType: Other
IsProfileComplete: True
DaysRemaining: 0
OnboardingStatus: 
NewAccounts: System.Collections.Generic.List`1[ASB.Selenium.DataModel.Customer.Accounts]
FailedAccounts: System.Collections.Generic.List`1[ASB.Selenium.DataModel.Customer.Accounts]
OnboardingSource: JoinASB
CustomerCreated: 
LoginCreated: 
RegisteredForNetcode: 
AccountsCreated: 
CustomerAccessToken: 
VerificationPassword: MyCode01
LoginDetail: ASB.Selenium.DataModel.Customer.Login
CustomerType: 
Cif: 
Username: afyi22070
UsernameApi: 
Password: Kiwi77nz
PublicKey: 
AcceptedTermsAndConditions: 
BackgroundCheckConsent: 
PreferredIdType: 
-> done: SummaryPageSteps.WhenIConfirmDetailsOnTheSummaryPage() (2.8s)
Then the Logging you in progress page is displayed
-> done: ConfirmationPageSteps.ThenTheLoggingYouInProgressPageIsDisplayed() (14.6s)
And the Activation page is displayed
12/6/2017 2:54:08 AMThenTheActivationPageIsDisplayed: IsActivationPageDisplayed STARTED
12/6/2017 2:54:08 AMThenTheActivationPageIsDisplayed: IsActivationPageDisplayed DONE
12/6/2017 2:54:08 AMThenTheActivationPageIsDisplayed: IsSectionDisplayed STARTED
12/6/2017 2:54:13 AMThenTheActivationPageIsDisplayed: IsSectionDisplayed DONE
-> done: ActivationSummarySteps.ThenTheActivationPageIsDisplayed() (8.8s)
And the account number and product name is displayed for the selected products
==> Successfully created: Streamline transaction account:
12-3629-0385554-00
-> done: ActivationSummarySteps.ThenTheAccountNumberAndProductNameIsDisplayedForTheSelectedProducts() (26.8s)
And the 'Activate your account' section is displayed
-> done: ActivationSummarySteps.ThenTheSectionIsDisplayed("Activate your acc...") (0.0s)
And the Activate your account header is displayed
-> done: ActivationSummarySteps.ThenTheActivateYourAccountHeaderIsDisplayed() (0.0s)
And the Profile Details section is displayed
*** Verifying section for non-Profile Enhanced customer ***
*** Verifying section for Profile Complete customer ***
-> done: ActivationSummarySteps.ThenTheProfileDetailsSectionIsDisplayed() (1.1s)
And the Proof of Address section is displayed
*** Verifying section for non-Address Verified customer ***
*** Verifying section for non-Address Verified customer ***
-> done: ActivationSummarySteps.ThenTheProofOfAddressSectionIsDisplayed() (0.2s)
And the Confirm Identity section is displayed
*** Verifying section for non-ID Verified customer ***
*** Verifying section for customer with Preferred ID = 'Other' ***
*** Verifying EIDV-Switched OFF Confirm Identity section for customer with Preferred ID: Other
-> done: ActivationSummarySteps.ThenTheConfirmIdentitySectionIsDisplayed() (0.5s)
And the See a complete list of acceptable documents text is displayed conditionally
Verifying acceptable documents link should be displayed
Clicking on link: acceptable documents
-> done: ActivationSummarySteps.ThenTheSeeACompleteListOfAcceptableDocumentsTextIsDisplayedConditionally() (1.0s)
And the Find a branch button is displayed conditionally
Verifying Find a branch button should be displayed
-> done: ActivationSummarySteps.ThenTheFindABranchButtonOpensInANewWindow() (3.4s)
]]></output>
                  </test-case>
                  <test-case id="0-1067" name="ACTSUM_08_VerifyConfirmation_AdditionalDetails(&quot;NZTaxResident and US Citizen and 17.5%&quot;,&quot;Streamline intro&quot;,&quot;Yes&quot;,&quot;17.5%&quot;,&quot;136410132&quot;,&quot;Guam&quot;,&quot;United States - 12345ABC1&quot;,&quot;true&quot;,null)" fullname="Join.Form.Customer.Selenium.Features._08_ActivateSummaryFeature.ACTSUM_08_VerifyConfirmation_AdditionalDetails(&quot;NZTaxResident and US Citizen and 17.5%&quot;,&quot;Streamline intro&quot;,&quot;Yes&quot;,&quot;17.5%&quot;,&quot;136410132&quot;,&quot;Guam&quot;,&quot;United States - 12345ABC1&quot;,&quot;true&quot;,null)" methodname="ACTSUM_08_VerifyConfirmation_AdditionalDetails" classname="Join.Form.Customer.Selenium.Features._08_ActivateSummaryFeature" runstate="Runnable" seed="1604169071" result="Passed" start-time="2017-12-05 13:54:49Z" end-time="2017-12-05 13:56:20Z" duration="91.515889" asserts="41">
                    <properties>
                      <property name="Category" value="032017" />
                      <property name="Category" value="crs" />
                    </properties>
                    <output><![CDATA[Given I start my Streamline application
Navigating to URL: https://webappisamdev.asbbank.co.nz/public/join/asb/?grcDisabled=true
-> done: CommonSteps.GivenIStartMyStreamlineApplication() (0.5s)
Given I select the following products: 'Streamline intro'
12/6/2017 2:55:01 AMWaitForFeaturesPageLoad: Executing WaitForFrameAndSwitch
12/6/2017 2:55:01 AMWaitForFeaturesPageLoad: Done executing WaitForFrameAndSwitch
Unable to find product 'FastSaver' in page or product 'FastSaver' is not selected
Unable to find product 'Savings On Call' in page or product 'Savings On Call' is not selected
Unable to find product 'ASB Visa Debit Streamline Intro' in page or product 'ASB Visa Debit Streamline Intro' is not selected
Unable to find product 'Savings On Call' in page or product 'Savings On Call' is not selected
Unable to find product 'FastSaver' in page or product 'FastSaver' is not selected
-> done: ProductsPageSteps.WhenIChangeMySelectedProductsTo("Streamline intro") (16.1s)
And I enter all required details in the Personal details page and clicks on Next button:
  --- table step argument ---
  | Title | FirstName  | MiddleName | LastName | DateOfBirth | Email             | MobileNumber | CountriesCitizenship | PreferredIdType |
  | Miss  | Automation | RANDOM     | FYICOB   | RANDOM      | cob2016@asb.co.nz | 021-RANDOM   | Guam                 | Other           |
-> done: PersonalDetailsSteps.WhenIEnterAllRequiredDetailsForPersonalDetailsPage(<table>) (15.6s)
And I select 'Yes' in the Are you a New Zealand tax resident question
-> done: AdditionalPersonalDetailsSteps.WhenISelectInTheAreYouANewZealandTaxResidentQuestion("Yes") (0.2s)
And I select '17.5%' in the Resident Withholding Tax Rate dropdown
-> done: AdditionalPersonalDetailsSteps.WhenISelectInTheResidentWithholdingTaxRateDropdown("17.5%") (0.1s)
And I enter non resident country and date for a non NZ tax resident
-> done: AdditionalPersonalDetailsSteps.WhenIEnterNonResidentCountryAndDateForANonNZTaxResident() (0.0s)
And I enter additional information with Profile Complete flag '136410132', 'Guam', 'United States - 12345ABC1', 'true'
-> done: AdditionalPersonalDetailsSteps.GivenIEnterAdditionalInformationWithProfileCompleteFlag("136410132", "Guam", "United States - 1...", "true") (1.1s)
And I click on 'Next' button
-> done: CommonSteps.WhenIClickOnButton("Next") (0.1s)
And I enter 'Kiwi77nz' password and 'MyCode01' verbal password in the ASB Login page and clicks on Next button
-> done: ASBLoginPageSteps.WhenIEnterPasswordAndVerbalPasswordInTheASBLoginPageAndClicksOnNextButton("Kiwi77nz", "MyCode01") (1.1s)
When I confirm details on the Summary page
UniqueId: 
Title: Miss
FirstName: Automation
MiddleName: COB-YYeIv
LastName: FYICOB
Email: cob2016@asb.co.nz
Gender: 
DateOfBirth: 11/5/1960 12:00:00 AM
DateCreated: 
LastReviewDate: 
Cals: 
IsIndividual: 
NzCitizen: 
NzResidence: 
HighValueCustomer: 
StaffMember: 
AmlVerified: 
VipCustomer: 
Addresses: System.Collections.Generic.List`1[ASB.Selenium.DataModel.Customer.Address]
AddressInformation: ASB.Selenium.DataModel.Customer.AddressInformation
CompanyName: 
CompanyType: 
CompanySubType: 
CustomerTypeCode: 
IrdNumber: 136410132
TaxClass: 17.5%
TaxClassDate: 
IsNzTaxResident: True
NonResidentCountryCode: 
IsForeignTaxResident: True
ForeignTaxResidencyStatus: 
IsProfileEnhanced: 
Phones: System.Collections.Generic.List`1[ASB.Selenium.DataModel.Customer.Phone]
NextOfKin: 
EmploymentDetails: 
LinkedCustomers: 
AccountRelationships: 
IdType: 
Fatca: ASB.Selenium.DataModel.Customer.Fatca
CitizenshipCountryCodes: 
CitizenshipCountryNames: System.Collections.Generic.List`1[System.String]
ForeignTaxResidenceTypes: System.Collections.Generic.List`1[ASB.Selenium.DataModel.Customer.ForeignTaxResidenceTypes]
OnboardingDetail: ASB.Selenium.DataModel.Customer.OnboardingDetail
AddressVerificationStatus: 
IdVerificationStatus: 
PreferredIdType: Other
IsProfileComplete: True
DaysRemaining: 0
OnboardingStatus: 
NewAccounts: System.Collections.Generic.List`1[ASB.Selenium.DataModel.Customer.Accounts]
FailedAccounts: System.Collections.Generic.List`1[ASB.Selenium.DataModel.Customer.Accounts]
OnboardingSource: JoinASB
CustomerCreated: 
LoginCreated: 
RegisteredForNetcode: 
AccountsCreated: 
CustomerAccessToken: 
VerificationPassword: MyCode01
LoginDetail: ASB.Selenium.DataModel.Customer.Login
CustomerType: 
Cif: 
Username: afyi40338
UsernameApi: 
Password: Kiwi77nz
PublicKey: 
AcceptedTermsAndConditions: 
BackgroundCheckConsent: 
PreferredIdType: 
-> done: SummaryPageSteps.WhenIConfirmDetailsOnTheSummaryPage() (2.8s)
Then the Logging you in progress page is displayed
-> done: ConfirmationPageSteps.ThenTheLoggingYouInProgressPageIsDisplayed() (14.3s)
And the Activation page is displayed
12/6/2017 2:55:43 AMThenTheActivationPageIsDisplayed: IsActivationPageDisplayed STARTED
12/6/2017 2:55:44 AMThenTheActivationPageIsDisplayed: IsActivationPageDisplayed DONE
12/6/2017 2:55:44 AMThenTheActivationPageIsDisplayed: IsSectionDisplayed STARTED
12/6/2017 2:55:46 AMThenTheActivationPageIsDisplayed: IsSectionDisplayed DONE
-> done: ActivationSummarySteps.ThenTheActivationPageIsDisplayed() (6.7s)
And the account number and product name is displayed for the selected products
==> Successfully created: Streamline transaction account:
12-3629-0385562-00
-> done: ActivationSummarySteps.ThenTheAccountNumberAndProductNameIsDisplayedForTheSelectedProducts() (26.8s)
And the 'Activate your account' section is displayed
-> done: ActivationSummarySteps.ThenTheSectionIsDisplayed("Activate your acc...") (0.0s)
And the Activate your account header is displayed
-> done: ActivationSummarySteps.ThenTheActivateYourAccountHeaderIsDisplayed() (0.0s)
And the Profile Details section is displayed
*** Verifying section for non-Profile Enhanced customer ***
*** Verifying section for Profile Complete customer ***
-> done: ActivationSummarySteps.ThenTheProfileDetailsSectionIsDisplayed() (1.1s)
And the Proof of Address section is displayed
*** Verifying section for non-Address Verified customer ***
*** Verifying section for non-Address Verified customer ***
-> done: ActivationSummarySteps.ThenTheProofOfAddressSectionIsDisplayed() (0.2s)
And the Confirm Identity section is displayed
*** Verifying section for non-ID Verified customer ***
*** Verifying section for customer with Preferred ID = 'Other' ***
*** Verifying EIDV-Switched OFF Confirm Identity section for customer with Preferred ID: Other
-> done: ActivationSummarySteps.ThenTheConfirmIdentitySectionIsDisplayed() (0.4s)
And the See a complete list of acceptable documents text is displayed conditionally
Verifying acceptable documents link should be displayed
Clicking on link: acceptable documents
-> done: ActivationSummarySteps.ThenTheSeeACompleteListOfAcceptableDocumentsTextIsDisplayedConditionally() (1.1s)
And the Find a branch button is displayed conditionally
Verifying Find a branch button should be displayed
-> done: ActivationSummarySteps.ThenTheFindABranchButtonOpensInANewWindow() (1.8s)
]]></output>
                  </test-case>
                  <test-case id="0-1068" name="ACTSUM_08_VerifyConfirmation_AdditionalDetails(&quot;NZTaxResident and non NZ and non US Citizen and 10.5%&quot;,&quot;Streamline intro&quot;,&quot;Yes&quot;,&quot;10.5%&quot;,&quot;049091850&quot;,&quot;Australia&quot;,&quot;Skip&quot;,&quot;true&quot;,null)" fullname="Join.Form.Customer.Selenium.Features._08_ActivateSummaryFeature.ACTSUM_08_VerifyConfirmation_AdditionalDetails(&quot;NZTaxResident and non NZ and non US Citizen and 10.5%&quot;,&quot;Streamline intro&quot;,&quot;Yes&quot;,&quot;10.5%&quot;,&quot;049091850&quot;,&quot;Australia&quot;,&quot;Skip&quot;,&quot;true&quot;,null)" methodname="ACTSUM_08_VerifyConfirmation_AdditionalDetails" classname="Join.Form.Customer.Selenium.Features._08_ActivateSummaryFeature" runstate="Runnable" seed="1927187819" result="Passed" start-time="2017-12-05 13:56:20Z" end-time="2017-12-05 13:57:53Z" duration="92.993332" asserts="41">
                    <properties>
                      <property name="Category" value="032017" />
                      <property name="Category" value="crs" />
                    </properties>
                    <output><![CDATA[Given I start my Streamline application
Navigating to URL: https://webappisamdev.asbbank.co.nz/public/join/asb/?grcDisabled=true
-> done: CommonSteps.GivenIStartMyStreamlineApplication() (0.6s)
Given I select the following products: 'Streamline intro'
12/6/2017 2:56:32 AMWaitForFeaturesPageLoad: Executing WaitForFrameAndSwitch
12/6/2017 2:56:32 AMWaitForFeaturesPageLoad: Done executing WaitForFrameAndSwitch
Unable to find product 'FastSaver' in page or product 'FastSaver' is not selected
Unable to find product 'Savings On Call' in page or product 'Savings On Call' is not selected
Unable to find product 'ASB Visa Debit Streamline Intro' in page or product 'ASB Visa Debit Streamline Intro' is not selected
Unable to find product 'Savings On Call' in page or product 'Savings On Call' is not selected
Unable to find product 'FastSaver' in page or product 'FastSaver' is not selected
-> done: ProductsPageSteps.WhenIChangeMySelectedProductsTo("Streamline intro") (16.1s)
And I enter all required details in the Personal details page and clicks on Next button:
  --- table step argument ---
  | Title | FirstName  | MiddleName | LastName | DateOfBirth | Email             | MobileNumber | CountriesCitizenship | PreferredIdType |
  | Miss  | Automation | RANDOM     | FYICOB   | RANDOM      | cob2016@asb.co.nz | 021-RANDOM   | Australia            | Other           |
-> done: PersonalDetailsSteps.WhenIEnterAllRequiredDetailsForPersonalDetailsPage(<table>) (14.7s)
And I select 'Yes' in the Are you a New Zealand tax resident question
-> done: AdditionalPersonalDetailsSteps.WhenISelectInTheAreYouANewZealandTaxResidentQuestion("Yes") (0.2s)
And I select '10.5%' in the Resident Withholding Tax Rate dropdown
-> done: AdditionalPersonalDetailsSteps.WhenISelectInTheResidentWithholdingTaxRateDropdown("10.5%") (0.1s)
And I enter non resident country and date for a non NZ tax resident
-> done: AdditionalPersonalDetailsSteps.WhenIEnterNonResidentCountryAndDateForANonNZTaxResident() (0.0s)
And I enter additional information with Profile Complete flag '049091850', 'Australia', 'Skip', 'true'
-> done: AdditionalPersonalDetailsSteps.GivenIEnterAdditionalInformationWithProfileCompleteFlag("049091850", "Australia", "Skip", "true") (0.4s)
And I click on 'Next' button
-> done: CommonSteps.WhenIClickOnButton("Next") (0.1s)
And I enter 'Kiwi77nz' password and 'MyCode01' verbal password in the ASB Login page and clicks on Next button
-> done: ASBLoginPageSteps.WhenIEnterPasswordAndVerbalPasswordInTheASBLoginPageAndClicksOnNextButton("Kiwi77nz", "MyCode01") (1.0s)
When I confirm details on the Summary page
UniqueId: 
Title: Miss
FirstName: Automation
MiddleName: COB-vuFsS
LastName: FYICOB
Email: cob2016@asb.co.nz
Gender: 
DateOfBirth: 11/6/1982 12:00:00 AM
DateCreated: 
LastReviewDate: 
Cals: 
IsIndividual: 
NzCitizen: 
NzResidence: 
HighValueCustomer: 
StaffMember: 
AmlVerified: 
VipCustomer: 
Addresses: System.Collections.Generic.List`1[ASB.Selenium.DataModel.Customer.Address]
AddressInformation: ASB.Selenium.DataModel.Customer.AddressInformation
CompanyName: 
CompanyType: 
CompanySubType: 
CustomerTypeCode: 
IrdNumber: 049091850
TaxClass: 10.5%
TaxClassDate: 
IsNzTaxResident: True
NonResidentCountryCode: 
IsForeignTaxResident: False
ForeignTaxResidencyStatus: 
IsProfileEnhanced: 
Phones: System.Collections.Generic.List`1[ASB.Selenium.DataModel.Customer.Phone]
NextOfKin: 
EmploymentDetails: 
LinkedCustomers: 
AccountRelationships: 
IdType: 
Fatca: ASB.Selenium.DataModel.Customer.Fatca
CitizenshipCountryCodes: 
CitizenshipCountryNames: System.Collections.Generic.List`1[System.String]
ForeignTaxResidenceTypes: System.Collections.Generic.List`1[ASB.Selenium.DataModel.Customer.ForeignTaxResidenceTypes]
OnboardingDetail: ASB.Selenium.DataModel.Customer.OnboardingDetail
AddressVerificationStatus: 
IdVerificationStatus: 
PreferredIdType: Other
IsProfileComplete: True
DaysRemaining: 0
OnboardingStatus: 
NewAccounts: System.Collections.Generic.List`1[ASB.Selenium.DataModel.Customer.Accounts]
FailedAccounts: System.Collections.Generic.List`1[ASB.Selenium.DataModel.Customer.Accounts]
OnboardingSource: JoinASB
CustomerCreated: 
LoginCreated: 
RegisteredForNetcode: 
AccountsCreated: 
CustomerAccessToken: 
VerificationPassword: MyCode01
LoginDetail: ASB.Selenium.DataModel.Customer.Login
CustomerType: 
Cif: 
Username: afyi75330
UsernameApi: 
Password: Kiwi77nz
PublicKey: 
AcceptedTermsAndConditions: 
BackgroundCheckConsent: 
PreferredIdType: 
-> done: SummaryPageSteps.WhenIConfirmDetailsOnTheSummaryPage() (2.8s)
Then the Logging you in progress page is displayed
-> done: ConfirmationPageSteps.ThenTheLoggingYouInProgressPageIsDisplayed() (14.2s)
And the Activation page is displayed
12/6/2017 2:57:13 AMThenTheActivationPageIsDisplayed: IsActivationPageDisplayed STARTED
12/6/2017 2:57:13 AMThenTheActivationPageIsDisplayed: IsActivationPageDisplayed DONE
12/6/2017 2:57:13 AMThenTheActivationPageIsDisplayed: IsSectionDisplayed STARTED
12/6/2017 2:57:15 AMThenTheActivationPageIsDisplayed: IsSectionDisplayed DONE
-> done: ActivationSummarySteps.ThenTheActivationPageIsDisplayed() (6.7s)
And the account number and product name is displayed for the selected products
==> Successfully created: Streamline transaction account:
12-3629-0385570-00
-> done: ActivationSummarySteps.ThenTheAccountNumberAndProductNameIsDisplayedForTheSelectedProducts() (26.8s)
And the 'Activate your account' section is displayed
-> done: ActivationSummarySteps.ThenTheSectionIsDisplayed("Activate your acc...") (0.0s)
And the Activate your account header is displayed
-> done: ActivationSummarySteps.ThenTheActivateYourAccountHeaderIsDisplayed() (0.0s)
And the Profile Details section is displayed
*** Verifying section for non-Profile Enhanced customer ***
*** Verifying section for Profile Complete customer ***
-> done: ActivationSummarySteps.ThenTheProfileDetailsSectionIsDisplayed() (1.1s)
And the Proof of Address section is displayed
*** Verifying section for non-Address Verified customer ***
*** Verifying section for non-Address Verified customer ***
-> done: ActivationSummarySteps.ThenTheProofOfAddressSectionIsDisplayed() (0.2s)
And the Confirm Identity section is displayed
*** Verifying section for non-ID Verified customer ***
*** Verifying section for customer with Preferred ID = 'Other' ***
*** Verifying EIDV-Switched OFF Confirm Identity section for customer with Preferred ID: Other
-> done: ActivationSummarySteps.ThenTheConfirmIdentitySectionIsDisplayed() (0.5s)
And the See a complete list of acceptable documents text is displayed conditionally
Verifying acceptable documents link should be displayed
Clicking on link: acceptable documents
-> done: ActivationSummarySteps.ThenTheSeeACompleteListOfAcceptableDocumentsTextIsDisplayedConditionally() (1.0s)
And the Find a branch button is displayed conditionally
Verifying Find a branch button should be displayed
-> done: ActivationSummarySteps.ThenTheFindABranchButtonOpensInANewWindow() (3.2s)
]]></output>
                  </test-case>
                  <test-case id="0-1069" name="ACTSUM_08_VerifyConfirmation_AdditionalDetails(&quot;NZTaxResident and high risk country citizen and exempt&quot;,&quot;Streamline intro&quot;,&quot;Yes&quot;,&quot;Exempt from withholding tax&quot;,&quot;Skip&quot;,&quot;Viet Nam&quot;,&quot;Afghanistan - 12345ABC&quot;,&quot;true&quot;,null)" fullname="Join.Form.Customer.Selenium.Features._08_ActivateSummaryFeature.ACTSUM_08_VerifyConfirmation_AdditionalDetails(&quot;NZTaxResident and high risk country citizen and exempt&quot;,&quot;Streamline intro&quot;,&quot;Yes&quot;,&quot;Exempt from withholding tax&quot;,&quot;Skip&quot;,&quot;Viet Nam&quot;,&quot;Afghanistan - 12345ABC&quot;,&quot;true&quot;,null)" methodname="ACTSUM_08_VerifyConfirmation_AdditionalDetails" classname="Join.Form.Customer.Selenium.Features._08_ActivateSummaryFeature" runstate="Runnable" seed="950846963" result="Passed" start-time="2017-12-05 13:57:53Z" end-time="2017-12-05 13:59:26Z" duration="92.297546" asserts="41">
                    <properties>
                      <property name="Category" value="032017" />
                      <property name="Category" value="crs" />
                    </properties>
                    <output><![CDATA[Given I start my Streamline application
Navigating to URL: https://webappisamdev.asbbank.co.nz/public/join/asb/?grcDisabled=true
-> done: CommonSteps.GivenIStartMyStreamlineApplication() (0.6s)
Given I select the following products: 'Streamline intro'
12/6/2017 2:58:05 AMWaitForFeaturesPageLoad: Executing WaitForFrameAndSwitch
12/6/2017 2:58:05 AMWaitForFeaturesPageLoad: Done executing WaitForFrameAndSwitch
Unable to find product 'FastSaver' in page or product 'FastSaver' is not selected
Unable to find product 'Savings On Call' in page or product 'Savings On Call' is not selected
Unable to find product 'ASB Visa Debit Streamline Intro' in page or product 'ASB Visa Debit Streamline Intro' is not selected
Unable to find product 'Savings On Call' in page or product 'Savings On Call' is not selected
Unable to find product 'FastSaver' in page or product 'FastSaver' is not selected
-> done: ProductsPageSteps.WhenIChangeMySelectedProductsTo("Streamline intro") (16.1s)
And I enter all required details in the Personal details page and clicks on Next button:
  --- table step argument ---
  | Title | FirstName  | MiddleName | LastName | DateOfBirth | Email             | MobileNumber | CountriesCitizenship | PreferredIdType |
  | Miss  | Automation | RANDOM     | FYICOB   | RANDOM      | cob2016@asb.co.nz | 021-RANDOM   | Viet Nam             | Other           |
-> done: PersonalDetailsSteps.WhenIEnterAllRequiredDetailsForPersonalDetailsPage(<table>) (14.9s)
And I select 'Yes' in the Are you a New Zealand tax resident question
-> done: AdditionalPersonalDetailsSteps.WhenISelectInTheAreYouANewZealandTaxResidentQuestion("Yes") (0.1s)
And I select 'Exempt from withholding tax' in the Resident Withholding Tax Rate dropdown
-> done: AdditionalPersonalDetailsSteps.WhenISelectInTheResidentWithholdingTaxRateDropdown("Exempt from withh...") (0.2s)
And I enter non resident country and date for a non NZ tax resident
-> done: AdditionalPersonalDetailsSteps.WhenIEnterNonResidentCountryAndDateForANonNZTaxResident() (0.0s)
And I enter additional information with Profile Complete flag 'Skip', 'Viet Nam', 'Afghanistan - 12345ABC', 'true'
-> done: AdditionalPersonalDetailsSteps.GivenIEnterAdditionalInformationWithProfileCompleteFlag("Skip", "Viet Nam", "Afghanistan - 123...", "true") (2.1s)
And I click on 'Next' button
-> done: CommonSteps.WhenIClickOnButton("Next") (0.1s)
And I enter 'Kiwi77nz' password and 'MyCode01' verbal password in the ASB Login page and clicks on Next button
-> done: ASBLoginPageSteps.WhenIEnterPasswordAndVerbalPasswordInTheASBLoginPageAndClicksOnNextButton("Kiwi77nz", "MyCode01") (1.0s)
When I confirm details on the Summary page
UniqueId: 
Title: Miss
FirstName: Automation
MiddleName: COB-Krhfm
LastName: FYICOB
Email: cob2016@asb.co.nz
Gender: 
DateOfBirth: 6/21/1975 12:00:00 AM
DateCreated: 
LastReviewDate: 
Cals: 
IsIndividual: 
NzCitizen: 
NzResidence: 
HighValueCustomer: 
StaffMember: 
AmlVerified: 
VipCustomer: 
Addresses: System.Collections.Generic.List`1[ASB.Selenium.DataModel.Customer.Address]
AddressInformation: ASB.Selenium.DataModel.Customer.AddressInformation
CompanyName: 
CompanyType: 
CompanySubType: 
CustomerTypeCode: 
IrdNumber: 
TaxClass: 33%
TaxClassDate: 
IsNzTaxResident: True
NonResidentCountryCode: 
IsForeignTaxResident: True
ForeignTaxResidencyStatus: 
IsProfileEnhanced: 
Phones: System.Collections.Generic.List`1[ASB.Selenium.DataModel.Customer.Phone]
NextOfKin: 
EmploymentDetails: 
LinkedCustomers: 
AccountRelationships: 
IdType: 
Fatca: ASB.Selenium.DataModel.Customer.Fatca
CitizenshipCountryCodes: 
CitizenshipCountryNames: System.Collections.Generic.List`1[System.String]
ForeignTaxResidenceTypes: System.Collections.Generic.List`1[ASB.Selenium.DataModel.Customer.ForeignTaxResidenceTypes]
OnboardingDetail: ASB.Selenium.DataModel.Customer.OnboardingDetail
AddressVerificationStatus: 
IdVerificationStatus: 
PreferredIdType: Other
IsProfileComplete: True
DaysRemaining: 0
OnboardingStatus: 
NewAccounts: System.Collections.Generic.List`1[ASB.Selenium.DataModel.Customer.Accounts]
FailedAccounts: System.Collections.Generic.List`1[ASB.Selenium.DataModel.Customer.Accounts]
OnboardingSource: JoinASB
CustomerCreated: 
LoginCreated: 
RegisteredForNetcode: 
AccountsCreated: 
CustomerAccessToken: 
VerificationPassword: MyCode01
LoginDetail: ASB.Selenium.DataModel.Customer.Login
CustomerType: 
Cif: 
Username: afyi07437
UsernameApi: 
Password: Kiwi77nz
PublicKey: 
AcceptedTermsAndConditions: 
BackgroundCheckConsent: 
PreferredIdType: 
-> done: SummaryPageSteps.WhenIConfirmDetailsOnTheSummaryPage() (2.8s)
Then the Logging you in progress page is displayed
-> done: ConfirmationPageSteps.ThenTheLoggingYouInProgressPageIsDisplayed() (13.1s)
And the Activation page is displayed
12/6/2017 2:58:46 AMThenTheActivationPageIsDisplayed: IsActivationPageDisplayed STARTED
12/6/2017 2:58:47 AMThenTheActivationPageIsDisplayed: IsActivationPageDisplayed DONE
12/6/2017 2:58:47 AMThenTheActivationPageIsDisplayed: IsSectionDisplayed STARTED
12/6/2017 2:58:49 AMThenTheActivationPageIsDisplayed: IsSectionDisplayed DONE
-> done: ActivationSummarySteps.ThenTheActivationPageIsDisplayed() (6.7s)
And the account number and product name is displayed for the selected products
==> Successfully created: Streamline transaction account:
12-3629-0385589-00
-> done: ActivationSummarySteps.ThenTheAccountNumberAndProductNameIsDisplayedForTheSelectedProducts() (26.8s)
And the 'Activate your account' section is displayed
-> done: ActivationSummarySteps.ThenTheSectionIsDisplayed("Activate your acc...") (0.0s)
And the Activate your account header is displayed
-> done: ActivationSummarySteps.ThenTheActivateYourAccountHeaderIsDisplayed() (0.0s)
And the Profile Details section is displayed
*** Verifying section for non-Profile Enhanced customer ***
*** Verifying section for Profile Complete customer ***
-> done: ActivationSummarySteps.ThenTheProfileDetailsSectionIsDisplayed() (1.1s)
And the Proof of Address section is displayed
*** Verifying section for non-Address Verified customer ***
*** Verifying section for non-Address Verified customer ***
-> done: ActivationSummarySteps.ThenTheProofOfAddressSectionIsDisplayed() (0.2s)
And the Confirm Identity section is displayed
*** Verifying section for non-ID Verified customer ***
*** Verifying section for customer with Preferred ID = 'Other' ***
*** Verifying EIDV-Switched OFF Confirm Identity section for customer with Preferred ID: Other
-> done: ActivationSummarySteps.ThenTheConfirmIdentitySectionIsDisplayed() (0.4s)
And the See a complete list of acceptable documents text is displayed conditionally
Verifying acceptable documents link should be displayed
Clicking on link: acceptable documents
-> done: ActivationSummarySteps.ThenTheSeeACompleteListOfAcceptableDocumentsTextIsDisplayedConditionally() (1.1s)
And the Find a branch button is displayed conditionally
Verifying Find a branch button should be displayed
-> done: ActivationSummarySteps.ThenTheFindABranchButtonOpensInANewWindow() (1.6s)
]]></output>
                  </test-case>
                  <test-case id="0-1070" name="ACTSUM_08_VerifyConfirmation_AdditionalDetails(&quot;NZTaxResident and high risk country CoFTR and tax 30%&quot;,&quot;Streamline intro,ASB Visa Debit Streamline Intro&quot;,&quot;Yes&quot;,&quot;30%&quot;,&quot;49-091-850&quot;,&quot;Viet Nam&quot;,&quot;Viet Nam  - 9856GFT8&quot;,&quot;true&quot;,null)" fullname="Join.Form.Customer.Selenium.Features._08_ActivateSummaryFeature.ACTSUM_08_VerifyConfirmation_AdditionalDetails(&quot;NZTaxResident and high risk country CoFTR and tax 30%&quot;,&quot;Streamline intro,ASB Visa Debit Streamline Intro&quot;,&quot;Yes&quot;,&quot;30%&quot;,&quot;49-091-850&quot;,&quot;Viet Nam&quot;,&quot;Viet Nam  - 9856GFT8&quot;,&quot;true&quot;,null)" methodname="ACTSUM_08_VerifyConfirmation_AdditionalDetails" classname="Join.Form.Customer.Selenium.Features._08_ActivateSummaryFeature" runstate="Runnable" seed="856534080" result="Passed" start-time="2017-12-05 13:59:26Z" end-time="2017-12-05 14:01:08Z" duration="101.922167" asserts="42">
                    <properties>
                      <property name="Category" value="032017" />
                      <property name="Category" value="crs" />
                    </properties>
                    <output><![CDATA[Given I start my Streamline application
Navigating to URL: https://webappisamdev.asbbank.co.nz/public/join/asb/?grcDisabled=true
-> done: CommonSteps.GivenIStartMyStreamlineApplication() (0.6s)
Given I select the following products: 'Streamline intro,ASB Visa Debit Streamline Intro'
12/6/2017 2:59:37 AMWaitForFeaturesPageLoad: Executing WaitForFrameAndSwitch
12/6/2017 2:59:37 AMWaitForFeaturesPageLoad: Done executing WaitForFrameAndSwitch
Unable to find product 'FastSaver' in page or product 'FastSaver' is not selected
Unable to find product 'Savings On Call' in page or product 'Savings On Call' is not selected
Unable to find product 'Savings On Call' in page or product 'Savings On Call' is not selected
Unable to find product 'FastSaver' in page or product 'FastSaver' is not selected
-> done: ProductsPageSteps.WhenIChangeMySelectedProductsTo("Streamline intro,...") (15.0s)
And I enter all required details in the Personal details page and clicks on Next button:
  --- table step argument ---
  | Title | FirstName  | MiddleName | LastName | DateOfBirth | Email             | MobileNumber | CountriesCitizenship | PreferredIdType |
  | Miss  | Automation | RANDOM     | FYICOB   | RANDOM      | cob2016@asb.co.nz | 021-RANDOM   | Viet Nam             | Other           |
-> done: PersonalDetailsSteps.WhenIEnterAllRequiredDetailsForPersonalDetailsPage(<table>) (17.3s)
And I select 'Yes' in the Are you a New Zealand tax resident question
-> done: AdditionalPersonalDetailsSteps.WhenISelectInTheAreYouANewZealandTaxResidentQuestion("Yes") (0.2s)
And I select '30%' in the Resident Withholding Tax Rate dropdown
-> done: AdditionalPersonalDetailsSteps.WhenISelectInTheResidentWithholdingTaxRateDropdown("30%") (0.2s)
And I enter non resident country and date for a non NZ tax resident
-> done: AdditionalPersonalDetailsSteps.WhenIEnterNonResidentCountryAndDateForANonNZTaxResident() (0.0s)
And I enter additional information with Profile Complete flag '49-091-850', 'Viet Nam', 'Viet Nam  - 9856GFT8', 'true'
-> done: AdditionalPersonalDetailsSteps.GivenIEnterAdditionalInformationWithProfileCompleteFlag("49-091-850", "Viet Nam", "Viet Nam  - 9856GFT8", "true") (2.4s)
And I click on 'Next' button
-> done: CommonSteps.WhenIClickOnButton("Next") (0.1s)
And I enter 'Kiwi77nz' password and 'MyCode01' verbal password in the ASB Login page and clicks on Next button
-> done: ASBLoginPageSteps.WhenIEnterPasswordAndVerbalPasswordInTheASBLoginPageAndClicksOnNextButton("Kiwi77nz", "MyCode01") (1.1s)
When I confirm details on the Summary page
UniqueId: 
Title: Miss
FirstName: Automation
MiddleName: COB-xdddJ
LastName: FYICOB
Email: cob2016@asb.co.nz
Gender: 
DateOfBirth: 5/24/1922 12:00:00 AM
DateCreated: 
LastReviewDate: 
Cals: 
IsIndividual: 
NzCitizen: 
NzResidence: 
HighValueCustomer: 
StaffMember: 
AmlVerified: 
VipCustomer: 
Addresses: System.Collections.Generic.List`1[ASB.Selenium.DataModel.Customer.Address]
AddressInformation: ASB.Selenium.DataModel.Customer.AddressInformation
CompanyName: 
CompanyType: 
CompanySubType: 
CustomerTypeCode: 
IrdNumber: 49-091-850
TaxClass: 30%
TaxClassDate: 
IsNzTaxResident: True
NonResidentCountryCode: 
IsForeignTaxResident: True
ForeignTaxResidencyStatus: 
IsProfileEnhanced: 
Phones: System.Collections.Generic.List`1[ASB.Selenium.DataModel.Customer.Phone]
NextOfKin: 
EmploymentDetails: 
LinkedCustomers: 
AccountRelationships: 
IdType: 
Fatca: ASB.Selenium.DataModel.Customer.Fatca
CitizenshipCountryCodes: 
CitizenshipCountryNames: System.Collections.Generic.List`1[System.String]
ForeignTaxResidenceTypes: System.Collections.Generic.List`1[ASB.Selenium.DataModel.Customer.ForeignTaxResidenceTypes]
OnboardingDetail: ASB.Selenium.DataModel.Customer.OnboardingDetail
AddressVerificationStatus: 
IdVerificationStatus: 
PreferredIdType: Other
IsProfileComplete: True
DaysRemaining: 0
OnboardingStatus: 
NewAccounts: System.Collections.Generic.List`1[ASB.Selenium.DataModel.Customer.Accounts]
FailedAccounts: System.Collections.Generic.List`1[ASB.Selenium.DataModel.Customer.Accounts]
OnboardingSource: JoinASB
CustomerCreated: 
LoginCreated: 
RegisteredForNetcode: 
AccountsCreated: 
CustomerAccessToken: 
VerificationPassword: MyCode01
LoginDetail: ASB.Selenium.DataModel.Customer.Login
CustomerType: 
Cif: 
Username: afyi33624
UsernameApi: 
Password: Kiwi77nz
PublicKey: 
AcceptedTermsAndConditions: 
BackgroundCheckConsent: 
PreferredIdType: 
-> done: SummaryPageSteps.WhenIConfirmDetailsOnTheSummaryPage() (2.8s)
Then the Logging you in progress page is displayed
-> done: ConfirmationPageSteps.ThenTheLoggingYouInProgressPageIsDisplayed() (21.0s)
And the Activation page is displayed
12/6/2017 3:00:29 AMThenTheActivationPageIsDisplayed: IsActivationPageDisplayed STARTED
12/6/2017 3:00:29 AMThenTheActivationPageIsDisplayed: IsActivationPageDisplayed DONE
12/6/2017 3:00:29 AMThenTheActivationPageIsDisplayed: IsSectionDisplayed STARTED
12/6/2017 3:00:33 AMThenTheActivationPageIsDisplayed: IsSectionDisplayed DONE
-> done: ActivationSummarySteps.ThenTheActivationPageIsDisplayed() (8.8s)
And the account number and product name is displayed for the selected products
==> Successfully created: Streamline transaction account:
12-3629-0385597-00
==> Successfully created: ASB Visa Debit card:
Issued for delivery within a week
-> done: ActivationSummarySteps.ThenTheAccountNumberAndProductNameIsDisplayedForTheSelectedProducts() (26.9s)
And the 'Activate your account' section is displayed
-> done: ActivationSummarySteps.ThenTheSectionIsDisplayed("Activate your acc...") (0.0s)
And the Activate your account header is displayed
-> done: ActivationSummarySteps.ThenTheActivateYourAccountHeaderIsDisplayed() (0.0s)
And the Profile Details section is displayed
*** Verifying section for non-Profile Enhanced customer ***
*** Verifying section for Profile Complete customer ***
-> done: ActivationSummarySteps.ThenTheProfileDetailsSectionIsDisplayed() (1.2s)
And the Proof of Address section is displayed
*** Verifying section for non-Address Verified customer ***
*** Verifying section for non-Address Verified customer ***
-> done: ActivationSummarySteps.ThenTheProofOfAddressSectionIsDisplayed() (0.2s)
And the Confirm Identity section is displayed
*** Verifying section for non-ID Verified customer ***
*** Verifying section for customer with Preferred ID = 'Other' ***
*** Verifying EIDV-Switched OFF Confirm Identity section for customer with Preferred ID: Other
-> done: ActivationSummarySteps.ThenTheConfirmIdentitySectionIsDisplayed() (0.5s)
And the See a complete list of acceptable documents text is displayed conditionally
Verifying acceptable documents link should be displayed
Clicking on link: acceptable documents
-> done: ActivationSummarySteps.ThenTheSeeACompleteListOfAcceptableDocumentsTextIsDisplayedConditionally() (1.1s)
And the Find a branch button is displayed conditionally
Verifying Find a branch button should be displayed
-> done: ActivationSummarySteps.ThenTheFindABranchButtonOpensInANewWindow() (1.6s)
]]></output>
                  </test-case>
                  <test-case id="0-1071" name="ACTSUM_08_VerifyConfirmation_AdditionalDetails(&quot;NZTaxResident and NZ Citizen and high risk COFTR and blank&quot;,&quot;Streamline intro,ASB Visa Debit Streamline Intro&quot;,&quot;Yes&quot;,&quot;Skip&quot;,&quot;Skip&quot;,&quot;New Zealand&quot;,&quot;Viet Nam  - 9856GFT8&quot;,&quot;true&quot;,null)" fullname="Join.Form.Customer.Selenium.Features._08_ActivateSummaryFeature.ACTSUM_08_VerifyConfirmation_AdditionalDetails(&quot;NZTaxResident and NZ Citizen and high risk COFTR and blank&quot;,&quot;Streamline intro,ASB Visa Debit Streamline Intro&quot;,&quot;Yes&quot;,&quot;Skip&quot;,&quot;Skip&quot;,&quot;New Zealand&quot;,&quot;Viet Nam  - 9856GFT8&quot;,&quot;true&quot;,null)" methodname="ACTSUM_08_VerifyConfirmation_AdditionalDetails" classname="Join.Form.Customer.Selenium.Features._08_ActivateSummaryFeature" runstate="Runnable" seed="1012235787" result="Passed" start-time="2017-12-05 14:01:08Z" end-time="2017-12-05 14:02:57Z" duration="109.439197" asserts="42">
                    <properties>
                      <property name="Category" value="032017" />
                      <property name="Category" value="crs" />
                    </properties>
                    <output><![CDATA[Given I start my Streamline application
Navigating to URL: https://webappisamdev.asbbank.co.nz/public/join/asb/?grcDisabled=true
-> done: CommonSteps.GivenIStartMyStreamlineApplication() (0.6s)
Given I select the following products: 'Streamline intro,ASB Visa Debit Streamline Intro'
12/6/2017 3:01:19 AMWaitForFeaturesPageLoad: Executing WaitForFrameAndSwitch
12/6/2017 3:01:19 AMWaitForFeaturesPageLoad: Done executing WaitForFrameAndSwitch
Unable to find product 'FastSaver' in page or product 'FastSaver' is not selected
Unable to find product 'Savings On Call' in page or product 'Savings On Call' is not selected
Unable to find product 'Savings On Call' in page or product 'Savings On Call' is not selected
Unable to find product 'FastSaver' in page or product 'FastSaver' is not selected
-> done: ProductsPageSteps.WhenIChangeMySelectedProductsTo("Streamline intro,...") (15.0s)
And I enter all required details in the Personal details page and clicks on Next button:
  --- table step argument ---
  | Title | FirstName  | MiddleName | LastName | DateOfBirth | Email             | MobileNumber | CountriesCitizenship | PreferredIdType |
  | Miss  | Automation | RANDOM     | FYICOB   | RANDOM      | cob2016@asb.co.nz | 021-RANDOM   | New Zealand          | Other           |
-> done: PersonalDetailsSteps.WhenIEnterAllRequiredDetailsForPersonalDetailsPage(<table>) (22.7s)
And I select 'Yes' in the Are you a New Zealand tax resident question
-> done: AdditionalPersonalDetailsSteps.WhenISelectInTheAreYouANewZealandTaxResidentQuestion("Yes") (0.2s)
And I select 'Skip' in the Resident Withholding Tax Rate dropdown
-> done: AdditionalPersonalDetailsSteps.WhenISelectInTheResidentWithholdingTaxRateDropdown("Skip") (0.0s)
And I enter non resident country and date for a non NZ tax resident
-> done: AdditionalPersonalDetailsSteps.WhenIEnterNonResidentCountryAndDateForANonNZTaxResident() (0.0s)
And I enter additional information with Profile Complete flag 'Skip', 'New Zealand', 'Viet Nam  - 9856GFT8', 'true'
-> done: AdditionalPersonalDetailsSteps.GivenIEnterAdditionalInformationWithProfileCompleteFlag("Skip", "New Zealand", "Viet Nam  - 9856GFT8", "true") (2.0s)
And I click on 'Next' button
-> done: CommonSteps.WhenIClickOnButton("Next") (0.1s)
And I enter 'Kiwi77nz' password and 'MyCode01' verbal password in the ASB Login page and clicks on Next button
-> done: ASBLoginPageSteps.WhenIEnterPasswordAndVerbalPasswordInTheASBLoginPageAndClicksOnNextButton("Kiwi77nz", "MyCode01") (1.1s)
When I confirm details on the Summary page
UniqueId: 
Title: Miss
FirstName: Automation
MiddleName: COB-bEiLn
LastName: FYICOB
Email: cob2016@asb.co.nz
Gender: 
DateOfBirth: 3/15/1936 12:00:00 AM
DateCreated: 
LastReviewDate: 
Cals: 
IsIndividual: 
NzCitizen: 
NzResidence: 
HighValueCustomer: 
StaffMember: 
AmlVerified: 
VipCustomer: 
Addresses: System.Collections.Generic.List`1[ASB.Selenium.DataModel.Customer.Address]
AddressInformation: ASB.Selenium.DataModel.Customer.AddressInformation
CompanyName: 
CompanyType: 
CompanySubType: 
CustomerTypeCode: 
IrdNumber: 
TaxClass: 33%
TaxClassDate: 
IsNzTaxResident: True
NonResidentCountryCode: 
IsForeignTaxResident: True
ForeignTaxResidencyStatus: 
IsProfileEnhanced: 
Phones: System.Collections.Generic.List`1[ASB.Selenium.DataModel.Customer.Phone]
NextOfKin: 
EmploymentDetails: 
LinkedCustomers: 
AccountRelationships: 
IdType: 
Fatca: ASB.Selenium.DataModel.Customer.Fatca
CitizenshipCountryCodes: 
CitizenshipCountryNames: System.Collections.Generic.List`1[System.String]
ForeignTaxResidenceTypes: System.Collections.Generic.List`1[ASB.Selenium.DataModel.Customer.ForeignTaxResidenceTypes]
OnboardingDetail: ASB.Selenium.DataModel.Customer.OnboardingDetail
AddressVerificationStatus: 
IdVerificationStatus: 
PreferredIdType: Other
IsProfileComplete: True
DaysRemaining: 0
OnboardingStatus: 
NewAccounts: System.Collections.Generic.List`1[ASB.Selenium.DataModel.Customer.Accounts]
FailedAccounts: System.Collections.Generic.List`1[ASB.Selenium.DataModel.Customer.Accounts]
OnboardingSource: JoinASB
CustomerCreated: 
LoginCreated: 
RegisteredForNetcode: 
AccountsCreated: 
CustomerAccessToken: 
VerificationPassword: MyCode01
LoginDetail: ASB.Selenium.DataModel.Customer.Login
CustomerType: 
Cif: 
Username: afyi64867
UsernameApi: 
Password: Kiwi77nz
PublicKey: 
AcceptedTermsAndConditions: 
BackgroundCheckConsent: 
PreferredIdType: 
-> done: SummaryPageSteps.WhenIConfirmDetailsOnTheSummaryPage() (2.9s)
Then the Logging you in progress page is displayed
-> done: ConfirmationPageSteps.ThenTheLoggingYouInProgressPageIsDisplayed() (19.2s)
And the Activation page is displayed
12/6/2017 3:02:14 AMThenTheActivationPageIsDisplayed: IsActivationPageDisplayed STARTED
12/6/2017 3:02:14 AMThenTheActivationPageIsDisplayed: IsActivationPageDisplayed DONE
12/6/2017 3:02:14 AMThenTheActivationPageIsDisplayed: IsSectionDisplayed STARTED
12/6/2017 3:02:16 AMThenTheActivationPageIsDisplayed: IsSectionDisplayed DONE
-> done: ActivationSummarySteps.ThenTheActivationPageIsDisplayed() (6.8s)
And the account number and product name is displayed for the selected products
==> Successfully created: Streamline transaction account:
12-3629-0385618-00
==> Successfully created: ASB Visa Debit card:
Issued for delivery within a week
-> done: ActivationSummarySteps.ThenTheAccountNumberAndProductNameIsDisplayedForTheSelectedProducts() (26.9s)
And the 'Activate your account' section is displayed
-> done: ActivationSummarySteps.ThenTheSectionIsDisplayed("Activate your acc...") (0.0s)
And the Activate your account header is displayed
-> done: ActivationSummarySteps.ThenTheActivateYourAccountHeaderIsDisplayed() (0.0s)
And the Profile Details section is displayed
*** Verifying section for non-Profile Enhanced customer ***
*** Verifying section for Profile Complete customer ***
-> done: ActivationSummarySteps.ThenTheProfileDetailsSectionIsDisplayed() (1.1s)
And the Proof of Address section is displayed
*** Verifying section for non-Address Verified customer ***
*** Verifying section for non-Address Verified customer ***
-> done: ActivationSummarySteps.ThenTheProofOfAddressSectionIsDisplayed() (0.2s)
And the Confirm Identity section is displayed
*** Verifying section for non-ID Verified customer ***
*** Verifying section for customer with Preferred ID = 'Other' ***
*** Verifying EIDV-Switched OFF Confirm Identity section for customer with Preferred ID: Other
-> done: ActivationSummarySteps.ThenTheConfirmIdentitySectionIsDisplayed() (0.5s)
And the See a complete list of acceptable documents text is displayed conditionally
Verifying acceptable documents link should be displayed
Clicking on link: acceptable documents
-> done: ActivationSummarySteps.ThenTheSeeACompleteListOfAcceptableDocumentsTextIsDisplayedConditionally() (1.9s)
And the Find a branch button is displayed conditionally
Verifying Find a branch button should be displayed
-> done: ActivationSummarySteps.ThenTheFindABranchButtonOpensInANewWindow() (4.9s)
]]></output>
                  </test-case>
                  <test-case id="0-1072" name="ACTSUM_08_VerifyConfirmation_AdditionalDetails(&quot;Non NZTaxResident and AU Citizen tax blank and TIN CoFTR&quot;,&quot;Streamline intro,ASB Visa Debit Streamline Intro&quot;,&quot;No&quot;,&quot;Skip&quot;,&quot;Skip&quot;,&quot;Australia&quot;,&quot;Australia - 9856GFT8&quot;,&quot;true&quot;,null)" fullname="Join.Form.Customer.Selenium.Features._08_ActivateSummaryFeature.ACTSUM_08_VerifyConfirmation_AdditionalDetails(&quot;Non NZTaxResident and AU Citizen tax blank and TIN CoFTR&quot;,&quot;Streamline intro,ASB Visa Debit Streamline Intro&quot;,&quot;No&quot;,&quot;Skip&quot;,&quot;Skip&quot;,&quot;Australia&quot;,&quot;Australia - 9856GFT8&quot;,&quot;true&quot;,null)" methodname="ACTSUM_08_VerifyConfirmation_AdditionalDetails" classname="Join.Form.Customer.Selenium.Features._08_ActivateSummaryFeature" runstate="Runnable" seed="1149800843" result="Failed" label="Error" start-time="2017-12-05 14:02:57Z" end-time="2017-12-05 14:05:30Z" duration="152.993486" asserts="11">
                    <properties>
                      <property name="Category" value="032017" />
                      <property name="Category" value="crs" />
                    </properties>
                    <failure>
                      <message><![CDATA[System.Exception : Timeout error: Activation page is NOT displayed!]]></message>
                      <stack-trace><![CDATA[   at ASB.Test.Automation.Utils.Retry.Retry.Execute(Func`1 function, Int32 retryInterval, Int32 retryCount, String exceptionMessage)
   at Selenium.Steps.COB.ActivationSummary.ActivationSummarySteps.ThenTheActivationPageIsDisplayed()
   at TechTalk.SpecFlow.Bindings.BindingInvoker.InvokeBinding(IBinding binding, IContextManager contextManager, Object[] arguments, ITestTracer testTracer, TimeSpan& duration)
   at TechTalk.SpecFlow.Infrastructure.TestExecutionEngine.ExecuteStepMatch(BindingMatch match, Object[] arguments)
   at TechTalk.SpecFlow.Infrastructure.TestExecutionEngine.ExecuteStep(StepInstance stepInstance)
   at TechTalk.SpecFlow.Infrastructure.TestExecutionEngine.OnAfterLastStep()
   at Join.Form.Customer.Selenium.Features._08_ActivateSummaryFeature.ScenarioCleanup()
   at Join.Form.Customer.Selenium.Features._08_ActivateSummaryFeature.ACTSUM_08_VerifyConfirmation_AdditionalDetails(String scenarioName, String products, String nZTaxResident, String rWT, String irdnumber, String countriesCitizenship, String fTRDetails, String isProfileComplete, String[] exampleTags)]]></stack-trace>
                    </failure>
                    <output><![CDATA[Given I start my Streamline application
Navigating to URL: https://webappisamdev.asbbank.co.nz/public/join/asb/?grcDisabled=true
-> done: CommonSteps.GivenIStartMyStreamlineApplication() (0.9s)
Given I select the following products: 'Streamline intro,ASB Visa Debit Streamline Intro'
12/6/2017 3:03:09 AMWaitForFeaturesPageLoad: Executing WaitForFrameAndSwitch
12/6/2017 3:03:09 AMWaitForFeaturesPageLoad: Done executing WaitForFrameAndSwitch
Unable to find product 'FastSaver' in page or product 'FastSaver' is not selected
Unable to find product 'Savings On Call' in page or product 'Savings On Call' is not selected
Unable to find product 'Savings On Call' in page or product 'Savings On Call' is not selected
Unable to find product 'FastSaver' in page or product 'FastSaver' is not selected
-> done: ProductsPageSteps.WhenIChangeMySelectedProductsTo("Streamline intro,...") (15.0s)
And I enter all required details in the Personal details page and clicks on Next button:
  --- table step argument ---
  | Title | FirstName  | MiddleName | LastName | DateOfBirth | Email             | MobileNumber | CountriesCitizenship | PreferredIdType |
  | Miss  | Automation | RANDOM     | FYICOB   | RANDOM      | cob2016@asb.co.nz | 021-RANDOM   | Australia            | Other           |
-> done: PersonalDetailsSteps.WhenIEnterAllRequiredDetailsForPersonalDetailsPage(<table>) (16.7s)
And I select 'No' in the Are you a New Zealand tax resident question
-> done: AdditionalPersonalDetailsSteps.WhenISelectInTheAreYouANewZealandTaxResidentQuestion("No") (0.2s)
And I select 'Skip' in the Resident Withholding Tax Rate dropdown
-> done: AdditionalPersonalDetailsSteps.WhenISelectInTheResidentWithholdingTaxRateDropdown("Skip") (0.0s)
And I enter non resident country and date for a non NZ tax resident
-> done: AdditionalPersonalDetailsSteps.WhenIEnterNonResidentCountryAndDateForANonNZTaxResident() (1.8s)
And I enter additional information with Profile Complete flag 'Skip', 'Australia', 'Australia - 9856GFT8', 'true'
-> done: AdditionalPersonalDetailsSteps.GivenIEnterAdditionalInformationWithProfileCompleteFlag("Skip", "Australia", "Australia - 9856GFT8", "true") (1.3s)
And I click on 'Next' button
-> done: CommonSteps.WhenIClickOnButton("Next") (0.1s)
And I enter 'Kiwi77nz' password and 'MyCode01' verbal password in the ASB Login page and clicks on Next button
-> done: ASBLoginPageSteps.WhenIEnterPasswordAndVerbalPasswordInTheASBLoginPageAndClicksOnNextButton("Kiwi77nz", "MyCode01") (1.5s)
When I confirm details on the Summary page
UniqueId: 
Title: Miss
FirstName: Automation
MiddleName: COB-FmQIK
LastName: FYICOB
Email: cob2016@asb.co.nz
Gender: 
DateOfBirth: 3/26/1976 12:00:00 AM
DateCreated: 
LastReviewDate: 
Cals: 
IsIndividual: 
NzCitizen: 
NzResidence: 
HighValueCustomer: 
StaffMember: 
AmlVerified: 
VipCustomer: 
Addresses: System.Collections.Generic.List`1[ASB.Selenium.DataModel.Customer.Address]
AddressInformation: ASB.Selenium.DataModel.Customer.AddressInformation
CompanyName: 
CompanyType: 
CompanySubType: 
CustomerTypeCode: 
IrdNumber: 
TaxClass: 33%
TaxClassDate: 3/26/1992 12:00:00 AM
IsNzTaxResident: False
NonResidentCountryCode: 
IsForeignTaxResident: True
ForeignTaxResidencyStatus: 
IsProfileEnhanced: False
Phones: System.Collections.Generic.List`1[ASB.Selenium.DataModel.Customer.Phone]
NextOfKin: 
EmploymentDetails: 
LinkedCustomers: 
AccountRelationships: 
IdType: 
Fatca: ASB.Selenium.DataModel.Customer.Fatca
CitizenshipCountryCodes: 
CitizenshipCountryNames: System.Collections.Generic.List`1[System.String]
ForeignTaxResidenceTypes: System.Collections.Generic.List`1[ASB.Selenium.DataModel.Customer.ForeignTaxResidenceTypes]
OnboardingDetail: ASB.Selenium.DataModel.Customer.OnboardingDetail
AddressVerificationStatus: 
IdVerificationStatus: 
PreferredIdType: Other
IsProfileComplete: True
DaysRemaining: 0
OnboardingStatus: 
NewAccounts: System.Collections.Generic.List`1[ASB.Selenium.DataModel.Customer.Accounts]
FailedAccounts: System.Collections.Generic.List`1[ASB.Selenium.DataModel.Customer.Accounts]
OnboardingSource: JoinASB
CustomerCreated: 
LoginCreated: 
RegisteredForNetcode: 
AccountsCreated: 
CustomerAccessToken: 
VerificationPassword: MyCode01
LoginDetail: ASB.Selenium.DataModel.Customer.Login
CustomerType: 
Cif: 
Username: afyi07143
UsernameApi: 
Password: Kiwi77nz
PublicKey: 
AcceptedTermsAndConditions: 
BackgroundCheckConsent: 
PreferredIdType: 
-> done: SummaryPageSteps.WhenIConfirmDetailsOnTheSummaryPage() (2.9s)
Then the Logging you in progress page is displayed
-> done: ConfirmationPageSteps.ThenTheLoggingYouInProgressPageIsDisplayed() (16.3s)
And the Activation page is displayed
12/6/2017 3:03:56 AMThenTheActivationPageIsDisplayed: IsActivationPageDisplayed STARTED
12/6/2017 3:04:27 AMThenTheActivationPageIsDisplayed: IsActivationPageDisplayed DONE
12/6/2017 3:04:27 AMThenTheActivationPageIsDisplayed: IsSectionDisplayed STARTED
12/6/2017 3:04:57 AMThenTheActivationPageIsDisplayed: IsSectionDisplayed DONE
-> error: Timeout error: Activation page is NOT displayed!
And the account number and product name is displayed for the selected products
-> skipped because of previous errors
And the 'Activate your account' section is displayed
-> skipped because of previous errors
And the Activate your account header is displayed
-> skipped because of previous errors
And the Profile Details section is displayed
-> skipped because of previous errors
And the Proof of Address section is displayed
-> skipped because of previous errors
And the Confirm Identity section is displayed
-> skipped because of previous errors
And the See a complete list of acceptable documents text is displayed conditionally
-> skipped because of previous errors
And the Find a branch button is displayed conditionally
-> skipped because of previous errors
]]></output>
                  </test-case>
                  <test-case id="0-1073" name="ACTSUM_08_VerifyConfirmation_AdditionalDetails(&quot;Non NZTaxResident and AU Citizen tax exempt and no COFTR TIN&quot;,&quot;Streamline intro&quot;,&quot;No&quot;,&quot;Exempt from withholding tax&quot;,&quot;Skip&quot;,&quot;Australia&quot;,&quot;Afghanistan - 12345ABC&quot;,&quot;true&quot;,null)" fullname="Join.Form.Customer.Selenium.Features._08_ActivateSummaryFeature.ACTSUM_08_VerifyConfirmation_AdditionalDetails(&quot;Non NZTaxResident and AU Citizen tax exempt and no COFTR TIN&quot;,&quot;Streamline intro&quot;,&quot;No&quot;,&quot;Exempt from withholding tax&quot;,&quot;Skip&quot;,&quot;Australia&quot;,&quot;Afghanistan - 12345ABC&quot;,&quot;true&quot;,null)" methodname="ACTSUM_08_VerifyConfirmation_AdditionalDetails" classname="Join.Form.Customer.Selenium.Features._08_ActivateSummaryFeature" runstate="Runnable" seed="24743190" result="Failed" label="Error" start-time="2017-12-05 14:05:30Z" end-time="2017-12-05 14:08:03Z" duration="152.783147" asserts="11">
                    <properties>
                      <property name="Category" value="032017" />
                      <property name="Category" value="crs" />
                    </properties>
                    <failure>
                      <message><![CDATA[System.Exception : Timeout error: Activation page is NOT displayed!]]></message>
                      <stack-trace><![CDATA[   at ASB.Test.Automation.Utils.Retry.Retry.Execute(Func`1 function, Int32 retryInterval, Int32 retryCount, String exceptionMessage)
   at Selenium.Steps.COB.ActivationSummary.ActivationSummarySteps.ThenTheActivationPageIsDisplayed()
   at TechTalk.SpecFlow.Bindings.BindingInvoker.InvokeBinding(IBinding binding, IContextManager contextManager, Object[] arguments, ITestTracer testTracer, TimeSpan& duration)
   at TechTalk.SpecFlow.Infrastructure.TestExecutionEngine.ExecuteStepMatch(BindingMatch match, Object[] arguments)
   at TechTalk.SpecFlow.Infrastructure.TestExecutionEngine.ExecuteStep(StepInstance stepInstance)
   at TechTalk.SpecFlow.Infrastructure.TestExecutionEngine.OnAfterLastStep()
   at Join.Form.Customer.Selenium.Features._08_ActivateSummaryFeature.ScenarioCleanup()
   at Join.Form.Customer.Selenium.Features._08_ActivateSummaryFeature.ACTSUM_08_VerifyConfirmation_AdditionalDetails(String scenarioName, String products, String nZTaxResident, String rWT, String irdnumber, String countriesCitizenship, String fTRDetails, String isProfileComplete, String[] exampleTags)]]></stack-trace>
                    </failure>
                    <output><![CDATA[Given I start my Streamline application
Navigating to URL: https://webappisamdev.asbbank.co.nz/public/join/asb/?grcDisabled=true
-> done: CommonSteps.GivenIStartMyStreamlineApplication() (0.7s)
Given I select the following products: 'Streamline intro'
12/6/2017 3:05:42 AMWaitForFeaturesPageLoad: Executing WaitForFrameAndSwitch
12/6/2017 3:05:42 AMWaitForFeaturesPageLoad: Done executing WaitForFrameAndSwitch
Unable to find product 'FastSaver' in page or product 'FastSaver' is not selected
Unable to find product 'Savings On Call' in page or product 'Savings On Call' is not selected
Unable to find product 'ASB Visa Debit Streamline Intro' in page or product 'ASB Visa Debit Streamline Intro' is not selected
Unable to find product 'Savings On Call' in page or product 'Savings On Call' is not selected
Unable to find product 'FastSaver' in page or product 'FastSaver' is not selected
-> done: ProductsPageSteps.WhenIChangeMySelectedProductsTo("Streamline intro") (16.7s)
And I enter all required details in the Personal details page and clicks on Next button:
  --- table step argument ---
  | Title | FirstName  | MiddleName | LastName | DateOfBirth | Email             | MobileNumber | CountriesCitizenship | PreferredIdType |
  | Miss  | Automation | RANDOM     | FYICOB   | RANDOM      | cob2016@asb.co.nz | 021-RANDOM   | Australia            | Other           |
-> done: PersonalDetailsSteps.WhenIEnterAllRequiredDetailsForPersonalDetailsPage(<table>) (16.0s)
And I select 'No' in the Are you a New Zealand tax resident question
-> done: AdditionalPersonalDetailsSteps.WhenISelectInTheAreYouANewZealandTaxResidentQuestion("No") (0.2s)
And I select 'Exempt from withholding tax' in the Resident Withholding Tax Rate dropdown
-> done: AdditionalPersonalDetailsSteps.WhenISelectInTheResidentWithholdingTaxRateDropdown("Exempt from withh...") (0.1s)
And I enter non resident country and date for a non NZ tax resident
-> done: AdditionalPersonalDetailsSteps.WhenIEnterNonResidentCountryAndDateForANonNZTaxResident() (1.7s)
And I enter additional information with Profile Complete flag 'Skip', 'Australia', 'Afghanistan - 12345ABC', 'true'
-> done: AdditionalPersonalDetailsSteps.GivenIEnterAdditionalInformationWithProfileCompleteFlag("Skip", "Australia", "Afghanistan - 123...", "true") (1.0s)
And I click on 'Next' button
-> done: CommonSteps.WhenIClickOnButton("Next") (0.1s)
And I enter 'Kiwi77nz' password and 'MyCode01' verbal password in the ASB Login page and clicks on Next button
-> done: ASBLoginPageSteps.WhenIEnterPasswordAndVerbalPasswordInTheASBLoginPageAndClicksOnNextButton("Kiwi77nz", "MyCode01") (1.3s)
When I confirm details on the Summary page
UniqueId: 
Title: Miss
FirstName: Automation
MiddleName: COB-jeFYV
LastName: FYICOB
Email: cob2016@asb.co.nz
Gender: 
DateOfBirth: 10/19/1967 12:00:00 AM
DateCreated: 
LastReviewDate: 
Cals: 
IsIndividual: 
NzCitizen: 
NzResidence: 
HighValueCustomer: 
StaffMember: 
AmlVerified: 
VipCustomer: 
Addresses: System.Collections.Generic.List`1[ASB.Selenium.DataModel.Customer.Address]
AddressInformation: ASB.Selenium.DataModel.Customer.AddressInformation
CompanyName: 
CompanyType: 
CompanySubType: 
CustomerTypeCode: 
IrdNumber: 
TaxClass: Non-resident – country tax rate
TaxClassDate: 10/19/1983 12:00:00 AM
IsNzTaxResident: False
NonResidentCountryCode: 
IsForeignTaxResident: True
ForeignTaxResidencyStatus: 
IsProfileEnhanced: True
Phones: System.Collections.Generic.List`1[ASB.Selenium.DataModel.Customer.Phone]
NextOfKin: 
EmploymentDetails: 
LinkedCustomers: 
AccountRelationships: 
IdType: 
Fatca: ASB.Selenium.DataModel.Customer.Fatca
CitizenshipCountryCodes: 
CitizenshipCountryNames: System.Collections.Generic.List`1[System.String]
ForeignTaxResidenceTypes: System.Collections.Generic.List`1[ASB.Selenium.DataModel.Customer.ForeignTaxResidenceTypes]
OnboardingDetail: ASB.Selenium.DataModel.Customer.OnboardingDetail
AddressVerificationStatus: 
IdVerificationStatus: 
PreferredIdType: Other
IsProfileComplete: True
DaysRemaining: 0
OnboardingStatus: 
NewAccounts: System.Collections.Generic.List`1[ASB.Selenium.DataModel.Customer.Accounts]
FailedAccounts: System.Collections.Generic.List`1[ASB.Selenium.DataModel.Customer.Accounts]
OnboardingSource: JoinASB
CustomerCreated: 
LoginCreated: 
RegisteredForNetcode: 
AccountsCreated: 
CustomerAccessToken: 
VerificationPassword: MyCode01
LoginDetail: ASB.Selenium.DataModel.Customer.Login
CustomerType: 
Cif: 
Username: afyi82574
UsernameApi: 
Password: Kiwi77nz
PublicKey: 
AcceptedTermsAndConditions: 
BackgroundCheckConsent: 
PreferredIdType: 
-> done: SummaryPageSteps.WhenIConfirmDetailsOnTheSummaryPage() (2.8s)
Then the Logging you in progress page is displayed
-> done: ConfirmationPageSteps.ThenTheLoggingYouInProgressPageIsDisplayed() (15.8s)
And the Activation page is displayed
12/6/2017 3:06:29 AMThenTheActivationPageIsDisplayed: IsActivationPageDisplayed STARTED
12/6/2017 3:06:59 AMThenTheActivationPageIsDisplayed: IsActivationPageDisplayed DONE
12/6/2017 3:06:59 AMThenTheActivationPageIsDisplayed: IsSectionDisplayed STARTED
12/6/2017 3:07:29 AMThenTheActivationPageIsDisplayed: IsSectionDisplayed DONE
-> error: Timeout error: Activation page is NOT displayed!
And the account number and product name is displayed for the selected products
-> skipped because of previous errors
And the 'Activate your account' section is displayed
-> skipped because of previous errors
And the Activate your account header is displayed
-> skipped because of previous errors
And the Profile Details section is displayed
-> skipped because of previous errors
And the Proof of Address section is displayed
-> skipped because of previous errors
And the Confirm Identity section is displayed
-> skipped because of previous errors
And the See a complete list of acceptable documents text is displayed conditionally
-> skipped because of previous errors
And the Find a branch button is displayed conditionally
-> skipped because of previous errors
]]></output>
                  </test-case>
                  <test-case id="0-1074" name="ACTSUM_08_VerifyConfirmation_AdditionalDetails(&quot;Non NZTaxResident and AU Citizen tax 2% and COFTR mandatory TIN&quot;,&quot;Streamline intro&quot;,&quot;No&quot;,&quot;Non-resident – 2% Approved Issuer Levy&quot;,&quot;Skip&quot;,&quot;Australia&quot;,&quot;Japan - AB1234567890&quot;,&quot;true&quot;,null)" fullname="Join.Form.Customer.Selenium.Features._08_ActivateSummaryFeature.ACTSUM_08_VerifyConfirmation_AdditionalDetails(&quot;Non NZTaxResident and AU Citizen tax 2% and COFTR mandatory TIN&quot;,&quot;Streamline intro&quot;,&quot;No&quot;,&quot;Non-resident – 2% Approved Issuer Levy&quot;,&quot;Skip&quot;,&quot;Australia&quot;,&quot;Japan - AB1234567890&quot;,&quot;true&quot;,null)" methodname="ACTSUM_08_VerifyConfirmation_AdditionalDetails" classname="Join.Form.Customer.Selenium.Features._08_ActivateSummaryFeature" runstate="Runnable" seed="1396125037" result="Failed" label="Error" start-time="2017-12-05 14:08:03Z" end-time="2017-12-05 14:10:43Z" duration="160.381664" asserts="11">
                    <properties>
                      <property name="Category" value="032017" />
                      <property name="Category" value="crs" />
                    </properties>
                    <failure>
                      <message><![CDATA[System.Exception : Timeout error: Activation page is NOT displayed!]]></message>
                      <stack-trace><![CDATA[   at ASB.Test.Automation.Utils.Retry.Retry.Execute(Func`1 function, Int32 retryInterval, Int32 retryCount, String exceptionMessage)
   at Selenium.Steps.COB.ActivationSummary.ActivationSummarySteps.ThenTheActivationPageIsDisplayed()
   at TechTalk.SpecFlow.Bindings.BindingInvoker.InvokeBinding(IBinding binding, IContextManager contextManager, Object[] arguments, ITestTracer testTracer, TimeSpan& duration)
   at TechTalk.SpecFlow.Infrastructure.TestExecutionEngine.ExecuteStepMatch(BindingMatch match, Object[] arguments)
   at TechTalk.SpecFlow.Infrastructure.TestExecutionEngine.ExecuteStep(StepInstance stepInstance)
   at TechTalk.SpecFlow.Infrastructure.TestExecutionEngine.OnAfterLastStep()
   at Join.Form.Customer.Selenium.Features._08_ActivateSummaryFeature.ScenarioCleanup()
   at Join.Form.Customer.Selenium.Features._08_ActivateSummaryFeature.ACTSUM_08_VerifyConfirmation_AdditionalDetails(String scenarioName, String products, String nZTaxResident, String rWT, String irdnumber, String countriesCitizenship, String fTRDetails, String isProfileComplete, String[] exampleTags)]]></stack-trace>
                    </failure>
                    <output><![CDATA[Given I start my Streamline application
Navigating to URL: https://webappisamdev.asbbank.co.nz/public/join/asb/?grcDisabled=true
-> done: CommonSteps.GivenIStartMyStreamlineApplication() (0.8s)
Given I select the following products: 'Streamline intro'
12/6/2017 3:08:15 AMWaitForFeaturesPageLoad: Executing WaitForFrameAndSwitch
12/6/2017 3:08:15 AMWaitForFeaturesPageLoad: Done executing WaitForFrameAndSwitch
Unable to find product 'FastSaver' in page or product 'FastSaver' is not selected
Unable to find product 'Savings On Call' in page or product 'Savings On Call' is not selected
Unable to find product 'ASB Visa Debit Streamline Intro' in page or product 'ASB Visa Debit Streamline Intro' is not selected
Unable to find product 'Savings On Call' in page or product 'Savings On Call' is not selected
Unable to find product 'FastSaver' in page or product 'FastSaver' is not selected
-> done: ProductsPageSteps.WhenIChangeMySelectedProductsTo("Streamline intro") (16.3s)
And I enter all required details in the Personal details page and clicks on Next button:
  --- table step argument ---
  | Title | FirstName  | MiddleName | LastName | DateOfBirth | Email             | MobileNumber | CountriesCitizenship | PreferredIdType |
  | Miss  | Automation | RANDOM     | FYICOB   | RANDOM      | cob2016@asb.co.nz | 021-RANDOM   | Australia            | Other           |
-> done: PersonalDetailsSteps.WhenIEnterAllRequiredDetailsForPersonalDetailsPage(<table>) (20.2s)
And I select 'No' in the Are you a New Zealand tax resident question
-> done: AdditionalPersonalDetailsSteps.WhenISelectInTheAreYouANewZealandTaxResidentQuestion("No") (0.3s)
And I select 'Non-resident – 2% Approved Issuer Levy' in the Resident Withholding Tax Rate dropdown
-> done: AdditionalPersonalDetailsSteps.WhenISelectInTheResidentWithholdingTaxRateDropdown("Non-resident – 2%...") (0.2s)
And I enter non resident country and date for a non NZ tax resident
-> done: AdditionalPersonalDetailsSteps.WhenIEnterNonResidentCountryAndDateForANonNZTaxResident() (3.1s)
And I enter additional information with Profile Complete flag 'Skip', 'Australia', 'Japan - AB1234567890', 'true'
-> done: AdditionalPersonalDetailsSteps.GivenIEnterAdditionalInformationWithProfileCompleteFlag("Skip", "Australia", "Japan - AB1234567890", "true") (1.5s)
And I click on 'Next' button
-> done: CommonSteps.WhenIClickOnButton("Next") (0.1s)
And I enter 'Kiwi77nz' password and 'MyCode01' verbal password in the ASB Login page and clicks on Next button
-> done: ASBLoginPageSteps.WhenIEnterPasswordAndVerbalPasswordInTheASBLoginPageAndClicksOnNextButton("Kiwi77nz", "MyCode01") (1.2s)
When I confirm details on the Summary page
UniqueId: 
Title: Miss
FirstName: Automation
MiddleName: COB-cjTzD
LastName: FYICOB
Email: cob2016@asb.co.nz
Gender: 
DateOfBirth: 6/1/1965 12:00:00 AM
DateCreated: 
LastReviewDate: 
Cals: 
IsIndividual: 
NzCitizen: 
NzResidence: 
HighValueCustomer: 
StaffMember: 
AmlVerified: 
VipCustomer: 
Addresses: System.Collections.Generic.List`1[ASB.Selenium.DataModel.Customer.Address]
AddressInformation: ASB.Selenium.DataModel.Customer.AddressInformation
CompanyName: 
CompanyType: 
CompanySubType: 
CustomerTypeCode: 
IrdNumber: 
TaxClass: Non-resident – 2% Approved Issuer Levy
TaxClassDate: 6/1/1981 12:00:00 AM
IsNzTaxResident: False
NonResidentCountryCode: 
IsForeignTaxResident: True
ForeignTaxResidencyStatus: 
IsProfileEnhanced: False
Phones: System.Collections.Generic.List`1[ASB.Selenium.DataModel.Customer.Phone]
NextOfKin: 
EmploymentDetails: 
LinkedCustomers: 
AccountRelationships: 
IdType: 
Fatca: ASB.Selenium.DataModel.Customer.Fatca
CitizenshipCountryCodes: 
CitizenshipCountryNames: System.Collections.Generic.List`1[System.String]
ForeignTaxResidenceTypes: System.Collections.Generic.List`1[ASB.Selenium.DataModel.Customer.ForeignTaxResidenceTypes]
OnboardingDetail: ASB.Selenium.DataModel.Customer.OnboardingDetail
AddressVerificationStatus: 
IdVerificationStatus: 
PreferredIdType: Other
IsProfileComplete: True
DaysRemaining: 0
OnboardingStatus: 
NewAccounts: System.Collections.Generic.List`1[ASB.Selenium.DataModel.Customer.Accounts]
FailedAccounts: System.Collections.Generic.List`1[ASB.Selenium.DataModel.Customer.Accounts]
OnboardingSource: JoinASB
CustomerCreated: 
LoginCreated: 
RegisteredForNetcode: 
AccountsCreated: 
CustomerAccessToken: 
VerificationPassword: MyCode01
LoginDetail: ASB.Selenium.DataModel.Customer.Login
CustomerType: 
Cif: 
Username: afyi79276
UsernameApi: 
Password: Kiwi77nz
PublicKey: 
AcceptedTermsAndConditions: 
BackgroundCheckConsent: 
PreferredIdType: 
-> done: SummaryPageSteps.WhenIConfirmDetailsOnTheSummaryPage() (3.1s)
Then the Logging you in progress page is displayed
-> done: ConfirmationPageSteps.ThenTheLoggingYouInProgressPageIsDisplayed() (15.9s)
And the Activation page is displayed
12/6/2017 3:09:08 AMThenTheActivationPageIsDisplayed: IsActivationPageDisplayed STARTED
12/6/2017 3:09:39 AMThenTheActivationPageIsDisplayed: IsActivationPageDisplayed DONE
12/6/2017 3:09:39 AMThenTheActivationPageIsDisplayed: IsSectionDisplayed STARTED
12/6/2017 3:10:09 AMThenTheActivationPageIsDisplayed: IsSectionDisplayed DONE
-> error: Timeout error: Activation page is NOT displayed!
And the account number and product name is displayed for the selected products
-> skipped because of previous errors
And the 'Activate your account' section is displayed
-> skipped because of previous errors
And the Activate your account header is displayed
-> skipped because of previous errors
And the Profile Details section is displayed
-> skipped because of previous errors
And the Proof of Address section is displayed
-> skipped because of previous errors
And the Confirm Identity section is displayed
-> skipped because of previous errors
And the See a complete list of acceptable documents text is displayed conditionally
-> skipped because of previous errors
And the Find a branch button is displayed conditionally
-> skipped because of previous errors
]]></output>
                  </test-case>
                  <test-case id="0-1075" name="ACTSUM_08_VerifyConfirmation_AdditionalDetails(&quot;Non NZTaxResident and US Citizen and no COFTR TIN&quot;,&quot;Streamline intro&quot;,&quot;No&quot;,&quot;Skip&quot;,&quot;Skip&quot;,&quot;United States&quot;,&quot;United States - 12345ABC1&quot;,&quot;true&quot;,null)" fullname="Join.Form.Customer.Selenium.Features._08_ActivateSummaryFeature.ACTSUM_08_VerifyConfirmation_AdditionalDetails(&quot;Non NZTaxResident and US Citizen and no COFTR TIN&quot;,&quot;Streamline intro&quot;,&quot;No&quot;,&quot;Skip&quot;,&quot;Skip&quot;,&quot;United States&quot;,&quot;United States - 12345ABC1&quot;,&quot;true&quot;,null)" methodname="ACTSUM_08_VerifyConfirmation_AdditionalDetails" classname="Join.Form.Customer.Selenium.Features._08_ActivateSummaryFeature" runstate="Runnable" seed="137163583" result="Failed" label="Error" start-time="2017-12-05 14:10:43Z" end-time="2017-12-05 14:13:33Z" duration="169.727378" asserts="11">
                    <properties>
                      <property name="Category" value="032017" />
                      <property name="Category" value="crs" />
                    </properties>
                    <failure>
                      <message><![CDATA[System.Exception : Timeout error: Activation page is NOT displayed!]]></message>
                      <stack-trace><![CDATA[   at ASB.Test.Automation.Utils.Retry.Retry.Execute(Func`1 function, Int32 retryInterval, Int32 retryCount, String exceptionMessage)
   at Selenium.Steps.COB.ActivationSummary.ActivationSummarySteps.ThenTheActivationPageIsDisplayed()
   at TechTalk.SpecFlow.Bindings.BindingInvoker.InvokeBinding(IBinding binding, IContextManager contextManager, Object[] arguments, ITestTracer testTracer, TimeSpan& duration)
   at TechTalk.SpecFlow.Infrastructure.TestExecutionEngine.ExecuteStepMatch(BindingMatch match, Object[] arguments)
   at TechTalk.SpecFlow.Infrastructure.TestExecutionEngine.ExecuteStep(StepInstance stepInstance)
   at TechTalk.SpecFlow.Infrastructure.TestExecutionEngine.OnAfterLastStep()
   at Join.Form.Customer.Selenium.Features._08_ActivateSummaryFeature.ScenarioCleanup()
   at Join.Form.Customer.Selenium.Features._08_ActivateSummaryFeature.ACTSUM_08_VerifyConfirmation_AdditionalDetails(String scenarioName, String products, String nZTaxResident, String rWT, String irdnumber, String countriesCitizenship, String fTRDetails, String isProfileComplete, String[] exampleTags)]]></stack-trace>
                    </failure>
                    <output><![CDATA[Given I start my Streamline application
Navigating to URL: https://webappisamdev.asbbank.co.nz/public/join/asb/?grcDisabled=true
-> done: CommonSteps.GivenIStartMyStreamlineApplication() (1.1s)
Given I select the following products: 'Streamline intro'
12/6/2017 3:10:56 AMWaitForFeaturesPageLoad: Executing WaitForFrameAndSwitch
12/6/2017 3:10:56 AMWaitForFeaturesPageLoad: Done executing WaitForFrameAndSwitch
Unable to find product 'FastSaver' in page or product 'FastSaver' is not selected
Unable to find product 'Savings On Call' in page or product 'Savings On Call' is not selected
Unable to find product 'ASB Visa Debit Streamline Intro' in page or product 'ASB Visa Debit Streamline Intro' is not selected
Unable to find product 'Savings On Call' in page or product 'Savings On Call' is not selected
Unable to find product 'FastSaver' in page or product 'FastSaver' is not selected
-> done: ProductsPageSteps.WhenIChangeMySelectedProductsTo("Streamline intro") (17.0s)
And I enter all required details in the Personal details page and clicks on Next button:
  --- table step argument ---
  | Title | FirstName  | MiddleName | LastName | DateOfBirth | Email             | MobileNumber | CountriesCitizenship | PreferredIdType |
  | Miss  | Automation | RANDOM     | FYICOB   | RANDOM      | cob2016@asb.co.nz | 021-RANDOM   | United States        | Other           |
-> done: PersonalDetailsSteps.WhenIEnterAllRequiredDetailsForPersonalDetailsPage(<table>) (26.8s)
And I select 'No' in the Are you a New Zealand tax resident question
-> done: AdditionalPersonalDetailsSteps.WhenISelectInTheAreYouANewZealandTaxResidentQuestion("No") (0.4s)
And I select 'Skip' in the Resident Withholding Tax Rate dropdown
-> done: AdditionalPersonalDetailsSteps.WhenISelectInTheResidentWithholdingTaxRateDropdown("Skip") (0.0s)
And I enter non resident country and date for a non NZ tax resident
-> done: AdditionalPersonalDetailsSteps.WhenIEnterNonResidentCountryAndDateForANonNZTaxResident() (1.9s)
And I enter additional information with Profile Complete flag 'Skip', 'United States', 'United States - 12345ABC1', 'true'
-> done: AdditionalPersonalDetailsSteps.GivenIEnterAdditionalInformationWithProfileCompleteFlag("Skip", "United States", "United States - 1...", "true") (1.5s)
And I click on 'Next' button
-> done: CommonSteps.WhenIClickOnButton("Next") (0.1s)
And I enter 'Kiwi77nz' password and 'MyCode01' verbal password in the ASB Login page and clicks on Next button
-> done: ASBLoginPageSteps.WhenIEnterPasswordAndVerbalPasswordInTheASBLoginPageAndClicksOnNextButton("Kiwi77nz", "MyCode01") (2.6s)
When I confirm details on the Summary page
UniqueId: 
Title: Miss
FirstName: Automation
MiddleName: COB-zIgzd
LastName: FYICOB
Email: cob2016@asb.co.nz
Gender: 
DateOfBirth: 5/12/1982 12:00:00 AM
DateCreated: 
LastReviewDate: 
Cals: 
IsIndividual: 
NzCitizen: 
NzResidence: 
HighValueCustomer: 
StaffMember: 
AmlVerified: 
VipCustomer: 
Addresses: System.Collections.Generic.List`1[ASB.Selenium.DataModel.Customer.Address]
AddressInformation: ASB.Selenium.DataModel.Customer.AddressInformation
CompanyName: 
CompanyType: 
CompanySubType: 
CustomerTypeCode: 
IrdNumber: 
TaxClass: 33%
TaxClassDate: 5/12/1998 12:00:00 AM
IsNzTaxResident: False
NonResidentCountryCode: 
IsForeignTaxResident: True
ForeignTaxResidencyStatus: 
IsProfileEnhanced: False
Phones: System.Collections.Generic.List`1[ASB.Selenium.DataModel.Customer.Phone]
NextOfKin: 
EmploymentDetails: 
LinkedCustomers: 
AccountRelationships: 
IdType: 
Fatca: ASB.Selenium.DataModel.Customer.Fatca
CitizenshipCountryCodes: 
CitizenshipCountryNames: System.Collections.Generic.List`1[System.String]
ForeignTaxResidenceTypes: System.Collections.Generic.List`1[ASB.Selenium.DataModel.Customer.ForeignTaxResidenceTypes]
OnboardingDetail: ASB.Selenium.DataModel.Customer.OnboardingDetail
AddressVerificationStatus: 
IdVerificationStatus: 
PreferredIdType: Other
IsProfileComplete: True
DaysRemaining: 0
OnboardingStatus: 
NewAccounts: System.Collections.Generic.List`1[ASB.Selenium.DataModel.Customer.Accounts]
FailedAccounts: System.Collections.Generic.List`1[ASB.Selenium.DataModel.Customer.Accounts]
OnboardingSource: JoinASB
CustomerCreated: 
LoginCreated: 
RegisteredForNetcode: 
AccountsCreated: 
CustomerAccessToken: 
VerificationPassword: MyCode01
LoginDetail: ASB.Selenium.DataModel.Customer.Login
CustomerType: 
Cif: 
Username: afyi53676
UsernameApi: 
Password: Kiwi77nz
PublicKey: 
AcceptedTermsAndConditions: 
BackgroundCheckConsent: 
PreferredIdType: 
-> done: SummaryPageSteps.WhenIConfirmDetailsOnTheSummaryPage() (4.1s)
Then the Logging you in progress page is displayed
-> done: ConfirmationPageSteps.ThenTheLoggingYouInProgressPageIsDisplayed() (14.9s)
And the Activation page is displayed
12/6/2017 3:11:58 AMThenTheActivationPageIsDisplayed: IsActivationPageDisplayed STARTED
12/6/2017 3:12:29 AMThenTheActivationPageIsDisplayed: IsActivationPageDisplayed DONE
12/6/2017 3:12:29 AMThenTheActivationPageIsDisplayed: IsSectionDisplayed STARTED
12/6/2017 3:13:00 AMThenTheActivationPageIsDisplayed: IsSectionDisplayed DONE
-> error: Timeout error: Activation page is NOT displayed!
And the account number and product name is displayed for the selected products
-> skipped because of previous errors
And the 'Activate your account' section is displayed
-> skipped because of previous errors
And the Activate your account header is displayed
-> skipped because of previous errors
And the Profile Details section is displayed
-> skipped because of previous errors
And the Proof of Address section is displayed
-> skipped because of previous errors
And the Confirm Identity section is displayed
-> skipped because of previous errors
And the See a complete list of acceptable documents text is displayed conditionally
-> skipped because of previous errors
And the Find a branch button is displayed conditionally
-> skipped because of previous errors
]]></output>
                  </test-case>
                  <test-case id="0-1076" name="ACTSUM_08_VerifyConfirmation_AdditionalDetails(&quot;Non NZTaxResident and Other High Risk country&quot;,&quot;Streamline intro&quot;,&quot;No&quot;,&quot;Non-resident – country tax rate&quot;,&quot;Skip&quot;,&quot;Japan&quot;,&quot;Afghanistan - 12345ABC&quot;,&quot;true&quot;,null)" fullname="Join.Form.Customer.Selenium.Features._08_ActivateSummaryFeature.ACTSUM_08_VerifyConfirmation_AdditionalDetails(&quot;Non NZTaxResident and Other High Risk country&quot;,&quot;Streamline intro&quot;,&quot;No&quot;,&quot;Non-resident – country tax rate&quot;,&quot;Skip&quot;,&quot;Japan&quot;,&quot;Afghanistan - 12345ABC&quot;,&quot;true&quot;,null)" methodname="ACTSUM_08_VerifyConfirmation_AdditionalDetails" classname="Join.Form.Customer.Selenium.Features._08_ActivateSummaryFeature" runstate="Runnable" seed="616726735" result="Failed" label="Error" start-time="2017-12-05 14:13:33Z" end-time="2017-12-05 14:16:12Z" duration="159.120899" asserts="11">
                    <properties>
                      <property name="Category" value="032017" />
                      <property name="Category" value="crs" />
                    </properties>
                    <failure>
                      <message><![CDATA[System.Exception : Timeout error: Activation page is NOT displayed!]]></message>
                      <stack-trace><![CDATA[   at ASB.Test.Automation.Utils.Retry.Retry.Execute(Func`1 function, Int32 retryInterval, Int32 retryCount, String exceptionMessage)
   at Selenium.Steps.COB.ActivationSummary.ActivationSummarySteps.ThenTheActivationPageIsDisplayed()
   at TechTalk.SpecFlow.Bindings.BindingInvoker.InvokeBinding(IBinding binding, IContextManager contextManager, Object[] arguments, ITestTracer testTracer, TimeSpan& duration)
   at TechTalk.SpecFlow.Infrastructure.TestExecutionEngine.ExecuteStepMatch(BindingMatch match, Object[] arguments)
   at TechTalk.SpecFlow.Infrastructure.TestExecutionEngine.ExecuteStep(StepInstance stepInstance)
   at TechTalk.SpecFlow.Infrastructure.TestExecutionEngine.OnAfterLastStep()
   at Join.Form.Customer.Selenium.Features._08_ActivateSummaryFeature.ScenarioCleanup()
   at Join.Form.Customer.Selenium.Features._08_ActivateSummaryFeature.ACTSUM_08_VerifyConfirmation_AdditionalDetails(String scenarioName, String products, String nZTaxResident, String rWT, String irdnumber, String countriesCitizenship, String fTRDetails, String isProfileComplete, String[] exampleTags)]]></stack-trace>
                    </failure>
                    <output><![CDATA[Given I start my Streamline application
Navigating to URL: https://webappisamdev.asbbank.co.nz/public/join/asb/?grcDisabled=true
-> done: CommonSteps.GivenIStartMyStreamlineApplication() (2.2s)
Given I select the following products: 'Streamline intro'
12/6/2017 3:13:46 AMWaitForFeaturesPageLoad: Executing WaitForFrameAndSwitch
12/6/2017 3:13:47 AMWaitForFeaturesPageLoad: Done executing WaitForFrameAndSwitch
Unable to find product 'FastSaver' in page or product 'FastSaver' is not selected
Unable to find product 'Savings On Call' in page or product 'Savings On Call' is not selected
Unable to find product 'ASB Visa Debit Streamline Intro' in page or product 'ASB Visa Debit Streamline Intro' is not selected
Unable to find product 'Savings On Call' in page or product 'Savings On Call' is not selected
Unable to find product 'FastSaver' in page or product 'FastSaver' is not selected
-> done: ProductsPageSteps.WhenIChangeMySelectedProductsTo("Streamline intro") (16.4s)
And I enter all required details in the Personal details page and clicks on Next button:
  --- table step argument ---
  | Title | FirstName  | MiddleName | LastName | DateOfBirth | Email             | MobileNumber | CountriesCitizenship | PreferredIdType |
  | Miss  | Automation | RANDOM     | FYICOB   | RANDOM      | cob2016@asb.co.nz | 021-RANDOM   | Japan                | Other           |
-> done: PersonalDetailsSteps.WhenIEnterAllRequiredDetailsForPersonalDetailsPage(<table>) (20.8s)
And I select 'No' in the Are you a New Zealand tax resident question
-> done: AdditionalPersonalDetailsSteps.WhenISelectInTheAreYouANewZealandTaxResidentQuestion("No") (0.2s)
And I select 'Non-resident – country tax rate' in the Resident Withholding Tax Rate dropdown
-> done: AdditionalPersonalDetailsSteps.WhenISelectInTheResidentWithholdingTaxRateDropdown("Non-resident – co...") (0.2s)
And I enter non resident country and date for a non NZ tax resident
-> done: AdditionalPersonalDetailsSteps.WhenIEnterNonResidentCountryAndDateForANonNZTaxResident() (2.0s)
And I enter additional information with Profile Complete flag 'Skip', 'Japan', 'Afghanistan - 12345ABC', 'true'
-> done: AdditionalPersonalDetailsSteps.GivenIEnterAdditionalInformationWithProfileCompleteFlag("Skip", "Japan", "Afghanistan - 123...", "true") (1.7s)
And I click on 'Next' button
-> done: CommonSteps.WhenIClickOnButton("Next") (0.2s)
And I enter 'Kiwi77nz' password and 'MyCode01' verbal password in the ASB Login page and clicks on Next button
-> done: ASBLoginPageSteps.WhenIEnterPasswordAndVerbalPasswordInTheASBLoginPageAndClicksOnNextButton("Kiwi77nz", "MyCode01") (1.8s)
When I confirm details on the Summary page
UniqueId: 
Title: Miss
FirstName: Automation
MiddleName: COB-KJSam
LastName: FYICOB
Email: cob2016@asb.co.nz
Gender: 
DateOfBirth: 5/25/1933 12:00:00 AM
DateCreated: 
LastReviewDate: 
Cals: 
IsIndividual: 
NzCitizen: 
NzResidence: 
HighValueCustomer: 
StaffMember: 
AmlVerified: 
VipCustomer: 
Addresses: System.Collections.Generic.List`1[ASB.Selenium.DataModel.Customer.Address]
AddressInformation: ASB.Selenium.DataModel.Customer.AddressInformation
CompanyName: 
CompanyType: 
CompanySubType: 
CustomerTypeCode: 
IrdNumber: 
TaxClass: Non-resident – country tax rate
TaxClassDate: 5/25/1949 12:00:00 AM
IsNzTaxResident: False
NonResidentCountryCode: 
IsForeignTaxResident: True
ForeignTaxResidencyStatus: 
IsProfileEnhanced: True
Phones: System.Collections.Generic.List`1[ASB.Selenium.DataModel.Customer.Phone]
NextOfKin: 
EmploymentDetails: 
LinkedCustomers: 
AccountRelationships: 
IdType: 
Fatca: ASB.Selenium.DataModel.Customer.Fatca
CitizenshipCountryCodes: 
CitizenshipCountryNames: System.Collections.Generic.List`1[System.String]
ForeignTaxResidenceTypes: System.Collections.Generic.List`1[ASB.Selenium.DataModel.Customer.ForeignTaxResidenceTypes]
OnboardingDetail: ASB.Selenium.DataModel.Customer.OnboardingDetail
AddressVerificationStatus: 
IdVerificationStatus: 
PreferredIdType: Other
IsProfileComplete: True
DaysRemaining: 0
OnboardingStatus: 
NewAccounts: System.Collections.Generic.List`1[ASB.Selenium.DataModel.Customer.Accounts]
FailedAccounts: System.Collections.Generic.List`1[ASB.Selenium.DataModel.Customer.Accounts]
OnboardingSource: JoinASB
CustomerCreated: 
LoginCreated: 
RegisteredForNetcode: 
AccountsCreated: 
CustomerAccessToken: 
VerificationPassword: MyCode01
LoginDetail: ASB.Selenium.DataModel.Customer.Login
CustomerType: 
Cif: 
Username: afyi51141
UsernameApi: 
Password: Kiwi77nz
PublicKey: 
AcceptedTermsAndConditions: 
BackgroundCheckConsent: 
PreferredIdType: 
-> done: SummaryPageSteps.WhenIConfirmDetailsOnTheSummaryPage() (3.4s)
Then the Logging you in progress page is displayed
-> done: ConfirmationPageSteps.ThenTheLoggingYouInProgressPageIsDisplayed() (13.3s)
And the Activation page is displayed
12/6/2017 3:14:38 AMThenTheActivationPageIsDisplayed: IsActivationPageDisplayed STARTED
12/6/2017 3:15:09 AMThenTheActivationPageIsDisplayed: IsActivationPageDisplayed DONE
12/6/2017 3:15:09 AMThenTheActivationPageIsDisplayed: IsSectionDisplayed STARTED
12/6/2017 3:15:39 AMThenTheActivationPageIsDisplayed: IsSectionDisplayed DONE
-> error: Timeout error: Activation page is NOT displayed!
And the account number and product name is displayed for the selected products
-> skipped because of previous errors
And the 'Activate your account' section is displayed
-> skipped because of previous errors
And the Activate your account header is displayed
-> skipped because of previous errors
And the Profile Details section is displayed
-> skipped because of previous errors
And the Proof of Address section is displayed
-> skipped because of previous errors
And the Confirm Identity section is displayed
-> skipped because of previous errors
And the See a complete list of acceptable documents text is displayed conditionally
-> skipped because of previous errors
And the Find a branch button is displayed conditionally
-> skipped because of previous errors
]]></output>
                  </test-case>
                </test-suite>
                <test-suite type="ParameterizedMethod" id="0-1082" name="ACTSUM_09_VisaDebitSTP" fullname="Join.Form.Customer.Selenium.Features._08_ActivateSummaryFeature.ACTSUM_09_VisaDebitSTP" classname="Join.Form.Customer.Selenium.Features._08_ActivateSummaryFeature" runstate="Runnable" testcasecount="4" result="Failed" site="Child" start-time="2017-12-05 14:16:12Z" end-time="2017-12-05 14:27:23Z" duration="670.892526" total="4" passed="0" failed="4" warnings="0" inconclusive="0" skipped="0" asserts="44">
                  <properties>
                    <property name="Description" value="ACTSUM_09 - Visa Debit STP" />
                    <property name="Category" value="COB" />
                    <property name="Category" value="activatesummary" />
                    <property name="Category" value="regression" />
                    <property name="Category" value="offline" />
                    <property name="Category" value="integration" />
                    <property name="Category" value="072016" />
                    <property name="Category" value="112017" />
                  </properties>
                  <failure>
                    <message><![CDATA[One or more child tests had errors]]></message>
                  </failure>
                  <test-case id="0-1078" name="ACTSUM_09_VisaDebitSTP(&quot;Streamline and Visa Debit&quot;,&quot;Streamline intro,ASB Visa Debit Streamline Intro&quot;,&quot;Mr&quot;,&quot;RANDOM&quot;,&quot;&quot;,&quot;RANDOM&quot;,System.String[])" fullname="Join.Form.Customer.Selenium.Features._08_ActivateSummaryFeature.ACTSUM_09_VisaDebitSTP(&quot;Streamline and Visa Debit&quot;,&quot;Streamline intro,ASB Visa Debit Streamline Intro&quot;,&quot;Mr&quot;,&quot;RANDOM&quot;,&quot;&quot;,&quot;RANDOM&quot;,System.String[])" methodname="ACTSUM_09_VisaDebitSTP" classname="Join.Form.Customer.Selenium.Features._08_ActivateSummaryFeature" runstate="Runnable" seed="260463208" result="Failed" label="Error" start-time="2017-12-05 14:16:12Z" end-time="2017-12-05 14:18:55Z" duration="162.646925" asserts="11">
                    <properties />
                    <failure>
                      <message><![CDATA[System.Exception : Timeout error: Activation page is NOT displayed!]]></message>
                      <stack-trace><![CDATA[   at ASB.Test.Automation.Utils.Retry.Retry.Execute(Func`1 function, Int32 retryInterval, Int32 retryCount, String exceptionMessage)
   at Selenium.Steps.COB.ActivationSummary.ActivationSummarySteps.ThenTheActivationPageIsDisplayed()
   at TechTalk.SpecFlow.Bindings.BindingInvoker.InvokeBinding(IBinding binding, IContextManager contextManager, Object[] arguments, ITestTracer testTracer, TimeSpan& duration)
   at TechTalk.SpecFlow.Infrastructure.TestExecutionEngine.ExecuteStepMatch(BindingMatch match, Object[] arguments)
   at TechTalk.SpecFlow.Infrastructure.TestExecutionEngine.ExecuteStep(StepInstance stepInstance)
   at TechTalk.SpecFlow.Infrastructure.TestExecutionEngine.OnAfterLastStep()
   at Join.Form.Customer.Selenium.Features._08_ActivateSummaryFeature.ScenarioCleanup()
   at Join.Form.Customer.Selenium.Features._08_ActivateSummaryFeature.ACTSUM_09_VisaDebitSTP(String scenarioName, String products, String title, String firstname, String middlename, String lastname, String[] exampleTags)]]></stack-trace>
                    </failure>
                    <output><![CDATA[Given I start my Streamline application
Navigating to URL: https://webappisamdev.asbbank.co.nz/public/join/asb/?grcDisabled=true
-> done: CommonSteps.GivenIStartMyStreamlineApplication() (0.8s)
Given I select the following products: 'Streamline intro,ASB Visa Debit Streamline Intro'
12/6/2017 3:16:25 AMWaitForFeaturesPageLoad: Executing WaitForFrameAndSwitch
12/6/2017 3:16:25 AMWaitForFeaturesPageLoad: Done executing WaitForFrameAndSwitch
Unable to find product 'FastSaver' in page or product 'FastSaver' is not selected
Unable to find product 'Savings On Call' in page or product 'Savings On Call' is not selected
Unable to find product 'Savings On Call' in page or product 'Savings On Call' is not selected
Unable to find product 'FastSaver' in page or product 'FastSaver' is not selected
-> done: ProductsPageSteps.WhenIChangeMySelectedProductsTo("Streamline intro,...") (15.1s)
And I enter personal and login details Mr,RANDOM,,RANDOM,RANDOM,mark.masikip@asb.co.nz,021-RANDOM,New Zealand,Other,Kiwi77nz,verbal123,false
Given I enter mandatory Tax Information for NZ citizen and clicks on Next button
-> done: AdditionalPersonalDetailsSteps.GivenIEnterMandatoryTaxInformationForNZCitizen() (0.6s)
-> done: PersonalDetailsSteps.GivenIEnterPersonalAndLoginDetails("Mr", "RANDOM", "", "RANDOM", "RANDOM", "mark.masikip@asb....", "021-RANDOM", "New Zealand", "Other", "Kiwi77nz", "verbal123", "false") (27.2s)
When I confirm details on the Summary page
UniqueId: 
Title: Mr
FirstName: COB-VGbWN
MiddleName: 
LastName: COB-HKmCy
Email: mark.masikip@asb.co.nz
Gender: 
DateOfBirth: 4/19/1943 12:00:00 AM
DateCreated: 
LastReviewDate: 
Cals: 
IsIndividual: 
NzCitizen: 
NzResidence: 
HighValueCustomer: 
StaffMember: 
AmlVerified: 
VipCustomer: 
Addresses: System.Collections.Generic.List`1[ASB.Selenium.DataModel.Customer.Address]
AddressInformation: ASB.Selenium.DataModel.Customer.AddressInformation
CompanyName: 
CompanyType: 
CompanySubType: 
CustomerTypeCode: 
IrdNumber: 
TaxClass: 
TaxClassDate: 
IsNzTaxResident: True
NonResidentCountryCode: 
IsForeignTaxResident: False
ForeignTaxResidencyStatus: 
IsProfileEnhanced: 
Phones: System.Collections.Generic.List`1[ASB.Selenium.DataModel.Customer.Phone]
NextOfKin: 
EmploymentDetails: 
LinkedCustomers: 
AccountRelationships: 
IdType: 
Fatca: ASB.Selenium.DataModel.Customer.Fatca
CitizenshipCountryCodes: 
CitizenshipCountryNames: System.Collections.Generic.List`1[System.String]
ForeignTaxResidenceTypes: System.Collections.Generic.List`1[ASB.Selenium.DataModel.Customer.ForeignTaxResidenceTypes]
OnboardingDetail: ASB.Selenium.DataModel.Customer.OnboardingDetail
AddressVerificationStatus: 
IdVerificationStatus: 
PreferredIdType: Other
IsProfileComplete: True
DaysRemaining: 0
OnboardingStatus: 
NewAccounts: System.Collections.Generic.List`1[ASB.Selenium.DataModel.Customer.Accounts]
FailedAccounts: System.Collections.Generic.List`1[ASB.Selenium.DataModel.Customer.Accounts]
OnboardingSource: JoinASB
CustomerCreated: 
LoginCreated: 
RegisteredForNetcode: 
AccountsCreated: 
CustomerAccessToken: 
VerificationPassword: verbal123
LoginDetail: ASB.Selenium.DataModel.Customer.Login
CustomerType: 
Cif: 
Username: ccob99452
UsernameApi: 
Password: Kiwi77nz
PublicKey: 
AcceptedTermsAndConditions: 
BackgroundCheckConsent: 
PreferredIdType: 
-> done: SummaryPageSteps.WhenIConfirmDetailsOnTheSummaryPage() (3.1s)
Then the Logging you in progress page is displayed
-> done: ConfirmationPageSteps.ThenTheLoggingYouInProgressPageIsDisplayed() (18.8s)
And the Activation page is displayed
12/6/2017 3:17:21 AMThenTheActivationPageIsDisplayed: IsActivationPageDisplayed STARTED
12/6/2017 3:17:51 AMThenTheActivationPageIsDisplayed: IsActivationPageDisplayed DONE
12/6/2017 3:17:51 AMThenTheActivationPageIsDisplayed: IsSectionDisplayed STARTED
12/6/2017 3:18:22 AMThenTheActivationPageIsDisplayed: IsSectionDisplayed DONE
-> error: Timeout error: Activation page is NOT displayed!
And the account number and product name is displayed for the selected products
-> skipped because of previous errors
]]></output>
                  </test-case>
                  <test-case id="0-1079" name="ACTSUM_09_VisaDebitSTP(&quot;All products&quot;,&quot;Streamline intro,ASB Visa Debit Streamline Intro,Savings On Call,FastSaver&quot;,&quot;Ms&quot;,&quot;RANDOM&quot;,&quot;RANDOM&quot;,&quot;RANDOM&quot;,System.String[])" fullname="Join.Form.Customer.Selenium.Features._08_ActivateSummaryFeature.ACTSUM_09_VisaDebitSTP(&quot;All products&quot;,&quot;Streamline intro,ASB Visa Debit Streamline Intro,Savings On Call,FastSaver&quot;,&quot;Ms&quot;,&quot;RANDOM&quot;,&quot;RANDOM&quot;,&quot;RANDOM&quot;,System.String[])" methodname="ACTSUM_09_VisaDebitSTP" classname="Join.Form.Customer.Selenium.Features._08_ActivateSummaryFeature" runstate="Runnable" seed="223555237" result="Failed" label="Error" start-time="2017-12-05 14:18:55Z" end-time="2017-12-05 14:21:36Z" duration="161.178431" asserts="11">
                    <properties />
                    <failure>
                      <message><![CDATA[System.Exception : Timeout error: Activation page is NOT displayed!]]></message>
                      <stack-trace><![CDATA[   at ASB.Test.Automation.Utils.Retry.Retry.Execute(Func`1 function, Int32 retryInterval, Int32 retryCount, String exceptionMessage)
   at Selenium.Steps.COB.ActivationSummary.ActivationSummarySteps.ThenTheActivationPageIsDisplayed()
   at TechTalk.SpecFlow.Bindings.BindingInvoker.InvokeBinding(IBinding binding, IContextManager contextManager, Object[] arguments, ITestTracer testTracer, TimeSpan& duration)
   at TechTalk.SpecFlow.Infrastructure.TestExecutionEngine.ExecuteStepMatch(BindingMatch match, Object[] arguments)
   at TechTalk.SpecFlow.Infrastructure.TestExecutionEngine.ExecuteStep(StepInstance stepInstance)
   at TechTalk.SpecFlow.Infrastructure.TestExecutionEngine.OnAfterLastStep()
   at Join.Form.Customer.Selenium.Features._08_ActivateSummaryFeature.ScenarioCleanup()
   at Join.Form.Customer.Selenium.Features._08_ActivateSummaryFeature.ACTSUM_09_VisaDebitSTP(String scenarioName, String products, String title, String firstname, String middlename, String lastname, String[] exampleTags)]]></stack-trace>
                    </failure>
                    <output><![CDATA[Given I start my Streamline application
Navigating to URL: https://webappisamdev.asbbank.co.nz/public/join/asb/?grcDisabled=true
-> done: CommonSteps.GivenIStartMyStreamlineApplication() (0.7s)
Given I select the following products: 'Streamline intro,ASB Visa Debit Streamline Intro,Savings On Call,FastSaver'
12/6/2017 3:19:06 AMWaitForFeaturesPageLoad: Executing WaitForFrameAndSwitch
12/6/2017 3:19:07 AMWaitForFeaturesPageLoad: Done executing WaitForFrameAndSwitch
Unable to find product 'Savings On Call' in page or product 'Savings On Call' is not selected
Unable to find product 'FastSaver' in page or product 'FastSaver' is not selected
-> done: ProductsPageSteps.WhenIChangeMySelectedProductsTo("Streamline intro,...") (19.5s)
And I enter personal and login details Ms,RANDOM,RANDOM,RANDOM,RANDOM,mark.masikip@asb.co.nz,021-RANDOM,New Zealand,Other,Kiwi77nz,verbal123,false
Given I enter mandatory Tax Information for NZ citizen and clicks on Next button
-> done: AdditionalPersonalDetailsSteps.GivenIEnterMandatoryTaxInformationForNZCitizen() (0.5s)
-> done: PersonalDetailsSteps.GivenIEnterPersonalAndLoginDetails("Ms", "RANDOM", "RANDOM", "RANDOM", "RANDOM", "mark.masikip@asb....", "021-RANDOM", "New Zealand", "Other", "Kiwi77nz", "verbal123", "false") (23.3s)
When I confirm details on the Summary page
UniqueId: 
Title: Ms
FirstName: COB-euavM
MiddleName: COB-siPoS
LastName: COB-ztvvT
Email: mark.masikip@asb.co.nz
Gender: 
DateOfBirth: 8/25/1972 12:00:00 AM
DateCreated: 
LastReviewDate: 
Cals: 
IsIndividual: 
NzCitizen: 
NzResidence: 
HighValueCustomer: 
StaffMember: 
AmlVerified: 
VipCustomer: 
Addresses: System.Collections.Generic.List`1[ASB.Selenium.DataModel.Customer.Address]
AddressInformation: ASB.Selenium.DataModel.Customer.AddressInformation
CompanyName: 
CompanyType: 
CompanySubType: 
CustomerTypeCode: 
IrdNumber: 
TaxClass: 
TaxClassDate: 
IsNzTaxResident: True
NonResidentCountryCode: 
IsForeignTaxResident: False
ForeignTaxResidencyStatus: 
IsProfileEnhanced: 
Phones: System.Collections.Generic.List`1[ASB.Selenium.DataModel.Customer.Phone]
NextOfKin: 
EmploymentDetails: 
LinkedCustomers: 
AccountRelationships: 
IdType: 
Fatca: ASB.Selenium.DataModel.Customer.Fatca
CitizenshipCountryCodes: 
CitizenshipCountryNames: System.Collections.Generic.List`1[System.String]
ForeignTaxResidenceTypes: System.Collections.Generic.List`1[ASB.Selenium.DataModel.Customer.ForeignTaxResidenceTypes]
OnboardingDetail: ASB.Selenium.DataModel.Customer.OnboardingDetail
AddressVerificationStatus: 
IdVerificationStatus: 
PreferredIdType: Other
IsProfileComplete: True
DaysRemaining: 0
OnboardingStatus: 
NewAccounts: System.Collections.Generic.List`1[ASB.Selenium.DataModel.Customer.Accounts]
FailedAccounts: System.Collections.Generic.List`1[ASB.Selenium.DataModel.Customer.Accounts]
OnboardingSource: JoinASB
CustomerCreated: 
LoginCreated: 
RegisteredForNetcode: 
AccountsCreated: 
CustomerAccessToken: 
VerificationPassword: verbal123
LoginDetail: ASB.Selenium.DataModel.Customer.Login
CustomerType: 
Cif: 
Username: ccob71355
UsernameApi: 
Password: Kiwi77nz
PublicKey: 
AcceptedTermsAndConditions: 
BackgroundCheckConsent: 
PreferredIdType: 
-> done: SummaryPageSteps.WhenIConfirmDetailsOnTheSummaryPage() (3.1s)
Then the Logging you in progress page is displayed
-> done: ConfirmationPageSteps.ThenTheLoggingYouInProgressPageIsDisplayed() (18.3s)
And the Activation page is displayed
12/6/2017 3:20:02 AMThenTheActivationPageIsDisplayed: IsActivationPageDisplayed STARTED
12/6/2017 3:20:33 AMThenTheActivationPageIsDisplayed: IsActivationPageDisplayed DONE
12/6/2017 3:20:33 AMThenTheActivationPageIsDisplayed: IsSectionDisplayed STARTED
12/6/2017 3:21:03 AMThenTheActivationPageIsDisplayed: IsSectionDisplayed DONE
-> error: Timeout error: Activation page is NOT displayed!
And the account number and product name is displayed for the selected products
-> skipped because of previous errors
]]></output>
                  </test-case>
                  <test-case id="0-1080" name="ACTSUM_09_VisaDebitSTP(&quot;No FastSaver - Mx Male&quot;,&quot;Streamline intro,ASB Visa Debit Streamline Intro,Savings On Call&quot;,&quot;RANDOM&quot;,&quot;RANDOM&quot;,&quot;RANDOM&quot;,&quot;RANDOM&quot;,System.String[])" fullname="Join.Form.Customer.Selenium.Features._08_ActivateSummaryFeature.ACTSUM_09_VisaDebitSTP(&quot;No FastSaver - Mx Male&quot;,&quot;Streamline intro,ASB Visa Debit Streamline Intro,Savings On Call&quot;,&quot;RANDOM&quot;,&quot;RANDOM&quot;,&quot;RANDOM&quot;,&quot;RANDOM&quot;,System.String[])" methodname="ACTSUM_09_VisaDebitSTP" classname="Join.Form.Customer.Selenium.Features._08_ActivateSummaryFeature" runstate="Runnable" seed="968347859" result="Failed" label="Error" start-time="2017-12-05 14:21:36Z" end-time="2017-12-05 14:24:29Z" duration="172.725685" asserts="11">
                    <properties />
                    <failure>
                      <message><![CDATA[System.Exception : Timeout error: Activation page is NOT displayed!]]></message>
                      <stack-trace><![CDATA[   at ASB.Test.Automation.Utils.Retry.Retry.Execute(Func`1 function, Int32 retryInterval, Int32 retryCount, String exceptionMessage)
   at Selenium.Steps.COB.ActivationSummary.ActivationSummarySteps.ThenTheActivationPageIsDisplayed()
   at TechTalk.SpecFlow.Bindings.BindingInvoker.InvokeBinding(IBinding binding, IContextManager contextManager, Object[] arguments, ITestTracer testTracer, TimeSpan& duration)
   at TechTalk.SpecFlow.Infrastructure.TestExecutionEngine.ExecuteStepMatch(BindingMatch match, Object[] arguments)
   at TechTalk.SpecFlow.Infrastructure.TestExecutionEngine.ExecuteStep(StepInstance stepInstance)
   at TechTalk.SpecFlow.Infrastructure.TestExecutionEngine.OnAfterLastStep()
   at Join.Form.Customer.Selenium.Features._08_ActivateSummaryFeature.ScenarioCleanup()
   at Join.Form.Customer.Selenium.Features._08_ActivateSummaryFeature.ACTSUM_09_VisaDebitSTP(String scenarioName, String products, String title, String firstname, String middlename, String lastname, String[] exampleTags)]]></stack-trace>
                    </failure>
                    <output><![CDATA[Given I start my Streamline application
Navigating to URL: https://webappisamdev.asbbank.co.nz/public/join/asb/?grcDisabled=true
-> done: CommonSteps.GivenIStartMyStreamlineApplication() (1.1s)
Given I select the following products: 'Streamline intro,ASB Visa Debit Streamline Intro,Savings On Call'
12/6/2017 3:21:48 AMWaitForFeaturesPageLoad: Executing WaitForFrameAndSwitch
12/6/2017 3:21:48 AMWaitForFeaturesPageLoad: Done executing WaitForFrameAndSwitch
Unable to find product 'Savings On Call' in page or product 'Savings On Call' is not selected
Unable to find product 'FastSaver' in page or product 'FastSaver' is not selected
Unable to find product 'FastSaver' in page or product 'FastSaver' is not selected
-> done: ProductsPageSteps.WhenIChangeMySelectedProductsTo("Streamline intro,...") (17.2s)
And I enter personal and login details RANDOM,RANDOM,RANDOM,RANDOM,RANDOM,mark.masikip@asb.co.nz,021-RANDOM,New Zealand,Other,Kiwi77nz,verbal123,false
Given I enter mandatory Tax Information for NZ citizen and clicks on Next button
-> done: AdditionalPersonalDetailsSteps.GivenIEnterMandatoryTaxInformationForNZCitizen() (1.1s)
-> done: PersonalDetailsSteps.GivenIEnterPersonalAndLoginDetails("RANDOM", "RANDOM", "RANDOM", "RANDOM", "RANDOM", "mark.masikip@asb....", "021-RANDOM", "New Zealand", "Other", "Kiwi77nz", "verbal123", "false") (34.8s)
When I confirm details on the Summary page
UniqueId: 
Title: Mx
FirstName: COB-ixdqs
MiddleName: COB-IxSxs
LastName: COB-puIph
Email: mark.masikip@asb.co.nz
Gender: 
DateOfBirth: 4/7/1970 12:00:00 AM
DateCreated: 
LastReviewDate: 
Cals: 
IsIndividual: 
NzCitizen: 
NzResidence: 
HighValueCustomer: 
StaffMember: 
AmlVerified: 
VipCustomer: 
Addresses: System.Collections.Generic.List`1[ASB.Selenium.DataModel.Customer.Address]
AddressInformation: ASB.Selenium.DataModel.Customer.AddressInformation
CompanyName: 
CompanyType: 
CompanySubType: 
CustomerTypeCode: 
IrdNumber: 
TaxClass: 
TaxClassDate: 
IsNzTaxResident: True
NonResidentCountryCode: 
IsForeignTaxResident: False
ForeignTaxResidencyStatus: 
IsProfileEnhanced: 
Phones: System.Collections.Generic.List`1[ASB.Selenium.DataModel.Customer.Phone]
NextOfKin: 
EmploymentDetails: 
LinkedCustomers: 
AccountRelationships: 
IdType: 
Fatca: ASB.Selenium.DataModel.Customer.Fatca
CitizenshipCountryCodes: 
CitizenshipCountryNames: System.Collections.Generic.List`1[System.String]
ForeignTaxResidenceTypes: System.Collections.Generic.List`1[ASB.Selenium.DataModel.Customer.ForeignTaxResidenceTypes]
OnboardingDetail: ASB.Selenium.DataModel.Customer.OnboardingDetail
AddressVerificationStatus: 
IdVerificationStatus: 
PreferredIdType: Other
IsProfileComplete: True
DaysRemaining: 0
OnboardingStatus: 
NewAccounts: System.Collections.Generic.List`1[ASB.Selenium.DataModel.Customer.Accounts]
FailedAccounts: System.Collections.Generic.List`1[ASB.Selenium.DataModel.Customer.Accounts]
OnboardingSource: JoinASB
CustomerCreated: 
LoginCreated: 
RegisteredForNetcode: 
AccountsCreated: 
CustomerAccessToken: 
VerificationPassword: verbal123
LoginDetail: ASB.Selenium.DataModel.Customer.Login
CustomerType: 
Cif: 
Username: ccob47927
UsernameApi: 
Password: Kiwi77nz
PublicKey: 
AcceptedTermsAndConditions: 
BackgroundCheckConsent: 
PreferredIdType: 
-> done: SummaryPageSteps.WhenIConfirmDetailsOnTheSummaryPage() (3.1s)
Then the Logging you in progress page is displayed
-> done: ConfirmationPageSteps.ThenTheLoggingYouInProgressPageIsDisplayed() (20.5s)
And the Activation page is displayed
12/6/2017 3:22:54 AMThenTheActivationPageIsDisplayed: IsActivationPageDisplayed STARTED
12/6/2017 3:23:25 AMThenTheActivationPageIsDisplayed: IsActivationPageDisplayed DONE
12/6/2017 3:23:25 AMThenTheActivationPageIsDisplayed: IsSectionDisplayed STARTED
12/6/2017 3:23:55 AMThenTheActivationPageIsDisplayed: IsSectionDisplayed DONE
-> error: Timeout error: Activation page is NOT displayed!
And the account number and product name is displayed for the selected products
-> skipped because of previous errors
]]></output>
                  </test-case>
                  <test-case id="0-1081" name="ACTSUM_09_VisaDebitSTP(&quot;All products - Mx Female&quot;,&quot;Streamline intro,ASB Visa Debit Streamline Intro,Savings On Call,FastSaver&quot;,&quot;RANDOM&quot;,&quot;RANDOM&quot;,&quot;RANDOM&quot;,&quot;RANDOM&quot;,System.String[])" fullname="Join.Form.Customer.Selenium.Features._08_ActivateSummaryFeature.ACTSUM_09_VisaDebitSTP(&quot;All products - Mx Female&quot;,&quot;Streamline intro,ASB Visa Debit Streamline Intro,Savings On Call,FastSaver&quot;,&quot;RANDOM&quot;,&quot;RANDOM&quot;,&quot;RANDOM&quot;,&quot;RANDOM&quot;,System.String[])" methodname="ACTSUM_09_VisaDebitSTP" classname="Join.Form.Customer.Selenium.Features._08_ActivateSummaryFeature" runstate="Runnable" seed="1045986581" result="Failed" label="Error" start-time="2017-12-05 14:24:29Z" end-time="2017-12-05 14:27:23Z" duration="174.309510" asserts="11">
                    <properties />
                    <failure>
                      <message><![CDATA[System.Exception : Timeout error: Activation page is NOT displayed!]]></message>
                      <stack-trace><![CDATA[   at ASB.Test.Automation.Utils.Retry.Retry.Execute(Func`1 function, Int32 retryInterval, Int32 retryCount, String exceptionMessage)
   at Selenium.Steps.COB.ActivationSummary.ActivationSummarySteps.ThenTheActivationPageIsDisplayed()
   at TechTalk.SpecFlow.Bindings.BindingInvoker.InvokeBinding(IBinding binding, IContextManager contextManager, Object[] arguments, ITestTracer testTracer, TimeSpan& duration)
   at TechTalk.SpecFlow.Infrastructure.TestExecutionEngine.ExecuteStepMatch(BindingMatch match, Object[] arguments)
   at TechTalk.SpecFlow.Infrastructure.TestExecutionEngine.ExecuteStep(StepInstance stepInstance)
   at TechTalk.SpecFlow.Infrastructure.TestExecutionEngine.OnAfterLastStep()
   at Join.Form.Customer.Selenium.Features._08_ActivateSummaryFeature.ScenarioCleanup()
   at Join.Form.Customer.Selenium.Features._08_ActivateSummaryFeature.ACTSUM_09_VisaDebitSTP(String scenarioName, String products, String title, String firstname, String middlename, String lastname, String[] exampleTags)]]></stack-trace>
                    </failure>
                    <output><![CDATA[Given I start my Streamline application
Navigating to URL: https://webappisamdev.asbbank.co.nz/public/join/asb/?grcDisabled=true
-> done: CommonSteps.GivenIStartMyStreamlineApplication() (0.8s)
Given I select the following products: 'Streamline intro,ASB Visa Debit Streamline Intro,Savings On Call,FastSaver'
12/6/2017 3:24:40 AMWaitForFeaturesPageLoad: Executing WaitForFrameAndSwitch
12/6/2017 3:24:41 AMWaitForFeaturesPageLoad: Done executing WaitForFrameAndSwitch
Unable to find product 'Savings On Call' in page or product 'Savings On Call' is not selected
Unable to find product 'FastSaver' in page or product 'FastSaver' is not selected
-> done: ProductsPageSteps.WhenIChangeMySelectedProductsTo("Streamline intro,...") (19.6s)
And I enter personal and login details RANDOM,RANDOM,RANDOM,RANDOM,RANDOM,mark.masikip@asb.co.nz,021-RANDOM,New Zealand,Other,Kiwi77nz,verbal123,false
Given I enter mandatory Tax Information for NZ citizen and clicks on Next button
-> done: AdditionalPersonalDetailsSteps.GivenIEnterMandatoryTaxInformationForNZCitizen() (0.6s)
-> done: PersonalDetailsSteps.GivenIEnterPersonalAndLoginDetails("RANDOM", "RANDOM", "RANDOM", "RANDOM", "RANDOM", "mark.masikip@asb....", "021-RANDOM", "New Zealand", "Other", "Kiwi77nz", "verbal123", "false") (36.9s)
When I confirm details on the Summary page
UniqueId: 
Title: Mx
FirstName: COB-giOUW
MiddleName: COB-IlxwI
LastName: COB-nsMpn
Email: mark.masikip@asb.co.nz
Gender: 
DateOfBirth: 3/11/1923 12:00:00 AM
DateCreated: 
LastReviewDate: 
Cals: 
IsIndividual: 
NzCitizen: 
NzResidence: 
HighValueCustomer: 
StaffMember: 
AmlVerified: 
VipCustomer: 
Addresses: System.Collections.Generic.List`1[ASB.Selenium.DataModel.Customer.Address]
AddressInformation: ASB.Selenium.DataModel.Customer.AddressInformation
CompanyName: 
CompanyType: 
CompanySubType: 
CustomerTypeCode: 
IrdNumber: 
TaxClass: 
TaxClassDate: 
IsNzTaxResident: True
NonResidentCountryCode: 
IsForeignTaxResident: False
ForeignTaxResidencyStatus: 
IsProfileEnhanced: 
Phones: System.Collections.Generic.List`1[ASB.Selenium.DataModel.Customer.Phone]
NextOfKin: 
EmploymentDetails: 
LinkedCustomers: 
AccountRelationships: 
IdType: 
Fatca: ASB.Selenium.DataModel.Customer.Fatca
CitizenshipCountryCodes: 
CitizenshipCountryNames: System.Collections.Generic.List`1[System.String]
ForeignTaxResidenceTypes: System.Collections.Generic.List`1[ASB.Selenium.DataModel.Customer.ForeignTaxResidenceTypes]
OnboardingDetail: ASB.Selenium.DataModel.Customer.OnboardingDetail
AddressVerificationStatus: 
IdVerificationStatus: 
PreferredIdType: Other
IsProfileComplete: True
DaysRemaining: 0
OnboardingStatus: 
NewAccounts: System.Collections.Generic.List`1[ASB.Selenium.DataModel.Customer.Accounts]
FailedAccounts: System.Collections.Generic.List`1[ASB.Selenium.DataModel.Customer.Accounts]
OnboardingSource: JoinASB
CustomerCreated: 
LoginCreated: 
RegisteredForNetcode: 
AccountsCreated: 
CustomerAccessToken: 
VerificationPassword: verbal123
LoginDetail: ASB.Selenium.DataModel.Customer.Login
CustomerType: 
Cif: 
Username: ccob95344
UsernameApi: 
Password: Kiwi77nz
PublicKey: 
AcceptedTermsAndConditions: 
BackgroundCheckConsent: 
PreferredIdType: 
-> done: SummaryPageSteps.WhenIConfirmDetailsOnTheSummaryPage() (2.9s)
Then the Logging you in progress page is displayed
-> done: ConfirmationPageSteps.ThenTheLoggingYouInProgressPageIsDisplayed() (18.2s)
And the Activation page is displayed
12/6/2017 3:25:49 AMThenTheActivationPageIsDisplayed: IsActivationPageDisplayed STARTED
12/6/2017 3:26:19 AMThenTheActivationPageIsDisplayed: IsActivationPageDisplayed DONE
12/6/2017 3:26:19 AMThenTheActivationPageIsDisplayed: IsSectionDisplayed STARTED
12/6/2017 3:26:50 AMThenTheActivationPageIsDisplayed: IsSectionDisplayed DONE
-> error: Timeout error: Activation page is NOT displayed!
And the account number and product name is displayed for the selected products
-> skipped because of previous errors
]]></output>
                  </test-case>
                </test-suite>
                <test-suite type="ParameterizedMethod" id="0-1091" name="ACTSUM_10_VisaDebitSTPProfanityCheck" fullname="Join.Form.Customer.Selenium.Features._08_ActivateSummaryFeature.ACTSUM_10_VisaDebitSTPProfanityCheck" classname="Join.Form.Customer.Selenium.Features._08_ActivateSummaryFeature" runstate="Runnable" testcasecount="8" result="Failed" site="Child" start-time="2017-12-05 14:27:23Z" end-time="2017-12-05 14:47:35Z" duration="1211.449401" total="8" passed="0" failed="8" warnings="0" inconclusive="0" skipped="0" asserts="96">
                  <properties>
                    <property name="Description" value="ACTSUM_10 - Visa Debit STP Profanity Check" />
                    <property name="Category" value="COB" />
                    <property name="Category" value="activatesummary" />
                    <property name="Category" value="regression" />
                    <property name="Category" value="offline" />
                    <property name="Category" value="integration" />
                    <property name="Category" value="072016" />
                    <property name="Category" value="112017" />
                  </properties>
                  <failure>
                    <message><![CDATA[One or more child tests had errors]]></message>
                  </failure>
                  <test-case id="0-1083" name="ACTSUM_10_VisaDebitSTPProfanityCheck(&quot;Firstname Only&quot;,&quot;RANDOM&quot;,&quot;Sam&quot;,&quot;RANDOM&quot;,&quot;verbal123&quot;,&quot;true&quot;,System.String[])" fullname="Join.Form.Customer.Selenium.Features._08_ActivateSummaryFeature.ACTSUM_10_VisaDebitSTPProfanityCheck(&quot;Firstname Only&quot;,&quot;RANDOM&quot;,&quot;Sam&quot;,&quot;RANDOM&quot;,&quot;verbal123&quot;,&quot;true&quot;,System.String[])" methodname="ACTSUM_10_VisaDebitSTPProfanityCheck" classname="Join.Form.Customer.Selenium.Features._08_ActivateSummaryFeature" runstate="Runnable" seed="1184834560" result="Failed" label="Error" start-time="2017-12-05 14:27:23Z" end-time="2017-12-05 14:29:53Z" duration="149.575946" asserts="12">
                    <properties />
                    <failure>
                      <message><![CDATA[System.Exception : Timeout error: Activation page is NOT displayed!]]></message>
                      <stack-trace><![CDATA[   at ASB.Test.Automation.Utils.Retry.Retry.Execute(Func`1 function, Int32 retryInterval, Int32 retryCount, String exceptionMessage)
   at Selenium.Steps.COB.ActivationSummary.ActivationSummarySteps.ThenTheActivationPageIsDisplayed()
   at TechTalk.SpecFlow.Bindings.BindingInvoker.InvokeBinding(IBinding binding, IContextManager contextManager, Object[] arguments, ITestTracer testTracer, TimeSpan& duration)
   at TechTalk.SpecFlow.Infrastructure.TestExecutionEngine.ExecuteStepMatch(BindingMatch match, Object[] arguments)
   at TechTalk.SpecFlow.Infrastructure.TestExecutionEngine.ExecuteStep(StepInstance stepInstance)
   at TechTalk.SpecFlow.Infrastructure.TestExecutionEngine.OnAfterLastStep()
   at Join.Form.Customer.Selenium.Features._08_ActivateSummaryFeature.ScenarioCleanup()
   at Join.Form.Customer.Selenium.Features._08_ActivateSummaryFeature.ACTSUM_10_VisaDebitSTPProfanityCheck(String scenarioName, String firstname, String middlename, String lastname, String verbalPassword, String profanityFlag, String[] exampleTags)]]></stack-trace>
                    </failure>
                    <output><![CDATA[Given I start my Streamline application
Navigating to URL: https://webappisamdev.asbbank.co.nz/public/join/asb/?grcDisabled=true
-> done: CommonSteps.GivenIStartMyStreamlineApplication() (0.6s)
Given I am in the Personal Details page
12/6/2017 3:27:35 AMWaitForFeaturesPageLoad: Executing WaitForFrameAndSwitch
12/6/2017 3:27:35 AMWaitForFeaturesPageLoad: Done executing WaitForFrameAndSwitch
Unable to find product 'Savings On Call' in page or product 'Savings On Call' is not selected
Unable to find product 'FastSaver' in page or product 'FastSaver' is not selected
-> done: PersonalDetailsSteps.GivenIAmInThePersonalDetailsPage() (13.0s)
And I enter personal and login details Mr,RANDOM,Sam,RANDOM,RANDOM,mark.masikip@asb.co.nz,021-RANDOM,New Zealand,Other,Kiwi77nz,verbal123,true
Given I enter mandatory Tax Information for NZ citizen and clicks on Next button
-> done: AdditionalPersonalDetailsSteps.GivenIEnterMandatoryTaxInformationForNZCitizen() (0.6s)
-> done: PersonalDetailsSteps.GivenIEnterPersonalAndLoginDetails("Mr", "RANDOM", "Sam", "RANDOM", "RANDOM", "mark.masikip@asb....", "021-RANDOM", "New Zealand", "Other", "Kiwi77nz", "verbal123", "true") (20.6s)
When I confirm details on the Summary page
UniqueId: 
Title: Mr
FirstName: RANDOM
MiddleName: Sam
LastName: RANDOM
Email: mark.masikip@asb.co.nz
Gender: 
DateOfBirth: 5/20/1973 12:00:00 AM
DateCreated: 
LastReviewDate: 
Cals: 
IsIndividual: 
NzCitizen: 
NzResidence: 
HighValueCustomer: 
StaffMember: 
AmlVerified: 
VipCustomer: 
Addresses: System.Collections.Generic.List`1[ASB.Selenium.DataModel.Customer.Address]
AddressInformation: ASB.Selenium.DataModel.Customer.AddressInformation
CompanyName: 
CompanyType: 
CompanySubType: 
CustomerTypeCode: 
IrdNumber: 
TaxClass: 
TaxClassDate: 
IsNzTaxResident: True
NonResidentCountryCode: 
IsForeignTaxResident: False
ForeignTaxResidencyStatus: 
IsProfileEnhanced: 
Phones: System.Collections.Generic.List`1[ASB.Selenium.DataModel.Customer.Phone]
NextOfKin: 
EmploymentDetails: 
LinkedCustomers: 
AccountRelationships: 
IdType: 
Fatca: ASB.Selenium.DataModel.Customer.Fatca
CitizenshipCountryCodes: 
CitizenshipCountryNames: System.Collections.Generic.List`1[System.String]
ForeignTaxResidenceTypes: System.Collections.Generic.List`1[ASB.Selenium.DataModel.Customer.ForeignTaxResidenceTypes]
OnboardingDetail: ASB.Selenium.DataModel.Customer.OnboardingDetail
AddressVerificationStatus: 
IdVerificationStatus: 
PreferredIdType: Other
IsProfileComplete: True
DaysRemaining: 0
OnboardingStatus: 
NewAccounts: System.Collections.Generic.List`1[ASB.Selenium.DataModel.Customer.Accounts]
FailedAccounts: System.Collections.Generic.List`1[ASB.Selenium.DataModel.Customer.Accounts]
OnboardingSource: JoinASB
CustomerCreated: 
LoginCreated: 
RegisteredForNetcode: 
AccountsCreated: 
CustomerAccessToken: 
VerificationPassword: verbal123
LoginDetail: ASB.Selenium.DataModel.Customer.Login
CustomerType: 
Cif: 
Username: fwin58483
UsernameApi: 
Password: Kiwi77nz
PublicKey: 
AcceptedTermsAndConditions: 
BackgroundCheckConsent: 
PreferredIdType: 
-> done: SummaryPageSteps.WhenIConfirmDetailsOnTheSummaryPage() (2.9s)
Then the Logging you in progress page is displayed
-> done: ConfirmationPageSteps.ThenTheLoggingYouInProgressPageIsDisplayed() (16.6s)
And the Activation page is displayed
12/6/2017 3:28:19 AMThenTheActivationPageIsDisplayed: IsActivationPageDisplayed STARTED
12/6/2017 3:28:49 AMThenTheActivationPageIsDisplayed: IsActivationPageDisplayed DONE
12/6/2017 3:28:49 AMThenTheActivationPageIsDisplayed: IsSectionDisplayed STARTED
12/6/2017 3:29:20 AMThenTheActivationPageIsDisplayed: IsSectionDisplayed DONE
-> error: Timeout error: Activation page is NOT displayed!
And the account number and product name is displayed for the selected products
-> skipped because of previous errors
]]></output>
                  </test-case>
                  <test-case id="0-1084" name="ACTSUM_10_VisaDebitSTPProfanityCheck(&quot;Middlename Only&quot;,&quot;RANDOM&quot;,&quot;RANDOM&quot;,&quot;Wolf&quot;,&quot;verbal123&quot;,&quot;true&quot;,System.String[])" fullname="Join.Form.Customer.Selenium.Features._08_ActivateSummaryFeature.ACTSUM_10_VisaDebitSTPProfanityCheck(&quot;Middlename Only&quot;,&quot;RANDOM&quot;,&quot;RANDOM&quot;,&quot;Wolf&quot;,&quot;verbal123&quot;,&quot;true&quot;,System.String[])" methodname="ACTSUM_10_VisaDebitSTPProfanityCheck" classname="Join.Form.Customer.Selenium.Features._08_ActivateSummaryFeature" runstate="Runnable" seed="606268496" result="Failed" label="Error" start-time="2017-12-05 14:29:53Z" end-time="2017-12-05 14:32:23Z" duration="150.707723" asserts="12">
                    <properties />
                    <failure>
                      <message><![CDATA[System.Exception : Timeout error: Activation page is NOT displayed!]]></message>
                      <stack-trace><![CDATA[   at ASB.Test.Automation.Utils.Retry.Retry.Execute(Func`1 function, Int32 retryInterval, Int32 retryCount, String exceptionMessage)
   at Selenium.Steps.COB.ActivationSummary.ActivationSummarySteps.ThenTheActivationPageIsDisplayed()
   at TechTalk.SpecFlow.Bindings.BindingInvoker.InvokeBinding(IBinding binding, IContextManager contextManager, Object[] arguments, ITestTracer testTracer, TimeSpan& duration)
   at TechTalk.SpecFlow.Infrastructure.TestExecutionEngine.ExecuteStepMatch(BindingMatch match, Object[] arguments)
   at TechTalk.SpecFlow.Infrastructure.TestExecutionEngine.ExecuteStep(StepInstance stepInstance)
   at TechTalk.SpecFlow.Infrastructure.TestExecutionEngine.OnAfterLastStep()
   at Join.Form.Customer.Selenium.Features._08_ActivateSummaryFeature.ScenarioCleanup()
   at Join.Form.Customer.Selenium.Features._08_ActivateSummaryFeature.ACTSUM_10_VisaDebitSTPProfanityCheck(String scenarioName, String firstname, String middlename, String lastname, String verbalPassword, String profanityFlag, String[] exampleTags)]]></stack-trace>
                    </failure>
                    <output><![CDATA[Given I start my Streamline application
Navigating to URL: https://webappisamdev.asbbank.co.nz/public/join/asb/?grcDisabled=true
-> done: CommonSteps.GivenIStartMyStreamlineApplication() (0.7s)
Given I am in the Personal Details page
12/6/2017 3:30:04 AMWaitForFeaturesPageLoad: Executing WaitForFrameAndSwitch
12/6/2017 3:30:04 AMWaitForFeaturesPageLoad: Done executing WaitForFrameAndSwitch
Unable to find product 'Savings On Call' in page or product 'Savings On Call' is not selected
Unable to find product 'FastSaver' in page or product 'FastSaver' is not selected
-> done: PersonalDetailsSteps.GivenIAmInThePersonalDetailsPage() (13.0s)
And I enter personal and login details Mr,RANDOM,RANDOM,Wolf,RANDOM,mark.masikip@asb.co.nz,021-RANDOM,New Zealand,Other,Kiwi77nz,verbal123,true
Given I enter mandatory Tax Information for NZ citizen and clicks on Next button
-> done: AdditionalPersonalDetailsSteps.GivenIEnterMandatoryTaxInformationForNZCitizen() (0.8s)
-> done: PersonalDetailsSteps.GivenIEnterPersonalAndLoginDetails("Mr", "RANDOM", "RANDOM", "Wolf", "RANDOM", "mark.masikip@asb....", "021-RANDOM", "New Zealand", "Other", "Kiwi77nz", "verbal123", "true") (22.5s)
When I confirm details on the Summary page
UniqueId: 
Title: Mr
FirstName: RANDOM
MiddleName: RANDOM
LastName: Wolf
Email: mark.masikip@asb.co.nz
Gender: 
DateOfBirth: 7/27/1942 12:00:00 AM
DateCreated: 
LastReviewDate: 
Cals: 
IsIndividual: 
NzCitizen: 
NzResidence: 
HighValueCustomer: 
StaffMember: 
AmlVerified: 
VipCustomer: 
Addresses: System.Collections.Generic.List`1[ASB.Selenium.DataModel.Customer.Address]
AddressInformation: ASB.Selenium.DataModel.Customer.AddressInformation
CompanyName: 
CompanyType: 
CompanySubType: 
CustomerTypeCode: 
IrdNumber: 
TaxClass: 
TaxClassDate: 
IsNzTaxResident: True
NonResidentCountryCode: 
IsForeignTaxResident: False
ForeignTaxResidencyStatus: 
IsProfileEnhanced: 
Phones: System.Collections.Generic.List`1[ASB.Selenium.DataModel.Customer.Phone]
NextOfKin: 
EmploymentDetails: 
LinkedCustomers: 
AccountRelationships: 
IdType: 
Fatca: ASB.Selenium.DataModel.Customer.Fatca
CitizenshipCountryCodes: 
CitizenshipCountryNames: System.Collections.Generic.List`1[System.String]
ForeignTaxResidenceTypes: System.Collections.Generic.List`1[ASB.Selenium.DataModel.Customer.ForeignTaxResidenceTypes]
OnboardingDetail: ASB.Selenium.DataModel.Customer.OnboardingDetail
AddressVerificationStatus: 
IdVerificationStatus: 
PreferredIdType: Other
IsProfileComplete: True
DaysRemaining: 0
OnboardingStatus: 
NewAccounts: System.Collections.Generic.List`1[ASB.Selenium.DataModel.Customer.Accounts]
FailedAccounts: System.Collections.Generic.List`1[ASB.Selenium.DataModel.Customer.Accounts]
OnboardingSource: JoinASB
CustomerCreated: 
LoginCreated: 
RegisteredForNetcode: 
AccountsCreated: 
CustomerAccessToken: 
VerificationPassword: verbal123
LoginDetail: ASB.Selenium.DataModel.Customer.Login
CustomerType: 
Cif: 
Username: fwol13626
UsernameApi: 
Password: Kiwi77nz
PublicKey: 
AcceptedTermsAndConditions: 
BackgroundCheckConsent: 
PreferredIdType: 
-> done: SummaryPageSteps.WhenIConfirmDetailsOnTheSummaryPage() (2.9s)
Then the Logging you in progress page is displayed
-> done: ConfirmationPageSteps.ThenTheLoggingYouInProgressPageIsDisplayed() (15.8s)
And the Activation page is displayed
12/6/2017 3:30:50 AMThenTheActivationPageIsDisplayed: IsActivationPageDisplayed STARTED
12/6/2017 3:31:20 AMThenTheActivationPageIsDisplayed: IsActivationPageDisplayed DONE
12/6/2017 3:31:20 AMThenTheActivationPageIsDisplayed: IsSectionDisplayed STARTED
12/6/2017 3:31:51 AMThenTheActivationPageIsDisplayed: IsSectionDisplayed DONE
-> error: Timeout error: Activation page is NOT displayed!
And the account number and product name is displayed for the selected products
-> skipped because of previous errors
]]></output>
                  </test-case>
                  <test-case id="0-1085" name="ACTSUM_10_VisaDebitSTPProfanityCheck(&quot;Lastname Only&quot;,&quot;RANDOM&quot;,&quot;RANDOM&quot;,&quot;ass&quot;,&quot;verbal123&quot;,&quot;true&quot;,System.String[])" fullname="Join.Form.Customer.Selenium.Features._08_ActivateSummaryFeature.ACTSUM_10_VisaDebitSTPProfanityCheck(&quot;Lastname Only&quot;,&quot;RANDOM&quot;,&quot;RANDOM&quot;,&quot;ass&quot;,&quot;verbal123&quot;,&quot;true&quot;,System.String[])" methodname="ACTSUM_10_VisaDebitSTPProfanityCheck" classname="Join.Form.Customer.Selenium.Features._08_ActivateSummaryFeature" runstate="Runnable" seed="106295502" result="Failed" label="Error" start-time="2017-12-05 14:32:23Z" end-time="2017-12-05 14:34:58Z" duration="154.630611" asserts="12">
                    <properties />
                    <failure>
                      <message><![CDATA[System.Exception : Timeout error: Activation page is NOT displayed!]]></message>
                      <stack-trace><![CDATA[   at ASB.Test.Automation.Utils.Retry.Retry.Execute(Func`1 function, Int32 retryInterval, Int32 retryCount, String exceptionMessage)
   at Selenium.Steps.COB.ActivationSummary.ActivationSummarySteps.ThenTheActivationPageIsDisplayed()
   at TechTalk.SpecFlow.Bindings.BindingInvoker.InvokeBinding(IBinding binding, IContextManager contextManager, Object[] arguments, ITestTracer testTracer, TimeSpan& duration)
   at TechTalk.SpecFlow.Infrastructure.TestExecutionEngine.ExecuteStepMatch(BindingMatch match, Object[] arguments)
   at TechTalk.SpecFlow.Infrastructure.TestExecutionEngine.ExecuteStep(StepInstance stepInstance)
   at TechTalk.SpecFlow.Infrastructure.TestExecutionEngine.OnAfterLastStep()
   at Join.Form.Customer.Selenium.Features._08_ActivateSummaryFeature.ScenarioCleanup()
   at Join.Form.Customer.Selenium.Features._08_ActivateSummaryFeature.ACTSUM_10_VisaDebitSTPProfanityCheck(String scenarioName, String firstname, String middlename, String lastname, String verbalPassword, String profanityFlag, String[] exampleTags)]]></stack-trace>
                    </failure>
                    <output><![CDATA[Given I start my Streamline application
Navigating to URL: https://webappisamdev.asbbank.co.nz/public/join/asb/?grcDisabled=true
-> done: CommonSteps.GivenIStartMyStreamlineApplication() (0.8s)
Given I am in the Personal Details page
12/6/2017 3:32:35 AMWaitForFeaturesPageLoad: Executing WaitForFrameAndSwitch
12/6/2017 3:32:35 AMWaitForFeaturesPageLoad: Done executing WaitForFrameAndSwitch
Unable to find product 'Savings On Call' in page or product 'Savings On Call' is not selected
Unable to find product 'FastSaver' in page or product 'FastSaver' is not selected
-> done: PersonalDetailsSteps.GivenIAmInThePersonalDetailsPage() (13.4s)
And I enter personal and login details Mr,RANDOM,RANDOM,ass,RANDOM,mark.masikip@asb.co.nz,021-RANDOM,New Zealand,Other,Kiwi77nz,verbal123,true
Given I enter mandatory Tax Information for NZ citizen and clicks on Next button
-> done: AdditionalPersonalDetailsSteps.GivenIEnterMandatoryTaxInformationForNZCitizen() (0.5s)
-> done: PersonalDetailsSteps.GivenIEnterPersonalAndLoginDetails("Mr", "RANDOM", "RANDOM", "ass", "RANDOM", "mark.masikip@asb....", "021-RANDOM", "New Zealand", "Other", "Kiwi77nz", "verbal123", "true") (27.6s)
When I confirm details on the Summary page
UniqueId: 
Title: Mr
FirstName: RANDOM
MiddleName: RANDOM
LastName: ass
Email: mark.masikip@asb.co.nz
Gender: 
DateOfBirth: 9/5/1947 12:00:00 AM
DateCreated: 
LastReviewDate: 
Cals: 
IsIndividual: 
NzCitizen: 
NzResidence: 
HighValueCustomer: 
StaffMember: 
AmlVerified: 
VipCustomer: 
Addresses: System.Collections.Generic.List`1[ASB.Selenium.DataModel.Customer.Address]
AddressInformation: ASB.Selenium.DataModel.Customer.AddressInformation
CompanyName: 
CompanyType: 
CompanySubType: 
CustomerTypeCode: 
IrdNumber: 
TaxClass: 
TaxClassDate: 
IsNzTaxResident: True
NonResidentCountryCode: 
IsForeignTaxResident: False
ForeignTaxResidencyStatus: 
IsProfileEnhanced: 
Phones: System.Collections.Generic.List`1[ASB.Selenium.DataModel.Customer.Phone]
NextOfKin: 
EmploymentDetails: 
LinkedCustomers: 
AccountRelationships: 
IdType: 
Fatca: ASB.Selenium.DataModel.Customer.Fatca
CitizenshipCountryCodes: 
CitizenshipCountryNames: System.Collections.Generic.List`1[System.String]
ForeignTaxResidenceTypes: System.Collections.Generic.List`1[ASB.Selenium.DataModel.Customer.ForeignTaxResidenceTypes]
OnboardingDetail: ASB.Selenium.DataModel.Customer.OnboardingDetail
AddressVerificationStatus: 
IdVerificationStatus: 
PreferredIdType: Other
IsProfileComplete: True
DaysRemaining: 0
OnboardingStatus: 
NewAccounts: System.Collections.Generic.List`1[ASB.Selenium.DataModel.Customer.Accounts]
FailedAccounts: System.Collections.Generic.List`1[ASB.Selenium.DataModel.Customer.Accounts]
OnboardingSource: JoinASB
CustomerCreated: 
LoginCreated: 
RegisteredForNetcode: 
AccountsCreated: 
CustomerAccessToken: 
VerificationPassword: verbal123
LoginDetail: ASB.Selenium.DataModel.Customer.Login
CustomerType: 
Cif: 
Username: fhit21133
UsernameApi: 
Password: Kiwi77nz
PublicKey: 
AcceptedTermsAndConditions: 
BackgroundCheckConsent: 
PreferredIdType: 
-> done: SummaryPageSteps.WhenIConfirmDetailsOnTheSummaryPage() (3.0s)
Then the Logging you in progress page is displayed
-> done: ConfirmationPageSteps.ThenTheLoggingYouInProgressPageIsDisplayed() (13.9s)
And the Activation page is displayed
12/6/2017 3:33:24 AMThenTheActivationPageIsDisplayed: IsActivationPageDisplayed STARTED
12/6/2017 3:33:55 AMThenTheActivationPageIsDisplayed: IsActivationPageDisplayed DONE
12/6/2017 3:33:55 AMThenTheActivationPageIsDisplayed: IsSectionDisplayed STARTED
12/6/2017 3:34:25 AMThenTheActivationPageIsDisplayed: IsSectionDisplayed DONE
-> error: Timeout error: Activation page is NOT displayed!
And the account number and product name is displayed for the selected products
-> skipped because of previous errors
]]></output>
                  </test-case>
                  <test-case id="0-1086" name="ACTSUM_10_VisaDebitSTPProfanityCheck(&quot;All name fields&quot;,&quot;ass&quot;,&quot;ass&quot;,&quot;ass&quot;,&quot;verbal123&quot;,&quot;true&quot;,System.String[])" fullname="Join.Form.Customer.Selenium.Features._08_ActivateSummaryFeature.ACTSUM_10_VisaDebitSTPProfanityCheck(&quot;All name fields&quot;,&quot;ass&quot;,&quot;ass&quot;,&quot;ass&quot;,&quot;verbal123&quot;,&quot;true&quot;,System.String[])" methodname="ACTSUM_10_VisaDebitSTPProfanityCheck" classname="Join.Form.Customer.Selenium.Features._08_ActivateSummaryFeature" runstate="Runnable" seed="256786805" result="Failed" label="Error" start-time="2017-12-05 14:34:58Z" end-time="2017-12-05 14:37:25Z" duration="147.096953" asserts="12">
                    <properties />
                    <failure>
                      <message><![CDATA[System.Exception : Timeout error: Activation page is NOT displayed!]]></message>
                      <stack-trace><![CDATA[   at ASB.Test.Automation.Utils.Retry.Retry.Execute(Func`1 function, Int32 retryInterval, Int32 retryCount, String exceptionMessage)
   at Selenium.Steps.COB.ActivationSummary.ActivationSummarySteps.ThenTheActivationPageIsDisplayed()
   at TechTalk.SpecFlow.Bindings.BindingInvoker.InvokeBinding(IBinding binding, IContextManager contextManager, Object[] arguments, ITestTracer testTracer, TimeSpan& duration)
   at TechTalk.SpecFlow.Infrastructure.TestExecutionEngine.ExecuteStepMatch(BindingMatch match, Object[] arguments)
   at TechTalk.SpecFlow.Infrastructure.TestExecutionEngine.ExecuteStep(StepInstance stepInstance)
   at TechTalk.SpecFlow.Infrastructure.TestExecutionEngine.OnAfterLastStep()
   at Join.Form.Customer.Selenium.Features._08_ActivateSummaryFeature.ScenarioCleanup()
   at Join.Form.Customer.Selenium.Features._08_ActivateSummaryFeature.ACTSUM_10_VisaDebitSTPProfanityCheck(String scenarioName, String firstname, String middlename, String lastname, String verbalPassword, String profanityFlag, String[] exampleTags)]]></stack-trace>
                    </failure>
                    <output><![CDATA[Given I start my Streamline application
Navigating to URL: https://webappisamdev.asbbank.co.nz/public/join/asb/?grcDisabled=true
-> done: CommonSteps.GivenIStartMyStreamlineApplication() (0.8s)
Given I am in the Personal Details page
12/6/2017 3:35:10 AMWaitForFeaturesPageLoad: Executing WaitForFrameAndSwitch
12/6/2017 3:35:10 AMWaitForFeaturesPageLoad: Done executing WaitForFrameAndSwitch
Unable to find product 'Savings On Call' in page or product 'Savings On Call' is not selected
Unable to find product 'FastSaver' in page or product 'FastSaver' is not selected
-> done: PersonalDetailsSteps.GivenIAmInThePersonalDetailsPage() (13.1s)
And I enter personal and login details Mr,ass,ass,ass,RANDOM,mark.masikip@asb.co.nz,021-RANDOM,New Zealand,Other,Kiwi77nz,verbal123,true
Given I enter mandatory Tax Information for NZ citizen and clicks on Next button
-> done: AdditionalPersonalDetailsSteps.GivenIEnterMandatoryTaxInformationForNZCitizen() (0.6s)
-> done: PersonalDetailsSteps.GivenIEnterPersonalAndLoginDetails("Mr", "ass", "ass", "ass", "RANDOM", "mark.masikip@asb....", "021-RANDOM", "New Zealand", "Other", "Kiwi77nz", "verbal123", "true") (19.3s)
When I confirm details on the Summary page
UniqueId: 
Title: Mr
FirstName: ass
MiddleName: ass
LastName: ass
Email: mark.masikip@asb.co.nz
Gender: 
DateOfBirth: 12/10/1987 12:00:00 AM
DateCreated: 
LastReviewDate: 
Cals: 
IsIndividual: 
NzCitizen: 
NzResidence: 
HighValueCustomer: 
StaffMember: 
AmlVerified: 
VipCustomer: 
Addresses: System.Collections.Generic.List`1[ASB.Selenium.DataModel.Customer.Address]
AddressInformation: ASB.Selenium.DataModel.Customer.AddressInformation
CompanyName: 
CompanyType: 
CompanySubType: 
CustomerTypeCode: 
IrdNumber: 
TaxClass: 
TaxClassDate: 
IsNzTaxResident: True
NonResidentCountryCode: 
IsForeignTaxResident: False
ForeignTaxResidencyStatus: 
IsProfileEnhanced: 
Phones: System.Collections.Generic.List`1[ASB.Selenium.DataModel.Customer.Phone]
NextOfKin: 
EmploymentDetails: 
LinkedCustomers: 
AccountRelationships: 
IdType: 
Fatca: ASB.Selenium.DataModel.Customer.Fatca
CitizenshipCountryCodes: 
CitizenshipCountryNames: System.Collections.Generic.List`1[System.String]
ForeignTaxResidenceTypes: System.Collections.Generic.List`1[ASB.Selenium.DataModel.Customer.ForeignTaxResidenceTypes]
OnboardingDetail: ASB.Selenium.DataModel.Customer.OnboardingDetail
AddressVerificationStatus: 
IdVerificationStatus: 
PreferredIdType: Other
IsProfileComplete: True
DaysRemaining: 0
OnboardingStatus: 
NewAccounts: System.Collections.Generic.List`1[ASB.Selenium.DataModel.Customer.Accounts]
FailedAccounts: System.Collections.Generic.List`1[ASB.Selenium.DataModel.Customer.Accounts]
OnboardingSource: JoinASB
CustomerCreated: 
LoginCreated: 
RegisteredForNetcode: 
AccountsCreated: 
CustomerAccessToken: 
VerificationPassword: verbal123
LoginDetail: ASB.Selenium.DataModel.Customer.Login
CustomerType: 
Cif: 
Username: nphu80658
UsernameApi: 
Password: Kiwi77nz
PublicKey: 
AcceptedTermsAndConditions: 
BackgroundCheckConsent: 
PreferredIdType: 
-> done: SummaryPageSteps.WhenIConfirmDetailsOnTheSummaryPage() (3.0s)
Then the Logging you in progress page is displayed
-> done: ConfirmationPageSteps.ThenTheLoggingYouInProgressPageIsDisplayed() (15.0s)
And the Activation page is displayed
12/6/2017 3:35:52 AMThenTheActivationPageIsDisplayed: IsActivationPageDisplayed STARTED
12/6/2017 3:36:22 AMThenTheActivationPageIsDisplayed: IsActivationPageDisplayed DONE
12/6/2017 3:36:22 AMThenTheActivationPageIsDisplayed: IsSectionDisplayed STARTED
12/6/2017 3:36:52 AMThenTheActivationPageIsDisplayed: IsSectionDisplayed DONE
-> error: Timeout error: Activation page is NOT displayed!
And the account number and product name is displayed for the selected products
-> skipped because of previous errors
]]></output>
                  </test-case>
                  <test-case id="0-1087" name="ACTSUM_10_VisaDebitSTPProfanityCheck(&quot;Firstname Lastname&quot;,&quot;ass&quot;,&quot;RANDOM&quot;,&quot;ass&quot;,&quot;verbal123&quot;,&quot;true&quot;,System.String[])" fullname="Join.Form.Customer.Selenium.Features._08_ActivateSummaryFeature.ACTSUM_10_VisaDebitSTPProfanityCheck(&quot;Firstname Lastname&quot;,&quot;ass&quot;,&quot;RANDOM&quot;,&quot;ass&quot;,&quot;verbal123&quot;,&quot;true&quot;,System.String[])" methodname="ACTSUM_10_VisaDebitSTPProfanityCheck" classname="Join.Form.Customer.Selenium.Features._08_ActivateSummaryFeature" runstate="Runnable" seed="2057002022" result="Failed" label="Error" start-time="2017-12-05 14:37:25Z" end-time="2017-12-05 14:39:57Z" duration="151.480200" asserts="12">
                    <properties />
                    <failure>
                      <message><![CDATA[System.Exception : Timeout error: Activation page is NOT displayed!]]></message>
                      <stack-trace><![CDATA[   at ASB.Test.Automation.Utils.Retry.Retry.Execute(Func`1 function, Int32 retryInterval, Int32 retryCount, String exceptionMessage)
   at Selenium.Steps.COB.ActivationSummary.ActivationSummarySteps.ThenTheActivationPageIsDisplayed()
   at TechTalk.SpecFlow.Bindings.BindingInvoker.InvokeBinding(IBinding binding, IContextManager contextManager, Object[] arguments, ITestTracer testTracer, TimeSpan& duration)
   at TechTalk.SpecFlow.Infrastructure.TestExecutionEngine.ExecuteStepMatch(BindingMatch match, Object[] arguments)
   at TechTalk.SpecFlow.Infrastructure.TestExecutionEngine.ExecuteStep(StepInstance stepInstance)
   at TechTalk.SpecFlow.Infrastructure.TestExecutionEngine.OnAfterLastStep()
   at Join.Form.Customer.Selenium.Features._08_ActivateSummaryFeature.ScenarioCleanup()
   at Join.Form.Customer.Selenium.Features._08_ActivateSummaryFeature.ACTSUM_10_VisaDebitSTPProfanityCheck(String scenarioName, String firstname, String middlename, String lastname, String verbalPassword, String profanityFlag, String[] exampleTags)]]></stack-trace>
                    </failure>
                    <output><![CDATA[Given I start my Streamline application
Navigating to URL: https://webappisamdev.asbbank.co.nz/public/join/asb/?grcDisabled=true
-> done: CommonSteps.GivenIStartMyStreamlineApplication() (0.7s)
Given I am in the Personal Details page
12/6/2017 3:37:37 AMWaitForFeaturesPageLoad: Executing WaitForFrameAndSwitch
12/6/2017 3:37:37 AMWaitForFeaturesPageLoad: Done executing WaitForFrameAndSwitch
Unable to find product 'Savings On Call' in page or product 'Savings On Call' is not selected
Unable to find product 'FastSaver' in page or product 'FastSaver' is not selected
-> done: PersonalDetailsSteps.GivenIAmInThePersonalDetailsPage() (13.1s)
And I enter personal and login details Mr,ass,RANDOM,ass,RANDOM,mark.masikip@asb.co.nz,021-RANDOM,New Zealand,Other,Kiwi77nz,verbal123,true
Given I enter mandatory Tax Information for NZ citizen and clicks on Next button
-> done: AdditionalPersonalDetailsSteps.GivenIEnterMandatoryTaxInformationForNZCitizen() (0.5s)
-> done: PersonalDetailsSteps.GivenIEnterPersonalAndLoginDetails("Mr", "ass", "RANDOM", "ass", "RANDOM", "mark.masikip@asb....", "021-RANDOM", "New Zealand", "Other", "Kiwi77nz", "verbal123", "true") (22.2s)
When I confirm details on the Summary page
UniqueId: 
Title: Mr
FirstName: ass
MiddleName: RANDOM
LastName: ass
Email: mark.masikip@asb.co.nz
Gender: 
DateOfBirth: 7/8/1944 12:00:00 AM
DateCreated: 
LastReviewDate: 
Cals: 
IsIndividual: 
NzCitizen: 
NzResidence: 
HighValueCustomer: 
StaffMember: 
AmlVerified: 
VipCustomer: 
Addresses: System.Collections.Generic.List`1[ASB.Selenium.DataModel.Customer.Address]
AddressInformation: ASB.Selenium.DataModel.Customer.AddressInformation
CompanyName: 
CompanyType: 
CompanySubType: 
CustomerTypeCode: 
IrdNumber: 
TaxClass: 
TaxClassDate: 
IsNzTaxResident: True
NonResidentCountryCode: 
IsForeignTaxResident: False
ForeignTaxResidencyStatus: 
IsProfileEnhanced: 
Phones: System.Collections.Generic.List`1[ASB.Selenium.DataModel.Customer.Phone]
NextOfKin: 
EmploymentDetails: 
LinkedCustomers: 
AccountRelationships: 
IdType: 
Fatca: ASB.Selenium.DataModel.Customer.Fatca
CitizenshipCountryCodes: 
CitizenshipCountryNames: System.Collections.Generic.List`1[System.String]
ForeignTaxResidenceTypes: System.Collections.Generic.List`1[ASB.Selenium.DataModel.Customer.ForeignTaxResidenceTypes]
OnboardingDetail: ASB.Selenium.DataModel.Customer.OnboardingDetail
AddressVerificationStatus: 
IdVerificationStatus: 
PreferredIdType: Other
IsProfileComplete: True
DaysRemaining: 0
OnboardingStatus: 
NewAccounts: System.Collections.Generic.List`1[ASB.Selenium.DataModel.Customer.Accounts]
FailedAccounts: System.Collections.Generic.List`1[ASB.Selenium.DataModel.Customer.Accounts]
OnboardingSource: JoinASB
CustomerCreated: 
LoginCreated: 
RegisteredForNetcode: 
AccountsCreated: 
CustomerAccessToken: 
VerificationPassword: verbal123
LoginDetail: ASB.Selenium.DataModel.Customer.Login
CustomerType: 
Cif: 
Username: kthi62867
UsernameApi: 
Password: Kiwi77nz
PublicKey: 
AcceptedTermsAndConditions: 
BackgroundCheckConsent: 
PreferredIdType: 
-> done: SummaryPageSteps.WhenIConfirmDetailsOnTheSummaryPage() (2.9s)
Then the Logging you in progress page is displayed
-> done: ConfirmationPageSteps.ThenTheLoggingYouInProgressPageIsDisplayed() (16.8s)
And the Activation page is displayed
12/6/2017 3:38:23 AMThenTheActivationPageIsDisplayed: IsActivationPageDisplayed STARTED
12/6/2017 3:38:53 AMThenTheActivationPageIsDisplayed: IsActivationPageDisplayed DONE
12/6/2017 3:38:53 AMThenTheActivationPageIsDisplayed: IsSectionDisplayed STARTED
12/6/2017 3:39:24 AMThenTheActivationPageIsDisplayed: IsSectionDisplayed DONE
-> error: Timeout error: Activation page is NOT displayed!
And the account number and product name is displayed for the selected products
-> skipped because of previous errors
]]></output>
                  </test-case>
                  <test-case id="0-1088" name="ACTSUM_10_VisaDebitSTPProfanityCheck(&quot;MatchWord&quot;,&quot;ass&quot;,&quot;ass&quot;,&quot;ass&quot;,&quot;verbal123&quot;,&quot;true&quot;,System.String[])" fullname="Join.Form.Customer.Selenium.Features._08_ActivateSummaryFeature.ACTSUM_10_VisaDebitSTPProfanityCheck(&quot;MatchWord&quot;,&quot;ass&quot;,&quot;ass&quot;,&quot;ass&quot;,&quot;verbal123&quot;,&quot;true&quot;,System.String[])" methodname="ACTSUM_10_VisaDebitSTPProfanityCheck" classname="Join.Form.Customer.Selenium.Features._08_ActivateSummaryFeature" runstate="Runnable" seed="658893198" result="Failed" label="Error" start-time="2017-12-05 14:39:57Z" end-time="2017-12-05 14:42:27Z" duration="150.555762" asserts="12">
                    <properties />
                    <failure>
                      <message><![CDATA[System.Exception : Timeout error: Activation page is NOT displayed!]]></message>
                      <stack-trace><![CDATA[   at ASB.Test.Automation.Utils.Retry.Retry.Execute(Func`1 function, Int32 retryInterval, Int32 retryCount, String exceptionMessage)
   at Selenium.Steps.COB.ActivationSummary.ActivationSummarySteps.ThenTheActivationPageIsDisplayed()
   at TechTalk.SpecFlow.Bindings.BindingInvoker.InvokeBinding(IBinding binding, IContextManager contextManager, Object[] arguments, ITestTracer testTracer, TimeSpan& duration)
   at TechTalk.SpecFlow.Infrastructure.TestExecutionEngine.ExecuteStepMatch(BindingMatch match, Object[] arguments)
   at TechTalk.SpecFlow.Infrastructure.TestExecutionEngine.ExecuteStep(StepInstance stepInstance)
   at TechTalk.SpecFlow.Infrastructure.TestExecutionEngine.OnAfterLastStep()
   at Join.Form.Customer.Selenium.Features._08_ActivateSummaryFeature.ScenarioCleanup()
   at Join.Form.Customer.Selenium.Features._08_ActivateSummaryFeature.ACTSUM_10_VisaDebitSTPProfanityCheck(String scenarioName, String firstname, String middlename, String lastname, String verbalPassword, String profanityFlag, String[] exampleTags)]]></stack-trace>
                    </failure>
                    <output><![CDATA[Given I start my Streamline application
Navigating to URL: https://webappisamdev.asbbank.co.nz/public/join/asb/?grcDisabled=true
-> done: CommonSteps.GivenIStartMyStreamlineApplication() (0.6s)
Given I am in the Personal Details page
12/6/2017 3:40:08 AMWaitForFeaturesPageLoad: Executing WaitForFrameAndSwitch
12/6/2017 3:40:08 AMWaitForFeaturesPageLoad: Done executing WaitForFrameAndSwitch
Unable to find product 'Savings On Call' in page or product 'Savings On Call' is not selected
Unable to find product 'FastSaver' in page or product 'FastSaver' is not selected
-> done: PersonalDetailsSteps.GivenIAmInThePersonalDetailsPage() (13.1s)
And I enter personal and login details Mr,ass,ass,ass,RANDOM,mark.masikip@asb.co.nz,021-RANDOM,New Zealand,Other,Kiwi77nz,verbal123,true
Given I enter mandatory Tax Information for NZ citizen and clicks on Next button
-> done: AdditionalPersonalDetailsSteps.GivenIEnterMandatoryTaxInformationForNZCitizen() (0.5s)
-> done: PersonalDetailsSteps.GivenIEnterPersonalAndLoginDetails("Mr", "ass", "ass", "ass", "RANDOM", "mark.masikip@asb....", "021-RANDOM", "New Zealand", "Other", "Kiwi77nz", "verbal123", "true") (21.9s)
When I confirm details on the Summary page
UniqueId: 
Title: Mr
FirstName: ass
MiddleName: ass
LastName: ass
Email: mark.masikip@asb.co.nz
Gender: 
DateOfBirth: 2/11/1954 12:00:00 AM
DateCreated: 
LastReviewDate: 
Cals: 
IsIndividual: 
NzCitizen: 
NzResidence: 
HighValueCustomer: 
StaffMember: 
AmlVerified: 
VipCustomer: 
Addresses: System.Collections.Generic.List`1[ASB.Selenium.DataModel.Customer.Address]
AddressInformation: ASB.Selenium.DataModel.Customer.AddressInformation
CompanyName: 
CompanyType: 
CompanySubType: 
CustomerTypeCode: 
IrdNumber: 
TaxClass: 
TaxClassDate: 
IsNzTaxResident: True
NonResidentCountryCode: 
IsForeignTaxResident: False
ForeignTaxResidencyStatus: 
IsProfileEnhanced: 
Phones: System.Collections.Generic.List`1[ASB.Selenium.DataModel.Customer.Phone]
NextOfKin: 
EmploymentDetails: 
LinkedCustomers: 
AccountRelationships: 
IdType: 
Fatca: ASB.Selenium.DataModel.Customer.Fatca
CitizenshipCountryCodes: 
CitizenshipCountryNames: System.Collections.Generic.List`1[System.String]
ForeignTaxResidenceTypes: System.Collections.Generic.List`1[ASB.Selenium.DataModel.Customer.ForeignTaxResidenceTypes]
OnboardingDetail: ASB.Selenium.DataModel.Customer.OnboardingDetail
AddressVerificationStatus: 
IdVerificationStatus: 
PreferredIdType: Other
IsProfileComplete: True
DaysRemaining: 0
OnboardingStatus: 
NewAccounts: System.Collections.Generic.List`1[ASB.Selenium.DataModel.Customer.Accounts]
FailedAccounts: System.Collections.Generic.List`1[ASB.Selenium.DataModel.Customer.Accounts]
OnboardingSource: JoinASB
CustomerCreated: 
LoginCreated: 
RegisteredForNetcode: 
AccountsCreated: 
CustomerAccessToken: 
VerificationPassword: verbal123
LoginDetail: ASB.Selenium.DataModel.Customer.Login
CustomerType: 
Cif: 
Username: ahat09784
UsernameApi: 
Password: Kiwi77nz
PublicKey: 
AcceptedTermsAndConditions: 
BackgroundCheckConsent: 
PreferredIdType: 
-> done: SummaryPageSteps.WhenIConfirmDetailsOnTheSummaryPage() (2.8s)
Then the Logging you in progress page is displayed
-> done: ConfirmationPageSteps.ThenTheLoggingYouInProgressPageIsDisplayed() (16.2s)
And the Activation page is displayed
12/6/2017 3:40:54 AMThenTheActivationPageIsDisplayed: IsActivationPageDisplayed STARTED
12/6/2017 3:41:24 AMThenTheActivationPageIsDisplayed: IsActivationPageDisplayed DONE
12/6/2017 3:41:24 AMThenTheActivationPageIsDisplayed: IsSectionDisplayed STARTED
12/6/2017 3:41:54 AMThenTheActivationPageIsDisplayed: IsSectionDisplayed DONE
-> error: Timeout error: Activation page is NOT displayed!
And the account number and product name is displayed for the selected products
-> skipped because of previous errors
]]></output>
                  </test-case>
                  <test-case id="0-1089" name="ACTSUM_10_VisaDebitSTPProfanityCheck(&quot;Username&quot;,&quot;ass&quot;,&quot;RANDOM&quot;,&quot;ass&quot;,&quot;verbal123&quot;,&quot;false&quot;,System.String[])" fullname="Join.Form.Customer.Selenium.Features._08_ActivateSummaryFeature.ACTSUM_10_VisaDebitSTPProfanityCheck(&quot;Username&quot;,&quot;ass&quot;,&quot;RANDOM&quot;,&quot;ass&quot;,&quot;verbal123&quot;,&quot;false&quot;,System.String[])" methodname="ACTSUM_10_VisaDebitSTPProfanityCheck" classname="Join.Form.Customer.Selenium.Features._08_ActivateSummaryFeature" runstate="Runnable" seed="2059002429" result="Failed" label="Error" start-time="2017-12-05 14:42:27Z" end-time="2017-12-05 14:45:05Z" duration="157.736494" asserts="12">
                    <properties />
                    <failure>
                      <message><![CDATA[System.Exception : Timeout error: Activation page is NOT displayed!]]></message>
                      <stack-trace><![CDATA[   at ASB.Test.Automation.Utils.Retry.Retry.Execute(Func`1 function, Int32 retryInterval, Int32 retryCount, String exceptionMessage)
   at Selenium.Steps.COB.ActivationSummary.ActivationSummarySteps.ThenTheActivationPageIsDisplayed()
   at TechTalk.SpecFlow.Bindings.BindingInvoker.InvokeBinding(IBinding binding, IContextManager contextManager, Object[] arguments, ITestTracer testTracer, TimeSpan& duration)
   at TechTalk.SpecFlow.Infrastructure.TestExecutionEngine.ExecuteStepMatch(BindingMatch match, Object[] arguments)
   at TechTalk.SpecFlow.Infrastructure.TestExecutionEngine.ExecuteStep(StepInstance stepInstance)
   at TechTalk.SpecFlow.Infrastructure.TestExecutionEngine.OnAfterLastStep()
   at Join.Form.Customer.Selenium.Features._08_ActivateSummaryFeature.ScenarioCleanup()
   at Join.Form.Customer.Selenium.Features._08_ActivateSummaryFeature.ACTSUM_10_VisaDebitSTPProfanityCheck(String scenarioName, String firstname, String middlename, String lastname, String verbalPassword, String profanityFlag, String[] exampleTags)]]></stack-trace>
                    </failure>
                    <output><![CDATA[Given I start my Streamline application
Navigating to URL: https://webappisamdev.asbbank.co.nz/public/join/asb/?grcDisabled=true
-> done: CommonSteps.GivenIStartMyStreamlineApplication() (1.0s)
Given I am in the Personal Details page
12/6/2017 3:42:39 AMWaitForFeaturesPageLoad: Executing WaitForFrameAndSwitch
12/6/2017 3:42:39 AMWaitForFeaturesPageLoad: Done executing WaitForFrameAndSwitch
Unable to find product 'Savings On Call' in page or product 'Savings On Call' is not selected
Unable to find product 'FastSaver' in page or product 'FastSaver' is not selected
-> done: PersonalDetailsSteps.GivenIAmInThePersonalDetailsPage() (13.1s)
And I enter personal and login details Mr,ass,RANDOM,ass,RANDOM,mark.masikip@asb.co.nz,021-RANDOM,New Zealand,Other,Kiwi77nz,verbal123,false
Given I enter mandatory Tax Information for NZ citizen and clicks on Next button
-> done: AdditionalPersonalDetailsSteps.GivenIEnterMandatoryTaxInformationForNZCitizen() (0.5s)
-> done: PersonalDetailsSteps.GivenIEnterPersonalAndLoginDetails("Mr", "ass", "RANDOM", "ass", "RANDOM", "mark.masikip@asb....", "021-RANDOM", "New Zealand", "Other", "Kiwi77nz", "verbal123", "false") (27.7s)
When I confirm details on the Summary page
UniqueId: 
Title: Mr
FirstName: ass
MiddleName: COB-nZCUb
LastName: ass
Email: mark.masikip@asb.co.nz
Gender: 
DateOfBirth: 5/28/1969 12:00:00 AM
DateCreated: 
LastReviewDate: 
Cals: 
IsIndividual: 
NzCitizen: 
NzResidence: 
HighValueCustomer: 
StaffMember: 
AmlVerified: 
VipCustomer: 
Addresses: System.Collections.Generic.List`1[ASB.Selenium.DataModel.Customer.Address]
AddressInformation: ASB.Selenium.DataModel.Customer.AddressInformation
CompanyName: 
CompanyType: 
CompanySubType: 
CustomerTypeCode: 
IrdNumber: 
TaxClass: 
TaxClassDate: 
IsNzTaxResident: True
NonResidentCountryCode: 
IsForeignTaxResident: False
ForeignTaxResidencyStatus: 
IsProfileEnhanced: 
Phones: System.Collections.Generic.List`1[ASB.Selenium.DataModel.Customer.Phone]
NextOfKin: 
EmploymentDetails: 
LinkedCustomers: 
AccountRelationships: 
IdType: 
Fatca: ASB.Selenium.DataModel.Customer.Fatca
CitizenshipCountryCodes: 
CitizenshipCountryNames: System.Collections.Generic.List`1[System.String]
ForeignTaxResidenceTypes: System.Collections.Generic.List`1[ASB.Selenium.DataModel.Customer.ForeignTaxResidenceTypes]
OnboardingDetail: ASB.Selenium.DataModel.Customer.OnboardingDetail
AddressVerificationStatus: 
IdVerificationStatus: 
PreferredIdType: Other
IsProfileComplete: True
DaysRemaining: 0
OnboardingStatus: 
NewAccounts: System.Collections.Generic.List`1[ASB.Selenium.DataModel.Customer.Accounts]
FailedAccounts: System.Collections.Generic.List`1[ASB.Selenium.DataModel.Customer.Accounts]
OnboardingSource: JoinASB
CustomerCreated: 
LoginCreated: 
RegisteredForNetcode: 
AccountsCreated: 
CustomerAccessToken: 
VerificationPassword: verbal123
LoginDetail: ASB.Selenium.DataModel.Customer.Login
CustomerType: 
Cif: 
Username: shi27168
UsernameApi: 
Password: Kiwi77nz
PublicKey: 
AcceptedTermsAndConditions: 
BackgroundCheckConsent: 
PreferredIdType: 
-> done: SummaryPageSteps.WhenIConfirmDetailsOnTheSummaryPage() (3.0s)
Then the Logging you in progress page is displayed
-> done: ConfirmationPageSteps.ThenTheLoggingYouInProgressPageIsDisplayed() (17.0s)
And the Activation page is displayed
12/6/2017 3:43:31 AMThenTheActivationPageIsDisplayed: IsActivationPageDisplayed STARTED
12/6/2017 3:44:02 AMThenTheActivationPageIsDisplayed: IsActivationPageDisplayed DONE
12/6/2017 3:44:02 AMThenTheActivationPageIsDisplayed: IsSectionDisplayed STARTED
12/6/2017 3:44:32 AMThenTheActivationPageIsDisplayed: IsSectionDisplayed DONE
-> error: Timeout error: Activation page is NOT displayed!
And the account number and product name is displayed for the selected products
-> skipped because of previous errors
]]></output>
                  </test-case>
                  <test-case id="0-1090" name="ACTSUM_10_VisaDebitSTPProfanityCheck(&quot;Verbal Password&quot;,&quot;RANDOM&quot;,&quot;RANDOM&quot;,&quot;RANDOM&quot;,&quot;ass&quot;,&quot;false&quot;,System.String[])" fullname="Join.Form.Customer.Selenium.Features._08_ActivateSummaryFeature.ACTSUM_10_VisaDebitSTPProfanityCheck(&quot;Verbal Password&quot;,&quot;RANDOM&quot;,&quot;RANDOM&quot;,&quot;RANDOM&quot;,&quot;ass&quot;,&quot;false&quot;,System.String[])" methodname="ACTSUM_10_VisaDebitSTPProfanityCheck" classname="Join.Form.Customer.Selenium.Features._08_ActivateSummaryFeature" runstate="Runnable" seed="736644335" result="Failed" label="Error" start-time="2017-12-05 14:45:05Z" end-time="2017-12-05 14:47:35Z" duration="149.531402" asserts="12">
                    <properties />
                    <failure>
                      <message><![CDATA[System.Exception : Timeout error: Activation page is NOT displayed!]]></message>
                      <stack-trace><![CDATA[   at ASB.Test.Automation.Utils.Retry.Retry.Execute(Func`1 function, Int32 retryInterval, Int32 retryCount, String exceptionMessage)
   at Selenium.Steps.COB.ActivationSummary.ActivationSummarySteps.ThenTheActivationPageIsDisplayed()
   at TechTalk.SpecFlow.Bindings.BindingInvoker.InvokeBinding(IBinding binding, IContextManager contextManager, Object[] arguments, ITestTracer testTracer, TimeSpan& duration)
   at TechTalk.SpecFlow.Infrastructure.TestExecutionEngine.ExecuteStepMatch(BindingMatch match, Object[] arguments)
   at TechTalk.SpecFlow.Infrastructure.TestExecutionEngine.ExecuteStep(StepInstance stepInstance)
   at TechTalk.SpecFlow.Infrastructure.TestExecutionEngine.OnAfterLastStep()
   at Join.Form.Customer.Selenium.Features._08_ActivateSummaryFeature.ScenarioCleanup()
   at Join.Form.Customer.Selenium.Features._08_ActivateSummaryFeature.ACTSUM_10_VisaDebitSTPProfanityCheck(String scenarioName, String firstname, String middlename, String lastname, String verbalPassword, String profanityFlag, String[] exampleTags)]]></stack-trace>
                    </failure>
                    <output><![CDATA[Given I start my Streamline application
Navigating to URL: https://webappisamdev.asbbank.co.nz/public/join/asb/?grcDisabled=true
-> done: CommonSteps.GivenIStartMyStreamlineApplication() (0.6s)
Given I am in the Personal Details page
12/6/2017 3:45:17 AMWaitForFeaturesPageLoad: Executing WaitForFrameAndSwitch
12/6/2017 3:45:17 AMWaitForFeaturesPageLoad: Done executing WaitForFrameAndSwitch
Unable to find product 'Savings On Call' in page or product 'Savings On Call' is not selected
Unable to find product 'FastSaver' in page or product 'FastSaver' is not selected
-> done: PersonalDetailsSteps.GivenIAmInThePersonalDetailsPage() (13.2s)
And I enter personal and login details Mr,RANDOM,RANDOM,RANDOM,RANDOM,mark.masikip@asb.co.nz,021-RANDOM,New Zealand,Other,Kiwi77nz,ass,false
Given I enter mandatory Tax Information for NZ citizen and clicks on Next button
-> done: AdditionalPersonalDetailsSteps.GivenIEnterMandatoryTaxInformationForNZCitizen() (1.0s)
-> done: PersonalDetailsSteps.GivenIEnterPersonalAndLoginDetails("Mr", "RANDOM", "RANDOM", "RANDOM", "RANDOM", "mark.masikip@asb....", "021-RANDOM", "New Zealand", "Other", "Kiwi77nz", "ass", "false") (20.9s)
When I confirm details on the Summary page
UniqueId: 
Title: Mr
FirstName: COB-CaOQm
MiddleName: COB-yXYPu
LastName: COB-RduCh
Email: mark.masikip@asb.co.nz
Gender: 
DateOfBirth: 8/3/1974 12:00:00 AM
DateCreated: 
LastReviewDate: 
Cals: 
IsIndividual: 
NzCitizen: 
NzResidence: 
HighValueCustomer: 
StaffMember: 
AmlVerified: 
VipCustomer: 
Addresses: System.Collections.Generic.List`1[ASB.Selenium.DataModel.Customer.Address]
AddressInformation: ASB.Selenium.DataModel.Customer.AddressInformation
CompanyName: 
CompanyType: 
CompanySubType: 
CustomerTypeCode: 
IrdNumber: 
TaxClass: 
TaxClassDate: 
IsNzTaxResident: True
NonResidentCountryCode: 
IsForeignTaxResident: False
ForeignTaxResidencyStatus: 
IsProfileEnhanced: 
Phones: System.Collections.Generic.List`1[ASB.Selenium.DataModel.Customer.Phone]
NextOfKin: 
EmploymentDetails: 
LinkedCustomers: 
AccountRelationships: 
IdType: 
Fatca: ASB.Selenium.DataModel.Customer.Fatca
CitizenshipCountryCodes: 
CitizenshipCountryNames: System.Collections.Generic.List`1[System.String]
ForeignTaxResidenceTypes: System.Collections.Generic.List`1[ASB.Selenium.DataModel.Customer.ForeignTaxResidenceTypes]
OnboardingDetail: ASB.Selenium.DataModel.Customer.OnboardingDetail
AddressVerificationStatus: 
IdVerificationStatus: 
PreferredIdType: Other
IsProfileComplete: True
DaysRemaining: 0
OnboardingStatus: 
NewAccounts: System.Collections.Generic.List`1[ASB.Selenium.DataModel.Customer.Accounts]
FailedAccounts: System.Collections.Generic.List`1[ASB.Selenium.DataModel.Customer.Accounts]
OnboardingSource: JoinASB
CustomerCreated: 
LoginCreated: 
RegisteredForNetcode: 
AccountsCreated: 
CustomerAccessToken: 
VerificationPassword: ass
LoginDetail: ASB.Selenium.DataModel.Customer.Login
CustomerType: 
Cif: 
Username: ccob08020
UsernameApi: 
Password: Kiwi77nz
PublicKey: 
AcceptedTermsAndConditions: 
BackgroundCheckConsent: 
PreferredIdType: 
-> done: SummaryPageSteps.WhenIConfirmDetailsOnTheSummaryPage() (3.0s)
Then the Logging you in progress page is displayed
-> done: ConfirmationPageSteps.ThenTheLoggingYouInProgressPageIsDisplayed() (16.1s)
And the Activation page is displayed
12/6/2017 3:46:01 AMThenTheActivationPageIsDisplayed: IsActivationPageDisplayed STARTED
12/6/2017 3:46:31 AMThenTheActivationPageIsDisplayed: IsActivationPageDisplayed DONE
12/6/2017 3:46:31 AMThenTheActivationPageIsDisplayed: IsSectionDisplayed STARTED
12/6/2017 3:47:02 AMThenTheActivationPageIsDisplayed: IsSectionDisplayed DONE
-> error: Timeout error: Activation page is NOT displayed!
And the account number and product name is displayed for the selected products
-> skipped because of previous errors
]]></output>
                  </test-case>
                </test-suite>
                <test-suite type="ParameterizedMethod" id="0-1097" name="ACTSUM_11_SetAndUpdatePreferredID" fullname="Join.Form.Customer.Selenium.Features._08_ActivateSummaryFeature.ACTSUM_11_SetAndUpdatePreferredID" classname="Join.Form.Customer.Selenium.Features._08_ActivateSummaryFeature" runstate="Runnable" testcasecount="5" result="Failed" site="Child" start-time="2017-12-05 14:47:35Z" end-time="2017-12-05 15:00:34Z" duration="779.319144" total="5" passed="0" failed="5" warnings="0" inconclusive="0" skipped="0" asserts="55">
                  <properties>
                    <property name="Description" value="ACTSUM_11 - Set and update preferred ID" />
                    <property name="Category" value="COB" />
                    <property name="Category" value="activatesummary" />
                    <property name="Category" value="integration" />
                    <property name="Category" value="092016" />
                    <property name="Category" value="eidvswitch" />
                    <property name="Category" value="eidv" />
                    <property name="Category" value="112017" />
                  </properties>
                  <failure>
                    <message><![CDATA[One or more child tests had errors]]></message>
                  </failure>
                  <test-case id="0-1092" name="ACTSUM_11_SetAndUpdatePreferredID(&quot;Streamline and Visa Debit&quot;,&quot;Streamline intro,ASB Visa Debit Streamline Intro&quot;,&quot;Mr&quot;,&quot;RANDOM&quot;,&quot;&quot;,&quot;RANDOM&quot;,&quot;Other&quot;,&quot;New Zealand Driver's Licence&quot;,System.String[])" fullname="Join.Form.Customer.Selenium.Features._08_ActivateSummaryFeature.ACTSUM_11_SetAndUpdatePreferredID(&quot;Streamline and Visa Debit&quot;,&quot;Streamline intro,ASB Visa Debit Streamline Intro&quot;,&quot;Mr&quot;,&quot;RANDOM&quot;,&quot;&quot;,&quot;RANDOM&quot;,&quot;Other&quot;,&quot;New Zealand Driver's Licence&quot;,System.String[])" methodname="ACTSUM_11_SetAndUpdatePreferredID" classname="Join.Form.Customer.Selenium.Features._08_ActivateSummaryFeature" runstate="Runnable" seed="1704817368" result="Failed" label="Error" start-time="2017-12-05 14:47:35Z" end-time="2017-12-05 14:50:08Z" duration="153.234100" asserts="11">
                    <properties />
                    <failure>
                      <message><![CDATA[System.Exception : Timeout error: Activation page is NOT displayed!]]></message>
                      <stack-trace><![CDATA[   at ASB.Test.Automation.Utils.Retry.Retry.Execute(Func`1 function, Int32 retryInterval, Int32 retryCount, String exceptionMessage)
   at Selenium.Steps.COB.ActivationSummary.ActivationSummarySteps.ThenTheActivationPageIsDisplayed()
   at TechTalk.SpecFlow.Bindings.BindingInvoker.InvokeBinding(IBinding binding, IContextManager contextManager, Object[] arguments, ITestTracer testTracer, TimeSpan& duration)
   at TechTalk.SpecFlow.Infrastructure.TestExecutionEngine.ExecuteStepMatch(BindingMatch match, Object[] arguments)
   at TechTalk.SpecFlow.Infrastructure.TestExecutionEngine.ExecuteStep(StepInstance stepInstance)
   at TechTalk.SpecFlow.Infrastructure.TestExecutionEngine.OnAfterLastStep()
   at Join.Form.Customer.Selenium.Features._08_ActivateSummaryFeature.ScenarioCleanup()
   at Join.Form.Customer.Selenium.Features._08_ActivateSummaryFeature.ACTSUM_11_SetAndUpdatePreferredID(String scenarioName, String products, String title, String firstname, String middlename, String lastname, String preferredid, String newpreferredid, String[] exampleTags)]]></stack-trace>
                    </failure>
                    <output><![CDATA[Given I start my Streamline application
Navigating to URL: https://webappisamdev.asbbank.co.nz/public/join/asb/?grcDisabled=true
-> done: CommonSteps.GivenIStartMyStreamlineApplication() (0.6s)
Given I select the following products: 'Streamline intro,ASB Visa Debit Streamline Intro'
12/6/2017 3:47:46 AMWaitForFeaturesPageLoad: Executing WaitForFrameAndSwitch
12/6/2017 3:47:46 AMWaitForFeaturesPageLoad: Done executing WaitForFrameAndSwitch
Unable to find product 'FastSaver' in page or product 'FastSaver' is not selected
Unable to find product 'Savings On Call' in page or product 'Savings On Call' is not selected
Unable to find product 'Savings On Call' in page or product 'Savings On Call' is not selected
Unable to find product 'FastSaver' in page or product 'FastSaver' is not selected
-> done: ProductsPageSteps.WhenIChangeMySelectedProductsTo("Streamline intro,...") (15.0s)
And I enter personal and login details Mr,RANDOM,,RANDOM,RANDOM,mark.masikip@asb.co.nz,021-RANDOM,New Zealand,Other,Kiwi77nz,verbal123,false
Given I enter mandatory Tax Information for NZ citizen and clicks on Next button
-> done: AdditionalPersonalDetailsSteps.GivenIEnterMandatoryTaxInformationForNZCitizen() (0.5s)
-> done: PersonalDetailsSteps.GivenIEnterPersonalAndLoginDetails("Mr", "RANDOM", "", "RANDOM", "RANDOM", "mark.masikip@asb....", "021-RANDOM", "New Zealand", "Other", "Kiwi77nz", "verbal123", "false") (22.2s)
When I confirm details on the Summary page
UniqueId: 
Title: Mr
FirstName: COB-mXiVz
MiddleName: 
LastName: COB-YlxOF
Email: mark.masikip@asb.co.nz
Gender: 
DateOfBirth: 12/1/1928 12:00:00 AM
DateCreated: 
LastReviewDate: 
Cals: 
IsIndividual: 
NzCitizen: 
NzResidence: 
HighValueCustomer: 
StaffMember: 
AmlVerified: 
VipCustomer: 
Addresses: System.Collections.Generic.List`1[ASB.Selenium.DataModel.Customer.Address]
AddressInformation: ASB.Selenium.DataModel.Customer.AddressInformation
CompanyName: 
CompanyType: 
CompanySubType: 
CustomerTypeCode: 
IrdNumber: 
TaxClass: 
TaxClassDate: 
IsNzTaxResident: True
NonResidentCountryCode: 
IsForeignTaxResident: False
ForeignTaxResidencyStatus: 
IsProfileEnhanced: 
Phones: System.Collections.Generic.List`1[ASB.Selenium.DataModel.Customer.Phone]
NextOfKin: 
EmploymentDetails: 
LinkedCustomers: 
AccountRelationships: 
IdType: 
Fatca: ASB.Selenium.DataModel.Customer.Fatca
CitizenshipCountryCodes: 
CitizenshipCountryNames: System.Collections.Generic.List`1[System.String]
ForeignTaxResidenceTypes: System.Collections.Generic.List`1[ASB.Selenium.DataModel.Customer.ForeignTaxResidenceTypes]
OnboardingDetail: ASB.Selenium.DataModel.Customer.OnboardingDetail
AddressVerificationStatus: 
IdVerificationStatus: 
PreferredIdType: Other
IsProfileComplete: True
DaysRemaining: 0
OnboardingStatus: 
NewAccounts: System.Collections.Generic.List`1[ASB.Selenium.DataModel.Customer.Accounts]
FailedAccounts: System.Collections.Generic.List`1[ASB.Selenium.DataModel.Customer.Accounts]
OnboardingSource: JoinASB
CustomerCreated: 
LoginCreated: 
RegisteredForNetcode: 
AccountsCreated: 
CustomerAccessToken: 
VerificationPassword: verbal123
LoginDetail: ASB.Selenium.DataModel.Customer.Login
CustomerType: 
Cif: 
Username: ccob82607
UsernameApi: 
Password: Kiwi77nz
PublicKey: 
AcceptedTermsAndConditions: 
BackgroundCheckConsent: 
PreferredIdType: 
-> done: SummaryPageSteps.WhenIConfirmDetailsOnTheSummaryPage() (2.9s)
Then the Logging you in progress page is displayed
-> done: ConfirmationPageSteps.ThenTheLoggingYouInProgressPageIsDisplayed() (16.6s)
And the Activation page is displayed
12/6/2017 3:48:34 AMThenTheActivationPageIsDisplayed: IsActivationPageDisplayed STARTED
12/6/2017 3:49:05 AMThenTheActivationPageIsDisplayed: IsActivationPageDisplayed DONE
12/6/2017 3:49:05 AMThenTheActivationPageIsDisplayed: IsSectionDisplayed STARTED
12/6/2017 3:49:35 AMThenTheActivationPageIsDisplayed: IsSectionDisplayed DONE
-> error: Timeout error: Activation page is NOT displayed!
And the Confirm Identity section is displayed
-> skipped because of previous errors
And the Selected Id is set to 'Other'
-> skipped because of previous errors
When I select 'New Zealand Driver's Licence' in the 'Photo ID' dropdown
-> skipped because of previous errors
Then the Confirm Identity section is displayed
-> skipped because of previous errors
And the Selected Id is set to 'New Zealand Driver's Licence'
-> skipped because of previous errors
And the See a complete list of acceptable documents text is displayed conditionally
-> skipped because of previous errors
And the Find a branch button is displayed conditionally
-> skipped because of previous errors
And the TXT me a download link button is displayed conditionally
-> skipped because of previous errors
]]></output>
                  </test-case>
                  <test-case id="0-1093" name="ACTSUM_11_SetAndUpdatePreferredID(&quot;All products&quot;,&quot;Streamline intro,ASB Visa Debit Streamline Intro,Savings On Call,FastSaver&quot;,&quot;Ms&quot;,&quot;RANDOM&quot;,&quot;RANDOM&quot;,&quot;RANDOM&quot;,&quot;Overseas Passport&quot;,&quot;New Zealand Passport&quot;,System.String[])" fullname="Join.Form.Customer.Selenium.Features._08_ActivateSummaryFeature.ACTSUM_11_SetAndUpdatePreferredID(&quot;All products&quot;,&quot;Streamline intro,ASB Visa Debit Streamline Intro,Savings On Call,FastSaver&quot;,&quot;Ms&quot;,&quot;RANDOM&quot;,&quot;RANDOM&quot;,&quot;RANDOM&quot;,&quot;Overseas Passport&quot;,&quot;New Zealand Passport&quot;,System.String[])" methodname="ACTSUM_11_SetAndUpdatePreferredID" classname="Join.Form.Customer.Selenium.Features._08_ActivateSummaryFeature" runstate="Runnable" seed="811139961" result="Failed" label="Error" start-time="2017-12-05 14:50:08Z" end-time="2017-12-05 14:52:46Z" duration="157.654254" asserts="11">
                    <properties />
                    <failure>
                      <message><![CDATA[System.Exception : Timeout error: Activation page is NOT displayed!]]></message>
                      <stack-trace><![CDATA[   at ASB.Test.Automation.Utils.Retry.Retry.Execute(Func`1 function, Int32 retryInterval, Int32 retryCount, String exceptionMessage)
   at Selenium.Steps.COB.ActivationSummary.ActivationSummarySteps.ThenTheActivationPageIsDisplayed()
   at TechTalk.SpecFlow.Bindings.BindingInvoker.InvokeBinding(IBinding binding, IContextManager contextManager, Object[] arguments, ITestTracer testTracer, TimeSpan& duration)
   at TechTalk.SpecFlow.Infrastructure.TestExecutionEngine.ExecuteStepMatch(BindingMatch match, Object[] arguments)
   at TechTalk.SpecFlow.Infrastructure.TestExecutionEngine.ExecuteStep(StepInstance stepInstance)
   at TechTalk.SpecFlow.Infrastructure.TestExecutionEngine.OnAfterLastStep()
   at Join.Form.Customer.Selenium.Features._08_ActivateSummaryFeature.ScenarioCleanup()
   at Join.Form.Customer.Selenium.Features._08_ActivateSummaryFeature.ACTSUM_11_SetAndUpdatePreferredID(String scenarioName, String products, String title, String firstname, String middlename, String lastname, String preferredid, String newpreferredid, String[] exampleTags)]]></stack-trace>
                    </failure>
                    <output><![CDATA[Given I start my Streamline application
Navigating to URL: https://webappisamdev.asbbank.co.nz/public/join/asb/?grcDisabled=true
-> done: CommonSteps.GivenIStartMyStreamlineApplication() (0.6s)
Given I select the following products: 'Streamline intro,ASB Visa Debit Streamline Intro,Savings On Call,FastSaver'
12/6/2017 3:50:19 AMWaitForFeaturesPageLoad: Executing WaitForFrameAndSwitch
12/6/2017 3:50:19 AMWaitForFeaturesPageLoad: Done executing WaitForFrameAndSwitch
Unable to find product 'Savings On Call' in page or product 'Savings On Call' is not selected
Unable to find product 'FastSaver' in page or product 'FastSaver' is not selected
-> done: ProductsPageSteps.WhenIChangeMySelectedProductsTo("Streamline intro,...") (19.2s)
And I enter personal and login details Ms,RANDOM,RANDOM,RANDOM,RANDOM,mark.masikip@asb.co.nz,021-RANDOM,New Zealand,Overseas Passport,Kiwi77nz,verbal123,false
Given I enter mandatory Tax Information for NZ citizen and clicks on Next button
-> done: AdditionalPersonalDetailsSteps.GivenIEnterMandatoryTaxInformationForNZCitizen() (0.5s)
-> done: PersonalDetailsSteps.GivenIEnterPersonalAndLoginDetails("Ms", "RANDOM", "RANDOM", "RANDOM", "RANDOM", "mark.masikip@asb....", "021-RANDOM", "New Zealand", "Overseas Passport", "Kiwi77nz", "verbal123", "false") (21.3s)
When I confirm details on the Summary page
UniqueId: 
Title: Ms
FirstName: COB-sxOrV
MiddleName: COB-pytah
LastName: COB-sJpTo
Email: mark.masikip@asb.co.nz
Gender: 
DateOfBirth: 1/20/1933 12:00:00 AM
DateCreated: 
LastReviewDate: 
Cals: 
IsIndividual: 
NzCitizen: 
NzResidence: 
HighValueCustomer: 
StaffMember: 
AmlVerified: 
VipCustomer: 
Addresses: System.Collections.Generic.List`1[ASB.Selenium.DataModel.Customer.Address]
AddressInformation: ASB.Selenium.DataModel.Customer.AddressInformation
CompanyName: 
CompanyType: 
CompanySubType: 
CustomerTypeCode: 
IrdNumber: 
TaxClass: 
TaxClassDate: 
IsNzTaxResident: True
NonResidentCountryCode: 
IsForeignTaxResident: False
ForeignTaxResidencyStatus: 
IsProfileEnhanced: 
Phones: System.Collections.Generic.List`1[ASB.Selenium.DataModel.Customer.Phone]
NextOfKin: 
EmploymentDetails: 
LinkedCustomers: 
AccountRelationships: 
IdType: 
Fatca: ASB.Selenium.DataModel.Customer.Fatca
CitizenshipCountryCodes: 
CitizenshipCountryNames: System.Collections.Generic.List`1[System.String]
ForeignTaxResidenceTypes: System.Collections.Generic.List`1[ASB.Selenium.DataModel.Customer.ForeignTaxResidenceTypes]
OnboardingDetail: ASB.Selenium.DataModel.Customer.OnboardingDetail
AddressVerificationStatus: 
IdVerificationStatus: 
PreferredIdType: Overseas Passport
IsProfileComplete: True
DaysRemaining: 0
OnboardingStatus: 
NewAccounts: System.Collections.Generic.List`1[ASB.Selenium.DataModel.Customer.Accounts]
FailedAccounts: System.Collections.Generic.List`1[ASB.Selenium.DataModel.Customer.Accounts]
OnboardingSource: JoinASB
CustomerCreated: 
LoginCreated: 
RegisteredForNetcode: 
AccountsCreated: 
CustomerAccessToken: 
VerificationPassword: verbal123
LoginDetail: ASB.Selenium.DataModel.Customer.Login
CustomerType: 
Cif: 
Username: ccob06899
UsernameApi: 
Password: Kiwi77nz
PublicKey: 
AcceptedTermsAndConditions: 
BackgroundCheckConsent: 
PreferredIdType: 
-> done: SummaryPageSteps.WhenIConfirmDetailsOnTheSummaryPage() (2.8s)
Then the Logging you in progress page is displayed
-> done: ConfirmationPageSteps.ThenTheLoggingYouInProgressPageIsDisplayed() (17.5s)
And the Activation page is displayed
12/6/2017 3:51:12 AMThenTheActivationPageIsDisplayed: IsActivationPageDisplayed STARTED
12/6/2017 3:51:42 AMThenTheActivationPageIsDisplayed: IsActivationPageDisplayed DONE
12/6/2017 3:51:42 AMThenTheActivationPageIsDisplayed: IsSectionDisplayed STARTED
12/6/2017 3:52:12 AMThenTheActivationPageIsDisplayed: IsSectionDisplayed DONE
-> error: Timeout error: Activation page is NOT displayed!
And the Confirm Identity section is displayed
-> skipped because of previous errors
And the Selected Id is set to 'Overseas Passport'
-> skipped because of previous errors
When I select 'New Zealand Passport' in the 'Photo ID' dropdown
-> skipped because of previous errors
Then the Confirm Identity section is displayed
-> skipped because of previous errors
And the Selected Id is set to 'New Zealand Passport'
-> skipped because of previous errors
And the See a complete list of acceptable documents text is displayed conditionally
-> skipped because of previous errors
And the Find a branch button is displayed conditionally
-> skipped because of previous errors
And the TXT me a download link button is displayed conditionally
-> skipped because of previous errors
]]></output>
                  </test-case>
                  <test-case id="0-1094" name="ACTSUM_11_SetAndUpdatePreferredID(&quot;No FastSaver - Mx Male&quot;,&quot;Streamline intro,ASB Visa Debit Streamline Intro,Savings On Call&quot;,&quot;RANDOM&quot;,&quot;RANDOM&quot;,&quot;RANDOM&quot;,&quot;RANDOM&quot;,&quot;New Zealand Passport&quot;,&quot;Australian Passport&quot;,System.String[])" fullname="Join.Form.Customer.Selenium.Features._08_ActivateSummaryFeature.ACTSUM_11_SetAndUpdatePreferredID(&quot;No FastSaver - Mx Male&quot;,&quot;Streamline intro,ASB Visa Debit Streamline Intro,Savings On Call&quot;,&quot;RANDOM&quot;,&quot;RANDOM&quot;,&quot;RANDOM&quot;,&quot;RANDOM&quot;,&quot;New Zealand Passport&quot;,&quot;Australian Passport&quot;,System.String[])" methodname="ACTSUM_11_SetAndUpdatePreferredID" classname="Join.Form.Customer.Selenium.Features._08_ActivateSummaryFeature" runstate="Runnable" seed="927853933" result="Failed" label="Error" start-time="2017-12-05 14:52:46Z" end-time="2017-12-05 14:55:25Z" duration="159.006520" asserts="11">
                    <properties />
                    <failure>
                      <message><![CDATA[System.Exception : Timeout error: Activation page is NOT displayed!]]></message>
                      <stack-trace><![CDATA[   at ASB.Test.Automation.Utils.Retry.Retry.Execute(Func`1 function, Int32 retryInterval, Int32 retryCount, String exceptionMessage)
   at Selenium.Steps.COB.ActivationSummary.ActivationSummarySteps.ThenTheActivationPageIsDisplayed()
   at TechTalk.SpecFlow.Bindings.BindingInvoker.InvokeBinding(IBinding binding, IContextManager contextManager, Object[] arguments, ITestTracer testTracer, TimeSpan& duration)
   at TechTalk.SpecFlow.Infrastructure.TestExecutionEngine.ExecuteStepMatch(BindingMatch match, Object[] arguments)
   at TechTalk.SpecFlow.Infrastructure.TestExecutionEngine.ExecuteStep(StepInstance stepInstance)
   at TechTalk.SpecFlow.Infrastructure.TestExecutionEngine.OnAfterLastStep()
   at Join.Form.Customer.Selenium.Features._08_ActivateSummaryFeature.ScenarioCleanup()
   at Join.Form.Customer.Selenium.Features._08_ActivateSummaryFeature.ACTSUM_11_SetAndUpdatePreferredID(String scenarioName, String products, String title, String firstname, String middlename, String lastname, String preferredid, String newpreferredid, String[] exampleTags)]]></stack-trace>
                    </failure>
                    <output><![CDATA[Given I start my Streamline application
Navigating to URL: https://webappisamdev.asbbank.co.nz/public/join/asb/?grcDisabled=true
-> done: CommonSteps.GivenIStartMyStreamlineApplication() (0.6s)
Given I select the following products: 'Streamline intro,ASB Visa Debit Streamline Intro,Savings On Call'
12/6/2017 3:52:57 AMWaitForFeaturesPageLoad: Executing WaitForFrameAndSwitch
12/6/2017 3:52:57 AMWaitForFeaturesPageLoad: Done executing WaitForFrameAndSwitch
Unable to find product 'Savings On Call' in page or product 'Savings On Call' is not selected
Unable to find product 'FastSaver' in page or product 'FastSaver' is not selected
Unable to find product 'FastSaver' in page or product 'FastSaver' is not selected
-> done: ProductsPageSteps.WhenIChangeMySelectedProductsTo("Streamline intro,...") (17.2s)
And I enter personal and login details RANDOM,RANDOM,RANDOM,RANDOM,RANDOM,mark.masikip@asb.co.nz,021-RANDOM,New Zealand,New Zealand Passport,Kiwi77nz,verbal123,false
Given I enter mandatory Tax Information for NZ citizen and clicks on Next button
-> done: AdditionalPersonalDetailsSteps.GivenIEnterMandatoryTaxInformationForNZCitizen() (0.5s)
-> done: PersonalDetailsSteps.GivenIEnterPersonalAndLoginDetails("RANDOM", "RANDOM", "RANDOM", "RANDOM", "RANDOM", "mark.masikip@asb....", "021-RANDOM", "New Zealand", "New Zealand Passport", "Kiwi77nz", "verbal123", "false") (27.1s)
When I confirm details on the Summary page
UniqueId: 
Title: Mx
FirstName: COB-ZThLa
MiddleName: COB-FTnOa
LastName: COB-KWStF
Email: mark.masikip@asb.co.nz
Gender: 
DateOfBirth: 1/10/1954 12:00:00 AM
DateCreated: 
LastReviewDate: 
Cals: 
IsIndividual: 
NzCitizen: 
NzResidence: 
HighValueCustomer: 
StaffMember: 
AmlVerified: 
VipCustomer: 
Addresses: System.Collections.Generic.List`1[ASB.Selenium.DataModel.Customer.Address]
AddressInformation: ASB.Selenium.DataModel.Customer.AddressInformation
CompanyName: 
CompanyType: 
CompanySubType: 
CustomerTypeCode: 
IrdNumber: 
TaxClass: 
TaxClassDate: 
IsNzTaxResident: True
NonResidentCountryCode: 
IsForeignTaxResident: False
ForeignTaxResidencyStatus: 
IsProfileEnhanced: 
Phones: System.Collections.Generic.List`1[ASB.Selenium.DataModel.Customer.Phone]
NextOfKin: 
EmploymentDetails: 
LinkedCustomers: 
AccountRelationships: 
IdType: 
Fatca: ASB.Selenium.DataModel.Customer.Fatca
CitizenshipCountryCodes: 
CitizenshipCountryNames: System.Collections.Generic.List`1[System.String]
ForeignTaxResidenceTypes: System.Collections.Generic.List`1[ASB.Selenium.DataModel.Customer.ForeignTaxResidenceTypes]
OnboardingDetail: ASB.Selenium.DataModel.Customer.OnboardingDetail
AddressVerificationStatus: 
IdVerificationStatus: 
PreferredIdType: New Zealand Passport
IsProfileComplete: True
DaysRemaining: 0
OnboardingStatus: 
NewAccounts: System.Collections.Generic.List`1[ASB.Selenium.DataModel.Customer.Accounts]
FailedAccounts: System.Collections.Generic.List`1[ASB.Selenium.DataModel.Customer.Accounts]
OnboardingSource: JoinASB
CustomerCreated: 
LoginCreated: 
RegisteredForNetcode: 
AccountsCreated: 
CustomerAccessToken: 
VerificationPassword: verbal123
LoginDetail: ASB.Selenium.DataModel.Customer.Login
CustomerType: 
Cif: 
Username: ccob03892
UsernameApi: 
Password: Kiwi77nz
PublicKey: 
AcceptedTermsAndConditions: 
BackgroundCheckConsent: 
PreferredIdType: 
-> done: SummaryPageSteps.WhenIConfirmDetailsOnTheSummaryPage() (2.8s)
Then the Logging you in progress page is displayed
-> done: ConfirmationPageSteps.ThenTheLoggingYouInProgressPageIsDisplayed() (15.4s)
And the Activation page is displayed
12/6/2017 3:53:51 AMThenTheActivationPageIsDisplayed: IsActivationPageDisplayed STARTED
12/6/2017 3:54:21 AMThenTheActivationPageIsDisplayed: IsActivationPageDisplayed DONE
12/6/2017 3:54:21 AMThenTheActivationPageIsDisplayed: IsSectionDisplayed STARTED
12/6/2017 3:54:51 AMThenTheActivationPageIsDisplayed: IsSectionDisplayed DONE
-> error: Timeout error: Activation page is NOT displayed!
And the Confirm Identity section is displayed
-> skipped because of previous errors
And the Selected Id is set to 'New Zealand Passport'
-> skipped because of previous errors
When I select 'Australian Passport' in the 'Photo ID' dropdown
-> skipped because of previous errors
Then the Confirm Identity section is displayed
-> skipped because of previous errors
And the Selected Id is set to 'Australian Passport'
-> skipped because of previous errors
And the See a complete list of acceptable documents text is displayed conditionally
-> skipped because of previous errors
And the Find a branch button is displayed conditionally
-> skipped because of previous errors
And the TXT me a download link button is displayed conditionally
-> skipped because of previous errors
]]></output>
                  </test-case>
                  <test-case id="0-1095" name="ACTSUM_11_SetAndUpdatePreferredID(&quot;All products - Mx Female&quot;,&quot;Streamline intro,ASB Visa Debit Streamline Intro,Savings On Call,FastSaver&quot;,&quot;RANDOM&quot;,&quot;RANDOM&quot;,&quot;RANDOM&quot;,&quot;RANDOM&quot;,&quot;Australian Passport&quot;,&quot;Overseas Passport&quot;,System.String[])" fullname="Join.Form.Customer.Selenium.Features._08_ActivateSummaryFeature.ACTSUM_11_SetAndUpdatePreferredID(&quot;All products - Mx Female&quot;,&quot;Streamline intro,ASB Visa Debit Streamline Intro,Savings On Call,FastSaver&quot;,&quot;RANDOM&quot;,&quot;RANDOM&quot;,&quot;RANDOM&quot;,&quot;RANDOM&quot;,&quot;Australian Passport&quot;,&quot;Overseas Passport&quot;,System.String[])" methodname="ACTSUM_11_SetAndUpdatePreferredID" classname="Join.Form.Customer.Selenium.Features._08_ActivateSummaryFeature" runstate="Runnable" seed="1176422625" result="Failed" label="Error" start-time="2017-12-05 14:55:25Z" end-time="2017-12-05 14:57:58Z" duration="153.850610" asserts="11">
                    <properties />
                    <failure>
                      <message><![CDATA[System.Exception : Timeout error: Activation page is NOT displayed!]]></message>
                      <stack-trace><![CDATA[   at ASB.Test.Automation.Utils.Retry.Retry.Execute(Func`1 function, Int32 retryInterval, Int32 retryCount, String exceptionMessage)
   at Selenium.Steps.COB.ActivationSummary.ActivationSummarySteps.ThenTheActivationPageIsDisplayed()
   at TechTalk.SpecFlow.Bindings.BindingInvoker.InvokeBinding(IBinding binding, IContextManager contextManager, Object[] arguments, ITestTracer testTracer, TimeSpan& duration)
   at TechTalk.SpecFlow.Infrastructure.TestExecutionEngine.ExecuteStepMatch(BindingMatch match, Object[] arguments)
   at TechTalk.SpecFlow.Infrastructure.TestExecutionEngine.ExecuteStep(StepInstance stepInstance)
   at TechTalk.SpecFlow.Infrastructure.TestExecutionEngine.OnAfterLastStep()
   at Join.Form.Customer.Selenium.Features._08_ActivateSummaryFeature.ScenarioCleanup()
   at Join.Form.Customer.Selenium.Features._08_ActivateSummaryFeature.ACTSUM_11_SetAndUpdatePreferredID(String scenarioName, String products, String title, String firstname, String middlename, String lastname, String preferredid, String newpreferredid, String[] exampleTags)]]></stack-trace>
                    </failure>
                    <output><![CDATA[Given I start my Streamline application
Navigating to URL: https://webappisamdev.asbbank.co.nz/public/join/asb/?grcDisabled=true
-> done: CommonSteps.GivenIStartMyStreamlineApplication() (0.7s)
Given I select the following products: 'Streamline intro,ASB Visa Debit Streamline Intro,Savings On Call,FastSaver'
12/6/2017 3:55:36 AMWaitForFeaturesPageLoad: Executing WaitForFrameAndSwitch
12/6/2017 3:55:36 AMWaitForFeaturesPageLoad: Done executing WaitForFrameAndSwitch
Unable to find product 'Savings On Call' in page or product 'Savings On Call' is not selected
Unable to find product 'FastSaver' in page or product 'FastSaver' is not selected
-> done: ProductsPageSteps.WhenIChangeMySelectedProductsTo("Streamline intro,...") (19.1s)
And I enter personal and login details RANDOM,RANDOM,RANDOM,RANDOM,RANDOM,mark.masikip@asb.co.nz,021-RANDOM,New Zealand,Australian Passport,Kiwi77nz,verbal123,false
Given I enter mandatory Tax Information for NZ citizen and clicks on Next button
-> done: AdditionalPersonalDetailsSteps.GivenIEnterMandatoryTaxInformationForNZCitizen() (0.5s)
-> done: PersonalDetailsSteps.GivenIEnterPersonalAndLoginDetails("RANDOM", "RANDOM", "RANDOM", "RANDOM", "RANDOM", "mark.masikip@asb....", "021-RANDOM", "New Zealand", "Australian Passport", "Kiwi77nz", "verbal123", "false") (18.9s)
When I confirm details on the Summary page
UniqueId: 
Title: Mx
FirstName: COB-vQWIE
MiddleName: COB-bCTuV
LastName: COB-DPuoH
Email: mark.masikip@asb.co.nz
Gender: 
DateOfBirth: 4/16/1988 12:00:00 AM
DateCreated: 
LastReviewDate: 
Cals: 
IsIndividual: 
NzCitizen: 
NzResidence: 
HighValueCustomer: 
StaffMember: 
AmlVerified: 
VipCustomer: 
Addresses: System.Collections.Generic.List`1[ASB.Selenium.DataModel.Customer.Address]
AddressInformation: ASB.Selenium.DataModel.Customer.AddressInformation
CompanyName: 
CompanyType: 
CompanySubType: 
CustomerTypeCode: 
IrdNumber: 
TaxClass: 
TaxClassDate: 
IsNzTaxResident: True
NonResidentCountryCode: 
IsForeignTaxResident: False
ForeignTaxResidencyStatus: 
IsProfileEnhanced: 
Phones: System.Collections.Generic.List`1[ASB.Selenium.DataModel.Customer.Phone]
NextOfKin: 
EmploymentDetails: 
LinkedCustomers: 
AccountRelationships: 
IdType: 
Fatca: ASB.Selenium.DataModel.Customer.Fatca
CitizenshipCountryCodes: 
CitizenshipCountryNames: System.Collections.Generic.List`1[System.String]
ForeignTaxResidenceTypes: System.Collections.Generic.List`1[ASB.Selenium.DataModel.Customer.ForeignTaxResidenceTypes]
OnboardingDetail: ASB.Selenium.DataModel.Customer.OnboardingDetail
AddressVerificationStatus: 
IdVerificationStatus: 
PreferredIdType: Australian Passport
IsProfileComplete: True
DaysRemaining: 0
OnboardingStatus: 
NewAccounts: System.Collections.Generic.List`1[ASB.Selenium.DataModel.Customer.Accounts]
FailedAccounts: System.Collections.Generic.List`1[ASB.Selenium.DataModel.Customer.Accounts]
OnboardingSource: JoinASB
CustomerCreated: 
LoginCreated: 
RegisteredForNetcode: 
AccountsCreated: 
CustomerAccessToken: 
VerificationPassword: verbal123
LoginDetail: ASB.Selenium.DataModel.Customer.Login
CustomerType: 
Cif: 
Username: ccob45522
UsernameApi: 
Password: Kiwi77nz
PublicKey: 
AcceptedTermsAndConditions: 
BackgroundCheckConsent: 
PreferredIdType: 
-> done: SummaryPageSteps.WhenIConfirmDetailsOnTheSummaryPage() (2.8s)
Then the Logging you in progress page is displayed
-> done: ConfirmationPageSteps.ThenTheLoggingYouInProgressPageIsDisplayed() (16.2s)
And the Activation page is displayed
12/6/2017 3:56:24 AMThenTheActivationPageIsDisplayed: IsActivationPageDisplayed STARTED
12/6/2017 3:56:55 AMThenTheActivationPageIsDisplayed: IsActivationPageDisplayed DONE
12/6/2017 3:56:55 AMThenTheActivationPageIsDisplayed: IsSectionDisplayed STARTED
12/6/2017 3:57:25 AMThenTheActivationPageIsDisplayed: IsSectionDisplayed DONE
-> error: Timeout error: Activation page is NOT displayed!
And the Confirm Identity section is displayed
-> skipped because of previous errors
And the Selected Id is set to 'Australian Passport'
-> skipped because of previous errors
When I select 'Overseas Passport' in the 'Photo ID' dropdown
-> skipped because of previous errors
Then the Confirm Identity section is displayed
-> skipped because of previous errors
And the Selected Id is set to 'Overseas Passport'
-> skipped because of previous errors
And the See a complete list of acceptable documents text is displayed conditionally
-> skipped because of previous errors
And the Find a branch button is displayed conditionally
-> skipped because of previous errors
And the TXT me a download link button is displayed conditionally
-> skipped because of previous errors
]]></output>
                  </test-case>
                  <test-case id="0-1096" name="ACTSUM_11_SetAndUpdatePreferredID(&quot;All products&quot;,&quot;Streamline intro,ASB Visa Debit Streamline Intro,Savings On Call,FastSaver&quot;,&quot;Ms&quot;,&quot;RANDOM&quot;,&quot;RANDOM&quot;,&quot;RANDOM&quot;,&quot;New Zealand Driver's Licence&quot;,&quot;Other&quot;,System.String[])" fullname="Join.Form.Customer.Selenium.Features._08_ActivateSummaryFeature.ACTSUM_11_SetAndUpdatePreferredID(&quot;All products&quot;,&quot;Streamline intro,ASB Visa Debit Streamline Intro,Savings On Call,FastSaver&quot;,&quot;Ms&quot;,&quot;RANDOM&quot;,&quot;RANDOM&quot;,&quot;RANDOM&quot;,&quot;New Zealand Driver's Licence&quot;,&quot;Other&quot;,System.String[])" methodname="ACTSUM_11_SetAndUpdatePreferredID" classname="Join.Form.Customer.Selenium.Features._08_ActivateSummaryFeature" runstate="Runnable" seed="1593687482" result="Failed" label="Error" start-time="2017-12-05 14:57:59Z" end-time="2017-12-05 15:00:34Z" duration="155.451321" asserts="11">
                    <properties />
                    <failure>
                      <message><![CDATA[System.Exception : Timeout error: Activation page is NOT displayed!]]></message>
                      <stack-trace><![CDATA[   at ASB.Test.Automation.Utils.Retry.Retry.Execute(Func`1 function, Int32 retryInterval, Int32 retryCount, String exceptionMessage)
   at Selenium.Steps.COB.ActivationSummary.ActivationSummarySteps.ThenTheActivationPageIsDisplayed()
   at TechTalk.SpecFlow.Bindings.BindingInvoker.InvokeBinding(IBinding binding, IContextManager contextManager, Object[] arguments, ITestTracer testTracer, TimeSpan& duration)
   at TechTalk.SpecFlow.Infrastructure.TestExecutionEngine.ExecuteStepMatch(BindingMatch match, Object[] arguments)
   at TechTalk.SpecFlow.Infrastructure.TestExecutionEngine.ExecuteStep(StepInstance stepInstance)
   at TechTalk.SpecFlow.Infrastructure.TestExecutionEngine.OnAfterLastStep()
   at Join.Form.Customer.Selenium.Features._08_ActivateSummaryFeature.ScenarioCleanup()
   at Join.Form.Customer.Selenium.Features._08_ActivateSummaryFeature.ACTSUM_11_SetAndUpdatePreferredID(String scenarioName, String products, String title, String firstname, String middlename, String lastname, String preferredid, String newpreferredid, String[] exampleTags)]]></stack-trace>
                    </failure>
                    <output><![CDATA[Given I start my Streamline application
Navigating to URL: https://webappisamdev.asbbank.co.nz/public/join/asb/?grcDisabled=true
-> done: CommonSteps.GivenIStartMyStreamlineApplication() (0.6s)
Given I select the following products: 'Streamline intro,ASB Visa Debit Streamline Intro,Savings On Call,FastSaver'
12/6/2017 3:58:10 AMWaitForFeaturesPageLoad: Executing WaitForFrameAndSwitch
12/6/2017 3:58:11 AMWaitForFeaturesPageLoad: Done executing WaitForFrameAndSwitch
Unable to find product 'Savings On Call' in page or product 'Savings On Call' is not selected
Unable to find product 'FastSaver' in page or product 'FastSaver' is not selected
-> done: ProductsPageSteps.WhenIChangeMySelectedProductsTo("Streamline intro,...") (19.2s)
And I enter personal and login details Ms,RANDOM,RANDOM,RANDOM,RANDOM,mark.masikip@asb.co.nz,021-RANDOM,New Zealand,New Zealand Driver's Licence,Kiwi77nz,verbal123,false
Given I enter mandatory Tax Information for NZ citizen and clicks on Next button
-> done: AdditionalPersonalDetailsSteps.GivenIEnterMandatoryTaxInformationForNZCitizen() (0.5s)
-> done: PersonalDetailsSteps.GivenIEnterPersonalAndLoginDetails("Ms", "RANDOM", "RANDOM", "RANDOM", "RANDOM", "mark.masikip@asb....", "021-RANDOM", "New Zealand", "New Zealand Drive...", "Kiwi77nz", "verbal123", "false") (19.6s)
When I confirm details on the Summary page
UniqueId: 
Title: Ms
FirstName: COB-bSgCb
MiddleName: COB-TCspX
LastName: COB-pczHR
Email: mark.masikip@asb.co.nz
Gender: 
DateOfBirth: 10/12/1971 12:00:00 AM
DateCreated: 
LastReviewDate: 
Cals: 
IsIndividual: 
NzCitizen: 
NzResidence: 
HighValueCustomer: 
StaffMember: 
AmlVerified: 
VipCustomer: 
Addresses: System.Collections.Generic.List`1[ASB.Selenium.DataModel.Customer.Address]
AddressInformation: ASB.Selenium.DataModel.Customer.AddressInformation
CompanyName: 
CompanyType: 
CompanySubType: 
CustomerTypeCode: 
IrdNumber: 
TaxClass: 
TaxClassDate: 
IsNzTaxResident: True
NonResidentCountryCode: 
IsForeignTaxResident: False
ForeignTaxResidencyStatus: 
IsProfileEnhanced: 
Phones: System.Collections.Generic.List`1[ASB.Selenium.DataModel.Customer.Phone]
NextOfKin: 
EmploymentDetails: 
LinkedCustomers: 
AccountRelationships: 
IdType: 
Fatca: ASB.Selenium.DataModel.Customer.Fatca
CitizenshipCountryCodes: 
CitizenshipCountryNames: System.Collections.Generic.List`1[System.String]
ForeignTaxResidenceTypes: System.Collections.Generic.List`1[ASB.Selenium.DataModel.Customer.ForeignTaxResidenceTypes]
OnboardingDetail: ASB.Selenium.DataModel.Customer.OnboardingDetail
AddressVerificationStatus: 
IdVerificationStatus: 
PreferredIdType: New Zealand Driver's Licence
IsProfileComplete: True
DaysRemaining: 0
OnboardingStatus: 
NewAccounts: System.Collections.Generic.List`1[ASB.Selenium.DataModel.Customer.Accounts]
FailedAccounts: System.Collections.Generic.List`1[ASB.Selenium.DataModel.Customer.Accounts]
OnboardingSource: JoinASB
CustomerCreated: 
LoginCreated: 
RegisteredForNetcode: 
AccountsCreated: 
CustomerAccessToken: 
VerificationPassword: verbal123
LoginDetail: ASB.Selenium.DataModel.Customer.Login
CustomerType: 
Cif: 
Username: ccob82478
UsernameApi: 
Password: Kiwi77nz
PublicKey: 
AcceptedTermsAndConditions: 
BackgroundCheckConsent: 
PreferredIdType: 
-> done: SummaryPageSteps.WhenIConfirmDetailsOnTheSummaryPage() (2.8s)
Then the Logging you in progress page is displayed
-> done: ConfirmationPageSteps.ThenTheLoggingYouInProgressPageIsDisplayed() (16.8s)
And the Activation page is displayed
12/6/2017 3:59:00 AMThenTheActivationPageIsDisplayed: IsActivationPageDisplayed STARTED
12/6/2017 3:59:31 AMThenTheActivationPageIsDisplayed: IsActivationPageDisplayed DONE
12/6/2017 3:59:31 AMThenTheActivationPageIsDisplayed: IsSectionDisplayed STARTED
12/6/2017 4:00:01 AMThenTheActivationPageIsDisplayed: IsSectionDisplayed DONE
-> error: Timeout error: Activation page is NOT displayed!
And the Confirm Identity section is displayed
-> skipped because of previous errors
And the Selected Id is set to 'New Zealand Driver's Licence'
-> skipped because of previous errors
When I select 'Other' in the 'Photo ID' dropdown
-> skipped because of previous errors
Then the Confirm Identity section is displayed
-> skipped because of previous errors
And the Selected Id is set to 'Other'
-> skipped because of previous errors
And the See a complete list of acceptable documents text is displayed conditionally
-> skipped because of previous errors
And the Find a branch button is displayed conditionally
-> skipped because of previous errors
And the TXT me a download link button is displayed conditionally
-> skipped because of previous errors
]]></output>
                  </test-case>
                </test-suite>
              </test-suite>
              <test-suite type="TestFixture" id="0-1624" name="_09_TertiaryProductFeature" fullname="Join.Form.Customer.Selenium.Features._09_TertiaryProductFeature" classname="Join.Form.Customer.Selenium.Features._09_TertiaryProductFeature" runstate="Runnable" testcasecount="46" result="Failed" site="Child" start-time="2017-12-05 15:00:34Z" end-time="2017-12-05 15:31:29Z" duration="1855.154974" total="17" passed="5" failed="12" warnings="0" inconclusive="0" skipped="0" asserts="218">
                <properties>
                  <property name="Description" value="09_TertiaryProduct" />
                </properties>
                <failure>
                  <message><![CDATA[One or more child tests had errors]]></message>
                </failure>
                <test-suite type="ParameterizedMethod" id="0-1667" name="TER_ACTSUM_01_NZCitizen" fullname="Join.Form.Customer.Selenium.Features._09_TertiaryProductFeature.TER_ACTSUM_01_NZCitizen" classname="Join.Form.Customer.Selenium.Features._09_TertiaryProductFeature" runstate="Runnable" testcasecount="3" result="Failed" site="Child" start-time="2017-12-05 15:00:34Z" end-time="2017-12-05 15:08:26Z" duration="471.436404" total="3" passed="0" failed="3" warnings="0" inconclusive="0" skipped="0" asserts="33">
                  <properties>
                    <property name="Description" value="TER_ACTSUM_01 - NZ Citizen" />
                    <property name="Category" value="COB" />
                    <property name="Category" value="activatesummary" />
                    <property name="Category" value="122016" />
                    <property name="Category" value="tertiary" />
                    <property name="Category" value="integration" />
                    <property name="Category" value="regression" />
                    <property name="Category" value="smoke" />
                  </properties>
                  <failure>
                    <message><![CDATA[One or more child tests had errors]]></message>
                  </failure>
                  <test-case id="0-1664" name="TER_ACTSUM_01_NZCitizen(&quot;Tertiary Cheque only&quot;,&quot;Tertiary Cheque&quot;,System.String[])" fullname="Join.Form.Customer.Selenium.Features._09_TertiaryProductFeature.TER_ACTSUM_01_NZCitizen(&quot;Tertiary Cheque only&quot;,&quot;Tertiary Cheque&quot;,System.String[])" methodname="TER_ACTSUM_01_NZCitizen" classname="Join.Form.Customer.Selenium.Features._09_TertiaryProductFeature" runstate="Runnable" seed="1074047173" result="Failed" label="Error" start-time="2017-12-05 15:00:34Z" end-time="2017-12-05 15:03:11Z" duration="157.181908" asserts="11">
                    <properties />
                    <failure>
                      <message><![CDATA[System.Exception : Timeout error: Activation page is NOT displayed!]]></message>
                      <stack-trace><![CDATA[   at ASB.Test.Automation.Utils.Retry.Retry.Execute(Func`1 function, Int32 retryInterval, Int32 retryCount, String exceptionMessage)
   at Selenium.Steps.COB.ActivationSummary.ActivationSummarySteps.ThenTheActivationPageIsDisplayed()
   at TechTalk.SpecFlow.Bindings.BindingInvoker.InvokeBinding(IBinding binding, IContextManager contextManager, Object[] arguments, ITestTracer testTracer, TimeSpan& duration)
   at TechTalk.SpecFlow.Infrastructure.TestExecutionEngine.ExecuteStepMatch(BindingMatch match, Object[] arguments)
   at TechTalk.SpecFlow.Infrastructure.TestExecutionEngine.ExecuteStep(StepInstance stepInstance)
   at TechTalk.SpecFlow.Infrastructure.TestExecutionEngine.OnAfterLastStep()
   at Join.Form.Customer.Selenium.Features._09_TertiaryProductFeature.ScenarioCleanup()
   at Join.Form.Customer.Selenium.Features._09_TertiaryProductFeature.TER_ACTSUM_01_NZCitizen(String scenario, String products, String[] exampleTags)]]></stack-trace>
                    </failure>
                    <output><![CDATA[Given I start my Tertiary application
Navigating to URL: https://webappisamdev.asbbank.co.nz/public/join/tertiary/?grcDisabled=true
-> done: CommonSteps.GivenIStartMyTertiaryApplication() (0.6s)
Given I select the following products: 'Tertiary Cheque'
12/6/2017 4:00:46 AMWaitForFeaturesPageLoad: Executing WaitForFrameAndSwitch
12/6/2017 4:00:46 AMWaitForFeaturesPageLoad: Done executing WaitForFrameAndSwitch
Unable to find product 'FastSaver' in page or product 'FastSaver' is not selected
Unable to find product 'Savings On Call' in page or product 'Savings On Call' is not selected
Unable to find product 'Tertiary Overdraft' in page or product 'Tertiary Overdraft' is not selected
Unable to find product 'ASB Visa Light Tertiary' in page or product 'ASB Visa Light Tertiary' is not selected
Unable to find product 'ASB Visa Debit Tertiary' in page or product 'ASB Visa Debit Tertiary' is not selected
Unable to find product 'ASB Visa Light Tertiary' in page or product 'ASB Visa Light Tertiary' is not selected
Unable to find product 'Tertiary Overdraft' in page or product 'Tertiary Overdraft' is not selected
Unable to find product 'Savings On Call' in page or product 'Savings On Call' is not selected
Unable to find product 'FastSaver' in page or product 'FastSaver' is not selected
-> done: ProductsPageSteps.WhenIChangeMySelectedProductsTo("Tertiary Cheque") (20.3s)
And I enter all required details and navigate to Summary page
  --- table step argument ---
  | Title | FirstName    | MiddleName | LastName | DateOfBirth   | Email                   | MobileNumber   | CountriesCitizenship | PreferredIdType | Password | VerbalPassword |
  | Miss  | AutomationNZ |            | RANDOM   | 16 March 1978 | Jay.Pamilacan@asb.co.nz | 021-1234567890 | New Zealand          | Other           | Kiwi77nz | MyCode01       |
Given I enter mandatory Tax Information for NZ citizen and clicks on Next button
-> done: AdditionalPersonalDetailsSteps.GivenIEnterMandatoryTaxInformationForNZCitizen() (0.5s)
-> done: PersonalDetailsSteps.GivenIEnterAllRequiredDetailsAndNavigateToSummaryPage(<table>) (22.2s)
When I confirm details on the Summary page
UniqueId: 
Title: Miss
FirstName: AutomationNZ
MiddleName: 
LastName: COB-pNMnF
Email: Jay.Pamilacan@asb.co.nz
Gender: 
DateOfBirth: 3/16/1978 12:00:00 AM
DateCreated: 
LastReviewDate: 
Cals: 
IsIndividual: 
NzCitizen: True
NzResidence: 
HighValueCustomer: 
StaffMember: 
AmlVerified: 
VipCustomer: 
Addresses: System.Collections.Generic.List`1[ASB.Selenium.DataModel.Customer.Address]
AddressInformation: ASB.Selenium.DataModel.Customer.AddressInformation
CompanyName: 
CompanyType: 
CompanySubType: 
CustomerTypeCode: 
IrdNumber: 
TaxClass: 
TaxClassDate: 
IsNzTaxResident: True
NonResidentCountryCode: 
IsForeignTaxResident: False
ForeignTaxResidencyStatus: 
IsProfileEnhanced: 
Phones: System.Collections.Generic.List`1[ASB.Selenium.DataModel.Customer.Phone]
NextOfKin: 
EmploymentDetails: 
LinkedCustomers: 
AccountRelationships: 
IdType: 
Fatca: ASB.Selenium.DataModel.Customer.Fatca
CitizenshipCountryCodes: 
CitizenshipCountryNames: System.Collections.Generic.List`1[System.String]
ForeignTaxResidenceTypes: System.Collections.Generic.List`1[ASB.Selenium.DataModel.Customer.ForeignTaxResidenceTypes]
OnboardingDetail: ASB.Selenium.DataModel.Customer.OnboardingDetail
AddressVerificationStatus: 
IdVerificationStatus: 
PreferredIdType: Other
IsProfileComplete: True
DaysRemaining: 0
OnboardingStatus: 
NewAccounts: System.Collections.Generic.List`1[ASB.Selenium.DataModel.Customer.Accounts]
FailedAccounts: System.Collections.Generic.List`1[ASB.Selenium.DataModel.Customer.Accounts]
OnboardingSource: Tertiary
CustomerCreated: 
LoginCreated: 
RegisteredForNetcode: 
AccountsCreated: 
CustomerAccessToken: 
VerificationPassword: MyCode01
LoginDetail: ASB.Selenium.DataModel.Customer.Login
CustomerType: 
Cif: 
Username: acob41935
UsernameApi: 
Password: Kiwi77nz
PublicKey: 
AcceptedTermsAndConditions: 
BackgroundCheckConsent: 
PreferredIdType: 
-> done: SummaryPageSteps.WhenIConfirmDetailsOnTheSummaryPage() (2.8s)
Then the 'Processing' screen of Join ASB page is displayed
-> done: CommonSteps.ThenTheScreenOfJoinASBPageIsDisplayed("Processing") (0.0s)
And the Logging you in progress page is displayed
-> done: ConfirmationPageSteps.ThenTheLoggingYouInProgressPageIsDisplayed() (15.2s)
And the Activation page is displayed
12/6/2017 4:01:37 AMThenTheActivationPageIsDisplayed: IsActivationPageDisplayed STARTED
12/6/2017 4:02:08 AMThenTheActivationPageIsDisplayed: IsActivationPageDisplayed DONE
12/6/2017 4:02:08 AMThenTheActivationPageIsDisplayed: IsSectionDisplayed STARTED
12/6/2017 4:02:38 AMThenTheActivationPageIsDisplayed: IsSectionDisplayed DONE
-> error: Timeout error: Activation page is NOT displayed!
And the account number and product name is displayed for the selected products
-> skipped because of previous errors
And the Profile Details section is displayed
-> skipped because of previous errors
And the Proof of Address section is displayed
-> skipped because of previous errors
And the Confirm Identity section is displayed
-> skipped because of previous errors
And the Show Proof of Study section is displayed
-> skipped because of previous errors
And the See a complete list of acceptable documents text is displayed conditionally
-> skipped because of previous errors
And the Find a branch button is displayed conditionally
-> skipped because of previous errors
]]></output>
                  </test-case>
                  <test-case id="0-1665" name="TER_ACTSUM_01_NZCitizen(&quot;Default Tertiary Products&quot;,&quot;Tertiary Cheque, ASB Visa Debit Tertiary&quot;,System.String[])" fullname="Join.Form.Customer.Selenium.Features._09_TertiaryProductFeature.TER_ACTSUM_01_NZCitizen(&quot;Default Tertiary Products&quot;,&quot;Tertiary Cheque, ASB Visa Debit Tertiary&quot;,System.String[])" methodname="TER_ACTSUM_01_NZCitizen" classname="Join.Form.Customer.Selenium.Features._09_TertiaryProductFeature" runstate="Runnable" seed="1410286715" result="Failed" label="Error" start-time="2017-12-05 15:03:11Z" end-time="2017-12-05 15:05:46Z" duration="155.008850" asserts="11">
                    <properties />
                    <failure>
                      <message><![CDATA[System.Exception : Timeout error: Activation page is NOT displayed!]]></message>
                      <stack-trace><![CDATA[   at ASB.Test.Automation.Utils.Retry.Retry.Execute(Func`1 function, Int32 retryInterval, Int32 retryCount, String exceptionMessage)
   at Selenium.Steps.COB.ActivationSummary.ActivationSummarySteps.ThenTheActivationPageIsDisplayed()
   at TechTalk.SpecFlow.Bindings.BindingInvoker.InvokeBinding(IBinding binding, IContextManager contextManager, Object[] arguments, ITestTracer testTracer, TimeSpan& duration)
   at TechTalk.SpecFlow.Infrastructure.TestExecutionEngine.ExecuteStepMatch(BindingMatch match, Object[] arguments)
   at TechTalk.SpecFlow.Infrastructure.TestExecutionEngine.ExecuteStep(StepInstance stepInstance)
   at TechTalk.SpecFlow.Infrastructure.TestExecutionEngine.OnAfterLastStep()
   at Join.Form.Customer.Selenium.Features._09_TertiaryProductFeature.ScenarioCleanup()
   at Join.Form.Customer.Selenium.Features._09_TertiaryProductFeature.TER_ACTSUM_01_NZCitizen(String scenario, String products, String[] exampleTags)]]></stack-trace>
                    </failure>
                    <output><![CDATA[Given I start my Tertiary application
Navigating to URL: https://webappisamdev.asbbank.co.nz/public/join/tertiary/?grcDisabled=true
-> done: CommonSteps.GivenIStartMyTertiaryApplication() (0.6s)
Given I select the following products: 'Tertiary Cheque, ASB Visa Debit Tertiary'
12/6/2017 4:03:23 AMWaitForFeaturesPageLoad: Executing WaitForFrameAndSwitch
12/6/2017 4:03:23 AMWaitForFeaturesPageLoad: Done executing WaitForFrameAndSwitch
Unable to find product 'FastSaver' in page or product 'FastSaver' is not selected
Unable to find product 'Savings On Call' in page or product 'Savings On Call' is not selected
Unable to find product 'Tertiary Overdraft' in page or product 'Tertiary Overdraft' is not selected
Unable to find product 'ASB Visa Light Tertiary' in page or product 'ASB Visa Light Tertiary' is not selected
Unable to find product 'ASB Visa Light Tertiary' in page or product 'ASB Visa Light Tertiary' is not selected
Unable to find product 'Tertiary Overdraft' in page or product 'Tertiary Overdraft' is not selected
Unable to find product 'Savings On Call' in page or product 'Savings On Call' is not selected
Unable to find product 'FastSaver' in page or product 'FastSaver' is not selected
-> done: ProductsPageSteps.WhenIChangeMySelectedProductsTo("Tertiary Cheque, ...") (19.4s)
And I enter all required details and navigate to Summary page
  --- table step argument ---
  | Title | FirstName    | MiddleName | LastName | DateOfBirth   | Email                   | MobileNumber   | CountriesCitizenship | PreferredIdType | Password | VerbalPassword |
  | Miss  | AutomationNZ |            | RANDOM   | 16 March 1978 | Jay.Pamilacan@asb.co.nz | 021-1234567890 | New Zealand          | Other           | Kiwi77nz | MyCode01       |
Given I enter mandatory Tax Information for NZ citizen and clicks on Next button
-> done: AdditionalPersonalDetailsSteps.GivenIEnterMandatoryTaxInformationForNZCitizen() (0.5s)
-> done: PersonalDetailsSteps.GivenIEnterAllRequiredDetailsAndNavigateToSummaryPage(<table>) (21.6s)
When I confirm details on the Summary page
UniqueId: 
Title: Miss
FirstName: AutomationNZ
MiddleName: 
LastName: COB-uNbrw
Email: Jay.Pamilacan@asb.co.nz
Gender: 
DateOfBirth: 3/16/1978 12:00:00 AM
DateCreated: 
LastReviewDate: 
Cals: 
IsIndividual: 
NzCitizen: True
NzResidence: 
HighValueCustomer: 
StaffMember: 
AmlVerified: 
VipCustomer: 
Addresses: System.Collections.Generic.List`1[ASB.Selenium.DataModel.Customer.Address]
AddressInformation: ASB.Selenium.DataModel.Customer.AddressInformation
CompanyName: 
CompanyType: 
CompanySubType: 
CustomerTypeCode: 
IrdNumber: 
TaxClass: 
TaxClassDate: 
IsNzTaxResident: True
NonResidentCountryCode: 
IsForeignTaxResident: False
ForeignTaxResidencyStatus: 
IsProfileEnhanced: 
Phones: System.Collections.Generic.List`1[ASB.Selenium.DataModel.Customer.Phone]
NextOfKin: 
EmploymentDetails: 
LinkedCustomers: 
AccountRelationships: 
IdType: 
Fatca: ASB.Selenium.DataModel.Customer.Fatca
CitizenshipCountryCodes: 
CitizenshipCountryNames: System.Collections.Generic.List`1[System.String]
ForeignTaxResidenceTypes: System.Collections.Generic.List`1[ASB.Selenium.DataModel.Customer.ForeignTaxResidenceTypes]
OnboardingDetail: ASB.Selenium.DataModel.Customer.OnboardingDetail
AddressVerificationStatus: 
IdVerificationStatus: 
PreferredIdType: Other
IsProfileComplete: True
DaysRemaining: 0
OnboardingStatus: 
NewAccounts: System.Collections.Generic.List`1[ASB.Selenium.DataModel.Customer.Accounts]
FailedAccounts: System.Collections.Generic.List`1[ASB.Selenium.DataModel.Customer.Accounts]
OnboardingSource: Tertiary
CustomerCreated: 
LoginCreated: 
RegisteredForNetcode: 
AccountsCreated: 
CustomerAccessToken: 
VerificationPassword: MyCode01
LoginDetail: ASB.Selenium.DataModel.Customer.Login
CustomerType: 
Cif: 
Username: acob47778
UsernameApi: 
Password: Kiwi77nz
PublicKey: 
AcceptedTermsAndConditions: 
BackgroundCheckConsent: 
PreferredIdType: 
-> done: SummaryPageSteps.WhenIConfirmDetailsOnTheSummaryPage() (2.8s)
Then the 'Processing' screen of Join ASB page is displayed
-> done: CommonSteps.ThenTheScreenOfJoinASBPageIsDisplayed("Processing") (0.1s)
And the Logging you in progress page is displayed
-> done: ConfirmationPageSteps.ThenTheLoggingYouInProgressPageIsDisplayed() (14.7s)
And the Activation page is displayed
12/6/2017 4:04:13 AMThenTheActivationPageIsDisplayed: IsActivationPageDisplayed STARTED
12/6/2017 4:04:43 AMThenTheActivationPageIsDisplayed: IsActivationPageDisplayed DONE
12/6/2017 4:04:43 AMThenTheActivationPageIsDisplayed: IsSectionDisplayed STARTED
12/6/2017 4:05:13 AMThenTheActivationPageIsDisplayed: IsSectionDisplayed DONE
-> error: Timeout error: Activation page is NOT displayed!
And the account number and product name is displayed for the selected products
-> skipped because of previous errors
And the Profile Details section is displayed
-> skipped because of previous errors
And the Proof of Address section is displayed
-> skipped because of previous errors
And the Confirm Identity section is displayed
-> skipped because of previous errors
And the Show Proof of Study section is displayed
-> skipped because of previous errors
And the See a complete list of acceptable documents text is displayed conditionally
-> skipped because of previous errors
And the Find a branch button is displayed conditionally
-> skipped because of previous errors
]]></output>
                  </test-case>
                  <test-case id="0-1666" name="TER_ACTSUM_01_NZCitizen(&quot;All Tertiary Products&quot;,&quot;Tertiary Cheque, ASB Visa Debit Tertiary, Tertiary Overdraft, ASB Visa Light Tertiary,Savings On Call,FastSaver&quot;,System.String[])" fullname="Join.Form.Customer.Selenium.Features._09_TertiaryProductFeature.TER_ACTSUM_01_NZCitizen(&quot;All Tertiary Products&quot;,&quot;Tertiary Cheque, ASB Visa Debit Tertiary, Tertiary Overdraft, ASB Visa Light Tertiary,Savings On Call,FastSaver&quot;,System.String[])" methodname="TER_ACTSUM_01_NZCitizen" classname="Join.Form.Customer.Selenium.Features._09_TertiaryProductFeature" runstate="Runnable" seed="319379324" result="Failed" label="Error" start-time="2017-12-05 15:05:46Z" end-time="2017-12-05 15:08:26Z" duration="159.172883" asserts="11">
                    <properties />
                    <failure>
                      <message><![CDATA[System.Exception : Timeout error: Activation page is NOT displayed!]]></message>
                      <stack-trace><![CDATA[   at ASB.Test.Automation.Utils.Retry.Retry.Execute(Func`1 function, Int32 retryInterval, Int32 retryCount, String exceptionMessage)
   at Selenium.Steps.COB.ActivationSummary.ActivationSummarySteps.ThenTheActivationPageIsDisplayed()
   at TechTalk.SpecFlow.Bindings.BindingInvoker.InvokeBinding(IBinding binding, IContextManager contextManager, Object[] arguments, ITestTracer testTracer, TimeSpan& duration)
   at TechTalk.SpecFlow.Infrastructure.TestExecutionEngine.ExecuteStepMatch(BindingMatch match, Object[] arguments)
   at TechTalk.SpecFlow.Infrastructure.TestExecutionEngine.ExecuteStep(StepInstance stepInstance)
   at TechTalk.SpecFlow.Infrastructure.TestExecutionEngine.OnAfterLastStep()
   at Join.Form.Customer.Selenium.Features._09_TertiaryProductFeature.ScenarioCleanup()
   at Join.Form.Customer.Selenium.Features._09_TertiaryProductFeature.TER_ACTSUM_01_NZCitizen(String scenario, String products, String[] exampleTags)]]></stack-trace>
                    </failure>
                    <output><![CDATA[Given I start my Tertiary application
Navigating to URL: https://webappisamdev.asbbank.co.nz/public/join/tertiary/?grcDisabled=true
-> done: CommonSteps.GivenIStartMyTertiaryApplication() (0.6s)
Given I select the following products: 'Tertiary Cheque, ASB Visa Debit Tertiary, Tertiary Overdraft, ASB Visa Light Tertiary,Savings On Call,FastSaver'
12/6/2017 4:05:58 AMWaitForFeaturesPageLoad: Executing WaitForFrameAndSwitch
12/6/2017 4:05:58 AMWaitForFeaturesPageLoad: Done executing WaitForFrameAndSwitch
Unable to find product 'Tertiary Overdraft' in page or product 'Tertiary Overdraft' is not selected
Unable to find product 'ASB Visa Light Tertiary' in page or product 'ASB Visa Light Tertiary' is not selected
Unable to find product 'Savings On Call' in page or product 'Savings On Call' is not selected
Unable to find product 'FastSaver' in page or product 'FastSaver' is not selected
-> done: ProductsPageSteps.WhenIChangeMySelectedProductsTo("Tertiary Cheque, ...") (27.6s)
And I enter all required details and navigate to Summary page
  --- table step argument ---
  | Title | FirstName    | MiddleName | LastName | DateOfBirth   | Email                   | MobileNumber   | CountriesCitizenship | PreferredIdType | Password | VerbalPassword |
  | Miss  | AutomationNZ |            | RANDOM   | 16 March 1978 | Jay.Pamilacan@asb.co.nz | 021-1234567890 | New Zealand          | Other           | Kiwi77nz | MyCode01       |
Given I enter mandatory Tax Information for NZ citizen and clicks on Next button
-> done: AdditionalPersonalDetailsSteps.GivenIEnterMandatoryTaxInformationForNZCitizen() (0.5s)
-> done: PersonalDetailsSteps.GivenIEnterAllRequiredDetailsAndNavigateToSummaryPage(<table>) (15.7s)
When I confirm details on the Summary page
UniqueId: 
Title: Miss
FirstName: AutomationNZ
MiddleName: 
LastName: COB-ZJygv
Email: Jay.Pamilacan@asb.co.nz
Gender: 
DateOfBirth: 3/16/1978 12:00:00 AM
DateCreated: 
LastReviewDate: 
Cals: 
IsIndividual: 
NzCitizen: True
NzResidence: 
HighValueCustomer: 
StaffMember: 
AmlVerified: 
VipCustomer: 
Addresses: System.Collections.Generic.List`1[ASB.Selenium.DataModel.Customer.Address]
AddressInformation: ASB.Selenium.DataModel.Customer.AddressInformation
CompanyName: 
CompanyType: 
CompanySubType: 
CustomerTypeCode: 
IrdNumber: 
TaxClass: 
TaxClassDate: 
IsNzTaxResident: True
NonResidentCountryCode: 
IsForeignTaxResident: False
ForeignTaxResidencyStatus: 
IsProfileEnhanced: 
Phones: System.Collections.Generic.List`1[ASB.Selenium.DataModel.Customer.Phone]
NextOfKin: 
EmploymentDetails: 
LinkedCustomers: 
AccountRelationships: 
IdType: 
Fatca: ASB.Selenium.DataModel.Customer.Fatca
CitizenshipCountryCodes: 
CitizenshipCountryNames: System.Collections.Generic.List`1[System.String]
ForeignTaxResidenceTypes: System.Collections.Generic.List`1[ASB.Selenium.DataModel.Customer.ForeignTaxResidenceTypes]
OnboardingDetail: ASB.Selenium.DataModel.Customer.OnboardingDetail
AddressVerificationStatus: 
IdVerificationStatus: 
PreferredIdType: Other
IsProfileComplete: True
DaysRemaining: 0
OnboardingStatus: 
NewAccounts: System.Collections.Generic.List`1[ASB.Selenium.DataModel.Customer.Accounts]
FailedAccounts: System.Collections.Generic.List`1[ASB.Selenium.DataModel.Customer.Accounts]
OnboardingSource: Tertiary
CustomerCreated: 
LoginCreated: 
RegisteredForNetcode: 
AccountsCreated: 
CustomerAccessToken: 
VerificationPassword: MyCode01
LoginDetail: ASB.Selenium.DataModel.Customer.Login
CustomerType: 
Cif: 
Username: acob73604
UsernameApi: 
Password: Kiwi77nz
PublicKey: 
AcceptedTermsAndConditions: 
BackgroundCheckConsent: 
PreferredIdType: 
-> done: SummaryPageSteps.WhenIConfirmDetailsOnTheSummaryPage() (2.8s)
Then the 'Processing' screen of Join ASB page is displayed
-> done: CommonSteps.ThenTheScreenOfJoinASBPageIsDisplayed("Processing") (0.0s)
And the Logging you in progress page is displayed
-> done: ConfirmationPageSteps.ThenTheLoggingYouInProgressPageIsDisplayed() (16.5s)
And the Activation page is displayed
12/6/2017 4:06:52 AMThenTheActivationPageIsDisplayed: IsActivationPageDisplayed STARTED
12/6/2017 4:07:22 AMThenTheActivationPageIsDisplayed: IsActivationPageDisplayed DONE
12/6/2017 4:07:22 AMThenTheActivationPageIsDisplayed: IsSectionDisplayed STARTED
12/6/2017 4:07:52 AMThenTheActivationPageIsDisplayed: IsSectionDisplayed DONE
-> error: Timeout error: Activation page is NOT displayed!
And the account number and product name is displayed for the selected products
-> skipped because of previous errors
And the Profile Details section is displayed
-> skipped because of previous errors
And the Proof of Address section is displayed
-> skipped because of previous errors
And the Confirm Identity section is displayed
-> skipped because of previous errors
And the Show Proof of Study section is displayed
-> skipped because of previous errors
And the See a complete list of acceptable documents text is displayed conditionally
-> skipped because of previous errors
And the Find a branch button is displayed conditionally
-> skipped because of previous errors
]]></output>
                  </test-case>
                </test-suite>
                <test-suite type="ParameterizedMethod" id="0-1671" name="TER_ACTSUM_02_Non_NZCitizen" fullname="Join.Form.Customer.Selenium.Features._09_TertiaryProductFeature.TER_ACTSUM_02_Non_NZCitizen" classname="Join.Form.Customer.Selenium.Features._09_TertiaryProductFeature" runstate="Runnable" testcasecount="3" result="Failed" site="Child" start-time="2017-12-05 15:08:26Z" end-time="2017-12-05 15:15:35Z" duration="429.779941" total="3" passed="0" failed="3" warnings="0" inconclusive="0" skipped="0" asserts="36">
                  <properties>
                    <property name="Description" value="TER_ACTSUM_02 - Non-NZ Citizen" />
                    <property name="Category" value="COB" />
                    <property name="Category" value="activatesummary" />
                    <property name="Category" value="122016" />
                    <property name="Category" value="tertiary" />
                    <property name="Category" value="integration" />
                    <property name="Category" value="regression" />
                  </properties>
                  <failure>
                    <message><![CDATA[One or more child tests had errors]]></message>
                  </failure>
                  <test-case id="0-1668" name="TER_ACTSUM_02_Non_NZCitizen(&quot;Tertiary Cheque only&quot;,&quot;Tertiary Cheque&quot;,System.String[])" fullname="Join.Form.Customer.Selenium.Features._09_TertiaryProductFeature.TER_ACTSUM_02_Non_NZCitizen(&quot;Tertiary Cheque only&quot;,&quot;Tertiary Cheque&quot;,System.String[])" methodname="TER_ACTSUM_02_Non_NZCitizen" classname="Join.Form.Customer.Selenium.Features._09_TertiaryProductFeature" runstate="Runnable" seed="1922519617" result="Failed" label="Error" start-time="2017-12-05 15:08:26Z" end-time="2017-12-05 15:10:49Z" duration="143.296492" asserts="12">
                    <properties />
                    <failure>
                      <message><![CDATA[System.Exception : Timeout error: Activation page is NOT displayed!]]></message>
                      <stack-trace><![CDATA[   at ASB.Test.Automation.Utils.Retry.Retry.Execute(Func`1 function, Int32 retryInterval, Int32 retryCount, String exceptionMessage)
   at Selenium.Steps.COB.ActivationSummary.ActivationSummarySteps.ThenTheActivationPageIsDisplayed()
   at TechTalk.SpecFlow.Bindings.BindingInvoker.InvokeBinding(IBinding binding, IContextManager contextManager, Object[] arguments, ITestTracer testTracer, TimeSpan& duration)
   at TechTalk.SpecFlow.Infrastructure.TestExecutionEngine.ExecuteStepMatch(BindingMatch match, Object[] arguments)
   at TechTalk.SpecFlow.Infrastructure.TestExecutionEngine.ExecuteStep(StepInstance stepInstance)
   at TechTalk.SpecFlow.Infrastructure.TestExecutionEngine.OnAfterLastStep()
   at Join.Form.Customer.Selenium.Features._09_TertiaryProductFeature.ScenarioCleanup()
   at Join.Form.Customer.Selenium.Features._09_TertiaryProductFeature.TER_ACTSUM_02_Non_NZCitizen(String scenario, String products, String[] exampleTags)]]></stack-trace>
                    </failure>
                    <output><![CDATA[Given I start my Tertiary application
Navigating to URL: https://webappisamdev.asbbank.co.nz/public/join/tertiary/?grcDisabled=true
-> done: CommonSteps.GivenIStartMyTertiaryApplication() (0.7s)
Given I am in the Introduction page
12/6/2017 4:08:27 AMWaitForFeaturesPageLoad: Executing WaitForFrameAndSwitch
12/6/2017 4:08:28 AMWaitForFeaturesPageLoad: Done executing WaitForFrameAndSwitch
-> done: IntroductionPageSteps.GivenIAmInTheIntroductionPage() (3.5s)
And I select 'Yes' in the NZQA question
-> done: IntroductionPageSteps.WhenISelectInTheNzqaQuestion("Yes") (0.2s)
And I select 'Yes' in the Over 17 question
-> done: IntroductionPageSteps.WhenISelectInTheOver17Question("Yes") (0.2s)
And I select 'No' in the NZ Citizen question
-> done: IntroductionPageSteps.WhenISelectInTheNzCitizenQuestion("No") (0.1s)
And I click on 'Get started' button
-> done: CommonSteps.WhenIClickOnButton("Get started") (0.1s)
And I select the following products: 'Tertiary Cheque'
Unable to find product 'FastSaver' in page or product 'FastSaver' is not selected
Unable to find product 'Savings On Call' in page or product 'Savings On Call' is not selected
Unable to find product 'ASB Visa Debit Tertiary' in page or product 'ASB Visa Debit Tertiary' is not selected
Unable to find product 'ASB Visa Light Tertiary' in page or product 'ASB Visa Light Tertiary' is not selected
Unable to find product 'Tertiary Overdraft' in page or product 'Tertiary Overdraft' is not selected
Unable to find product 'Savings On Call' in page or product 'Savings On Call' is not selected
Unable to find product 'FastSaver' in page or product 'FastSaver' is not selected
-> done: ProductsPageSteps.WhenIChangeMySelectedProductsTo("Tertiary Cheque") (7.5s)
And I enter all required details and navigate to Summary page
  --- table step argument ---
  | Title | FirstName  | MiddleName | LastName | DateOfBirth   | Email                   | MobileNumber   | CountriesCitizenship | PreferredIdType | Password | VerbalPassword |
  | Miss  | Automation |            | RANDOM   | 16 March 1978 | Jay.Pamilacan@asb.co.nz | 021-1234567890 | New Zealand          | Other           | Kiwi77nz | MyCode01       |
Given I enter mandatory Tax Information for NZ citizen and clicks on Next button
-> done: AdditionalPersonalDetailsSteps.GivenIEnterMandatoryTaxInformationForNZCitizen() (0.5s)
-> done: PersonalDetailsSteps.GivenIEnterAllRequiredDetailsAndNavigateToSummaryPage(<table>) (15.9s)
When I confirm details on the Summary page
UniqueId: 
Title: Miss
FirstName: Automation
MiddleName: 
LastName: COB-dlZUX
Email: Jay.Pamilacan@asb.co.nz
Gender: 
DateOfBirth: 3/16/1978 12:00:00 AM
DateCreated: 
LastReviewDate: 
Cals: 
IsIndividual: 
NzCitizen: False
NzResidence: 
HighValueCustomer: 
StaffMember: 
AmlVerified: 
VipCustomer: 
Addresses: System.Collections.Generic.List`1[ASB.Selenium.DataModel.Customer.Address]
AddressInformation: ASB.Selenium.DataModel.Customer.AddressInformation
CompanyName: 
CompanyType: 
CompanySubType: 
CustomerTypeCode: 
IrdNumber: 
TaxClass: 
TaxClassDate: 
IsNzTaxResident: True
NonResidentCountryCode: 
IsForeignTaxResident: False
ForeignTaxResidencyStatus: 
IsProfileEnhanced: 
Phones: System.Collections.Generic.List`1[ASB.Selenium.DataModel.Customer.Phone]
NextOfKin: 
EmploymentDetails: 
LinkedCustomers: 
AccountRelationships: 
IdType: 
Fatca: ASB.Selenium.DataModel.Customer.Fatca
CitizenshipCountryCodes: 
CitizenshipCountryNames: System.Collections.Generic.List`1[System.String]
ForeignTaxResidenceTypes: System.Collections.Generic.List`1[ASB.Selenium.DataModel.Customer.ForeignTaxResidenceTypes]
OnboardingDetail: ASB.Selenium.DataModel.Customer.OnboardingDetail
AddressVerificationStatus: 
IdVerificationStatus: 
PreferredIdType: Other
IsProfileComplete: True
DaysRemaining: 0
OnboardingStatus: 
NewAccounts: System.Collections.Generic.List`1[ASB.Selenium.DataModel.Customer.Accounts]
FailedAccounts: System.Collections.Generic.List`1[ASB.Selenium.DataModel.Customer.Accounts]
OnboardingSource: Tertiary
CustomerCreated: 
LoginCreated: 
RegisteredForNetcode: 
AccountsCreated: 
CustomerAccessToken: 
VerificationPassword: MyCode01
LoginDetail: ASB.Selenium.DataModel.Customer.Login
CustomerType: 
Cif: 
Username: acob42174
UsernameApi: 
Password: Kiwi77nz
PublicKey: 
AcceptedTermsAndConditions: 
BackgroundCheckConsent: 
PreferredIdType: 
-> done: SummaryPageSteps.WhenIConfirmDetailsOnTheSummaryPage() (2.8s)
Then the 'Processing' screen of Join ASB page is displayed
-> done: CommonSteps.ThenTheScreenOfJoinASBPageIsDisplayed("Processing") (0.0s)
And the Logging you in progress page is displayed
-> done: ConfirmationPageSteps.ThenTheLoggingYouInProgressPageIsDisplayed() (16.1s)
And the Activation page is displayed
12/6/2017 4:09:15 AMThenTheActivationPageIsDisplayed: IsActivationPageDisplayed STARTED
12/6/2017 4:09:45 AMThenTheActivationPageIsDisplayed: IsActivationPageDisplayed DONE
12/6/2017 4:09:45 AMThenTheActivationPageIsDisplayed: IsSectionDisplayed STARTED
12/6/2017 4:10:16 AMThenTheActivationPageIsDisplayed: IsSectionDisplayed DONE
-> error: Timeout error: Activation page is NOT displayed!
And the account number and product name is displayed for the selected products
-> skipped because of previous errors
And the Profile Details section is displayed
-> skipped because of previous errors
And the Proof of Address section is displayed
-> skipped because of previous errors
And the Confirm Identity section is displayed
-> skipped because of previous errors
And the Show Proof of Study section is displayed
-> skipped because of previous errors
And the See a complete list of acceptable documents text is displayed conditionally
-> skipped because of previous errors
And the Find a branch button is displayed conditionally
-> skipped because of previous errors
]]></output>
                  </test-case>
                  <test-case id="0-1669" name="TER_ACTSUM_02_Non_NZCitizen(&quot;Default Tertiary Products&quot;,&quot;Tertiary Cheque, ASB Visa Debit Tertiary&quot;,System.String[])" fullname="Join.Form.Customer.Selenium.Features._09_TertiaryProductFeature.TER_ACTSUM_02_Non_NZCitizen(&quot;Default Tertiary Products&quot;,&quot;Tertiary Cheque, ASB Visa Debit Tertiary&quot;,System.String[])" methodname="TER_ACTSUM_02_Non_NZCitizen" classname="Join.Form.Customer.Selenium.Features._09_TertiaryProductFeature" runstate="Runnable" seed="564942141" result="Failed" label="Error" start-time="2017-12-05 15:10:49Z" end-time="2017-12-05 15:13:10Z" duration="141.148046" asserts="12">
                    <properties />
                    <failure>
                      <message><![CDATA[System.Exception : Timeout error: Activation page is NOT displayed!]]></message>
                      <stack-trace><![CDATA[   at ASB.Test.Automation.Utils.Retry.Retry.Execute(Func`1 function, Int32 retryInterval, Int32 retryCount, String exceptionMessage)
   at Selenium.Steps.COB.ActivationSummary.ActivationSummarySteps.ThenTheActivationPageIsDisplayed()
   at TechTalk.SpecFlow.Bindings.BindingInvoker.InvokeBinding(IBinding binding, IContextManager contextManager, Object[] arguments, ITestTracer testTracer, TimeSpan& duration)
   at TechTalk.SpecFlow.Infrastructure.TestExecutionEngine.ExecuteStepMatch(BindingMatch match, Object[] arguments)
   at TechTalk.SpecFlow.Infrastructure.TestExecutionEngine.ExecuteStep(StepInstance stepInstance)
   at TechTalk.SpecFlow.Infrastructure.TestExecutionEngine.OnAfterLastStep()
   at Join.Form.Customer.Selenium.Features._09_TertiaryProductFeature.ScenarioCleanup()
   at Join.Form.Customer.Selenium.Features._09_TertiaryProductFeature.TER_ACTSUM_02_Non_NZCitizen(String scenario, String products, String[] exampleTags)]]></stack-trace>
                    </failure>
                    <output><![CDATA[Given I start my Tertiary application
Navigating to URL: https://webappisamdev.asbbank.co.nz/public/join/tertiary/?grcDisabled=true
-> done: CommonSteps.GivenIStartMyTertiaryApplication() (0.6s)
Given I am in the Introduction page
12/6/2017 4:10:50 AMWaitForFeaturesPageLoad: Executing WaitForFrameAndSwitch
12/6/2017 4:10:51 AMWaitForFeaturesPageLoad: Done executing WaitForFrameAndSwitch
-> done: IntroductionPageSteps.GivenIAmInTheIntroductionPage() (2.4s)
And I select 'Yes' in the NZQA question
-> done: IntroductionPageSteps.WhenISelectInTheNzqaQuestion("Yes") (0.2s)
And I select 'Yes' in the Over 17 question
-> done: IntroductionPageSteps.WhenISelectInTheOver17Question("Yes") (0.1s)
And I select 'No' in the NZ Citizen question
-> done: IntroductionPageSteps.WhenISelectInTheNzCitizenQuestion("No") (0.1s)
And I click on 'Get started' button
-> done: CommonSteps.WhenIClickOnButton("Get started") (0.1s)
And I select the following products: 'Tertiary Cheque, ASB Visa Debit Tertiary'
Unable to find product 'FastSaver' in page or product 'FastSaver' is not selected
Unable to find product 'Savings On Call' in page or product 'Savings On Call' is not selected
Unable to find product 'ASB Visa Light Tertiary' in page or product 'ASB Visa Light Tertiary' is not selected
Unable to find product 'Tertiary Overdraft' in page or product 'Tertiary Overdraft' is not selected
Unable to find product 'Savings On Call' in page or product 'Savings On Call' is not selected
Unable to find product 'FastSaver' in page or product 'FastSaver' is not selected
-> done: ProductsPageSteps.WhenIChangeMySelectedProductsTo("Tertiary Cheque, ...") (6.5s)
And I enter all required details and navigate to Summary page
  --- table step argument ---
  | Title | FirstName  | MiddleName | LastName | DateOfBirth   | Email                   | MobileNumber   | CountriesCitizenship | PreferredIdType | Password | VerbalPassword |
  | Miss  | Automation |            | RANDOM   | 16 March 1978 | Jay.Pamilacan@asb.co.nz | 021-1234567890 | New Zealand          | Other           | Kiwi77nz | MyCode01       |
Given I enter mandatory Tax Information for NZ citizen and clicks on Next button
-> done: AdditionalPersonalDetailsSteps.GivenIEnterMandatoryTaxInformationForNZCitizen() (0.5s)
-> done: PersonalDetailsSteps.GivenIEnterAllRequiredDetailsAndNavigateToSummaryPage(<table>) (15.6s)
When I confirm details on the Summary page
UniqueId: 
Title: Miss
FirstName: Automation
MiddleName: 
LastName: COB-OytxY
Email: Jay.Pamilacan@asb.co.nz
Gender: 
DateOfBirth: 3/16/1978 12:00:00 AM
DateCreated: 
LastReviewDate: 
Cals: 
IsIndividual: 
NzCitizen: False
NzResidence: 
HighValueCustomer: 
StaffMember: 
AmlVerified: 
VipCustomer: 
Addresses: System.Collections.Generic.List`1[ASB.Selenium.DataModel.Customer.Address]
AddressInformation: ASB.Selenium.DataModel.Customer.AddressInformation
CompanyName: 
CompanyType: 
CompanySubType: 
CustomerTypeCode: 
IrdNumber: 
TaxClass: 
TaxClassDate: 
IsNzTaxResident: True
NonResidentCountryCode: 
IsForeignTaxResident: False
ForeignTaxResidencyStatus: 
IsProfileEnhanced: 
Phones: System.Collections.Generic.List`1[ASB.Selenium.DataModel.Customer.Phone]
NextOfKin: 
EmploymentDetails: 
LinkedCustomers: 
AccountRelationships: 
IdType: 
Fatca: ASB.Selenium.DataModel.Customer.Fatca
CitizenshipCountryCodes: 
CitizenshipCountryNames: System.Collections.Generic.List`1[System.String]
ForeignTaxResidenceTypes: System.Collections.Generic.List`1[ASB.Selenium.DataModel.Customer.ForeignTaxResidenceTypes]
OnboardingDetail: ASB.Selenium.DataModel.Customer.OnboardingDetail
AddressVerificationStatus: 
IdVerificationStatus: 
PreferredIdType: Other
IsProfileComplete: True
DaysRemaining: 0
OnboardingStatus: 
NewAccounts: System.Collections.Generic.List`1[ASB.Selenium.DataModel.Customer.Accounts]
FailedAccounts: System.Collections.Generic.List`1[ASB.Selenium.DataModel.Customer.Accounts]
OnboardingSource: Tertiary
CustomerCreated: 
LoginCreated: 
RegisteredForNetcode: 
AccountsCreated: 
CustomerAccessToken: 
VerificationPassword: MyCode01
LoginDetail: ASB.Selenium.DataModel.Customer.Login
CustomerType: 
Cif: 
Username: acob88780
UsernameApi: 
Password: Kiwi77nz
PublicKey: 
AcceptedTermsAndConditions: 
BackgroundCheckConsent: 
PreferredIdType: 
-> done: SummaryPageSteps.WhenIConfirmDetailsOnTheSummaryPage() (2.8s)
Then the 'Processing' screen of Join ASB page is displayed
-> done: CommonSteps.ThenTheScreenOfJoinASBPageIsDisplayed("Processing") (0.0s)
And the Logging you in progress page is displayed
-> done: ConfirmationPageSteps.ThenTheLoggingYouInProgressPageIsDisplayed() (16.6s)
And the Activation page is displayed
12/6/2017 4:11:36 AMThenTheActivationPageIsDisplayed: IsActivationPageDisplayed STARTED
12/6/2017 4:12:07 AMThenTheActivationPageIsDisplayed: IsActivationPageDisplayed DONE
12/6/2017 4:12:07 AMThenTheActivationPageIsDisplayed: IsSectionDisplayed STARTED
12/6/2017 4:12:37 AMThenTheActivationPageIsDisplayed: IsSectionDisplayed DONE
-> error: Timeout error: Activation page is NOT displayed!
And the account number and product name is displayed for the selected products
-> skipped because of previous errors
And the Profile Details section is displayed
-> skipped because of previous errors
And the Proof of Address section is displayed
-> skipped because of previous errors
And the Confirm Identity section is displayed
-> skipped because of previous errors
And the Show Proof of Study section is displayed
-> skipped because of previous errors
And the See a complete list of acceptable documents text is displayed conditionally
-> skipped because of previous errors
And the Find a branch button is displayed conditionally
-> skipped because of previous errors
]]></output>
                  </test-case>
                  <test-case id="0-1670" name="TER_ACTSUM_02_Non_NZCitizen(&quot;All Tertiary Products&quot;,&quot;Tertiary Cheque, ASB Visa Debit Tertiary, Savings On Call,FastSaver&quot;,System.String[])" fullname="Join.Form.Customer.Selenium.Features._09_TertiaryProductFeature.TER_ACTSUM_02_Non_NZCitizen(&quot;All Tertiary Products&quot;,&quot;Tertiary Cheque, ASB Visa Debit Tertiary, Savings On Call,FastSaver&quot;,System.String[])" methodname="TER_ACTSUM_02_Non_NZCitizen" classname="Join.Form.Customer.Selenium.Features._09_TertiaryProductFeature" runstate="Runnable" seed="73613225" result="Failed" label="Error" start-time="2017-12-05 15:13:10Z" end-time="2017-12-05 15:15:35Z" duration="145.256151" asserts="12">
                    <properties />
                    <failure>
                      <message><![CDATA[System.Exception : Timeout error: Activation page is NOT displayed!]]></message>
                      <stack-trace><![CDATA[   at ASB.Test.Automation.Utils.Retry.Retry.Execute(Func`1 function, Int32 retryInterval, Int32 retryCount, String exceptionMessage)
   at Selenium.Steps.COB.ActivationSummary.ActivationSummarySteps.ThenTheActivationPageIsDisplayed()
   at TechTalk.SpecFlow.Bindings.BindingInvoker.InvokeBinding(IBinding binding, IContextManager contextManager, Object[] arguments, ITestTracer testTracer, TimeSpan& duration)
   at TechTalk.SpecFlow.Infrastructure.TestExecutionEngine.ExecuteStepMatch(BindingMatch match, Object[] arguments)
   at TechTalk.SpecFlow.Infrastructure.TestExecutionEngine.ExecuteStep(StepInstance stepInstance)
   at TechTalk.SpecFlow.Infrastructure.TestExecutionEngine.OnAfterLastStep()
   at Join.Form.Customer.Selenium.Features._09_TertiaryProductFeature.ScenarioCleanup()
   at Join.Form.Customer.Selenium.Features._09_TertiaryProductFeature.TER_ACTSUM_02_Non_NZCitizen(String scenario, String products, String[] exampleTags)]]></stack-trace>
                    </failure>
                    <output><![CDATA[Given I start my Tertiary application
Navigating to URL: https://webappisamdev.asbbank.co.nz/public/join/tertiary/?grcDisabled=true
-> done: CommonSteps.GivenIStartMyTertiaryApplication() (0.6s)
Given I am in the Introduction page
12/6/2017 4:13:12 AMWaitForFeaturesPageLoad: Executing WaitForFrameAndSwitch
12/6/2017 4:13:13 AMWaitForFeaturesPageLoad: Done executing WaitForFrameAndSwitch
-> done: IntroductionPageSteps.GivenIAmInTheIntroductionPage() (2.5s)
And I select 'Yes' in the NZQA question
-> done: IntroductionPageSteps.WhenISelectInTheNzqaQuestion("Yes") (0.2s)
And I select 'Yes' in the Over 17 question
-> done: IntroductionPageSteps.WhenISelectInTheOver17Question("Yes") (0.1s)
And I select 'No' in the NZ Citizen question
-> done: IntroductionPageSteps.WhenISelectInTheNzCitizenQuestion("No") (0.1s)
And I click on 'Get started' button
-> done: CommonSteps.WhenIClickOnButton("Get started") (0.1s)
And I select the following products: 'Tertiary Cheque, ASB Visa Debit Tertiary, Savings On Call,FastSaver'
Unable to find product 'Savings On Call' in page or product 'Savings On Call' is not selected
Unable to find product 'FastSaver' in page or product 'FastSaver' is not selected
Unable to find product 'ASB Visa Light Tertiary' in page or product 'ASB Visa Light Tertiary' is not selected
Unable to find product 'Tertiary Overdraft' in page or product 'Tertiary Overdraft' is not selected
-> done: ProductsPageSteps.WhenIChangeMySelectedProductsTo("Tertiary Cheque, ...") (10.6s)
And I enter all required details and navigate to Summary page
  --- table step argument ---
  | Title | FirstName  | MiddleName | LastName | DateOfBirth   | Email                   | MobileNumber   | CountriesCitizenship | PreferredIdType | Password | VerbalPassword |
  | Miss  | Automation |            | RANDOM   | 16 March 1978 | Jay.Pamilacan@asb.co.nz | 021-1234567890 | New Zealand          | Other           | Kiwi77nz | MyCode01       |
Given I enter mandatory Tax Information for NZ citizen and clicks on Next button
-> done: AdditionalPersonalDetailsSteps.GivenIEnterMandatoryTaxInformationForNZCitizen() (0.5s)
-> done: PersonalDetailsSteps.GivenIEnterAllRequiredDetailsAndNavigateToSummaryPage(<table>) (15.5s)
When I confirm details on the Summary page
UniqueId: 
Title: Miss
FirstName: Automation
MiddleName: 
LastName: COB-BFwYB
Email: Jay.Pamilacan@asb.co.nz
Gender: 
DateOfBirth: 3/16/1978 12:00:00 AM
DateCreated: 
LastReviewDate: 
Cals: 
IsIndividual: 
NzCitizen: False
NzResidence: 
HighValueCustomer: 
StaffMember: 
AmlVerified: 
VipCustomer: 
Addresses: System.Collections.Generic.List`1[ASB.Selenium.DataModel.Customer.Address]
AddressInformation: ASB.Selenium.DataModel.Customer.AddressInformation
CompanyName: 
CompanyType: 
CompanySubType: 
CustomerTypeCode: 
IrdNumber: 
TaxClass: 
TaxClassDate: 
IsNzTaxResident: True
NonResidentCountryCode: 
IsForeignTaxResident: False
ForeignTaxResidencyStatus: 
IsProfileEnhanced: 
Phones: System.Collections.Generic.List`1[ASB.Selenium.DataModel.Customer.Phone]
NextOfKin: 
EmploymentDetails: 
LinkedCustomers: 
AccountRelationships: 
IdType: 
Fatca: ASB.Selenium.DataModel.Customer.Fatca
CitizenshipCountryCodes: 
CitizenshipCountryNames: System.Collections.Generic.List`1[System.String]
ForeignTaxResidenceTypes: System.Collections.Generic.List`1[ASB.Selenium.DataModel.Customer.ForeignTaxResidenceTypes]
OnboardingDetail: ASB.Selenium.DataModel.Customer.OnboardingDetail
AddressVerificationStatus: 
IdVerificationStatus: 
PreferredIdType: Other
IsProfileComplete: True
DaysRemaining: 0
OnboardingStatus: 
NewAccounts: System.Collections.Generic.List`1[ASB.Selenium.DataModel.Customer.Accounts]
FailedAccounts: System.Collections.Generic.List`1[ASB.Selenium.DataModel.Customer.Accounts]
OnboardingSource: Tertiary
CustomerCreated: 
LoginCreated: 
RegisteredForNetcode: 
AccountsCreated: 
CustomerAccessToken: 
VerificationPassword: MyCode01
LoginDetail: ASB.Selenium.DataModel.Customer.Login
CustomerType: 
Cif: 
Username: acob25447
UsernameApi: 
Password: Kiwi77nz
PublicKey: 
AcceptedTermsAndConditions: 
BackgroundCheckConsent: 
PreferredIdType: 
-> done: SummaryPageSteps.WhenIConfirmDetailsOnTheSummaryPage() (2.9s)
Then the 'Processing' screen of Join ASB page is displayed
-> done: CommonSteps.ThenTheScreenOfJoinASBPageIsDisplayed("Processing") (0.0s)
And the Logging you in progress page is displayed
-> done: ConfirmationPageSteps.ThenTheLoggingYouInProgressPageIsDisplayed() (16.4s)
And the Activation page is displayed
12/6/2017 4:14:01 AMThenTheActivationPageIsDisplayed: IsActivationPageDisplayed STARTED
12/6/2017 4:14:32 AMThenTheActivationPageIsDisplayed: IsActivationPageDisplayed DONE
12/6/2017 4:14:32 AMThenTheActivationPageIsDisplayed: IsSectionDisplayed STARTED
12/6/2017 4:15:02 AMThenTheActivationPageIsDisplayed: IsSectionDisplayed DONE
-> error: Timeout error: Activation page is NOT displayed!
And the account number and product name is displayed for the selected products
-> skipped because of previous errors
And the Profile Details section is displayed
-> skipped because of previous errors
And the Proof of Address section is displayed
-> skipped because of previous errors
And the Confirm Identity section is displayed
-> skipped because of previous errors
And the Show Proof of Study section is displayed
-> skipped because of previous errors
And the See a complete list of acceptable documents text is displayed conditionally
-> skipped because of previous errors
And the Find a branch button is displayed conditionally
-> skipped because of previous errors
]]></output>
                  </test-case>
                </test-suite>
                <test-case id="0-1652" name="TER_CNFM_01_VerifyConfirmationScreen_BadCustomerCheckBlock" fullname="Join.Form.Customer.Selenium.Features._09_TertiaryProductFeature.TER_CNFM_01_VerifyConfirmationScreen_BadCustomerCheckBlock" methodname="TER_CNFM_01_VerifyConfirmationScreen_BadCustomerCheckBlock" classname="Join.Form.Customer.Selenium.Features._09_TertiaryProductFeature" runstate="Runnable" seed="347583768" result="Passed" start-time="2017-12-05 15:15:35Z" end-time="2017-12-05 15:16:26Z" duration="50.408108" asserts="19">
                  <properties>
                    <property name="Description" value="TER_CNFM_01 - Verify Confirmation screen - Bad Customer check (block)" />
                    <property name="Category" value="COB" />
                    <property name="Category" value="confirmation" />
                    <property name="Category" value="regression" />
                    <property name="Category" value="integration" />
                    <property name="Category" value="112016" />
                    <property name="Category" value="tertiary" />
                  </properties>
                  <output><![CDATA[Given I start my Tertiary application
Navigating to URL: https://webappisamdev.asbbank.co.nz/public/join/tertiary/?grcDisabled=true
-> done: CommonSteps.GivenIStartMyTertiaryApplication() (0.6s)
Given I select the following products: 'Tertiary Cheque, ASB Visa Debit Tertiary'
12/6/2017 4:15:47 AMWaitForFeaturesPageLoad: Executing WaitForFrameAndSwitch
12/6/2017 4:15:47 AMWaitForFeaturesPageLoad: Done executing WaitForFrameAndSwitch
Unable to find product 'FastSaver' in page or product 'FastSaver' is not selected
Unable to find product 'Savings On Call' in page or product 'Savings On Call' is not selected
Unable to find product 'Tertiary Overdraft' in page or product 'Tertiary Overdraft' is not selected
Unable to find product 'ASB Visa Light Tertiary' in page or product 'ASB Visa Light Tertiary' is not selected
Unable to find product 'ASB Visa Light Tertiary' in page or product 'ASB Visa Light Tertiary' is not selected
Unable to find product 'Tertiary Overdraft' in page or product 'Tertiary Overdraft' is not selected
Unable to find product 'Savings On Call' in page or product 'Savings On Call' is not selected
Unable to find product 'FastSaver' in page or product 'FastSaver' is not selected
-> done: ProductsPageSteps.WhenIChangeMySelectedProductsTo("Tertiary Cheque, ...") (19.3s)
And I enter all required details and navigate to Summary page
  --- table step argument ---
  | Title | FirstName | MiddleName | LastName | DateOfBirth | Email             | MobileNumber | CountriesCitizenship | PreferredIdType | Password | VerbalPassword |
  | Mr    | Michael   | Sam        | Wayne    | 1 June 1983 | cob2016@asb.co.nz | 021-RANDOM   | New Zealand          | Other           | Kiwi77nz | MyCode01       |
Given I enter mandatory Tax Information for NZ citizen and clicks on Next button
-> done: AdditionalPersonalDetailsSteps.GivenIEnterMandatoryTaxInformationForNZCitizen() (0.5s)
-> done: PersonalDetailsSteps.GivenIEnterAllRequiredDetailsAndNavigateToSummaryPage(<table>) (20.9s)
When I confirm details on the Summary page
UniqueId: 
Title: Mr
FirstName: Michael
MiddleName: Sam
LastName: Wayne
Email: cob2016@asb.co.nz
Gender: 
DateOfBirth: 6/1/1983 12:00:00 AM
DateCreated: 
LastReviewDate: 
Cals: 
IsIndividual: 
NzCitizen: True
NzResidence: 
HighValueCustomer: 
StaffMember: 
AmlVerified: 
VipCustomer: 
Addresses: System.Collections.Generic.List`1[ASB.Selenium.DataModel.Customer.Address]
AddressInformation: ASB.Selenium.DataModel.Customer.AddressInformation
CompanyName: 
CompanyType: 
CompanySubType: 
CustomerTypeCode: 
IrdNumber: 
TaxClass: 
TaxClassDate: 
IsNzTaxResident: True
NonResidentCountryCode: 
IsForeignTaxResident: False
ForeignTaxResidencyStatus: 
IsProfileEnhanced: 
Phones: System.Collections.Generic.List`1[ASB.Selenium.DataModel.Customer.Phone]
NextOfKin: 
EmploymentDetails: 
LinkedCustomers: 
AccountRelationships: 
IdType: 
Fatca: ASB.Selenium.DataModel.Customer.Fatca
CitizenshipCountryCodes: 
CitizenshipCountryNames: System.Collections.Generic.List`1[System.String]
ForeignTaxResidenceTypes: System.Collections.Generic.List`1[ASB.Selenium.DataModel.Customer.ForeignTaxResidenceTypes]
OnboardingDetail: ASB.Selenium.DataModel.Customer.OnboardingDetail
AddressVerificationStatus: 
IdVerificationStatus: 
PreferredIdType: Other
IsProfileComplete: True
DaysRemaining: 0
OnboardingStatus: 
NewAccounts: System.Collections.Generic.List`1[ASB.Selenium.DataModel.Customer.Accounts]
FailedAccounts: System.Collections.Generic.List`1[ASB.Selenium.DataModel.Customer.Accounts]
OnboardingSource: Tertiary
CustomerCreated: 
LoginCreated: 
RegisteredForNetcode: 
AccountsCreated: 
CustomerAccessToken: 
VerificationPassword: MyCode01
LoginDetail: ASB.Selenium.DataModel.Customer.Login
CustomerType: 
Cif: 
Username: mway06689
UsernameApi: 
Password: Kiwi77nz
PublicKey: 
AcceptedTermsAndConditions: 
BackgroundCheckConsent: 
PreferredIdType: 
-> done: SummaryPageSteps.WhenIConfirmDetailsOnTheSummaryPage() (2.9s)
Then System Unavailable screen is displayed
-> done: ConfirmationPageSteps.ThenSystemUnavailableScreenIsDisplayed("is") (0.5s)
And a message advising me of difficulties signing me up online and to contact ASB is displayed
-> done: ConfirmationPageSteps.ThenAMessageAdvisingMeOfDifficultiesSigningMeUpOnlineAndToContactASBIsDisplayed("is") (0.0s)
And the Confirmation page for duplicate 'bad' customer with open products is displayed
Unable to find FNC Login section!
-> done: ConfirmationPageSteps.ThenTheConfirmationPageForCustomerIsDisplayed("bad") (2.1s)
And the 'Find a branch' button opens in a new window
-> done: CommonSteps.ThenTheButtonOpensInANewWindow("Find a branch") (3.2s)
]]></output>
                </test-case>
                <test-case id="0-1653" name="TER_CNFM_02_VerifyProofOfAddressAndTertiaryCopy_BadCustomer" fullname="Join.Form.Customer.Selenium.Features._09_TertiaryProductFeature.TER_CNFM_02_VerifyProofOfAddressAndTertiaryCopy_BadCustomer" methodname="TER_CNFM_02_VerifyProofOfAddressAndTertiaryCopy_BadCustomer" classname="Join.Form.Customer.Selenium.Features._09_TertiaryProductFeature" runstate="Runnable" seed="861518680" result="Failed" label="Error" start-time="2017-12-05 15:16:26Z" end-time="2017-12-05 15:17:11Z" duration="45.300690" asserts="20">
                  <properties>
                    <property name="Description" value="TER_CNFM_02 - Verify Proof of Address and Tertiary copy - Bad Customer" />
                    <property name="Category" value="COB" />
                    <property name="Category" value="confirmation" />
                    <property name="Category" value="regression" />
                    <property name="Category" value="integration" />
                    <property name="Category" value="122016" />
                    <property name="Category" value="tertiary" />
                  </properties>
                  <failure>
                    <message><![CDATA[System.InvalidOperationException : Sequence contains no matching element
  One or more failures in Multiple assert block:
  1)   NZQA document text not found!
  Expected: True
  But was:  False

  2)   Letter from a New Zealand educational institution that is less than three months old. text not found!
  Expected: True
  But was:  False

  3)   Any posted document which includes your name and home address that's less than 12 months old. This includes Studylink correspondence. text not found!
  Expected: True
  But was:  False


TearDown : NUnit.Framework.assertionException :   Verification failures exist. Please check output for details.
  Expected: False
  But was:  True
]]></message>
                    <stack-trace><![CDATA[   at System.Linq.Enumerable.First[TSource](IEnumerable`1 source, Func`2 predicate)
   at Join.Form.Customer.Selenium.Pages.ErrorPage.IsShowProofOfStudySectionDisplayed()
   at Join.Form.Customer.Selenium.StepDefinitions.ConfirmationPageSteps.ThenTheShowProofOfStudySectionIsDisplayedForTertiaryCustomer()
   at TechTalk.SpecFlow.Bindings.BindingInvoker.InvokeBinding(IBinding binding, IContextManager contextManager, Object[] arguments, ITestTracer testTracer, TimeSpan& duration)
   at TechTalk.SpecFlow.Infrastructure.TestExecutionEngine.ExecuteStepMatch(BindingMatch match, Object[] arguments)
   at TechTalk.SpecFlow.Infrastructure.TestExecutionEngine.ExecuteStep(StepInstance stepInstance)
   at TechTalk.SpecFlow.Infrastructure.TestExecutionEngine.OnAfterLastStep()
   at Join.Form.Customer.Selenium.Features._09_TertiaryProductFeature.ScenarioCleanup()
   at Join.Form.Customer.Selenium.Features._09_TertiaryProductFeature.TER_CNFM_02_VerifyProofOfAddressAndTertiaryCopy_BadCustomer()
--TearDown
   at NUnit.Framework.assert.ReportFailure(String message)
   at NUnit.Framework.assert.That[TActual](TActual actual, IResolveConstraint expression, String message, Object[] args)
   at ASB.Test.Automation.Verify.Verify.FailTest()
   at Join.Form.Customer.Selenium.WebDriverSupport.CheckForFailures()
   at Join.Form.Customer.Selenium.WebDriverSupport.DestroyDriver()
   at TechTalk.SpecFlow.Bindings.BindingInvoker.InvokeBinding(IBinding binding, IContextManager contextManager, Object[] arguments, ITestTracer testTracer, TimeSpan& duration)
   at TechTalk.SpecFlow.Infrastructure.TestExecutionEngine.FireEvents(HookType bindingEvent)
   at TechTalk.SpecFlow.Infrastructure.TestExecutionEngine.OnScenarioEnd()
   at Join.Form.Customer.Selenium.Features._09_TertiaryProductFeature.ScenarioTearDown()]]></stack-trace>
                  </failure>
                  <output><![CDATA[Given I start my Tertiary application
Navigating to URL: https://webappisamdev.asbbank.co.nz/public/join/tertiary/?grcDisabled=true
-> done: CommonSteps.GivenIStartMyTertiaryApplication() (0.7s)
Given I select the following products: 'Tertiary Cheque, ASB Visa Debit Tertiary'
12/6/2017 4:16:37 AMWaitForFeaturesPageLoad: Executing WaitForFrameAndSwitch
12/6/2017 4:16:37 AMWaitForFeaturesPageLoad: Done executing WaitForFrameAndSwitch
Unable to find product 'FastSaver' in page or product 'FastSaver' is not selected
Unable to find product 'Savings On Call' in page or product 'Savings On Call' is not selected
Unable to find product 'Tertiary Overdraft' in page or product 'Tertiary Overdraft' is not selected
Unable to find product 'ASB Visa Light Tertiary' in page or product 'ASB Visa Light Tertiary' is not selected
Unable to find product 'ASB Visa Light Tertiary' in page or product 'ASB Visa Light Tertiary' is not selected
Unable to find product 'Tertiary Overdraft' in page or product 'Tertiary Overdraft' is not selected
Unable to find product 'Savings On Call' in page or product 'Savings On Call' is not selected
Unable to find product 'FastSaver' in page or product 'FastSaver' is not selected
-> done: ProductsPageSteps.WhenIChangeMySelectedProductsTo("Tertiary Cheque, ...") (19.4s)
And I enter all required details and navigate to Summary page
  --- table step argument ---
  | Title | FirstName | MiddleName | LastName | DateOfBirth | Email             | MobileNumber | CountriesCitizenship | PreferredIdType | Password | VerbalPassword |
  | Mr    | Michael   | Sam        | Wayne    | 1 June 1983 | cob2016@asb.co.nz | 021-RANDOM   | New Zealand          | Other           | Kiwi77nz | MyCode01       |
Given I enter mandatory Tax Information for NZ citizen and clicks on Next button
-> done: AdditionalPersonalDetailsSteps.GivenIEnterMandatoryTaxInformationForNZCitizen() (0.5s)
-> done: PersonalDetailsSteps.GivenIEnterAllRequiredDetailsAndNavigateToSummaryPage(<table>) (15.2s)
When I confirm details on the Summary page
UniqueId: 
Title: Mr
FirstName: Michael
MiddleName: Sam
LastName: Wayne
Email: cob2016@asb.co.nz
Gender: 
DateOfBirth: 6/1/1983 12:00:00 AM
DateCreated: 
LastReviewDate: 
Cals: 
IsIndividual: 
NzCitizen: True
NzResidence: 
HighValueCustomer: 
StaffMember: 
AmlVerified: 
VipCustomer: 
Addresses: System.Collections.Generic.List`1[ASB.Selenium.DataModel.Customer.Address]
AddressInformation: ASB.Selenium.DataModel.Customer.AddressInformation
CompanyName: 
CompanyType: 
CompanySubType: 
CustomerTypeCode: 
IrdNumber: 
TaxClass: 
TaxClassDate: 
IsNzTaxResident: True
NonResidentCountryCode: 
IsForeignTaxResident: False
ForeignTaxResidencyStatus: 
IsProfileEnhanced: 
Phones: System.Collections.Generic.List`1[ASB.Selenium.DataModel.Customer.Phone]
NextOfKin: 
EmploymentDetails: 
LinkedCustomers: 
AccountRelationships: 
IdType: 
Fatca: ASB.Selenium.DataModel.Customer.Fatca
CitizenshipCountryCodes: 
CitizenshipCountryNames: System.Collections.Generic.List`1[System.String]
ForeignTaxResidenceTypes: System.Collections.Generic.List`1[ASB.Selenium.DataModel.Customer.ForeignTaxResidenceTypes]
OnboardingDetail: ASB.Selenium.DataModel.Customer.OnboardingDetail
AddressVerificationStatus: 
IdVerificationStatus: 
PreferredIdType: Other
IsProfileComplete: True
DaysRemaining: 0
OnboardingStatus: 
NewAccounts: System.Collections.Generic.List`1[ASB.Selenium.DataModel.Customer.Accounts]
FailedAccounts: System.Collections.Generic.List`1[ASB.Selenium.DataModel.Customer.Accounts]
OnboardingSource: Tertiary
CustomerCreated: 
LoginCreated: 
RegisteredForNetcode: 
AccountsCreated: 
CustomerAccessToken: 
VerificationPassword: MyCode01
LoginDetail: ASB.Selenium.DataModel.Customer.Login
CustomerType: 
Cif: 
Username: mway66276
UsernameApi: 
Password: Kiwi77nz
PublicKey: 
AcceptedTermsAndConditions: 
BackgroundCheckConsent: 
PreferredIdType: 
-> done: SummaryPageSteps.WhenIConfirmDetailsOnTheSummaryPage() (2.8s)
Then the Confirmation page for duplicate 'bad' customer with open products is displayed
Unable to find FNC Login section!
-> done: ConfirmationPageSteps.ThenTheConfirmationPageForCustomerIsDisplayed("bad") (2.7s)
And the Proof of Address section is displayed for Tertiary customer
Failed reason: NZQA document text not found!
Failed reason: Letter from a New Zealand educational institution that is less than three months old. text not found!
Failed reason: Any posted document which includes your name and home address that's less than 12 months old. This includes Studylink correspondence. text not found!
-> done: ConfirmationPageSteps.ThenTheProofOfAddressSectionIsDisplayedForTertiaryCustomer() (0.1s)
And the Show Proof of Study section is displayed for Tertiary customer
-> error: Sequence contains no matching element
  NZQA document text not found!
  Expected: True
  But was:  False

  Letter from a New Zealand educational institution that is less than three months old. text not found!
  Expected: True
  But was:  False

  Any posted document which includes your name and home address that's less than 12 months old. This includes Studylink correspondence. text not found!
  Expected: True
  But was:  False

]]></output>
                  <assertions>
                    <assertion result="Failed">
                      <message><![CDATA[  NZQA document text not found!
  Expected: True
  But was:  False
]]></message>
                      <stack-trace><![CDATA[at ASB.Test.Automation.Verify.Verify.Contains(String parent, String child, String message)
at Join.Form.Customer.Selenium.StepDefinitions.ConfirmationPageSteps.ThenTheProofOfAddressSectionIsDisplayedForTertiaryCustomer()
]]></stack-trace>
                    </assertion>
                    <assertion result="Failed">
                      <message><![CDATA[  Letter from a New Zealand educational institution that is less than three months old. text not found!
  Expected: True
  But was:  False
]]></message>
                      <stack-trace><![CDATA[at ASB.Test.Automation.Verify.Verify.Contains(String parent, String child, String message)
at Join.Form.Customer.Selenium.StepDefinitions.ConfirmationPageSteps.ThenTheProofOfAddressSectionIsDisplayedForTertiaryCustomer()
]]></stack-trace>
                    </assertion>
                    <assertion result="Failed">
                      <message><![CDATA[  Any posted document which includes your name and home address that's less than 12 months old. This includes Studylink correspondence. text not found!
  Expected: True
  But was:  False
]]></message>
                      <stack-trace><![CDATA[at ASB.Test.Automation.Verify.Verify.Contains(String parent, String child, String message)
at Join.Form.Customer.Selenium.StepDefinitions.ConfirmationPageSteps.ThenTheProofOfAddressSectionIsDisplayedForTertiaryCustomer()
]]></stack-trace>
                    </assertion>
                    <assertion result="Error">
                      <message><![CDATA[System.InvalidOperationException : Sequence contains no matching element]]></message>
                      <stack-trace><![CDATA[   at System.Linq.Enumerable.First[TSource](IEnumerable`1 source, Func`2 predicate)
   at Join.Form.Customer.Selenium.Pages.ErrorPage.IsShowProofOfStudySectionDisplayed()
   at Join.Form.Customer.Selenium.StepDefinitions.ConfirmationPageSteps.ThenTheShowProofOfStudySectionIsDisplayedForTertiaryCustomer()
   at TechTalk.SpecFlow.Bindings.BindingInvoker.InvokeBinding(IBinding binding, IContextManager contextManager, Object[] arguments, ITestTracer testTracer, TimeSpan& duration)
   at TechTalk.SpecFlow.Infrastructure.TestExecutionEngine.ExecuteStepMatch(BindingMatch match, Object[] arguments)
   at TechTalk.SpecFlow.Infrastructure.TestExecutionEngine.ExecuteStep(StepInstance stepInstance)
   at TechTalk.SpecFlow.Infrastructure.TestExecutionEngine.OnAfterLastStep()
   at Join.Form.Customer.Selenium.Features._09_TertiaryProductFeature.ScenarioCleanup()
   at Join.Form.Customer.Selenium.Features._09_TertiaryProductFeature.TER_CNFM_02_VerifyProofOfAddressAndTertiaryCopy_BadCustomer()]]></stack-trace>
                    </assertion>
                    <assertion result="Failed">
                      <message><![CDATA[  Verification failures exist. Please check output for details.
  Expected: False
  But was:  True
]]></message>
                      <stack-trace><![CDATA[at ASB.Test.Automation.Verify.Verify.FailTest()
at Join.Form.Customer.Selenium.WebDriverSupport.CheckForFailures()
at Join.Form.Customer.Selenium.WebDriverSupport.DestroyDriver()
]]></stack-trace>
                    </assertion>
                  </assertions>
                </test-case>
                <test-case id="0-1654" name="TER_CNFM_03_ExistingCustomerCheck_FNCOpenApplyRedirect" fullname="Join.Form.Customer.Selenium.Features._09_TertiaryProductFeature.TER_CNFM_03_ExistingCustomerCheck_FNCOpenApplyRedirect" methodname="TER_CNFM_03_ExistingCustomerCheck_FNCOpenApplyRedirect" classname="Join.Form.Customer.Selenium.Features._09_TertiaryProductFeature" runstate="Runnable" seed="1520763109" result="Passed" start-time="2017-12-05 15:17:11Z" end-time="2017-12-05 15:18:12Z" duration="61.205550" asserts="29">
                  <properties>
                    <property name="Description" value="TER_CNFM_03 - Existing Customer check - FNC Open &amp; Apply Redirect" />
                    <property name="Category" value="COB" />
                    <property name="Category" value="confirmation" />
                    <property name="Category" value="regression" />
                    <property name="Category" value="integration" />
                    <property name="Category" value="112016" />
                    <property name="Category" value="tertiary" />
                  </properties>
                  <output><![CDATA[-> warning: The previous ScenarioContext was not disposed.
Given I start my Tertiary application
Navigating to URL: https://webappisamdev.asbbank.co.nz/public/join/tertiary/?grcDisabled=true
-> done: CommonSteps.GivenIStartMyTertiaryApplication() (0.6s)
Given I am an existing ASB customer
Navigating to URL: https://webappisamdev.asbbank.co.nz/public/join/tertiary/?grcDisabled=true&fncJunctionNumber=104
-> done: CommonSteps.GivenIAmAnExistingASBCustomer() (0.3s)
And I select the following products: 'Tertiary Cheque'
12/6/2017 4:17:23 AMWaitForFeaturesPageLoad: Executing WaitForFrameAndSwitch
12/6/2017 4:17:23 AMWaitForFeaturesPageLoad: Done executing WaitForFrameAndSwitch
Unable to find product 'FastSaver' in page or product 'FastSaver' is not selected
Unable to find product 'Savings On Call' in page or product 'Savings On Call' is not selected
Unable to find product 'Tertiary Overdraft' in page or product 'Tertiary Overdraft' is not selected
Unable to find product 'ASB Visa Light Tertiary' in page or product 'ASB Visa Light Tertiary' is not selected
Unable to find product 'ASB Visa Debit Tertiary' in page or product 'ASB Visa Debit Tertiary' is not selected
Unable to find product 'ASB Visa Light Tertiary' in page or product 'ASB Visa Light Tertiary' is not selected
Unable to find product 'Tertiary Overdraft' in page or product 'Tertiary Overdraft' is not selected
Unable to find product 'Savings On Call' in page or product 'Savings On Call' is not selected
Unable to find product 'FastSaver' in page or product 'FastSaver' is not selected
-> done: ProductsPageSteps.WhenIChangeMySelectedProductsTo("Tertiary Cheque") (20.3s)
And I enter all required details and navigate to Summary page
  --- table step argument ---
  | Title | FirstName | MiddleName | LastName | DateOfBirth    | Email             | MobileNumber | CountriesCitizenship | PreferredIdType | Password | VerbalPassword |
  | Miss  | Butcher   | Close      | Wolf     | 1 January 1980 | cob2016@asb.co.nz | 021-RANDOM   | New Zealand          | Other           | Kiwi77nz | MyCode01       |
Given I enter mandatory Tax Information for NZ citizen and clicks on Next button
-> done: AdditionalPersonalDetailsSteps.GivenIEnterMandatoryTaxInformationForNZCitizen() (0.5s)
-> done: PersonalDetailsSteps.GivenIEnterAllRequiredDetailsAndNavigateToSummaryPage(<table>) (14.9s)
When I confirm details on the Summary page
UniqueId: 
Title: Miss
FirstName: Butcher
MiddleName: Close
LastName: Wolf
Email: cob2016@asb.co.nz
Gender: 
DateOfBirth: 1/1/1980 12:00:00 AM
DateCreated: 
LastReviewDate: 
Cals: 
IsIndividual: 
NzCitizen: True
NzResidence: 
HighValueCustomer: 
StaffMember: 
AmlVerified: 
VipCustomer: 
Addresses: System.Collections.Generic.List`1[ASB.Selenium.DataModel.Customer.Address]
AddressInformation: ASB.Selenium.DataModel.Customer.AddressInformation
CompanyName: 
CompanyType: 
CompanySubType: 
CustomerTypeCode: 
IrdNumber: 
TaxClass: 
TaxClassDate: 
IsNzTaxResident: True
NonResidentCountryCode: 
IsForeignTaxResident: False
ForeignTaxResidencyStatus: 
IsProfileEnhanced: 
Phones: System.Collections.Generic.List`1[ASB.Selenium.DataModel.Customer.Phone]
NextOfKin: 
EmploymentDetails: 
LinkedCustomers: 
AccountRelationships: 
IdType: 
Fatca: ASB.Selenium.DataModel.Customer.Fatca
CitizenshipCountryCodes: 
CitizenshipCountryNames: System.Collections.Generic.List`1[System.String]
ForeignTaxResidenceTypes: System.Collections.Generic.List`1[ASB.Selenium.DataModel.Customer.ForeignTaxResidenceTypes]
OnboardingDetail: ASB.Selenium.DataModel.Customer.OnboardingDetail
AddressVerificationStatus: 
IdVerificationStatus: 
PreferredIdType: Other
IsProfileComplete: True
DaysRemaining: 0
OnboardingStatus: 
NewAccounts: System.Collections.Generic.List`1[ASB.Selenium.DataModel.Customer.Accounts]
FailedAccounts: System.Collections.Generic.List`1[ASB.Selenium.DataModel.Customer.Accounts]
OnboardingSource: Tertiary
CustomerCreated: 
LoginCreated: 
RegisteredForNetcode: 
AccountsCreated: 
CustomerAccessToken: 
VerificationPassword: MyCode01
LoginDetail: ASB.Selenium.DataModel.Customer.Login
CustomerType: 
Cif: 
Username: bwol83107
UsernameApi: 
Password: Kiwi77nz
PublicKey: 
AcceptedTermsAndConditions: 
BackgroundCheckConsent: 
PreferredIdType: 
-> done: SummaryPageSteps.WhenIConfirmDetailsOnTheSummaryPage() (2.8s)
Then the Confirmation page for duplicate 'good' customer with open products is displayed
-> done: ConfirmationPageSteps.ThenTheConfirmationPageForCustomerIsDisplayed("good") (0.7s)
And the FNC Login section is displayed
-> done: ConfirmationPageSteps.ThenTheFNCLoginSectionIsDisplayed() (0.3s)
And the 'Having trouble logging in?' button opens in a new window
-> done: CommonSteps.ThenTheButtonOpensInANewWindow("Having trouble lo...") (2.7s)
And the 'register for internet banking' link opens in a new window
-> done: CommonSteps.ThenTheLinkOpensInANewWindow("register for inte...") (3.8s)
And the 'Find a branch' button opens in a new window
-> done: CommonSteps.ThenTheButtonOpensInANewWindow("Find a branch") (3.0s)
And FNC Open & Apply page is displayed after login
-> done: ConfirmationPageSteps.ThenFNCOpenApplyPageIsDisplayedOnClickOfLoginButton() (10.7s)
]]></output>
                </test-case>
                <test-case id="0-1655" name="TER_CNFM_04_VerifyProofOfAddressAndTertiaryCopy_ExistingCustomer" fullname="Join.Form.Customer.Selenium.Features._09_TertiaryProductFeature.TER_CNFM_04_VerifyProofOfAddressAndTertiaryCopy_ExistingCustomer" methodname="TER_CNFM_04_VerifyProofOfAddressAndTertiaryCopy_ExistingCustomer" classname="Join.Form.Customer.Selenium.Features._09_TertiaryProductFeature" runstate="Runnable" seed="1095981951" result="Failed" label="Error" start-time="2017-12-05 15:18:12Z" end-time="2017-12-05 15:18:54Z" duration="41.924937" asserts="20">
                  <properties>
                    <property name="Description" value="TER_CNFM_04 - Verify Proof of Address and Tertiary copy - Existing Customer" />
                    <property name="Category" value="COB" />
                    <property name="Category" value="confirmation" />
                    <property name="Category" value="regression" />
                    <property name="Category" value="integration" />
                    <property name="Category" value="122016" />
                    <property name="Category" value="tertiary" />
                  </properties>
                  <failure>
                    <message><![CDATA[System.InvalidOperationException : Sequence contains no matching element
  One or more failures in Multiple assert block:
  1)   NZQA document text not found!
  Expected: True
  But was:  False

  2)   Letter from a New Zealand educational institution that is less than three months old. text not found!
  Expected: True
  But was:  False

  3)   Any posted document which includes your name and home address that's less than 12 months old. This includes Studylink correspondence. text not found!
  Expected: True
  But was:  False


TearDown : NUnit.Framework.assertionException :   Verification failures exist. Please check output for details.
  Expected: False
  But was:  True
]]></message>
                    <stack-trace><![CDATA[   at System.Linq.Enumerable.First[TSource](IEnumerable`1 source, Func`2 predicate)
   at Join.Form.Customer.Selenium.Pages.ErrorPage.IsShowProofOfStudySectionDisplayed()
   at Join.Form.Customer.Selenium.StepDefinitions.ConfirmationPageSteps.ThenTheShowProofOfStudySectionIsDisplayedForTertiaryCustomer()
   at TechTalk.SpecFlow.Bindings.BindingInvoker.InvokeBinding(IBinding binding, IContextManager contextManager, Object[] arguments, ITestTracer testTracer, TimeSpan& duration)
   at TechTalk.SpecFlow.Infrastructure.TestExecutionEngine.ExecuteStepMatch(BindingMatch match, Object[] arguments)
   at TechTalk.SpecFlow.Infrastructure.TestExecutionEngine.ExecuteStep(StepInstance stepInstance)
   at TechTalk.SpecFlow.Infrastructure.TestExecutionEngine.OnAfterLastStep()
   at Join.Form.Customer.Selenium.Features._09_TertiaryProductFeature.ScenarioCleanup()
   at Join.Form.Customer.Selenium.Features._09_TertiaryProductFeature.TER_CNFM_04_VerifyProofOfAddressAndTertiaryCopy_ExistingCustomer()
--TearDown
   at NUnit.Framework.assert.ReportFailure(String message)
   at NUnit.Framework.assert.That[TActual](TActual actual, IResolveConstraint expression, String message, Object[] args)
   at ASB.Test.Automation.Verify.Verify.FailTest()
   at Join.Form.Customer.Selenium.WebDriverSupport.CheckForFailures()
   at Join.Form.Customer.Selenium.WebDriverSupport.DestroyDriver()
   at TechTalk.SpecFlow.Bindings.BindingInvoker.InvokeBinding(IBinding binding, IContextManager contextManager, Object[] arguments, ITestTracer testTracer, TimeSpan& duration)
   at TechTalk.SpecFlow.Infrastructure.TestExecutionEngine.FireEvents(HookType bindingEvent)
   at TechTalk.SpecFlow.Infrastructure.TestExecutionEngine.OnScenarioEnd()
   at Join.Form.Customer.Selenium.Features._09_TertiaryProductFeature.ScenarioTearDown()]]></stack-trace>
                  </failure>
                  <output><![CDATA[Given I start my Tertiary application
Navigating to URL: https://webappisamdev.asbbank.co.nz/public/join/tertiary/?grcDisabled=true
-> done: CommonSteps.GivenIStartMyTertiaryApplication() (0.5s)
Given I am an existing ASB customer
Navigating to URL: https://webappisamdev.asbbank.co.nz/public/join/tertiary/?grcDisabled=true&fncJunctionNumber=104
-> done: CommonSteps.GivenIAmAnExistingASBCustomer() (0.4s)
And I select the following products: 'Tertiary Cheque'
12/6/2017 4:18:24 AMWaitForFeaturesPageLoad: Executing WaitForFrameAndSwitch
12/6/2017 4:18:24 AMWaitForFeaturesPageLoad: Done executing WaitForFrameAndSwitch
Unable to find product 'FastSaver' in page or product 'FastSaver' is not selected
Unable to find product 'Savings On Call' in page or product 'Savings On Call' is not selected
Unable to find product 'Tertiary Overdraft' in page or product 'Tertiary Overdraft' is not selected
Unable to find product 'ASB Visa Light Tertiary' in page or product 'ASB Visa Light Tertiary' is not selected
Unable to find product 'ASB Visa Debit Tertiary' in page or product 'ASB Visa Debit Tertiary' is not selected
Unable to find product 'ASB Visa Light Tertiary' in page or product 'ASB Visa Light Tertiary' is not selected
Unable to find product 'Tertiary Overdraft' in page or product 'Tertiary Overdraft' is not selected
Unable to find product 'Savings On Call' in page or product 'Savings On Call' is not selected
Unable to find product 'FastSaver' in page or product 'FastSaver' is not selected
-> done: ProductsPageSteps.WhenIChangeMySelectedProductsTo("Tertiary Cheque") (20.3s)
And I enter all required details and navigate to Summary page
  --- table step argument ---
  | Title | FirstName | MiddleName | LastName | DateOfBirth    | Email             | MobileNumber | CountriesCitizenship | PreferredIdType | Password | VerbalPassword |
  | Miss  | Butcher   | Close      | Wolf     | 1 January 1980 | cob2016@asb.co.nz | 021-RANDOM   | New Zealand          | Other           | Kiwi77nz | MyCode01       |
Given I enter mandatory Tax Information for NZ citizen and clicks on Next button
-> done: AdditionalPersonalDetailsSteps.GivenIEnterMandatoryTaxInformationForNZCitizen() (0.5s)
-> done: PersonalDetailsSteps.GivenIEnterAllRequiredDetailsAndNavigateToSummaryPage(<table>) (15.0s)
When I confirm details on the Summary page
UniqueId: 
Title: Miss
FirstName: Butcher
MiddleName: Close
LastName: Wolf
Email: cob2016@asb.co.nz
Gender: 
DateOfBirth: 1/1/1980 12:00:00 AM
DateCreated: 
LastReviewDate: 
Cals: 
IsIndividual: 
NzCitizen: True
NzResidence: 
HighValueCustomer: 
StaffMember: 
AmlVerified: 
VipCustomer: 
Addresses: System.Collections.Generic.List`1[ASB.Selenium.DataModel.Customer.Address]
AddressInformation: ASB.Selenium.DataModel.Customer.AddressInformation
CompanyName: 
CompanyType: 
CompanySubType: 
CustomerTypeCode: 
IrdNumber: 
TaxClass: 
TaxClassDate: 
IsNzTaxResident: True
NonResidentCountryCode: 
IsForeignTaxResident: False
ForeignTaxResidencyStatus: 
IsProfileEnhanced: 
Phones: System.Collections.Generic.List`1[ASB.Selenium.DataModel.Customer.Phone]
NextOfKin: 
EmploymentDetails: 
LinkedCustomers: 
AccountRelationships: 
IdType: 
Fatca: ASB.Selenium.DataModel.Customer.Fatca
CitizenshipCountryCodes: 
CitizenshipCountryNames: System.Collections.Generic.List`1[System.String]
ForeignTaxResidenceTypes: System.Collections.Generic.List`1[ASB.Selenium.DataModel.Customer.ForeignTaxResidenceTypes]
OnboardingDetail: ASB.Selenium.DataModel.Customer.OnboardingDetail
AddressVerificationStatus: 
IdVerificationStatus: 
PreferredIdType: Other
IsProfileComplete: True
DaysRemaining: 0
OnboardingStatus: 
NewAccounts: System.Collections.Generic.List`1[ASB.Selenium.DataModel.Customer.Accounts]
FailedAccounts: System.Collections.Generic.List`1[ASB.Selenium.DataModel.Customer.Accounts]
OnboardingSource: Tertiary
CustomerCreated: 
LoginCreated: 
RegisteredForNetcode: 
AccountsCreated: 
CustomerAccessToken: 
VerificationPassword: MyCode01
LoginDetail: ASB.Selenium.DataModel.Customer.Login
CustomerType: 
Cif: 
Username: bwol05877
UsernameApi: 
Password: Kiwi77nz
PublicKey: 
AcceptedTermsAndConditions: 
BackgroundCheckConsent: 
PreferredIdType: 
-> done: SummaryPageSteps.WhenIConfirmDetailsOnTheSummaryPage() (2.8s)
Then the Confirmation page for duplicate 'good' customer with open products is displayed
-> done: ConfirmationPageSteps.ThenTheConfirmationPageForCustomerIsDisplayed("good") (0.7s)
And the Proof of Address section is displayed for Tertiary customer
Failed reason: NZQA document text not found!
Failed reason: Letter from a New Zealand educational institution that is less than three months old. text not found!
Failed reason: Any posted document which includes your name and home address that's less than 12 months old. This includes Studylink correspondence. text not found!
-> done: ConfirmationPageSteps.ThenTheProofOfAddressSectionIsDisplayedForTertiaryCustomer() (0.1s)
And the Show Proof of Study section is displayed for Tertiary customer
-> error: Sequence contains no matching element
  NZQA document text not found!
  Expected: True
  But was:  False

  Letter from a New Zealand educational institution that is less than three months old. text not found!
  Expected: True
  But was:  False

  Any posted document which includes your name and home address that's less than 12 months old. This includes Studylink correspondence. text not found!
  Expected: True
  But was:  False

]]></output>
                  <assertions>
                    <assertion result="Failed">
                      <message><![CDATA[  NZQA document text not found!
  Expected: True
  But was:  False
]]></message>
                      <stack-trace><![CDATA[at ASB.Test.Automation.Verify.Verify.Contains(String parent, String child, String message)
at Join.Form.Customer.Selenium.StepDefinitions.ConfirmationPageSteps.ThenTheProofOfAddressSectionIsDisplayedForTertiaryCustomer()
]]></stack-trace>
                    </assertion>
                    <assertion result="Failed">
                      <message><![CDATA[  Letter from a New Zealand educational institution that is less than three months old. text not found!
  Expected: True
  But was:  False
]]></message>
                      <stack-trace><![CDATA[at ASB.Test.Automation.Verify.Verify.Contains(String parent, String child, String message)
at Join.Form.Customer.Selenium.StepDefinitions.ConfirmationPageSteps.ThenTheProofOfAddressSectionIsDisplayedForTertiaryCustomer()
]]></stack-trace>
                    </assertion>
                    <assertion result="Failed">
                      <message><![CDATA[  Any posted document which includes your name and home address that's less than 12 months old. This includes Studylink correspondence. text not found!
  Expected: True
  But was:  False
]]></message>
                      <stack-trace><![CDATA[at ASB.Test.Automation.Verify.Verify.Contains(String parent, String child, String message)
at Join.Form.Customer.Selenium.StepDefinitions.ConfirmationPageSteps.ThenTheProofOfAddressSectionIsDisplayedForTertiaryCustomer()
]]></stack-trace>
                    </assertion>
                    <assertion result="Error">
                      <message><![CDATA[System.InvalidOperationException : Sequence contains no matching element]]></message>
                      <stack-trace><![CDATA[   at System.Linq.Enumerable.First[TSource](IEnumerable`1 source, Func`2 predicate)
   at Join.Form.Customer.Selenium.Pages.ErrorPage.IsShowProofOfStudySectionDisplayed()
   at Join.Form.Customer.Selenium.StepDefinitions.ConfirmationPageSteps.ThenTheShowProofOfStudySectionIsDisplayedForTertiaryCustomer()
   at TechTalk.SpecFlow.Bindings.BindingInvoker.InvokeBinding(IBinding binding, IContextManager contextManager, Object[] arguments, ITestTracer testTracer, TimeSpan& duration)
   at TechTalk.SpecFlow.Infrastructure.TestExecutionEngine.ExecuteStepMatch(BindingMatch match, Object[] arguments)
   at TechTalk.SpecFlow.Infrastructure.TestExecutionEngine.ExecuteStep(StepInstance stepInstance)
   at TechTalk.SpecFlow.Infrastructure.TestExecutionEngine.OnAfterLastStep()
   at Join.Form.Customer.Selenium.Features._09_TertiaryProductFeature.ScenarioCleanup()
   at Join.Form.Customer.Selenium.Features._09_TertiaryProductFeature.TER_CNFM_04_VerifyProofOfAddressAndTertiaryCopy_ExistingCustomer()]]></stack-trace>
                    </assertion>
                    <assertion result="Failed">
                      <message><![CDATA[  Verification failures exist. Please check output for details.
  Expected: False
  But was:  True
]]></message>
                      <stack-trace><![CDATA[at ASB.Test.Automation.Verify.Verify.FailTest()
at Join.Form.Customer.Selenium.WebDriverSupport.CheckForFailures()
at Join.Form.Customer.Selenium.WebDriverSupport.DestroyDriver()
]]></stack-trace>
                    </assertion>
                  </assertions>
                </test-case>
                <test-case id="0-1644" name="TER_SUMMARY_03_VerifyUI_SummaryPage_PromoCode" fullname="Join.Form.Customer.Selenium.Features._09_TertiaryProductFeature.TER_SUMMARY_03_VerifyUI_SummaryPage_PromoCode" methodname="TER_SUMMARY_03_VerifyUI_SummaryPage_PromoCode" classname="Join.Form.Customer.Selenium.Features._09_TertiaryProductFeature" runstate="Runnable" seed="1887689411" result="Passed" start-time="2017-12-05 15:18:54Z" end-time="2017-12-05 15:19:36Z" duration="41.291209" asserts="2">
                  <properties>
                    <property name="Description" value="TER_SUMMARY_03 - Verify UI - Summary page - Promo Code" />
                    <property name="Category" value="COB" />
                    <property name="Category" value="summary" />
                    <property name="Category" value="integration" />
                    <property name="Category" value="regression" />
                    <property name="Category" value="012017" />
                    <property name="Category" value="tertiary" />
                    <property name="Category" value="promocode" />
                  </properties>
                  <output><![CDATA[-> warning: The previous ScenarioContext was not disposed.
Given I start my Tertiary application
Navigating to URL: https://webappisamdev.asbbank.co.nz/public/join/tertiary/?grcDisabled=true
-> done: CommonSteps.GivenIStartMyTertiaryApplication() (0.6s)
Given I select the following products: 'Tertiary Cheque, ASB Visa Debit Tertiary, Tertiary Overdraft, ASB Visa Light Tertiary'
12/6/2017 4:19:06 AMWaitForFeaturesPageLoad: Executing WaitForFrameAndSwitch
12/6/2017 4:19:06 AMWaitForFeaturesPageLoad: Done executing WaitForFrameAndSwitch
Unable to find product 'Tertiary Overdraft' in page or product 'Tertiary Overdraft' is not selected
Unable to find product 'ASB Visa Light Tertiary' in page or product 'ASB Visa Light Tertiary' is not selected
Unable to find product 'FastSaver' in page or product 'FastSaver' is not selected
Unable to find product 'Savings On Call' in page or product 'Savings On Call' is not selected
Unable to find product 'Savings On Call' in page or product 'Savings On Call' is not selected
Unable to find product 'FastSaver' in page or product 'FastSaver' is not selected
-> done: ProductsPageSteps.WhenIChangeMySelectedProductsTo("Tertiary Cheque, ...") (23.6s)
And I enter all required details and navigate to Summary page
  --- table step argument ---
  | Title | FirstName  | MiddleName | LastName | DateOfBirth   | Email             | MobileNumber   | CountriesCitizenship | PreferredIdType | Password | VerbalPassword |
  | Miss  | Automation |            | RANDOM   | 16 March 1978 | cob2016@asb.co.nz | 021-1234567890 | New Zealand          | Other           | Kiwi77nz | MyCode01       |
Given I enter mandatory Tax Information for NZ citizen and clicks on Next button
-> done: AdditionalPersonalDetailsSteps.GivenIEnterMandatoryTaxInformationForNZCitizen() (0.5s)
-> done: PersonalDetailsSteps.GivenIEnterAllRequiredDetailsAndNavigateToSummaryPage(<table>) (15.0s)
When I am in the Summary page
-> done: SummaryPageSteps.GivenIAmInTheSummaryPage() (0.1s)
Then the Promo Code field is displayed conditionally
Verifying Promo Code field is NOT displayed
-> done: SummaryPageSteps.ThenThePromoCodeFieldIsDisplayedConditionally() (1.0s)
]]></output>
                </test-case>
                <test-case id="0-1645" name="TER_SUMMARY_04_VerifyUI_SummaryPage_PromoCodeErrorMessage" fullname="Join.Form.Customer.Selenium.Features._09_TertiaryProductFeature.TER_SUMMARY_04_VerifyUI_SummaryPage_PromoCodeErrorMessage" methodname="TER_SUMMARY_04_VerifyUI_SummaryPage_PromoCodeErrorMessage" classname="Join.Form.Customer.Selenium.Features._09_TertiaryProductFeature" runstate="Runnable" seed="784761122" result="Passed" start-time="2017-12-05 15:19:36Z" end-time="2017-12-05 15:20:21Z" duration="45.499091" asserts="10">
                  <properties>
                    <property name="Description" value="TER_SUMMARY_04 - Verify UI - Summary page - Promo Code error message" />
                    <property name="Category" value="COB" />
                    <property name="Category" value="summary" />
                    <property name="Category" value="integration" />
                    <property name="Category" value="regression" />
                    <property name="Category" value="012017" />
                    <property name="Category" value="tertiary" />
                    <property name="Category" value="promocode" />
                  </properties>
                  <output><![CDATA[Given I start my Tertiary application
Navigating to URL: https://webappisamdev.asbbank.co.nz/public/join/tertiary/?grcDisabled=true
-> done: CommonSteps.GivenIStartMyTertiaryApplication() (0.6s)
Given I select the following products: 'Tertiary Cheque, ASB Visa Debit Tertiary, Tertiary Overdraft, ASB Visa Light Tertiary'
12/6/2017 4:19:47 AMWaitForFeaturesPageLoad: Executing WaitForFrameAndSwitch
12/6/2017 4:19:47 AMWaitForFeaturesPageLoad: Done executing WaitForFrameAndSwitch
Unable to find product 'Tertiary Overdraft' in page or product 'Tertiary Overdraft' is not selected
Unable to find product 'ASB Visa Light Tertiary' in page or product 'ASB Visa Light Tertiary' is not selected
Unable to find product 'FastSaver' in page or product 'FastSaver' is not selected
Unable to find product 'Savings On Call' in page or product 'Savings On Call' is not selected
Unable to find product 'Savings On Call' in page or product 'Savings On Call' is not selected
Unable to find product 'FastSaver' in page or product 'FastSaver' is not selected
-> done: ProductsPageSteps.WhenIChangeMySelectedProductsTo("Tertiary Cheque, ...") (23.6s)
And I enter all required details and navigate to Summary page
  --- table step argument ---
  | Title | FirstName  | MiddleName | LastName | DateOfBirth   | Email             | MobileNumber   | CountriesCitizenship | PreferredIdType | Password | VerbalPassword |
  | Miss  | Automation |            | RANDOM   | 16 March 1978 | cob2016@asb.co.nz | 021-1234567890 | New Zealand          | Other           | Kiwi77nz | MyCode01       |
Given I enter mandatory Tax Information for NZ citizen and clicks on Next button
-> done: AdditionalPersonalDetailsSteps.GivenIEnterMandatoryTaxInformationForNZCitizen() (0.5s)
-> done: PersonalDetailsSteps.GivenIEnterAllRequiredDetailsAndNavigateToSummaryPage(<table>) (15.2s)
When I am in the Summary page
-> done: SummaryPageSteps.GivenIAmInTheSummaryPage() (0.1s)
And I enter 'promo1234%^&*()' in the Promo Code field
Exiting Step: Either Primary Product is null or Promo Code flag is false
-> done: SummaryPageSteps.WhenIEnterInThePromoCodeField("promo1234%^&*()") (0.0s)
And I confirm details on the Summary page
UniqueId: 
Title: Miss
FirstName: Automation
MiddleName: 
LastName: COB-fijQS
Email: cob2016@asb.co.nz
Gender: 
DateOfBirth: 3/16/1978 12:00:00 AM
DateCreated: 
LastReviewDate: 
Cals: 
IsIndividual: 
NzCitizen: True
NzResidence: 
HighValueCustomer: 
StaffMember: 
AmlVerified: 
VipCustomer: 
Addresses: System.Collections.Generic.List`1[ASB.Selenium.DataModel.Customer.Address]
AddressInformation: ASB.Selenium.DataModel.Customer.AddressInformation
CompanyName: 
CompanyType: 
CompanySubType: 
CustomerTypeCode: 
IrdNumber: 
TaxClass: 
TaxClassDate: 
IsNzTaxResident: True
NonResidentCountryCode: 
IsForeignTaxResident: False
ForeignTaxResidencyStatus: 
IsProfileEnhanced: 
Phones: System.Collections.Generic.List`1[ASB.Selenium.DataModel.Customer.Phone]
NextOfKin: 
EmploymentDetails: 
LinkedCustomers: 
AccountRelationships: 
IdType: 
Fatca: ASB.Selenium.DataModel.Customer.Fatca
CitizenshipCountryCodes: 
CitizenshipCountryNames: System.Collections.Generic.List`1[System.String]
ForeignTaxResidenceTypes: System.Collections.Generic.List`1[ASB.Selenium.DataModel.Customer.ForeignTaxResidenceTypes]
OnboardingDetail: ASB.Selenium.DataModel.Customer.OnboardingDetail
AddressVerificationStatus: 
IdVerificationStatus: 
PreferredIdType: Other
IsProfileComplete: True
DaysRemaining: 0
OnboardingStatus: 
NewAccounts: System.Collections.Generic.List`1[ASB.Selenium.DataModel.Customer.Accounts]
FailedAccounts: System.Collections.Generic.List`1[ASB.Selenium.DataModel.Customer.Accounts]
OnboardingSource: Tertiary
CustomerCreated: 
LoginCreated: 
RegisteredForNetcode: 
AccountsCreated: 
CustomerAccessToken: 
VerificationPassword: MyCode01
LoginDetail: ASB.Selenium.DataModel.Customer.Login
CustomerType: 
Cif: 
Username: acob40155
UsernameApi: 
Password: Kiwi77nz
PublicKey: 
AcceptedTermsAndConditions: 
BackgroundCheckConsent: 
PreferredIdType: 
-> done: SummaryPageSteps.WhenIConfirmDetailsOnTheSummaryPage() (2.8s)
Then the Promo Code error message is displayed
Exiting Step: Either Primary Product is null or Promo Code flag is false
-> done: SummaryPageSteps.ThenThePromoCodeErrorMessageIsDisplayed() (0.0s)
]]></output>
                </test-case>
                <test-case id="0-1646" name="TER_SUMMARY_05_VerifyUI_SummaryPage_PromoCodeFieldLengthValidation" fullname="Join.Form.Customer.Selenium.Features._09_TertiaryProductFeature.TER_SUMMARY_05_VerifyUI_SummaryPage_PromoCodeFieldLengthValidation" methodname="TER_SUMMARY_05_VerifyUI_SummaryPage_PromoCodeFieldLengthValidation" classname="Join.Form.Customer.Selenium.Features._09_TertiaryProductFeature" runstate="Runnable" seed="1569962724" result="Passed" start-time="2017-12-05 15:20:21Z" end-time="2017-12-05 15:21:04Z" duration="42.694004" asserts="1">
                  <properties>
                    <property name="Description" value="TER_SUMMARY_05 - Verify UI - Summary page - Promo Code field length validation" />
                    <property name="Category" value="COB" />
                    <property name="Category" value="summary" />
                    <property name="Category" value="integration" />
                    <property name="Category" value="regression" />
                    <property name="Category" value="012017" />
                    <property name="Category" value="tertiary" />
                    <property name="Category" value="promocode" />
                  </properties>
                  <output><![CDATA[Given I start my Tertiary application
Navigating to URL: https://webappisamdev.asbbank.co.nz/public/join/tertiary/?grcDisabled=true
-> done: CommonSteps.GivenIStartMyTertiaryApplication() (0.7s)
Given I select the following products: 'Tertiary Cheque, ASB Visa Debit Tertiary, Tertiary Overdraft, ASB Visa Light Tertiary'
12/6/2017 4:20:33 AMWaitForFeaturesPageLoad: Executing WaitForFrameAndSwitch
12/6/2017 4:20:33 AMWaitForFeaturesPageLoad: Done executing WaitForFrameAndSwitch
Unable to find product 'Tertiary Overdraft' in page or product 'Tertiary Overdraft' is not selected
Unable to find product 'ASB Visa Light Tertiary' in page or product 'ASB Visa Light Tertiary' is not selected
Unable to find product 'FastSaver' in page or product 'FastSaver' is not selected
Unable to find product 'Savings On Call' in page or product 'Savings On Call' is not selected
Unable to find product 'Savings On Call' in page or product 'Savings On Call' is not selected
Unable to find product 'FastSaver' in page or product 'FastSaver' is not selected
-> done: ProductsPageSteps.WhenIChangeMySelectedProductsTo("Tertiary Cheque, ...") (23.5s)
And I enter all required details and navigate to Summary page
  --- table step argument ---
  | Title | FirstName  | MiddleName | LastName | DateOfBirth   | Email             | MobileNumber   | CountriesCitizenship | PreferredIdType | Password | VerbalPassword |
  | Miss  | Automation |            | RANDOM   | 16 March 1978 | cob2016@asb.co.nz | 021-1234567890 | New Zealand          | Other           | Kiwi77nz | MyCode01       |
Given I enter mandatory Tax Information for NZ citizen and clicks on Next button
-> done: AdditionalPersonalDetailsSteps.GivenIEnterMandatoryTaxInformationForNZCitizen() (0.5s)
-> done: PersonalDetailsSteps.GivenIEnterAllRequiredDetailsAndNavigateToSummaryPage(<table>) (15.1s)
When I am in the Summary page
-> done: SummaryPageSteps.GivenIAmInTheSummaryPage() (0.1s)
And I enter '51' characters in the Promo Code field
Exiting Step: Either Primary Product is null or Promo Code flag is false
-> done: SummaryPageSteps.WhenIEnterCharactersInThePromoCodeField(51) (0.0s)
Then only the first '50' characters will be accepted in the Promo Code field
Exiting Step: Either Primary Product is null or Promo Code flag is false
-> done: SummaryPageSteps.ThenOnlyTheFirstCharactersWillBeAcceptedInThePromoCodeField(50) (0.0s)
]]></output>
                </test-case>
                <test-suite type="ParameterizedMethod" id="0-1651" name="TER_SUMMARY_06_SummaryPage_ValidPromoCode" fullname="Join.Form.Customer.Selenium.Features._09_TertiaryProductFeature.TER_SUMMARY_06_SummaryPage_ValidPromoCode" classname="Join.Form.Customer.Selenium.Features._09_TertiaryProductFeature" runstate="Runnable" testcasecount="4" result="Failed" site="Child" start-time="2017-12-05 15:21:04Z" end-time="2017-12-05 15:31:29Z" duration="625.307261" total="4" passed="0" failed="4" warnings="0" inconclusive="0" skipped="0" asserts="48">
                  <properties>
                    <property name="Description" value="TER_SUMMARY_06 - Summary page - Valid Promo code" />
                    <property name="Category" value="COB" />
                    <property name="Category" value="summary" />
                    <property name="Category" value="integration" />
                    <property name="Category" value="regression" />
                    <property name="Category" value="012017" />
                    <property name="Category" value="tertiary" />
                    <property name="Category" value="promocode" />
                  </properties>
                  <failure>
                    <message><![CDATA[One or more child tests had errors]]></message>
                  </failure>
                  <test-case id="0-1647" name="TER_SUMMARY_06_SummaryPage_ValidPromoCode(&quot;AlphaNumeric&quot;,&quot;7&quot;,System.String[])" fullname="Join.Form.Customer.Selenium.Features._09_TertiaryProductFeature.TER_SUMMARY_06_SummaryPage_ValidPromoCode(&quot;AlphaNumeric&quot;,&quot;7&quot;,System.String[])" methodname="TER_SUMMARY_06_SummaryPage_ValidPromoCode" classname="Join.Form.Customer.Selenium.Features._09_TertiaryProductFeature" runstate="Runnable" seed="1209849852" result="Failed" label="Error" start-time="2017-12-05 15:21:04Z" end-time="2017-12-05 15:23:37Z" duration="153.369715" asserts="12">
                    <properties />
                    <failure>
                      <message><![CDATA[System.Exception : Timeout error: Activation page is NOT displayed!]]></message>
                      <stack-trace><![CDATA[   at ASB.Test.Automation.Utils.Retry.Retry.Execute(Func`1 function, Int32 retryInterval, Int32 retryCount, String exceptionMessage)
   at Selenium.Steps.COB.ActivationSummary.ActivationSummarySteps.ThenTheActivationPageIsDisplayed()
   at TechTalk.SpecFlow.Bindings.BindingInvoker.InvokeBinding(IBinding binding, IContextManager contextManager, Object[] arguments, ITestTracer testTracer, TimeSpan& duration)
   at TechTalk.SpecFlow.Infrastructure.TestExecutionEngine.ExecuteStepMatch(BindingMatch match, Object[] arguments)
   at TechTalk.SpecFlow.Infrastructure.TestExecutionEngine.ExecuteStep(StepInstance stepInstance)
   at TechTalk.SpecFlow.Infrastructure.TestExecutionEngine.OnAfterLastStep()
   at Join.Form.Customer.Selenium.Features._09_TertiaryProductFeature.ScenarioCleanup()
   at Join.Form.Customer.Selenium.Features._09_TertiaryProductFeature.TER_SUMMARY_06_SummaryPage_ValidPromoCode(String promoCode, String characterLength, String[] exampleTags)]]></stack-trace>
                    </failure>
                    <output><![CDATA[Given I start my Tertiary application
Navigating to URL: https://webappisamdev.asbbank.co.nz/public/join/tertiary/?grcDisabled=true
-> done: CommonSteps.GivenIStartMyTertiaryApplication() (0.6s)
Given I select the following products: 'Tertiary Cheque, ASB Visa Debit Tertiary, Tertiary Overdraft, ASB Visa Light Tertiary'
12/6/2017 4:21:15 AMWaitForFeaturesPageLoad: Executing WaitForFrameAndSwitch
12/6/2017 4:21:16 AMWaitForFeaturesPageLoad: Done executing WaitForFrameAndSwitch
Unable to find product 'Tertiary Overdraft' in page or product 'Tertiary Overdraft' is not selected
Unable to find product 'ASB Visa Light Tertiary' in page or product 'ASB Visa Light Tertiary' is not selected
Unable to find product 'FastSaver' in page or product 'FastSaver' is not selected
Unable to find product 'Savings On Call' in page or product 'Savings On Call' is not selected
Unable to find product 'Savings On Call' in page or product 'Savings On Call' is not selected
Unable to find product 'FastSaver' in page or product 'FastSaver' is not selected
-> done: ProductsPageSteps.WhenIChangeMySelectedProductsTo("Tertiary Cheque, ...") (23.6s)
And I enter all required details and navigate to Summary page
  --- table step argument ---
  | Title | FirstName  | MiddleName | LastName | DateOfBirth   | Email             | MobileNumber   | CountriesCitizenship | PreferredIdType | Password | VerbalPassword |
  | Miss  | Automation |            | RANDOM   | 16 March 1978 | cob2016@asb.co.nz | 021-1234567890 | New Zealand          | Other           | Kiwi77nz | MyCode01       |
Given I enter mandatory Tax Information for NZ citizen and clicks on Next button
-> done: AdditionalPersonalDetailsSteps.GivenIEnterMandatoryTaxInformationForNZCitizen() (0.5s)
-> done: PersonalDetailsSteps.GivenIEnterAllRequiredDetailsAndNavigateToSummaryPage(<table>) (15.4s)
When I am in the Summary page
-> done: SummaryPageSteps.GivenIAmInTheSummaryPage() (0.1s)
And I enter 'AlphaNumeric' in the Promo Code field with '7' characters
Exiting Step: Either Primary Product is null or Promo Code flag is false
-> done: SummaryPageSteps.WhenIEnterInThePromoCodeFieldWithCharacters("AlphaNumeric", 7) (0.0s)
And I confirm details on the Summary page
UniqueId: 
Title: Miss
FirstName: Automation
MiddleName: 
LastName: COB-XZHND
Email: cob2016@asb.co.nz
Gender: 
DateOfBirth: 3/16/1978 12:00:00 AM
DateCreated: 
LastReviewDate: 
Cals: 
IsIndividual: 
NzCitizen: True
NzResidence: 
HighValueCustomer: 
StaffMember: 
AmlVerified: 
VipCustomer: 
Addresses: System.Collections.Generic.List`1[ASB.Selenium.DataModel.Customer.Address]
AddressInformation: ASB.Selenium.DataModel.Customer.AddressInformation
CompanyName: 
CompanyType: 
CompanySubType: 
CustomerTypeCode: 
IrdNumber: 
TaxClass: 
TaxClassDate: 
IsNzTaxResident: True
NonResidentCountryCode: 
IsForeignTaxResident: False
ForeignTaxResidencyStatus: 
IsProfileEnhanced: 
Phones: System.Collections.Generic.List`1[ASB.Selenium.DataModel.Customer.Phone]
NextOfKin: 
EmploymentDetails: 
LinkedCustomers: 
AccountRelationships: 
IdType: 
Fatca: ASB.Selenium.DataModel.Customer.Fatca
CitizenshipCountryCodes: 
CitizenshipCountryNames: System.Collections.Generic.List`1[System.String]
ForeignTaxResidenceTypes: System.Collections.Generic.List`1[ASB.Selenium.DataModel.Customer.ForeignTaxResidenceTypes]
OnboardingDetail: ASB.Selenium.DataModel.Customer.OnboardingDetail
AddressVerificationStatus: 
IdVerificationStatus: 
PreferredIdType: Other
IsProfileComplete: True
DaysRemaining: 0
OnboardingStatus: 
NewAccounts: System.Collections.Generic.List`1[ASB.Selenium.DataModel.Customer.Accounts]
FailedAccounts: System.Collections.Generic.List`1[ASB.Selenium.DataModel.Customer.Accounts]
OnboardingSource: Tertiary
CustomerCreated: 
LoginCreated: 
RegisteredForNetcode: 
AccountsCreated: 
CustomerAccessToken: 
VerificationPassword: MyCode01
LoginDetail: ASB.Selenium.DataModel.Customer.Login
CustomerType: 
Cif: 
Username: acob00707
UsernameApi: 
Password: Kiwi77nz
PublicKey: 
AcceptedTermsAndConditions: 
BackgroundCheckConsent: 
PreferredIdType: 
-> done: SummaryPageSteps.WhenIConfirmDetailsOnTheSummaryPage() (2.7s)
Then the Logging you in progress page is displayed
-> done: ConfirmationPageSteps.ThenTheLoggingYouInProgressPageIsDisplayed() (14.8s)
And the Activation page is displayed
12/6/2017 4:22:03 AMThenTheActivationPageIsDisplayed: IsActivationPageDisplayed STARTED
12/6/2017 4:22:34 AMThenTheActivationPageIsDisplayed: IsActivationPageDisplayed DONE
12/6/2017 4:22:34 AMThenTheActivationPageIsDisplayed: IsSectionDisplayed STARTED
12/6/2017 4:23:04 AMThenTheActivationPageIsDisplayed: IsSectionDisplayed DONE
-> error: Timeout error: Activation page is NOT displayed!
]]></output>
                  </test-case>
                  <test-case id="0-1648" name="TER_SUMMARY_06_SummaryPage_ValidPromoCode(&quot;Letters&quot;,&quot;10&quot;,System.String[])" fullname="Join.Form.Customer.Selenium.Features._09_TertiaryProductFeature.TER_SUMMARY_06_SummaryPage_ValidPromoCode(&quot;Letters&quot;,&quot;10&quot;,System.String[])" methodname="TER_SUMMARY_06_SummaryPage_ValidPromoCode" classname="Join.Form.Customer.Selenium.Features._09_TertiaryProductFeature" runstate="Runnable" seed="7231425" result="Failed" label="Error" start-time="2017-12-05 15:23:37Z" end-time="2017-12-05 15:26:13Z" duration="155.715926" asserts="12">
                    <properties />
                    <failure>
                      <message><![CDATA[System.Exception : Timeout error: Activation page is NOT displayed!]]></message>
                      <stack-trace><![CDATA[   at ASB.Test.Automation.Utils.Retry.Retry.Execute(Func`1 function, Int32 retryInterval, Int32 retryCount, String exceptionMessage)
   at Selenium.Steps.COB.ActivationSummary.ActivationSummarySteps.ThenTheActivationPageIsDisplayed()
   at TechTalk.SpecFlow.Bindings.BindingInvoker.InvokeBinding(IBinding binding, IContextManager contextManager, Object[] arguments, ITestTracer testTracer, TimeSpan& duration)
   at TechTalk.SpecFlow.Infrastructure.TestExecutionEngine.ExecuteStepMatch(BindingMatch match, Object[] arguments)
   at TechTalk.SpecFlow.Infrastructure.TestExecutionEngine.ExecuteStep(StepInstance stepInstance)
   at TechTalk.SpecFlow.Infrastructure.TestExecutionEngine.OnAfterLastStep()
   at Join.Form.Customer.Selenium.Features._09_TertiaryProductFeature.ScenarioCleanup()
   at Join.Form.Customer.Selenium.Features._09_TertiaryProductFeature.TER_SUMMARY_06_SummaryPage_ValidPromoCode(String promoCode, String characterLength, String[] exampleTags)]]></stack-trace>
                    </failure>
                    <output><![CDATA[Given I start my Tertiary application
Navigating to URL: https://webappisamdev.asbbank.co.nz/public/join/tertiary/?grcDisabled=true
-> done: CommonSteps.GivenIStartMyTertiaryApplication() (0.6s)
Given I select the following products: 'Tertiary Cheque, ASB Visa Debit Tertiary, Tertiary Overdraft, ASB Visa Light Tertiary'
12/6/2017 4:23:49 AMWaitForFeaturesPageLoad: Executing WaitForFrameAndSwitch
12/6/2017 4:23:49 AMWaitForFeaturesPageLoad: Done executing WaitForFrameAndSwitch
Unable to find product 'Tertiary Overdraft' in page or product 'Tertiary Overdraft' is not selected
Unable to find product 'ASB Visa Light Tertiary' in page or product 'ASB Visa Light Tertiary' is not selected
Unable to find product 'FastSaver' in page or product 'FastSaver' is not selected
Unable to find product 'Savings On Call' in page or product 'Savings On Call' is not selected
Unable to find product 'Savings On Call' in page or product 'Savings On Call' is not selected
Unable to find product 'FastSaver' in page or product 'FastSaver' is not selected
-> done: ProductsPageSteps.WhenIChangeMySelectedProductsTo("Tertiary Cheque, ...") (23.6s)
And I enter all required details and navigate to Summary page
  --- table step argument ---
  | Title | FirstName  | MiddleName | LastName | DateOfBirth   | Email             | MobileNumber   | CountriesCitizenship | PreferredIdType | Password | VerbalPassword |
  | Miss  | Automation |            | RANDOM   | 16 March 1978 | cob2016@asb.co.nz | 021-1234567890 | New Zealand          | Other           | Kiwi77nz | MyCode01       |
Given I enter mandatory Tax Information for NZ citizen and clicks on Next button
-> done: AdditionalPersonalDetailsSteps.GivenIEnterMandatoryTaxInformationForNZCitizen() (0.5s)
-> done: PersonalDetailsSteps.GivenIEnterAllRequiredDetailsAndNavigateToSummaryPage(<table>) (15.2s)
When I am in the Summary page
-> done: SummaryPageSteps.GivenIAmInTheSummaryPage() (0.1s)
And I enter 'Letters' in the Promo Code field with '10' characters
Exiting Step: Either Primary Product is null or Promo Code flag is false
-> done: SummaryPageSteps.WhenIEnterInThePromoCodeFieldWithCharacters("Letters", 10) (0.0s)
And I confirm details on the Summary page
UniqueId: 
Title: Miss
FirstName: Automation
MiddleName: 
LastName: COB-HqlUv
Email: cob2016@asb.co.nz
Gender: 
DateOfBirth: 3/16/1978 12:00:00 AM
DateCreated: 
LastReviewDate: 
Cals: 
IsIndividual: 
NzCitizen: True
NzResidence: 
HighValueCustomer: 
StaffMember: 
AmlVerified: 
VipCustomer: 
Addresses: System.Collections.Generic.List`1[ASB.Selenium.DataModel.Customer.Address]
AddressInformation: ASB.Selenium.DataModel.Customer.AddressInformation
CompanyName: 
CompanyType: 
CompanySubType: 
CustomerTypeCode: 
IrdNumber: 
TaxClass: 
TaxClassDate: 
IsNzTaxResident: True
NonResidentCountryCode: 
IsForeignTaxResident: False
ForeignTaxResidencyStatus: 
IsProfileEnhanced: 
Phones: System.Collections.Generic.List`1[ASB.Selenium.DataModel.Customer.Phone]
NextOfKin: 
EmploymentDetails: 
LinkedCustomers: 
AccountRelationships: 
IdType: 
Fatca: ASB.Selenium.DataModel.Customer.Fatca
CitizenshipCountryCodes: 
CitizenshipCountryNames: System.Collections.Generic.List`1[System.String]
ForeignTaxResidenceTypes: System.Collections.Generic.List`1[ASB.Selenium.DataModel.Customer.ForeignTaxResidenceTypes]
OnboardingDetail: ASB.Selenium.DataModel.Customer.OnboardingDetail
AddressVerificationStatus: 
IdVerificationStatus: 
PreferredIdType: Other
IsProfileComplete: True
DaysRemaining: 0
OnboardingStatus: 
NewAccounts: System.Collections.Generic.List`1[ASB.Selenium.DataModel.Customer.Accounts]
FailedAccounts: System.Collections.Generic.List`1[ASB.Selenium.DataModel.Customer.Accounts]
OnboardingSource: Tertiary
CustomerCreated: 
LoginCreated: 
RegisteredForNetcode: 
AccountsCreated: 
CustomerAccessToken: 
VerificationPassword: MyCode01
LoginDetail: ASB.Selenium.DataModel.Customer.Login
CustomerType: 
Cif: 
Username: acob85497
UsernameApi: 
Password: Kiwi77nz
PublicKey: 
AcceptedTermsAndConditions: 
BackgroundCheckConsent: 
PreferredIdType: 
-> done: SummaryPageSteps.WhenIConfirmDetailsOnTheSummaryPage() (2.7s)
Then the Logging you in progress page is displayed
-> done: ConfirmationPageSteps.ThenTheLoggingYouInProgressPageIsDisplayed() (17.1s)
And the Activation page is displayed
12/6/2017 4:24:39 AMThenTheActivationPageIsDisplayed: IsActivationPageDisplayed STARTED
12/6/2017 4:25:09 AMThenTheActivationPageIsDisplayed: IsActivationPageDisplayed DONE
12/6/2017 4:25:09 AMThenTheActivationPageIsDisplayed: IsSectionDisplayed STARTED
12/6/2017 4:25:40 AMThenTheActivationPageIsDisplayed: IsSectionDisplayed DONE
-> error: Timeout error: Activation page is NOT displayed!
]]></output>
                  </test-case>
                  <test-case id="0-1649" name="TER_SUMMARY_06_SummaryPage_ValidPromoCode(&quot;Numbers&quot;,&quot;1&quot;,System.String[])" fullname="Join.Form.Customer.Selenium.Features._09_TertiaryProductFeature.TER_SUMMARY_06_SummaryPage_ValidPromoCode(&quot;Numbers&quot;,&quot;1&quot;,System.String[])" methodname="TER_SUMMARY_06_SummaryPage_ValidPromoCode" classname="Join.Form.Customer.Selenium.Features._09_TertiaryProductFeature" runstate="Runnable" seed="1787436823" result="Failed" label="Error" start-time="2017-12-05 15:26:13Z" end-time="2017-12-05 15:28:54Z" duration="160.719090" asserts="12">
                    <properties />
                    <failure>
                      <message><![CDATA[System.Exception : Timeout error: Activation page is NOT displayed!]]></message>
                      <stack-trace><![CDATA[   at ASB.Test.Automation.Utils.Retry.Retry.Execute(Func`1 function, Int32 retryInterval, Int32 retryCount, String exceptionMessage)
   at Selenium.Steps.COB.ActivationSummary.ActivationSummarySteps.ThenTheActivationPageIsDisplayed()
   at TechTalk.SpecFlow.Bindings.BindingInvoker.InvokeBinding(IBinding binding, IContextManager contextManager, Object[] arguments, ITestTracer testTracer, TimeSpan& duration)
   at TechTalk.SpecFlow.Infrastructure.TestExecutionEngine.ExecuteStepMatch(BindingMatch match, Object[] arguments)
   at TechTalk.SpecFlow.Infrastructure.TestExecutionEngine.ExecuteStep(StepInstance stepInstance)
   at TechTalk.SpecFlow.Infrastructure.TestExecutionEngine.OnAfterLastStep()
   at Join.Form.Customer.Selenium.Features._09_TertiaryProductFeature.ScenarioCleanup()
   at Join.Form.Customer.Selenium.Features._09_TertiaryProductFeature.TER_SUMMARY_06_SummaryPage_ValidPromoCode(String promoCode, String characterLength, String[] exampleTags)]]></stack-trace>
                    </failure>
                    <output><![CDATA[Given I start my Tertiary application
Navigating to URL: https://webappisamdev.asbbank.co.nz/public/join/tertiary/?grcDisabled=true
-> done: CommonSteps.GivenIStartMyTertiaryApplication() (0.7s)
Given I select the following products: 'Tertiary Cheque, ASB Visa Debit Tertiary, Tertiary Overdraft, ASB Visa Light Tertiary'
12/6/2017 4:26:25 AMWaitForFeaturesPageLoad: Executing WaitForFrameAndSwitch
12/6/2017 4:26:25 AMWaitForFeaturesPageLoad: Done executing WaitForFrameAndSwitch
Unable to find product 'Tertiary Overdraft' in page or product 'Tertiary Overdraft' is not selected
Unable to find product 'ASB Visa Light Tertiary' in page or product 'ASB Visa Light Tertiary' is not selected
Unable to find product 'FastSaver' in page or product 'FastSaver' is not selected
Unable to find product 'Savings On Call' in page or product 'Savings On Call' is not selected
Unable to find product 'Savings On Call' in page or product 'Savings On Call' is not selected
Unable to find product 'FastSaver' in page or product 'FastSaver' is not selected
-> done: ProductsPageSteps.WhenIChangeMySelectedProductsTo("Tertiary Cheque, ...") (23.6s)
And I enter all required details and navigate to Summary page
  --- table step argument ---
  | Title | FirstName  | MiddleName | LastName | DateOfBirth   | Email             | MobileNumber   | CountriesCitizenship | PreferredIdType | Password | VerbalPassword |
  | Miss  | Automation |            | RANDOM   | 16 March 1978 | cob2016@asb.co.nz | 021-1234567890 | New Zealand          | Other           | Kiwi77nz | MyCode01       |
Given I enter mandatory Tax Information for NZ citizen and clicks on Next button
-> done: AdditionalPersonalDetailsSteps.GivenIEnterMandatoryTaxInformationForNZCitizen() (0.5s)
-> done: PersonalDetailsSteps.GivenIEnterAllRequiredDetailsAndNavigateToSummaryPage(<table>) (21.1s)
When I am in the Summary page
-> done: SummaryPageSteps.GivenIAmInTheSummaryPage() (0.1s)
And I enter 'Numbers' in the Promo Code field with '1' characters
Exiting Step: Either Primary Product is null or Promo Code flag is false
-> done: SummaryPageSteps.WhenIEnterInThePromoCodeFieldWithCharacters("Numbers", 1) (0.0s)
And I confirm details on the Summary page
UniqueId: 
Title: Miss
FirstName: Automation
MiddleName: 
LastName: COB-dmswl
Email: cob2016@asb.co.nz
Gender: 
DateOfBirth: 3/16/1978 12:00:00 AM
DateCreated: 
LastReviewDate: 
Cals: 
IsIndividual: 
NzCitizen: True
NzResidence: 
HighValueCustomer: 
StaffMember: 
AmlVerified: 
VipCustomer: 
Addresses: System.Collections.Generic.List`1[ASB.Selenium.DataModel.Customer.Address]
AddressInformation: ASB.Selenium.DataModel.Customer.AddressInformation
CompanyName: 
CompanyType: 
CompanySubType: 
CustomerTypeCode: 
IrdNumber: 
TaxClass: 
TaxClassDate: 
IsNzTaxResident: True
NonResidentCountryCode: 
IsForeignTaxResident: False
ForeignTaxResidencyStatus: 
IsProfileEnhanced: 
Phones: System.Collections.Generic.List`1[ASB.Selenium.DataModel.Customer.Phone]
NextOfKin: 
EmploymentDetails: 
LinkedCustomers: 
AccountRelationships: 
IdType: 
Fatca: ASB.Selenium.DataModel.Customer.Fatca
CitizenshipCountryCodes: 
CitizenshipCountryNames: System.Collections.Generic.List`1[System.String]
ForeignTaxResidenceTypes: System.Collections.Generic.List`1[ASB.Selenium.DataModel.Customer.ForeignTaxResidenceTypes]
OnboardingDetail: ASB.Selenium.DataModel.Customer.OnboardingDetail
AddressVerificationStatus: 
IdVerificationStatus: 
PreferredIdType: Other
IsProfileComplete: True
DaysRemaining: 0
OnboardingStatus: 
NewAccounts: System.Collections.Generic.List`1[ASB.Selenium.DataModel.Customer.Accounts]
FailedAccounts: System.Collections.Generic.List`1[ASB.Selenium.DataModel.Customer.Accounts]
OnboardingSource: Tertiary
CustomerCreated: 
LoginCreated: 
RegisteredForNetcode: 
AccountsCreated: 
CustomerAccessToken: 
VerificationPassword: MyCode01
LoginDetail: ASB.Selenium.DataModel.Customer.Login
CustomerType: 
Cif: 
Username: acob03021
UsernameApi: 
Password: Kiwi77nz
PublicKey: 
AcceptedTermsAndConditions: 
BackgroundCheckConsent: 
PreferredIdType: 
-> done: SummaryPageSteps.WhenIConfirmDetailsOnTheSummaryPage() (2.9s)
Then the Logging you in progress page is displayed
-> done: ConfirmationPageSteps.ThenTheLoggingYouInProgressPageIsDisplayed() (16.4s)
And the Activation page is displayed
12/6/2017 4:27:20 AMThenTheActivationPageIsDisplayed: IsActivationPageDisplayed STARTED
12/6/2017 4:27:50 AMThenTheActivationPageIsDisplayed: IsActivationPageDisplayed DONE
12/6/2017 4:27:50 AMThenTheActivationPageIsDisplayed: IsSectionDisplayed STARTED
12/6/2017 4:28:21 AMThenTheActivationPageIsDisplayed: IsSectionDisplayed DONE
-> error: Timeout error: Activation page is NOT displayed!
]]></output>
                  </test-case>
                  <test-case id="0-1650" name="TER_SUMMARY_06_SummaryPage_ValidPromoCode(&quot;Default&quot;,&quot;50&quot;,System.String[])" fullname="Join.Form.Customer.Selenium.Features._09_TertiaryProductFeature.TER_SUMMARY_06_SummaryPage_ValidPromoCode(&quot;Default&quot;,&quot;50&quot;,System.String[])" methodname="TER_SUMMARY_06_SummaryPage_ValidPromoCode" classname="Join.Form.Customer.Selenium.Features._09_TertiaryProductFeature" runstate="Runnable" seed="2040453427" result="Failed" label="Error" start-time="2017-12-05 15:28:54Z" end-time="2017-12-05 15:31:29Z" duration="155.396818" asserts="12">
                    <properties />
                    <failure>
                      <message><![CDATA[System.Exception : Timeout error: Activation page is NOT displayed!]]></message>
                      <stack-trace><![CDATA[   at ASB.Test.Automation.Utils.Retry.Retry.Execute(Func`1 function, Int32 retryInterval, Int32 retryCount, String exceptionMessage)
   at Selenium.Steps.COB.ActivationSummary.ActivationSummarySteps.ThenTheActivationPageIsDisplayed()
   at TechTalk.SpecFlow.Bindings.BindingInvoker.InvokeBinding(IBinding binding, IContextManager contextManager, Object[] arguments, ITestTracer testTracer, TimeSpan& duration)
   at TechTalk.SpecFlow.Infrastructure.TestExecutionEngine.ExecuteStepMatch(BindingMatch match, Object[] arguments)
   at TechTalk.SpecFlow.Infrastructure.TestExecutionEngine.ExecuteStep(StepInstance stepInstance)
   at TechTalk.SpecFlow.Infrastructure.TestExecutionEngine.OnAfterLastStep()
   at Join.Form.Customer.Selenium.Features._09_TertiaryProductFeature.ScenarioCleanup()
   at Join.Form.Customer.Selenium.Features._09_TertiaryProductFeature.TER_SUMMARY_06_SummaryPage_ValidPromoCode(String promoCode, String characterLength, String[] exampleTags)]]></stack-trace>
                    </failure>
                    <output><![CDATA[Given I start my Tertiary application
Navigating to URL: https://webappisamdev.asbbank.co.nz/public/join/tertiary/?grcDisabled=true
-> done: CommonSteps.GivenIStartMyTertiaryApplication() (0.6s)
Given I select the following products: 'Tertiary Cheque, ASB Visa Debit Tertiary, Tertiary Overdraft, ASB Visa Light Tertiary'
12/6/2017 4:29:05 AMWaitForFeaturesPageLoad: Executing WaitForFrameAndSwitch
12/6/2017 4:29:05 AMWaitForFeaturesPageLoad: Done executing WaitForFrameAndSwitch
Unable to find product 'Tertiary Overdraft' in page or product 'Tertiary Overdraft' is not selected
Unable to find product 'ASB Visa Light Tertiary' in page or product 'ASB Visa Light Tertiary' is not selected
Unable to find product 'FastSaver' in page or product 'FastSaver' is not selected
Unable to find product 'Savings On Call' in page or product 'Savings On Call' is not selected
Unable to find product 'Savings On Call' in page or product 'Savings On Call' is not selected
Unable to find product 'FastSaver' in page or product 'FastSaver' is not selected
-> done: ProductsPageSteps.WhenIChangeMySelectedProductsTo("Tertiary Cheque, ...") (23.6s)
And I enter all required details and navigate to Summary page
  --- table step argument ---
  | Title | FirstName  | MiddleName | LastName | DateOfBirth   | Email             | MobileNumber   | CountriesCitizenship | PreferredIdType | Password | VerbalPassword |
  | Miss  | Automation |            | RANDOM   | 16 March 1978 | cob2016@asb.co.nz | 021-1234567890 | New Zealand          | Other           | Kiwi77nz | MyCode01       |
Given I enter mandatory Tax Information for NZ citizen and clicks on Next button
-> done: AdditionalPersonalDetailsSteps.GivenIEnterMandatoryTaxInformationForNZCitizen() (0.5s)
-> done: PersonalDetailsSteps.GivenIEnterAllRequiredDetailsAndNavigateToSummaryPage(<table>) (15.3s)
When I am in the Summary page
-> done: SummaryPageSteps.GivenIAmInTheSummaryPage() (0.1s)
And I enter 'Default' in the Promo Code field with '50' characters
Exiting Step: Either Primary Product is null or Promo Code flag is false
-> done: SummaryPageSteps.WhenIEnterInThePromoCodeFieldWithCharacters("Default", 50) (0.0s)
And I confirm details on the Summary page
UniqueId: 
Title: Miss
FirstName: Automation
MiddleName: 
LastName: COB-nEfBQ
Email: cob2016@asb.co.nz
Gender: 
DateOfBirth: 3/16/1978 12:00:00 AM
DateCreated: 
LastReviewDate: 
Cals: 
IsIndividual: 
NzCitizen: True
NzResidence: 
HighValueCustomer: 
StaffMember: 
AmlVerified: 
VipCustomer: 
Addresses: System.Collections.Generic.List`1[ASB.Selenium.DataModel.Customer.Address]
AddressInformation: ASB.Selenium.DataModel.Customer.AddressInformation
CompanyName: 
CompanyType: 
CompanySubType: 
CustomerTypeCode: 
IrdNumber: 
TaxClass: 
TaxClassDate: 
IsNzTaxResident: True
NonResidentCountryCode: 
IsForeignTaxResident: False
ForeignTaxResidencyStatus: 
IsProfileEnhanced: 
Phones: System.Collections.Generic.List`1[ASB.Selenium.DataModel.Customer.Phone]
NextOfKin: 
EmploymentDetails: 
LinkedCustomers: 
AccountRelationships: 
IdType: 
Fatca: ASB.Selenium.DataModel.Customer.Fatca
CitizenshipCountryCodes: 
CitizenshipCountryNames: System.Collections.Generic.List`1[System.String]
ForeignTaxResidenceTypes: System.Collections.Generic.List`1[ASB.Selenium.DataModel.Customer.ForeignTaxResidenceTypes]
OnboardingDetail: ASB.Selenium.DataModel.Customer.OnboardingDetail
AddressVerificationStatus: 
IdVerificationStatus: 
PreferredIdType: Other
IsProfileComplete: True
DaysRemaining: 0
OnboardingStatus: 
NewAccounts: System.Collections.Generic.List`1[ASB.Selenium.DataModel.Customer.Accounts]
FailedAccounts: System.Collections.Generic.List`1[ASB.Selenium.DataModel.Customer.Accounts]
OnboardingSource: Tertiary
CustomerCreated: 
LoginCreated: 
RegisteredForNetcode: 
AccountsCreated: 
CustomerAccessToken: 
VerificationPassword: MyCode01
LoginDetail: ASB.Selenium.DataModel.Customer.Login
CustomerType: 
Cif: 
Username: acob34381
UsernameApi: 
Password: Kiwi77nz
PublicKey: 
AcceptedTermsAndConditions: 
BackgroundCheckConsent: 
PreferredIdType: 
-> done: SummaryPageSteps.WhenIConfirmDetailsOnTheSummaryPage() (2.8s)
Then the Logging you in progress page is displayed
-> done: ConfirmationPageSteps.ThenTheLoggingYouInProgressPageIsDisplayed() (16.9s)
And the Activation page is displayed
12/6/2017 4:29:55 AMThenTheActivationPageIsDisplayed: IsActivationPageDisplayed STARTED
12/6/2017 4:30:26 AMThenTheActivationPageIsDisplayed: IsActivationPageDisplayed DONE
12/6/2017 4:30:26 AMThenTheActivationPageIsDisplayed: IsSectionDisplayed STARTED
12/6/2017 4:30:56 AMThenTheActivationPageIsDisplayed: IsSectionDisplayed DONE
-> error: Timeout error: Activation page is NOT displayed!
]]></output>
                  </test-case>
                </test-suite>
              </test-suite>
              <test-suite type="TestFixture" id="0-1364" name="_10_JobStarterProductFeature" fullname="Join.Form.Customer.Selenium.Features._10_JobStarterProductFeature" classname="Join.Form.Customer.Selenium.Features._10_JobStarterProductFeature" runstate="Runnable" testcasecount="40" result="Failed" site="Child" start-time="2017-12-05 15:31:29Z" end-time="2017-12-05 15:49:36Z" duration="1086.422028" total="10" passed="2" failed="8" warnings="0" inconclusive="0" skipped="0" asserts="157">
                <properties>
                  <property name="Description" value="10_JobStarterProduct" />
                </properties>
                <failure>
                  <message><![CDATA[One or more child tests had errors]]></message>
                </failure>
                <test-suite type="ParameterizedMethod" id="0-1400" name="JOBSTARTER_ACTSUM_01_NZCitizen" fullname="Join.Form.Customer.Selenium.Features._10_JobStarterProductFeature.JOBSTARTER_ACTSUM_01_NZCitizen" classname="Join.Form.Customer.Selenium.Features._10_JobStarterProductFeature" runstate="Runnable" testcasecount="3" result="Failed" site="Child" start-time="2017-12-05 15:31:29Z" end-time="2017-12-05 15:39:16Z" duration="466.657098" total="3" passed="0" failed="3" warnings="0" inconclusive="0" skipped="0" asserts="33">
                  <properties>
                    <property name="Description" value="JOBSTARTER_ACTSUM_01 - NZ Citizen" />
                    <property name="Category" value="COB" />
                    <property name="Category" value="activatesummary" />
                    <property name="Category" value="072017" />
                    <property name="Category" value="jobstarter" />
                    <property name="Category" value="integration" />
                    <property name="Category" value="regression" />
                    <property name="Category" value="smoke" />
                  </properties>
                  <failure>
                    <message><![CDATA[One or more child tests had errors]]></message>
                  </failure>
                  <test-case id="0-1397" name="JOBSTARTER_ACTSUM_01_NZCitizen(&quot;Job starter only&quot;,&quot;Job starter&quot;,System.String[])" fullname="Join.Form.Customer.Selenium.Features._10_JobStarterProductFeature.JOBSTARTER_ACTSUM_01_NZCitizen(&quot;Job starter only&quot;,&quot;Job starter&quot;,System.String[])" methodname="JOBSTARTER_ACTSUM_01_NZCitizen" classname="Join.Form.Customer.Selenium.Features._10_JobStarterProductFeature" runstate="Runnable" seed="745183009" result="Failed" label="Error" start-time="2017-12-05 15:31:29Z" end-time="2017-12-05 15:34:00Z" duration="151.153394" asserts="11">
                    <properties />
                    <failure>
                      <message><![CDATA[System.Exception : Timeout error: Activation page is NOT displayed!]]></message>
                      <stack-trace><![CDATA[   at ASB.Test.Automation.Utils.Retry.Retry.Execute(Func`1 function, Int32 retryInterval, Int32 retryCount, String exceptionMessage)
   at Selenium.Steps.COB.ActivationSummary.ActivationSummarySteps.ThenTheActivationPageIsDisplayed()
   at TechTalk.SpecFlow.Bindings.BindingInvoker.InvokeBinding(IBinding binding, IContextManager contextManager, Object[] arguments, ITestTracer testTracer, TimeSpan& duration)
   at TechTalk.SpecFlow.Infrastructure.TestExecutionEngine.ExecuteStepMatch(BindingMatch match, Object[] arguments)
   at TechTalk.SpecFlow.Infrastructure.TestExecutionEngine.ExecuteStep(StepInstance stepInstance)
   at TechTalk.SpecFlow.Infrastructure.TestExecutionEngine.OnAfterLastStep()
   at Join.Form.Customer.Selenium.Features._10_JobStarterProductFeature.ScenarioCleanup()
   at Join.Form.Customer.Selenium.Features._10_JobStarterProductFeature.JOBSTARTER_ACTSUM_01_NZCitizen(String scenario, String products, String[] exampleTags)]]></stack-trace>
                    </failure>
                    <output><![CDATA[Given I start my Job Starter application
Navigating to URL: https://webappisamdev.asbbank.co.nz/public/join/jobstarter/?grcDisabled=true
-> done: CommonSteps.GivenIStartMyJobStarterApplication() (0.6s)
Given I select the following products: 'Job starter'
12/6/2017 4:31:41 AMWaitForFeaturesPageLoad: Executing WaitForFrameAndSwitch
12/6/2017 4:31:41 AMWaitForFeaturesPageLoad: Done executing WaitForFrameAndSwitch
Unable to find product 'FastSaver' in page or product 'FastSaver' is not selected
Unable to find product 'Savings On Call' in page or product 'Savings On Call' is not selected
Unable to find product 'Job Starter Overdraft' in page or product 'Job Starter Overdraft' is not selected
Unable to find product 'ASB Visa Rewards Job Starter' in page or product 'ASB Visa Rewards Job Starter' is not selected
Unable to find product 'ASB Visa Light Job Starter' in page or product 'ASB Visa Light Job Starter' is not selected
Unable to find product 'ASB Visa Debit Job Starter' in page or product 'ASB Visa Debit Job Starter' is not selected
Unable to find product 'Job Starter Overdraft' in page or product 'Job Starter Overdraft' is not selected
Unable to find product 'ASB Visa Light Job Starter' in page or product 'ASB Visa Light Job Starter' is not selected
Unable to find product 'ASB Visa Rewards Job Starter' in page or product 'ASB Visa Rewards Job Starter' is not selected
Unable to find product 'Savings On Call' in page or product 'Savings On Call' is not selected
Unable to find product 'FastSaver' in page or product 'FastSaver' is not selected
-> done: ProductsPageSteps.WhenIChangeMySelectedProductsTo("Job starter") (22.5s)
And I enter all required details and navigate to Summary page
  --- table step argument ---
  | Title | FirstName    | MiddleName | LastName | DateOfBirth | Email                   | MobileNumber   | CountriesCitizenship | PreferredIdType | Password | VerbalPassword |
  | Miss  | AutomationNZ |            | RANDOM   | 18-20       | Jay.Pamilacan@asb.co.nz | 021-1234567890 | New Zealand          | Other           | Kiwi77nz | MyCode01       |
Given I enter mandatory Tax Information for NZ citizen and clicks on Next button
-> done: AdditionalPersonalDetailsSteps.GivenIEnterMandatoryTaxInformationForNZCitizen() (0.5s)
-> done: PersonalDetailsSteps.GivenIEnterAllRequiredDetailsAndNavigateToSummaryPage(<table>) (13.3s)
When I confirm details on the Summary page
UniqueId: 
Title: Miss
FirstName: AutomationNZ
MiddleName: 
LastName: COB-hKfit
Email: Jay.Pamilacan@asb.co.nz
Gender: 
DateOfBirth: 12/6/1999 12:00:00 AM
DateCreated: 
LastReviewDate: 
Cals: 
IsIndividual: 
NzCitizen: True
NzResidence: 
HighValueCustomer: 
StaffMember: 
AmlVerified: 
VipCustomer: 
Addresses: System.Collections.Generic.List`1[ASB.Selenium.DataModel.Customer.Address]
AddressInformation: ASB.Selenium.DataModel.Customer.AddressInformation
CompanyName: 
CompanyType: 
CompanySubType: 
CustomerTypeCode: 
IrdNumber: 
TaxClass: 
TaxClassDate: 
IsNzTaxResident: True
NonResidentCountryCode: 
IsForeignTaxResident: False
ForeignTaxResidencyStatus: 
IsProfileEnhanced: 
Phones: System.Collections.Generic.List`1[ASB.Selenium.DataModel.Customer.Phone]
NextOfKin: 
EmploymentDetails: 
LinkedCustomers: 
AccountRelationships: 
IdType: 
Fatca: ASB.Selenium.DataModel.Customer.Fatca
CitizenshipCountryCodes: 
CitizenshipCountryNames: System.Collections.Generic.List`1[System.String]
ForeignTaxResidenceTypes: System.Collections.Generic.List`1[ASB.Selenium.DataModel.Customer.ForeignTaxResidenceTypes]
OnboardingDetail: ASB.Selenium.DataModel.Customer.OnboardingDetail
AddressVerificationStatus: 
IdVerificationStatus: 
PreferredIdType: Other
IsProfileComplete: True
DaysRemaining: 0
OnboardingStatus: 
NewAccounts: System.Collections.Generic.List`1[ASB.Selenium.DataModel.Customer.Accounts]
FailedAccounts: System.Collections.Generic.List`1[ASB.Selenium.DataModel.Customer.Accounts]
OnboardingSource: JobStarter
CustomerCreated: 
LoginCreated: 
RegisteredForNetcode: 
AccountsCreated: 
CustomerAccessToken: 
VerificationPassword: MyCode01
LoginDetail: ASB.Selenium.DataModel.Customer.Login
CustomerType: 
Cif: 
Username: acob65907
UsernameApi: 
Password: Kiwi77nz
PublicKey: 
AcceptedTermsAndConditions: 
BackgroundCheckConsent: 
PreferredIdType: 
-> done: SummaryPageSteps.WhenIConfirmDetailsOnTheSummaryPage() (2.8s)
Then the 'Processing' screen of Join ASB page is displayed
-> done: CommonSteps.ThenTheScreenOfJoinASBPageIsDisplayed("Processing") (0.0s)
And the Logging you in progress page is displayed
-> done: ConfirmationPageSteps.ThenTheLoggingYouInProgressPageIsDisplayed() (15.6s)
And the Activation page is displayed
12/6/2017 4:32:26 AMThenTheActivationPageIsDisplayed: IsActivationPageDisplayed STARTED
12/6/2017 4:32:57 AMThenTheActivationPageIsDisplayed: IsActivationPageDisplayed DONE
12/6/2017 4:32:57 AMThenTheActivationPageIsDisplayed: IsSectionDisplayed STARTED
12/6/2017 4:33:27 AMThenTheActivationPageIsDisplayed: IsSectionDisplayed DONE
-> error: Timeout error: Activation page is NOT displayed!
And the account number and product name is displayed for the selected products
-> skipped because of previous errors
And the Profile Details section is displayed
-> skipped because of previous errors
And the Proof of Address section is displayed
-> skipped because of previous errors
And the Confirm Identity section is displayed
-> skipped because of previous errors
And the See a complete list of acceptable documents text is displayed conditionally
-> skipped because of previous errors
And the Find a branch button is displayed conditionally
-> skipped because of previous errors
]]></output>
                  </test-case>
                  <test-case id="0-1398" name="JOBSTARTER_ACTSUM_01_NZCitizen(&quot;Default Job Starter Products&quot;,&quot;Job starter, ASB Visa Debit Job Starter&quot;,System.String[])" fullname="Join.Form.Customer.Selenium.Features._10_JobStarterProductFeature.JOBSTARTER_ACTSUM_01_NZCitizen(&quot;Default Job Starter Products&quot;,&quot;Job starter, ASB Visa Debit Job Starter&quot;,System.String[])" methodname="JOBSTARTER_ACTSUM_01_NZCitizen" classname="Join.Form.Customer.Selenium.Features._10_JobStarterProductFeature" runstate="Runnable" seed="1559213491" result="Failed" label="Error" start-time="2017-12-05 15:34:01Z" end-time="2017-12-05 15:36:30Z" duration="149.423605" asserts="11">
                    <properties />
                    <failure>
                      <message><![CDATA[System.Exception : Timeout error: Activation page is NOT displayed!]]></message>
                      <stack-trace><![CDATA[   at ASB.Test.Automation.Utils.Retry.Retry.Execute(Func`1 function, Int32 retryInterval, Int32 retryCount, String exceptionMessage)
   at Selenium.Steps.COB.ActivationSummary.ActivationSummarySteps.ThenTheActivationPageIsDisplayed()
   at TechTalk.SpecFlow.Bindings.BindingInvoker.InvokeBinding(IBinding binding, IContextManager contextManager, Object[] arguments, ITestTracer testTracer, TimeSpan& duration)
   at TechTalk.SpecFlow.Infrastructure.TestExecutionEngine.ExecuteStepMatch(BindingMatch match, Object[] arguments)
   at TechTalk.SpecFlow.Infrastructure.TestExecutionEngine.ExecuteStep(StepInstance stepInstance)
   at TechTalk.SpecFlow.Infrastructure.TestExecutionEngine.OnAfterLastStep()
   at Join.Form.Customer.Selenium.Features._10_JobStarterProductFeature.ScenarioCleanup()
   at Join.Form.Customer.Selenium.Features._10_JobStarterProductFeature.JOBSTARTER_ACTSUM_01_NZCitizen(String scenario, String products, String[] exampleTags)]]></stack-trace>
                    </failure>
                    <output><![CDATA[Given I start my Job Starter application
Navigating to URL: https://webappisamdev.asbbank.co.nz/public/join/jobstarter/?grcDisabled=true
-> done: CommonSteps.GivenIStartMyJobStarterApplication() (0.6s)
Given I select the following products: 'Job starter, ASB Visa Debit Job Starter'
12/6/2017 4:34:12 AMWaitForFeaturesPageLoad: Executing WaitForFrameAndSwitch
12/6/2017 4:34:12 AMWaitForFeaturesPageLoad: Done executing WaitForFrameAndSwitch
Unable to find product 'FastSaver' in page or product 'FastSaver' is not selected
Unable to find product 'Savings On Call' in page or product 'Savings On Call' is not selected
Unable to find product 'Job Starter Overdraft' in page or product 'Job Starter Overdraft' is not selected
Unable to find product 'ASB Visa Rewards Job Starter' in page or product 'ASB Visa Rewards Job Starter' is not selected
Unable to find product 'ASB Visa Light Job Starter' in page or product 'ASB Visa Light Job Starter' is not selected
Unable to find product 'Job Starter Overdraft' in page or product 'Job Starter Overdraft' is not selected
Unable to find product 'ASB Visa Light Job Starter' in page or product 'ASB Visa Light Job Starter' is not selected
Unable to find product 'ASB Visa Rewards Job Starter' in page or product 'ASB Visa Rewards Job Starter' is not selected
Unable to find product 'Savings On Call' in page or product 'Savings On Call' is not selected
Unable to find product 'FastSaver' in page or product 'FastSaver' is not selected
-> done: ProductsPageSteps.WhenIChangeMySelectedProductsTo("Job starter, ASB ...") (21.6s)
And I enter all required details and navigate to Summary page
  --- table step argument ---
  | Title | FirstName    | MiddleName | LastName | DateOfBirth | Email                   | MobileNumber   | CountriesCitizenship | PreferredIdType | Password | VerbalPassword |
  | Miss  | AutomationNZ |            | RANDOM   | 18-20       | Jay.Pamilacan@asb.co.nz | 021-1234567890 | New Zealand          | Other           | Kiwi77nz | MyCode01       |
Given I enter mandatory Tax Information for NZ citizen and clicks on Next button
-> done: AdditionalPersonalDetailsSteps.GivenIEnterMandatoryTaxInformationForNZCitizen() (0.6s)
-> done: PersonalDetailsSteps.GivenIEnterAllRequiredDetailsAndNavigateToSummaryPage(<table>) (13.6s)
When I confirm details on the Summary page
UniqueId: 
Title: Miss
FirstName: AutomationNZ
MiddleName: 
LastName: COB-CRqFg
Email: Jay.Pamilacan@asb.co.nz
Gender: 
DateOfBirth: 12/6/1999 12:00:00 AM
DateCreated: 
LastReviewDate: 
Cals: 
IsIndividual: 
NzCitizen: True
NzResidence: 
HighValueCustomer: 
StaffMember: 
AmlVerified: 
VipCustomer: 
Addresses: System.Collections.Generic.List`1[ASB.Selenium.DataModel.Customer.Address]
AddressInformation: ASB.Selenium.DataModel.Customer.AddressInformation
CompanyName: 
CompanyType: 
CompanySubType: 
CustomerTypeCode: 
IrdNumber: 
TaxClass: 
TaxClassDate: 
IsNzTaxResident: True
NonResidentCountryCode: 
IsForeignTaxResident: False
ForeignTaxResidencyStatus: 
IsProfileEnhanced: 
Phones: System.Collections.Generic.List`1[ASB.Selenium.DataModel.Customer.Phone]
NextOfKin: 
EmploymentDetails: 
LinkedCustomers: 
AccountRelationships: 
IdType: 
Fatca: ASB.Selenium.DataModel.Customer.Fatca
CitizenshipCountryCodes: 
CitizenshipCountryNames: System.Collections.Generic.List`1[System.String]
ForeignTaxResidenceTypes: System.Collections.Generic.List`1[ASB.Selenium.DataModel.Customer.ForeignTaxResidenceTypes]
OnboardingDetail: ASB.Selenium.DataModel.Customer.OnboardingDetail
AddressVerificationStatus: 
IdVerificationStatus: 
PreferredIdType: Other
IsProfileComplete: True
DaysRemaining: 0
OnboardingStatus: 
NewAccounts: System.Collections.Generic.List`1[ASB.Selenium.DataModel.Customer.Accounts]
FailedAccounts: System.Collections.Generic.List`1[ASB.Selenium.DataModel.Customer.Accounts]
OnboardingSource: JobStarter
CustomerCreated: 
LoginCreated: 
RegisteredForNetcode: 
AccountsCreated: 
CustomerAccessToken: 
VerificationPassword: MyCode01
LoginDetail: ASB.Selenium.DataModel.Customer.Login
CustomerType: 
Cif: 
Username: acob54919
UsernameApi: 
Password: Kiwi77nz
PublicKey: 
AcceptedTermsAndConditions: 
BackgroundCheckConsent: 
PreferredIdType: 
-> done: SummaryPageSteps.WhenIConfirmDetailsOnTheSummaryPage() (2.8s)
Then the 'Processing' screen of Join ASB page is displayed
-> done: CommonSteps.ThenTheScreenOfJoinASBPageIsDisplayed("Processing") (0.0s)
And the Logging you in progress page is displayed
-> done: ConfirmationPageSteps.ThenTheLoggingYouInProgressPageIsDisplayed() (14.8s)
And the Activation page is displayed
12/6/2017 4:34:56 AMThenTheActivationPageIsDisplayed: IsActivationPageDisplayed STARTED
12/6/2017 4:35:26 AMThenTheActivationPageIsDisplayed: IsActivationPageDisplayed DONE
12/6/2017 4:35:26 AMThenTheActivationPageIsDisplayed: IsSectionDisplayed STARTED
12/6/2017 4:35:57 AMThenTheActivationPageIsDisplayed: IsSectionDisplayed DONE
-> error: Timeout error: Activation page is NOT displayed!
And the account number and product name is displayed for the selected products
-> skipped because of previous errors
And the Profile Details section is displayed
-> skipped because of previous errors
And the Proof of Address section is displayed
-> skipped because of previous errors
And the Confirm Identity section is displayed
-> skipped because of previous errors
And the See a complete list of acceptable documents text is displayed conditionally
-> skipped because of previous errors
And the Find a branch button is displayed conditionally
-> skipped because of previous errors
]]></output>
                  </test-case>
                  <test-case id="0-1399" name="JOBSTARTER_ACTSUM_01_NZCitizen(&quot;All Job Starter Products&quot;,&quot;Job starter, ASB Visa Debit Job Starter, Job Starter Overdraft, ASB Visa Rewards Job Starter, ASB Visa Light Job Starter, Savings On Call, FastSaver&quot;,System.String[])" fullname="Join.Form.Customer.Selenium.Features._10_JobStarterProductFeature.JOBSTARTER_ACTSUM_01_NZCitizen(&quot;All Job Starter Products&quot;,&quot;Job starter, ASB Visa Debit Job Starter, Job Starter Overdraft, ASB Visa Rewards Job Starter, ASB Visa Light Job Starter, Savings On Call, FastSaver&quot;,System.String[])" methodname="JOBSTARTER_ACTSUM_01_NZCitizen" classname="Join.Form.Customer.Selenium.Features._10_JobStarterProductFeature" runstate="Runnable" seed="1676549193" result="Failed" label="Error" start-time="2017-12-05 15:36:30Z" end-time="2017-12-05 15:39:16Z" duration="165.998623" asserts="11">
                    <properties />
                    <failure>
                      <message><![CDATA[System.Exception : Timeout error: Activation page is NOT displayed!]]></message>
                      <stack-trace><![CDATA[   at ASB.Test.Automation.Utils.Retry.Retry.Execute(Func`1 function, Int32 retryInterval, Int32 retryCount, String exceptionMessage)
   at Selenium.Steps.COB.ActivationSummary.ActivationSummarySteps.ThenTheActivationPageIsDisplayed()
   at TechTalk.SpecFlow.Bindings.BindingInvoker.InvokeBinding(IBinding binding, IContextManager contextManager, Object[] arguments, ITestTracer testTracer, TimeSpan& duration)
   at TechTalk.SpecFlow.Infrastructure.TestExecutionEngine.ExecuteStepMatch(BindingMatch match, Object[] arguments)
   at TechTalk.SpecFlow.Infrastructure.TestExecutionEngine.ExecuteStep(StepInstance stepInstance)
   at TechTalk.SpecFlow.Infrastructure.TestExecutionEngine.OnAfterLastStep()
   at Join.Form.Customer.Selenium.Features._10_JobStarterProductFeature.ScenarioCleanup()
   at Join.Form.Customer.Selenium.Features._10_JobStarterProductFeature.JOBSTARTER_ACTSUM_01_NZCitizen(String scenario, String products, String[] exampleTags)]]></stack-trace>
                    </failure>
                    <output><![CDATA[Given I start my Job Starter application
Navigating to URL: https://webappisamdev.asbbank.co.nz/public/join/jobstarter/?grcDisabled=true
-> done: CommonSteps.GivenIStartMyJobStarterApplication() (0.6s)
Given I select the following products: 'Job starter, ASB Visa Debit Job Starter, Job Starter Overdraft, ASB Visa Rewards Job Starter, ASB Visa Light Job Starter, Savings On Call, FastSaver'
12/6/2017 4:36:41 AMWaitForFeaturesPageLoad: Executing WaitForFrameAndSwitch
12/6/2017 4:36:42 AMWaitForFeaturesPageLoad: Done executing WaitForFrameAndSwitch
Unable to find product 'Job Starter Overdraft' in page or product 'Job Starter Overdraft' is not selected
Unable to find product 'ASB Visa Rewards Job Starter' in page or product 'ASB Visa Rewards Job Starter' is not selected
Unable to find product 'ASB Visa Light Job Starter' in page or product 'ASB Visa Light Job Starter' is not selected
Unable to find product 'Savings On Call' in page or product 'Savings On Call' is not selected
Unable to find product 'FastSaver' in page or product 'FastSaver' is not selected
-> done: ProductsPageSteps.WhenIChangeMySelectedProductsTo("Job starter, ASB ...") (31.7s)
And I enter all required details and navigate to Summary page
  --- table step argument ---
  | Title | FirstName    | MiddleName | LastName | DateOfBirth | Email                   | MobileNumber   | CountriesCitizenship | PreferredIdType | Password | VerbalPassword |
  | Miss  | AutomationNZ |            | RANDOM   | 18-20       | Jay.Pamilacan@asb.co.nz | 021-1234567890 | New Zealand          | Other           | Kiwi77nz | MyCode01       |
Given I enter mandatory Tax Information for NZ citizen and clicks on Next button
-> done: AdditionalPersonalDetailsSteps.GivenIEnterMandatoryTaxInformationForNZCitizen() (0.5s)
-> done: PersonalDetailsSteps.GivenIEnterAllRequiredDetailsAndNavigateToSummaryPage(<table>) (19.2s)
When I confirm details on the Summary page
UniqueId: 
Title: Miss
FirstName: AutomationNZ
MiddleName: 
LastName: COB-wWpcr
Email: Jay.Pamilacan@asb.co.nz
Gender: 
DateOfBirth: 12/6/1999 12:00:00 AM
DateCreated: 
LastReviewDate: 
Cals: 
IsIndividual: 
NzCitizen: True
NzResidence: 
HighValueCustomer: 
StaffMember: 
AmlVerified: 
VipCustomer: 
Addresses: System.Collections.Generic.List`1[ASB.Selenium.DataModel.Customer.Address]
AddressInformation: ASB.Selenium.DataModel.Customer.AddressInformation
CompanyName: 
CompanyType: 
CompanySubType: 
CustomerTypeCode: 
IrdNumber: 
TaxClass: 
TaxClassDate: 
IsNzTaxResident: True
NonResidentCountryCode: 
IsForeignTaxResident: False
ForeignTaxResidencyStatus: 
IsProfileEnhanced: 
Phones: System.Collections.Generic.List`1[ASB.Selenium.DataModel.Customer.Phone]
NextOfKin: 
EmploymentDetails: 
LinkedCustomers: 
AccountRelationships: 
IdType: 
Fatca: ASB.Selenium.DataModel.Customer.Fatca
CitizenshipCountryCodes: 
CitizenshipCountryNames: System.Collections.Generic.List`1[System.String]
ForeignTaxResidenceTypes: System.Collections.Generic.List`1[ASB.Selenium.DataModel.Customer.ForeignTaxResidenceTypes]
OnboardingDetail: ASB.Selenium.DataModel.Customer.OnboardingDetail
AddressVerificationStatus: 
IdVerificationStatus: 
PreferredIdType: Other
IsProfileComplete: True
DaysRemaining: 0
OnboardingStatus: 
NewAccounts: System.Collections.Generic.List`1[ASB.Selenium.DataModel.Customer.Accounts]
FailedAccounts: System.Collections.Generic.List`1[ASB.Selenium.DataModel.Customer.Accounts]
OnboardingSource: JobStarter
CustomerCreated: 
LoginCreated: 
RegisteredForNetcode: 
AccountsCreated: 
CustomerAccessToken: 
VerificationPassword: MyCode01
LoginDetail: ASB.Selenium.DataModel.Customer.Login
CustomerType: 
Cif: 
Username: acob07221
UsernameApi: 
Password: Kiwi77nz
PublicKey: 
AcceptedTermsAndConditions: 
BackgroundCheckConsent: 
PreferredIdType: 
-> done: SummaryPageSteps.WhenIConfirmDetailsOnTheSummaryPage() (2.8s)
Then the 'Processing' screen of Join ASB page is displayed
-> done: CommonSteps.ThenTheScreenOfJoinASBPageIsDisplayed("Processing") (0.0s)
And the Logging you in progress page is displayed
-> done: ConfirmationPageSteps.ThenTheLoggingYouInProgressPageIsDisplayed() (15.9s)
And the Activation page is displayed
12/6/2017 4:37:42 AMThenTheActivationPageIsDisplayed: IsActivationPageDisplayed STARTED
12/6/2017 4:38:13 AMThenTheActivationPageIsDisplayed: IsActivationPageDisplayed DONE
12/6/2017 4:38:13 AMThenTheActivationPageIsDisplayed: IsSectionDisplayed STARTED
12/6/2017 4:38:43 AMThenTheActivationPageIsDisplayed: IsSectionDisplayed DONE
-> error: Timeout error: Activation page is NOT displayed!
And the account number and product name is displayed for the selected products
-> skipped because of previous errors
And the Profile Details section is displayed
-> skipped because of previous errors
And the Proof of Address section is displayed
-> skipped because of previous errors
And the Confirm Identity section is displayed
-> skipped because of previous errors
And the See a complete list of acceptable documents text is displayed conditionally
-> skipped because of previous errors
And the Find a branch button is displayed conditionally
-> skipped because of previous errors
]]></output>
                  </test-case>
                </test-suite>
                <test-suite type="ParameterizedMethod" id="0-1404" name="JOBSTARTER_ACTSUM_02_Non_NZCitizen" fullname="Join.Form.Customer.Selenium.Features._10_JobStarterProductFeature.JOBSTARTER_ACTSUM_02_Non_NZCitizen" classname="Join.Form.Customer.Selenium.Features._10_JobStarterProductFeature" runstate="Runnable" testcasecount="3" result="Failed" site="Child" start-time="2017-12-05 15:39:16Z" end-time="2017-12-05 15:46:25Z" duration="429.258274" total="3" passed="0" failed="3" warnings="0" inconclusive="0" skipped="0" asserts="36">
                  <properties>
                    <property name="Description" value="JOBSTARTER_ACTSUM_02 - Non-NZ Citizen" />
                    <property name="Category" value="COB" />
                    <property name="Category" value="activatesummary" />
                    <property name="Category" value="072017" />
                    <property name="Category" value="jobstarter" />
                    <property name="Category" value="integration" />
                    <property name="Category" value="regression" />
                    <property name="Category" value="smoke" />
                  </properties>
                  <failure>
                    <message><![CDATA[One or more child tests had errors]]></message>
                  </failure>
                  <test-case id="0-1401" name="JOBSTARTER_ACTSUM_02_Non_NZCitizen(&quot;Job starter only&quot;,&quot;Job starter&quot;,System.String[])" fullname="Join.Form.Customer.Selenium.Features._10_JobStarterProductFeature.JOBSTARTER_ACTSUM_02_Non_NZCitizen(&quot;Job starter only&quot;,&quot;Job starter&quot;,System.String[])" methodname="JOBSTARTER_ACTSUM_02_Non_NZCitizen" classname="Join.Form.Customer.Selenium.Features._10_JobStarterProductFeature" runstate="Runnable" seed="52274101" result="Failed" label="Error" start-time="2017-12-05 15:39:16Z" end-time="2017-12-05 15:41:34Z" duration="138.365050" asserts="12">
                    <properties />
                    <failure>
                      <message><![CDATA[System.Exception : Timeout error: Activation page is NOT displayed!]]></message>
                      <stack-trace><![CDATA[   at ASB.Test.Automation.Utils.Retry.Retry.Execute(Func`1 function, Int32 retryInterval, Int32 retryCount, String exceptionMessage)
   at Selenium.Steps.COB.ActivationSummary.ActivationSummarySteps.ThenTheActivationPageIsDisplayed()
   at TechTalk.SpecFlow.Bindings.BindingInvoker.InvokeBinding(IBinding binding, IContextManager contextManager, Object[] arguments, ITestTracer testTracer, TimeSpan& duration)
   at TechTalk.SpecFlow.Infrastructure.TestExecutionEngine.ExecuteStepMatch(BindingMatch match, Object[] arguments)
   at TechTalk.SpecFlow.Infrastructure.TestExecutionEngine.ExecuteStep(StepInstance stepInstance)
   at TechTalk.SpecFlow.Infrastructure.TestExecutionEngine.OnAfterLastStep()
   at Join.Form.Customer.Selenium.Features._10_JobStarterProductFeature.ScenarioCleanup()
   at Join.Form.Customer.Selenium.Features._10_JobStarterProductFeature.JOBSTARTER_ACTSUM_02_Non_NZCitizen(String scenario, String products, String[] exampleTags)]]></stack-trace>
                    </failure>
                    <output><![CDATA[Given I start my Job Starter application
Navigating to URL: https://webappisamdev.asbbank.co.nz/public/join/jobstarter/?grcDisabled=true
-> done: CommonSteps.GivenIStartMyJobStarterApplication() (0.6s)
Given I am in the Introduction page
12/6/2017 4:39:18 AMWaitForFeaturesPageLoad: Executing WaitForFrameAndSwitch
12/6/2017 4:39:18 AMWaitForFeaturesPageLoad: Done executing WaitForFrameAndSwitch
-> done: IntroductionPageSteps.GivenIAmInTheIntroductionPage() (3.5s)
And I select 'Yes' in the 18-20 question
-> done: IntroductionPageSteps.WhenISelectInThe1820Question("Yes") (0.2s)
And I select 'Yes' in the Living in NZ question
-> done: IntroductionPageSteps.WhenISelectInTheLivingInNZQuestion("Yes") (0.1s)
And I select 'No' in the NZ Citizen question
-> done: IntroductionPageSteps.WhenISelectInTheNzCitizenQuestion("No") (0.2s)
And I click on 'Get started' button
-> done: CommonSteps.WhenIClickOnButton("Get started") (0.1s)
And I select the following products: 'Job starter'
Unable to find product 'FastSaver' in page or product 'FastSaver' is not selected
Unable to find product 'Savings On Call' in page or product 'Savings On Call' is not selected
Unable to find product 'ASB Visa Debit Job Starter' in page or product 'ASB Visa Debit Job Starter' is not selected
Unable to find product 'Job Starter Overdraft' in page or product 'Job Starter Overdraft' is not selected
Unable to find product 'ASB Visa Light Job Starter' in page or product 'ASB Visa Light Job Starter' is not selected
Unable to find product 'ASB Visa Rewards Job Starter' in page or product 'ASB Visa Rewards Job Starter' is not selected
Unable to find product 'Savings On Call' in page or product 'Savings On Call' is not selected
Unable to find product 'FastSaver' in page or product 'FastSaver' is not selected
-> done: ProductsPageSteps.WhenIChangeMySelectedProductsTo("Job starter") (8.5s)
And I enter all required details and navigate to Summary page
  --- table step argument ---
  | Title | FirstName  | MiddleName | LastName | DateOfBirth | Email                   | MobileNumber   | CountriesCitizenship | PreferredIdType | Password | VerbalPassword |
  | Miss  | Automation |            | RANDOM   | 18-20       | Jay.Pamilacan@asb.co.nz | 021-1234567890 | New Zealand          | Other           | Kiwi77nz | MyCode01       |
Given I enter mandatory Tax Information for NZ citizen and clicks on Next button
-> done: AdditionalPersonalDetailsSteps.GivenIEnterMandatoryTaxInformationForNZCitizen() (0.5s)
-> done: PersonalDetailsSteps.GivenIEnterAllRequiredDetailsAndNavigateToSummaryPage(<table>) (13.6s)
When I confirm details on the Summary page
UniqueId: 
Title: Miss
FirstName: Automation
MiddleName: 
LastName: COB-lMbAY
Email: Jay.Pamilacan@asb.co.nz
Gender: 
DateOfBirth: 12/6/1999 12:00:00 AM
DateCreated: 
LastReviewDate: 
Cals: 
IsIndividual: 
NzCitizen: False
NzResidence: 
HighValueCustomer: 
StaffMember: 
AmlVerified: 
VipCustomer: 
Addresses: System.Collections.Generic.List`1[ASB.Selenium.DataModel.Customer.Address]
AddressInformation: ASB.Selenium.DataModel.Customer.AddressInformation
CompanyName: 
CompanyType: 
CompanySubType: 
CustomerTypeCode: 
IrdNumber: 
TaxClass: 
TaxClassDate: 
IsNzTaxResident: True
NonResidentCountryCode: 
IsForeignTaxResident: False
ForeignTaxResidencyStatus: 
IsProfileEnhanced: 
Phones: System.Collections.Generic.List`1[ASB.Selenium.DataModel.Customer.Phone]
NextOfKin: 
EmploymentDetails: 
LinkedCustomers: 
AccountRelationships: 
IdType: 
Fatca: ASB.Selenium.DataModel.Customer.Fatca
CitizenshipCountryCodes: 
CitizenshipCountryNames: System.Collections.Generic.List`1[System.String]
ForeignTaxResidenceTypes: System.Collections.Generic.List`1[ASB.Selenium.DataModel.Customer.ForeignTaxResidenceTypes]
OnboardingDetail: ASB.Selenium.DataModel.Customer.OnboardingDetail
AddressVerificationStatus: 
IdVerificationStatus: 
PreferredIdType: Other
IsProfileComplete: True
DaysRemaining: 0
OnboardingStatus: 
NewAccounts: System.Collections.Generic.List`1[ASB.Selenium.DataModel.Customer.Accounts]
FailedAccounts: System.Collections.Generic.List`1[ASB.Selenium.DataModel.Customer.Accounts]
OnboardingSource: JobStarter
CustomerCreated: 
LoginCreated: 
RegisteredForNetcode: 
AccountsCreated: 
CustomerAccessToken: 
VerificationPassword: MyCode01
LoginDetail: ASB.Selenium.DataModel.Customer.Login
CustomerType: 
Cif: 
Username: acob13403
UsernameApi: 
Password: Kiwi77nz
PublicKey: 
AcceptedTermsAndConditions: 
BackgroundCheckConsent: 
PreferredIdType: 
-> done: SummaryPageSteps.WhenIConfirmDetailsOnTheSummaryPage() (2.9s)
Then the 'Processing' screen of Join ASB page is displayed
-> done: CommonSteps.ThenTheScreenOfJoinASBPageIsDisplayed("Processing") (0.0s)
And the Logging you in progress page is displayed
-> done: ConfirmationPageSteps.ThenTheLoggingYouInProgressPageIsDisplayed() (12.6s)
And the Activation page is displayed
12/6/2017 4:40:01 AMThenTheActivationPageIsDisplayed: IsActivationPageDisplayed STARTED
12/6/2017 4:40:31 AMThenTheActivationPageIsDisplayed: IsActivationPageDisplayed DONE
12/6/2017 4:40:31 AMThenTheActivationPageIsDisplayed: IsSectionDisplayed STARTED
12/6/2017 4:41:02 AMThenTheActivationPageIsDisplayed: IsSectionDisplayed DONE
-> error: Timeout error: Activation page is NOT displayed!
And the account number and product name is displayed for the selected products
-> skipped because of previous errors
And the Profile Details section is displayed
-> skipped because of previous errors
And the Proof of Address section is displayed
-> skipped because of previous errors
And the Confirm Identity section is displayed
-> skipped because of previous errors
And the See a complete list of acceptable documents text is displayed conditionally
-> skipped because of previous errors
And the Find a branch button is displayed conditionally
-> skipped because of previous errors
]]></output>
                  </test-case>
                  <test-case id="0-1402" name="JOBSTARTER_ACTSUM_02_Non_NZCitizen(&quot;Default Job Starter Products&quot;,&quot;Job starter, ASB Visa Debit Job Starter&quot;,System.String[])" fullname="Join.Form.Customer.Selenium.Features._10_JobStarterProductFeature.JOBSTARTER_ACTSUM_02_Non_NZCitizen(&quot;Default Job Starter Products&quot;,&quot;Job starter, ASB Visa Debit Job Starter&quot;,System.String[])" methodname="JOBSTARTER_ACTSUM_02_Non_NZCitizen" classname="Join.Form.Customer.Selenium.Features._10_JobStarterProductFeature" runstate="Runnable" seed="1894175086" result="Failed" label="Error" start-time="2017-12-05 15:41:34Z" end-time="2017-12-05 15:43:54Z" duration="139.729913" asserts="12">
                    <properties />
                    <failure>
                      <message><![CDATA[System.Exception : Timeout error: Activation page is NOT displayed!]]></message>
                      <stack-trace><![CDATA[   at ASB.Test.Automation.Utils.Retry.Retry.Execute(Func`1 function, Int32 retryInterval, Int32 retryCount, String exceptionMessage)
   at Selenium.Steps.COB.ActivationSummary.ActivationSummarySteps.ThenTheActivationPageIsDisplayed()
   at TechTalk.SpecFlow.Bindings.BindingInvoker.InvokeBinding(IBinding binding, IContextManager contextManager, Object[] arguments, ITestTracer testTracer, TimeSpan& duration)
   at TechTalk.SpecFlow.Infrastructure.TestExecutionEngine.ExecuteStepMatch(BindingMatch match, Object[] arguments)
   at TechTalk.SpecFlow.Infrastructure.TestExecutionEngine.ExecuteStep(StepInstance stepInstance)
   at TechTalk.SpecFlow.Infrastructure.TestExecutionEngine.OnAfterLastStep()
   at Join.Form.Customer.Selenium.Features._10_JobStarterProductFeature.ScenarioCleanup()
   at Join.Form.Customer.Selenium.Features._10_JobStarterProductFeature.JOBSTARTER_ACTSUM_02_Non_NZCitizen(String scenario, String products, String[] exampleTags)]]></stack-trace>
                    </failure>
                    <output><![CDATA[Given I start my Job Starter application
Navigating to URL: https://webappisamdev.asbbank.co.nz/public/join/jobstarter/?grcDisabled=true
-> done: CommonSteps.GivenIStartMyJobStarterApplication() (0.7s)
Given I am in the Introduction page
12/6/2017 4:41:36 AMWaitForFeaturesPageLoad: Executing WaitForFrameAndSwitch
12/6/2017 4:41:37 AMWaitForFeaturesPageLoad: Done executing WaitForFrameAndSwitch
-> done: IntroductionPageSteps.GivenIAmInTheIntroductionPage() (2.4s)
And I select 'Yes' in the 18-20 question
-> done: IntroductionPageSteps.WhenISelectInThe1820Question("Yes") (0.2s)
And I select 'Yes' in the Living in NZ question
-> done: IntroductionPageSteps.WhenISelectInTheLivingInNZQuestion("Yes") (0.1s)
And I select 'No' in the NZ Citizen question
-> done: IntroductionPageSteps.WhenISelectInTheNzCitizenQuestion("No") (0.1s)
And I click on 'Get started' button
-> done: CommonSteps.WhenIClickOnButton("Get started") (0.1s)
And I select the following products: 'Job starter, ASB Visa Debit Job Starter'
Unable to find product 'FastSaver' in page or product 'FastSaver' is not selected
Unable to find product 'Savings On Call' in page or product 'Savings On Call' is not selected
Unable to find product 'Job Starter Overdraft' in page or product 'Job Starter Overdraft' is not selected
Unable to find product 'ASB Visa Light Job Starter' in page or product 'ASB Visa Light Job Starter' is not selected
Unable to find product 'ASB Visa Rewards Job Starter' in page or product 'ASB Visa Rewards Job Starter' is not selected
Unable to find product 'Savings On Call' in page or product 'Savings On Call' is not selected
Unable to find product 'FastSaver' in page or product 'FastSaver' is not selected
-> done: ProductsPageSteps.WhenIChangeMySelectedProductsTo("Job starter, ASB ...") (7.4s)
And I enter all required details and navigate to Summary page
  --- table step argument ---
  | Title | FirstName  | MiddleName | LastName | DateOfBirth | Email                   | MobileNumber   | CountriesCitizenship | PreferredIdType | Password | VerbalPassword |
  | Miss  | Automation |            | RANDOM   | 18-20       | Jay.Pamilacan@asb.co.nz | 021-1234567890 | New Zealand          | Other           | Kiwi77nz | MyCode01       |
Given I enter mandatory Tax Information for NZ citizen and clicks on Next button
-> done: AdditionalPersonalDetailsSteps.GivenIEnterMandatoryTaxInformationForNZCitizen() (0.5s)
-> done: PersonalDetailsSteps.GivenIEnterAllRequiredDetailsAndNavigateToSummaryPage(<table>) (13.2s)
When I confirm details on the Summary page
UniqueId: 
Title: Miss
FirstName: Automation
MiddleName: 
LastName: COB-imwsB
Email: Jay.Pamilacan@asb.co.nz
Gender: 
DateOfBirth: 12/6/1999 12:00:00 AM
DateCreated: 
LastReviewDate: 
Cals: 
IsIndividual: 
NzCitizen: False
NzResidence: 
HighValueCustomer: 
StaffMember: 
AmlVerified: 
VipCustomer: 
Addresses: System.Collections.Generic.List`1[ASB.Selenium.DataModel.Customer.Address]
AddressInformation: ASB.Selenium.DataModel.Customer.AddressInformation
CompanyName: 
CompanyType: 
CompanySubType: 
CustomerTypeCode: 
IrdNumber: 
TaxClass: 
TaxClassDate: 
IsNzTaxResident: True
NonResidentCountryCode: 
IsForeignTaxResident: False
ForeignTaxResidencyStatus: 
IsProfileEnhanced: 
Phones: System.Collections.Generic.List`1[ASB.Selenium.DataModel.Customer.Phone]
NextOfKin: 
EmploymentDetails: 
LinkedCustomers: 
AccountRelationships: 
IdType: 
Fatca: ASB.Selenium.DataModel.Customer.Fatca
CitizenshipCountryCodes: 
CitizenshipCountryNames: System.Collections.Generic.List`1[System.String]
ForeignTaxResidenceTypes: System.Collections.Generic.List`1[ASB.Selenium.DataModel.Customer.ForeignTaxResidenceTypes]
OnboardingDetail: ASB.Selenium.DataModel.Customer.OnboardingDetail
AddressVerificationStatus: 
IdVerificationStatus: 
PreferredIdType: Other
IsProfileComplete: True
DaysRemaining: 0
OnboardingStatus: 
NewAccounts: System.Collections.Generic.List`1[ASB.Selenium.DataModel.Customer.Accounts]
FailedAccounts: System.Collections.Generic.List`1[ASB.Selenium.DataModel.Customer.Accounts]
OnboardingSource: JobStarter
CustomerCreated: 
LoginCreated: 
RegisteredForNetcode: 
AccountsCreated: 
CustomerAccessToken: 
VerificationPassword: MyCode01
LoginDetail: ASB.Selenium.DataModel.Customer.Login
CustomerType: 
Cif: 
Username: acob08657
UsernameApi: 
Password: Kiwi77nz
PublicKey: 
AcceptedTermsAndConditions: 
BackgroundCheckConsent: 
PreferredIdType: 
-> done: SummaryPageSteps.WhenIConfirmDetailsOnTheSummaryPage() (2.9s)
Then the 'Processing' screen of Join ASB page is displayed
-> done: CommonSteps.ThenTheScreenOfJoinASBPageIsDisplayed("Processing") (0.0s)
And the Logging you in progress page is displayed
-> done: ConfirmationPageSteps.ThenTheLoggingYouInProgressPageIsDisplayed() (16.5s)
And the Activation page is displayed
12/6/2017 4:42:20 AMThenTheActivationPageIsDisplayed: IsActivationPageDisplayed STARTED
12/6/2017 4:42:51 AMThenTheActivationPageIsDisplayed: IsActivationPageDisplayed DONE
12/6/2017 4:42:51 AMThenTheActivationPageIsDisplayed: IsSectionDisplayed STARTED
12/6/2017 4:43:21 AMThenTheActivationPageIsDisplayed: IsSectionDisplayed DONE
-> error: Timeout error: Activation page is NOT displayed!
And the account number and product name is displayed for the selected products
-> skipped because of previous errors
And the Profile Details section is displayed
-> skipped because of previous errors
And the Proof of Address section is displayed
-> skipped because of previous errors
And the Confirm Identity section is displayed
-> skipped because of previous errors
And the See a complete list of acceptable documents text is displayed conditionally
-> skipped because of previous errors
And the Find a branch button is displayed conditionally
-> skipped because of previous errors
]]></output>
                  </test-case>
                  <test-case id="0-1403" name="JOBSTARTER_ACTSUM_02_Non_NZCitizen(&quot;All Job Starter Products&quot;,&quot;Job starter, ASB Visa Debit Job Starter, ASB Visa Rewards Job Starter, ASB Visa Light Job Starter, Savings On Call, FastSaver&quot;,System.String[])" fullname="Join.Form.Customer.Selenium.Features._10_JobStarterProductFeature.JOBSTARTER_ACTSUM_02_Non_NZCitizen(&quot;All Job Starter Products&quot;,&quot;Job starter, ASB Visa Debit Job Starter, ASB Visa Rewards Job Starter, ASB Visa Light Job Starter, Savings On Call, FastSaver&quot;,System.String[])" methodname="JOBSTARTER_ACTSUM_02_Non_NZCitizen" classname="Join.Form.Customer.Selenium.Features._10_JobStarterProductFeature" runstate="Runnable" seed="1877520444" result="Failed" label="Error" start-time="2017-12-05 15:43:54Z" end-time="2017-12-05 15:46:25Z" duration="151.084183" asserts="12">
                    <properties />
                    <failure>
                      <message><![CDATA[System.Exception : Timeout error: Activation page is NOT displayed!]]></message>
                      <stack-trace><![CDATA[   at ASB.Test.Automation.Utils.Retry.Retry.Execute(Func`1 function, Int32 retryInterval, Int32 retryCount, String exceptionMessage)
   at Selenium.Steps.COB.ActivationSummary.ActivationSummarySteps.ThenTheActivationPageIsDisplayed()
   at TechTalk.SpecFlow.Bindings.BindingInvoker.InvokeBinding(IBinding binding, IContextManager contextManager, Object[] arguments, ITestTracer testTracer, TimeSpan& duration)
   at TechTalk.SpecFlow.Infrastructure.TestExecutionEngine.ExecuteStepMatch(BindingMatch match, Object[] arguments)
   at TechTalk.SpecFlow.Infrastructure.TestExecutionEngine.ExecuteStep(StepInstance stepInstance)
   at TechTalk.SpecFlow.Infrastructure.TestExecutionEngine.OnAfterLastStep()
   at Join.Form.Customer.Selenium.Features._10_JobStarterProductFeature.ScenarioCleanup()
   at Join.Form.Customer.Selenium.Features._10_JobStarterProductFeature.JOBSTARTER_ACTSUM_02_Non_NZCitizen(String scenario, String products, String[] exampleTags)]]></stack-trace>
                    </failure>
                    <output><![CDATA[Given I start my Job Starter application
Navigating to URL: https://webappisamdev.asbbank.co.nz/public/join/jobstarter/?grcDisabled=true
-> done: CommonSteps.GivenIStartMyJobStarterApplication() (0.6s)
Given I am in the Introduction page
12/6/2017 4:43:56 AMWaitForFeaturesPageLoad: Executing WaitForFrameAndSwitch
12/6/2017 4:43:57 AMWaitForFeaturesPageLoad: Done executing WaitForFrameAndSwitch
-> done: IntroductionPageSteps.GivenIAmInTheIntroductionPage() (2.4s)
And I select 'Yes' in the 18-20 question
-> done: IntroductionPageSteps.WhenISelectInThe1820Question("Yes") (0.2s)
And I select 'Yes' in the Living in NZ question
-> done: IntroductionPageSteps.WhenISelectInTheLivingInNZQuestion("Yes") (0.1s)
And I select 'No' in the NZ Citizen question
-> done: IntroductionPageSteps.WhenISelectInTheNzCitizenQuestion("No") (0.1s)
And I click on 'Get started' button
-> done: CommonSteps.WhenIClickOnButton("Get started") (0.1s)
And I select the following products: 'Job starter, ASB Visa Debit Job Starter, ASB Visa Rewards Job Starter, ASB Visa Light Job Starter, Savings On Call, FastSaver'
Unable to find product 'ASB Visa Rewards Job Starter' in page or product 'ASB Visa Rewards Job Starter' is not selected
Unable to find product 'ASB Visa Light Job Starter' in page or product 'ASB Visa Light Job Starter' is not selected
Unable to find product 'Savings On Call' in page or product 'Savings On Call' is not selected
Unable to find product 'FastSaver' in page or product 'FastSaver' is not selected
Unable to find product 'Job Starter Overdraft' in page or product 'Job Starter Overdraft' is not selected
-> done: ProductsPageSteps.WhenIChangeMySelectedProductsTo("Job starter, ASB ...") (17.8s)
And I enter all required details and navigate to Summary page
  --- table step argument ---
  | Title | FirstName  | MiddleName | LastName | DateOfBirth | Email                   | MobileNumber   | CountriesCitizenship | PreferredIdType | Password | VerbalPassword |
  | Miss  | Automation |            | RANDOM   | 18-20       | Jay.Pamilacan@asb.co.nz | 021-1234567890 | New Zealand          | Other           | Kiwi77nz | MyCode01       |
Given I enter mandatory Tax Information for NZ citizen and clicks on Next button
-> done: AdditionalPersonalDetailsSteps.GivenIEnterMandatoryTaxInformationForNZCitizen() (0.5s)
-> done: PersonalDetailsSteps.GivenIEnterAllRequiredDetailsAndNavigateToSummaryPage(<table>) (13.5s)
When I confirm details on the Summary page
UniqueId: 
Title: Miss
FirstName: Automation
MiddleName: 
LastName: COB-cessy
Email: Jay.Pamilacan@asb.co.nz
Gender: 
DateOfBirth: 12/6/1999 12:00:00 AM
DateCreated: 
LastReviewDate: 
Cals: 
IsIndividual: 
NzCitizen: False
NzResidence: 
HighValueCustomer: 
StaffMember: 
AmlVerified: 
VipCustomer: 
Addresses: System.Collections.Generic.List`1[ASB.Selenium.DataModel.Customer.Address]
AddressInformation: ASB.Selenium.DataModel.Customer.AddressInformation
CompanyName: 
CompanyType: 
CompanySubType: 
CustomerTypeCode: 
IrdNumber: 
TaxClass: 
TaxClassDate: 
IsNzTaxResident: True
NonResidentCountryCode: 
IsForeignTaxResident: False
ForeignTaxResidencyStatus: 
IsProfileEnhanced: 
Phones: System.Collections.Generic.List`1[ASB.Selenium.DataModel.Customer.Phone]
NextOfKin: 
EmploymentDetails: 
LinkedCustomers: 
AccountRelationships: 
IdType: 
Fatca: ASB.Selenium.DataModel.Customer.Fatca
CitizenshipCountryCodes: 
CitizenshipCountryNames: System.Collections.Generic.List`1[System.String]
ForeignTaxResidenceTypes: System.Collections.Generic.List`1[ASB.Selenium.DataModel.Customer.ForeignTaxResidenceTypes]
OnboardingDetail: ASB.Selenium.DataModel.Customer.OnboardingDetail
AddressVerificationStatus: 
IdVerificationStatus: 
PreferredIdType: Other
IsProfileComplete: True
DaysRemaining: 0
OnboardingStatus: 
NewAccounts: System.Collections.Generic.List`1[ASB.Selenium.DataModel.Customer.Accounts]
FailedAccounts: System.Collections.Generic.List`1[ASB.Selenium.DataModel.Customer.Accounts]
OnboardingSource: JobStarter
CustomerCreated: 
LoginCreated: 
RegisteredForNetcode: 
AccountsCreated: 
CustomerAccessToken: 
VerificationPassword: MyCode01
LoginDetail: ASB.Selenium.DataModel.Customer.Login
CustomerType: 
Cif: 
Username: acob34711
UsernameApi: 
Password: Kiwi77nz
PublicKey: 
AcceptedTermsAndConditions: 
BackgroundCheckConsent: 
PreferredIdType: 
-> done: SummaryPageSteps.WhenIConfirmDetailsOnTheSummaryPage() (2.8s)
Then the 'Processing' screen of Join ASB page is displayed
-> done: CommonSteps.ThenTheScreenOfJoinASBPageIsDisplayed("Processing") (0.0s)
And the Logging you in progress page is displayed
-> done: ConfirmationPageSteps.ThenTheLoggingYouInProgressPageIsDisplayed() (17.7s)
And the Activation page is displayed
12/6/2017 4:44:52 AMThenTheActivationPageIsDisplayed: IsActivationPageDisplayed STARTED
12/6/2017 4:45:22 AMThenTheActivationPageIsDisplayed: IsActivationPageDisplayed DONE
12/6/2017 4:45:22 AMThenTheActivationPageIsDisplayed: IsSectionDisplayed STARTED
12/6/2017 4:45:52 AMThenTheActivationPageIsDisplayed: IsSectionDisplayed DONE
-> error: Timeout error: Activation page is NOT displayed!
And the account number and product name is displayed for the selected products
-> skipped because of previous errors
And the Profile Details section is displayed
-> skipped because of previous errors
And the Proof of Address section is displayed
-> skipped because of previous errors
And the Confirm Identity section is displayed
-> skipped because of previous errors
And the See a complete list of acceptable documents text is displayed conditionally
-> skipped because of previous errors
And the Find a branch button is displayed conditionally
-> skipped because of previous errors
]]></output>
                  </test-case>
                </test-suite>
                <test-case id="0-1385" name="JOBSTARTER_CNFM_01_VerifyConfirmationScreen_BadCustomerCheckBlock" fullname="Join.Form.Customer.Selenium.Features._10_JobStarterProductFeature.JOBSTARTER_CNFM_01_VerifyConfirmationScreen_BadCustomerCheckBlock" methodname="JOBSTARTER_CNFM_01_VerifyConfirmationScreen_BadCustomerCheckBlock" classname="Join.Form.Customer.Selenium.Features._10_JobStarterProductFeature" runstate="Runnable" seed="1672728222" result="Passed" start-time="2017-12-05 15:46:25Z" end-time="2017-12-05 15:47:11Z" duration="45.264769" asserts="19">
                  <properties>
                    <property name="Description" value="JOBSTARTER_CNFM_01 - Verify Confirmation screen - Bad Customer check (block)" />
                    <property name="Category" value="COB" />
                    <property name="Category" value="confirmation" />
                    <property name="Category" value="regression" />
                    <property name="Category" value="integration" />
                    <property name="Category" value="072017" />
                    <property name="Category" value="jobstarter" />
                  </properties>
                  <output><![CDATA[Given I start my Job Starter application
Navigating to URL: https://webappisamdev.asbbank.co.nz/public/join/jobstarter/?grcDisabled=true
-> done: CommonSteps.GivenIStartMyJobStarterApplication() (1.1s)
Given I select the following products: 'Job starter, ASB Visa Debit Job Starter'
12/6/2017 4:46:37 AMWaitForFeaturesPageLoad: Executing WaitForFrameAndSwitch
12/6/2017 4:46:37 AMWaitForFeaturesPageLoad: Done executing WaitForFrameAndSwitch
Unable to find product 'FastSaver' in page or product 'FastSaver' is not selected
Unable to find product 'Savings On Call' in page or product 'Savings On Call' is not selected
Unable to find product 'Job Starter Overdraft' in page or product 'Job Starter Overdraft' is not selected
Unable to find product 'ASB Visa Rewards Job Starter' in page or product 'ASB Visa Rewards Job Starter' is not selected
Unable to find product 'ASB Visa Light Job Starter' in page or product 'ASB Visa Light Job Starter' is not selected
Unable to find product 'Job Starter Overdraft' in page or product 'Job Starter Overdraft' is not selected
Unable to find product 'ASB Visa Light Job Starter' in page or product 'ASB Visa Light Job Starter' is not selected
Unable to find product 'ASB Visa Rewards Job Starter' in page or product 'ASB Visa Rewards Job Starter' is not selected
Unable to find product 'Savings On Call' in page or product 'Savings On Call' is not selected
Unable to find product 'FastSaver' in page or product 'FastSaver' is not selected
-> done: ProductsPageSteps.WhenIChangeMySelectedProductsTo("Job starter, ASB ...") (21.4s)
And I enter all required details and navigate to Summary page
  --- table step argument ---
  | Title | FirstName | MiddleName | LastName | DateOfBirth  | Email             | MobileNumber | CountriesCitizenship | PreferredIdType | Password | VerbalPassword |
  | Mr    | Michael   | Sam        | Wayne    | 11 July 1999 | cob2016@asb.co.nz | 021-RANDOM   | New Zealand          | Other           | Kiwi77nz | MyCode01       |
Given I enter mandatory Tax Information for NZ citizen and clicks on Next button
-> done: AdditionalPersonalDetailsSteps.GivenIEnterMandatoryTaxInformationForNZCitizen() (0.5s)
-> done: PersonalDetailsSteps.GivenIEnterAllRequiredDetailsAndNavigateToSummaryPage(<table>) (13.4s)
When I confirm details on the Summary page
UniqueId: 
Title: Mr
FirstName: Michael
MiddleName: Sam
LastName: Wayne
Email: cob2016@asb.co.nz
Gender: 
DateOfBirth: 7/11/1999 12:00:00 AM
DateCreated: 
LastReviewDate: 
Cals: 
IsIndividual: 
NzCitizen: True
NzResidence: 
HighValueCustomer: 
StaffMember: 
AmlVerified: 
VipCustomer: 
Addresses: System.Collections.Generic.List`1[ASB.Selenium.DataModel.Customer.Address]
AddressInformation: ASB.Selenium.DataModel.Customer.AddressInformation
CompanyName: 
CompanyType: 
CompanySubType: 
CustomerTypeCode: 
IrdNumber: 
TaxClass: 
TaxClassDate: 
IsNzTaxResident: True
NonResidentCountryCode: 
IsForeignTaxResident: False
ForeignTaxResidencyStatus: 
IsProfileEnhanced: 
Phones: System.Collections.Generic.List`1[ASB.Selenium.DataModel.Customer.Phone]
NextOfKin: 
EmploymentDetails: 
LinkedCustomers: 
AccountRelationships: 
IdType: 
Fatca: ASB.Selenium.DataModel.Customer.Fatca
CitizenshipCountryCodes: 
CitizenshipCountryNames: System.Collections.Generic.List`1[System.String]
ForeignTaxResidenceTypes: System.Collections.Generic.List`1[ASB.Selenium.DataModel.Customer.ForeignTaxResidenceTypes]
OnboardingDetail: ASB.Selenium.DataModel.Customer.OnboardingDetail
AddressVerificationStatus: 
IdVerificationStatus: 
PreferredIdType: Other
IsProfileComplete: True
DaysRemaining: 0
OnboardingStatus: 
NewAccounts: System.Collections.Generic.List`1[ASB.Selenium.DataModel.Customer.Accounts]
FailedAccounts: System.Collections.Generic.List`1[ASB.Selenium.DataModel.Customer.Accounts]
OnboardingSource: JobStarter
CustomerCreated: 
LoginCreated: 
RegisteredForNetcode: 
AccountsCreated: 
CustomerAccessToken: 
VerificationPassword: MyCode01
LoginDetail: ASB.Selenium.DataModel.Customer.Login
CustomerType: 
Cif: 
Username: mway37181
UsernameApi: 
Password: Kiwi77nz
PublicKey: 
AcceptedTermsAndConditions: 
BackgroundCheckConsent: 
PreferredIdType: 
-> done: SummaryPageSteps.WhenIConfirmDetailsOnTheSummaryPage() (2.8s)
Then System Unavailable screen is displayed
-> done: ConfirmationPageSteps.ThenSystemUnavailableScreenIsDisplayed("is") (0.4s)
And a message advising me of difficulties signing me up online and to contact ASB is displayed
-> done: ConfirmationPageSteps.ThenAMessageAdvisingMeOfDifficultiesSigningMeUpOnlineAndToContactASBIsDisplayed("is") (0.0s)
And the Confirmation page for duplicate 'bad' customer with open products is displayed
Unable to find FNC Login section!
-> done: ConfirmationPageSteps.ThenTheConfirmationPageForCustomerIsDisplayed("bad") (2.1s)
And the 'Find a branch' button opens in a new window
-> done: CommonSteps.ThenTheButtonOpensInANewWindow("Find a branch") (3.1s)
]]></output>
                </test-case>
                <test-case id="0-1386" name="JOBSTARTER_CNFM_02_VerifyProofOfAddressCopy_BadCustomer" fullname="Join.Form.Customer.Selenium.Features._10_JobStarterProductFeature.JOBSTARTER_CNFM_02_VerifyProofOfAddressCopy_BadCustomer" methodname="JOBSTARTER_CNFM_02_VerifyProofOfAddressCopy_BadCustomer" classname="Join.Form.Customer.Selenium.Features._10_JobStarterProductFeature" runstate="Runnable" seed="945176259" result="Failed" label="Error" start-time="2017-12-05 15:47:11Z" end-time="2017-12-05 15:48:00Z" duration="49.577002" asserts="20">
                  <properties>
                    <property name="Description" value="JOBSTARTER_CNFM_02 - Verify Proof of Address copy - Bad Customer" />
                    <property name="Category" value="COB" />
                    <property name="Category" value="confirmation" />
                    <property name="Category" value="regression" />
                    <property name="Category" value="integration" />
                    <property name="Category" value="072017" />
                    <property name="Category" value="jobstarter" />
                  </properties>
                  <failure>
                    <message><![CDATA[
  One or more failures in Multiple assert block:
  1)   Any posted document (such as correspondence from NZ Transport Agency or IRD) which includes your name and home address that's less than 12 months old. text not found!
  Expected: True
  But was:  False

  2)   Bank statement text not found!
  Expected: True
  But was:  False

  3)   Statement from an NZ bank that includes your home address that's less than three months old. text not found!
  Expected: True
  But was:  False


TearDown : NUnit.Framework.assertionException :   Verification failures exist. Please check output for details.
  Expected: False
  But was:  True
]]></message>
                    <stack-trace><![CDATA[--TearDown
   at NUnit.Framework.assert.ReportFailure(String message)
   at NUnit.Framework.assert.That[TActual](TActual actual, IResolveConstraint expression, String message, Object[] args)
   at ASB.Test.Automation.Verify.Verify.FailTest()
   at Join.Form.Customer.Selenium.WebDriverSupport.CheckForFailures()
   at Join.Form.Customer.Selenium.WebDriverSupport.DestroyDriver()
   at TechTalk.SpecFlow.Bindings.BindingInvoker.InvokeBinding(IBinding binding, IContextManager contextManager, Object[] arguments, ITestTracer testTracer, TimeSpan& duration)
   at TechTalk.SpecFlow.Infrastructure.TestExecutionEngine.FireEvents(HookType bindingEvent)
   at TechTalk.SpecFlow.Infrastructure.TestExecutionEngine.OnScenarioEnd()
   at Join.Form.Customer.Selenium.Features._10_JobStarterProductFeature.ScenarioTearDown()]]></stack-trace>
                  </failure>
                  <output><![CDATA[Given I start my Job Starter application
Navigating to URL: https://webappisamdev.asbbank.co.nz/public/join/jobstarter/?grcDisabled=true
-> done: CommonSteps.GivenIStartMyJobStarterApplication() (0.7s)
Given I select the following products: 'Job starter, ASB Visa Debit Job Starter'
12/6/2017 4:47:22 AMWaitForFeaturesPageLoad: Executing WaitForFrameAndSwitch
12/6/2017 4:47:22 AMWaitForFeaturesPageLoad: Done executing WaitForFrameAndSwitch
Unable to find product 'FastSaver' in page or product 'FastSaver' is not selected
Unable to find product 'Savings On Call' in page or product 'Savings On Call' is not selected
Unable to find product 'Job Starter Overdraft' in page or product 'Job Starter Overdraft' is not selected
Unable to find product 'ASB Visa Rewards Job Starter' in page or product 'ASB Visa Rewards Job Starter' is not selected
Unable to find product 'ASB Visa Light Job Starter' in page or product 'ASB Visa Light Job Starter' is not selected
Unable to find product 'Job Starter Overdraft' in page or product 'Job Starter Overdraft' is not selected
Unable to find product 'ASB Visa Light Job Starter' in page or product 'ASB Visa Light Job Starter' is not selected
Unable to find product 'ASB Visa Rewards Job Starter' in page or product 'ASB Visa Rewards Job Starter' is not selected
Unable to find product 'Savings On Call' in page or product 'Savings On Call' is not selected
Unable to find product 'FastSaver' in page or product 'FastSaver' is not selected
-> done: ProductsPageSteps.WhenIChangeMySelectedProductsTo("Job starter, ASB ...") (21.4s)
And I enter all required details and navigate to Summary page
  --- table step argument ---
  | Title | FirstName | MiddleName | LastName | DateOfBirth  | Email             | MobileNumber | CountriesCitizenship | PreferredIdType | Password | VerbalPassword |
  | Mr    | Michael   | Sam        | Wayne    | 11 July 1999 | cob2016@asb.co.nz | 021-RANDOM   | New Zealand          | Other           | Kiwi77nz | MyCode01       |
Given I enter mandatory Tax Information for NZ citizen and clicks on Next button
-> done: AdditionalPersonalDetailsSteps.GivenIEnterMandatoryTaxInformationForNZCitizen() (0.5s)
-> done: PersonalDetailsSteps.GivenIEnterAllRequiredDetailsAndNavigateToSummaryPage(<table>) (18.9s)
When I confirm details on the Summary page
UniqueId: 
Title: Mr
FirstName: Michael
MiddleName: Sam
LastName: Wayne
Email: cob2016@asb.co.nz
Gender: 
DateOfBirth: 7/11/1999 12:00:00 AM
DateCreated: 
LastReviewDate: 
Cals: 
IsIndividual: 
NzCitizen: True
NzResidence: 
HighValueCustomer: 
StaffMember: 
AmlVerified: 
VipCustomer: 
Addresses: System.Collections.Generic.List`1[ASB.Selenium.DataModel.Customer.Address]
AddressInformation: ASB.Selenium.DataModel.Customer.AddressInformation
CompanyName: 
CompanyType: 
CompanySubType: 
CustomerTypeCode: 
IrdNumber: 
TaxClass: 
TaxClassDate: 
IsNzTaxResident: True
NonResidentCountryCode: 
IsForeignTaxResident: False
ForeignTaxResidencyStatus: 
IsProfileEnhanced: 
Phones: System.Collections.Generic.List`1[ASB.Selenium.DataModel.Customer.Phone]
NextOfKin: 
EmploymentDetails: 
LinkedCustomers: 
AccountRelationships: 
IdType: 
Fatca: ASB.Selenium.DataModel.Customer.Fatca
CitizenshipCountryCodes: 
CitizenshipCountryNames: System.Collections.Generic.List`1[System.String]
ForeignTaxResidenceTypes: System.Collections.Generic.List`1[ASB.Selenium.DataModel.Customer.ForeignTaxResidenceTypes]
OnboardingDetail: ASB.Selenium.DataModel.Customer.OnboardingDetail
AddressVerificationStatus: 
IdVerificationStatus: 
PreferredIdType: Other
IsProfileComplete: True
DaysRemaining: 0
OnboardingStatus: 
NewAccounts: System.Collections.Generic.List`1[ASB.Selenium.DataModel.Customer.Accounts]
FailedAccounts: System.Collections.Generic.List`1[ASB.Selenium.DataModel.Customer.Accounts]
OnboardingSource: JobStarter
CustomerCreated: 
LoginCreated: 
RegisteredForNetcode: 
AccountsCreated: 
CustomerAccessToken: 
VerificationPassword: MyCode01
LoginDetail: ASB.Selenium.DataModel.Customer.Login
CustomerType: 
Cif: 
Username: mway68599
UsernameApi: 
Password: Kiwi77nz
PublicKey: 
AcceptedTermsAndConditions: 
BackgroundCheckConsent: 
PreferredIdType: 
-> done: SummaryPageSteps.WhenIConfirmDetailsOnTheSummaryPage() (2.9s)
Then the Confirmation page for duplicate 'bad' customer with open products is displayed
Unable to find FNC Login section!
-> done: ConfirmationPageSteps.ThenTheConfirmationPageForCustomerIsDisplayed("bad") (2.5s)
And the Proof of Address section is displayed for Job starter customer
Failed reason: Any posted document (such as correspondence from NZ Transport Agency or IRD) which includes your name and home address that's less than 12 months old. text not found!
Failed reason: Bank statement text not found!
Failed reason: Statement from an NZ bank that includes your home address that's less than three months old. text not found!
-> done: ConfirmationPageSteps.ThenTheProofOfAddressSectionIsDisplayedForJobStarterCustomer() (0.1s)
  Any posted document (such as correspondence from NZ Transport Agency or IRD) which includes your name and home address that's less than 12 months old. text not found!
  Expected: True
  But was:  False

  Bank statement text not found!
  Expected: True
  But was:  False

  Statement from an NZ bank that includes your home address that's less than three months old. text not found!
  Expected: True
  But was:  False

]]></output>
                  <assertions>
                    <assertion result="Failed">
                      <message><![CDATA[  Any posted document (such as correspondence from NZ Transport Agency or IRD) which includes your name and home address that's less than 12 months old. text not found!
  Expected: True
  But was:  False
]]></message>
                      <stack-trace><![CDATA[at ASB.Test.Automation.Verify.Verify.Contains(String parent, String child, String message)
at Join.Form.Customer.Selenium.StepDefinitions.ConfirmationPageSteps.ThenTheProofOfAddressSectionIsDisplayedForJobStarterCustomer()
]]></stack-trace>
                    </assertion>
                    <assertion result="Failed">
                      <message><![CDATA[  Bank statement text not found!
  Expected: True
  But was:  False
]]></message>
                      <stack-trace><![CDATA[at ASB.Test.Automation.Verify.Verify.Contains(String parent, String child, String message)
at Join.Form.Customer.Selenium.StepDefinitions.ConfirmationPageSteps.ThenTheProofOfAddressSectionIsDisplayedForJobStarterCustomer()
]]></stack-trace>
                    </assertion>
                    <assertion result="Failed">
                      <message><![CDATA[  Statement from an NZ bank that includes your home address that's less than three months old. text not found!
  Expected: True
  But was:  False
]]></message>
                      <stack-trace><![CDATA[at ASB.Test.Automation.Verify.Verify.Contains(String parent, String child, String message)
at Join.Form.Customer.Selenium.StepDefinitions.ConfirmationPageSteps.ThenTheProofOfAddressSectionIsDisplayedForJobStarterCustomer()
]]></stack-trace>
                    </assertion>
                    <assertion result="Failed">
                      <message><![CDATA[  Verification failures exist. Please check output for details.
  Expected: False
  But was:  True
]]></message>
                      <stack-trace><![CDATA[at ASB.Test.Automation.Verify.Verify.FailTest()
at Join.Form.Customer.Selenium.WebDriverSupport.CheckForFailures()
at Join.Form.Customer.Selenium.WebDriverSupport.DestroyDriver()
]]></stack-trace>
                    </assertion>
                  </assertions>
                </test-case>
                <test-case id="0-1387" name="JOBSTARTER_CNFM_03_ExistingCustomerCheck_FNCOpenApplyRedirect" fullname="Join.Form.Customer.Selenium.Features._10_JobStarterProductFeature.JOBSTARTER_CNFM_03_ExistingCustomerCheck_FNCOpenApplyRedirect" methodname="JOBSTARTER_CNFM_03_ExistingCustomerCheck_FNCOpenApplyRedirect" classname="Join.Form.Customer.Selenium.Features._10_JobStarterProductFeature" runstate="Runnable" seed="613716607" result="Passed" start-time="2017-12-05 15:48:00Z" end-time="2017-12-05 15:48:53Z" duration="52.810033" asserts="29">
                  <properties>
                    <property name="Description" value="JOBSTARTER_CNFM_03 - Existing Customer check - FNC Open &amp; Apply Redirect" />
                    <property name="Category" value="COB" />
                    <property name="Category" value="confirmation" />
                    <property name="Category" value="regression" />
                    <property name="Category" value="integration" />
                    <property name="Category" value="072017" />
                    <property name="Category" value="jobstarter" />
                  </properties>
                  <output><![CDATA[-> warning: The previous ScenarioContext was not disposed.
Given I start my Job Starter application
Navigating to URL: https://webappisamdev.asbbank.co.nz/public/join/jobstarter/?grcDisabled=true
-> done: CommonSteps.GivenIStartMyJobStarterApplication() (0.6s)
Given I am an existing ASB customer
Navigating to URL: https://webappisamdev.asbbank.co.nz/public/join/jobstarter/?grcDisabled=true&fncJunctionNumber=104
-> done: CommonSteps.GivenIAmAnExistingASBCustomer() (0.3s)
And I select the following products: 'Job starter, ASB Visa Debit Job Starter'
12/6/2017 4:48:12 AMWaitForFeaturesPageLoad: Executing WaitForFrameAndSwitch
12/6/2017 4:48:12 AMWaitForFeaturesPageLoad: Done executing WaitForFrameAndSwitch
Unable to find product 'FastSaver' in page or product 'FastSaver' is not selected
Unable to find product 'Savings On Call' in page or product 'Savings On Call' is not selected
Unable to find product 'Job Starter Overdraft' in page or product 'Job Starter Overdraft' is not selected
Unable to find product 'ASB Visa Rewards Job Starter' in page or product 'ASB Visa Rewards Job Starter' is not selected
Unable to find product 'ASB Visa Light Job Starter' in page or product 'ASB Visa Light Job Starter' is not selected
Unable to find product 'Job Starter Overdraft' in page or product 'Job Starter Overdraft' is not selected
Unable to find product 'ASB Visa Light Job Starter' in page or product 'ASB Visa Light Job Starter' is not selected
Unable to find product 'ASB Visa Rewards Job Starter' in page or product 'ASB Visa Rewards Job Starter' is not selected
Unable to find product 'Savings On Call' in page or product 'Savings On Call' is not selected
Unable to find product 'FastSaver' in page or product 'FastSaver' is not selected
-> done: ProductsPageSteps.WhenIChangeMySelectedProductsTo("Job starter, ASB ...") (21.3s)
And I enter all required details and navigate to Summary page
  --- table step argument ---
  | Title | FirstName | MiddleName | LastName | DateOfBirth  | Email             | MobileNumber | CountriesCitizenship | PreferredIdType | Password | VerbalPassword |
  | Miss  | Butcher   | Close      | Wolf     | 11 July 1999 | cob2016@asb.co.nz | 021-RANDOM   | New Zealand          | Other           | Kiwi77nz | MyCode01       |
Given I enter mandatory Tax Information for NZ citizen and clicks on Next button
-> done: AdditionalPersonalDetailsSteps.GivenIEnterMandatoryTaxInformationForNZCitizen() (0.5s)
-> done: PersonalDetailsSteps.GivenIEnterAllRequiredDetailsAndNavigateToSummaryPage(<table>) (13.2s)
When I confirm details on the Summary page
UniqueId: 
Title: Miss
FirstName: Butcher
MiddleName: Close
LastName: Wolf
Email: cob2016@asb.co.nz
Gender: 
DateOfBirth: 7/11/1999 12:00:00 AM
DateCreated: 
LastReviewDate: 
Cals: 
IsIndividual: 
NzCitizen: True
NzResidence: 
HighValueCustomer: 
StaffMember: 
AmlVerified: 
VipCustomer: 
Addresses: System.Collections.Generic.List`1[ASB.Selenium.DataModel.Customer.Address]
AddressInformation: ASB.Selenium.DataModel.Customer.AddressInformation
CompanyName: 
CompanyType: 
CompanySubType: 
CustomerTypeCode: 
IrdNumber: 
TaxClass: 
TaxClassDate: 
IsNzTaxResident: True
NonResidentCountryCode: 
IsForeignTaxResident: False
ForeignTaxResidencyStatus: 
IsProfileEnhanced: 
Phones: System.Collections.Generic.List`1[ASB.Selenium.DataModel.Customer.Phone]
NextOfKin: 
EmploymentDetails: 
LinkedCustomers: 
AccountRelationships: 
IdType: 
Fatca: ASB.Selenium.DataModel.Customer.Fatca
CitizenshipCountryCodes: 
CitizenshipCountryNames: System.Collections.Generic.List`1[System.String]
ForeignTaxResidenceTypes: System.Collections.Generic.List`1[ASB.Selenium.DataModel.Customer.ForeignTaxResidenceTypes]
OnboardingDetail: ASB.Selenium.DataModel.Customer.OnboardingDetail
AddressVerificationStatus: 
IdVerificationStatus: 
PreferredIdType: Other
IsProfileComplete: True
DaysRemaining: 0
OnboardingStatus: 
NewAccounts: System.Collections.Generic.List`1[ASB.Selenium.DataModel.Customer.Accounts]
FailedAccounts: System.Collections.Generic.List`1[ASB.Selenium.DataModel.Customer.Accounts]
OnboardingSource: JobStarter
CustomerCreated: 
LoginCreated: 
RegisteredForNetcode: 
AccountsCreated: 
CustomerAccessToken: 
VerificationPassword: MyCode01
LoginDetail: ASB.Selenium.DataModel.Customer.Login
CustomerType: 
Cif: 
Username: bwol58647
UsernameApi: 
Password: Kiwi77nz
PublicKey: 
AcceptedTermsAndConditions: 
BackgroundCheckConsent: 
PreferredIdType: 
-> done: SummaryPageSteps.WhenIConfirmDetailsOnTheSummaryPage() (2.9s)
Then the Confirmation page for duplicate 'good' customer with open products is displayed
-> done: ConfirmationPageSteps.ThenTheConfirmationPageForCustomerIsDisplayed("good") (0.7s)
And the FNC Login section is displayed
-> done: ConfirmationPageSteps.ThenTheFNCLoginSectionIsDisplayed() (0.3s)
And the 'Having trouble logging in?' button opens in a new window
-> done: CommonSteps.ThenTheButtonOpensInANewWindow("Having trouble lo...") (2.8s)
And the 'register for internet banking' link opens in a new window
-> done: CommonSteps.ThenTheLinkOpensInANewWindow("register for inte...") (3.8s)
And the 'Find a branch' button opens in a new window
-> done: CommonSteps.ThenTheButtonOpensInANewWindow("Find a branch") (2.7s)
And FNC Open & Apply page is displayed after login
-> done: ConfirmationPageSteps.ThenFNCOpenApplyPageIsDisplayedOnClickOfLoginButton() (3.4s)
]]></output>
                </test-case>
                <test-case id="0-1388" name="JOBSTARTER_CNFM_04_VerifyProofOfAddressCopy_ExistingCustomer" fullname="Join.Form.Customer.Selenium.Features._10_JobStarterProductFeature.JOBSTARTER_CNFM_04_VerifyProofOfAddressCopy_ExistingCustomer" methodname="JOBSTARTER_CNFM_04_VerifyProofOfAddressCopy_ExistingCustomer" classname="Join.Form.Customer.Selenium.Features._10_JobStarterProductFeature" runstate="Runnable" seed="178584362" result="Failed" label="Error" start-time="2017-12-05 15:48:53Z" end-time="2017-12-05 15:49:36Z" duration="42.692355" asserts="20">
                  <properties>
                    <property name="Description" value="JOBSTARTER_CNFM_04 - Verify Proof of Address copy - Existing Customer" />
                    <property name="Category" value="COB" />
                    <property name="Category" value="confirmation" />
                    <property name="Category" value="regression" />
                    <property name="Category" value="integration" />
                    <property name="Category" value="072017" />
                    <property name="Category" value="jobstarter" />
                  </properties>
                  <failure>
                    <message><![CDATA[
  One or more failures in Multiple assert block:
  1)   Any posted document (such as correspondence from NZ Transport Agency or IRD) which includes your name and home address that's less than 12 months old. text not found!
  Expected: True
  But was:  False

  2)   Bank statement text not found!
  Expected: True
  But was:  False

  3)   Statement from an NZ bank that includes your home address that's less than three months old. text not found!
  Expected: True
  But was:  False


TearDown : NUnit.Framework.assertionException :   Verification failures exist. Please check output for details.
  Expected: False
  But was:  True
]]></message>
                    <stack-trace><![CDATA[--TearDown
   at NUnit.Framework.assert.ReportFailure(String message)
   at NUnit.Framework.assert.That[TActual](TActual actual, IResolveConstraint expression, String message, Object[] args)
   at ASB.Test.Automation.Verify.Verify.FailTest()
   at Join.Form.Customer.Selenium.WebDriverSupport.CheckForFailures()
   at Join.Form.Customer.Selenium.WebDriverSupport.DestroyDriver()
   at TechTalk.SpecFlow.Bindings.BindingInvoker.InvokeBinding(IBinding binding, IContextManager contextManager, Object[] arguments, ITestTracer testTracer, TimeSpan& duration)
   at TechTalk.SpecFlow.Infrastructure.TestExecutionEngine.FireEvents(HookType bindingEvent)
   at TechTalk.SpecFlow.Infrastructure.TestExecutionEngine.OnScenarioEnd()
   at Join.Form.Customer.Selenium.Features._10_JobStarterProductFeature.ScenarioTearDown()]]></stack-trace>
                  </failure>
                  <output><![CDATA[Given I start my Job Starter application
Navigating to URL: https://webappisamdev.asbbank.co.nz/public/join/jobstarter/?grcDisabled=true
-> done: CommonSteps.GivenIStartMyJobStarterApplication() (0.6s)
Given I am an existing ASB customer
Navigating to URL: https://webappisamdev.asbbank.co.nz/public/join/jobstarter/?grcDisabled=true&fncJunctionNumber=104
-> done: CommonSteps.GivenIAmAnExistingASBCustomer() (0.3s)
And I select the following products: 'Job starter, ASB Visa Debit Job Starter'
12/6/2017 4:49:05 AMWaitForFeaturesPageLoad: Executing WaitForFrameAndSwitch
12/6/2017 4:49:05 AMWaitForFeaturesPageLoad: Done executing WaitForFrameAndSwitch
Unable to find product 'FastSaver' in page or product 'FastSaver' is not selected
Unable to find product 'Savings On Call' in page or product 'Savings On Call' is not selected
Unable to find product 'Job Starter Overdraft' in page or product 'Job Starter Overdraft' is not selected
Unable to find product 'ASB Visa Rewards Job Starter' in page or product 'ASB Visa Rewards Job Starter' is not selected
Unable to find product 'ASB Visa Light Job Starter' in page or product 'ASB Visa Light Job Starter' is not selected
Unable to find product 'Job Starter Overdraft' in page or product 'Job Starter Overdraft' is not selected
Unable to find product 'ASB Visa Light Job Starter' in page or product 'ASB Visa Light Job Starter' is not selected
Unable to find product 'ASB Visa Rewards Job Starter' in page or product 'ASB Visa Rewards Job Starter' is not selected
Unable to find product 'Savings On Call' in page or product 'Savings On Call' is not selected
Unable to find product 'FastSaver' in page or product 'FastSaver' is not selected
-> done: ProductsPageSteps.WhenIChangeMySelectedProductsTo("Job starter, ASB ...") (21.4s)
And I enter all required details and navigate to Summary page
  --- table step argument ---
  | Title | FirstName | MiddleName | LastName | DateOfBirth  | Email             | MobileNumber | CountriesCitizenship | PreferredIdType | Password | VerbalPassword |
  | Miss  | Butcher   | Close      | Wolf     | 11 July 1999 | cob2016@asb.co.nz | 021-RANDOM   | New Zealand          | Other           | Kiwi77nz | MyCode01       |
Given I enter mandatory Tax Information for NZ citizen and clicks on Next button
-> done: AdditionalPersonalDetailsSteps.GivenIEnterMandatoryTaxInformationForNZCitizen() (0.5s)
-> done: PersonalDetailsSteps.GivenIEnterAllRequiredDetailsAndNavigateToSummaryPage(<table>) (13.3s)
When I confirm details on the Summary page
UniqueId: 
Title: Miss
FirstName: Butcher
MiddleName: Close
LastName: Wolf
Email: cob2016@asb.co.nz
Gender: 
DateOfBirth: 7/11/1999 12:00:00 AM
DateCreated: 
LastReviewDate: 
Cals: 
IsIndividual: 
NzCitizen: True
NzResidence: 
HighValueCustomer: 
StaffMember: 
AmlVerified: 
VipCustomer: 
Addresses: System.Collections.Generic.List`1[ASB.Selenium.DataModel.Customer.Address]
AddressInformation: ASB.Selenium.DataModel.Customer.AddressInformation
CompanyName: 
CompanyType: 
CompanySubType: 
CustomerTypeCode: 
IrdNumber: 
TaxClass: 
TaxClassDate: 
IsNzTaxResident: True
NonResidentCountryCode: 
IsForeignTaxResident: False
ForeignTaxResidencyStatus: 
IsProfileEnhanced: 
Phones: System.Collections.Generic.List`1[ASB.Selenium.DataModel.Customer.Phone]
NextOfKin: 
EmploymentDetails: 
LinkedCustomers: 
AccountRelationships: 
IdType: 
Fatca: ASB.Selenium.DataModel.Customer.Fatca
CitizenshipCountryCodes: 
CitizenshipCountryNames: System.Collections.Generic.List`1[System.String]
ForeignTaxResidenceTypes: System.Collections.Generic.List`1[ASB.Selenium.DataModel.Customer.ForeignTaxResidenceTypes]
OnboardingDetail: ASB.Selenium.DataModel.Customer.OnboardingDetail
AddressVerificationStatus: 
IdVerificationStatus: 
PreferredIdType: Other
IsProfileComplete: True
DaysRemaining: 0
OnboardingStatus: 
NewAccounts: System.Collections.Generic.List`1[ASB.Selenium.DataModel.Customer.Accounts]
FailedAccounts: System.Collections.Generic.List`1[ASB.Selenium.DataModel.Customer.Accounts]
OnboardingSource: JobStarter
CustomerCreated: 
LoginCreated: 
RegisteredForNetcode: 
AccountsCreated: 
CustomerAccessToken: 
VerificationPassword: MyCode01
LoginDetail: ASB.Selenium.DataModel.Customer.Login
CustomerType: 
Cif: 
Username: bwol94039
UsernameApi: 
Password: Kiwi77nz
PublicKey: 
AcceptedTermsAndConditions: 
BackgroundCheckConsent: 
PreferredIdType: 
-> done: SummaryPageSteps.WhenIConfirmDetailsOnTheSummaryPage() (2.9s)
Then the Confirmation page for duplicate 'good' customer with open products is displayed
-> done: ConfirmationPageSteps.ThenTheConfirmationPageForCustomerIsDisplayed("good") (0.8s)
And the Proof of Address section is displayed for Job starter customer
Failed reason: Any posted document (such as correspondence from NZ Transport Agency or IRD) which includes your name and home address that's less than 12 months old. text not found!
Failed reason: Bank statement text not found!
Failed reason: Statement from an NZ bank that includes your home address that's less than three months old. text not found!
-> done: ConfirmationPageSteps.ThenTheProofOfAddressSectionIsDisplayedForJobStarterCustomer() (0.1s)
  Any posted document (such as correspondence from NZ Transport Agency or IRD) which includes your name and home address that's less than 12 months old. text not found!
  Expected: True
  But was:  False

  Bank statement text not found!
  Expected: True
  But was:  False

  Statement from an NZ bank that includes your home address that's less than three months old. text not found!
  Expected: True
  But was:  False

]]></output>
                  <assertions>
                    <assertion result="Failed">
                      <message><![CDATA[  Any posted document (such as correspondence from NZ Transport Agency or IRD) which includes your name and home address that's less than 12 months old. text not found!
  Expected: True
  But was:  False
]]></message>
                      <stack-trace><![CDATA[at ASB.Test.Automation.Verify.Verify.Contains(String parent, String child, String message)
at Join.Form.Customer.Selenium.StepDefinitions.ConfirmationPageSteps.ThenTheProofOfAddressSectionIsDisplayedForJobStarterCustomer()
]]></stack-trace>
                    </assertion>
                    <assertion result="Failed">
                      <message><![CDATA[  Bank statement text not found!
  Expected: True
  But was:  False
]]></message>
                      <stack-trace><![CDATA[at ASB.Test.Automation.Verify.Verify.Contains(String parent, String child, String message)
at Join.Form.Customer.Selenium.StepDefinitions.ConfirmationPageSteps.ThenTheProofOfAddressSectionIsDisplayedForJobStarterCustomer()
]]></stack-trace>
                    </assertion>
                    <assertion result="Failed">
                      <message><![CDATA[  Statement from an NZ bank that includes your home address that's less than three months old. text not found!
  Expected: True
  But was:  False
]]></message>
                      <stack-trace><![CDATA[at ASB.Test.Automation.Verify.Verify.Contains(String parent, String child, String message)
at Join.Form.Customer.Selenium.StepDefinitions.ConfirmationPageSteps.ThenTheProofOfAddressSectionIsDisplayedForJobStarterCustomer()
]]></stack-trace>
                    </assertion>
                    <assertion result="Failed">
                      <message><![CDATA[  Verification failures exist. Please check output for details.
  Expected: False
  But was:  True
]]></message>
                      <stack-trace><![CDATA[at ASB.Test.Automation.Verify.Verify.FailTest()
at Join.Form.Customer.Selenium.WebDriverSupport.CheckForFailures()
at Join.Form.Customer.Selenium.WebDriverSupport.DestroyDriver()
]]></stack-trace>
                    </assertion>
                  </assertions>
                </test-case>
              </test-suite>
              <test-suite type="TestFixture" id="0-1298" name="_11_GraduateProductFeature" fullname="Join.Form.Customer.Selenium.Features._11_GraduateProductFeature" classname="Join.Form.Customer.Selenium.Features._11_GraduateProductFeature" runstate="Ignored" testcasecount="37" result="Skipped" label="Ignored" site="SetUp" start-time="2017-12-05 15:49:36Z" end-time="2017-12-05 15:49:36Z" duration="0.156745" total="8" passed="0" failed="0" warnings="0" inconclusive="0" skipped="8" asserts="0">
                <properties>
                  <property name="Description" value="11_GraduateProduct" />
                  <property name="_SKIPREASON" value="Ignored feature" />
                </properties>
                <reason>
                  <message><![CDATA[Ignored feature]]></message>
                </reason>
                <test-suite type="ParameterizedMethod" id="0-1332" name="GRADUATE_ACTSUM_01_NZCitizen" fullname="Join.Form.Customer.Selenium.Features._11_GraduateProductFeature.GRADUATE_ACTSUM_01_NZCitizen" classname="Join.Form.Customer.Selenium.Features._11_GraduateProductFeature" runstate="Runnable" testcasecount="2" result="Skipped" label="Ignored" site="Parent" start-time="0001-01-01 00:00:00Z" end-time="0001-01-01 00:00:00Z" duration="0.000000" total="0" passed="0" failed="0" warnings="0" inconclusive="0" skipped="0" asserts="0">
                  <properties>
                    <property name="Description" value="GRADUATE_ACTSUM_01 - NZ Citizen" />
                    <property name="Category" value="COB" />
                    <property name="Category" value="activatesummary" />
                    <property name="Category" value="082017" />
                    <property name="Category" value="graduate" />
                    <property name="Category" value="integration" />
                    <property name="Category" value="regression" />
                    <property name="Category" value="smoke" />
                  </properties>
                  <reason>
                    <message><![CDATA[OneTimeSetUp: Ignored feature]]></message>
                  </reason>
                </test-suite>
                <test-case id="0-1330" name="GRADUATE_ACTSUM_01_NZCitizen(&quot;Default Graduate Products&quot;,&quot;Graduate Cheque&quot;,System.String[])" fullname="Join.Form.Customer.Selenium.Features._11_GraduateProductFeature.GRADUATE_ACTSUM_01_NZCitizen(&quot;Default Graduate Products&quot;,&quot;Graduate Cheque&quot;,System.String[])" methodname="GRADUATE_ACTSUM_01_NZCitizen" classname="Join.Form.Customer.Selenium.Features._11_GraduateProductFeature" runstate="Runnable" seed="1825122645" result="Skipped" label="Ignored" site="Parent" start-time="0001-01-01 00:00:00Z" end-time="0001-01-01 00:00:00Z" duration="0.000000" asserts="0">
                  <properties />
                  <reason>
                    <message><![CDATA[OneTimeSetUp: Ignored feature]]></message>
                  </reason>
                </test-case>
                <test-case id="0-1331" name="GRADUATE_ACTSUM_01_NZCitizen(&quot;All Graduate Products&quot;,&quot;Graduate Cheque, Graduate Overdraft, ASB Visa Rewards Graduate, ASB Visa Light Graduate, Savings On Call, FastSaver&quot;,System.String[])" fullname="Join.Form.Customer.Selenium.Features._11_GraduateProductFeature.GRADUATE_ACTSUM_01_NZCitizen(&quot;All Graduate Products&quot;,&quot;Graduate Cheque, Graduate Overdraft, ASB Visa Rewards Graduate, ASB Visa Light Graduate, Savings On Call, FastSaver&quot;,System.String[])" methodname="GRADUATE_ACTSUM_01_NZCitizen" classname="Join.Form.Customer.Selenium.Features._11_GraduateProductFeature" runstate="Runnable" seed="1349613806" result="Skipped" label="Ignored" site="Parent" start-time="0001-01-01 00:00:00Z" end-time="0001-01-01 00:00:00Z" duration="0.000000" asserts="0">
                  <properties />
                  <reason>
                    <message><![CDATA[OneTimeSetUp: Ignored feature]]></message>
                  </reason>
                </test-case>
                <test-suite type="ParameterizedMethod" id="0-1335" name="GRADUATE_ACTSUM_02_Non_NZCitizen" fullname="Join.Form.Customer.Selenium.Features._11_GraduateProductFeature.GRADUATE_ACTSUM_02_Non_NZCitizen" classname="Join.Form.Customer.Selenium.Features._11_GraduateProductFeature" runstate="Runnable" testcasecount="2" result="Skipped" label="Ignored" site="Parent" start-time="0001-01-01 00:00:00Z" end-time="0001-01-01 00:00:00Z" duration="0.000000" total="0" passed="0" failed="0" warnings="0" inconclusive="0" skipped="0" asserts="0">
                  <properties>
                    <property name="Description" value="GRADUATE_ACTSUM_02 - Non-NZ Citizen" />
                    <property name="Category" value="COB" />
                    <property name="Category" value="activatesummary" />
                    <property name="Category" value="082017" />
                    <property name="Category" value="graduate" />
                    <property name="Category" value="integration" />
                    <property name="Category" value="regression" />
                    <property name="Category" value="smoke" />
                  </properties>
                  <reason>
                    <message><![CDATA[OneTimeSetUp: Ignored feature]]></message>
                  </reason>
                </test-suite>
                <test-case id="0-1333" name="GRADUATE_ACTSUM_02_Non_NZCitizen(&quot;Default Graduate Products&quot;,&quot;Graduate Cheque&quot;,System.String[])" fullname="Join.Form.Customer.Selenium.Features._11_GraduateProductFeature.GRADUATE_ACTSUM_02_Non_NZCitizen(&quot;Default Graduate Products&quot;,&quot;Graduate Cheque&quot;,System.String[])" methodname="GRADUATE_ACTSUM_02_Non_NZCitizen" classname="Join.Form.Customer.Selenium.Features._11_GraduateProductFeature" runstate="Runnable" seed="1897078056" result="Skipped" label="Ignored" site="Parent" start-time="0001-01-01 00:00:00Z" end-time="0001-01-01 00:00:00Z" duration="0.000000" asserts="0">
                  <properties />
                  <reason>
                    <message><![CDATA[OneTimeSetUp: Ignored feature]]></message>
                  </reason>
                </test-case>
                <test-case id="0-1334" name="GRADUATE_ACTSUM_02_Non_NZCitizen(&quot;All Graduate Products&quot;,&quot;Graduate Cheque, ASB Visa Rewards Graduate, ASB Visa Light Graduate, Savings On Call, FastSaver&quot;,System.String[])" fullname="Join.Form.Customer.Selenium.Features._11_GraduateProductFeature.GRADUATE_ACTSUM_02_Non_NZCitizen(&quot;All Graduate Products&quot;,&quot;Graduate Cheque, ASB Visa Rewards Graduate, ASB Visa Light Graduate, Savings On Call, FastSaver&quot;,System.String[])" methodname="GRADUATE_ACTSUM_02_Non_NZCitizen" classname="Join.Form.Customer.Selenium.Features._11_GraduateProductFeature" runstate="Runnable" seed="783343181" result="Skipped" label="Ignored" site="Parent" start-time="0001-01-01 00:00:00Z" end-time="0001-01-01 00:00:00Z" duration="0.000000" asserts="0">
                  <properties />
                  <reason>
                    <message><![CDATA[OneTimeSetUp: Ignored feature]]></message>
                  </reason>
                </test-case>
                <test-case id="0-1318" name="GRADUATE_CNFM_01_VerifyConfirmationScreen_BadCustomerCheckBlock" fullname="Join.Form.Customer.Selenium.Features._11_GraduateProductFeature.GRADUATE_CNFM_01_VerifyConfirmationScreen_BadCustomerCheckBlock" methodname="GRADUATE_CNFM_01_VerifyConfirmationScreen_BadCustomerCheckBlock" classname="Join.Form.Customer.Selenium.Features._11_GraduateProductFeature" runstate="Runnable" seed="726355475" result="Skipped" label="Ignored" site="Parent" start-time="0001-01-01 00:00:00Z" end-time="0001-01-01 00:00:00Z" duration="0.000000" asserts="0">
                  <properties>
                    <property name="Description" value="GRADUATE_CNFM_01 - Verify Confirmation screen - Bad Customer check (block)" />
                    <property name="Category" value="COB" />
                    <property name="Category" value="confirmation" />
                    <property name="Category" value="regression" />
                    <property name="Category" value="integration" />
                    <property name="Category" value="082017" />
                    <property name="Category" value="graduate" />
                  </properties>
                  <reason>
                    <message><![CDATA[OneTimeSetUp: Ignored feature]]></message>
                  </reason>
                </test-case>
                <test-case id="0-1319" name="GRADUATE_CNFM_02_VerifyProofOfAddressCopy_BadCustomer" fullname="Join.Form.Customer.Selenium.Features._11_GraduateProductFeature.GRADUATE_CNFM_02_VerifyProofOfAddressCopy_BadCustomer" methodname="GRADUATE_CNFM_02_VerifyProofOfAddressCopy_BadCustomer" classname="Join.Form.Customer.Selenium.Features._11_GraduateProductFeature" runstate="Runnable" seed="983297425" result="Skipped" label="Ignored" site="Parent" start-time="0001-01-01 00:00:00Z" end-time="0001-01-01 00:00:00Z" duration="0.000000" asserts="0">
                  <properties>
                    <property name="Description" value="GRADUATE_CNFM_02 - Verify Proof of Address copy - Bad Customer" />
                    <property name="Category" value="COB" />
                    <property name="Category" value="confirmation" />
                    <property name="Category" value="regression" />
                    <property name="Category" value="integration" />
                    <property name="Category" value="082017" />
                    <property name="Category" value="graduate" />
                  </properties>
                  <reason>
                    <message><![CDATA[OneTimeSetUp: Ignored feature]]></message>
                  </reason>
                </test-case>
                <test-case id="0-1320" name="GRADUATE_CNFM_03_ExistingCustomerCheck_FNCOpenApplyRedirect" fullname="Join.Form.Customer.Selenium.Features._11_GraduateProductFeature.GRADUATE_CNFM_03_ExistingCustomerCheck_FNCOpenApplyRedirect" methodname="GRADUATE_CNFM_03_ExistingCustomerCheck_FNCOpenApplyRedirect" classname="Join.Form.Customer.Selenium.Features._11_GraduateProductFeature" runstate="Runnable" seed="722901839" result="Skipped" label="Ignored" site="Parent" start-time="0001-01-01 00:00:00Z" end-time="0001-01-01 00:00:00Z" duration="0.000000" asserts="0">
                  <properties>
                    <property name="Description" value="GRADUATE_CNFM_03 - Existing Customer check - FNC Open &amp; Apply Redirect" />
                    <property name="Category" value="COB" />
                    <property name="Category" value="confirmation" />
                    <property name="Category" value="regression" />
                    <property name="Category" value="integration" />
                    <property name="Category" value="082017" />
                    <property name="Category" value="graduate" />
                  </properties>
                  <reason>
                    <message><![CDATA[OneTimeSetUp: Ignored feature]]></message>
                  </reason>
                </test-case>
                <test-case id="0-1321" name="GRADUATE_CNFM_04_VerifyProofOfAddressCopy_ExistingCustomer" fullname="Join.Form.Customer.Selenium.Features._11_GraduateProductFeature.GRADUATE_CNFM_04_VerifyProofOfAddressCopy_ExistingCustomer" methodname="GRADUATE_CNFM_04_VerifyProofOfAddressCopy_ExistingCustomer" classname="Join.Form.Customer.Selenium.Features._11_GraduateProductFeature" runstate="Runnable" seed="1476940918" result="Skipped" label="Ignored" site="Parent" start-time="0001-01-01 00:00:00Z" end-time="0001-01-01 00:00:00Z" duration="0.000000" asserts="0">
                  <properties>
                    <property name="Description" value="GRADUATE_CNFM_04 - Verify Proof of Address copy - Existing Customer" />
                    <property name="Category" value="COB" />
                    <property name="Category" value="confirmation" />
                    <property name="Category" value="regression" />
                    <property name="Category" value="integration" />
                    <property name="Category" value="082017" />
                    <property name="Category" value="graduate" />
                  </properties>
                  <reason>
                    <message><![CDATA[OneTimeSetUp: Ignored feature]]></message>
                  </reason>
                </test-case>
              </test-suite>
              <test-suite type="TestFixture" id="0-1267" name="_12_DataLayerFeature" fullname="Join.Form.Customer.Selenium.Features._12_DataLayerFeature" classname="Join.Form.Customer.Selenium.Features._12_DataLayerFeature" runstate="Runnable" testcasecount="24" result="Failed" site="Child" start-time="2017-12-05 15:49:36Z" end-time="2017-12-05 16:05:41Z" duration="964.890100" total="20" passed="14" failed="4" warnings="0" inconclusive="2" skipped="0" asserts="2387">
                <properties>
                  <property name="Description" value="12_DataLayer" />
                </properties>
                <failure>
                  <message><![CDATA[One or more child tests had errors]]></message>
                </failure>
                <test-case id="0-1268" name="DATALAYER_01_ConfirmationPage_StreamlineOnly" fullname="Join.Form.Customer.Selenium.Features._12_DataLayerFeature.DATALAYER_01_ConfirmationPage_StreamlineOnly" methodname="DATALAYER_01_ConfirmationPage_StreamlineOnly" classname="Join.Form.Customer.Selenium.Features._12_DataLayerFeature" runstate="Runnable" seed="1420189745" result="Passed" start-time="2017-12-05 15:49:36Z" end-time="2017-12-05 15:50:33Z" duration="57.175177" asserts="168">
                  <properties>
                    <property name="Description" value="DATALAYER_01 - Confirmation page - Streamline only" />
                    <property name="Category" value="datalayer" />
                    <property name="Category" value="112017" />
                    <property name="Category" value="integration" />
                    <property name="Category" value="regression" />
                  </properties>
                  <output><![CDATA[-> warning: The previous ScenarioContext was not disposed.
Given I start my Streamline application
Navigating to URL: https://webappisamdev.asbbank.co.nz/public/join/asb/?grcDisabled=true
-> done: CommonSteps.GivenIStartMyStreamlineApplication() (0.6s)
And I am in the Introduction page
12/6/2017 4:49:37 AMWaitForFeaturesPageLoad: Executing WaitForFrameAndSwitch
12/6/2017 4:49:38 AMWaitForFeaturesPageLoad: Done executing WaitForFrameAndSwitch
-> done: IntroductionPageSteps.GivenIAmInTheIntroductionPage() (2.4s)
When I store data layer values
-> done: CommonSteps.WhenIStoreDataLayerValues() (0.0s)
And I change my selected products to 'Streamline intro'
12/6/2017 4:49:50 AMWaitForFeaturesPageLoad: Executing WaitForFrameAndSwitch
12/6/2017 4:49:50 AMWaitForFeaturesPageLoad: Done executing WaitForFrameAndSwitch
Unable to find product 'FastSaver' in page or product 'FastSaver' is not selected
Unable to find product 'Savings On Call' in page or product 'Savings On Call' is not selected
Unable to find product 'ASB Visa Debit Streamline Intro' in page or product 'ASB Visa Debit Streamline Intro' is not selected
Unable to find product 'Savings On Call' in page or product 'Savings On Call' is not selected
Unable to find product 'FastSaver' in page or product 'FastSaver' is not selected
-> done: ProductsPageSteps.WhenIChangeMySelectedProductsTo("Streamline intro") (15.7s)
And I store data layer values
-> done: CommonSteps.WhenIStoreDataLayerValues() (0.0s)
And I click on 'Next' button
-> done: CommonSteps.WhenIClickOnButton("Next") (0.2s)
And I store data layer values
-> done: CommonSteps.WhenIStoreDataLayerValues() (0.0s)
And I enter all required details in the Personal details page and clicks on Next button:
  --- table step argument ---
  | Title | FirstName  | MiddleName | LastName      | DateOfBirth | Email             | MobileNumber | CountriesCitizenship | PreferredIdType |
  | Miss  | Automation | RANDOM     | FYICOBSiteCat | RANDOM      | cob2017@asb.co.nz | 021-RANDOM   | New Zealand          | Other           |
-> done: PersonalDetailsSteps.WhenIEnterAllRequiredDetailsForPersonalDetailsPage(<table>) (17.8s)
And I store data layer values
-> done: CommonSteps.WhenIStoreDataLayerValues() (0.0s)
And I enter mandatory Tax Information for NZ citizen and clicks on Next button
-> done: AdditionalPersonalDetailsSteps.GivenIEnterMandatoryTaxInformationForNZCitizen() (0.5s)
And I store data layer values
-> done: CommonSteps.WhenIStoreDataLayerValues() (0.0s)
And I enter 'Kiwi77nz' password and 'MyCode01' verbal password in the ASB Login page and clicks on Next button
-> done: ASBLoginPageSteps.WhenIEnterPasswordAndVerbalPasswordInTheASBLoginPageAndClicksOnNextButton("Kiwi77nz", "MyCode01") (1.1s)
And I store data layer values
-> done: CommonSteps.WhenIStoreDataLayerValues() (0.0s)
And I confirm details on the Summary page
UniqueId: 
Title: Miss
FirstName: Automation
MiddleName: COB-LNTzE
LastName: FYICOBSiteCat
Email: cob2017@asb.co.nz
Gender: 
DateOfBirth: 7/11/1930 12:00:00 AM
DateCreated: 
LastReviewDate: 
Cals: 
IsIndividual: 
NzCitizen: 
NzResidence: 
HighValueCustomer: 
StaffMember: 
AmlVerified: 
VipCustomer: 
Addresses: System.Collections.Generic.List`1[ASB.Selenium.DataModel.Customer.Address]
AddressInformation: ASB.Selenium.DataModel.Customer.AddressInformation
CompanyName: 
CompanyType: 
CompanySubType: 
CustomerTypeCode: 
IrdNumber: 
TaxClass: 
TaxClassDate: 
IsNzTaxResident: True
NonResidentCountryCode: 
IsForeignTaxResident: False
ForeignTaxResidencyStatus: 
IsProfileEnhanced: 
Phones: System.Collections.Generic.List`1[ASB.Selenium.DataModel.Customer.Phone]
NextOfKin: 
EmploymentDetails: 
LinkedCustomers: 
AccountRelationships: 
IdType: 
Fatca: ASB.Selenium.DataModel.Customer.Fatca
CitizenshipCountryCodes: 
CitizenshipCountryNames: System.Collections.Generic.List`1[System.String]
ForeignTaxResidenceTypes: System.Collections.Generic.List`1[ASB.Selenium.DataModel.Customer.ForeignTaxResidenceTypes]
OnboardingDetail: ASB.Selenium.DataModel.Customer.OnboardingDetail
AddressVerificationStatus: 
IdVerificationStatus: 
PreferredIdType: Other
IsProfileComplete: 
DaysRemaining: 0
OnboardingStatus: 
NewAccounts: System.Collections.Generic.List`1[ASB.Selenium.DataModel.Customer.Accounts]
FailedAccounts: System.Collections.Generic.List`1[ASB.Selenium.DataModel.Customer.Accounts]
OnboardingSource: JoinASB
CustomerCreated: 
LoginCreated: 
RegisteredForNetcode: 
AccountsCreated: 
CustomerAccessToken: 
VerificationPassword: MyCode01
LoginDetail: ASB.Selenium.DataModel.Customer.Login
CustomerType: 
Cif: 
Username: afyi72724
UsernameApi: 
Password: Kiwi77nz
PublicKey: 
AcceptedTermsAndConditions: 
BackgroundCheckConsent: 
PreferredIdType: 
-> done: SummaryPageSteps.WhenIConfirmDetailsOnTheSummaryPage() (2.9s)
Then the Logging you in progress page is displayed
-> done: ConfirmationPageSteps.ThenTheLoggingYouInProgressPageIsDisplayed() (15.1s)
And data layer values are correct
-> done: CommonSteps.ThenDataLayerValuesAreCorrect() (0.0s)
]]></output>
                </test-case>
                <test-case id="0-1269" name="DATALAYER_02_ConfirmationPage_StreamlineAndVisaDebit" fullname="Join.Form.Customer.Selenium.Features._12_DataLayerFeature.DATALAYER_02_ConfirmationPage_StreamlineAndVisaDebit" methodname="DATALAYER_02_ConfirmationPage_StreamlineAndVisaDebit" classname="Join.Form.Customer.Selenium.Features._12_DataLayerFeature" runstate="Runnable" seed="292309370" result="Passed" start-time="2017-12-05 15:50:33Z" end-time="2017-12-05 15:51:30Z" duration="57.081078" asserts="168">
                  <properties>
                    <property name="Description" value="DATALAYER_02 - Confirmation page - Streamline and Visa Debit" />
                    <property name="Category" value="datalayer" />
                    <property name="Category" value="122017" />
                    <property name="Category" value="integration" />
                    <property name="Category" value="regression" />
                  </properties>
                  <output><![CDATA[Given I start my Streamline application
Navigating to URL: https://webappisamdev.asbbank.co.nz/public/join/asb/?grcDisabled=true
-> done: CommonSteps.GivenIStartMyStreamlineApplication() (0.6s)
And I am in the Introduction page
12/6/2017 4:50:35 AMWaitForFeaturesPageLoad: Executing WaitForFrameAndSwitch
12/6/2017 4:50:36 AMWaitForFeaturesPageLoad: Done executing WaitForFrameAndSwitch
-> done: IntroductionPageSteps.GivenIAmInTheIntroductionPage() (2.7s)
When I store data layer values
-> done: CommonSteps.WhenIStoreDataLayerValues() (0.0s)
And I change my selected products to 'Streamline intro,ASB Visa Debit Streamline Intro'
12/6/2017 4:50:47 AMWaitForFeaturesPageLoad: Executing WaitForFrameAndSwitch
12/6/2017 4:50:47 AMWaitForFeaturesPageLoad: Done executing WaitForFrameAndSwitch
Unable to find product 'FastSaver' in page or product 'FastSaver' is not selected
Unable to find product 'Savings On Call' in page or product 'Savings On Call' is not selected
Unable to find product 'Savings On Call' in page or product 'Savings On Call' is not selected
Unable to find product 'FastSaver' in page or product 'FastSaver' is not selected
-> done: ProductsPageSteps.WhenIChangeMySelectedProductsTo("Streamline intro,...") (15.0s)
And I store data layer values
-> done: CommonSteps.WhenIStoreDataLayerValues() (0.0s)
And I click on 'Next' button
-> done: CommonSteps.WhenIClickOnButton("Next") (0.2s)
And I store data layer values
-> done: CommonSteps.WhenIStoreDataLayerValues() (0.0s)
And I enter all required details in the Personal details page and clicks on Next button:
  --- table step argument ---
  | Title | FirstName  | MiddleName | LastName      | DateOfBirth | Email             | MobileNumber | CountriesCitizenship | PreferredIdType   |
  | Miss  | Automation | RANDOM     | FYICOBSiteCat | RANDOM      | cob2017@asb.co.nz | 021-RANDOM   | New Zealand          | Overseas Passport |
-> done: PersonalDetailsSteps.WhenIEnterAllRequiredDetailsForPersonalDetailsPage(<table>) (15.3s)
And I store data layer values
-> done: CommonSteps.WhenIStoreDataLayerValues() (0.0s)
And I enter mandatory Tax Information for NZ citizen and clicks on Next button
-> done: AdditionalPersonalDetailsSteps.GivenIEnterMandatoryTaxInformationForNZCitizen() (0.5s)
And I store data layer values
-> done: CommonSteps.WhenIStoreDataLayerValues() (0.0s)
And I enter 'Kiwi77nz' password and 'MyCode01' verbal password in the ASB Login page and clicks on Next button
-> done: ASBLoginPageSteps.WhenIEnterPasswordAndVerbalPasswordInTheASBLoginPageAndClicksOnNextButton("Kiwi77nz", "MyCode01") (1.0s)
And I store data layer values
-> done: CommonSteps.WhenIStoreDataLayerValues() (0.0s)
And I confirm details on the Summary page
UniqueId: 
Title: Miss
FirstName: Automation
MiddleName: COB-xdEJF
LastName: FYICOBSiteCat
Email: cob2017@asb.co.nz
Gender: 
DateOfBirth: 2/13/1970 12:00:00 AM
DateCreated: 
LastReviewDate: 
Cals: 
IsIndividual: 
NzCitizen: 
NzResidence: 
HighValueCustomer: 
StaffMember: 
AmlVerified: 
VipCustomer: 
Addresses: System.Collections.Generic.List`1[ASB.Selenium.DataModel.Customer.Address]
AddressInformation: ASB.Selenium.DataModel.Customer.AddressInformation
CompanyName: 
CompanyType: 
CompanySubType: 
CustomerTypeCode: 
IrdNumber: 
TaxClass: 
TaxClassDate: 
IsNzTaxResident: True
NonResidentCountryCode: 
IsForeignTaxResident: False
ForeignTaxResidencyStatus: 
IsProfileEnhanced: 
Phones: System.Collections.Generic.List`1[ASB.Selenium.DataModel.Customer.Phone]
NextOfKin: 
EmploymentDetails: 
LinkedCustomers: 
AccountRelationships: 
IdType: 
Fatca: ASB.Selenium.DataModel.Customer.Fatca
CitizenshipCountryCodes: 
CitizenshipCountryNames: System.Collections.Generic.List`1[System.String]
ForeignTaxResidenceTypes: System.Collections.Generic.List`1[ASB.Selenium.DataModel.Customer.ForeignTaxResidenceTypes]
OnboardingDetail: ASB.Selenium.DataModel.Customer.OnboardingDetail
AddressVerificationStatus: 
IdVerificationStatus: 
PreferredIdType: Overseas Passport
IsProfileComplete: 
DaysRemaining: 0
OnboardingStatus: 
NewAccounts: System.Collections.Generic.List`1[ASB.Selenium.DataModel.Customer.Accounts]
FailedAccounts: System.Collections.Generic.List`1[ASB.Selenium.DataModel.Customer.Accounts]
OnboardingSource: JoinASB
CustomerCreated: 
LoginCreated: 
RegisteredForNetcode: 
AccountsCreated: 
CustomerAccessToken: 
VerificationPassword: MyCode01
LoginDetail: ASB.Selenium.DataModel.Customer.Login
CustomerType: 
Cif: 
Username: afyi73053
UsernameApi: 
Password: Kiwi77nz
PublicKey: 
AcceptedTermsAndConditions: 
BackgroundCheckConsent: 
PreferredIdType: 
-> done: SummaryPageSteps.WhenIConfirmDetailsOnTheSummaryPage() (2.8s)
Then the Logging you in progress page is displayed
-> done: ConfirmationPageSteps.ThenTheLoggingYouInProgressPageIsDisplayed() (16.1s)
And data layer values are correct
-> done: CommonSteps.ThenDataLayerValuesAreCorrect() (0.0s)
]]></output>
                </test-case>
                <test-case id="0-1270" name="DATALAYER_03_ConfirmationPage_StreamlineVisaDebitAndSavingsOnCall" fullname="Join.Form.Customer.Selenium.Features._12_DataLayerFeature.DATALAYER_03_ConfirmationPage_StreamlineVisaDebitAndSavingsOnCall" methodname="DATALAYER_03_ConfirmationPage_StreamlineVisaDebitAndSavingsOnCall" classname="Join.Form.Customer.Selenium.Features._12_DataLayerFeature" runstate="Runnable" seed="150295611" result="Passed" start-time="2017-12-05 15:51:30Z" end-time="2017-12-05 15:52:32Z" duration="61.661659" asserts="168">
                  <properties>
                    <property name="Description" value="DATALAYER_03 - Confirmation page - Streamline, Visa Debit and Savings On Call" />
                    <property name="Category" value="datalayer" />
                    <property name="Category" value="122017" />
                    <property name="Category" value="integration" />
                    <property name="Category" value="regression" />
                  </properties>
                  <output><![CDATA[Given I start my Streamline application
Navigating to URL: https://webappisamdev.asbbank.co.nz/public/join/asb/?grcDisabled=true
-> done: CommonSteps.GivenIStartMyStreamlineApplication() (0.7s)
And I am in the Introduction page
12/6/2017 4:51:32 AMWaitForFeaturesPageLoad: Executing WaitForFrameAndSwitch
12/6/2017 4:51:33 AMWaitForFeaturesPageLoad: Done executing WaitForFrameAndSwitch
-> done: IntroductionPageSteps.GivenIAmInTheIntroductionPage() (2.5s)
When I store data layer values
-> done: CommonSteps.WhenIStoreDataLayerValues() (0.0s)
And I change my selected products to 'Streamline intro,ASB Visa Debit Streamline Intro,Savings On Call'
12/6/2017 4:51:44 AMWaitForFeaturesPageLoad: Executing WaitForFrameAndSwitch
12/6/2017 4:51:44 AMWaitForFeaturesPageLoad: Done executing WaitForFrameAndSwitch
Unable to find product 'Savings On Call' in page or product 'Savings On Call' is not selected
Unable to find product 'FastSaver' in page or product 'FastSaver' is not selected
Unable to find product 'FastSaver' in page or product 'FastSaver' is not selected
-> done: ProductsPageSteps.WhenIChangeMySelectedProductsTo("Streamline intro,...") (16.8s)
And I store data layer values
-> done: CommonSteps.WhenIStoreDataLayerValues() (0.0s)
And I click on 'Next' button
-> done: CommonSteps.WhenIClickOnButton("Next") (0.2s)
And I store data layer values
-> done: CommonSteps.WhenIStoreDataLayerValues() (0.0s)
And I enter all required details in the Personal details page and clicks on Next button:
  --- table step argument ---
  | Title | FirstName  | MiddleName | LastName      | DateOfBirth | Email             | MobileNumber | CountriesCitizenship | PreferredIdType     |
  | Miss  | Automation | RANDOM     | FYICOBSiteCat | RANDOM      | cob2017@asb.co.nz | 021-RANDOM   | New Zealand          | Australian Passport |
-> done: PersonalDetailsSteps.WhenIEnterAllRequiredDetailsForPersonalDetailsPage(<table>) (16.9s)
And I store data layer values
-> done: CommonSteps.WhenIStoreDataLayerValues() (0.0s)
And I enter mandatory Tax Information for NZ citizen and clicks on Next button
-> done: AdditionalPersonalDetailsSteps.GivenIEnterMandatoryTaxInformationForNZCitizen() (0.5s)
And I store data layer values
-> done: CommonSteps.WhenIStoreDataLayerValues() (0.0s)
And I enter 'Kiwi77nz' password and 'MyCode01' verbal password in the ASB Login page and clicks on Next button
-> done: ASBLoginPageSteps.WhenIEnterPasswordAndVerbalPasswordInTheASBLoginPageAndClicksOnNextButton("Kiwi77nz", "MyCode01") (1.1s)
And I store data layer values
-> done: CommonSteps.WhenIStoreDataLayerValues() (0.0s)
And I confirm details on the Summary page
UniqueId: 
Title: Miss
FirstName: Automation
MiddleName: COB-UwbBd
LastName: FYICOBSiteCat
Email: cob2017@asb.co.nz
Gender: 
DateOfBirth: 12/7/1943 12:00:00 AM
DateCreated: 
LastReviewDate: 
Cals: 
IsIndividual: 
NzCitizen: 
NzResidence: 
HighValueCustomer: 
StaffMember: 
AmlVerified: 
VipCustomer: 
Addresses: System.Collections.Generic.List`1[ASB.Selenium.DataModel.Customer.Address]
AddressInformation: ASB.Selenium.DataModel.Customer.AddressInformation
CompanyName: 
CompanyType: 
CompanySubType: 
CustomerTypeCode: 
IrdNumber: 
TaxClass: 
TaxClassDate: 
IsNzTaxResident: True
NonResidentCountryCode: 
IsForeignTaxResident: False
ForeignTaxResidencyStatus: 
IsProfileEnhanced: 
Phones: System.Collections.Generic.List`1[ASB.Selenium.DataModel.Customer.Phone]
NextOfKin: 
EmploymentDetails: 
LinkedCustomers: 
AccountRelationships: 
IdType: 
Fatca: ASB.Selenium.DataModel.Customer.Fatca
CitizenshipCountryCodes: 
CitizenshipCountryNames: System.Collections.Generic.List`1[System.String]
ForeignTaxResidenceTypes: System.Collections.Generic.List`1[ASB.Selenium.DataModel.Customer.ForeignTaxResidenceTypes]
OnboardingDetail: ASB.Selenium.DataModel.Customer.OnboardingDetail
AddressVerificationStatus: 
IdVerificationStatus: 
PreferredIdType: Australian Passport
IsProfileComplete: 
DaysRemaining: 0
OnboardingStatus: 
NewAccounts: System.Collections.Generic.List`1[ASB.Selenium.DataModel.Customer.Accounts]
FailedAccounts: System.Collections.Generic.List`1[ASB.Selenium.DataModel.Customer.Accounts]
OnboardingSource: JoinASB
CustomerCreated: 
LoginCreated: 
RegisteredForNetcode: 
AccountsCreated: 
CustomerAccessToken: 
VerificationPassword: MyCode01
LoginDetail: ASB.Selenium.DataModel.Customer.Login
CustomerType: 
Cif: 
Username: afyi73219
UsernameApi: 
Password: Kiwi77nz
PublicKey: 
AcceptedTermsAndConditions: 
BackgroundCheckConsent: 
PreferredIdType: 
-> done: SummaryPageSteps.WhenIConfirmDetailsOnTheSummaryPage() (2.8s)
Then the Logging you in progress page is displayed
-> done: ConfirmationPageSteps.ThenTheLoggingYouInProgressPageIsDisplayed() (17.3s)
And data layer values are correct
-> done: CommonSteps.ThenDataLayerValuesAreCorrect() (0.0s)
]]></output>
                </test-case>
                <test-case id="0-1271" name="DATALAYER_04_ConfirmationPage_AllProducts" fullname="Join.Form.Customer.Selenium.Features._12_DataLayerFeature.DATALAYER_04_ConfirmationPage_AllProducts" methodname="DATALAYER_04_ConfirmationPage_AllProducts" classname="Join.Form.Customer.Selenium.Features._12_DataLayerFeature" runstate="Runnable" seed="1899967753" result="Passed" start-time="2017-12-05 15:52:32Z" end-time="2017-12-05 15:53:33Z" duration="60.713589" asserts="168">
                  <properties>
                    <property name="Description" value="DATALAYER_04 - Confirmation page - All Products" />
                    <property name="Category" value="datalayer" />
                    <property name="Category" value="122017" />
                    <property name="Category" value="integration" />
                    <property name="Category" value="regression" />
                  </properties>
                  <output><![CDATA[Given I start my Streamline application
Navigating to URL: https://webappisamdev.asbbank.co.nz/public/join/asb/?grcDisabled=true
-> done: CommonSteps.GivenIStartMyStreamlineApplication() (0.6s)
And I am in the Introduction page
12/6/2017 4:52:34 AMWaitForFeaturesPageLoad: Executing WaitForFrameAndSwitch
12/6/2017 4:52:35 AMWaitForFeaturesPageLoad: Done executing WaitForFrameAndSwitch
-> done: IntroductionPageSteps.GivenIAmInTheIntroductionPage() (2.3s)
When I store data layer values
-> done: CommonSteps.WhenIStoreDataLayerValues() (0.0s)
And I change my selected products to 'Streamline intro,ASB Visa Debit Streamline Intro,Savings On Call,FastSaver'
12/6/2017 4:52:46 AMWaitForFeaturesPageLoad: Executing WaitForFrameAndSwitch
12/6/2017 4:52:46 AMWaitForFeaturesPageLoad: Done executing WaitForFrameAndSwitch
Unable to find product 'Savings On Call' in page or product 'Savings On Call' is not selected
Unable to find product 'FastSaver' in page or product 'FastSaver' is not selected
-> done: ProductsPageSteps.WhenIChangeMySelectedProductsTo("Streamline intro,...") (18.9s)
And I store data layer values
-> done: CommonSteps.WhenIStoreDataLayerValues() (0.0s)
And I click on 'Next' button
-> done: CommonSteps.WhenIClickOnButton("Next") (0.2s)
And I store data layer values
-> done: CommonSteps.WhenIStoreDataLayerValues() (0.0s)
And I enter all required details in the Personal details page and clicks on Next button:
  --- table step argument ---
  | Title | FirstName  | MiddleName | LastName      | DateOfBirth | Email             | MobileNumber | CountriesCitizenship | PreferredIdType              |
  | Miss  | Automation | RANDOM     | FYICOBSiteCat | RANDOM      | cob2017@asb.co.nz | 021-RANDOM   | New Zealand          | New Zealand Driver's Licence |
-> done: PersonalDetailsSteps.WhenIEnterAllRequiredDetailsForPersonalDetailsPage(<table>) (14.7s)
And I store data layer values
-> done: CommonSteps.WhenIStoreDataLayerValues() (0.0s)
And I enter mandatory Tax Information for NZ citizen and clicks on Next button
-> done: AdditionalPersonalDetailsSteps.GivenIEnterMandatoryTaxInformationForNZCitizen() (0.5s)
And I store data layer values
-> done: CommonSteps.WhenIStoreDataLayerValues() (0.0s)
And I enter 'Kiwi77nz' password and 'MyCode01' verbal password in the ASB Login page and clicks on Next button
-> done: ASBLoginPageSteps.WhenIEnterPasswordAndVerbalPasswordInTheASBLoginPageAndClicksOnNextButton("Kiwi77nz", "MyCode01") (1.0s)
And I store data layer values
-> done: CommonSteps.WhenIStoreDataLayerValues() (0.0s)
And I confirm details on the Summary page
UniqueId: 
Title: Miss
FirstName: Automation
MiddleName: COB-AfRIk
LastName: FYICOBSiteCat
Email: cob2017@asb.co.nz
Gender: 
DateOfBirth: 12/7/1990 12:00:00 AM
DateCreated: 
LastReviewDate: 
Cals: 
IsIndividual: 
NzCitizen: 
NzResidence: 
HighValueCustomer: 
StaffMember: 
AmlVerified: 
VipCustomer: 
Addresses: System.Collections.Generic.List`1[ASB.Selenium.DataModel.Customer.Address]
AddressInformation: ASB.Selenium.DataModel.Customer.AddressInformation
CompanyName: 
CompanyType: 
CompanySubType: 
CustomerTypeCode: 
IrdNumber: 
TaxClass: 
TaxClassDate: 
IsNzTaxResident: True
NonResidentCountryCode: 
IsForeignTaxResident: False
ForeignTaxResidencyStatus: 
IsProfileEnhanced: 
Phones: System.Collections.Generic.List`1[ASB.Selenium.DataModel.Customer.Phone]
NextOfKin: 
EmploymentDetails: 
LinkedCustomers: 
AccountRelationships: 
IdType: 
Fatca: ASB.Selenium.DataModel.Customer.Fatca
CitizenshipCountryCodes: 
CitizenshipCountryNames: System.Collections.Generic.List`1[System.String]
ForeignTaxResidenceTypes: System.Collections.Generic.List`1[ASB.Selenium.DataModel.Customer.ForeignTaxResidenceTypes]
OnboardingDetail: ASB.Selenium.DataModel.Customer.OnboardingDetail
AddressVerificationStatus: 
IdVerificationStatus: 
PreferredIdType: New Zealand Driver's Licence
IsProfileComplete: 
DaysRemaining: 0
OnboardingStatus: 
NewAccounts: System.Collections.Generic.List`1[ASB.Selenium.DataModel.Customer.Accounts]
FailedAccounts: System.Collections.Generic.List`1[ASB.Selenium.DataModel.Customer.Accounts]
OnboardingSource: JoinASB
CustomerCreated: 
LoginCreated: 
RegisteredForNetcode: 
AccountsCreated: 
CustomerAccessToken: 
VerificationPassword: MyCode01
LoginDetail: ASB.Selenium.DataModel.Customer.Login
CustomerType: 
Cif: 
Username: afyi22486
UsernameApi: 
Password: Kiwi77nz
PublicKey: 
AcceptedTermsAndConditions: 
BackgroundCheckConsent: 
PreferredIdType: 
-> done: SummaryPageSteps.WhenIConfirmDetailsOnTheSummaryPage() (2.9s)
Then the Logging you in progress page is displayed
-> done: ConfirmationPageSteps.ThenTheLoggingYouInProgressPageIsDisplayed() (16.7s)
And data layer values are correct
-> done: CommonSteps.ThenDataLayerValuesAreCorrect() (0.0s)
]]></output>
                </test-case>
                <test-case id="0-1272" name="DATALAYER_05_ConfirmationPage_AllProductsExceptVisaDebit" fullname="Join.Form.Customer.Selenium.Features._12_DataLayerFeature.DATALAYER_05_ConfirmationPage_AllProductsExceptVisaDebit" methodname="DATALAYER_05_ConfirmationPage_AllProductsExceptVisaDebit" classname="Join.Form.Customer.Selenium.Features._12_DataLayerFeature" runstate="Runnable" seed="131606057" result="Passed" start-time="2017-12-05 15:53:33Z" end-time="2017-12-05 15:54:34Z" duration="61.471190" asserts="168">
                  <properties>
                    <property name="Description" value="DATALAYER_05 - Confirmation page - All Products except Visa Debit" />
                    <property name="Category" value="datalayer" />
                    <property name="Category" value="122017" />
                    <property name="Category" value="integration" />
                    <property name="Category" value="regression" />
                  </properties>
                  <output><![CDATA[Given I start my Streamline application
Navigating to URL: https://webappisamdev.asbbank.co.nz/public/join/asb/?grcDisabled=true
-> done: CommonSteps.GivenIStartMyStreamlineApplication() (1.1s)
And I am in the Introduction page
12/6/2017 4:53:35 AMWaitForFeaturesPageLoad: Executing WaitForFrameAndSwitch
12/6/2017 4:53:36 AMWaitForFeaturesPageLoad: Done executing WaitForFrameAndSwitch
-> done: IntroductionPageSteps.GivenIAmInTheIntroductionPage() (2.2s)
When I store data layer values
-> done: CommonSteps.WhenIStoreDataLayerValues() (0.0s)
And I change my selected products to 'Streamline intro,Savings On Call,FastSaver'
12/6/2017 4:53:47 AMWaitForFeaturesPageLoad: Executing WaitForFrameAndSwitch
12/6/2017 4:53:47 AMWaitForFeaturesPageLoad: Done executing WaitForFrameAndSwitch
Unable to find product 'Savings On Call' in page or product 'Savings On Call' is not selected
Unable to find product 'FastSaver' in page or product 'FastSaver' is not selected
Unable to find product 'ASB Visa Debit Streamline Intro' in page or product 'ASB Visa Debit Streamline Intro' is not selected
-> done: ProductsPageSteps.WhenIChangeMySelectedProductsTo("Streamline intro,...") (19.9s)
And I store data layer values
-> done: CommonSteps.WhenIStoreDataLayerValues() (0.0s)
And I click on 'Next' button
-> done: CommonSteps.WhenIClickOnButton("Next") (0.2s)
And I store data layer values
-> done: CommonSteps.WhenIStoreDataLayerValues() (0.0s)
And I enter all required details in the Personal details page and clicks on Next button:
  --- table step argument ---
  | Title | FirstName  | MiddleName | LastName      | DateOfBirth | Email             | MobileNumber | CountriesCitizenship | PreferredIdType              |
  | Miss  | Automation | RANDOM     | FYICOBSiteCat | RANDOM      | cob2017@asb.co.nz | 021-RANDOM   | New Zealand          | New Zealand Driver's Licence |
-> done: PersonalDetailsSteps.WhenIEnterAllRequiredDetailsForPersonalDetailsPage(<table>) (17.2s)
And I store data layer values
-> done: CommonSteps.WhenIStoreDataLayerValues() (0.0s)
And I enter mandatory Tax Information for NZ citizen and clicks on Next button
-> done: AdditionalPersonalDetailsSteps.GivenIEnterMandatoryTaxInformationForNZCitizen() (0.5s)
And I store data layer values
-> done: CommonSteps.WhenIStoreDataLayerValues() (0.0s)
And I enter 'Kiwi77nz' password and 'MyCode01' verbal password in the ASB Login page and clicks on Next button
-> done: ASBLoginPageSteps.WhenIEnterPasswordAndVerbalPasswordInTheASBLoginPageAndClicksOnNextButton("Kiwi77nz", "MyCode01") (1.1s)
And I store data layer values
-> done: CommonSteps.WhenIStoreDataLayerValues() (0.0s)
And I confirm details on the Summary page
UniqueId: 
Title: Miss
FirstName: Automation
MiddleName: COB-glLKU
LastName: FYICOBSiteCat
Email: cob2017@asb.co.nz
Gender: 
DateOfBirth: 8/26/1937 12:00:00 AM
DateCreated: 
LastReviewDate: 
Cals: 
IsIndividual: 
NzCitizen: 
NzResidence: 
HighValueCustomer: 
StaffMember: 
AmlVerified: 
VipCustomer: 
Addresses: System.Collections.Generic.List`1[ASB.Selenium.DataModel.Customer.Address]
AddressInformation: ASB.Selenium.DataModel.Customer.AddressInformation
CompanyName: 
CompanyType: 
CompanySubType: 
CustomerTypeCode: 
IrdNumber: 
TaxClass: 
TaxClassDate: 
IsNzTaxResident: True
NonResidentCountryCode: 
IsForeignTaxResident: False
ForeignTaxResidencyStatus: 
IsProfileEnhanced: 
Phones: System.Collections.Generic.List`1[ASB.Selenium.DataModel.Customer.Phone]
NextOfKin: 
EmploymentDetails: 
LinkedCustomers: 
AccountRelationships: 
IdType: 
Fatca: ASB.Selenium.DataModel.Customer.Fatca
CitizenshipCountryCodes: 
CitizenshipCountryNames: System.Collections.Generic.List`1[System.String]
ForeignTaxResidenceTypes: System.Collections.Generic.List`1[ASB.Selenium.DataModel.Customer.ForeignTaxResidenceTypes]
OnboardingDetail: ASB.Selenium.DataModel.Customer.OnboardingDetail
AddressVerificationStatus: 
IdVerificationStatus: 
PreferredIdType: New Zealand Driver's Licence
IsProfileComplete: 
DaysRemaining: 0
OnboardingStatus: 
NewAccounts: System.Collections.Generic.List`1[ASB.Selenium.DataModel.Customer.Accounts]
FailedAccounts: System.Collections.Generic.List`1[ASB.Selenium.DataModel.Customer.Accounts]
OnboardingSource: JoinASB
CustomerCreated: 
LoginCreated: 
RegisteredForNetcode: 
AccountsCreated: 
CustomerAccessToken: 
VerificationPassword: MyCode01
LoginDetail: ASB.Selenium.DataModel.Customer.Login
CustomerType: 
Cif: 
Username: afyi66317
UsernameApi: 
Password: Kiwi77nz
PublicKey: 
AcceptedTermsAndConditions: 
BackgroundCheckConsent: 
PreferredIdType: 
-> done: SummaryPageSteps.WhenIConfirmDetailsOnTheSummaryPage() (2.9s)
Then the Logging you in progress page is displayed
-> done: ConfirmationPageSteps.ThenTheLoggingYouInProgressPageIsDisplayed() (13.5s)
And data layer values are correct
-> done: CommonSteps.ThenDataLayerValuesAreCorrect() (0.0s)
]]></output>
                </test-case>
                <test-case id="0-1273" name="DATALAYER_06_ConfirmationPage_BadCustomer" fullname="Join.Form.Customer.Selenium.Features._12_DataLayerFeature.DATALAYER_06_ConfirmationPage_BadCustomer" methodname="DATALAYER_06_ConfirmationPage_BadCustomer" classname="Join.Form.Customer.Selenium.Features._12_DataLayerFeature" runstate="Runnable" seed="533525112" result="Inconclusive" start-time="2017-12-05 15:54:34Z" end-time="2017-12-05 15:55:15Z" duration="40.579660" asserts="16">
                  <properties>
                    <property name="Description" value="DATALAYER_06 - Confirmation page - Bad Customer" />
                    <property name="Category" value="datalayer" />
                    <property name="Category" value="122017" />
                    <property name="Category" value="integration" />
                    <property name="Category" value="regression" />
                  </properties>
                  <reason>
                    <message><![CDATA[One or more step definitions are not implemented yet.
  CommonSteps.ThenDataLayerValuesAreCorrect()]]></message>
                  </reason>
                  <output><![CDATA[Given I start my Streamline application
Navigating to URL: https://webappisamdev.asbbank.co.nz/public/join/asb/?grcDisabled=true
-> done: CommonSteps.GivenIStartMyStreamlineApplication() (0.7s)
And I am in the Introduction page
12/6/2017 4:54:36 AMWaitForFeaturesPageLoad: Executing WaitForFrameAndSwitch
12/6/2017 4:54:37 AMWaitForFeaturesPageLoad: Done executing WaitForFrameAndSwitch
-> done: IntroductionPageSteps.GivenIAmInTheIntroductionPage() (3.3s)
When I store data layer values
-> done: CommonSteps.WhenIStoreDataLayerValues() (0.0s)
And I change my selected products to 'Streamline intro,ASB Visa Debit Streamline Intro'
12/6/2017 4:54:49 AMWaitForFeaturesPageLoad: Executing WaitForFrameAndSwitch
12/6/2017 4:54:49 AMWaitForFeaturesPageLoad: Done executing WaitForFrameAndSwitch
Unable to find product 'FastSaver' in page or product 'FastSaver' is not selected
Unable to find product 'Savings On Call' in page or product 'Savings On Call' is not selected
Unable to find product 'Savings On Call' in page or product 'Savings On Call' is not selected
Unable to find product 'FastSaver' in page or product 'FastSaver' is not selected
-> done: ProductsPageSteps.WhenIChangeMySelectedProductsTo("Streamline intro,...") (14.9s)
And I store data layer values
-> done: CommonSteps.WhenIStoreDataLayerValues() (0.0s)
And I click on 'Next' button
-> done: CommonSteps.WhenIClickOnButton("Next") (0.2s)
And I store data layer values
-> done: CommonSteps.WhenIStoreDataLayerValues() (0.0s)
And I enter all required details in the Personal details page and clicks on Next button:
  --- table step argument ---
  | Title | FirstName | MiddleName | LastName | DateOfBirth | Email                | MobileNumber | CountriesCitizenship | PreferredIdType      |
  | Mr    | Michael   | Sam        | Wayne    | 1 June 1983 | badcob2017@asb.co.nz | 021-RANDOM   | New Zealand          | New Zealand Passport |
-> done: PersonalDetailsSteps.WhenIEnterAllRequiredDetailsForPersonalDetailsPage(<table>) (11.3s)
And I store data layer values
-> done: CommonSteps.WhenIStoreDataLayerValues() (0.0s)
And I enter mandatory Tax Information for NZ citizen and clicks on Next button
-> done: AdditionalPersonalDetailsSteps.GivenIEnterMandatoryTaxInformationForNZCitizen() (0.6s)
And I store data layer values
-> done: CommonSteps.WhenIStoreDataLayerValues() (0.0s)
And I enter 'Kiwi77nz' password and 'MyCode01' verbal password in the ASB Login page and clicks on Next button
-> done: ASBLoginPageSteps.WhenIEnterPasswordAndVerbalPasswordInTheASBLoginPageAndClicksOnNextButton("Kiwi77nz", "MyCode01") (1.0s)
And I store data layer values
-> done: CommonSteps.WhenIStoreDataLayerValues() (0.0s)
And I confirm details on the Summary page
UniqueId: 
Title: Mr
FirstName: Michael
MiddleName: Sam
LastName: Wayne
Email: badcob2017@asb.co.nz
Gender: 
DateOfBirth: 6/1/1983 12:00:00 AM
DateCreated: 
LastReviewDate: 
Cals: 
IsIndividual: 
NzCitizen: 
NzResidence: 
HighValueCustomer: 
StaffMember: 
AmlVerified: 
VipCustomer: 
Addresses: System.Collections.Generic.List`1[ASB.Selenium.DataModel.Customer.Address]
AddressInformation: ASB.Selenium.DataModel.Customer.AddressInformation
CompanyName: 
CompanyType: 
CompanySubType: 
CustomerTypeCode: 
IrdNumber: 
TaxClass: 
TaxClassDate: 
IsNzTaxResident: True
NonResidentCountryCode: 
IsForeignTaxResident: False
ForeignTaxResidencyStatus: 
IsProfileEnhanced: 
Phones: System.Collections.Generic.List`1[ASB.Selenium.DataModel.Customer.Phone]
NextOfKin: 
EmploymentDetails: 
LinkedCustomers: 
AccountRelationships: 
IdType: 
Fatca: ASB.Selenium.DataModel.Customer.Fatca
CitizenshipCountryCodes: 
CitizenshipCountryNames: System.Collections.Generic.List`1[System.String]
ForeignTaxResidenceTypes: System.Collections.Generic.List`1[ASB.Selenium.DataModel.Customer.ForeignTaxResidenceTypes]
OnboardingDetail: ASB.Selenium.DataModel.Customer.OnboardingDetail
AddressVerificationStatus: 
IdVerificationStatus: 
PreferredIdType: New Zealand Passport
IsProfileComplete: 
DaysRemaining: 0
OnboardingStatus: 
NewAccounts: System.Collections.Generic.List`1[ASB.Selenium.DataModel.Customer.Accounts]
FailedAccounts: System.Collections.Generic.List`1[ASB.Selenium.DataModel.Customer.Accounts]
OnboardingSource: JoinASB
CustomerCreated: 
LoginCreated: 
RegisteredForNetcode: 
AccountsCreated: 
CustomerAccessToken: 
VerificationPassword: MyCode01
LoginDetail: ASB.Selenium.DataModel.Customer.Login
CustomerType: 
Cif: 
Username: mway46450
UsernameApi: 
Password: Kiwi77nz
PublicKey: 
AcceptedTermsAndConditions: 
BackgroundCheckConsent: 
PreferredIdType: 
-> done: SummaryPageSteps.WhenIConfirmDetailsOnTheSummaryPage() (2.8s)
Then the Confirmation page for duplicate 'bad' customer with open products is displayed
Unable to find FNC Login section!
-> done: ConfirmationPageSteps.ThenTheConfirmationPageForCustomerIsDisplayed("bad") (2.8s)
When I store data layer values
-> done: CommonSteps.WhenIStoreDataLayerValues() (0.0s)
Then data layer values are correct
-> pending: CommonSteps.ThenDataLayerValuesAreCorrect()
]]></output>
                </test-case>
                <test-case id="0-1274" name="DATALAYER_07_ConfirmationPage_ExistingCustomerCheck" fullname="Join.Form.Customer.Selenium.Features._12_DataLayerFeature.DATALAYER_07_ConfirmationPage_ExistingCustomerCheck" methodname="DATALAYER_07_ConfirmationPage_ExistingCustomerCheck" classname="Join.Form.Customer.Selenium.Features._12_DataLayerFeature" runstate="Runnable" seed="350291694" result="Inconclusive" start-time="2017-12-05 15:55:15Z" end-time="2017-12-05 15:55:56Z" duration="41.554215" asserts="16">
                  <properties>
                    <property name="Description" value="DATALAYER_07 - Confirmation page - Existing Customer check" />
                    <property name="Category" value="datalayer" />
                    <property name="Category" value="122017" />
                    <property name="Category" value="integration" />
                    <property name="Category" value="regression" />
                  </properties>
                  <reason>
                    <message><![CDATA[One or more step definitions are not implemented yet.
  CommonSteps.ThenDataLayerValuesAreCorrect()]]></message>
                  </reason>
                  <output><![CDATA[Given I start my Streamline application
Navigating to URL: https://webappisamdev.asbbank.co.nz/public/join/asb/?grcDisabled=true
-> done: CommonSteps.GivenIStartMyStreamlineApplication() (0.6s)
And I am in the Introduction page
12/6/2017 4:55:16 AMWaitForFeaturesPageLoad: Executing WaitForFrameAndSwitch
12/6/2017 4:55:17 AMWaitForFeaturesPageLoad: Done executing WaitForFrameAndSwitch
-> done: IntroductionPageSteps.GivenIAmInTheIntroductionPage() (2.3s)
When I store data layer values
-> done: CommonSteps.WhenIStoreDataLayerValues() (0.0s)
And I change my selected products to 'Streamline intro,ASB Visa Debit Streamline Intro,Savings On Call,FastSaver'
12/6/2017 4:55:29 AMWaitForFeaturesPageLoad: Executing WaitForFrameAndSwitch
12/6/2017 4:55:29 AMWaitForFeaturesPageLoad: Done executing WaitForFrameAndSwitch
Unable to find product 'Savings On Call' in page or product 'Savings On Call' is not selected
Unable to find product 'FastSaver' in page or product 'FastSaver' is not selected
-> done: ProductsPageSteps.WhenIChangeMySelectedProductsTo("Streamline intro,...") (18.9s)
And I store data layer values
-> done: CommonSteps.WhenIStoreDataLayerValues() (0.0s)
And I click on 'Next' button
-> done: CommonSteps.WhenIClickOnButton("Next") (0.1s)
And I store data layer values
-> done: CommonSteps.WhenIStoreDataLayerValues() (0.0s)
And I enter all required details in the Personal details page and clicks on Next button:
  --- table step argument ---
  | Title | FirstName | MiddleName | LastName | DateOfBirth    | Email             | MobileNumber | CountriesCitizenship | PreferredIdType |
  | Miss  | Butcher   | Close      | Wolf     | 1 January 1980 | cob2017@asb.co.nz | 021-RANDOM   | New Zealand          | Other           |
-> done: PersonalDetailsSteps.WhenIEnterAllRequiredDetailsForPersonalDetailsPage(<table>) (11.1s)
And I store data layer values
-> done: CommonSteps.WhenIStoreDataLayerValues() (0.0s)
And I enter mandatory Tax Information for NZ citizen and clicks on Next button
-> done: AdditionalPersonalDetailsSteps.GivenIEnterMandatoryTaxInformationForNZCitizen() (0.5s)
And I store data layer values
-> done: CommonSteps.WhenIStoreDataLayerValues() (0.0s)
And I enter 'Kiwi77nz' password and 'MyCode01' verbal password in the ASB Login page and clicks on Next button
-> done: ASBLoginPageSteps.WhenIEnterPasswordAndVerbalPasswordInTheASBLoginPageAndClicksOnNextButton("Kiwi77nz", "MyCode01") (1.0s)
And I store data layer values
-> done: CommonSteps.WhenIStoreDataLayerValues() (0.0s)
And I confirm details on the Summary page
UniqueId: 
Title: Miss
FirstName: Butcher
MiddleName: Close
LastName: Wolf
Email: cob2017@asb.co.nz
Gender: 
DateOfBirth: 1/1/1980 12:00:00 AM
DateCreated: 
LastReviewDate: 
Cals: 
IsIndividual: 
NzCitizen: 
NzResidence: 
HighValueCustomer: 
StaffMember: 
AmlVerified: 
VipCustomer: 
Addresses: System.Collections.Generic.List`1[ASB.Selenium.DataModel.Customer.Address]
AddressInformation: ASB.Selenium.DataModel.Customer.AddressInformation
CompanyName: 
CompanyType: 
CompanySubType: 
CustomerTypeCode: 
IrdNumber: 
TaxClass: 
TaxClassDate: 
IsNzTaxResident: True
NonResidentCountryCode: 
IsForeignTaxResident: False
ForeignTaxResidencyStatus: 
IsProfileEnhanced: 
Phones: System.Collections.Generic.List`1[ASB.Selenium.DataModel.Customer.Phone]
NextOfKin: 
EmploymentDetails: 
LinkedCustomers: 
AccountRelationships: 
IdType: 
Fatca: ASB.Selenium.DataModel.Customer.Fatca
CitizenshipCountryCodes: 
CitizenshipCountryNames: System.Collections.Generic.List`1[System.String]
ForeignTaxResidenceTypes: System.Collections.Generic.List`1[ASB.Selenium.DataModel.Customer.ForeignTaxResidenceTypes]
OnboardingDetail: ASB.Selenium.DataModel.Customer.OnboardingDetail
AddressVerificationStatus: 
IdVerificationStatus: 
PreferredIdType: Other
IsProfileComplete: 
DaysRemaining: 0
OnboardingStatus: 
NewAccounts: System.Collections.Generic.List`1[ASB.Selenium.DataModel.Customer.Accounts]
FailedAccounts: System.Collections.Generic.List`1[ASB.Selenium.DataModel.Customer.Accounts]
OnboardingSource: JoinASB
CustomerCreated: 
LoginCreated: 
RegisteredForNetcode: 
AccountsCreated: 
CustomerAccessToken: 
VerificationPassword: MyCode01
LoginDetail: ASB.Selenium.DataModel.Customer.Login
CustomerType: 
Cif: 
Username: bwol20697
UsernameApi: 
Password: Kiwi77nz
PublicKey: 
AcceptedTermsAndConditions: 
BackgroundCheckConsent: 
PreferredIdType: 
-> done: SummaryPageSteps.WhenIConfirmDetailsOnTheSummaryPage() (2.9s)
Then the Confirmation page for duplicate 'good' customer with open products is displayed
-> done: ConfirmationPageSteps.ThenTheConfirmationPageForCustomerIsDisplayed("good") (1.1s)
When I store data layer values
-> done: CommonSteps.WhenIStoreDataLayerValues() (0.0s)
Then data layer values are correct
-> pending: CommonSteps.ThenDataLayerValuesAreCorrect()
]]></output>
                </test-case>
                <test-case id="0-1279" name="DATALAYER_12_CleverKash" fullname="Join.Form.Customer.Selenium.Features._12_DataLayerFeature.DATALAYER_12_CleverKash" methodname="DATALAYER_12_CleverKash" classname="Join.Form.Customer.Selenium.Features._12_DataLayerFeature" runstate="Runnable" seed="1638191063" result="Passed" start-time="2017-12-05 15:55:56Z" end-time="2017-12-05 15:56:54Z" duration="57.531524" asserts="167">
                  <properties>
                    <property name="Description" value="DATALAYER_12 - Clever Kash" />
                    <property name="Category" value="datalayer" />
                    <property name="Category" value="122017" />
                    <property name="Category" value="integration" />
                    <property name="Category" value="regression" />
                  </properties>
                  <output><![CDATA[Given I start my Streamline application
Navigating to URL: https://webappisamdev.asbbank.co.nz/public/join/asb/?grcDisabled=true
-> done: CommonSteps.GivenIStartMyStreamlineApplication() (0.6s)
And I am in the Clever Kash Introduction page
Navigating to URL: https://webappisamdev.asbbank.co.nz/public/join/cleverkash/?grcDisabled=true
-> done: CommonSteps.GivenIAmInTheCleverKashIntroductionPage() (0.4s)
When I store data layer values
-> done: CommonSteps.WhenIStoreDataLayerValues() (2.1s)
And I change my selected products to 'Streamline intro,ASB Visa Debit Streamline Intro'
12/6/2017 4:56:10 AMWaitForFeaturesPageLoad: Executing WaitForFrameAndSwitch
12/6/2017 4:56:10 AMWaitForFeaturesPageLoad: Done executing WaitForFrameAndSwitch
Unable to find product 'FastSaver' in page or product 'FastSaver' is not selected
Unable to find product 'Savings On Call' in page or product 'Savings On Call' is not selected
Unable to find product 'Savings On Call' in page or product 'Savings On Call' is not selected
Unable to find product 'FastSaver' in page or product 'FastSaver' is not selected
-> done: ProductsPageSteps.WhenIChangeMySelectedProductsTo("Streamline intro,...") (14.9s)
And I store data layer values
-> done: CommonSteps.WhenIStoreDataLayerValues() (0.0s)
And I click on 'Next' button
-> done: CommonSteps.WhenIClickOnButton("Next") (0.2s)
And I store data layer values
-> done: CommonSteps.WhenIStoreDataLayerValues() (0.0s)
And I enter all required details in the Personal details page and clicks on Next button:
  --- table step argument ---
  | Title | FirstName  | MiddleName | LastName      | DateOfBirth | Email             | MobileNumber | CountriesCitizenship | PreferredIdType |
  | Miss  | Automation | RANDOM     | FYICOBSiteCat | RANDOM      | cob2017@asb.co.nz | 021-RANDOM   | New Zealand          | Other           |
-> done: PersonalDetailsSteps.WhenIEnterAllRequiredDetailsForPersonalDetailsPage(<table>) (14.7s)
And I store data layer values
-> done: CommonSteps.WhenIStoreDataLayerValues() (0.0s)
And I enter mandatory Tax Information for NZ citizen and clicks on Next button
-> done: AdditionalPersonalDetailsSteps.GivenIEnterMandatoryTaxInformationForNZCitizen() (0.5s)
And I store data layer values
-> done: CommonSteps.WhenIStoreDataLayerValues() (0.0s)
And I enter 'Kiwi77nz' password and 'MyCode01' verbal password in the ASB Login page and clicks on Next button
-> done: ASBLoginPageSteps.WhenIEnterPasswordAndVerbalPasswordInTheASBLoginPageAndClicksOnNextButton("Kiwi77nz", "MyCode01") (1.0s)
And I store data layer values
-> done: CommonSteps.WhenIStoreDataLayerValues() (0.0s)
And I confirm details on the Summary page
UniqueId: 
Title: Miss
FirstName: Automation
MiddleName: COB-COtZl
LastName: FYICOBSiteCat
Email: cob2017@asb.co.nz
Gender: 
DateOfBirth: 12/8/1984 12:00:00 AM
DateCreated: 
LastReviewDate: 
Cals: 
IsIndividual: 
NzCitizen: 
NzResidence: 
HighValueCustomer: 
StaffMember: 
AmlVerified: 
VipCustomer: 
Addresses: System.Collections.Generic.List`1[ASB.Selenium.DataModel.Customer.Address]
AddressInformation: ASB.Selenium.DataModel.Customer.AddressInformation
CompanyName: 
CompanyType: 
CompanySubType: 
CustomerTypeCode: 
IrdNumber: 
TaxClass: 
TaxClassDate: 
IsNzTaxResident: True
NonResidentCountryCode: 
IsForeignTaxResident: False
ForeignTaxResidencyStatus: 
IsProfileEnhanced: 
Phones: System.Collections.Generic.List`1[ASB.Selenium.DataModel.Customer.Phone]
NextOfKin: 
EmploymentDetails: 
LinkedCustomers: 
AccountRelationships: 
IdType: 
Fatca: ASB.Selenium.DataModel.Customer.Fatca
CitizenshipCountryCodes: 
CitizenshipCountryNames: System.Collections.Generic.List`1[System.String]
ForeignTaxResidenceTypes: System.Collections.Generic.List`1[ASB.Selenium.DataModel.Customer.ForeignTaxResidenceTypes]
OnboardingDetail: ASB.Selenium.DataModel.Customer.OnboardingDetail
AddressVerificationStatus: 
IdVerificationStatus: 
PreferredIdType: Other
IsProfileComplete: 
DaysRemaining: 0
OnboardingStatus: 
NewAccounts: System.Collections.Generic.List`1[ASB.Selenium.DataModel.Customer.Accounts]
FailedAccounts: System.Collections.Generic.List`1[ASB.Selenium.DataModel.Customer.Accounts]
OnboardingSource: CleverKash
CustomerCreated: 
LoginCreated: 
RegisteredForNetcode: 
AccountsCreated: 
CustomerAccessToken: 
VerificationPassword: MyCode01
LoginDetail: ASB.Selenium.DataModel.Customer.Login
CustomerType: 
Cif: 
Username: afyi25077
UsernameApi: 
Password: Kiwi77nz
PublicKey: 
AcceptedTermsAndConditions: 
BackgroundCheckConsent: 
PreferredIdType: 
-> done: SummaryPageSteps.WhenIConfirmDetailsOnTheSummaryPage() (2.9s)
Then the Logging you in progress page is displayed
-> done: ConfirmationPageSteps.ThenTheLoggingYouInProgressPageIsDisplayed() (17.3s)
And data layer values are correct
-> done: CommonSteps.ThenDataLayerValuesAreCorrect() (0.0s)
]]></output>
                </test-case>
                <test-suite type="ParameterizedMethod" id="0-1282" name="DATALAYER_13_TertiaryNZCitizen" fullname="Join.Form.Customer.Selenium.Features._12_DataLayerFeature.DATALAYER_13_TertiaryNZCitizen" classname="Join.Form.Customer.Selenium.Features._12_DataLayerFeature" runstate="Runnable" testcasecount="2" result="Passed" start-time="2017-12-05 15:56:54Z" end-time="2017-12-05 15:59:04Z" duration="130.416911" total="2" passed="2" failed="0" warnings="0" inconclusive="0" skipped="0" asserts="336">
                  <properties>
                    <property name="Description" value="DATALAYER_13 - Tertiary NZ Citizen" />
                    <property name="Category" value="datalayer" />
                    <property name="Category" value="122017" />
                    <property name="Category" value="integration" />
                    <property name="Category" value="regression" />
                  </properties>
                  <test-case id="0-1280" name="DATALAYER_13_TertiaryNZCitizen(&quot;Default Tertiary Products&quot;,&quot;Tertiary Cheque, ASB Visa Debit Tertiary&quot;,System.String[])" fullname="Join.Form.Customer.Selenium.Features._12_DataLayerFeature.DATALAYER_13_TertiaryNZCitizen(&quot;Default Tertiary Products&quot;,&quot;Tertiary Cheque, ASB Visa Debit Tertiary&quot;,System.String[])" methodname="DATALAYER_13_TertiaryNZCitizen" classname="Join.Form.Customer.Selenium.Features._12_DataLayerFeature" runstate="Runnable" seed="113780901" result="Passed" start-time="2017-12-05 15:56:54Z" end-time="2017-12-05 15:57:53Z" duration="58.604903" asserts="168">
                    <properties />
                    <output><![CDATA[Given I start my Tertiary application
Navigating to URL: https://webappisamdev.asbbank.co.nz/public/join/tertiary/?grcDisabled=true
-> done: CommonSteps.GivenIStartMyTertiaryApplication() (0.6s)
And I am in the Introduction page
12/6/2017 4:56:55 AMWaitForFeaturesPageLoad: Executing WaitForFrameAndSwitch
12/6/2017 4:56:56 AMWaitForFeaturesPageLoad: Done executing WaitForFrameAndSwitch
-> done: IntroductionPageSteps.GivenIAmInTheIntroductionPage() (2.4s)
When I store data layer values
-> done: CommonSteps.WhenIStoreDataLayerValues() (0.0s)
And I change my selected products to 'Tertiary Cheque, ASB Visa Debit Tertiary'
12/6/2017 4:57:08 AMWaitForFeaturesPageLoad: Executing WaitForFrameAndSwitch
12/6/2017 4:57:08 AMWaitForFeaturesPageLoad: Done executing WaitForFrameAndSwitch
Unable to find product 'FastSaver' in page or product 'FastSaver' is not selected
Unable to find product 'Savings On Call' in page or product 'Savings On Call' is not selected
Unable to find product 'Tertiary Overdraft' in page or product 'Tertiary Overdraft' is not selected
Unable to find product 'ASB Visa Light Tertiary' in page or product 'ASB Visa Light Tertiary' is not selected
Unable to find product 'ASB Visa Light Tertiary' in page or product 'ASB Visa Light Tertiary' is not selected
Unable to find product 'Tertiary Overdraft' in page or product 'Tertiary Overdraft' is not selected
Unable to find product 'Savings On Call' in page or product 'Savings On Call' is not selected
Unable to find product 'FastSaver' in page or product 'FastSaver' is not selected
-> done: ProductsPageSteps.WhenIChangeMySelectedProductsTo("Tertiary Cheque, ...") (19.1s)
And I store data layer values
-> done: CommonSteps.WhenIStoreDataLayerValues() (0.0s)
And I click on 'Next' button
-> done: CommonSteps.WhenIClickOnButton("Next") (0.2s)
And I store data layer values
-> done: CommonSteps.WhenIStoreDataLayerValues() (0.0s)
And I enter all required details in the Personal details page and clicks on Next button:
  --- table step argument ---
  | Title | FirstName  | MiddleName | LastName      | DateOfBirth   | Email             | MobileNumber | CountriesCitizenship | PreferredIdType |
  | Miss  | Automation | RANDOM     | FYICOBSiteCat | 16 March 1978 | cob2017@asb.co.nz | 021-RANDOM   | New Zealand          | Other           |
-> done: PersonalDetailsSteps.WhenIEnterAllRequiredDetailsForPersonalDetailsPage(<table>) (11.2s)
And I store data layer values
-> done: CommonSteps.WhenIStoreDataLayerValues() (0.0s)
And I enter mandatory Tax Information for NZ citizen and clicks on Next button
-> done: AdditionalPersonalDetailsSteps.GivenIEnterMandatoryTaxInformationForNZCitizen() (0.5s)
And I store data layer values
-> done: CommonSteps.WhenIStoreDataLayerValues() (0.0s)
And I enter 'Kiwi77nz' password and 'MyCode01' verbal password in the ASB Login page and clicks on Next button
-> done: ASBLoginPageSteps.WhenIEnterPasswordAndVerbalPasswordInTheASBLoginPageAndClicksOnNextButton("Kiwi77nz", "MyCode01") (1.0s)
And I store data layer values
-> done: CommonSteps.WhenIStoreDataLayerValues() (0.0s)
And I confirm details on the Summary page
UniqueId: 
Title: Miss
FirstName: Automation
MiddleName: COB-DDufg
LastName: FYICOBSiteCat
Email: cob2017@asb.co.nz
Gender: 
DateOfBirth: 3/16/1978 12:00:00 AM
DateCreated: 
LastReviewDate: 
Cals: 
IsIndividual: 
NzCitizen: True
NzResidence: 
HighValueCustomer: 
StaffMember: 
AmlVerified: 
VipCustomer: 
Addresses: System.Collections.Generic.List`1[ASB.Selenium.DataModel.Customer.Address]
AddressInformation: ASB.Selenium.DataModel.Customer.AddressInformation
CompanyName: 
CompanyType: 
CompanySubType: 
CustomerTypeCode: 
IrdNumber: 
TaxClass: 
TaxClassDate: 
IsNzTaxResident: True
NonResidentCountryCode: 
IsForeignTaxResident: False
ForeignTaxResidencyStatus: 
IsProfileEnhanced: 
Phones: System.Collections.Generic.List`1[ASB.Selenium.DataModel.Customer.Phone]
NextOfKin: 
EmploymentDetails: 
LinkedCustomers: 
AccountRelationships: 
IdType: 
Fatca: ASB.Selenium.DataModel.Customer.Fatca
CitizenshipCountryCodes: 
CitizenshipCountryNames: System.Collections.Generic.List`1[System.String]
ForeignTaxResidenceTypes: System.Collections.Generic.List`1[ASB.Selenium.DataModel.Customer.ForeignTaxResidenceTypes]
OnboardingDetail: ASB.Selenium.DataModel.Customer.OnboardingDetail
AddressVerificationStatus: 
IdVerificationStatus: 
PreferredIdType: Other
IsProfileComplete: 
DaysRemaining: 0
OnboardingStatus: 
NewAccounts: System.Collections.Generic.List`1[ASB.Selenium.DataModel.Customer.Accounts]
FailedAccounts: System.Collections.Generic.List`1[ASB.Selenium.DataModel.Customer.Accounts]
OnboardingSource: Tertiary
CustomerCreated: 
LoginCreated: 
RegisteredForNetcode: 
AccountsCreated: 
CustomerAccessToken: 
VerificationPassword: MyCode01
LoginDetail: ASB.Selenium.DataModel.Customer.Login
CustomerType: 
Cif: 
Username: afyi98320
UsernameApi: 
Password: Kiwi77nz
PublicKey: 
AcceptedTermsAndConditions: 
BackgroundCheckConsent: 
PreferredIdType: 
-> done: SummaryPageSteps.WhenIConfirmDetailsOnTheSummaryPage() (2.8s)
Then the Logging you in progress page is displayed
-> done: ConfirmationPageSteps.ThenTheLoggingYouInProgressPageIsDisplayed() (17.8s)
And data layer values are correct
-> done: CommonSteps.ThenDataLayerValuesAreCorrect() (0.0s)
]]></output>
                  </test-case>
                  <test-case id="0-1281" name="DATALAYER_13_TertiaryNZCitizen(&quot;All Tertiary Products&quot;,&quot;Tertiary Cheque, ASB Visa Debit Tertiary, Tertiary Overdraft, ASB Visa Light Tertiary,Savings On Call,FastSaver&quot;,System.String[])" fullname="Join.Form.Customer.Selenium.Features._12_DataLayerFeature.DATALAYER_13_TertiaryNZCitizen(&quot;All Tertiary Products&quot;,&quot;Tertiary Cheque, ASB Visa Debit Tertiary, Tertiary Overdraft, ASB Visa Light Tertiary,Savings On Call,FastSaver&quot;,System.String[])" methodname="DATALAYER_13_TertiaryNZCitizen" classname="Join.Form.Customer.Selenium.Features._12_DataLayerFeature" runstate="Runnable" seed="1762453950" result="Passed" start-time="2017-12-05 15:57:53Z" end-time="2017-12-05 15:59:04Z" duration="71.756813" asserts="168">
                    <properties />
                    <output><![CDATA[Given I start my Tertiary application
Navigating to URL: https://webappisamdev.asbbank.co.nz/public/join/tertiary/?grcDisabled=true
-> done: CommonSteps.GivenIStartMyTertiaryApplication() (0.6s)
And I am in the Introduction page
12/6/2017 4:57:54 AMWaitForFeaturesPageLoad: Executing WaitForFrameAndSwitch
12/6/2017 4:57:55 AMWaitForFeaturesPageLoad: Done executing WaitForFrameAndSwitch
-> done: IntroductionPageSteps.GivenIAmInTheIntroductionPage() (2.4s)
When I store data layer values
-> done: CommonSteps.WhenIStoreDataLayerValues() (0.0s)
And I change my selected products to 'Tertiary Cheque, ASB Visa Debit Tertiary, Tertiary Overdraft, ASB Visa Light Tertiary,Savings On Call,FastSaver'
12/6/2017 4:58:07 AMWaitForFeaturesPageLoad: Executing WaitForFrameAndSwitch
12/6/2017 4:58:07 AMWaitForFeaturesPageLoad: Done executing WaitForFrameAndSwitch
Unable to find product 'Tertiary Overdraft' in page or product 'Tertiary Overdraft' is not selected
Unable to find product 'ASB Visa Light Tertiary' in page or product 'ASB Visa Light Tertiary' is not selected
Unable to find product 'Savings On Call' in page or product 'Savings On Call' is not selected
Unable to find product 'FastSaver' in page or product 'FastSaver' is not selected
-> done: ProductsPageSteps.WhenIChangeMySelectedProductsTo("Tertiary Cheque, ...") (27.6s)
And I store data layer values
-> done: CommonSteps.WhenIStoreDataLayerValues() (0.0s)
And I click on 'Next' button
-> done: CommonSteps.WhenIClickOnButton("Next") (0.2s)
And I store data layer values
-> done: CommonSteps.WhenIStoreDataLayerValues() (0.0s)
And I enter all required details in the Personal details page and clicks on Next button:
  --- table step argument ---
  | Title | FirstName  | MiddleName | LastName      | DateOfBirth   | Email             | MobileNumber | CountriesCitizenship | PreferredIdType |
  | Miss  | Automation | RANDOM     | FYICOBSiteCat | 16 March 1978 | cob2017@asb.co.nz | 021-RANDOM   | New Zealand          | Other           |
-> done: PersonalDetailsSteps.WhenIEnterAllRequiredDetailsForPersonalDetailsPage(<table>) (17.1s)
And I store data layer values
-> done: CommonSteps.WhenIStoreDataLayerValues() (0.0s)
And I enter mandatory Tax Information for NZ citizen and clicks on Next button
-> done: AdditionalPersonalDetailsSteps.GivenIEnterMandatoryTaxInformationForNZCitizen() (0.5s)
And I store data layer values
-> done: CommonSteps.WhenIStoreDataLayerValues() (0.0s)
And I enter 'Kiwi77nz' password and 'MyCode01' verbal password in the ASB Login page and clicks on Next button
-> done: ASBLoginPageSteps.WhenIEnterPasswordAndVerbalPasswordInTheASBLoginPageAndClicksOnNextButton("Kiwi77nz", "MyCode01") (1.0s)
And I store data layer values
-> done: CommonSteps.WhenIStoreDataLayerValues() (0.0s)
And I confirm details on the Summary page
UniqueId: 
Title: Miss
FirstName: Automation
MiddleName: COB-IpymQ
LastName: FYICOBSiteCat
Email: cob2017@asb.co.nz
Gender: 
DateOfBirth: 3/16/1978 12:00:00 AM
DateCreated: 
LastReviewDate: 
Cals: 
IsIndividual: 
NzCitizen: True
NzResidence: 
HighValueCustomer: 
StaffMember: 
AmlVerified: 
VipCustomer: 
Addresses: System.Collections.Generic.List`1[ASB.Selenium.DataModel.Customer.Address]
AddressInformation: ASB.Selenium.DataModel.Customer.AddressInformation
CompanyName: 
CompanyType: 
CompanySubType: 
CustomerTypeCode: 
IrdNumber: 
TaxClass: 
TaxClassDate: 
IsNzTaxResident: True
NonResidentCountryCode: 
IsForeignTaxResident: False
ForeignTaxResidencyStatus: 
IsProfileEnhanced: 
Phones: System.Collections.Generic.List`1[ASB.Selenium.DataModel.Customer.Phone]
NextOfKin: 
EmploymentDetails: 
LinkedCustomers: 
AccountRelationships: 
IdType: 
Fatca: ASB.Selenium.DataModel.Customer.Fatca
CitizenshipCountryCodes: 
CitizenshipCountryNames: System.Collections.Generic.List`1[System.String]
ForeignTaxResidenceTypes: System.Collections.Generic.List`1[ASB.Selenium.DataModel.Customer.ForeignTaxResidenceTypes]
OnboardingDetail: ASB.Selenium.DataModel.Customer.OnboardingDetail
AddressVerificationStatus: 
IdVerificationStatus: 
PreferredIdType: Other
IsProfileComplete: 
DaysRemaining: 0
OnboardingStatus: 
NewAccounts: System.Collections.Generic.List`1[ASB.Selenium.DataModel.Customer.Accounts]
FailedAccounts: System.Collections.Generic.List`1[ASB.Selenium.DataModel.Customer.Accounts]
OnboardingSource: Tertiary
CustomerCreated: 
LoginCreated: 
RegisteredForNetcode: 
AccountsCreated: 
CustomerAccessToken: 
VerificationPassword: MyCode01
LoginDetail: ASB.Selenium.DataModel.Customer.Login
CustomerType: 
Cif: 
Username: afyi09169
UsernameApi: 
Password: Kiwi77nz
PublicKey: 
AcceptedTermsAndConditions: 
BackgroundCheckConsent: 
PreferredIdType: 
-> done: SummaryPageSteps.WhenIConfirmDetailsOnTheSummaryPage() (2.8s)
Then the Logging you in progress page is displayed
-> done: ConfirmationPageSteps.ThenTheLoggingYouInProgressPageIsDisplayed() (16.5s)
And data layer values are correct
-> done: CommonSteps.ThenDataLayerValuesAreCorrect() (0.0s)
]]></output>
                  </test-case>
                </test-suite>
                <test-suite type="ParameterizedMethod" id="0-1285" name="DATALAYER_14_TertiaryNon_NZCitizen" fullname="Join.Form.Customer.Selenium.Features._12_DataLayerFeature.DATALAYER_14_TertiaryNon_NZCitizen" classname="Join.Form.Customer.Selenium.Features._12_DataLayerFeature" runstate="Runnable" testcasecount="2" result="Passed" start-time="2017-12-05 15:59:04Z" end-time="2017-12-05 16:00:38Z" duration="93.774384" total="2" passed="2" failed="0" warnings="0" inconclusive="0" skipped="0" asserts="336">
                  <properties>
                    <property name="Description" value="DATALAYER_14 - Tertiary Non-NZ Citizen" />
                    <property name="Category" value="datalayer" />
                    <property name="Category" value="122017" />
                    <property name="Category" value="integration" />
                    <property name="Category" value="regression" />
                  </properties>
                  <test-case id="0-1283" name="DATALAYER_14_TertiaryNon_NZCitizen(&quot;Tertiary Cheque only&quot;,&quot;Tertiary Cheque&quot;,System.String[])" fullname="Join.Form.Customer.Selenium.Features._12_DataLayerFeature.DATALAYER_14_TertiaryNon_NZCitizen(&quot;Tertiary Cheque only&quot;,&quot;Tertiary Cheque&quot;,System.String[])" methodname="DATALAYER_14_TertiaryNon_NZCitizen" classname="Join.Form.Customer.Selenium.Features._12_DataLayerFeature" runstate="Runnable" seed="576888996" result="Passed" start-time="2017-12-05 15:59:04Z" end-time="2017-12-05 15:59:47Z" duration="42.312157" asserts="168">
                    <properties />
                    <output><![CDATA[Given I start my Tertiary application
Navigating to URL: https://webappisamdev.asbbank.co.nz/public/join/tertiary/?grcDisabled=true
-> done: CommonSteps.GivenIStartMyTertiaryApplication() (0.6s)
And I am in the Introduction page
12/6/2017 4:59:06 AMWaitForFeaturesPageLoad: Executing WaitForFrameAndSwitch
12/6/2017 4:59:07 AMWaitForFeaturesPageLoad: Done executing WaitForFrameAndSwitch
-> done: IntroductionPageSteps.GivenIAmInTheIntroductionPage() (2.4s)
When I store data layer values
-> done: CommonSteps.WhenIStoreDataLayerValues() (0.0s)
And I select 'Yes' in the NZQA question
-> done: IntroductionPageSteps.WhenISelectInTheNzqaQuestion("Yes") (0.2s)
And I select 'Yes' in the Over 17 question
-> done: IntroductionPageSteps.WhenISelectInTheOver17Question("Yes") (0.1s)
And I select 'No' in the NZ Citizen question
-> done: IntroductionPageSteps.WhenISelectInTheNzCitizenQuestion("No") (0.1s)
And I click on 'Get started' button
-> done: CommonSteps.WhenIClickOnButton("Get started") (0.1s)
And I change my selected products to 'Tertiary Cheque'
Unable to find product 'FastSaver' in page or product 'FastSaver' is not selected
Unable to find product 'Savings On Call' in page or product 'Savings On Call' is not selected
Unable to find product 'ASB Visa Debit Tertiary' in page or product 'ASB Visa Debit Tertiary' is not selected
Unable to find product 'ASB Visa Light Tertiary' in page or product 'ASB Visa Light Tertiary' is not selected
Unable to find product 'Tertiary Overdraft' in page or product 'Tertiary Overdraft' is not selected
Unable to find product 'Savings On Call' in page or product 'Savings On Call' is not selected
Unable to find product 'FastSaver' in page or product 'FastSaver' is not selected
-> done: ProductsPageSteps.WhenIChangeMySelectedProductsTo("Tertiary Cheque") (7.3s)
And I store data layer values
-> done: CommonSteps.WhenIStoreDataLayerValues() (0.0s)
And I click on 'Next' button
-> done: CommonSteps.WhenIClickOnButton("Next") (0.2s)
And I store data layer values
-> done: CommonSteps.WhenIStoreDataLayerValues() (0.0s)
And I enter all required details in the Personal details page and clicks on Next button:
  --- table step argument ---
  | Title | FirstName  | MiddleName | LastName | DateOfBirth   | Email             | MobileNumber | CountriesCitizenship | PreferredIdType |
  | Miss  | Automation |            | RANDOM   | 16 March 1978 | cob2017@asb.co.nz | 021-RANDOM   | New Zealand          | Other           |
-> done: PersonalDetailsSteps.WhenIEnterAllRequiredDetailsForPersonalDetailsPage(<table>) (11.1s)
And I store data layer values
-> done: CommonSteps.WhenIStoreDataLayerValues() (0.0s)
And I enter mandatory Tax Information for NZ citizen and clicks on Next button
-> done: AdditionalPersonalDetailsSteps.GivenIEnterMandatoryTaxInformationForNZCitizen() (0.5s)
And I store data layer values
-> done: CommonSteps.WhenIStoreDataLayerValues() (0.0s)
And I enter 'Kiwi77nz' password and 'MyCode01' verbal password in the ASB Login page and clicks on Next button
-> done: ASBLoginPageSteps.WhenIEnterPasswordAndVerbalPasswordInTheASBLoginPageAndClicksOnNextButton("Kiwi77nz", "MyCode01") (1.0s)
And I store data layer values
-> done: CommonSteps.WhenIStoreDataLayerValues() (0.0s)
And I confirm details on the Summary page
UniqueId: 
Title: Miss
FirstName: Automation
MiddleName: 
LastName: COB-bgPyv
Email: cob2017@asb.co.nz
Gender: 
DateOfBirth: 3/16/1978 12:00:00 AM
DateCreated: 
LastReviewDate: 
Cals: 
IsIndividual: 
NzCitizen: False
NzResidence: 
HighValueCustomer: 
StaffMember: 
AmlVerified: 
VipCustomer: 
Addresses: System.Collections.Generic.List`1[ASB.Selenium.DataModel.Customer.Address]
AddressInformation: ASB.Selenium.DataModel.Customer.AddressInformation
CompanyName: 
CompanyType: 
CompanySubType: 
CustomerTypeCode: 
IrdNumber: 
TaxClass: 
TaxClassDate: 
IsNzTaxResident: True
NonResidentCountryCode: 
IsForeignTaxResident: False
ForeignTaxResidencyStatus: 
IsProfileEnhanced: 
Phones: System.Collections.Generic.List`1[ASB.Selenium.DataModel.Customer.Phone]
NextOfKin: 
EmploymentDetails: 
LinkedCustomers: 
AccountRelationships: 
IdType: 
Fatca: ASB.Selenium.DataModel.Customer.Fatca
CitizenshipCountryCodes: 
CitizenshipCountryNames: System.Collections.Generic.List`1[System.String]
ForeignTaxResidenceTypes: System.Collections.Generic.List`1[ASB.Selenium.DataModel.Customer.ForeignTaxResidenceTypes]
OnboardingDetail: ASB.Selenium.DataModel.Customer.OnboardingDetail
AddressVerificationStatus: 
IdVerificationStatus: 
PreferredIdType: Other
IsProfileComplete: 
DaysRemaining: 0
OnboardingStatus: 
NewAccounts: System.Collections.Generic.List`1[ASB.Selenium.DataModel.Customer.Accounts]
FailedAccounts: System.Collections.Generic.List`1[ASB.Selenium.DataModel.Customer.Accounts]
OnboardingSource: Tertiary
CustomerCreated: 
LoginCreated: 
RegisteredForNetcode: 
AccountsCreated: 
CustomerAccessToken: 
VerificationPassword: MyCode01
LoginDetail: ASB.Selenium.DataModel.Customer.Login
CustomerType: 
Cif: 
Username: acob04922
UsernameApi: 
Password: Kiwi77nz
PublicKey: 
AcceptedTermsAndConditions: 
BackgroundCheckConsent: 
PreferredIdType: 
-> done: SummaryPageSteps.WhenIConfirmDetailsOnTheSummaryPage() (2.8s)
Then the Logging you in progress page is displayed
-> done: ConfirmationPageSteps.ThenTheLoggingYouInProgressPageIsDisplayed() (12.5s)
And data layer values are correct
-> done: CommonSteps.ThenDataLayerValuesAreCorrect() (0.0s)
]]></output>
                  </test-case>
                  <test-case id="0-1284" name="DATALAYER_14_TertiaryNon_NZCitizen(&quot;All Tertiary Products&quot;,&quot;Tertiary Cheque, ASB Visa Debit Tertiary, Savings On Call,FastSaver&quot;,System.String[])" fullname="Join.Form.Customer.Selenium.Features._12_DataLayerFeature.DATALAYER_14_TertiaryNon_NZCitizen(&quot;All Tertiary Products&quot;,&quot;Tertiary Cheque, ASB Visa Debit Tertiary, Savings On Call,FastSaver&quot;,System.String[])" methodname="DATALAYER_14_TertiaryNon_NZCitizen" classname="Join.Form.Customer.Selenium.Features._12_DataLayerFeature" runstate="Runnable" seed="1820232254" result="Passed" start-time="2017-12-05 15:59:47Z" end-time="2017-12-05 16:00:38Z" duration="51.416850" asserts="168">
                    <properties />
                    <output><![CDATA[Given I start my Tertiary application
Navigating to URL: https://webappisamdev.asbbank.co.nz/public/join/tertiary/?grcDisabled=true
-> done: CommonSteps.GivenIStartMyTertiaryApplication() (0.6s)
And I am in the Introduction page
12/6/2017 4:59:48 AMWaitForFeaturesPageLoad: Executing WaitForFrameAndSwitch
12/6/2017 4:59:49 AMWaitForFeaturesPageLoad: Done executing WaitForFrameAndSwitch
-> done: IntroductionPageSteps.GivenIAmInTheIntroductionPage() (2.4s)
When I store data layer values
-> done: CommonSteps.WhenIStoreDataLayerValues() (0.0s)
And I select 'Yes' in the NZQA question
-> done: IntroductionPageSteps.WhenISelectInTheNzqaQuestion("Yes") (0.2s)
And I select 'Yes' in the Over 17 question
-> done: IntroductionPageSteps.WhenISelectInTheOver17Question("Yes") (0.1s)
And I select 'No' in the NZ Citizen question
-> done: IntroductionPageSteps.WhenISelectInTheNzCitizenQuestion("No") (0.1s)
And I click on 'Get started' button
-> done: CommonSteps.WhenIClickOnButton("Get started") (0.1s)
And I change my selected products to 'Tertiary Cheque, ASB Visa Debit Tertiary, Savings On Call,FastSaver'
Unable to find product 'Savings On Call' in page or product 'Savings On Call' is not selected
Unable to find product 'FastSaver' in page or product 'FastSaver' is not selected
Unable to find product 'ASB Visa Light Tertiary' in page or product 'ASB Visa Light Tertiary' is not selected
Unable to find product 'Tertiary Overdraft' in page or product 'Tertiary Overdraft' is not selected
-> done: ProductsPageSteps.WhenIChangeMySelectedProductsTo("Tertiary Cheque, ...") (10.6s)
And I store data layer values
-> done: CommonSteps.WhenIStoreDataLayerValues() (0.0s)
And I click on 'Next' button
-> done: CommonSteps.WhenIClickOnButton("Next") (0.2s)
And I store data layer values
-> done: CommonSteps.WhenIStoreDataLayerValues() (0.0s)
And I enter all required details in the Personal details page and clicks on Next button:
  --- table step argument ---
  | Title | FirstName  | MiddleName | LastName | DateOfBirth   | Email             | MobileNumber | CountriesCitizenship | PreferredIdType |
  | Miss  | Automation |            | RANDOM   | 16 March 1978 | cob2017@asb.co.nz | 021-RANDOM   | New Zealand          | Other           |
-> done: PersonalDetailsSteps.WhenIEnterAllRequiredDetailsForPersonalDetailsPage(<table>) (11.6s)
And I store data layer values
-> done: CommonSteps.WhenIStoreDataLayerValues() (0.0s)
And I enter mandatory Tax Information for NZ citizen and clicks on Next button
-> done: AdditionalPersonalDetailsSteps.GivenIEnterMandatoryTaxInformationForNZCitizen() (0.5s)
And I store data layer values
-> done: CommonSteps.WhenIStoreDataLayerValues() (0.0s)
And I enter 'Kiwi77nz' password and 'MyCode01' verbal password in the ASB Login page and clicks on Next button
-> done: ASBLoginPageSteps.WhenIEnterPasswordAndVerbalPasswordInTheASBLoginPageAndClicksOnNextButton("Kiwi77nz", "MyCode01") (1.1s)
And I store data layer values
-> done: CommonSteps.WhenIStoreDataLayerValues() (0.0s)
And I confirm details on the Summary page
UniqueId: 
Title: Miss
FirstName: Automation
MiddleName: 
LastName: COB-hIVws
Email: cob2017@asb.co.nz
Gender: 
DateOfBirth: 3/16/1978 12:00:00 AM
DateCreated: 
LastReviewDate: 
Cals: 
IsIndividual: 
NzCitizen: False
NzResidence: 
HighValueCustomer: 
StaffMember: 
AmlVerified: 
VipCustomer: 
Addresses: System.Collections.Generic.List`1[ASB.Selenium.DataModel.Customer.Address]
AddressInformation: ASB.Selenium.DataModel.Customer.AddressInformation
CompanyName: 
CompanyType: 
CompanySubType: 
CustomerTypeCode: 
IrdNumber: 
TaxClass: 
TaxClassDate: 
IsNzTaxResident: True
NonResidentCountryCode: 
IsForeignTaxResident: False
ForeignTaxResidencyStatus: 
IsProfileEnhanced: 
Phones: System.Collections.Generic.List`1[ASB.Selenium.DataModel.Customer.Phone]
NextOfKin: 
EmploymentDetails: 
LinkedCustomers: 
AccountRelationships: 
IdType: 
Fatca: ASB.Selenium.DataModel.Customer.Fatca
CitizenshipCountryCodes: 
CitizenshipCountryNames: System.Collections.Generic.List`1[System.String]
ForeignTaxResidenceTypes: System.Collections.Generic.List`1[ASB.Selenium.DataModel.Customer.ForeignTaxResidenceTypes]
OnboardingDetail: ASB.Selenium.DataModel.Customer.OnboardingDetail
AddressVerificationStatus: 
IdVerificationStatus: 
PreferredIdType: Other
IsProfileComplete: 
DaysRemaining: 0
OnboardingStatus: 
NewAccounts: System.Collections.Generic.List`1[ASB.Selenium.DataModel.Customer.Accounts]
FailedAccounts: System.Collections.Generic.List`1[ASB.Selenium.DataModel.Customer.Accounts]
OnboardingSource: Tertiary
CustomerCreated: 
LoginCreated: 
RegisteredForNetcode: 
AccountsCreated: 
CustomerAccessToken: 
VerificationPassword: MyCode01
LoginDetail: ASB.Selenium.DataModel.Customer.Login
CustomerType: 
Cif: 
Username: acob77026
UsernameApi: 
Password: Kiwi77nz
PublicKey: 
AcceptedTermsAndConditions: 
BackgroundCheckConsent: 
PreferredIdType: 
-> done: SummaryPageSteps.WhenIConfirmDetailsOnTheSummaryPage() (2.9s)
Then the Logging you in progress page is displayed
-> done: ConfirmationPageSteps.ThenTheLoggingYouInProgressPageIsDisplayed() (20.1s)
And data layer values are correct
-> done: CommonSteps.ThenDataLayerValuesAreCorrect() (0.0s)
]]></output>
                  </test-case>
                </test-suite>
                <test-suite type="ParameterizedMethod" id="0-1288" name="DATALAYER_15_JobStarterNZCitizen" fullname="Join.Form.Customer.Selenium.Features._12_DataLayerFeature.DATALAYER_15_JobStarterNZCitizen" classname="Join.Form.Customer.Selenium.Features._12_DataLayerFeature" runstate="Runnable" testcasecount="2" result="Passed" start-time="2017-12-05 16:00:38Z" end-time="2017-12-05 16:02:47Z" duration="129.177058" total="2" passed="2" failed="0" warnings="0" inconclusive="0" skipped="0" asserts="336">
                  <properties>
                    <property name="Description" value="DATALAYER_15 - Job starter NZ Citizen" />
                    <property name="Category" value="datalayer" />
                    <property name="Category" value="122017" />
                    <property name="Category" value="integration" />
                    <property name="Category" value="regression" />
                  </properties>
                  <test-case id="0-1286" name="DATALAYER_15_JobStarterNZCitizen(&quot;Default Job Starter Products&quot;,&quot;Job starter, ASB Visa Debit Job Starter&quot;,System.String[])" fullname="Join.Form.Customer.Selenium.Features._12_DataLayerFeature.DATALAYER_15_JobStarterNZCitizen(&quot;Default Job Starter Products&quot;,&quot;Job starter, ASB Visa Debit Job Starter&quot;,System.String[])" methodname="DATALAYER_15_JobStarterNZCitizen" classname="Join.Form.Customer.Selenium.Features._12_DataLayerFeature" runstate="Runnable" seed="1062011492" result="Passed" start-time="2017-12-05 16:00:38Z" end-time="2017-12-05 16:01:35Z" duration="56.873432" asserts="168">
                    <properties />
                    <output><![CDATA[Given I start my Job Starter application
Navigating to URL: https://webappisamdev.asbbank.co.nz/public/join/jobstarter/?grcDisabled=true
-> done: CommonSteps.GivenIStartMyJobStarterApplication() (0.6s)
And I am in the Introduction page
12/6/2017 5:00:40 AMWaitForFeaturesPageLoad: Executing WaitForFrameAndSwitch
12/6/2017 5:00:41 AMWaitForFeaturesPageLoad: Done executing WaitForFrameAndSwitch
-> done: IntroductionPageSteps.GivenIAmInTheIntroductionPage() (2.6s)
When I store data layer values
-> done: CommonSteps.WhenIStoreDataLayerValues() (0.0s)
And I change my selected products to 'Job starter, ASB Visa Debit Job Starter'
12/6/2017 5:00:52 AMWaitForFeaturesPageLoad: Executing WaitForFrameAndSwitch
12/6/2017 5:00:52 AMWaitForFeaturesPageLoad: Done executing WaitForFrameAndSwitch
Unable to find product 'FastSaver' in page or product 'FastSaver' is not selected
Unable to find product 'Savings On Call' in page or product 'Savings On Call' is not selected
Unable to find product 'Job Starter Overdraft' in page or product 'Job Starter Overdraft' is not selected
Unable to find product 'ASB Visa Rewards Job Starter' in page or product 'ASB Visa Rewards Job Starter' is not selected
Unable to find product 'ASB Visa Light Job Starter' in page or product 'ASB Visa Light Job Starter' is not selected
Unable to find product 'Job Starter Overdraft' in page or product 'Job Starter Overdraft' is not selected
Unable to find product 'ASB Visa Light Job Starter' in page or product 'ASB Visa Light Job Starter' is not selected
Unable to find product 'ASB Visa Rewards Job Starter' in page or product 'ASB Visa Rewards Job Starter' is not selected
Unable to find product 'Savings On Call' in page or product 'Savings On Call' is not selected
Unable to find product 'FastSaver' in page or product 'FastSaver' is not selected
-> done: ProductsPageSteps.WhenIChangeMySelectedProductsTo("Job starter, ASB ...") (21.1s)
And I store data layer values
-> done: CommonSteps.WhenIStoreDataLayerValues() (0.0s)
And I click on 'Next' button
-> done: CommonSteps.WhenIClickOnButton("Next") (0.2s)
And I store data layer values
-> done: CommonSteps.WhenIStoreDataLayerValues() (0.0s)
And I enter all required details in the Personal details page and clicks on Next button:
  --- table step argument ---
  | Title | FirstName  | MiddleName | LastName | DateOfBirth | Email             | MobileNumber   | CountriesCitizenship | PreferredIdType |
  | Miss  | Automation |            | RANDOM   | 18-20       | cob2017@asb.co.nz | 021-1234567890 | New Zealand          | Other           |
-> done: PersonalDetailsSteps.WhenIEnterAllRequiredDetailsForPersonalDetailsPage(<table>) (9.6s)
And I store data layer values
-> done: CommonSteps.WhenIStoreDataLayerValues() (0.0s)
And I enter mandatory Tax Information for NZ citizen and clicks on Next button
-> done: AdditionalPersonalDetailsSteps.GivenIEnterMandatoryTaxInformationForNZCitizen() (0.6s)
And I store data layer values
-> done: CommonSteps.WhenIStoreDataLayerValues() (0.0s)
And I enter 'Kiwi77nz' password and 'MyCode01' verbal password in the ASB Login page and clicks on Next button
-> done: ASBLoginPageSteps.WhenIEnterPasswordAndVerbalPasswordInTheASBLoginPageAndClicksOnNextButton("Kiwi77nz", "MyCode01") (1.1s)
And I store data layer values
-> done: CommonSteps.WhenIStoreDataLayerValues() (0.0s)
And I confirm details on the Summary page
UniqueId: 
Title: Miss
FirstName: Automation
MiddleName: 
LastName: COB-UJktb
Email: cob2017@asb.co.nz
Gender: 
DateOfBirth: 12/6/1999 12:00:00 AM
DateCreated: 
LastReviewDate: 
Cals: 
IsIndividual: 
NzCitizen: True
NzResidence: 
HighValueCustomer: 
StaffMember: 
AmlVerified: 
VipCustomer: 
Addresses: System.Collections.Generic.List`1[ASB.Selenium.DataModel.Customer.Address]
AddressInformation: ASB.Selenium.DataModel.Customer.AddressInformation
CompanyName: 
CompanyType: 
CompanySubType: 
CustomerTypeCode: 
IrdNumber: 
TaxClass: 
TaxClassDate: 
IsNzTaxResident: True
NonResidentCountryCode: 
IsForeignTaxResident: False
ForeignTaxResidencyStatus: 
IsProfileEnhanced: 
Phones: System.Collections.Generic.List`1[ASB.Selenium.DataModel.Customer.Phone]
NextOfKin: 
EmploymentDetails: 
LinkedCustomers: 
AccountRelationships: 
IdType: 
Fatca: ASB.Selenium.DataModel.Customer.Fatca
CitizenshipCountryCodes: 
CitizenshipCountryNames: System.Collections.Generic.List`1[System.String]
ForeignTaxResidenceTypes: System.Collections.Generic.List`1[ASB.Selenium.DataModel.Customer.ForeignTaxResidenceTypes]
OnboardingDetail: ASB.Selenium.DataModel.Customer.OnboardingDetail
AddressVerificationStatus: 
IdVerificationStatus: 
PreferredIdType: Other
IsProfileComplete: 
DaysRemaining: 0
OnboardingStatus: 
NewAccounts: System.Collections.Generic.List`1[ASB.Selenium.DataModel.Customer.Accounts]
FailedAccounts: System.Collections.Generic.List`1[ASB.Selenium.DataModel.Customer.Accounts]
OnboardingSource: JobStarter
CustomerCreated: 
LoginCreated: 
RegisteredForNetcode: 
AccountsCreated: 
CustomerAccessToken: 
VerificationPassword: MyCode01
LoginDetail: ASB.Selenium.DataModel.Customer.Login
CustomerType: 
Cif: 
Username: acob96086
UsernameApi: 
Password: Kiwi77nz
PublicKey: 
AcceptedTermsAndConditions: 
BackgroundCheckConsent: 
PreferredIdType: 
-> done: SummaryPageSteps.WhenIConfirmDetailsOnTheSummaryPage() (2.9s)
Then the Logging you in progress page is displayed
-> done: ConfirmationPageSteps.ThenTheLoggingYouInProgressPageIsDisplayed() (15.0s)
And data layer values are correct
-> done: CommonSteps.ThenDataLayerValuesAreCorrect() (0.0s)
]]></output>
                  </test-case>
                  <test-case id="0-1287" name="DATALAYER_15_JobStarterNZCitizen(&quot;All Job Starter Products&quot;,&quot;Job starter, ASB Visa Debit Job Starter, Job Starter Overdraft, ASB Visa Rewards Job Starter, ASB Visa Light Job Starter, Savings On Call, FastSaver&quot;,System.String[])" fullname="Join.Form.Customer.Selenium.Features._12_DataLayerFeature.DATALAYER_15_JobStarterNZCitizen(&quot;All Job Starter Products&quot;,&quot;Job starter, ASB Visa Debit Job Starter, Job Starter Overdraft, ASB Visa Rewards Job Starter, ASB Visa Light Job Starter, Savings On Call, FastSaver&quot;,System.String[])" methodname="DATALAYER_15_JobStarterNZCitizen" classname="Join.Form.Customer.Selenium.Features._12_DataLayerFeature" runstate="Runnable" seed="1570038451" result="Passed" start-time="2017-12-05 16:01:35Z" end-time="2017-12-05 16:02:47Z" duration="72.257001" asserts="168">
                    <properties />
                    <output><![CDATA[Given I start my Job Starter application
Navigating to URL: https://webappisamdev.asbbank.co.nz/public/join/jobstarter/?grcDisabled=true
-> done: CommonSteps.GivenIStartMyJobStarterApplication() (0.5s)
And I am in the Introduction page
12/6/2017 5:01:37 AMWaitForFeaturesPageLoad: Executing WaitForFrameAndSwitch
12/6/2017 5:01:38 AMWaitForFeaturesPageLoad: Done executing WaitForFrameAndSwitch
-> done: IntroductionPageSteps.GivenIAmInTheIntroductionPage() (2.4s)
When I store data layer values
-> done: CommonSteps.WhenIStoreDataLayerValues() (0.0s)
And I change my selected products to 'Job starter, ASB Visa Debit Job Starter, Job Starter Overdraft, ASB Visa Rewards Job Starter, ASB Visa Light Job Starter, Savings On Call, FastSaver'
12/6/2017 5:01:49 AMWaitForFeaturesPageLoad: Executing WaitForFrameAndSwitch
12/6/2017 5:01:49 AMWaitForFeaturesPageLoad: Done executing WaitForFrameAndSwitch
Unable to find product 'Job Starter Overdraft' in page or product 'Job Starter Overdraft' is not selected
Unable to find product 'ASB Visa Rewards Job Starter' in page or product 'ASB Visa Rewards Job Starter' is not selected
Unable to find product 'ASB Visa Light Job Starter' in page or product 'ASB Visa Light Job Starter' is not selected
Unable to find product 'Savings On Call' in page or product 'Savings On Call' is not selected
Unable to find product 'FastSaver' in page or product 'FastSaver' is not selected
-> done: ProductsPageSteps.WhenIChangeMySelectedProductsTo("Job starter, ASB ...") (31.6s)
And I store data layer values
-> done: CommonSteps.WhenIStoreDataLayerValues() (0.0s)
And I click on 'Next' button
-> done: CommonSteps.WhenIClickOnButton("Next") (0.2s)
And I store data layer values
-> done: CommonSteps.WhenIStoreDataLayerValues() (0.0s)
And I enter all required details in the Personal details page and clicks on Next button:
  --- table step argument ---
  | Title | FirstName  | MiddleName | LastName | DateOfBirth | Email             | MobileNumber   | CountriesCitizenship | PreferredIdType |
  | Miss  | Automation |            | RANDOM   | 18-20       | cob2017@asb.co.nz | 021-1234567890 | New Zealand          | Other           |
-> done: PersonalDetailsSteps.WhenIEnterAllRequiredDetailsForPersonalDetailsPage(<table>) (10.1s)
And I store data layer values
-> done: CommonSteps.WhenIStoreDataLayerValues() (0.0s)
And I enter mandatory Tax Information for NZ citizen and clicks on Next button
-> done: AdditionalPersonalDetailsSteps.GivenIEnterMandatoryTaxInformationForNZCitizen() (1.5s)
And I store data layer values
-> done: CommonSteps.WhenIStoreDataLayerValues() (0.1s)
And I enter 'Kiwi77nz' password and 'MyCode01' verbal password in the ASB Login page and clicks on Next button
-> done: ASBLoginPageSteps.WhenIEnterPasswordAndVerbalPasswordInTheASBLoginPageAndClicksOnNextButton("Kiwi77nz", "MyCode01") (1.1s)
And I store data layer values
-> done: CommonSteps.WhenIStoreDataLayerValues() (0.0s)
And I confirm details on the Summary page
UniqueId: 
Title: Miss
FirstName: Automation
MiddleName: 
LastName: COB-PJnyf
Email: cob2017@asb.co.nz
Gender: 
DateOfBirth: 12/6/1999 12:00:00 AM
DateCreated: 
LastReviewDate: 
Cals: 
IsIndividual: 
NzCitizen: True
NzResidence: 
HighValueCustomer: 
StaffMember: 
AmlVerified: 
VipCustomer: 
Addresses: System.Collections.Generic.List`1[ASB.Selenium.DataModel.Customer.Address]
AddressInformation: ASB.Selenium.DataModel.Customer.AddressInformation
CompanyName: 
CompanyType: 
CompanySubType: 
CustomerTypeCode: 
IrdNumber: 
TaxClass: 
TaxClassDate: 
IsNzTaxResident: True
NonResidentCountryCode: 
IsForeignTaxResident: False
ForeignTaxResidencyStatus: 
IsProfileEnhanced: 
Phones: System.Collections.Generic.List`1[ASB.Selenium.DataModel.Customer.Phone]
NextOfKin: 
EmploymentDetails: 
LinkedCustomers: 
AccountRelationships: 
IdType: 
Fatca: ASB.Selenium.DataModel.Customer.Fatca
CitizenshipCountryCodes: 
CitizenshipCountryNames: System.Collections.Generic.List`1[System.String]
ForeignTaxResidenceTypes: System.Collections.Generic.List`1[ASB.Selenium.DataModel.Customer.ForeignTaxResidenceTypes]
OnboardingDetail: ASB.Selenium.DataModel.Customer.OnboardingDetail
AddressVerificationStatus: 
IdVerificationStatus: 
PreferredIdType: Other
IsProfileComplete: 
DaysRemaining: 0
OnboardingStatus: 
NewAccounts: System.Collections.Generic.List`1[ASB.Selenium.DataModel.Customer.Accounts]
FailedAccounts: System.Collections.Generic.List`1[ASB.Selenium.DataModel.Customer.Accounts]
OnboardingSource: JobStarter
CustomerCreated: 
LoginCreated: 
RegisteredForNetcode: 
AccountsCreated: 
CustomerAccessToken: 
VerificationPassword: MyCode01
LoginDetail: ASB.Selenium.DataModel.Customer.Login
CustomerType: 
Cif: 
Username: acob35139
UsernameApi: 
Password: Kiwi77nz
PublicKey: 
AcceptedTermsAndConditions: 
BackgroundCheckConsent: 
PreferredIdType: 
-> done: SummaryPageSteps.WhenIConfirmDetailsOnTheSummaryPage() (3.0s)
Then the Logging you in progress page is displayed
-> done: ConfirmationPageSteps.ThenTheLoggingYouInProgressPageIsDisplayed() (18.4s)
And data layer values are correct
-> done: CommonSteps.ThenDataLayerValuesAreCorrect() (0.0s)
]]></output>
                  </test-case>
                </test-suite>
                <test-suite type="ParameterizedMethod" id="0-1291" name="DATALAYER_16_JobStarterNon_NZCitizen" fullname="Join.Form.Customer.Selenium.Features._12_DataLayerFeature.DATALAYER_16_JobStarterNon_NZCitizen" classname="Join.Form.Customer.Selenium.Features._12_DataLayerFeature" runstate="Runnable" testcasecount="2" result="Passed" start-time="2017-12-05 16:02:47Z" end-time="2017-12-05 16:04:33Z" duration="105.164946" total="2" passed="2" failed="0" warnings="0" inconclusive="0" skipped="0" asserts="336">
                  <properties>
                    <property name="Description" value="DATALAYER_16 - Job starter Non-NZ Citizen" />
                    <property name="Category" value="datalayer" />
                    <property name="Category" value="122017" />
                    <property name="Category" value="integration" />
                    <property name="Category" value="regression" />
                  </properties>
                  <test-case id="0-1289" name="DATALAYER_16_JobStarterNon_NZCitizen(&quot;Job starter only&quot;,&quot;Job starter&quot;,System.String[])" fullname="Join.Form.Customer.Selenium.Features._12_DataLayerFeature.DATALAYER_16_JobStarterNon_NZCitizen(&quot;Job starter only&quot;,&quot;Job starter&quot;,System.String[])" methodname="DATALAYER_16_JobStarterNon_NZCitizen" classname="Join.Form.Customer.Selenium.Features._12_DataLayerFeature" runstate="Runnable" seed="1136702192" result="Passed" start-time="2017-12-05 16:02:47Z" end-time="2017-12-05 16:03:36Z" duration="48.315540" asserts="168">
                    <properties />
                    <output><![CDATA[Given I start my Job Starter application
Navigating to URL: https://webappisamdev.asbbank.co.nz/public/join/jobstarter/?grcDisabled=true
-> done: CommonSteps.GivenIStartMyJobStarterApplication() (0.9s)
And I am in the Introduction page
12/6/2017 5:02:50 AMWaitForFeaturesPageLoad: Executing WaitForFrameAndSwitch
12/6/2017 5:02:51 AMWaitForFeaturesPageLoad: Done executing WaitForFrameAndSwitch
-> done: IntroductionPageSteps.GivenIAmInTheIntroductionPage() (3.5s)
When I store data layer values
-> done: CommonSteps.WhenIStoreDataLayerValues() (0.0s)
And I select 'Yes' in the 18-20 question
-> done: IntroductionPageSteps.WhenISelectInThe1820Question("Yes") (0.2s)
And I select 'Yes' in the Living in NZ question
-> done: IntroductionPageSteps.WhenISelectInTheLivingInNZQuestion("Yes") (0.3s)
And I select 'No' in the NZ Citizen question
-> done: IntroductionPageSteps.WhenISelectInTheNzCitizenQuestion("No") (0.3s)
And I click on 'Get started' button
-> done: CommonSteps.WhenIClickOnButton("Get started") (0.2s)
And I change my selected products to 'Job starter'
Unable to find product 'FastSaver' in page or product 'FastSaver' is not selected
Unable to find product 'Savings On Call' in page or product 'Savings On Call' is not selected
Unable to find product 'ASB Visa Debit Job Starter' in page or product 'ASB Visa Debit Job Starter' is not selected
Unable to find product 'Job Starter Overdraft' in page or product 'Job Starter Overdraft' is not selected
Unable to find product 'ASB Visa Light Job Starter' in page or product 'ASB Visa Light Job Starter' is not selected
Unable to find product 'ASB Visa Rewards Job Starter' in page or product 'ASB Visa Rewards Job Starter' is not selected
Unable to find product 'Savings On Call' in page or product 'Savings On Call' is not selected
Unable to find product 'FastSaver' in page or product 'FastSaver' is not selected
-> done: ProductsPageSteps.WhenIChangeMySelectedProductsTo("Job starter") (8.6s)
And I store data layer values
-> done: CommonSteps.WhenIStoreDataLayerValues() (0.0s)
And I click on 'Next' button
-> done: CommonSteps.WhenIClickOnButton("Next") (0.2s)
And I store data layer values
-> done: CommonSteps.WhenIStoreDataLayerValues() (0.0s)
And I enter all required details in the Personal details page and clicks on Next button:
  --- table step argument ---
  | Title | FirstName  | MiddleName | LastName | DateOfBirth | Email             | MobileNumber   | CountriesCitizenship | PreferredIdType |
  | Miss  | Automation |            | RANDOM   | 18-20       | cob2017@asb.co.nz | 021-1234567890 | New Zealand          | Other           |
-> done: PersonalDetailsSteps.WhenIEnterAllRequiredDetailsForPersonalDetailsPage(<table>) (11.6s)
And I store data layer values
-> done: CommonSteps.WhenIStoreDataLayerValues() (0.0s)
And I enter mandatory Tax Information for NZ citizen and clicks on Next button
-> done: AdditionalPersonalDetailsSteps.GivenIEnterMandatoryTaxInformationForNZCitizen() (0.6s)
And I store data layer values
-> done: CommonSteps.WhenIStoreDataLayerValues() (0.0s)
And I enter 'Kiwi77nz' password and 'MyCode01' verbal password in the ASB Login page and clicks on Next button
-> done: ASBLoginPageSteps.WhenIEnterPasswordAndVerbalPasswordInTheASBLoginPageAndClicksOnNextButton("Kiwi77nz", "MyCode01") (1.4s)
And I store data layer values
-> done: CommonSteps.WhenIStoreDataLayerValues() (0.0s)
And I confirm details on the Summary page
UniqueId: 
Title: Miss
FirstName: Automation
MiddleName: 
LastName: COB-ckwkA
Email: cob2017@asb.co.nz
Gender: 
DateOfBirth: 12/6/1999 12:00:00 AM
DateCreated: 
LastReviewDate: 
Cals: 
IsIndividual: 
NzCitizen: False
NzResidence: 
HighValueCustomer: 
StaffMember: 
AmlVerified: 
VipCustomer: 
Addresses: System.Collections.Generic.List`1[ASB.Selenium.DataModel.Customer.Address]
AddressInformation: ASB.Selenium.DataModel.Customer.AddressInformation
CompanyName: 
CompanyType: 
CompanySubType: 
CustomerTypeCode: 
IrdNumber: 
TaxClass: 
TaxClassDate: 
IsNzTaxResident: True
NonResidentCountryCode: 
IsForeignTaxResident: False
ForeignTaxResidencyStatus: 
IsProfileEnhanced: 
Phones: System.Collections.Generic.List`1[ASB.Selenium.DataModel.Customer.Phone]
NextOfKin: 
EmploymentDetails: 
LinkedCustomers: 
AccountRelationships: 
IdType: 
Fatca: ASB.Selenium.DataModel.Customer.Fatca
CitizenshipCountryCodes: 
CitizenshipCountryNames: System.Collections.Generic.List`1[System.String]
ForeignTaxResidenceTypes: System.Collections.Generic.List`1[ASB.Selenium.DataModel.Customer.ForeignTaxResidenceTypes]
OnboardingDetail: ASB.Selenium.DataModel.Customer.OnboardingDetail
AddressVerificationStatus: 
IdVerificationStatus: 
PreferredIdType: Other
IsProfileComplete: 
DaysRemaining: 0
OnboardingStatus: 
NewAccounts: System.Collections.Generic.List`1[ASB.Selenium.DataModel.Customer.Accounts]
FailedAccounts: System.Collections.Generic.List`1[ASB.Selenium.DataModel.Customer.Accounts]
OnboardingSource: JobStarter
CustomerCreated: 
LoginCreated: 
RegisteredForNetcode: 
AccountsCreated: 
CustomerAccessToken: 
VerificationPassword: MyCode01
LoginDetail: ASB.Selenium.DataModel.Customer.Login
CustomerType: 
Cif: 
Username: acob45269
UsernameApi: 
Password: Kiwi77nz
PublicKey: 
AcceptedTermsAndConditions: 
BackgroundCheckConsent: 
PreferredIdType: 
-> done: SummaryPageSteps.WhenIConfirmDetailsOnTheSummaryPage() (3.2s)
Then the Logging you in progress page is displayed
-> done: ConfirmationPageSteps.ThenTheLoggingYouInProgressPageIsDisplayed() (12.9s)
And data layer values are correct
-> done: CommonSteps.ThenDataLayerValuesAreCorrect() (0.0s)
]]></output>
                  </test-case>
                  <test-case id="0-1290" name="DATALAYER_16_JobStarterNon_NZCitizen(&quot;All Job Starter Products&quot;,&quot;Job starter, ASB Visa Debit Job Starter, ASB Visa Rewards Job Starter, ASB Visa Light Job Starter, Savings On Call, FastSaver&quot;,System.String[])" fullname="Join.Form.Customer.Selenium.Features._12_DataLayerFeature.DATALAYER_16_JobStarterNon_NZCitizen(&quot;All Job Starter Products&quot;,&quot;Job starter, ASB Visa Debit Job Starter, ASB Visa Rewards Job Starter, ASB Visa Light Job Starter, Savings On Call, FastSaver&quot;,System.String[])" methodname="DATALAYER_16_JobStarterNon_NZCitizen" classname="Join.Form.Customer.Selenium.Features._12_DataLayerFeature" runstate="Runnable" seed="113323023" result="Passed" start-time="2017-12-05 16:03:36Z" end-time="2017-12-05 16:04:33Z" duration="56.841385" asserts="168">
                    <properties />
                    <output><![CDATA[Given I start my Job Starter application
Navigating to URL: https://webappisamdev.asbbank.co.nz/public/join/jobstarter/?grcDisabled=true
-> done: CommonSteps.GivenIStartMyJobStarterApplication() (1.1s)
And I am in the Introduction page
12/6/2017 5:03:38 AMWaitForFeaturesPageLoad: Executing WaitForFrameAndSwitch
12/6/2017 5:03:39 AMWaitForFeaturesPageLoad: Done executing WaitForFrameAndSwitch
-> done: IntroductionPageSteps.GivenIAmInTheIntroductionPage() (2.7s)
When I store data layer values
-> done: CommonSteps.WhenIStoreDataLayerValues() (0.0s)
And I select 'Yes' in the 18-20 question
-> done: IntroductionPageSteps.WhenISelectInThe1820Question("Yes") (0.2s)
And I select 'Yes' in the Living in NZ question
-> done: IntroductionPageSteps.WhenISelectInTheLivingInNZQuestion("Yes") (0.2s)
And I select 'No' in the NZ Citizen question
-> done: IntroductionPageSteps.WhenISelectInTheNzCitizenQuestion("No") (0.4s)
And I click on 'Get started' button
-> done: CommonSteps.WhenIClickOnButton("Get started") (0.1s)
And I change my selected products to 'Job starter, ASB Visa Debit Job Starter, ASB Visa Rewards Job Starter, ASB Visa Light Job Starter, Savings On Call, FastSaver'
Unable to find product 'ASB Visa Rewards Job Starter' in page or product 'ASB Visa Rewards Job Starter' is not selected
Unable to find product 'ASB Visa Light Job Starter' in page or product 'ASB Visa Light Job Starter' is not selected
Unable to find product 'Savings On Call' in page or product 'Savings On Call' is not selected
Unable to find product 'FastSaver' in page or product 'FastSaver' is not selected
Unable to find product 'Job Starter Overdraft' in page or product 'Job Starter Overdraft' is not selected
-> done: ProductsPageSteps.WhenIChangeMySelectedProductsTo("Job starter, ASB ...") (17.9s)
And I store data layer values
-> done: CommonSteps.WhenIStoreDataLayerValues() (0.0s)
And I click on 'Next' button
-> done: CommonSteps.WhenIClickOnButton("Next") (0.2s)
And I store data layer values
-> done: CommonSteps.WhenIStoreDataLayerValues() (0.0s)
And I enter all required details in the Personal details page and clicks on Next button:
  --- table step argument ---
  | Title | FirstName  | MiddleName | LastName | DateOfBirth | Email             | MobileNumber   | CountriesCitizenship | PreferredIdType |
  | Miss  | Automation |            | RANDOM   | 18-20       | cob2017@asb.co.nz | 021-1234567890 | New Zealand          | Other           |
-> done: PersonalDetailsSteps.WhenIEnterAllRequiredDetailsForPersonalDetailsPage(<table>) (10.6s)
And I store data layer values
-> done: CommonSteps.WhenIStoreDataLayerValues() (0.0s)
And I enter mandatory Tax Information for NZ citizen and clicks on Next button
-> done: AdditionalPersonalDetailsSteps.GivenIEnterMandatoryTaxInformationForNZCitizen() (0.7s)
And I store data layer values
-> done: CommonSteps.WhenIStoreDataLayerValues() (0.0s)
And I enter 'Kiwi77nz' password and 'MyCode01' verbal password in the ASB Login page and clicks on Next button
-> done: ASBLoginPageSteps.WhenIEnterPasswordAndVerbalPasswordInTheASBLoginPageAndClicksOnNextButton("Kiwi77nz", "MyCode01") (1.0s)
And I store data layer values
-> done: CommonSteps.WhenIStoreDataLayerValues() (0.0s)
And I confirm details on the Summary page
UniqueId: 
Title: Miss
FirstName: Automation
MiddleName: 
LastName: COB-rWSHv
Email: cob2017@asb.co.nz
Gender: 
DateOfBirth: 12/6/1999 12:00:00 AM
DateCreated: 
LastReviewDate: 
Cals: 
IsIndividual: 
NzCitizen: False
NzResidence: 
HighValueCustomer: 
StaffMember: 
AmlVerified: 
VipCustomer: 
Addresses: System.Collections.Generic.List`1[ASB.Selenium.DataModel.Customer.Address]
AddressInformation: ASB.Selenium.DataModel.Customer.AddressInformation
CompanyName: 
CompanyType: 
CompanySubType: 
CustomerTypeCode: 
IrdNumber: 
TaxClass: 
TaxClassDate: 
IsNzTaxResident: True
NonResidentCountryCode: 
IsForeignTaxResident: False
ForeignTaxResidencyStatus: 
IsProfileEnhanced: 
Phones: System.Collections.Generic.List`1[ASB.Selenium.DataModel.Customer.Phone]
NextOfKin: 
EmploymentDetails: 
LinkedCustomers: 
AccountRelationships: 
IdType: 
Fatca: ASB.Selenium.DataModel.Customer.Fatca
CitizenshipCountryCodes: 
CitizenshipCountryNames: System.Collections.Generic.List`1[System.String]
ForeignTaxResidenceTypes: System.Collections.Generic.List`1[ASB.Selenium.DataModel.Customer.ForeignTaxResidenceTypes]
OnboardingDetail: ASB.Selenium.DataModel.Customer.OnboardingDetail
AddressVerificationStatus: 
IdVerificationStatus: 
PreferredIdType: Other
IsProfileComplete: 
DaysRemaining: 0
OnboardingStatus: 
NewAccounts: System.Collections.Generic.List`1[ASB.Selenium.DataModel.Customer.Accounts]
FailedAccounts: System.Collections.Generic.List`1[ASB.Selenium.DataModel.Customer.Accounts]
OnboardingSource: JobStarter
CustomerCreated: 
LoginCreated: 
RegisteredForNetcode: 
AccountsCreated: 
CustomerAccessToken: 
VerificationPassword: MyCode01
LoginDetail: ASB.Selenium.DataModel.Customer.Login
CustomerType: 
Cif: 
Username: acob81433
UsernameApi: 
Password: Kiwi77nz
PublicKey: 
AcceptedTermsAndConditions: 
BackgroundCheckConsent: 
PreferredIdType: 
-> done: SummaryPageSteps.WhenIConfirmDetailsOnTheSummaryPage() (2.8s)
Then the Logging you in progress page is displayed
-> done: ConfirmationPageSteps.ThenTheLoggingYouInProgressPageIsDisplayed() (15.5s)
And data layer values are correct
-> done: CommonSteps.ThenDataLayerValuesAreCorrect() (0.0s)
]]></output>
                  </test-case>
                </test-suite>
                <test-suite type="ParameterizedMethod" id="0-1294" name="DATALAYER_17_GraduateNZCitizen" fullname="Join.Form.Customer.Selenium.Features._12_DataLayerFeature.DATALAYER_17_GraduateNZCitizen" classname="Join.Form.Customer.Selenium.Features._12_DataLayerFeature" runstate="Runnable" testcasecount="2" result="Failed" site="Child" start-time="2017-12-05 16:04:33Z" end-time="2017-12-05 16:05:06Z" duration="33.095199" total="2" passed="0" failed="2" warnings="0" inconclusive="0" skipped="0" asserts="2">
                  <properties>
                    <property name="Description" value="DATALAYER_17 - Graduate NZ Citizen" />
                    <property name="Category" value="datalayer" />
                    <property name="Category" value="122017" />
                    <property name="Category" value="integration" />
                    <property name="Category" value="regression" />
                  </properties>
                  <failure>
                    <message><![CDATA[One or more child tests had errors]]></message>
                  </failure>
                  <test-case id="0-1292" name="DATALAYER_17_GraduateNZCitizen(&quot;Default Graduate Products&quot;,&quot;Graduate Cheque&quot;,System.String[])" fullname="Join.Form.Customer.Selenium.Features._12_DataLayerFeature.DATALAYER_17_GraduateNZCitizen(&quot;Default Graduate Products&quot;,&quot;Graduate Cheque&quot;,System.String[])" methodname="DATALAYER_17_GraduateNZCitizen" classname="Join.Form.Customer.Selenium.Features._12_DataLayerFeature" runstate="Runnable" seed="1224617125" result="Failed" label="Error" start-time="2017-12-05 16:04:33Z" end-time="2017-12-05 16:04:49Z" duration="16.615222" asserts="1">
                    <properties />
                    <failure>
                      <message><![CDATA[System.TimeoutException : Page element: By.XPath: //tristate-control[@name='confirmGraduationOrApprentinship']//button[contains(text(), 'Yes')] is NOT found!]]></message>
                      <stack-trace><![CDATA[   at Join.Form.Customer.Selenium.UI.Displayed.WaitElementToBeClickable(By pageElement)
   at Join.Form.Customer.Selenium.Pages.IntroductionPage.WaitForTristateDisplayed()
   at Join.Form.Customer.Selenium.StepDefinitions.IntroductionPageSteps.GivenIAmInTheIntroductionPage()
   at TechTalk.SpecFlow.Bindings.BindingInvoker.InvokeBinding(IBinding binding, IContextManager contextManager, Object[] arguments, ITestTracer testTracer, TimeSpan& duration)
   at TechTalk.SpecFlow.Infrastructure.TestExecutionEngine.ExecuteStepMatch(BindingMatch match, Object[] arguments)
   at TechTalk.SpecFlow.Infrastructure.TestExecutionEngine.ExecuteStep(StepInstance stepInstance)
   at TechTalk.SpecFlow.Infrastructure.TestExecutionEngine.OnAfterLastStep()
   at Join.Form.Customer.Selenium.Features._12_DataLayerFeature.ScenarioCleanup()
   at Join.Form.Customer.Selenium.Features._12_DataLayerFeature.DATALAYER_17_GraduateNZCitizen(String scenario, String products, String[] exampleTags)]]></stack-trace>
                    </failure>
                    <output><![CDATA[Given I start my Graduate application
Navigating to URL: https://webappisamdev.asbbank.co.nz/public/join/graduate/?grcDisabled=true
-> done: CommonSteps.GivenIStartMyGraduateApplication() (0.6s)
And I am in the Introduction page
12/6/2017 5:04:34 AMWaitForFeaturesPageLoad: Executing WaitForFrameAndSwitch
12/6/2017 5:04:35 AMWaitForFeaturesPageLoad: Done executing WaitForFrameAndSwitch
-> error: Page element: By.XPath: //tristate-control[@name='confirmGraduationOrApprentinship']//button[contains(text(), 'Yes')] is NOT found!
When I store data layer values
-> skipped because of previous errors
And I change my selected products to 'Graduate Cheque'
-> skipped because of previous errors
And I store data layer values
-> skipped because of previous errors
And I click on 'Next' button
-> skipped because of previous errors
And I store data layer values
-> skipped because of previous errors
And I enter all required details in the Personal details page and clicks on Next button:
  --- table step argument ---
  | Title | FirstName  | MiddleName | LastName | DateOfBirth   | Email             | MobileNumber   | CountriesCitizenship | PreferredIdType |
  | Miss  | Automation |            | RANDOM   | 16 March 1978 | cob2017@asb.co.nz | 021-1234567890 | New Zealand          | Other           |
-> skipped because of previous errors
And I store data layer values
-> skipped because of previous errors
And I enter mandatory Tax Information for NZ citizen and clicks on Next button
-> skipped because of previous errors
And I store data layer values
-> skipped because of previous errors
And I enter 'Kiwi77nz' password and 'MyCode01' verbal password in the ASB Login page and clicks on Next button
-> skipped because of previous errors
And I store data layer values
-> skipped because of previous errors
And I confirm details on the Summary page
-> skipped because of previous errors
Then the Logging you in progress page is displayed
-> skipped because of previous errors
And data layer values are correct
-> skipped because of previous errors
]]></output>
                  </test-case>
                  <test-case id="0-1293" name="DATALAYER_17_GraduateNZCitizen(&quot;All Graduate Products&quot;,&quot;Graduate Cheque, Graduate Overdraft, ASB Visa Rewards Graduate, ASB Visa Light Graduate, Savings On Call, FastSaver&quot;,System.String[])" fullname="Join.Form.Customer.Selenium.Features._12_DataLayerFeature.DATALAYER_17_GraduateNZCitizen(&quot;All Graduate Products&quot;,&quot;Graduate Cheque, Graduate Overdraft, ASB Visa Rewards Graduate, ASB Visa Light Graduate, Savings On Call, FastSaver&quot;,System.String[])" methodname="DATALAYER_17_GraduateNZCitizen" classname="Join.Form.Customer.Selenium.Features._12_DataLayerFeature" runstate="Runnable" seed="2068236128" result="Failed" label="Error" start-time="2017-12-05 16:04:49Z" end-time="2017-12-05 16:05:06Z" duration="16.471853" asserts="1">
                    <properties />
                    <failure>
                      <message><![CDATA[System.TimeoutException : Page element: By.XPath: //tristate-control[@name='confirmGraduationOrApprentinship']//button[contains(text(), 'Yes')] is NOT found!]]></message>
                      <stack-trace><![CDATA[   at Join.Form.Customer.Selenium.UI.Displayed.WaitElementToBeClickable(By pageElement)
   at Join.Form.Customer.Selenium.Pages.IntroductionPage.WaitForTristateDisplayed()
   at Join.Form.Customer.Selenium.StepDefinitions.IntroductionPageSteps.GivenIAmInTheIntroductionPage()
   at TechTalk.SpecFlow.Bindings.BindingInvoker.InvokeBinding(IBinding binding, IContextManager contextManager, Object[] arguments, ITestTracer testTracer, TimeSpan& duration)
   at TechTalk.SpecFlow.Infrastructure.TestExecutionEngine.ExecuteStepMatch(BindingMatch match, Object[] arguments)
   at TechTalk.SpecFlow.Infrastructure.TestExecutionEngine.ExecuteStep(StepInstance stepInstance)
   at TechTalk.SpecFlow.Infrastructure.TestExecutionEngine.OnAfterLastStep()
   at Join.Form.Customer.Selenium.Features._12_DataLayerFeature.ScenarioCleanup()
   at Join.Form.Customer.Selenium.Features._12_DataLayerFeature.DATALAYER_17_GraduateNZCitizen(String scenario, String products, String[] exampleTags)]]></stack-trace>
                    </failure>
                    <output><![CDATA[Given I start my Graduate application
Navigating to URL: https://webappisamdev.asbbank.co.nz/public/join/graduate/?grcDisabled=true
-> done: CommonSteps.GivenIStartMyGraduateApplication() (0.7s)
And I am in the Introduction page
12/6/2017 5:04:51 AMWaitForFeaturesPageLoad: Executing WaitForFrameAndSwitch
12/6/2017 5:04:52 AMWaitForFeaturesPageLoad: Done executing WaitForFrameAndSwitch
-> error: Page element: By.XPath: //tristate-control[@name='confirmGraduationOrApprentinship']//button[contains(text(), 'Yes')] is NOT found!
When I store data layer values
-> skipped because of previous errors
And I change my selected products to 'Graduate Cheque, Graduate Overdraft, ASB Visa Rewards Graduate, ASB Visa Light Graduate, Savings On Call, FastSaver'
-> skipped because of previous errors
And I store data layer values
-> skipped because of previous errors
And I click on 'Next' button
-> skipped because of previous errors
And I store data layer values
-> skipped because of previous errors
And I enter all required details in the Personal details page and clicks on Next button:
  --- table step argument ---
  | Title | FirstName  | MiddleName | LastName | DateOfBirth   | Email             | MobileNumber   | CountriesCitizenship | PreferredIdType |
  | Miss  | Automation |            | RANDOM   | 16 March 1978 | cob2017@asb.co.nz | 021-1234567890 | New Zealand          | Other           |
-> skipped because of previous errors
And I store data layer values
-> skipped because of previous errors
And I enter mandatory Tax Information for NZ citizen and clicks on Next button
-> skipped because of previous errors
And I store data layer values
-> skipped because of previous errors
And I enter 'Kiwi77nz' password and 'MyCode01' verbal password in the ASB Login page and clicks on Next button
-> skipped because of previous errors
And I store data layer values
-> skipped because of previous errors
And I confirm details on the Summary page
-> skipped because of previous errors
Then the Logging you in progress page is displayed
-> skipped because of previous errors
And data layer values are correct
-> skipped because of previous errors
]]></output>
                  </test-case>
                </test-suite>
                <test-suite type="ParameterizedMethod" id="0-1297" name="DATALAYER_18_GraduateNon_NZCitizen" fullname="Join.Form.Customer.Selenium.Features._12_DataLayerFeature.DATALAYER_18_GraduateNon_NZCitizen" classname="Join.Form.Customer.Selenium.Features._12_DataLayerFeature" runstate="Runnable" testcasecount="2" result="Failed" site="Child" start-time="2017-12-05 16:05:06Z" end-time="2017-12-05 16:05:41Z" duration="35.170752" total="2" passed="0" failed="2" warnings="0" inconclusive="0" skipped="0" asserts="2">
                  <properties>
                    <property name="Description" value="DATALAYER_18 - Graduate Non-NZ Citizen" />
                    <property name="Category" value="datalayer" />
                    <property name="Category" value="122017" />
                    <property name="Category" value="integration" />
                    <property name="Category" value="regression" />
                  </properties>
                  <failure>
                    <message><![CDATA[One or more child tests had errors]]></message>
                  </failure>
                  <test-case id="0-1295" name="DATALAYER_18_GraduateNon_NZCitizen(&quot;Default Graduate products&quot;,&quot;Graduate Cheque&quot;,System.String[])" fullname="Join.Form.Customer.Selenium.Features._12_DataLayerFeature.DATALAYER_18_GraduateNon_NZCitizen(&quot;Default Graduate products&quot;,&quot;Graduate Cheque&quot;,System.String[])" methodname="DATALAYER_18_GraduateNon_NZCitizen" classname="Join.Form.Customer.Selenium.Features._12_DataLayerFeature" runstate="Runnable" seed="1899837869" result="Failed" label="Error" start-time="2017-12-05 16:05:06Z" end-time="2017-12-05 16:05:24Z" duration="18.109155" asserts="1">
                    <properties />
                    <failure>
                      <message><![CDATA[System.TimeoutException : Page element: By.XPath: //tristate-control[@name='confirmGraduationOrApprentinship']//button[contains(text(), 'Yes')] is NOT found!]]></message>
                      <stack-trace><![CDATA[   at Join.Form.Customer.Selenium.UI.Displayed.WaitElementToBeClickable(By pageElement)
   at Join.Form.Customer.Selenium.Pages.IntroductionPage.WaitForTristateDisplayed()
   at Join.Form.Customer.Selenium.StepDefinitions.IntroductionPageSteps.GivenIAmInTheIntroductionPage()
   at TechTalk.SpecFlow.Bindings.BindingInvoker.InvokeBinding(IBinding binding, IContextManager contextManager, Object[] arguments, ITestTracer testTracer, TimeSpan& duration)
   at TechTalk.SpecFlow.Infrastructure.TestExecutionEngine.ExecuteStepMatch(BindingMatch match, Object[] arguments)
   at TechTalk.SpecFlow.Infrastructure.TestExecutionEngine.ExecuteStep(StepInstance stepInstance)
   at TechTalk.SpecFlow.Infrastructure.TestExecutionEngine.OnAfterLastStep()
   at Join.Form.Customer.Selenium.Features._12_DataLayerFeature.ScenarioCleanup()
   at Join.Form.Customer.Selenium.Features._12_DataLayerFeature.DATALAYER_18_GraduateNon_NZCitizen(String scenario, String products, String[] exampleTags)]]></stack-trace>
                    </failure>
                    <output><![CDATA[Given I start my Graduate application
Navigating to URL: https://webappisamdev.asbbank.co.nz/public/join/graduate/?grcDisabled=true
-> done: CommonSteps.GivenIStartMyGraduateApplication() (1.0s)
And I am in the Introduction page
12/6/2017 5:05:08 AMWaitForFeaturesPageLoad: Executing WaitForFrameAndSwitch
12/6/2017 5:05:10 AMWaitForFeaturesPageLoad: Done executing WaitForFrameAndSwitch
-> error: Page element: By.XPath: //tristate-control[@name='confirmGraduationOrApprentinship']//button[contains(text(), 'Yes')] is NOT found!
When I store data layer values
-> skipped because of previous errors
And I select 'Yes' in the Graduate question
-> skipped because of previous errors
And I select 'Yes' in the Living in NZ question
-> skipped because of previous errors
And I select 'No' in the NZ Citizen question
-> skipped because of previous errors
And I click on 'Get started' button
-> skipped because of previous errors
And I change my selected products to 'Graduate Cheque'
-> skipped because of previous errors
And I store data layer values
-> skipped because of previous errors
And I click on 'Next' button
-> skipped because of previous errors
And I store data layer values
-> skipped because of previous errors
And I enter all required details in the Personal details page and clicks on Next button:
  --- table step argument ---
  | Title | FirstName  | MiddleName | LastName | DateOfBirth   | Email             | MobileNumber   | CountriesCitizenship | PreferredIdType |
  | Miss  | Automation |            | RANDOM   | 16 March 1978 | cob2017@asb.co.nz | 021-1234567890 | New Zealand          | Other           |
-> skipped because of previous errors
And I store data layer values
-> skipped because of previous errors
And I enter mandatory Tax Information for NZ citizen and clicks on Next button
-> skipped because of previous errors
And I store data layer values
-> skipped because of previous errors
And I enter 'Kiwi77nz' password and 'MyCode01' verbal password in the ASB Login page and clicks on Next button
-> skipped because of previous errors
And I store data layer values
-> skipped because of previous errors
And I confirm details on the Summary page
-> skipped because of previous errors
Then the Logging you in progress page is displayed
-> skipped because of previous errors
And data layer values are correct
-> skipped because of previous errors
]]></output>
                  </test-case>
                  <test-case id="0-1296" name="DATALAYER_18_GraduateNon_NZCitizen(&quot;All Graduate Products&quot;,&quot;Graduate Cheque, ASB Visa Rewards Graduate, ASB Visa Light Graduate, Savings On Call, FastSaver&quot;,System.String[])" fullname="Join.Form.Customer.Selenium.Features._12_DataLayerFeature.DATALAYER_18_GraduateNon_NZCitizen(&quot;All Graduate Products&quot;,&quot;Graduate Cheque, ASB Visa Rewards Graduate, ASB Visa Light Graduate, Savings On Call, FastSaver&quot;,System.String[])" methodname="DATALAYER_18_GraduateNon_NZCitizen" classname="Join.Form.Customer.Selenium.Features._12_DataLayerFeature" runstate="Runnable" seed="80978777" result="Failed" label="Error" start-time="2017-12-05 16:05:24Z" end-time="2017-12-05 16:05:41Z" duration="17.026529" asserts="1">
                    <properties />
                    <failure>
                      <message><![CDATA[System.TimeoutException : Page element: By.XPath: //tristate-control[@name='confirmGraduationOrApprentinship']//button[contains(text(), 'Yes')] is NOT found!]]></message>
                      <stack-trace><![CDATA[   at Join.Form.Customer.Selenium.UI.Displayed.WaitElementToBeClickable(By pageElement)
   at Join.Form.Customer.Selenium.Pages.IntroductionPage.WaitForTristateDisplayed()
   at Join.Form.Customer.Selenium.StepDefinitions.IntroductionPageSteps.GivenIAmInTheIntroductionPage()
   at TechTalk.SpecFlow.Bindings.BindingInvoker.InvokeBinding(IBinding binding, IContextManager contextManager, Object[] arguments, ITestTracer testTracer, TimeSpan& duration)
   at TechTalk.SpecFlow.Infrastructure.TestExecutionEngine.ExecuteStepMatch(BindingMatch match, Object[] arguments)
   at TechTalk.SpecFlow.Infrastructure.TestExecutionEngine.ExecuteStep(StepInstance stepInstance)
   at TechTalk.SpecFlow.Infrastructure.TestExecutionEngine.OnAfterLastStep()
   at Join.Form.Customer.Selenium.Features._12_DataLayerFeature.ScenarioCleanup()
   at Join.Form.Customer.Selenium.Features._12_DataLayerFeature.DATALAYER_18_GraduateNon_NZCitizen(String scenario, String products, String[] exampleTags)]]></stack-trace>
                    </failure>
                    <output><![CDATA[Given I start my Graduate application
Navigating to URL: https://webappisamdev.asbbank.co.nz/public/join/graduate/?grcDisabled=true
-> done: CommonSteps.GivenIStartMyGraduateApplication() (0.6s)
And I am in the Introduction page
12/6/2017 5:05:26 AMWaitForFeaturesPageLoad: Executing WaitForFrameAndSwitch
12/6/2017 5:05:27 AMWaitForFeaturesPageLoad: Done executing WaitForFrameAndSwitch
-> error: Page element: By.XPath: //tristate-control[@name='confirmGraduationOrApprentinship']//button[contains(text(), 'Yes')] is NOT found!
When I store data layer values
-> skipped because of previous errors
And I select 'Yes' in the Graduate question
-> skipped because of previous errors
And I select 'Yes' in the Living in NZ question
-> skipped because of previous errors
And I select 'No' in the NZ Citizen question
-> skipped because of previous errors
And I click on 'Get started' button
-> skipped because of previous errors
And I change my selected products to 'Graduate Cheque, ASB Visa Rewards Graduate, ASB Visa Light Graduate, Savings On Call, FastSaver'
-> skipped because of previous errors
And I store data layer values
-> skipped because of previous errors
And I click on 'Next' button
-> skipped because of previous errors
And I store data layer values
-> skipped because of previous errors
And I enter all required details in the Personal details page and clicks on Next button:
  --- table step argument ---
  | Title | FirstName  | MiddleName | LastName | DateOfBirth   | Email             | MobileNumber   | CountriesCitizenship | PreferredIdType |
  | Miss  | Automation |            | RANDOM   | 16 March 1978 | cob2017@asb.co.nz | 021-1234567890 | New Zealand          | Other           |
-> skipped because of previous errors
And I store data layer values
-> skipped because of previous errors
And I enter mandatory Tax Information for NZ citizen and clicks on Next button
-> skipped because of previous errors
And I store data layer values
-> skipped because of previous errors
And I enter 'Kiwi77nz' password and 'MyCode01' verbal password in the ASB Login page and clicks on Next button
-> skipped because of previous errors
And I store data layer values
-> skipped because of previous errors
And I confirm details on the Summary page
-> skipped because of previous errors
Then the Logging you in progress page is displayed
-> skipped because of previous errors
And data layer values are correct
-> skipped because of previous errors
]]></output>
                  </test-case>
                </test-suite>
              </test-suite>
              <test-suite type="TestFixture" id="0-1000" name="_99_ActivateProfileDetailsFeature" fullname="Join.Form.Customer.Selenium.Features._99_ActivateProfileDetailsFeature" classname="Join.Form.Customer.Selenium.Features._99_ActivateProfileDetailsFeature" runstate="Runnable" testcasecount="39" result="Skipped" label="Ignored" start-time="2017-12-05 16:05:41Z" end-time="2017-12-05 16:05:42Z" duration="0.722749" total="37" passed="0" failed="0" warnings="0" inconclusive="0" skipped="37" asserts="0">
                <properties>
                  <property name="Description" value="99_ActivateProfileDetails" />
                  <property name="Category" value="ignore(&quot;obsoleteDueToCRSChanges&quot;)" />
                </properties>
                <reason>
                  <message><![CDATA[One or more child tests were ignored]]></message>
                </reason>
                <test-suite type="ParameterizedMethod" id="0-1011" name="ACTPROF_01_VerifyCOBDataInActivate" fullname="Join.Form.Customer.Selenium.Features._99_ActivateProfileDetailsFeature.ACTPROF_01_VerifyCOBDataInActivate" classname="Join.Form.Customer.Selenium.Features._99_ActivateProfileDetailsFeature" runstate="Ignored" testcasecount="10" result="Skipped" label="Ignored" site="SetUp" start-time="2017-12-05 16:05:41Z" end-time="2017-12-05 16:05:41Z" duration="0.156315" total="10" passed="0" failed="0" warnings="0" inconclusive="0" skipped="10" asserts="0">
                  <properties>
                    <property name="Description" value="ACTPROF_01 - Verify COB data in Activate" />
                    <property name="_SKIPREASON" value="Ignored scenario" />
                    <property name="Category" value="activateprofile" />
                    <property name="Category" value="COB" />
                    <property name="Category" value="integration" />
                    <property name="Category" value="072016" />
                    <property name="Category" value="eidv" />
                    <property name="Category" value="obsolete" />
                  </properties>
                  <reason>
                    <message><![CDATA[Ignored scenario]]></message>
                  </reason>
                  <test-case id="0-1001" name="ACTPROF_01_VerifyCOBDataInActivate(&quot;NZTaxResident and profile incomplete&quot;,&quot;Streamline intro&quot;,&quot;Yes&quot;,&quot;Skip&quot;,&quot;Skip&quot;,&quot;Skip&quot;,&quot;Skip&quot;,&quot;Yes&quot;,&quot;33%&quot;,&quot;111-111-111&quot;,&quot;New Zealand&quot;,&quot;Skip&quot;,&quot;FALSE&quot;,System.String[])" fullname="Join.Form.Customer.Selenium.Features._99_ActivateProfileDetailsFeature.ACTPROF_01_VerifyCOBDataInActivate(&quot;NZTaxResident and profile incomplete&quot;,&quot;Streamline intro&quot;,&quot;Yes&quot;,&quot;Skip&quot;,&quot;Skip&quot;,&quot;Skip&quot;,&quot;Skip&quot;,&quot;Yes&quot;,&quot;33%&quot;,&quot;111-111-111&quot;,&quot;New Zealand&quot;,&quot;Skip&quot;,&quot;FALSE&quot;,System.String[])" methodname="ACTPROF_01_VerifyCOBDataInActivate" classname="Join.Form.Customer.Selenium.Features._99_ActivateProfileDetailsFeature" runstate="Runnable" seed="1411873091" result="Skipped" label="Ignored" site="Parent" start-time="0001-01-01 00:00:00Z" end-time="0001-01-01 00:00:00Z" duration="0.000000" asserts="0">
                    <properties />
                    <reason>
                      <message><![CDATA[OneTimeSetUp: Ignored scenario]]></message>
                    </reason>
                  </test-case>
                  <test-case id="0-1002" name="ACTPROF_01_VerifyCOBDataInActivate(&quot;NZTaxResident - Exempt and profile complete on submit&quot;,&quot;Streamline intro,ASB Visa Debit&quot;,&quot;Yes&quot;,&quot;Exempt from withholding tax&quot;,&quot;Skip&quot;,&quot;Skip&quot;,&quot;Skip&quot;,&quot;Yes&quot;,&quot;Exempt from withholding tax&quot;,&quot;Skip&quot;,&quot;New Zealand&quot;,&quot;Australia - X123GH78, India - 9856GFT8, Argentina - X123GH78, Svalbard and Jan Mayen Islands - GT7646HG&quot;,&quot;TRUE&quot;,System.String[])" fullname="Join.Form.Customer.Selenium.Features._99_ActivateProfileDetailsFeature.ACTPROF_01_VerifyCOBDataInActivate(&quot;NZTaxResident - Exempt and profile complete on submit&quot;,&quot;Streamline intro,ASB Visa Debit&quot;,&quot;Yes&quot;,&quot;Exempt from withholding tax&quot;,&quot;Skip&quot;,&quot;Skip&quot;,&quot;Skip&quot;,&quot;Yes&quot;,&quot;Exempt from withholding tax&quot;,&quot;Skip&quot;,&quot;New Zealand&quot;,&quot;Australia - X123GH78, India - 9856GFT8, Argentina - X123GH78, Svalbard and Jan Mayen Islands - GT7646HG&quot;,&quot;TRUE&quot;,System.String[])" methodname="ACTPROF_01_VerifyCOBDataInActivate" classname="Join.Form.Customer.Selenium.Features._99_ActivateProfileDetailsFeature" runstate="Runnable" seed="1681449023" result="Skipped" label="Ignored" site="Parent" start-time="0001-01-01 00:00:00Z" end-time="0001-01-01 00:00:00Z" duration="0.000000" asserts="0">
                    <properties />
                    <reason>
                      <message><![CDATA[OneTimeSetUp: Ignored scenario]]></message>
                    </reason>
                  </test-case>
                  <test-case id="0-1003" name="ACTPROF_01_VerifyCOBDataInActivate(&quot;NZTaxResident, Citizenship and profile incomplete&quot;,&quot;Streamline intro&quot;,&quot;Yes&quot;,&quot;Skip&quot;,&quot;Skip&quot;,&quot;New Zealand, Australia, India, Svalbard and Jan Mayen Islands&quot;,&quot;Skip&quot;,&quot;Yes&quot;,&quot;17.5%&quot;,&quot;49-091-850&quot;,&quot;Skip&quot;,&quot;New Zealand&quot;,&quot;FALSE&quot;,System.String[])" fullname="Join.Form.Customer.Selenium.Features._99_ActivateProfileDetailsFeature.ACTPROF_01_VerifyCOBDataInActivate(&quot;NZTaxResident, Citizenship and profile incomplete&quot;,&quot;Streamline intro&quot;,&quot;Yes&quot;,&quot;Skip&quot;,&quot;Skip&quot;,&quot;New Zealand, Australia, India, Svalbard and Jan Mayen Islands&quot;,&quot;Skip&quot;,&quot;Yes&quot;,&quot;17.5%&quot;,&quot;49-091-850&quot;,&quot;Skip&quot;,&quot;New Zealand&quot;,&quot;FALSE&quot;,System.String[])" methodname="ACTPROF_01_VerifyCOBDataInActivate" classname="Join.Form.Customer.Selenium.Features._99_ActivateProfileDetailsFeature" runstate="Runnable" seed="411295677" result="Skipped" label="Ignored" site="Parent" start-time="0001-01-01 00:00:00Z" end-time="0001-01-01 00:00:00Z" duration="0.000000" asserts="0">
                    <properties />
                    <reason>
                      <message><![CDATA[OneTimeSetUp: Ignored scenario]]></message>
                    </reason>
                  </test-case>
                  <test-case id="0-1004" name="ACTPROF_01_VerifyCOBDataInActivate(&quot;Not NZTaxResident  and profile incomplete&quot;,&quot;Streamline intro&quot;,&quot;No&quot;,&quot;Skip&quot;,&quot;Skip&quot;,&quot;Skip&quot;,&quot;Australia - X123GH78&quot;,&quot;Yes&quot;,&quot;33%&quot;,&quot;111-111-111&quot;,&quot;Skip&quot;,&quot;Australia - X123GH78, India - 9856GFT8, Argentina - X123GH78, Svalbard and Jan Mayen Islands - GT7646HG&quot;,&quot;FALSE&quot;,System.String[])" fullname="Join.Form.Customer.Selenium.Features._99_ActivateProfileDetailsFeature.ACTPROF_01_VerifyCOBDataInActivate(&quot;Not NZTaxResident  and profile incomplete&quot;,&quot;Streamline intro&quot;,&quot;No&quot;,&quot;Skip&quot;,&quot;Skip&quot;,&quot;Skip&quot;,&quot;Australia - X123GH78&quot;,&quot;Yes&quot;,&quot;33%&quot;,&quot;111-111-111&quot;,&quot;Skip&quot;,&quot;Australia - X123GH78, India - 9856GFT8, Argentina - X123GH78, Svalbard and Jan Mayen Islands - GT7646HG&quot;,&quot;FALSE&quot;,System.String[])" methodname="ACTPROF_01_VerifyCOBDataInActivate" classname="Join.Form.Customer.Selenium.Features._99_ActivateProfileDetailsFeature" runstate="Runnable" seed="1007316424" result="Skipped" label="Ignored" site="Parent" start-time="0001-01-01 00:00:00Z" end-time="0001-01-01 00:00:00Z" duration="0.000000" asserts="0">
                    <properties />
                    <reason>
                      <message><![CDATA[OneTimeSetUp: Ignored scenario]]></message>
                    </reason>
                  </test-case>
                  <test-case id="0-1005" name="ACTPROF_01_VerifyCOBDataInActivate(&quot;No-Exempt from withholding tax and profile complete on submit&quot;,&quot;Streamline intro,ASB Visa Debit&quot;,&quot;No&quot;,&quot;Exempt from withholding tax&quot;,&quot;111-111-111&quot;,&quot;Skip&quot;,&quot;Australia - X123GH78&quot;,&quot;No&quot;,&quot;Non-resident Withholding tax rate&quot;,&quot;111-111-111&quot;,&quot;New Zealand, Australia, India, Svalbard and Jan Mayen Islands&quot;,&quot;Australia - X123GH78&quot;,&quot;TRUE&quot;,System.String[])" fullname="Join.Form.Customer.Selenium.Features._99_ActivateProfileDetailsFeature.ACTPROF_01_VerifyCOBDataInActivate(&quot;No-Exempt from withholding tax and profile complete on submit&quot;,&quot;Streamline intro,ASB Visa Debit&quot;,&quot;No&quot;,&quot;Exempt from withholding tax&quot;,&quot;111-111-111&quot;,&quot;Skip&quot;,&quot;Australia - X123GH78&quot;,&quot;No&quot;,&quot;Non-resident Withholding tax rate&quot;,&quot;111-111-111&quot;,&quot;New Zealand, Australia, India, Svalbard and Jan Mayen Islands&quot;,&quot;Australia - X123GH78&quot;,&quot;TRUE&quot;,System.String[])" methodname="ACTPROF_01_VerifyCOBDataInActivate" classname="Join.Form.Customer.Selenium.Features._99_ActivateProfileDetailsFeature" runstate="Runnable" seed="1743389104" result="Skipped" label="Ignored" site="Parent" start-time="0001-01-01 00:00:00Z" end-time="0001-01-01 00:00:00Z" duration="0.000000" asserts="0">
                    <properties />
                    <reason>
                      <message><![CDATA[OneTimeSetUp: Ignored scenario]]></message>
                    </reason>
                  </test-case>
                  <test-case id="0-1006" name="ACTPROF_01_VerifyCOBDataInActivate(&quot;NZTaxResident - 33% and profile complete on submit&quot;,&quot;Streamline intro,ASB Visa Debit&quot;,&quot;Yes&quot;,&quot;33%&quot;,&quot;Skip&quot;,&quot;Skip&quot;,&quot;Skip&quot;,&quot;Yes&quot;,&quot;33%&quot;,&quot;111-111-111&quot;,&quot;New Zealand&quot;,&quot;Australia - X123GH78&quot;,&quot;TRUE&quot;,null)" fullname="Join.Form.Customer.Selenium.Features._99_ActivateProfileDetailsFeature.ACTPROF_01_VerifyCOBDataInActivate(&quot;NZTaxResident - 33% and profile complete on submit&quot;,&quot;Streamline intro,ASB Visa Debit&quot;,&quot;Yes&quot;,&quot;33%&quot;,&quot;Skip&quot;,&quot;Skip&quot;,&quot;Skip&quot;,&quot;Yes&quot;,&quot;33%&quot;,&quot;111-111-111&quot;,&quot;New Zealand&quot;,&quot;Australia - X123GH78&quot;,&quot;TRUE&quot;,null)" methodname="ACTPROF_01_VerifyCOBDataInActivate" classname="Join.Form.Customer.Selenium.Features._99_ActivateProfileDetailsFeature" runstate="Runnable" seed="2144492236" result="Skipped" label="Ignored" site="Parent" start-time="0001-01-01 00:00:00Z" end-time="0001-01-01 00:00:00Z" duration="0.000000" asserts="0">
                    <properties>
                      <property name="Category" value="regression" />
                    </properties>
                    <reason>
                      <message><![CDATA[OneTimeSetUp: Ignored scenario]]></message>
                    </reason>
                  </test-case>
                  <test-case id="0-1007" name="ACTPROF_01_VerifyCOBDataInActivate(&quot;NZTaxResident - 17.5% and profile incomplete&quot;,&quot;Streamline intro&quot;,&quot;Yes&quot;,&quot;17.5%&quot;,&quot;49-091-850&quot;,&quot;Skip&quot;,&quot;Skip&quot;,&quot;Yes&quot;,&quot;10.5%&quot;,&quot;35-901-981&quot;,&quot;New Zealand, Australia, India, Svalbard and Jan Mayen Islands&quot;,&quot;Skip&quot;,&quot;FALSE&quot;,null)" fullname="Join.Form.Customer.Selenium.Features._99_ActivateProfileDetailsFeature.ACTPROF_01_VerifyCOBDataInActivate(&quot;NZTaxResident - 17.5% and profile incomplete&quot;,&quot;Streamline intro&quot;,&quot;Yes&quot;,&quot;17.5%&quot;,&quot;49-091-850&quot;,&quot;Skip&quot;,&quot;Skip&quot;,&quot;Yes&quot;,&quot;10.5%&quot;,&quot;35-901-981&quot;,&quot;New Zealand, Australia, India, Svalbard and Jan Mayen Islands&quot;,&quot;Skip&quot;,&quot;FALSE&quot;,null)" methodname="ACTPROF_01_VerifyCOBDataInActivate" classname="Join.Form.Customer.Selenium.Features._99_ActivateProfileDetailsFeature" runstate="Runnable" seed="1099701348" result="Skipped" label="Ignored" site="Parent" start-time="0001-01-01 00:00:00Z" end-time="0001-01-01 00:00:00Z" duration="0.000000" asserts="0">
                    <properties>
                      <property name="Category" value="regression" />
                    </properties>
                    <reason>
                      <message><![CDATA[OneTimeSetUp: Ignored scenario]]></message>
                    </reason>
                  </test-case>
                  <test-case id="0-1008" name="ACTPROF_01_VerifyCOBDataInActivate(&quot;NZTaxResident, FTR and profile incomplete&quot;,&quot;Streamline intro,ASB Visa Debit&quot;,&quot;Yes&quot;,&quot;Skip&quot;,&quot;Skip&quot;,&quot;Skip&quot;,&quot;Australia - X123GH78, India - 9856GFT8, Argentina - X123GH78, Svalbard and Jan Mayen Islands - GT7646HG&quot;,&quot;Yes&quot;,&quot;Skip&quot;,&quot;Skip&quot;,&quot;Skip&quot;,&quot;Australia&quot;,&quot;FALSE&quot;,null)" fullname="Join.Form.Customer.Selenium.Features._99_ActivateProfileDetailsFeature.ACTPROF_01_VerifyCOBDataInActivate(&quot;NZTaxResident, FTR and profile incomplete&quot;,&quot;Streamline intro,ASB Visa Debit&quot;,&quot;Yes&quot;,&quot;Skip&quot;,&quot;Skip&quot;,&quot;Skip&quot;,&quot;Australia - X123GH78, India - 9856GFT8, Argentina - X123GH78, Svalbard and Jan Mayen Islands - GT7646HG&quot;,&quot;Yes&quot;,&quot;Skip&quot;,&quot;Skip&quot;,&quot;Skip&quot;,&quot;Australia&quot;,&quot;FALSE&quot;,null)" methodname="ACTPROF_01_VerifyCOBDataInActivate" classname="Join.Form.Customer.Selenium.Features._99_ActivateProfileDetailsFeature" runstate="Runnable" seed="1428928655" result="Skipped" label="Ignored" site="Parent" start-time="0001-01-01 00:00:00Z" end-time="0001-01-01 00:00:00Z" duration="0.000000" asserts="0">
                    <properties>
                      <property name="Category" value="regression" />
                    </properties>
                    <reason>
                      <message><![CDATA[OneTimeSetUp: Ignored scenario]]></message>
                    </reason>
                  </test-case>
                  <test-case id="0-1009" name="ACTPROF_01_VerifyCOBDataInActivate(&quot;No-Approved Issuer Levy at 2% and profile complete on submit&quot;,&quot;Streamline intro,ASB Visa Debit&quot;,&quot;No&quot;,&quot;Approved Issuer Levy at 2%&quot;,&quot;Skip&quot;,&quot;Skip&quot;,&quot;Australia&quot;,&quot;No&quot;,&quot;Approved Issuer Levy at 2%&quot;,&quot;Skip&quot;,&quot;New Zealand&quot;,&quot;Australia - X123GH78&quot;,&quot;TRUE&quot;,null)" fullname="Join.Form.Customer.Selenium.Features._99_ActivateProfileDetailsFeature.ACTPROF_01_VerifyCOBDataInActivate(&quot;No-Approved Issuer Levy at 2% and profile complete on submit&quot;,&quot;Streamline intro,ASB Visa Debit&quot;,&quot;No&quot;,&quot;Approved Issuer Levy at 2%&quot;,&quot;Skip&quot;,&quot;Skip&quot;,&quot;Australia&quot;,&quot;No&quot;,&quot;Approved Issuer Levy at 2%&quot;,&quot;Skip&quot;,&quot;New Zealand&quot;,&quot;Australia - X123GH78&quot;,&quot;TRUE&quot;,null)" methodname="ACTPROF_01_VerifyCOBDataInActivate" classname="Join.Form.Customer.Selenium.Features._99_ActivateProfileDetailsFeature" runstate="Runnable" seed="762469374" result="Skipped" label="Ignored" site="Parent" start-time="0001-01-01 00:00:00Z" end-time="0001-01-01 00:00:00Z" duration="0.000000" asserts="0">
                    <properties>
                      <property name="Category" value="regression" />
                    </properties>
                    <reason>
                      <message><![CDATA[OneTimeSetUp: Ignored scenario]]></message>
                    </reason>
                  </test-case>
                  <test-case id="0-1010" name="ACTPROF_01_VerifyCOBDataInActivate(&quot;No-Non-resident Withholding tax rate and profile incomplete&quot;,&quot;Streamline intro&quot;,&quot;No&quot;,&quot;Non-resident Withholding tax rate&quot;,&quot;49-091-850&quot;,&quot;Skip&quot;,&quot;Australia - X123GH78&quot;,&quot;No&quot;,&quot;Exempt from withholding tax&quot;,&quot;49-091-850&quot;,&quot;Skip&quot;,&quot;Australia - X123GH78&quot;,&quot;FALSE&quot;,null)" fullname="Join.Form.Customer.Selenium.Features._99_ActivateProfileDetailsFeature.ACTPROF_01_VerifyCOBDataInActivate(&quot;No-Non-resident Withholding tax rate and profile incomplete&quot;,&quot;Streamline intro&quot;,&quot;No&quot;,&quot;Non-resident Withholding tax rate&quot;,&quot;49-091-850&quot;,&quot;Skip&quot;,&quot;Australia - X123GH78&quot;,&quot;No&quot;,&quot;Exempt from withholding tax&quot;,&quot;49-091-850&quot;,&quot;Skip&quot;,&quot;Australia - X123GH78&quot;,&quot;FALSE&quot;,null)" methodname="ACTPROF_01_VerifyCOBDataInActivate" classname="Join.Form.Customer.Selenium.Features._99_ActivateProfileDetailsFeature" runstate="Runnable" seed="2033792645" result="Skipped" label="Ignored" site="Parent" start-time="0001-01-01 00:00:00Z" end-time="0001-01-01 00:00:00Z" duration="0.000000" asserts="0">
                    <properties>
                      <property name="Category" value="regression" />
                    </properties>
                    <reason>
                      <message><![CDATA[OneTimeSetUp: Ignored scenario]]></message>
                    </reason>
                  </test-case>
                </test-suite>
                <test-suite type="ParameterizedMethod" id="0-1022" name="ACTPROF_02_UpdateCOBDataInActivate" fullname="Join.Form.Customer.Selenium.Features._99_ActivateProfileDetailsFeature.ACTPROF_02_UpdateCOBDataInActivate" classname="Join.Form.Customer.Selenium.Features._99_ActivateProfileDetailsFeature" runstate="Ignored" testcasecount="10" result="Skipped" label="Ignored" site="SetUp" start-time="2017-12-05 16:05:41Z" end-time="2017-12-05 16:05:41Z" duration="0.156268" total="10" passed="0" failed="0" warnings="0" inconclusive="0" skipped="10" asserts="0">
                  <properties>
                    <property name="Description" value="ACTPROF_02 - Update COB data in Activate" />
                    <property name="_SKIPREASON" value="Ignored scenario" />
                    <property name="Category" value="activateprofile" />
                    <property name="Category" value="COB" />
                    <property name="Category" value="integration" />
                    <property name="Category" value="072016" />
                    <property name="Category" value="eidv" />
                    <property name="Category" value="obsolete" />
                  </properties>
                  <reason>
                    <message><![CDATA[Ignored scenario]]></message>
                  </reason>
                  <test-case id="0-1012" name="ACTPROF_02_UpdateCOBDataInActivate(&quot;NZTaxResident and profile incomplete&quot;,&quot;Streamline intro&quot;,&quot;Yes&quot;,&quot;Skip&quot;,&quot;Skip&quot;,&quot;Skip&quot;,&quot;Skip&quot;,&quot;Yes&quot;,&quot;33%&quot;,&quot;111-111-111&quot;,&quot;New Zealand&quot;,&quot;No&quot;,&quot;TRUE&quot;,System.String[])" fullname="Join.Form.Customer.Selenium.Features._99_ActivateProfileDetailsFeature.ACTPROF_02_UpdateCOBDataInActivate(&quot;NZTaxResident and profile incomplete&quot;,&quot;Streamline intro&quot;,&quot;Yes&quot;,&quot;Skip&quot;,&quot;Skip&quot;,&quot;Skip&quot;,&quot;Skip&quot;,&quot;Yes&quot;,&quot;33%&quot;,&quot;111-111-111&quot;,&quot;New Zealand&quot;,&quot;No&quot;,&quot;TRUE&quot;,System.String[])" methodname="ACTPROF_02_UpdateCOBDataInActivate" classname="Join.Form.Customer.Selenium.Features._99_ActivateProfileDetailsFeature" runstate="Runnable" seed="2077776938" result="Skipped" label="Ignored" site="Parent" start-time="0001-01-01 00:00:00Z" end-time="0001-01-01 00:00:00Z" duration="0.000000" asserts="0">
                    <properties />
                    <reason>
                      <message><![CDATA[OneTimeSetUp: Ignored scenario]]></message>
                    </reason>
                  </test-case>
                  <test-case id="0-1013" name="ACTPROF_02_UpdateCOBDataInActivate(&quot;NZTaxResident - 17.5% and profile incomplete&quot;,&quot;Streamline intro&quot;,&quot;Yes&quot;,&quot;17.5%&quot;,&quot;49-091-850&quot;,&quot;Skip&quot;,&quot;Skip&quot;,&quot;Yes&quot;,&quot;10.5%&quot;,&quot;35-901-981&quot;,&quot;New Zealand, Australia, India, Svalbard and Jan Mayen Islands&quot;,&quot;Singapore&quot;,&quot;TRUE&quot;,System.String[])" fullname="Join.Form.Customer.Selenium.Features._99_ActivateProfileDetailsFeature.ACTPROF_02_UpdateCOBDataInActivate(&quot;NZTaxResident - 17.5% and profile incomplete&quot;,&quot;Streamline intro&quot;,&quot;Yes&quot;,&quot;17.5%&quot;,&quot;49-091-850&quot;,&quot;Skip&quot;,&quot;Skip&quot;,&quot;Yes&quot;,&quot;10.5%&quot;,&quot;35-901-981&quot;,&quot;New Zealand, Australia, India, Svalbard and Jan Mayen Islands&quot;,&quot;Singapore&quot;,&quot;TRUE&quot;,System.String[])" methodname="ACTPROF_02_UpdateCOBDataInActivate" classname="Join.Form.Customer.Selenium.Features._99_ActivateProfileDetailsFeature" runstate="Runnable" seed="849604877" result="Skipped" label="Ignored" site="Parent" start-time="0001-01-01 00:00:00Z" end-time="0001-01-01 00:00:00Z" duration="0.000000" asserts="0">
                    <properties />
                    <reason>
                      <message><![CDATA[OneTimeSetUp: Ignored scenario]]></message>
                    </reason>
                  </test-case>
                  <test-case id="0-1014" name="ACTPROF_02_UpdateCOBDataInActivate(&quot;NZTaxResident, FTR and profile incomplete&quot;,&quot;Streamline intro,ASB Visa Debit&quot;,&quot;Yes&quot;,&quot;Skip&quot;,&quot;Skip&quot;,&quot;Skip&quot;,&quot;Australia - X123GH78, India - 9856GFT8, Argentina - X123GH78, Svalbard and Jan Mayen Islands - GT7646HG&quot;,&quot;Yes&quot;,&quot;Skip&quot;,&quot;Skip&quot;,&quot;United States&quot;,&quot;Australia&quot;,&quot;TRUE&quot;,System.String[])" fullname="Join.Form.Customer.Selenium.Features._99_ActivateProfileDetailsFeature.ACTPROF_02_UpdateCOBDataInActivate(&quot;NZTaxResident, FTR and profile incomplete&quot;,&quot;Streamline intro,ASB Visa Debit&quot;,&quot;Yes&quot;,&quot;Skip&quot;,&quot;Skip&quot;,&quot;Skip&quot;,&quot;Australia - X123GH78, India - 9856GFT8, Argentina - X123GH78, Svalbard and Jan Mayen Islands - GT7646HG&quot;,&quot;Yes&quot;,&quot;Skip&quot;,&quot;Skip&quot;,&quot;United States&quot;,&quot;Australia&quot;,&quot;TRUE&quot;,System.String[])" methodname="ACTPROF_02_UpdateCOBDataInActivate" classname="Join.Form.Customer.Selenium.Features._99_ActivateProfileDetailsFeature" runstate="Runnable" seed="1070869514" result="Skipped" label="Ignored" site="Parent" start-time="0001-01-01 00:00:00Z" end-time="0001-01-01 00:00:00Z" duration="0.000000" asserts="0">
                    <properties />
                    <reason>
                      <message><![CDATA[OneTimeSetUp: Ignored scenario]]></message>
                    </reason>
                  </test-case>
                  <test-case id="0-1015" name="ACTPROF_02_UpdateCOBDataInActivate(&quot;No-Approved Issuer Levy at 2% and profile complete on submit&quot;,&quot;Streamline intro,ASB Visa Debit&quot;,&quot;No&quot;,&quot;Approved Issuer Levy at 2%&quot;,&quot;Skip&quot;,&quot;Skip&quot;,&quot;Australia&quot;,&quot;No&quot;,&quot;Approved Issuer Levy at 2%&quot;,&quot;Skip&quot;,&quot;New Zealand&quot;,&quot;Australia - X123GH78&quot;,&quot;TRUE&quot;,System.String[])" fullname="Join.Form.Customer.Selenium.Features._99_ActivateProfileDetailsFeature.ACTPROF_02_UpdateCOBDataInActivate(&quot;No-Approved Issuer Levy at 2% and profile complete on submit&quot;,&quot;Streamline intro,ASB Visa Debit&quot;,&quot;No&quot;,&quot;Approved Issuer Levy at 2%&quot;,&quot;Skip&quot;,&quot;Skip&quot;,&quot;Australia&quot;,&quot;No&quot;,&quot;Approved Issuer Levy at 2%&quot;,&quot;Skip&quot;,&quot;New Zealand&quot;,&quot;Australia - X123GH78&quot;,&quot;TRUE&quot;,System.String[])" methodname="ACTPROF_02_UpdateCOBDataInActivate" classname="Join.Form.Customer.Selenium.Features._99_ActivateProfileDetailsFeature" runstate="Runnable" seed="1980695208" result="Skipped" label="Ignored" site="Parent" start-time="0001-01-01 00:00:00Z" end-time="0001-01-01 00:00:00Z" duration="0.000000" asserts="0">
                    <properties />
                    <reason>
                      <message><![CDATA[OneTimeSetUp: Ignored scenario]]></message>
                    </reason>
                  </test-case>
                  <test-case id="0-1016" name="ACTPROF_02_UpdateCOBDataInActivate(&quot;No-Non-resident Withholding tax rate and profile incomplete&quot;,&quot;Streamline intro&quot;,&quot;No&quot;,&quot;Non-resident Withholding tax rate&quot;,&quot;49-091-850&quot;,&quot;Skip&quot;,&quot;Australia - X123GH78&quot;,&quot;No&quot;,&quot;Exempt from withholding tax&quot;,&quot;49-091-850&quot;,&quot;Australia&quot;,&quot;No&quot;,&quot;TRUE&quot;,System.String[])" fullname="Join.Form.Customer.Selenium.Features._99_ActivateProfileDetailsFeature.ACTPROF_02_UpdateCOBDataInActivate(&quot;No-Non-resident Withholding tax rate and profile incomplete&quot;,&quot;Streamline intro&quot;,&quot;No&quot;,&quot;Non-resident Withholding tax rate&quot;,&quot;49-091-850&quot;,&quot;Skip&quot;,&quot;Australia - X123GH78&quot;,&quot;No&quot;,&quot;Exempt from withholding tax&quot;,&quot;49-091-850&quot;,&quot;Australia&quot;,&quot;No&quot;,&quot;TRUE&quot;,System.String[])" methodname="ACTPROF_02_UpdateCOBDataInActivate" classname="Join.Form.Customer.Selenium.Features._99_ActivateProfileDetailsFeature" runstate="Runnable" seed="749035653" result="Skipped" label="Ignored" site="Parent" start-time="0001-01-01 00:00:00Z" end-time="0001-01-01 00:00:00Z" duration="0.000000" asserts="0">
                    <properties />
                    <reason>
                      <message><![CDATA[OneTimeSetUp: Ignored scenario]]></message>
                    </reason>
                  </test-case>
                  <test-case id="0-1017" name="ACTPROF_02_UpdateCOBDataInActivate(&quot;No-Exempt from withholding tax and profile complete on submit&quot;,&quot;Streamline intro,ASB Visa Debit&quot;,&quot;No&quot;,&quot;Exempt from withholding tax&quot;,&quot;111-111-111&quot;,&quot;Skip&quot;,&quot;Australia - X123GH78&quot;,&quot;No&quot;,&quot;Non-resident Withholding tax rate&quot;,&quot;111-111-111&quot;,&quot;New Zealand, Australia, India, Svalbard and Jan Mayen Islands&quot;,&quot;Australia - X123GH78&quot;,&quot;TRUE&quot;,System.String[])" fullname="Join.Form.Customer.Selenium.Features._99_ActivateProfileDetailsFeature.ACTPROF_02_UpdateCOBDataInActivate(&quot;No-Exempt from withholding tax and profile complete on submit&quot;,&quot;Streamline intro,ASB Visa Debit&quot;,&quot;No&quot;,&quot;Exempt from withholding tax&quot;,&quot;111-111-111&quot;,&quot;Skip&quot;,&quot;Australia - X123GH78&quot;,&quot;No&quot;,&quot;Non-resident Withholding tax rate&quot;,&quot;111-111-111&quot;,&quot;New Zealand, Australia, India, Svalbard and Jan Mayen Islands&quot;,&quot;Australia - X123GH78&quot;,&quot;TRUE&quot;,System.String[])" methodname="ACTPROF_02_UpdateCOBDataInActivate" classname="Join.Form.Customer.Selenium.Features._99_ActivateProfileDetailsFeature" runstate="Runnable" seed="588793871" result="Skipped" label="Ignored" site="Parent" start-time="0001-01-01 00:00:00Z" end-time="0001-01-01 00:00:00Z" duration="0.000000" asserts="0">
                    <properties />
                    <reason>
                      <message><![CDATA[OneTimeSetUp: Ignored scenario]]></message>
                    </reason>
                  </test-case>
                  <test-case id="0-1018" name="ACTPROF_02_UpdateCOBDataInActivate(&quot;NZTaxResident - 33% and profile complete on submit&quot;,&quot;Streamline intro,ASB Visa Debit&quot;,&quot;Yes&quot;,&quot;33%&quot;,&quot;Skip&quot;,&quot;Skip&quot;,&quot;Skip&quot;,&quot;Yes&quot;,&quot;33%&quot;,&quot;111-111-111&quot;,&quot;New Zealand&quot;,&quot;Australia - X123GH78&quot;,&quot;TRUE&quot;,null)" fullname="Join.Form.Customer.Selenium.Features._99_ActivateProfileDetailsFeature.ACTPROF_02_UpdateCOBDataInActivate(&quot;NZTaxResident - 33% and profile complete on submit&quot;,&quot;Streamline intro,ASB Visa Debit&quot;,&quot;Yes&quot;,&quot;33%&quot;,&quot;Skip&quot;,&quot;Skip&quot;,&quot;Skip&quot;,&quot;Yes&quot;,&quot;33%&quot;,&quot;111-111-111&quot;,&quot;New Zealand&quot;,&quot;Australia - X123GH78&quot;,&quot;TRUE&quot;,null)" methodname="ACTPROF_02_UpdateCOBDataInActivate" classname="Join.Form.Customer.Selenium.Features._99_ActivateProfileDetailsFeature" runstate="Runnable" seed="322298463" result="Skipped" label="Ignored" site="Parent" start-time="0001-01-01 00:00:00Z" end-time="0001-01-01 00:00:00Z" duration="0.000000" asserts="0">
                    <properties>
                      <property name="Category" value="regression" />
                    </properties>
                    <reason>
                      <message><![CDATA[OneTimeSetUp: Ignored scenario]]></message>
                    </reason>
                  </test-case>
                  <test-case id="0-1019" name="ACTPROF_02_UpdateCOBDataInActivate(&quot;NZTaxResident - Exempt and profile complete on submit&quot;,&quot;Streamline intro,ASB Visa Debit&quot;,&quot;Yes&quot;,&quot;Exempt from withholding tax&quot;,&quot;Skip&quot;,&quot;Skip&quot;,&quot;Skip&quot;,&quot;Yes&quot;,&quot;Exempt from withholding tax&quot;,&quot;Skip&quot;,&quot;New Zealand&quot;,&quot;Australia - X123GH78, India - 9856GFT8, Argentina - X123GH78, Svalbard and Jan Mayen Islands - GT7646HG&quot;,&quot;TRUE&quot;,null)" fullname="Join.Form.Customer.Selenium.Features._99_ActivateProfileDetailsFeature.ACTPROF_02_UpdateCOBDataInActivate(&quot;NZTaxResident - Exempt and profile complete on submit&quot;,&quot;Streamline intro,ASB Visa Debit&quot;,&quot;Yes&quot;,&quot;Exempt from withholding tax&quot;,&quot;Skip&quot;,&quot;Skip&quot;,&quot;Skip&quot;,&quot;Yes&quot;,&quot;Exempt from withholding tax&quot;,&quot;Skip&quot;,&quot;New Zealand&quot;,&quot;Australia - X123GH78, India - 9856GFT8, Argentina - X123GH78, Svalbard and Jan Mayen Islands - GT7646HG&quot;,&quot;TRUE&quot;,null)" methodname="ACTPROF_02_UpdateCOBDataInActivate" classname="Join.Form.Customer.Selenium.Features._99_ActivateProfileDetailsFeature" runstate="Runnable" seed="1662293872" result="Skipped" label="Ignored" site="Parent" start-time="0001-01-01 00:00:00Z" end-time="0001-01-01 00:00:00Z" duration="0.000000" asserts="0">
                    <properties>
                      <property name="Category" value="regression" />
                    </properties>
                    <reason>
                      <message><![CDATA[OneTimeSetUp: Ignored scenario]]></message>
                    </reason>
                  </test-case>
                  <test-case id="0-1020" name="ACTPROF_02_UpdateCOBDataInActivate(&quot;NZTaxResident, Citizenship and profile incomplete&quot;,&quot;Streamline intro&quot;,&quot;Yes&quot;,&quot;Skip&quot;,&quot;Skip&quot;,&quot;New Zealand, Australia, India, Svalbard and Jan Mayen Islands&quot;,&quot;Skip&quot;,&quot;Yes&quot;,&quot;17.5%&quot;,&quot;49-091-850&quot;,&quot;New Zealand, Australia, India, Svalbard and Jan Mayen Islands&quot;,&quot;United States&quot;,&quot;TRUE&quot;,null)" fullname="Join.Form.Customer.Selenium.Features._99_ActivateProfileDetailsFeature.ACTPROF_02_UpdateCOBDataInActivate(&quot;NZTaxResident, Citizenship and profile incomplete&quot;,&quot;Streamline intro&quot;,&quot;Yes&quot;,&quot;Skip&quot;,&quot;Skip&quot;,&quot;New Zealand, Australia, India, Svalbard and Jan Mayen Islands&quot;,&quot;Skip&quot;,&quot;Yes&quot;,&quot;17.5%&quot;,&quot;49-091-850&quot;,&quot;New Zealand, Australia, India, Svalbard and Jan Mayen Islands&quot;,&quot;United States&quot;,&quot;TRUE&quot;,null)" methodname="ACTPROF_02_UpdateCOBDataInActivate" classname="Join.Form.Customer.Selenium.Features._99_ActivateProfileDetailsFeature" runstate="Runnable" seed="1790860835" result="Skipped" label="Ignored" site="Parent" start-time="0001-01-01 00:00:00Z" end-time="0001-01-01 00:00:00Z" duration="0.000000" asserts="0">
                    <properties>
                      <property name="Category" value="regression" />
                    </properties>
                    <reason>
                      <message><![CDATA[OneTimeSetUp: Ignored scenario]]></message>
                    </reason>
                  </test-case>
                  <test-case id="0-1021" name="ACTPROF_02_UpdateCOBDataInActivate(&quot;Not NZTaxResident  and profile incomplete&quot;,&quot;Streamline intro&quot;,&quot;No&quot;,&quot;Skip&quot;,&quot;Skip&quot;,&quot;Skip&quot;,&quot;Australia - X123GH78&quot;,&quot;Yes&quot;,&quot;33%&quot;,&quot;111-111-111&quot;,&quot;United States&quot;,&quot;Australia - X123GH78, India - 9856GFT8, Argentina - X123GH78, Svalbard and Jan Mayen Islands - GT7646HG&quot;,&quot;TRUE&quot;,null)" fullname="Join.Form.Customer.Selenium.Features._99_ActivateProfileDetailsFeature.ACTPROF_02_UpdateCOBDataInActivate(&quot;Not NZTaxResident  and profile incomplete&quot;,&quot;Streamline intro&quot;,&quot;No&quot;,&quot;Skip&quot;,&quot;Skip&quot;,&quot;Skip&quot;,&quot;Australia - X123GH78&quot;,&quot;Yes&quot;,&quot;33%&quot;,&quot;111-111-111&quot;,&quot;United States&quot;,&quot;Australia - X123GH78, India - 9856GFT8, Argentina - X123GH78, Svalbard and Jan Mayen Islands - GT7646HG&quot;,&quot;TRUE&quot;,null)" methodname="ACTPROF_02_UpdateCOBDataInActivate" classname="Join.Form.Customer.Selenium.Features._99_ActivateProfileDetailsFeature" runstate="Runnable" seed="1326808006" result="Skipped" label="Ignored" site="Parent" start-time="0001-01-01 00:00:00Z" end-time="0001-01-01 00:00:00Z" duration="0.000000" asserts="0">
                    <properties>
                      <property name="Category" value="regression" />
                    </properties>
                    <reason>
                      <message><![CDATA[OneTimeSetUp: Ignored scenario]]></message>
                    </reason>
                  </test-case>
                </test-suite>
                <test-suite type="ParameterizedMethod" id="0-1026" name="ACTPROF_03_VerifyCitizenshipAndFTRAreMandatory" fullname="Join.Form.Customer.Selenium.Features._99_ActivateProfileDetailsFeature.ACTPROF_03_VerifyCitizenshipAndFTRAreMandatory" classname="Join.Form.Customer.Selenium.Features._99_ActivateProfileDetailsFeature" runstate="Ignored" testcasecount="3" result="Skipped" label="Ignored" site="SetUp" start-time="2017-12-05 16:05:41Z" end-time="2017-12-05 16:05:41Z" duration="0.046878" total="3" passed="0" failed="0" warnings="0" inconclusive="0" skipped="3" asserts="0">
                  <properties>
                    <property name="Description" value="ACTPROF_03 - Verify Citizenship and FTR are mandatory" />
                    <property name="_SKIPREASON" value="Ignored scenario" />
                    <property name="Category" value="activateprofile" />
                    <property name="Category" value="COB" />
                    <property name="Category" value="integration" />
                    <property name="Category" value="072016" />
                    <property name="Category" value="eidv" />
                    <property name="Category" value="regression" />
                    <property name="Category" value="obsolete" />
                  </properties>
                  <reason>
                    <message><![CDATA[Ignored scenario]]></message>
                  </reason>
                  <test-case id="0-1023" name="ACTPROF_03_VerifyCitizenshipAndFTRAreMandatory(&quot;NZTaxResident, FTR and profile incomplete&quot;,&quot;Streamline intro,ASB Visa Debit&quot;,&quot;Yes&quot;,&quot;Skip&quot;,&quot;Skip&quot;,&quot;Skip&quot;,&quot;Australia - X123GH78, India - 9856GFT8, Argentina - X123GH78, Svalbard and Jan Mayen Islands - GT7646HG&quot;,&quot;Yes&quot;,&quot;Skip&quot;,&quot;Skip&quot;,&quot;Skip&quot;,&quot;Australia&quot;,&quot;FALSE&quot;,System.String[])" fullname="Join.Form.Customer.Selenium.Features._99_ActivateProfileDetailsFeature.ACTPROF_03_VerifyCitizenshipAndFTRAreMandatory(&quot;NZTaxResident, FTR and profile incomplete&quot;,&quot;Streamline intro,ASB Visa Debit&quot;,&quot;Yes&quot;,&quot;Skip&quot;,&quot;Skip&quot;,&quot;Skip&quot;,&quot;Australia - X123GH78, India - 9856GFT8, Argentina - X123GH78, Svalbard and Jan Mayen Islands - GT7646HG&quot;,&quot;Yes&quot;,&quot;Skip&quot;,&quot;Skip&quot;,&quot;Skip&quot;,&quot;Australia&quot;,&quot;FALSE&quot;,System.String[])" methodname="ACTPROF_03_VerifyCitizenshipAndFTRAreMandatory" classname="Join.Form.Customer.Selenium.Features._99_ActivateProfileDetailsFeature" runstate="Runnable" seed="1730201679" result="Skipped" label="Ignored" site="Parent" start-time="0001-01-01 00:00:00Z" end-time="0001-01-01 00:00:00Z" duration="0.000000" asserts="0">
                    <properties />
                    <reason>
                      <message><![CDATA[OneTimeSetUp: Ignored scenario]]></message>
                    </reason>
                  </test-case>
                  <test-case id="0-1024" name="ACTPROF_03_VerifyCitizenshipAndFTRAreMandatory(&quot;Not NZTaxResident  and profile incomplete&quot;,&quot;Streamline intro&quot;,&quot;No&quot;,&quot;Skip&quot;,&quot;Skip&quot;,&quot;Skip&quot;,&quot;Australia - X123GH78&quot;,&quot;Yes&quot;,&quot;33%&quot;,&quot;111-111-111&quot;,&quot;Skip&quot;,&quot;Australia - X123GH78, India - 9856GFT8, Argentina - X123GH78, Svalbard and Jan Mayen Islands - GT7646HG&quot;,&quot;FALSE&quot;,System.String[])" fullname="Join.Form.Customer.Selenium.Features._99_ActivateProfileDetailsFeature.ACTPROF_03_VerifyCitizenshipAndFTRAreMandatory(&quot;Not NZTaxResident  and profile incomplete&quot;,&quot;Streamline intro&quot;,&quot;No&quot;,&quot;Skip&quot;,&quot;Skip&quot;,&quot;Skip&quot;,&quot;Australia - X123GH78&quot;,&quot;Yes&quot;,&quot;33%&quot;,&quot;111-111-111&quot;,&quot;Skip&quot;,&quot;Australia - X123GH78, India - 9856GFT8, Argentina - X123GH78, Svalbard and Jan Mayen Islands - GT7646HG&quot;,&quot;FALSE&quot;,System.String[])" methodname="ACTPROF_03_VerifyCitizenshipAndFTRAreMandatory" classname="Join.Form.Customer.Selenium.Features._99_ActivateProfileDetailsFeature" runstate="Runnable" seed="1678256083" result="Skipped" label="Ignored" site="Parent" start-time="0001-01-01 00:00:00Z" end-time="0001-01-01 00:00:00Z" duration="0.000000" asserts="0">
                    <properties />
                    <reason>
                      <message><![CDATA[OneTimeSetUp: Ignored scenario]]></message>
                    </reason>
                  </test-case>
                  <test-case id="0-1025" name="ACTPROF_03_VerifyCitizenshipAndFTRAreMandatory(&quot;NZTaxResident - 17.5% and profile incomplete&quot;,&quot;Streamline intro&quot;,&quot;Yes&quot;,&quot;17.5%&quot;,&quot;49-091-850&quot;,&quot;Skip&quot;,&quot;Skip&quot;,&quot;Yes&quot;,&quot;10.5%&quot;,&quot;35-901-981&quot;,&quot;New Zealand, Australia, India, Svalbard and Jan Mayen Islands&quot;,&quot;Skip&quot;,&quot;FALSE&quot;,System.String[])" fullname="Join.Form.Customer.Selenium.Features._99_ActivateProfileDetailsFeature.ACTPROF_03_VerifyCitizenshipAndFTRAreMandatory(&quot;NZTaxResident - 17.5% and profile incomplete&quot;,&quot;Streamline intro&quot;,&quot;Yes&quot;,&quot;17.5%&quot;,&quot;49-091-850&quot;,&quot;Skip&quot;,&quot;Skip&quot;,&quot;Yes&quot;,&quot;10.5%&quot;,&quot;35-901-981&quot;,&quot;New Zealand, Australia, India, Svalbard and Jan Mayen Islands&quot;,&quot;Skip&quot;,&quot;FALSE&quot;,System.String[])" methodname="ACTPROF_03_VerifyCitizenshipAndFTRAreMandatory" classname="Join.Form.Customer.Selenium.Features._99_ActivateProfileDetailsFeature" runstate="Runnable" seed="441774378" result="Skipped" label="Ignored" site="Parent" start-time="0001-01-01 00:00:00Z" end-time="0001-01-01 00:00:00Z" duration="0.000000" asserts="0">
                    <properties />
                    <reason>
                      <message><![CDATA[OneTimeSetUp: Ignored scenario]]></message>
                    </reason>
                  </test-case>
                </test-suite>
                <test-suite type="ParameterizedMethod" id="0-1037" name="ACTPROF_04_CancelCOBDataUpdateInActivate" fullname="Join.Form.Customer.Selenium.Features._99_ActivateProfileDetailsFeature.ACTPROF_04_CancelCOBDataUpdateInActivate" classname="Join.Form.Customer.Selenium.Features._99_ActivateProfileDetailsFeature" runstate="Ignored" testcasecount="10" result="Skipped" label="Ignored" site="SetUp" start-time="2017-12-05 16:05:41Z" end-time="2017-12-05 16:05:42Z" duration="0.156218" total="10" passed="0" failed="0" warnings="0" inconclusive="0" skipped="10" asserts="0">
                  <properties>
                    <property name="Description" value="ACTPROF_04 - Cancel COB data update in Activate" />
                    <property name="_SKIPREASON" value="Ignored scenario" />
                    <property name="Category" value="activateprofile" />
                    <property name="Category" value="COB" />
                    <property name="Category" value="integration" />
                    <property name="Category" value="072016" />
                    <property name="Category" value="obsolete" />
                  </properties>
                  <reason>
                    <message><![CDATA[Ignored scenario]]></message>
                  </reason>
                  <test-case id="0-1027" name="ACTPROF_04_CancelCOBDataUpdateInActivate(&quot;NZTaxResident and profile incomplete&quot;,&quot;Streamline intro&quot;,&quot;Yes&quot;,&quot;Skip&quot;,&quot;Skip&quot;,&quot;Skip&quot;,&quot;Skip&quot;,&quot;Yes&quot;,&quot;33%&quot;,&quot;111-111-111&quot;,&quot;New Zealand&quot;,&quot;Australia&quot;,&quot;TRUE&quot;,System.String[])" fullname="Join.Form.Customer.Selenium.Features._99_ActivateProfileDetailsFeature.ACTPROF_04_CancelCOBDataUpdateInActivate(&quot;NZTaxResident and profile incomplete&quot;,&quot;Streamline intro&quot;,&quot;Yes&quot;,&quot;Skip&quot;,&quot;Skip&quot;,&quot;Skip&quot;,&quot;Skip&quot;,&quot;Yes&quot;,&quot;33%&quot;,&quot;111-111-111&quot;,&quot;New Zealand&quot;,&quot;Australia&quot;,&quot;TRUE&quot;,System.String[])" methodname="ACTPROF_04_CancelCOBDataUpdateInActivate" classname="Join.Form.Customer.Selenium.Features._99_ActivateProfileDetailsFeature" runstate="Runnable" seed="180144025" result="Skipped" label="Ignored" site="Parent" start-time="0001-01-01 00:00:00Z" end-time="0001-01-01 00:00:00Z" duration="0.000000" asserts="0">
                    <properties />
                    <reason>
                      <message><![CDATA[OneTimeSetUp: Ignored scenario]]></message>
                    </reason>
                  </test-case>
                  <test-case id="0-1028" name="ACTPROF_04_CancelCOBDataUpdateInActivate(&quot;NZTaxResident - 33% and profile complete on submit&quot;,&quot;Streamline intro,ASB Visa Debit&quot;,&quot;Yes&quot;,&quot;33%&quot;,&quot;Skip&quot;,&quot;Skip&quot;,&quot;Skip&quot;,&quot;Yes&quot;,&quot;33%&quot;,&quot;111-111-111&quot;,&quot;New Zealand&quot;,&quot;Australia - X123GH78&quot;,&quot;TRUE&quot;,System.String[])" fullname="Join.Form.Customer.Selenium.Features._99_ActivateProfileDetailsFeature.ACTPROF_04_CancelCOBDataUpdateInActivate(&quot;NZTaxResident - 33% and profile complete on submit&quot;,&quot;Streamline intro,ASB Visa Debit&quot;,&quot;Yes&quot;,&quot;33%&quot;,&quot;Skip&quot;,&quot;Skip&quot;,&quot;Skip&quot;,&quot;Yes&quot;,&quot;33%&quot;,&quot;111-111-111&quot;,&quot;New Zealand&quot;,&quot;Australia - X123GH78&quot;,&quot;TRUE&quot;,System.String[])" methodname="ACTPROF_04_CancelCOBDataUpdateInActivate" classname="Join.Form.Customer.Selenium.Features._99_ActivateProfileDetailsFeature" runstate="Runnable" seed="308143485" result="Skipped" label="Ignored" site="Parent" start-time="0001-01-01 00:00:00Z" end-time="0001-01-01 00:00:00Z" duration="0.000000" asserts="0">
                    <properties />
                    <reason>
                      <message><![CDATA[OneTimeSetUp: Ignored scenario]]></message>
                    </reason>
                  </test-case>
                  <test-case id="0-1029" name="ACTPROF_04_CancelCOBDataUpdateInActivate(&quot;NZTaxResident - 17.5% and profile incomplete&quot;,&quot;Streamline intro&quot;,&quot;Yes&quot;,&quot;17.5%&quot;,&quot;49-091-850&quot;,&quot;Skip&quot;,&quot;Skip&quot;,&quot;Yes&quot;,&quot;10.5%&quot;,&quot;35-901-981&quot;,&quot;New Zealand, Australia, India, Svalbard and Jan Mayen Islands&quot;,&quot;No&quot;,&quot;TRUE&quot;,System.String[])" fullname="Join.Form.Customer.Selenium.Features._99_ActivateProfileDetailsFeature.ACTPROF_04_CancelCOBDataUpdateInActivate(&quot;NZTaxResident - 17.5% and profile incomplete&quot;,&quot;Streamline intro&quot;,&quot;Yes&quot;,&quot;17.5%&quot;,&quot;49-091-850&quot;,&quot;Skip&quot;,&quot;Skip&quot;,&quot;Yes&quot;,&quot;10.5%&quot;,&quot;35-901-981&quot;,&quot;New Zealand, Australia, India, Svalbard and Jan Mayen Islands&quot;,&quot;No&quot;,&quot;TRUE&quot;,System.String[])" methodname="ACTPROF_04_CancelCOBDataUpdateInActivate" classname="Join.Form.Customer.Selenium.Features._99_ActivateProfileDetailsFeature" runstate="Runnable" seed="1296911143" result="Skipped" label="Ignored" site="Parent" start-time="0001-01-01 00:00:00Z" end-time="0001-01-01 00:00:00Z" duration="0.000000" asserts="0">
                    <properties />
                    <reason>
                      <message><![CDATA[OneTimeSetUp: Ignored scenario]]></message>
                    </reason>
                  </test-case>
                  <test-case id="0-1030" name="ACTPROF_04_CancelCOBDataUpdateInActivate(&quot;NZTaxResident - Exempt and profile complete on submit&quot;,&quot;Streamline intro,ASB Visa Debit&quot;,&quot;Yes&quot;,&quot;Exempt from withholding tax&quot;,&quot;Skip&quot;,&quot;Skip&quot;,&quot;Skip&quot;,&quot;Yes&quot;,&quot;Exempt from withholding tax&quot;,&quot;Skip&quot;,&quot;New Zealand&quot;,&quot;Australia - X123GH78, India - 9856GFT8, Argentina - X123GH78, Svalbard and Jan Mayen Islands - GT7646HG&quot;,&quot;TRUE&quot;,System.String[])" fullname="Join.Form.Customer.Selenium.Features._99_ActivateProfileDetailsFeature.ACTPROF_04_CancelCOBDataUpdateInActivate(&quot;NZTaxResident - Exempt and profile complete on submit&quot;,&quot;Streamline intro,ASB Visa Debit&quot;,&quot;Yes&quot;,&quot;Exempt from withholding tax&quot;,&quot;Skip&quot;,&quot;Skip&quot;,&quot;Skip&quot;,&quot;Yes&quot;,&quot;Exempt from withholding tax&quot;,&quot;Skip&quot;,&quot;New Zealand&quot;,&quot;Australia - X123GH78, India - 9856GFT8, Argentina - X123GH78, Svalbard and Jan Mayen Islands - GT7646HG&quot;,&quot;TRUE&quot;,System.String[])" methodname="ACTPROF_04_CancelCOBDataUpdateInActivate" classname="Join.Form.Customer.Selenium.Features._99_ActivateProfileDetailsFeature" runstate="Runnable" seed="2117962168" result="Skipped" label="Ignored" site="Parent" start-time="0001-01-01 00:00:00Z" end-time="0001-01-01 00:00:00Z" duration="0.000000" asserts="0">
                    <properties />
                    <reason>
                      <message><![CDATA[OneTimeSetUp: Ignored scenario]]></message>
                    </reason>
                  </test-case>
                  <test-case id="0-1031" name="ACTPROF_04_CancelCOBDataUpdateInActivate(&quot;NZTaxResident, Citizenship and profile incomplete&quot;,&quot;Streamline intro&quot;,&quot;Yes&quot;,&quot;Skip&quot;,&quot;Skip&quot;,&quot;New Zealand, Australia, India, Svalbard and Jan Mayen Islands&quot;,&quot;Skip&quot;,&quot;Yes&quot;,&quot;17.5%&quot;,&quot;49-091-850&quot;,&quot;New Zealand, Australia, India, Svalbard and Jan Mayen Islands&quot;,&quot;United States&quot;,&quot;TRUE&quot;,System.String[])" fullname="Join.Form.Customer.Selenium.Features._99_ActivateProfileDetailsFeature.ACTPROF_04_CancelCOBDataUpdateInActivate(&quot;NZTaxResident, Citizenship and profile incomplete&quot;,&quot;Streamline intro&quot;,&quot;Yes&quot;,&quot;Skip&quot;,&quot;Skip&quot;,&quot;New Zealand, Australia, India, Svalbard and Jan Mayen Islands&quot;,&quot;Skip&quot;,&quot;Yes&quot;,&quot;17.5%&quot;,&quot;49-091-850&quot;,&quot;New Zealand, Australia, India, Svalbard and Jan Mayen Islands&quot;,&quot;United States&quot;,&quot;TRUE&quot;,System.String[])" methodname="ACTPROF_04_CancelCOBDataUpdateInActivate" classname="Join.Form.Customer.Selenium.Features._99_ActivateProfileDetailsFeature" runstate="Runnable" seed="1983053759" result="Skipped" label="Ignored" site="Parent" start-time="0001-01-01 00:00:00Z" end-time="0001-01-01 00:00:00Z" duration="0.000000" asserts="0">
                    <properties />
                    <reason>
                      <message><![CDATA[OneTimeSetUp: Ignored scenario]]></message>
                    </reason>
                  </test-case>
                  <test-case id="0-1032" name="ACTPROF_04_CancelCOBDataUpdateInActivate(&quot;NZTaxResident, FTR and profile incomplete&quot;,&quot;Streamline intro,ASB Visa Debit&quot;,&quot;Yes&quot;,&quot;Skip&quot;,&quot;Skip&quot;,&quot;Skip&quot;,&quot;Australia - X123GH78, India - 9856GFT8, Argentina - X123GH78, Svalbard and Jan Mayen Islands - GT7646HG&quot;,&quot;Yes&quot;,&quot;Skip&quot;,&quot;Skip&quot;,&quot;United States&quot;,&quot;Australia&quot;,&quot;TRUE&quot;,System.String[])" fullname="Join.Form.Customer.Selenium.Features._99_ActivateProfileDetailsFeature.ACTPROF_04_CancelCOBDataUpdateInActivate(&quot;NZTaxResident, FTR and profile incomplete&quot;,&quot;Streamline intro,ASB Visa Debit&quot;,&quot;Yes&quot;,&quot;Skip&quot;,&quot;Skip&quot;,&quot;Skip&quot;,&quot;Australia - X123GH78, India - 9856GFT8, Argentina - X123GH78, Svalbard and Jan Mayen Islands - GT7646HG&quot;,&quot;Yes&quot;,&quot;Skip&quot;,&quot;Skip&quot;,&quot;United States&quot;,&quot;Australia&quot;,&quot;TRUE&quot;,System.String[])" methodname="ACTPROF_04_CancelCOBDataUpdateInActivate" classname="Join.Form.Customer.Selenium.Features._99_ActivateProfileDetailsFeature" runstate="Runnable" seed="934156592" result="Skipped" label="Ignored" site="Parent" start-time="0001-01-01 00:00:00Z" end-time="0001-01-01 00:00:00Z" duration="0.000000" asserts="0">
                    <properties />
                    <reason>
                      <message><![CDATA[OneTimeSetUp: Ignored scenario]]></message>
                    </reason>
                  </test-case>
                  <test-case id="0-1033" name="ACTPROF_04_CancelCOBDataUpdateInActivate(&quot;Not NZTaxResident  and profile incomplete&quot;,&quot;Streamline intro&quot;,&quot;No&quot;,&quot;Skip&quot;,&quot;Skip&quot;,&quot;Skip&quot;,&quot;Australia - X123GH78&quot;,&quot;Yes&quot;,&quot;33%&quot;,&quot;111-111-111&quot;,&quot;United States&quot;,&quot;Australia - X123GH78, India - 9856GFT8, Argentina - X123GH78, Svalbard and Jan Mayen Islands - GT7646HG&quot;,&quot;TRUE&quot;,System.String[])" fullname="Join.Form.Customer.Selenium.Features._99_ActivateProfileDetailsFeature.ACTPROF_04_CancelCOBDataUpdateInActivate(&quot;Not NZTaxResident  and profile incomplete&quot;,&quot;Streamline intro&quot;,&quot;No&quot;,&quot;Skip&quot;,&quot;Skip&quot;,&quot;Skip&quot;,&quot;Australia - X123GH78&quot;,&quot;Yes&quot;,&quot;33%&quot;,&quot;111-111-111&quot;,&quot;United States&quot;,&quot;Australia - X123GH78, India - 9856GFT8, Argentina - X123GH78, Svalbard and Jan Mayen Islands - GT7646HG&quot;,&quot;TRUE&quot;,System.String[])" methodname="ACTPROF_04_CancelCOBDataUpdateInActivate" classname="Join.Form.Customer.Selenium.Features._99_ActivateProfileDetailsFeature" runstate="Runnable" seed="1026679469" result="Skipped" label="Ignored" site="Parent" start-time="0001-01-01 00:00:00Z" end-time="0001-01-01 00:00:00Z" duration="0.000000" asserts="0">
                    <properties />
                    <reason>
                      <message><![CDATA[OneTimeSetUp: Ignored scenario]]></message>
                    </reason>
                  </test-case>
                  <test-case id="0-1034" name="ACTPROF_04_CancelCOBDataUpdateInActivate(&quot;No-Approved Issuer Levy at 2% and profile complete on submit&quot;,&quot;Streamline intro,ASB Visa Debit&quot;,&quot;No&quot;,&quot;Approved Issuer Levy at 2%&quot;,&quot;Skip&quot;,&quot;Skip&quot;,&quot;Australia&quot;,&quot;No&quot;,&quot;Approved Issuer Levy at 2%&quot;,&quot;Skip&quot;,&quot;New Zealand&quot;,&quot;No&quot;,&quot;TRUE&quot;,System.String[])" fullname="Join.Form.Customer.Selenium.Features._99_ActivateProfileDetailsFeature.ACTPROF_04_CancelCOBDataUpdateInActivate(&quot;No-Approved Issuer Levy at 2% and profile complete on submit&quot;,&quot;Streamline intro,ASB Visa Debit&quot;,&quot;No&quot;,&quot;Approved Issuer Levy at 2%&quot;,&quot;Skip&quot;,&quot;Skip&quot;,&quot;Australia&quot;,&quot;No&quot;,&quot;Approved Issuer Levy at 2%&quot;,&quot;Skip&quot;,&quot;New Zealand&quot;,&quot;No&quot;,&quot;TRUE&quot;,System.String[])" methodname="ACTPROF_04_CancelCOBDataUpdateInActivate" classname="Join.Form.Customer.Selenium.Features._99_ActivateProfileDetailsFeature" runstate="Runnable" seed="499563095" result="Skipped" label="Ignored" site="Parent" start-time="0001-01-01 00:00:00Z" end-time="0001-01-01 00:00:00Z" duration="0.000000" asserts="0">
                    <properties />
                    <reason>
                      <message><![CDATA[OneTimeSetUp: Ignored scenario]]></message>
                    </reason>
                  </test-case>
                  <test-case id="0-1035" name="ACTPROF_04_CancelCOBDataUpdateInActivate(&quot;No-Non-resident Withholding tax rate and profile incomplete&quot;,&quot;Streamline intro&quot;,&quot;No&quot;,&quot;Non-resident Withholding tax rate&quot;,&quot;49-091-850&quot;,&quot;Skip&quot;,&quot;Australia - X123GH78&quot;,&quot;No&quot;,&quot;Exempt from withholding tax&quot;,&quot;49-091-850&quot;,&quot;Australia&quot;,&quot;Australia - X123GH78&quot;,&quot;TRUE&quot;,System.String[])" fullname="Join.Form.Customer.Selenium.Features._99_ActivateProfileDetailsFeature.ACTPROF_04_CancelCOBDataUpdateInActivate(&quot;No-Non-resident Withholding tax rate and profile incomplete&quot;,&quot;Streamline intro&quot;,&quot;No&quot;,&quot;Non-resident Withholding tax rate&quot;,&quot;49-091-850&quot;,&quot;Skip&quot;,&quot;Australia - X123GH78&quot;,&quot;No&quot;,&quot;Exempt from withholding tax&quot;,&quot;49-091-850&quot;,&quot;Australia&quot;,&quot;Australia - X123GH78&quot;,&quot;TRUE&quot;,System.String[])" methodname="ACTPROF_04_CancelCOBDataUpdateInActivate" classname="Join.Form.Customer.Selenium.Features._99_ActivateProfileDetailsFeature" runstate="Runnable" seed="644604349" result="Skipped" label="Ignored" site="Parent" start-time="0001-01-01 00:00:00Z" end-time="0001-01-01 00:00:00Z" duration="0.000000" asserts="0">
                    <properties />
                    <reason>
                      <message><![CDATA[OneTimeSetUp: Ignored scenario]]></message>
                    </reason>
                  </test-case>
                  <test-case id="0-1036" name="ACTPROF_04_CancelCOBDataUpdateInActivate(&quot;No-Exempt from withholding tax and profile complete on submit&quot;,&quot;Streamline intro,ASB Visa Debit&quot;,&quot;No&quot;,&quot;Exempt from withholding tax&quot;,&quot;111-111-111&quot;,&quot;Skip&quot;,&quot;Australia - X123GH78&quot;,&quot;No&quot;,&quot;Non-resident Withholding tax rate&quot;,&quot;111-111-111&quot;,&quot;New Zealand, Australia, India, Svalbard and Jan Mayen Islands&quot;,&quot;Australia - X123GH78&quot;,&quot;TRUE&quot;,System.String[])" fullname="Join.Form.Customer.Selenium.Features._99_ActivateProfileDetailsFeature.ACTPROF_04_CancelCOBDataUpdateInActivate(&quot;No-Exempt from withholding tax and profile complete on submit&quot;,&quot;Streamline intro,ASB Visa Debit&quot;,&quot;No&quot;,&quot;Exempt from withholding tax&quot;,&quot;111-111-111&quot;,&quot;Skip&quot;,&quot;Australia - X123GH78&quot;,&quot;No&quot;,&quot;Non-resident Withholding tax rate&quot;,&quot;111-111-111&quot;,&quot;New Zealand, Australia, India, Svalbard and Jan Mayen Islands&quot;,&quot;Australia - X123GH78&quot;,&quot;TRUE&quot;,System.String[])" methodname="ACTPROF_04_CancelCOBDataUpdateInActivate" classname="Join.Form.Customer.Selenium.Features._99_ActivateProfileDetailsFeature" runstate="Runnable" seed="766714755" result="Skipped" label="Ignored" site="Parent" start-time="0001-01-01 00:00:00Z" end-time="0001-01-01 00:00:00Z" duration="0.000000" asserts="0">
                    <properties />
                    <reason>
                      <message><![CDATA[OneTimeSetUp: Ignored scenario]]></message>
                    </reason>
                  </test-case>
                </test-suite>
                <test-case id="0-1038" name="ACTPROF_05_SourceOfWealthVerification_Non_HighRiskCountry" fullname="Join.Form.Customer.Selenium.Features._99_ActivateProfileDetailsFeature.ACTPROF_05_SourceOfWealthVerification_Non_HighRiskCountry" methodname="ACTPROF_05_SourceOfWealthVerification_Non_HighRiskCountry" classname="Join.Form.Customer.Selenium.Features._99_ActivateProfileDetailsFeature" runstate="Ignored" seed="1351552313" result="Skipped" label="Ignored" start-time="2017-12-05 16:05:42Z" end-time="2017-12-05 16:05:42Z" duration="0.000929" asserts="0">
                  <properties>
                    <property name="Description" value="ACTPROF_05 - Source of wealth verification - Non-high risk country" />
                    <property name="_SKIPREASON" value="Ignored scenario" />
                    <property name="Category" value="activateprofile" />
                    <property name="Category" value="COB" />
                    <property name="Category" value="integration" />
                    <property name="Category" value="082016" />
                    <property name="Category" value="eidv" />
                    <property name="Category" value="obsolete" />
                  </properties>
                  <reason>
                    <message><![CDATA[Ignored scenario]]></message>
                  </reason>
                </test-case>
                <test-case id="0-1039" name="ACTPROF_06_SourceOfWealthVerification_HighRiskCountry" fullname="Join.Form.Customer.Selenium.Features._99_ActivateProfileDetailsFeature.ACTPROF_06_SourceOfWealthVerification_HighRiskCountry" methodname="ACTPROF_06_SourceOfWealthVerification_HighRiskCountry" classname="Join.Form.Customer.Selenium.Features._99_ActivateProfileDetailsFeature" runstate="Ignored" seed="276126409" result="Skipped" label="Ignored" start-time="2017-12-05 16:05:42Z" end-time="2017-12-05 16:05:42Z" duration="0.000027" asserts="0">
                  <properties>
                    <property name="Description" value="ACTPROF_06 - Source of wealth verification - High risk country" />
                    <property name="_SKIPREASON" value="Ignored scenario" />
                    <property name="Category" value="activateprofile" />
                    <property name="Category" value="COB" />
                    <property name="Category" value="integration" />
                    <property name="Category" value="082016" />
                    <property name="Category" value="eidv" />
                    <property name="Category" value="regression" />
                    <property name="Category" value="obsolete" />
                  </properties>
                  <reason>
                    <message><![CDATA[Ignored scenario]]></message>
                  </reason>
                </test-case>
                <test-suite type="ParameterizedMethod" id="0-1042" name="ACTPROF_07_IRDNumberValidation" fullname="Join.Form.Customer.Selenium.Features._99_ActivateProfileDetailsFeature.ACTPROF_07_IRDNumberValidation" classname="Join.Form.Customer.Selenium.Features._99_ActivateProfileDetailsFeature" runstate="Ignored" testcasecount="2" result="Skipped" label="Ignored" site="SetUp" start-time="2017-12-05 16:05:42Z" end-time="2017-12-05 16:05:42Z" duration="0.006565" total="2" passed="0" failed="0" warnings="0" inconclusive="0" skipped="2" asserts="0">
                  <properties>
                    <property name="Description" value="ACTPROF_07 - IRD number validation" />
                    <property name="_SKIPREASON" value="Ignored scenario" />
                    <property name="Category" value="activateprofile" />
                    <property name="Category" value="COB" />
                    <property name="Category" value="integration" />
                    <property name="Category" value="082016" />
                    <property name="Category" value="obsolete" />
                  </properties>
                  <reason>
                    <message><![CDATA[Ignored scenario]]></message>
                  </reason>
                  <test-case id="0-1040" name="ACTPROF_07_IRDNumberValidation(&quot;8D IRD - Prefix 0&quot;,&quot;049091850&quot;,&quot;is NOT&quot;,System.String[])" fullname="Join.Form.Customer.Selenium.Features._99_ActivateProfileDetailsFeature.ACTPROF_07_IRDNumberValidation(&quot;8D IRD - Prefix 0&quot;,&quot;049091850&quot;,&quot;is NOT&quot;,System.String[])" methodname="ACTPROF_07_IRDNumberValidation" classname="Join.Form.Customer.Selenium.Features._99_ActivateProfileDetailsFeature" runstate="Runnable" seed="18788860" result="Skipped" label="Ignored" site="Parent" start-time="0001-01-01 00:00:00Z" end-time="0001-01-01 00:00:00Z" duration="0.000000" asserts="0">
                    <properties />
                    <reason>
                      <message><![CDATA[OneTimeSetUp: Ignored scenario]]></message>
                    </reason>
                  </test-case>
                  <test-case id="0-1041" name="ACTPROF_07_IRDNumberValidation(&quot;8D IRD - Prefix 00&quot;,&quot;0049091850&quot;,&quot;is&quot;,System.String[])" fullname="Join.Form.Customer.Selenium.Features._99_ActivateProfileDetailsFeature.ACTPROF_07_IRDNumberValidation(&quot;8D IRD - Prefix 00&quot;,&quot;0049091850&quot;,&quot;is&quot;,System.String[])" methodname="ACTPROF_07_IRDNumberValidation" classname="Join.Form.Customer.Selenium.Features._99_ActivateProfileDetailsFeature" runstate="Runnable" seed="1186961259" result="Skipped" label="Ignored" site="Parent" start-time="0001-01-01 00:00:00Z" end-time="0001-01-01 00:00:00Z" duration="0.000000" asserts="0">
                    <properties />
                    <reason>
                      <message><![CDATA[OneTimeSetUp: Ignored scenario]]></message>
                    </reason>
                  </test-case>
                </test-suite>
              </test-suite>
            </test-suite>
          </test-suite>
        </test-suite>
      </test-suite>
    </test-suite>
  </test-suite>
</test-run>